Tue Sep  6 09:13:46 2005 [1;37mMorpheus[2;37;0m killed [30m[1mMumm-Ra[2;37;0m.
Wed Sep  7 15:49:18 2005 [1;37mNighttime[2;37;0m killed [30m[1mMumm-Ra[2;37;0m.
Thu Sep  8 00:14:16 2005 [1;37mNighttime[2;37;0m killed [30m[1mMumm-Ra[2;37;0m.
Thu Sep  8 20:39:31 2005 [1;37mOz[2;37;0m killed [30m[1mMumm-Ra[2;37;0m.
Fri Sep  9 18:30:17 2005 [1;37mOz[2;37;0m killed [30m[1mMumm-Ra[2;37;0m.
Fri Sep  9 19:34:30 2005 [1;37mOz[2;37;0m killed [30m[1mMumm-Ra[2;37;0m.
Sat Sep 10 20:56:05 2005 [1;37mOz[2;37;0m killed [30m[1mMumm-Ra[2;37;0m.
Wed Sep 28 15:40:44 2005 [1;37mOz[2;37;0m killed [30m[1mMumm-Ra[2;37;0m.
Thu Sep 29 19:51:00 2005 [1;37mCooper[2;37;0m killed [30m[1mMumm-Ra[2;37;0m.
Sat Oct  1 08:54:12 2005 [1;37mUpus[2;37;0m killed [30m[1mMumm-Ra[2;37;0m.
Sat Oct  1 22:26:23 2005 [1;37mUpus[2;37;0m killed [30m[1mMumm-Ra[2;37;0m.
Sat Oct  8 13:21:16 2005 [1;37mJaraxle[2;37;0m killed [30m[1mMumm-Ra[2;37;0m.
Thu Oct 27 10:17:43 2005 [1;37mTenchu[2;37;0m killed [30m[1mMumm-Ra[2;37;0m.
Sat Oct 29 09:57:19 2005 [1;37mTenchu[2;37;0m killed [30m[1mMumm-Ra[2;37;0m.
Sat Oct 29 18:16:07 2005 [1;37mOz[2;37;0m killed [30m[1mMumm-Ra[2;37;0m.
Sun Oct 30 21:31:13 2005 [1;37mRick[2;37;0m killed [30m[1mMumm-Ra[2;37;0m.
Thu Nov 10 09:23:07 2005 [1;37mJericho[2;37;0m killed [30m[1mMumm-Ra[2;37;0m.
Sat Nov 12 17:37:35 2005 [1;37mOz[2;37;0m killed [30m[1mMumm-Ra[2;37;0m.
Sun Nov 13 12:01:46 2005 [1;37mBudce[2;37;0m killed [30m[1mMumm-Ra[2;37;0m.
Wed Nov 23 00:17:38 2005 [1;37mCaravelle[2;37;0m killed [30m[1mMumm-Ra[2;37;0m.
Sat Nov 26 11:41:15 2005 [1;37mMosh[2;37;0m killed [30m[1mMumm-Ra[2;37;0m.
Sun Nov 27 08:04:05 2005 [1;37mPimpjuice[2;37;0m killed [30m[1mMumm-Ra[2;37;0m.
Tue Nov 29 11:43:46 2005 [1;37mPimpjuice[2;37;0m killed [30m[1mMumm-Ra[2;37;0m.
Wed Nov 30 02:35:21 2005 [1;37mSnelz[2;37;0m killed [30m[1mMumm-Ra[2;37;0m.
Wed Nov 30 22:33:04 2005 [1;37mMosh[2;37;0m killed [30m[1mMumm-Ra[2;37;0m.
Thu Dec  1 12:24:48 2005 [1;37mPimpjuice[2;37;0m killed [30m[1mMumm-Ra[2;37;0m.
Thu Dec  1 22:18:40 2005 [1;37mHoyle[2;37;0m killed [30m[1mMumm-Ra[2;37;0m.
Fri Dec  2 14:28:07 2005 [1;37mSaphira[2;37;0m killed [30m[1mMumm-Ra[2;37;0m.
Sat Dec  3 23:45:49 2005 [1;37mUpus[2;37;0m killed [30m[1mMumm-Ra[2;37;0m.
Mon Dec  5 00:28:33 2005 [1;37mToranaga[2;37;0m killed [30m[1mMumm-Ra[2;37;0m.
Thu Dec  8 01:46:35 2005 [1;37mOz[2;37;0m killed [30m[1mMumm-Ra[2;37;0m.
Thu Dec 15 13:23:37 2005 [1;37mMosh[2;37;0m killed [30m[1mMumm-Ra[2;37;0m.
Sat Jan 28 13:02:48 2006 [1;37mMosh[2;37;0m killed [30m[1mMumm-Ra[2;37;0m.
Sun Jan 29 15:04:57 2006 [1;37mMosh[2;37;0m killed [30m[1mMumm-Ra[2;37;0m.
Tue Feb  7 14:39:49 2006 [1;37mCrip[2;37;0m killed [30m[1mMumm-Ra[2;37;0m.
Mon Feb 27 09:52:41 2006 [1;37mFossil[2;37;0m killed [30m[1mMumm-Ra[2;37;0m.
Thu Mar  2 04:25:40 2006 [1;37mDeathKnight[2;37;0m killed [30m[1mMumm-Ra[2;37;0m.
Sat Mar  4 09:04:29 2006 [1;37mSalina[2;37;0m killed [30m[1mMumm-Ra[2;37;0m.
Sun Mar 12 11:48:24 2006 [1;37mFenris[2;37;0m killed [30m[1mMumm-Ra[2;37;0m.
Mon Mar 13 15:20:22 2006 [1;37mSalina[2;37;0m killed [30m[1mMumm-Ra[2;37;0m.
Thu Mar 16 10:32:19 2006 [1;37mFossil[2;37;0m killed [30m[1mMumm-Ra[2;37;0m.
Sat Mar 18 08:56:17 2006 [1;37mAlexa[2;37;0m killed [30m[1mMumm-Ra[2;37;0m.
Sun Mar 19 03:59:44 2006 [1;37mMyth[2;37;0m killed [30m[1mMumm-Ra[2;37;0m.
Mon Mar 20 00:45:41 2006 [1;37mFenris[2;37;0m killed [30m[1mMumm-Ra[2;37;0m.
Wed Apr  5 04:28:28 2006 [1;37mPimpjuice[2;37;0m killed [30m[1mMumm-Ra[2;37;0m.
Sun Apr  9 05:31:14 2006 [1;37mMosh[2;37;0m killed [30m[1mMumm-Ra[2;37;0m.
Mon Apr 10 01:55:03 2006 [1;37mWhoa[2;37;0m killed [30m[1mMumm-Ra[2;37;0m.
Tue Apr 11 14:00:04 2006 [1;37mSami[2;37;0m killed [30m[1mMumm-Ra[2;37;0m.
Thu Apr 13 20:46:01 2006 [1;37mSephiroth[2;37;0m killed [30m[1mMumm-Ra[2;37;0m.
Fri Apr 14 00:30:51 2006 [1;37mPimpjuice[2;37;0m killed [30m[1mMumm-Ra[2;37;0m.
Sun Apr 23 16:48:46 2006 [1;37mHoyle[2;37;0m killed [30m[1mMumm-Ra[2;37;0m.
Tue Apr 25 00:59:28 2006 [1;37mDeathKnight[2;37;0m killed [30m[1mMumm-Ra[2;37;0m.
Wed Apr 26 00:52:20 2006 [1;37mJaz[2;37;0m killed [30m[1mMumm-Ra[2;37;0m.
Thu Apr 27 10:49:46 2006 [1;37mSmack[2;37;0m killed [30m[1mMumm-Ra[2;37;0m.
Thu Apr 27 16:09:33 2006 [1;37mBackwards[2;37;0m killed [30m[1mMumm-Ra[2;37;0m.
Fri Apr 28 12:26:19 2006 [1;37mDeathKnight[2;37;0m killed [30m[1mMumm-Ra[2;37;0m.
Tue May  2 00:59:50 2006 [1;37mKeeper[2;37;0m killed [30m[1mMumm-Ra[2;37;0m.
Thu May  4 10:32:23 2006 [1;37mNoob[2;37;0m killed [30m[1mMumm-Ra[2;37;0m.
Thu May  4 22:47:27 2006 [1;37mDeathKnight[2;37;0m killed [30m[1mMumm-Ra[2;37;0m.
Sun May  7 10:00:45 2006 [1;37mBackwards[2;37;0m killed [30m[1mMumm-Ra[2;37;0m.
Sat May 20 08:59:43 2006 [1;37mVegeta[2;37;0m killed [30m[1mMumm-Ra[2;37;0m.
Mon May 22 00:04:52 2006 [1;37mVegeta[2;37;0m killed [30m[1mMumm-Ra[2;37;0m.
Tue May 23 02:58:23 2006 [1;37mVegeta[2;37;0m killed [30m[1mMumm-Ra[2;37;0m.
Tue May 23 22:26:57 2006 [1;37mVegeta[2;37;0m killed [30m[1mMumm-Ra[2;37;0m.
Wed May 24 03:34:51 2006 [1;37mVegeta[2;37;0m killed [30m[1mMumm-Ra[2;37;0m.
Wed May 24 08:14:58 2006 [1;37mVegeta[2;37;0m killed [30m[1mMumm-Ra[2;37;0m.
Wed May 24 14:26:55 2006 [1;37mIce[2;37;0m killed [30m[1mMumm-Ra[2;37;0m.
Wed May 24 22:41:13 2006 [1;37mVegeta[2;37;0m killed [30m[1mMumm-Ra[2;37;0m.
Thu May 25 12:25:22 2006 [1;37mVegeta[2;37;0m killed [30m[1mMumm-Ra[2;37;0m.
Thu May 25 14:31:41 2006 [1;37mVegeta[2;37;0m killed [30m[1mMumm-Ra[2;37;0m.
Thu May 25 17:41:33 2006 [1;37mDeathKnight[2;37;0m killed [30m[1mMumm-Ra[2;37;0m.
Thu May 25 20:34:50 2006 [1;37mDeathKnight[2;37;0m killed [30m[1mMumm-Ra[2;37;0m.
Fri May 26 00:01:37 2006 [1;37mVegeta[2;37;0m killed [30m[1mMumm-Ra[2;37;0m.
Fri May 26 03:46:44 2006 [1;37mVegeta[2;37;0m killed [30m[1mMumm-Ra[2;37;0m.
Fri May 26 05:30:59 2006 [1;37mVegeta[2;37;0m killed [30m[1mMumm-Ra[2;37;0m.
Fri May 26 06:59:03 2006 [1;37mVegeta[2;37;0m killed [30m[1mMumm-Ra[2;37;0m.
Fri May 26 11:05:26 2006 [1;37mVegeta[2;37;0m killed [30m[1mMumm-Ra[2;37;0m.
Sat May 27 10:48:15 2006 [1;37mVegeta[2;37;0m killed [30m[1mMumm-Ra[2;37;0m.
Sat May 27 13:29:31 2006 [1;37mVegeta[2;37;0m killed [30m[1mMumm-Ra[2;37;0m.
Sat May 27 23:43:38 2006 [1;37mVegeta[2;37;0m killed [30m[1mMumm-Ra[2;37;0m.
Sun May 28 05:24:35 2006 [1;37mVegeta[2;37;0m killed [30m[1mMumm-Ra[2;37;0m.
Sun May 28 11:19:39 2006 [1;37mVegeta[2;37;0m killed [30m[1mMumm-Ra[2;37;0m.
Sun May 28 23:41:26 2006 [1;37mVegeta[2;37;0m killed [30m[1mMumm-Ra[2;37;0m.
Mon May 29 03:54:15 2006 [1;37mVegeta[2;37;0m killed [30m[1mMumm-Ra[2;37;0m.
Mon May 29 09:20:54 2006 [1;37mVegeta[2;37;0m killed [30m[1mMumm-Ra[2;37;0m.
Mon May 29 13:25:09 2006 [1;37mVegeta[2;37;0m killed [30m[1mMumm-Ra[2;37;0m.
Mon May 29 16:18:52 2006 [1;37mVegeta[2;37;0m killed [30m[1mMumm-Ra[2;37;0m.
Tue May 30 01:31:26 2006 [1;37mSoltan[2;37;0m killed [30m[1mMumm-Ra[2;37;0m.
Wed May 31 00:27:19 2006 [1;37mVegeta[2;37;0m killed [30m[1mMumm-Ra[2;37;0m.
Wed May 31 02:25:12 2006 [1;37mVegeta[2;37;0m killed [30m[1mMumm-Ra[2;37;0m.
Thu Jun  1 21:15:08 2006 [1;37mSoltan[2;37;0m killed [30m[1mMumm-Ra[2;37;0m.
Sun Jun  4 00:05:46 2006 [1;37mSephiroth[2;37;0m killed [30m[1mMumm-Ra[2;37;0m.
Sun Jun  4 08:17:56 2006 [1;37mVegeta[2;37;0m killed [30m[1mMumm-Ra[2;37;0m.
Mon Jun  5 03:05:56 2006 [1;37mPimpjuice[2;37;0m killed [30m[1mMumm-Ra[2;37;0m.
Tue Jun  6 04:23:21 2006 [1;37mLungbutter[2;37;0m killed [30m[1mMumm-Ra[2;37;0m.
Tue Jun  6 09:46:31 2006 [1;37mVegeta[2;37;0m killed [30m[1mMumm-Ra[2;37;0m.
Wed Jun  7 01:58:29 2006 [1;37mLungbutter[2;37;0m killed [30m[1mMumm-Ra[2;37;0m.
Thu Jun  8 09:43:00 2006 [1;37mLungbutter[2;37;0m killed [30m[1mMumm-Ra[2;37;0m.
Thu Jun  8 16:57:26 2006 [1;37mVegeta[2;37;0m killed [30m[1mMumm-Ra[2;37;0m.
Thu Jun  8 20:13:10 2006 [1;37mVegeta[2;37;0m killed [30m[1mMumm-Ra[2;37;0m.
Thu Jun  8 23:43:36 2006 [1;37mVegeta[2;37;0m killed [30m[1mMumm-Ra[2;37;0m.
Sun Jun 11 11:38:50 2006 [1;37mDeathKnight[2;37;0m killed [30m[1mMumm-Ra[2;37;0m.
Wed Jun 14 18:17:30 2006 [1;37mLungbutter[2;37;0m killed [30m[1mMumm-Ra[2;37;0m.
Thu Jun 15 00:37:07 2006 [1;37mEver[2;37;0m killed [30m[1mMumm-Ra[2;37;0m.
Thu Jun 15 23:49:54 2006 [1;37mMuerte[2;37;0m killed [30m[1mMumm-Ra[2;37;0m.
Fri Jun 16 13:16:46 2006 [1;37mGil[2;37;0m killed [30m[1mMumm-Ra[2;37;0m.
Mon Jun 19 00:32:52 2006 [1;37mSaynt[2;37;0m killed [30m[1mMumm-Ra[2;37;0m.
Wed Jun 21 02:45:24 2006 [1;37mSaynt[2;37;0m killed [30m[1mMumm-Ra[2;37;0m.
Wed Jun 21 09:27:32 2006 [1;37mGil[2;37;0m killed [30m[1mMumm-Ra[2;37;0m.
Thu Jun 22 09:13:09 2006 [1;37mGil[2;37;0m killed [30m[1mMumm-Ra[2;37;0m.
Fri Jun 23 02:43:32 2006 [1;37mMuerte[2;37;0m killed [30m[1mMumm-Ra[2;37;0m.
Fri Jun 23 09:07:30 2006 [1;37mGil[2;37;0m killed [30m[1mMumm-Ra[2;37;0m.
Fri Jun 23 11:13:02 2006 [1;37mGil[2;37;0m killed [30m[1mMumm-Ra[2;37;0m.
Sat Jun 24 09:13:42 2006 [1;37mGil[2;37;0m killed [30m[1mMumm-Ra[2;37;0m.
Sat Jun 24 18:23:21 2006 [1;37mEver[2;37;0m killed [30m[1mMumm-Ra[2;37;0m.
Sun Jun 25 02:16:57 2006 [1;37mDeathKnight[2;37;0m killed [30m[1mMumm-Ra[2;37;0m.
Sun Jun 25 16:24:48 2006 [1;37mGil[2;37;0m killed [30m[1mMumm-Ra[2;37;0m.
Mon Jun 26 09:14:50 2006 [1;37mGil[2;37;0m killed [30m[1mMumm-Ra[2;37;0m.
Mon Jun 26 11:06:56 2006 [1;37mGil[2;37;0m killed [30m[1mMumm-Ra[2;37;0m.
Wed Jun 28 08:48:00 2006 [1;37mGil[2;37;0m killed [30m[1mMumm-Ra[2;37;0m.
Wed Jun 28 20:39:19 2006 [1;37mEvolution[2;37;0m killed [30m[1mMumm-Ra[2;37;0m.
Wed Jun 28 23:41:45 2006 [1;37mGil[2;37;0m killed [30m[1mMumm-Ra[2;37;0m.
Thu Jun 29 09:58:02 2006 [1;37mGil[2;37;0m killed [30m[1mMumm-Ra[2;37;0m.
Thu Jun 29 13:18:27 2006 [1;37mGil[2;37;0m killed [30m[1mMumm-Ra[2;37;0m.
Fri Jun 30 02:44:30 2006 [1;37mEver[2;37;0m killed [30m[1mMumm-Ra[2;37;0m.
Wed Jul  5 10:05:09 2006 [1;37mGil[2;37;0m killed [30m[1mMumm-Ra[2;37;0m.
Wed Jul  5 14:28:04 2006 [1;37mGil[2;37;0m killed [30m[1mMumm-Ra[2;37;0m.
Wed Jul  5 19:06:22 2006 [1;37mParasite[2;37;0m killed [30m[1mMumm-Ra[2;37;0m.
Thu Jul  6 02:26:49 2006 [1;37mEver[2;37;0m killed [30m[1mMumm-Ra[2;37;0m.
Thu Jul  6 16:48:45 2006 [1;37mSundin[2;37;0m killed [30m[1mMumm-Ra[2;37;0m.
Fri Jul  7 02:55:11 2006 [1;37mParasite[2;37;0m killed [30m[1mMumm-Ra[2;37;0m.
Fri Jul  7 09:16:56 2006 [1;37mGil[2;37;0m killed [30m[1mMumm-Ra[2;37;0m.
Fri Jul 14 03:14:13 2006 [1;37mEver[2;37;0m killed [30m[1mMumm-Ra[2;37;0m.
Sun Jul 16 19:55:15 2006 [1;37mEver[2;37;0m killed [30m[1mMumm-Ra[2;37;0m.
Mon Jul 17 00:41:57 2006 [1;37mEver[2;37;0m killed [30m[1mMumm-Ra[2;37;0m.
Sat Jul 22 15:54:47 2006 [1;37mCarnage[2;37;0m killed [30m[1mMumm-Ra[2;37;0m.
Mon Jul 24 17:35:33 2006 [1;37mPantera[2;37;0m killed [30m[1mMumm-Ra[2;37;0m.
Sat Jul 29 23:18:26 2006 [1;37mEver[2;37;0m killed [30m[1mMumm-Ra[2;37;0m.
Mon Jul 31 12:55:49 2006 [1;37mCarnage[2;37;0m killed [30m[1mMumm-Ra[2;37;0m.
Mon Jul 31 16:55:04 2006 [1;37mCarnage[2;37;0m killed [30m[1mMumm-Ra[2;37;0m.
Tue Aug  1 00:38:32 2006 [1;37mEver[2;37;0m killed [30m[1mMumm-Ra[2;37;0m.
Sat Aug  5 14:38:00 2006 [1;37mArchangel[2;37;0m killed [30m[1mMumm-Ra[2;37;0m.
Sun Aug  6 17:15:50 2006 [1;37mArchangel[2;37;0m killed [30m[1mMumm-Ra[2;37;0m.
Sat Aug 12 14:03:29 2006 [1;37mEver[2;37;0m killed [30m[1mMumm-Ra[2;37;0m.
Mon Aug 14 10:15:38 2006 [1;37mCarnage[2;37;0m killed [30m[1mMumm-Ra[2;37;0m.
Tue Aug 15 09:47:52 2006 [1;37mMosh[2;37;0m killed [30m[1mMumm-Ra[2;37;0m.
Wed Aug 16 10:57:58 2006 [1;37mFossil[2;37;0m killed [30m[1mMumm-Ra[2;37;0m.
Tue Aug 22 14:55:24 2006 [1;37mPimpjuice[2;37;0m killed [30m[1mMumm-Ra[2;37;0m.
Wed Aug 23 19:39:57 2006 [1;37mParasite[2;37;0m killed [30m[1mMumm-Ra[2;37;0m.
Fri Aug 25 10:01:34 2006 [1;37mMosh[2;37;0m killed [30m[1mMumm-Ra[2;37;0m.
Fri Aug 25 16:00:24 2006 [1;37mSaynt[2;37;0m killed [30m[1mMumm-Ra[2;37;0m.
Wed Aug 30 10:18:42 2006 [1;37mFossil[2;37;0m killed [30m[1mMumm-Ra[2;37;0m.
Wed Aug 30 12:20:25 2006 [1;37mFossil[2;37;0m killed [30m[1mMumm-Ra[2;37;0m.
Thu Aug 31 13:49:28 2006 [1;37mFossil[2;37;0m killed [30m[1mMumm-Ra[2;37;0m.
Tue Sep  5 11:23:13 2006 [1;37mFossil[2;37;0m killed [30m[1mMumm-Ra[2;37;0m.
Tue Sep  5 17:17:30 2006 [1;37mFossil[2;37;0m killed [30m[1mMumm-Ra[2;37;0m.
Wed Sep  6 01:25:00 2006 [1;37mWar[2;37;0m killed [30m[1mMumm-Ra[2;37;0m.
Wed Sep  6 14:57:55 2006 [1;37mFossil[2;37;0m killed [30m[1mMumm-Ra[2;37;0m.
Wed Sep  6 21:33:01 2006 [1;37mEver[2;37;0m killed [30m[1mMumm-Ra[2;37;0m.
Tue Sep 12 22:27:55 2006 [1;37mJubei[2;37;0m killed [30m[1mMumm-Ra[2;37;0m.
Wed Sep 13 01:31:00 2006 [1;37mJubei[2;37;0m killed [30m[1mMumm-Ra[2;37;0m.
Wed Sep 13 10:03:32 2006 [1;37mFossil[2;37;0m killed [30m[1mMumm-Ra[2;37;0m.
Mon Sep 18 14:31:59 2006 [1;37mFossil[2;37;0m killed [30m[1mMumm-Ra[2;37;0m.
Tue Sep 19 14:25:07 2006 [1;37mFossil[2;37;0m killed [30m[1mMumm-Ra[2;37;0m.
Thu Sep 21 09:33:39 2006 [1;37mFossil[2;37;0m killed [30m[1mMumm-Ra[2;37;0m.
Mon Sep 25 12:01:55 2006 [1;37mFossil[2;37;0m killed [30m[1mMumm-Ra[2;37;0m.
Tue Sep 26 23:40:11 2006 [1;37mJubei[2;37;0m killed [30m[1mMumm-Ra[2;37;0m.
Wed Sep 27 10:10:25 2006 [1;37mFossil[2;37;0m killed [30m[1mMumm-Ra[2;37;0m.
Thu Sep 28 09:34:20 2006 [1;37mMosh[2;37;0m killed [30m[1mMumm-Ra[2;37;0m.
Fri Sep 29 00:59:30 2006 [1;37mJubei[2;37;0m killed [30m[1mMumm-Ra[2;37;0m.
Sat Sep 30 20:49:20 2006 [1;37mSephiroth[2;37;0m killed [30m[1mMumm-Ra[2;37;0m.
Tue Oct  3 10:58:28 2006 [1;37mFossil[2;37;0m killed [30m[1mMumm-Ra[2;37;0m.
Tue Oct  3 14:05:06 2006 [1;37mCrip[2;37;0m killed [30m[1mMumm-Ra[2;37;0m.
Tue Oct  3 18:53:05 2006 [1;37mJubei[2;37;0m killed [30m[1mMumm-Ra[2;37;0m.
Wed Oct  4 00:44:55 2006 [1;37mJubei[2;37;0m killed [30m[1mMumm-Ra[2;37;0m.
Wed Oct  4 05:09:22 2006 [1;37mBloodangle[2;37;0m killed [30m[1mMumm-Ra[2;37;0m.
Wed Oct  4 13:26:47 2006 [1;37mJubei[2;37;0m killed [30m[1mMumm-Ra[2;37;0m.
Wed Oct  4 23:35:30 2006 [1;37mBloodangle[2;37;0m killed [30m[1mMumm-Ra[2;37;0m.
Thu Oct  5 10:14:21 2006 [1;37mFossil[2;37;0m killed [30m[1mMumm-Ra[2;37;0m.
Thu Oct  5 20:40:04 2006 [1;37mBloodangle[2;37;0m killed [30m[1mMumm-Ra[2;37;0m.
Fri Oct  6 00:43:21 2006 [1;37mJubei[2;37;0m killed [30m[1mMumm-Ra[2;37;0m.
Fri Oct  6 04:23:20 2006 [1;37mJubei[2;37;0m killed [30m[1mMumm-Ra[2;37;0m.
Fri Oct  6 21:12:43 2006 [1;37mBloodangle[2;37;0m killed [30m[1mMumm-Ra[2;37;0m.
Sat Oct  7 01:23:09 2006 [1;37mJubei[2;37;0m killed [30m[1mMumm-Ra[2;37;0m.
Sat Oct  7 23:54:35 2006 [1;37mJubei[2;37;0m killed [30m[1mMumm-Ra[2;37;0m.
Sun Oct  8 20:47:09 2006 [1;37mDara[2;37;0m killed [30m[1mMumm-Ra[2;37;0m.
Mon Oct  9 17:00:53 2006 [1;37mBloodangle[2;37;0m killed [30m[1mMumm-Ra[2;37;0m.
Tue Oct 10 10:32:41 2006 [1;37mFossil[2;37;0m killed [30m[1mMumm-Ra[2;37;0m.
Thu Oct 12 18:42:18 2006 [1;37mJubei[2;37;0m killed [30m[1mMumm-Ra[2;37;0m.
Fri Oct 13 16:08:09 2006 [1;37mBloodangle[2;37;0m killed [30m[1mMumm-Ra[2;37;0m.
Mon Oct 16 10:59:36 2006 [1;37mFossil[2;37;0m killed [30m[1mMumm-Ra[2;37;0m.
Tue Oct 17 11:06:26 2006 [1;37mFossil[2;37;0m killed [30m[1mMumm-Ra[2;37;0m.
Tue Oct 17 17:05:20 2006 [1;37mBloodangle[2;37;0m killed [30m[1mMumm-Ra[2;37;0m.
Wed Oct 25 10:33:05 2006 [1;37mFossil[2;37;0m killed [30m[1mMumm-Ra[2;37;0m.
Thu Oct 26 09:42:09 2006 [1;37mFossil[2;37;0m killed [30m[1mMumm-Ra[2;37;0m.
Thu Oct 26 13:36:32 2006 [1;37mFossil[2;37;0m killed [30m[1mMumm-Ra[2;37;0m.
Thu Nov  2 22:10:33 2006 [1;37mHellspawn[2;37;0m killed [30m[1mMumm-Ra[2;37;0m.
Mon Nov  6 19:35:48 2006 [1;37mBlackstar[2;37;0m killed [30m[1mMumm-Ra[2;37;0m.
Mon Nov  6 21:50:21 2006 [1;37mBloodangle[2;37;0m killed [30m[1mMumm-Ra[2;37;0m.
Tue Nov  7 17:19:57 2006 [1;37mBloodangle[2;37;0m killed [30m[1mMumm-Ra[2;37;0m.
Wed Nov  8 11:08:58 2006 [1;37mCrip[2;37;0m killed [30m[1mMumm-Ra[2;37;0m.
Fri Nov 10 11:14:04 2006 [1;37mCrip[2;37;0m killed [30m[1mMumm-Ra[2;37;0m.
Sun Nov 12 01:55:49 2006 [1;37mDeathKnight[2;37;0m killed [30m[1mMumm-Ra[2;37;0m.
Wed Nov 15 04:48:42 2006 [1;37mBloodangle[2;37;0m killed [30m[1mMumm-Ra[2;37;0m.
Tue Dec 12 11:04:10 2006 [1;37mFossil[2;37;0m killed [30m[1mMumm-Ra[2;37;0m.
Sun Dec 17 00:36:42 2006 [1;37mJubei[2;37;0m killed [30m[1mMumm-Ra[2;37;0m.
Tue Jan  9 11:15:22 2007 [1;37mCrip[2;37;0m killed [30m[1mMumm-Ra[2;37;0m.
Fri Jan 26 18:33:46 2007 [1;37mJubei[2;37;0m killed [30m[1mMumm-Ra[2;37;0m.
Mon Jan 29 21:38:45 2007 [1;37mJubei[2;37;0m killed [30m[1mMumm-Ra[2;37;0m.
Wed Jan 31 16:26:00 2007 [1;37mJubei[2;37;0m killed [30m[1mMumm-Ra[2;37;0m.
Wed Jan 31 21:12:59 2007 [1;37mJubei[2;37;0m killed [30m[1mMumm-Ra[2;37;0m.
Thu Feb  1 22:13:17 2007 [1;37mJubei[2;37;0m killed [30m[1mMumm-Ra[2;37;0m.
Tue Feb  6 03:16:33 2007 [1;37mJubei[2;37;0m killed [30m[1mMumm-Ra[2;37;0m.
Wed Feb  7 19:51:40 2007 [1;37mJubei[2;37;0m killed [30m[1mMumm-Ra[2;37;0m.
Sun Feb 18 15:42:32 2007 [1;37mCooper[2;37;0m killed [30m[1mMumm-Ra[2;37;0m.
Mon Feb 26 15:43:43 2007 [1;37mFossil[2;37;0m killed [30m[1mMumm-Ra[2;37;0m.
Tue Feb 27 11:37:49 2007 [1;37mHercules[2;37;0m killed [30m[1mMumm-Ra[2;37;0m.
Wed Feb 28 09:22:42 2007 [1;37mFossil[2;37;0m killed [30m[1mMumm-Ra[2;37;0m.
Thu Mar  1 11:08:59 2007 [1;37mCrip[2;37;0m killed [30m[1mMumm-Ra[2;37;0m.
Wed Mar 21 09:42:59 2007 [1;37mFossil[2;37;0m killed [30m[1mMumm-Ra[2;37;0m.
Sat Mar 24 22:26:15 2007 [1;37mFossil[2;37;0m killed [30m[1mMumm-Ra[2;37;0m.
Thu Apr 12 22:59:50 2007 [1;37mBloodangle[2;37;0m killed [30m[1mMumm-Ra[2;37;0m.
Mon Apr 16 23:04:42 2007 [1;37mBloodangle[2;37;0m killed [30m[1mMumm-Ra[2;37;0m.
Tue Apr 17 23:45:39 2007 [1;37mBloodangle[2;37;0m killed [30m[1mMumm-Ra[2;37;0m.
Mon May  7 19:56:29 2007 [1;37mGogeta[2;37;0m killed [30m[1mMumm-Ra[2;37;0m.
Thu May 10 20:14:09 2007 [1;37mBloodangle[2;37;0m killed [30m[1mMumm-Ra[2;37;0m.
Sat May 12 19:06:24 2007 [1;37mBloodangle[2;37;0m killed [30m[1mMumm-Ra[2;37;0m.
Wed May 16 04:12:16 2007 [1;37mBloodangle[2;37;0m killed [30m[1mMumm-Ra[2;37;0m.
Wed May 23 10:01:23 2007 [1;37mPepe[2;37;0m killed [30m[1mMumm-Ra[2;37;0m.
Fri May 25 01:14:16 2007 [1;37mJubei[2;37;0m killed [30m[1mMumm-Ra[2;37;0m.
Mon May 28 19:04:01 2007 [1;37mFlap[2;37;0m killed [30m[1mMumm-Ra[2;37;0m.
Sat Jun  2 04:28:50 2007 [1;37mBloodangle[2;37;0m killed [30m[1mMumm-Ra[2;37;0m.
Fri Jun 15 23:34:20 2007 [1;37mBloodangle[0m killed [30m[1mMumm-Ra[0m.
Sat Jun 16 19:26:40 2007 [1;37mNewton[0m killed [30m[1mMumm-Ra[0m.
Sun Jun 17 15:33:04 2007 [1;37mFlap[0m killed [30m[1mMumm-Ra[0m.
Wed Jun 20 02:41:37 2007 [1;37mDonkey[0m killed [30m[1mMumm-Ra[0m.
Thu Jun 21 03:43:07 2007 [1;37mDonkey[0m killed [30m[1mMumm-Ra[0m.
Fri Jun 22 19:43:14 2007 [1;37mBloodangle[0m killed [30m[1mMumm-Ra[0m.
Sat Jun 23 02:52:09 2007 [1;37mDonkey[0m killed [30m[1mMumm-Ra[0m.
Mon Jun 25 02:55:29 2007 [1;37mDonkey[0m killed [30m[1mMumm-Ra[0m.
Mon Jun 25 14:17:30 2007 [1;37mDonkey[0m killed [30m[1mMumm-Ra[0m.
Mon Jun 25 18:11:11 2007 [1;37mDonkey[0m killed [30m[1mMumm-Ra[0m.
Tue Jun 26 00:35:53 2007 [1;37mDonkey[0m killed [30m[1mMumm-Ra[0m.
Wed Jun 27 03:23:06 2007 [1;37mDonkey[0m killed [30m[1mMumm-Ra[0m.
Mon Jul  9 01:18:46 2007 [1;37mDonkey[0m killed [30m[1mMumm-Ra[0m.
Mon Jul  9 04:02:11 2007 [1;37mDonkey[0m killed [30m[1mMumm-Ra[0m.
Mon Jul  9 10:37:29 2007 [1;37mDonkey[0m killed [30m[1mMumm-Ra[0m.
Mon Jul  9 14:26:28 2007 [1;37mDonkey[0m killed [30m[1mMumm-Ra[0m.
Tue Jul 10 00:40:48 2007 [1;37mDonkey[0m killed [30m[1mMumm-Ra[0m.
Tue Jul 10 13:37:39 2007 [1;37mDonkey[0m killed [30m[1mMumm-Ra[0m.
Tue Jul 10 23:27:26 2007 [1;37mAlexa[0m killed [30m[1mMumm-Ra[0m.
Thu Jul 12 00:23:39 2007 [1;37mOz[0m killed [30m[1mMumm-Ra[0m.
Fri Jul 13 12:16:47 2007 [1;37mDonkey[0m killed [30m[1mMumm-Ra[0m.
Sat Jul 14 00:46:57 2007 [1;37mDonkey[0m killed [30m[1mMumm-Ra[0m.
Sat Jul 14 13:42:43 2007 [1;37mDonkey[0m killed [30m[1mMumm-Ra[0m.
Sun Jul 15 00:57:35 2007 [1;37mDonkey[0m killed [30m[1mMumm-Ra[0m.
Sun Jul 15 02:39:38 2007 [1;37mDonkey[0m killed [30m[1mMumm-Ra[0m.
Sun Jul 15 14:51:45 2007 [1;37mDonkey[0m killed [30m[1mMumm-Ra[0m.
Tue Jul 17 01:40:38 2007 [1;37mDonkey[0m killed [30m[1mMumm-Ra[0m.
Tue Jul 17 13:36:54 2007 [1;37mDonkey[0m killed [30m[1mMumm-Ra[0m.
Tue Jul 17 23:50:04 2007 [1;37mDonkey[0m killed [30m[1mMumm-Ra[0m.
Wed Jul 18 03:17:09 2007 [1;37mDonkey[0m killed [30m[1mMumm-Ra[0m.
Wed Jul 18 05:19:34 2007 [1;37mEver[0m killed [30m[1mMumm-Ra[0m.
Wed Jul 18 12:50:53 2007 [1;37mDonkey[0m killed [30m[1mMumm-Ra[0m.
Wed Jul 18 22:19:20 2007 [1;37mDonkey[0m killed [30m[1mMumm-Ra[0m.
Thu Jul 19 00:31:53 2007 [1;37mDonkey[0m killed [30m[1mMumm-Ra[0m.
Thu Jul 19 02:05:14 2007 [1;37mDonkey[0m killed [30m[1mMumm-Ra[0m.
Sat Jul 21 13:52:12 2007 [1;37mHercules[0m killed [30m[1mMumm-Ra[0m.
Sun Jul 22 09:10:13 2007 [1;37mHercules[0m killed [30m[1mMumm-Ra[0m.
Mon Jul 23 23:07:50 2007 [1;37mEver[0m killed [30m[1mMumm-Ra[0m.
Wed Jul 25 00:59:20 2007 [1;37mOz[0m killed [30m[1mMumm-Ra[0m.
Thu Jul 26 14:05:31 2007 [1;37mPimpjuice[0m killed [30m[1mMumm-Ra[0m.
Fri Jul 27 03:27:51 2007 [1;37mHerger[0m killed [30m[1mMumm-Ra[0m.
Sat Jul 28 11:24:02 2007 [1;37mHerger[0m killed [30m[1mMumm-Ra[0m.
Sat Jul 28 17:20:02 2007 [1;37mHerger[0m killed [30m[1mMumm-Ra[0m.
Sat Jul 28 19:50:17 2007 [1;37mHerger[0m killed [30m[1mMumm-Ra[0m.
Sun Jul 29 23:32:22 2007 [1;37mGogeta[0m killed [30m[1mMumm-Ra[0m.
Mon Jul 30 16:14:39 2007 [1;37mHerger[0m killed [30m[1mMumm-Ra[0m.
Tue Jul 31 01:39:52 2007 [1;37mHerger[0m killed [30m[1mMumm-Ra[0m.
Tue Jul 31 08:02:00 2007 [1;37mHercules[0m killed [30m[1mMumm-Ra[0m.
Tue Jul 31 17:13:45 2007 [1;37mHerger[0m killed [30m[1mMumm-Ra[0m.
Thu Aug  2 02:12:46 2007 [1;37mHerger[0m killed [30m[1mMumm-Ra[0m.
Fri Aug  3 23:36:01 2007 [1;37mHerger[0m killed [30m[1mMumm-Ra[0m.
Sat Aug  4 11:34:26 2007 [1;37mArchangel[0m killed [30m[1mMumm-Ra[0m.
Thu Aug  9 02:29:31 2007 [1;37mDecimis[0m killed [30m[1mMumm-Ra[0m.
Thu Aug  9 17:14:41 2007 [1;37mDecimis[0m killed [30m[1mMumm-Ra[0m.
Fri Aug 10 01:01:34 2007 [1;37mDecimis[0m killed [30m[1mMumm-Ra[0m.
Fri Aug 10 19:21:19 2007 [1;37mDecimis[0m killed [30m[1mMumm-Ra[0m.
Fri Aug 10 23:40:21 2007 [1;37mDecimis[0m killed [30m[1mMumm-Ra[0m.
Sat Aug 11 03:19:11 2007 [1;37mDecimis[0m killed [30m[1mMumm-Ra[0m.
Sat Aug 11 16:06:42 2007 [1;37mDecimis[0m killed [30m[1mMumm-Ra[0m.
Tue Aug 14 20:11:40 2007 [1;37mJaz[0m killed [30m[1mMumm-Ra[0m.
Tue Aug 14 22:56:27 2007 [1;37mDecimis[0m killed [30m[1mMumm-Ra[0m.
Wed Aug 15 16:36:36 2007 [1;37mBloodangle[0m killed [30m[1mMumm-Ra[0m.
Sat Aug 25 07:37:15 2007 [1;37mHercules[0m killed [30m[1mMumm-Ra[0m.
Sun Aug 26 03:20:18 2007 [1;37mTembo[0m killed [30m[1mMumm-Ra[0m.
Tue Aug 28 13:11:18 2007 [1;37mHercules[0m killed [30m[1mMumm-Ra[0m.
Tue Aug 28 23:34:52 2007 [1;37mJubei[0m killed [30m[1mMumm-Ra[0m.
Fri Aug 31 07:21:02 2007 [1;37mHercules[0m killed [30m[1mMumm-Ra[0m.
Fri Aug 31 20:11:28 2007 [1;37mJubei[0m killed [30m[1mMumm-Ra[0m.
Sat Sep  1 04:36:21 2007 [1;37mJubei[0m killed [30m[1mMumm-Ra[0m.
Sun Sep  2 16:06:01 2007 [1;37mJubei[0m killed [30m[1mMumm-Ra[0m.
Sun Sep  2 18:22:06 2007 [1;37mJubei[0m killed [30m[1mMumm-Ra[0m.
Mon Sep  3 22:45:14 2007 [1;37mJubei[0m killed [30m[1mMumm-Ra[0m.
Tue Sep  4 02:03:12 2007 [1;37mJubei[0m killed [30m[1mMumm-Ra[0m.
Tue Sep  4 14:02:58 2007 [1;37mHercules[0m killed [30m[1mMumm-Ra[0m.
Tue Sep  4 17:23:19 2007 [1;37mDonkey[0m killed [30m[1mMumm-Ra[0m.
Tue Sep  4 23:03:09 2007 [1;37mDonkey[0m killed [30m[1mMumm-Ra[0m.
Wed Sep  5 14:56:02 2007 [1;37mDonkey[0m killed [30m[1mMumm-Ra[0m.
Tue Sep 18 02:04:01 2007 [1;37mDonkey[0m killed [30m[1mMumm-Ra[0m.
Wed Sep 19 19:43:32 2007 [1;37mGogeta[0m killed [30m[1mMumm-Ra[0m.
Wed Sep 19 21:28:47 2007 [1;37mJubei[0m killed [30m[1mMumm-Ra[0m.
Thu Sep 20 00:54:57 2007 [1;37mDonkey[0m killed [30m[1mMumm-Ra[0m.
Fri Sep 21 13:49:49 2007 [1;37mDonkey[0m killed [30m[1mMumm-Ra[0m.
Fri Sep 21 23:58:50 2007 [1;37mDonkey[0m killed [30m[1mMumm-Ra[0m.
Sat Sep 22 14:48:30 2007 [1;37mDonkey[0m killed [30m[1mMumm-Ra[0m.
Sat Sep 22 21:50:36 2007 [1;37mDonkey[0m killed [30m[1mMumm-Ra[0m.
Sun Sep 23 15:04:54 2007 [1;37mDonkey[0m killed [30m[1mMumm-Ra[0m.
Tue Sep 25 23:10:33 2007 [1;37mDonkey[0m killed [30m[1mMumm-Ra[0m.
Sat Sep 29 00:20:09 2007 [1;37mLeonidas[0m killed [30m[1mMumm-Ra[0m.
Sat Sep 29 16:20:02 2007 [1;37mHercules[0m killed [30m[1mMumm-Ra[0m.
Sat Sep 29 18:49:14 2007 [1;37mLeonidas[0m killed [30m[1mMumm-Ra[0m.
Mon Oct  1 19:54:06 2007 [1;37mDonkey[0m killed [30m[1mMumm-Ra[0m.
Tue Oct  9 03:33:05 2007 [1;37mDonkey[0m killed [30m[1mMumm-Ra[0m.
Sun Oct 14 21:20:03 2007 [1;37mAlexa[0m killed [30m[1mMumm-Ra[0m.
Wed Oct 24 12:50:53 2007 [1;37mHercules[0m killed [30m[1mMumm-Ra[0m.
Sat Oct 27 22:44:11 2007 [1;37mGogeta[0m killed [30m[1mMumm-Ra[0m.
Sun Oct 28 15:42:21 2007 [1;37mLucius[0m killed [30m[1mMumm-Ra[0m.
Mon Oct 29 12:20:13 2007 [1;37mCoglin[0m killed [30m[1mMumm-Ra[0m.
Thu Nov  1 11:58:20 2007 [1;37mHercules[0m killed [30m[1mMumm-Ra[0m.
Thu Nov  1 15:29:02 2007 [1;37mHercules[0m killed [30m[1mMumm-Ra[0m.
Fri Nov  2 08:11:10 2007 [1;37mHercules[0m killed [30m[1mMumm-Ra[0m.
Fri Nov  2 11:31:26 2007 [1;37mHercules[0m killed [30m[1mMumm-Ra[0m.
Fri Nov  2 14:52:50 2007 [1;37mHercules[0m killed [30m[1mMumm-Ra[0m.
Sun Nov  4 11:59:47 2007 [1;37mHercules[0m killed [30m[1mMumm-Ra[0m.
Sun Nov  4 15:09:07 2007 [1;37mHercules[0m killed [30m[1mMumm-Ra[0m.
Mon Nov  5 11:17:39 2007 [1;37mHercules[0m killed [30m[1mMumm-Ra[0m.
Mon Nov  5 21:38:26 2007 [1;37mLance[0m killed [30m[1mMumm-Ra[0m.
Tue Nov  6 11:07:44 2007 [1;37mHercules[0m killed [30m[1mMumm-Ra[0m.
Wed Nov  7 12:17:20 2007 [1;37mLance[0m killed [30m[1mMumm-Ra[0m.
Thu Nov  8 13:04:51 2007 [1;37mHercules[0m killed [30m[1mMumm-Ra[0m.
Fri Nov  9 05:47:06 2007 [1;37mHercules[0m killed [30m[1mMumm-Ra[0m.
Sun Nov 11 22:48:03 2007 [1;37mDonkey[0m killed [30m[1mMumm-Ra[0m.
Mon Nov 12 02:25:23 2007 [1;37mHercules[0m killed [30m[1mMumm-Ra[0m.
Mon Nov 12 10:07:59 2007 [1;37mHercules[0m killed [30m[1mMumm-Ra[0m.
Mon Nov 12 16:30:18 2007 [1;37mHercules[0m killed [30m[1mMumm-Ra[0m.
Tue Nov 13 07:52:10 2007 [1;37mHercules[0m killed [30m[1mMumm-Ra[0m.
Tue Nov 13 12:34:20 2007 [1;37mHercules[0m killed [30m[1mMumm-Ra[0m.
Wed Nov 14 20:55:16 2007 [1;37mLance[0m killed [30m[1mMumm-Ra[0m.
Fri Nov 16 16:04:35 2007 [1;37mLance[0m killed [30m[1mMumm-Ra[0m.
Fri Nov 16 22:12:16 2007 [1;37mLance[0m killed [30m[1mMumm-Ra[0m.
Sun Nov 18 17:04:58 2007 [1;37mLance[0m killed [30m[1mMumm-Ra[0m.
Sun Nov 18 19:40:33 2007 [1;37mLance[0m killed [30m[1mMumm-Ra[0m.
Mon Nov 19 10:28:39 2007 [1;37mCoglin[0m killed [30m[1mMumm-Ra[0m.
Wed Nov 21 07:22:19 2007 [1;37mHercules[0m killed [30m[1mMumm-Ra[0m.
Wed Nov 21 19:29:35 2007 [1;37mLance[0m killed [30m[1mMumm-Ra[0m.
Thu Nov 22 20:15:24 2007 [1;37mLance[0m killed [30m[1mMumm-Ra[0m.
Fri Nov 23 06:42:17 2007 [1;37mHercules[0m killed [30m[1mMumm-Ra[0m.
Fri Nov 23 14:24:25 2007 [1;37mHercules[0m killed [30m[1mMumm-Ra[0m.
Fri Nov 23 21:37:07 2007 [1;37mLance[0m killed [30m[1mMumm-Ra[0m.
Sat Nov 24 04:46:49 2007 [1;37mHercules[0m killed [30m[1mMumm-Ra[0m.
Sat Nov 24 15:20:15 2007 [1;37mLance[0m killed [30m[1mMumm-Ra[0m.
Sat Nov 24 19:00:46 2007 [1;37mLance[0m killed [30m[1mMumm-Ra[0m.
Sun Nov 25 12:00:16 2007 [1;37mHercules[0m killed [30m[1mMumm-Ra[0m.
Mon Nov 26 09:10:25 2007 [1;37mHercules[0m killed [30m[1mMumm-Ra[0m.
Mon Nov 26 14:10:48 2007 [1;37mLance[0m killed [30m[1mMumm-Ra[0m.
Mon Nov 26 18:30:39 2007 [1;37mEver[0m killed [30m[1mMumm-Ra[0m.
Mon Nov 26 21:30:03 2007 [1;37mLance[0m killed [30m[1mMumm-Ra[0m.
Wed Nov 28 20:15:56 2007 [1;37mLance[0m killed [30m[1mMumm-Ra[0m.
Thu Nov 29 05:17:43 2007 [1;37mCoglin[0m killed [30m[1mMumm-Ra[0m.
Thu Nov 29 12:39:12 2007 [1;37mCoglin[0m killed [30m[1mMumm-Ra[0m.
Thu Nov 29 20:46:07 2007 [1;37mLance[0m killed [30m[1mMumm-Ra[0m.
Fri Nov 30 15:31:51 2007 [1;37mLance[0m killed [30m[1mMumm-Ra[0m.
Sat Dec  1 10:01:18 2007 [1;37mLance[0m killed [30m[1mMumm-Ra[0m.
Sat Dec  1 13:18:47 2007 [1;37mLance[0m killed [30m[1mMumm-Ra[0m.
Sat Dec  1 21:19:42 2007 [1;37mLance[0m killed [30m[1mMumm-Ra[0m.
Sun Dec  2 15:12:39 2007 [1;37mLance[0m killed [30m[1mMumm-Ra[0m.
Mon Dec  3 18:27:59 2007 [1;37mCoglin[0m killed [30m[1mMumm-Ra[0m.
Tue Dec  4 11:14:50 2007 [1;37mHercules[0m killed [30m[1mMumm-Ra[0m.
Tue Dec  4 15:48:29 2007 [1;37mLucius[0m killed [30m[1mMumm-Ra[0m.
Wed Dec  5 11:23:04 2007 [1;37mAvant[0m killed [30m[1mMumm-Ra[0m.
Wed Dec  5 15:08:48 2007 [1;37mLance[0m killed [30m[1mMumm-Ra[0m.
Fri Dec  7 19:21:23 2007 [1;37mBloodangle[0m killed [30m[1mMumm-Ra[0m.
Fri Dec  7 22:39:07 2007 [1;37mBloodangle[0m killed [30m[1mMumm-Ra[0m.
Sat Dec  8 05:03:57 2007 [1;37mHercules[0m killed [30m[1mMumm-Ra[0m.
Sun Dec  9 09:27:09 2007 [1;37mGoten[0m killed [30m[1mMumm-Ra[0m.
Wed Dec 12 15:11:56 2007 [1;37mHercules[0m killed [30m[1mMumm-Ra[0m.
Fri Dec 14 09:30:23 2007 [1;37mHercules[0m killed [30m[1mMumm-Ra[0m.
Fri Dec 14 14:04:19 2007 [1;37mHercules[0m killed [30m[1mMumm-Ra[0m.
Sat Dec 15 13:03:42 2007 [1;37mHercules[0m killed [30m[1mMumm-Ra[0m.
Tue Dec 18 00:58:50 2007 [1;37mBloodangle[0m killed [30m[1mMumm-Ra[0m.
Tue Dec 18 10:01:54 2007 [1;37mHercules[0m killed [30m[1mMumm-Ra[0m.
Tue Dec 18 19:07:04 2007 [1;37mBloodangle[0m killed [30m[1mMumm-Ra[0m.
Thu Dec 20 09:48:25 2007 [1;37mHercules[0m killed [30m[1mMumm-Ra[0m.
Sun Dec 23 15:20:26 2007 [1;37mHercules[0m killed [30m[1mMumm-Ra[0m.
Wed Dec 26 01:35:49 2007 [1;37mBloodangle[0m killed [30m[1mMumm-Ra[0m.
Sat Dec 29 09:47:10 2007 [1;37mHercules[0m killed [30m[1mMumm-Ra[0m.
Wed Jan  2 10:29:37 2008 [1;37mHercules[0m killed [30m[1mMumm-Ra[0m.
Fri Jan  4 07:08:14 2008 [1;37mHercules[0m killed [30m[1mMumm-Ra[0m.
Fri Jan 11 02:56:51 2008 [1;37mBlameless[0m killed [30m[1mMumm-Ra[0m.
Fri Jan 11 06:52:57 2008 [1;37mHercules[0m killed [30m[1mMumm-Ra[0m.
Tue Jan 22 19:24:38 2008 [1;37mWar[0m killed [30m[1mMumm-Ra[0m.
Tue Jan 22 21:40:46 2008 [1;37mBloodangle[0m killed [30m[1mMumm-Ra[0m.
Wed Jan 30 20:23:26 2008 [1;37mBloodangle[0m killed [30m[1mMumm-Ra[0m.
Wed Feb  6 11:34:44 2008 [1;37mHeinous[0m killed [30m[1mMumm-Ra[0m.
Sun Mar  2 19:28:08 2008 [1;37mHoyle[0m killed [30m[1mMumm-Ra[0m.
Fri Mar  7 14:34:11 2008 [1;37mHercules[0m killed [30m[1mMumm-Ra[0m.
Fri Mar  7 20:14:05 2008 [1;37mHercules[0m killed [30m[1mMumm-Ra[0m.
Fri Mar 14 07:09:51 2008 [1;37mHercules[0m killed [30m[1mMumm-Ra[0m.
Sat Mar 15 04:07:31 2008 [1;37mHercules[0m killed [30m[1mMumm-Ra[0m.
Sat Mar 15 10:13:54 2008 [1;37mHercules[0m killed [30m[1mMumm-Ra[0m.
Sun Mar 16 14:46:41 2008 [1;37mFlap[0m killed [30m[1mMumm-Ra[0m.
Tue Mar 18 02:28:29 2008 [1;37mHercules[0m killed [30m[1mMumm-Ra[0m.
Tue Mar 25 11:50:53 2008 [1;37mHercules[0m killed [30m[1mMumm-Ra[0m.
Tue Apr  1 11:23:31 2008 [1;37mHercules[0m killed [30m[1mMumm-Ra[0m.
Wed Apr  2 14:42:43 2008 [1;37mHercules[0m killed [30m[1mMumm-Ra[0m.
Thu Apr  3 14:50:28 2008 [1;37mHercules[0m killed [30m[1mMumm-Ra[0m.
Fri Apr  4 12:46:06 2008 [1;37mHercules[0m killed [30m[1mMumm-Ra[0m.
Thu Apr 10 09:32:57 2008 [1;37mHercules[0m killed [30m[1mMumm-Ra[0m.
Sat Apr 12 03:03:51 2008 [1;37mHercules[0m killed [30m[1mMumm-Ra[0m.
Sat Apr 12 12:28:05 2008 [1;37mHercules[0m killed [30m[1mMumm-Ra[0m.
Mon Apr 14 09:25:50 2008 [1;37mBrooks[0m killed [30m[1mMumm-Ra[0m.
Tue Apr 15 09:22:06 2008 [1;37mBrooks[0m killed [30m[1mMumm-Ra[0m.
Tue Apr 15 14:11:08 2008 [1;37mHercules[0m killed [30m[1mMumm-Ra[0m.
Wed Apr 16 10:58:27 2008 [1;37mBrooks[0m killed [30m[1mMumm-Ra[0m.
Thu Apr 17 16:49:28 2008 [1;37mBrooks[0m killed [30m[1mMumm-Ra[0m.
Sat Apr 19 05:53:37 2008 [1;37mHercules[0m killed [30m[1mMumm-Ra[0m.
Sat Apr 19 07:09:50 2008 [1;37mHercules[0m killed [30m[1mMumm-Ra[0m.
Sat Apr 26 07:58:33 2008 [1;37mHercules[0m killed [30m[1mMumm-Ra[0m.
Sat Apr 26 13:19:57 2008 [1;37mHercules[0m killed [30m[1mMumm-Ra[0m.
Sun Apr 27 05:09:48 2008 [1;37mHercules[0m killed [30m[1mMumm-Ra[0m.
Sun Apr 27 12:25:35 2008 [1;37mHercules[0m killed [30m[1mMumm-Ra[0m.
Thu May  1 10:54:39 2008 [1;37mBrooks[0m killed [30m[1mMumm-Ra[0m.
Sat May  3 04:22:17 2008 [1;37mMosh[0m killed [30m[1mMumm-Ra[0m.
Sun May  4 12:41:19 2008 [1;37mBrak[0m killed [30m[1mMumm-Ra[0m.
Sat May 24 13:02:20 2008 [1;37mHercules[0m killed [30m[1mMumm-Ra[0m.
Wed May 28 01:28:44 2008 [1;37mHercules[0m killed [30m[1mMumm-Ra[0m.
Fri May 30 01:48:15 2008 [1;37mHercules[0m killed [30m[1mMumm-Ra[0m.
Sun Jun  1 01:34:35 2008 [1;37mHercules[0m killed [30m[1mMumm-Ra[0m.
Mon Jun  9 11:05:18 2008 [1;37mBrooks[0m killed [30m[1mMumm-Ra[0m.
Tue Jun 10 13:56:00 2008 [1;37mBrooks[0m killed [30m[1mMumm-Ra[0m.
Wed Jun 11 10:13:03 2008 [1;37mBrooks[0m killed [30m[1mMumm-Ra[0m.
Fri Jun 13 20:48:48 2008 [1;37mBlameless[0m killed [30m[1mMumm-Ra[0m.
Sat Jun 14 17:12:52 2008 [1;37mBlameless[0m killed [30m[1mMumm-Ra[0m.
Wed Jun 25 20:05:49 2008 [1;37mBlameless[0m killed [30m[1mMumm-Ra[0m.
Tue Jul  1 03:36:34 2008 [1;37mHercules[0m killed [30m[1mMumm-Ra[0m.
Sat Jul  5 05:24:40 2008 [1;37mHercules[0m killed [30m[1mMumm-Ra[0m.
Sun Jul  6 03:48:35 2008 [1;37mBlameless[0m killed [30m[1mMumm-Ra[0m.
Sun Jul  6 17:15:55 2008 [1;37mBlameless[0m killed [30m[1mMumm-Ra[0m.
Fri Jul 18 17:53:26 2008 [1;37mHercules[0m killed [30m[1mMumm-Ra[0m.
Wed Aug  6 09:20:59 2008 [1;37mHercules[0m killed [30m[1mMumm-Ra[0m.
Tue Aug 12 14:20:01 2008 [1;37mHercules[0m killed [30m[1mMumm-Ra[0m.
Mon Aug 18 14:09:25 2008 [1;37mHercules[0m killed [30m[1mMumm-Ra[0m.
Sat Aug 23 14:00:34 2008 [1;37mHercules[0m killed [30m[1mMumm-Ra[0m.
Fri Sep 12 20:49:45 2008 [1;37mTeepo[0m killed [30m[1mMumm-Ra[0m.
Sat Sep 13 03:25:06 2008 [1;37mHercules[0m killed [30m[1mMumm-Ra[0m.
Thu Nov 27 11:49:18 2008 [1;37mHercules[0m killed [30m[1mMumm-Ra[0m.
Thu Nov 27 17:42:27 2008 [1;37mHercules[0m killed [30m[1mMumm-Ra[0m.
Sat Mar 14 18:19:23 2009 [1;37mViper[0m killed [30m[1mMumm-Ra[0m.
Wed Mar 25 03:34:45 2009 [1;37mJacob[0m killed [30m[1mMumm-Ra[0m.
Fri Apr 10 18:31:44 2009 [1;37mHercules[0m killed [30m[1mMumm-Ra[0m.
Tue Apr 14 14:46:50 2009 [1;37mJaster[0m killed [30m[1mMumm-Ra[0m.
Thu Apr 16 00:14:08 2009 [1;37mDeathseeker[0m killed [30m[1mMumm-Ra[0m.
Fri Apr 17 01:09:51 2009 [1;37mHercules[0m killed [30m[1mMumm-Ra[0m.
Fri Apr 24 12:42:34 2009 [1;37mHercules[0m killed [30m[1mMumm-Ra[0m.
Wed Apr 29 15:14:43 2009 [1;37mFervens[0m killed [30m[1mMumm-Ra[0m.
Wed Apr 29 23:29:35 2009 [1;37mFervens[0m killed [30m[1mMumm-Ra[0m.
Thu Apr 30 14:33:11 2009 [1;37mFervens[0m killed [30m[1mMumm-Ra[0m.
Thu Apr 30 20:40:58 2009 [1;37mFervens[0m killed [30m[1mMumm-Ra[0m.
Sun May  3 04:53:11 2009 [1;37mFervens[0m killed [30m[1mMumm-Ra[0m.
Sat Jun 20 13:52:52 2009 [1;37mWhitehawk[0m killed [30m[1mMumm-Ra[0m.
Sun Jun 21 17:40:13 2009 [1;37mSin[0m killed [30m[1mMumm-Ra[0m.
Fri Jul  3 01:06:24 2009 [1;37mGargoyle[0m killed [30m[1mMumm-Ra[0m.
Fri Jul  3 23:28:51 2009 [1;37mGargoyle[0m killed [30m[1mMumm-Ra[0m.
Sat Jul  4 14:06:46 2009 [1;37mReptile[0m killed [30m[1mMumm-Ra[0m.
Mon Jul  6 23:52:27 2009 [1;37mGargoyle[0m killed [30m[1mMumm-Ra[0m.
Thu Jul 16 00:56:52 2009 [1;37mGargoyle[0m killed [30m[1mMumm-Ra[0m.
Sat Aug  8 16:05:53 2009 [1;37mGargoyle[0m killed [30m[1mMumm-Ra[0m.
Tue Aug 11 12:30:51 2009 [1;37mWebslinger[0m killed [30m[1mMumm-Ra[0m.
Fri Aug 14 09:38:57 2009 [1;37mRukia[0m killed [30m[1mMumm-Ra[0m.
Tue Sep 15 21:01:35 2009 [1;37mEggo[0m killed [30m[1mMumm-Ra[0m.
Sat Sep 26 18:16:04 2009 [1;37mSilverpaw[0m killed [30m[1mMumm-Ra[0m.
Sun Oct 18 19:10:24 2009 [1;37mCoglin[0m killed [30m[1mMumm-Ra[0m.
Sun Nov  1 14:15:05 2009 [1;37mCoglin[0m killed [30m[1mMumm-Ra[0m.
Mon Nov  2 12:20:34 2009 [1;37mTimespliter[0m killed [30m[1mMumm-Ra[0m.
Tue Dec  1 12:13:55 2009 [1;37mMosh[0m killed [30m[1mMumm-Ra[0m.
Thu Dec 17 12:22:47 2009 [1;37mEnigma[0m killed [30m[1mMumm-Ra[0m.
Mon Jan 11 23:49:50 2010 [1;37mDarknesss[0m killed [30m[1mMumm-Ra[0m.
Sun Apr  4 17:10:09 2010 [1;37mJaster[0m killed [30m[1mMumm-Ra[0m.
Tue May  4 20:32:26 2010 [1;37mAvant[0m killed [30m[1mMumm-Ra[0m.
Sat Jun  5 18:07:07 2010 [1;37mCooper[0m killed [30m[1mMumm-Ra[0m.
Sun Jun 13 19:06:09 2010 [1;37mMobic[0m killed [30m[1mMumm-Ra[0m.
Mon Jun 14 22:27:13 2010 [1;37mMobic[0m killed [30m[1mMumm-Ra[0m.
Sat Jun 19 21:23:15 2010 [1;37mMobic[0m killed [30m[1mMumm-Ra[0m.
Fri Jun 25 01:42:04 2010 [1;37mMobic[0m killed [30m[1mMumm-Ra[0m.
Sun Jun 27 20:21:41 2010 [1;37mMobic[0m killed [30m[1mMumm-Ra[0m.
Tue Jun 29 00:02:24 2010 [1;37mHerger[0m killed [30m[1mMumm-Ra[0m.
Wed Jul  7 22:55:23 2010 [1;37mMobic[0m killed [30m[1mMumm-Ra[0m.
Sun Jul 11 21:47:25 2010 [1;37mMobic[0m killed [30m[1mMumm-Ra[0m.
Sun Jul 11 23:26:01 2010 [1;37mCoglin[0m killed [30m[1mMumm-Ra[0m.
Sat Jul 17 02:36:17 2010 [1;37mDeathKnight[0m killed [30m[1mMumm-Ra[0m.
Sat Jul 17 12:56:32 2010 [1;37mMobic[0m killed [30m[1mMumm-Ra[0m.
Sun Aug  1 11:10:18 2010 [1;37mCooper[0m killed [30m[1mMumm-Ra[0m.
Sun Aug  1 15:45:00 2010 [1;37mShojiro[0m killed [30m[1mMumm-Ra[0m.
Sun Aug 22 15:47:21 2010 [1;37mCoglin[0m killed [30m[1mMumm-Ra[0m.
Thu Oct  7 12:40:54 2010 [1;37mKurupt[0m killed [30m[1mMumm-Ra[0m.
Sun Dec  5 21:42:29 2010 [1;37mCooper[0m killed [30m[1mMumm-Ra[0m.
Sat Dec 11 11:35:44 2010 [1;37mHeinous[0m killed [30m[1mMumm-Ra[0m.
Sun Dec 12 00:01:16 2010 [1;37mWulfgar[0m killed [30m[1mMumm-Ra[0m.
Wed Dec 15 17:02:07 2010 [1;37mHeinous[0m killed [30m[1mMumm-Ra[0m.
Sat Dec 18 13:27:57 2010 [1;37mHeinous[0m killed [30m[1mMumm-Ra[0m.
Wed Dec 22 21:40:18 2010 [1;37mHeinous[0m killed [30m[1mMumm-Ra[0m.
Wed Dec 29 23:12:54 2010 [1;37mJester[0m killed [30m[1mMumm-Ra[0m.
Fri Dec 31 18:36:54 2010 [1;37mJester[0m killed [30m[1mMumm-Ra[0m.
Sat Jan  1 02:17:35 2011 [1;37mWulfgar[0m killed [30m[1mMumm-Ra[0m.
Sun Jan 30 03:24:46 2011 [1;37mBilbill[0m killed [30m[1mMumm-Ra[0m.
Thu Feb  3 23:05:59 2011 [1;37mWulfgar[0m killed [30m[1mMumm-Ra[0m.
Fri Feb  4 04:25:44 2011 [1;37mWulfgar[0m killed [30m[1mMumm-Ra[0m.
Tue Feb  8 16:42:26 2011 [1;37mSquall[0m killed [30m[1mMumm-Ra[0m.
Tue Feb  8 22:08:31 2011 [1;37mSquall[0m killed [30m[1mMumm-Ra[0m.
Thu Feb 10 19:51:05 2011 [1;37mSquall[0m killed [30m[1mMumm-Ra[0m.
Sun Aug 28 14:42:24 2011 [1;37mJellek[0m killed [30m[1mMumm-Ra[0m.
Thu Nov 10 23:03:05 2011 [1;37mVegeta[0m killed [30m[1mMumm-Ra[0m.
Sun Mar  4 16:36:02 2012 [1;37mHumble[0m killed [30m[1mMumm-Ra[0m.
Sat Mar 23 14:19:28 2013 [1;37mDiesel[0m killed [30m[1mMumm-Ra[0m.
Sun Mar 24 20:42:06 2013 [1;37mJellek[0m killed [30m[1mMumm-Ra[0m.
Wed Mar 27 10:13:01 2013 [1;37mSilverpaw[0m killed [30m[1mMumm-Ra[0m.
Sat Apr 27 23:19:08 2013 [1;37mDeathKnight[0m killed [30m[1mMumm-Ra[0m.
Sat Dec  7 22:06:52 2013 [1;37mSami[0m killed [30m[1mMumm-Ra[0m.
Sat Dec 28 00:48:01 2013 [1;37mOzzy[0m killed [30m[1mMumm-Ra[0m.
Thu Mar  6 22:32:07 2014 [1;37mKrash[0m killed [30m[1mMumm-Ra[0m.
Fri Mar  7 11:17:55 2014 [1;37mKrash[0m killed [30m[1mMumm-Ra[0m.
Sat Mar  8 18:39:49 2014 [1;37mKrash[0m killed [30m[1mMumm-Ra[0m.
Sat Mar  8 22:33:14 2014 [1;37mKrash[0m killed [30m[1mMumm-Ra[0m.
Sun Mar  9 03:07:01 2014 [1;37mKrash[0m killed [30m[1mMumm-Ra[0m.
Sun Mar  9 21:23:43 2014 [1;37mKrash[0m killed [30m[1mMumm-Ra[0m.
Mon Mar 10 00:49:06 2014 [1;37mKrash[0m killed [30m[1mMumm-Ra[0m.
Tue Mar 11 10:18:11 2014 [1;37mKrash[0m killed [30m[1mMumm-Ra[0m.
Tue Mar 11 14:54:50 2014 [1;37mKrash[0m killed [30m[1mMumm-Ra[0m.
Wed Mar 12 11:24:07 2014 [1;37mKrash[0m killed [30m[1mMumm-Ra[0m.
Fri Mar 14 10:25:42 2014 [1;37mKrash[0m killed [30m[1mMumm-Ra[0m.
Mon Mar 17 23:33:37 2014 [1;37mKrash[0m killed [30m[1mMumm-Ra[0m.
Wed Mar 19 00:21:06 2014 [1;37mKrash[0m killed [30m[1mMumm-Ra[0m.
Fri Mar 21 15:42:42 2014 [1;37mKrash[0m killed [30m[1mMumm-Ra[0m.
Wed Mar 26 12:35:58 2014 [1;37mKrash[0m killed [30m[1mMumm-Ra[0m.
Thu Mar 27 00:58:32 2014 [1;37mKrash[0m killed [30m[1mMumm-Ra[0m.
Thu Mar 27 23:40:30 2014 [1;37mKrash[0m killed [30m[1mMumm-Ra[0m.
Wed Apr  2 10:21:43 2014 [1;37mKrash[0m killed [30m[1mMumm-Ra[0m.
Thu Apr  3 10:17:42 2014 [1;37mKrash[0m killed [30m[1mMumm-Ra[0m.
Fri Apr 11 18:06:46 2014 [1;37mOzzy[0m killed [30m[1mMumm-Ra[0m.
Mon Apr 21 16:46:23 2014 [1;37mOzzy[0m killed [30m[1mMumm-Ra[0m.
Wed Apr 23 21:37:31 2014 [1;37mVanilla[0m killed [30m[1mMumm-Ra[0m.
Sun Apr 27 14:55:57 2014 [1;37mMarsellus[0m killed [30m[1mMumm-Ra[0m.
Sun May 11 19:10:14 2014 [1;37mNoxius[0m killed [30m[1mMumm-Ra[0m.
Sat May 31 16:34:24 2014 [1;37mCooper[0m killed [30m[1mMumm-Ra[0m.
Thu Jun  5 19:14:10 2014 [1;37mCooper[0m killed [30m[1mMumm-Ra[0m.
Fri Jun 13 18:44:56 2014 [1;37mCooper[0m killed [30m[1mMumm-Ra[0m.
Sat Jun 14 11:41:28 2014 [1;37mCooper[0m killed [30m[1mMumm-Ra[0m.
Sun Jun 15 09:15:30 2014 [1;37mCooper[0m killed [30m[1mMumm-Ra[0m.
Sun Jun 15 22:43:21 2014 [1;37mCooper[0m killed [30m[1mMumm-Ra[0m.
Fri Jun 20 20:34:28 2014 [1;37mCooper[0m killed [30m[1mMumm-Ra[0m.
Thu Jul  3 01:00:38 2014 [1;37mCooper[0m killed [30m[1mMumm-Ra[0m.
Fri Jul  4 09:38:49 2014 [1;37mCooper[0m killed [30m[1mMumm-Ra[0m.
Sat Jul  5 18:21:55 2014 [1;37mCooper[0m killed [30m[1mMumm-Ra[0m.
Sun Jul  6 08:10:22 2014 [1;37mCooper[0m killed [30m[1mMumm-Ra[0m.
Thu Jul 10 23:11:12 2014 [1;37mCooper[0m killed [30m[1mMumm-Ra[0m.
Fri Jul 11 18:24:50 2014 [1;37mCooper[0m killed [30m[1mMumm-Ra[0m.
Sat Jul 12 23:25:35 2014 [1;37mCooper[0m killed [30m[1mMumm-Ra[0m.
Sun Jul 13 13:41:20 2014 [1;37mWallace[0m killed [30m[1mMumm-Ra[0m.
Fri Jul 18 21:12:02 2014 [1;37mCooper[0m killed [30m[1mMumm-Ra[0m.
Sat Jul 19 08:53:53 2014 [1;37mTeepo[0m killed [30m[1mMumm-Ra[0m.
Sat Aug  2 12:03:32 2014 [1;37mCooper[0m killed [30m[1mMumm-Ra[0m.
Sun Aug 10 10:27:16 2014 [1;37mCooper[0m killed [30m[1mMumm-Ra[0m.
Sun Aug 17 21:57:24 2014 [1;37mCooper[0m killed [30m[1mMumm-Ra[0m.
Fri Aug 22 09:57:30 2014 [1;37mCooper[0m killed [30m[1mMumm-Ra[0m.
Sat Aug 30 20:00:54 2014 [1;37mKrillgeta[0m killed [30m[1mMumm-Ra[0m.
Sun Aug 31 19:03:23 2014 [1;37mSilverpaw[0m killed [30m[1mMumm-Ra[0m.
Mon Sep  1 12:27:28 2014 [1;37mSilverwind[0m killed [30m[1mMumm-Ra[0m.
Sun Sep  7 20:17:23 2014 [1;37mCooper[0m killed [30m[1mMumm-Ra[0m.
Sun Sep 14 22:23:11 2014 [1;37mTeepo[0m killed [30m[1mMumm-Ra[0m.
Sat Sep 20 07:34:25 2014 [1;37mLok[0m killed [30m[1mMumm-Ra[0m.
Sun Sep 21 11:05:57 2014 [1;37mCooper[0m killed [30m[1mMumm-Ra[0m.
Sun Oct 26 15:13:04 2014 [1;37mJaster[0m killed [30m[1mMumm-Ra[0m.
Tue Nov  4 13:52:21 2014 [1;37mChrono[0m killed [30m[1mMumm-Ra[0m.
Mon Mar  2 21:29:46 2015 [1;37mTimespliter[0m killed [30m[1mMumm-Ra[0m.
Sun Apr 26 10:04:59 2015 [1;37mCooper[0m killed [30m[1mMumm-Ra[0m.
Thu Apr 30 18:52:47 2015 [1;37mCooper[0m killed [30m[1mMumm-Ra[0m.
Thu Apr 30 20:55:18 2015 [1;37mMosh[0m killed [30m[1mMumm-Ra[0m.
Sat May  2 09:05:03 2015 [1;37mCooper[0m killed [30m[1mMumm-Ra[0m.
Sat May  2 16:17:41 2015 [1;37mCooper[0m killed [30m[1mMumm-Ra[0m.
Mon May 11 22:22:50 2015 [1;37mGogeta[0m killed [30m[1mMumm-Ra[0m.
Mon Jul 20 23:11:47 2015 [1;37mCooper[0m killed [30m[1mMumm-Ra[0m.
Wed Jul 29 10:59:36 2015 [1;37mCooper[0m killed [30m[1mMumm-Ra[0m.
Sun Aug  9 09:55:50 2015 [1;37mSilverwind[0m killed [30m[1mMumm-Ra[0m.
Mon Aug 10 22:58:20 2015 [1;37mShadowbane[0m killed [30m[1mMumm-Ra[0m.
Fri Aug 14 22:29:36 2015 [1;37mHumble[0m killed [30m[1mMumm-Ra[0m.
Mon Aug 17 18:40:04 2015 [1;37mSilverwind[0m killed [30m[1mMumm-Ra[0m.
Mon Sep  7 09:52:04 2015 [1;37mMysticfire[0m killed [30m[1mMumm-Ra[0m.
Fri Sep 18 21:06:29 2015 [1;37mTimespliter[0m killed [30m[1mMumm-Ra[0m.
Tue Oct  6 13:24:47 2015 [1;37mChrono[0m killed [30m[1mMumm-Ra[0m.
Thu Oct  8 18:20:47 2015 [1;37mChrono[0m killed [30m[1mMumm-Ra[0m.
Sat Jun  4 12:01:30 2016 [1;37mCooper[0m killed [30m[1mMumm-Ra[0m.
Sat Jun  4 15:50:23 2016 [1;37mCooper[0m killed [30m[1mMumm-Ra[0m.
Sun Jun  5 09:27:51 2016 [1;37mCooper[0m killed [30m[1mMumm-Ra[0m.
Thu Sep 15 09:22:02 2016 [1;37mChrono[0m killed [30m[1mMumm-Ra[0m.
Mon Oct 17 11:22:27 2016 [1;37mDragnar[0m killed [30m[1mMumm-Ra[0m.
Fri Oct 28 12:48:06 2016 [1;37mDreadbane[0m killed [30m[1mMumm-Ra[0m.
Mon Oct 31 15:46:44 2016 [1;37mDarude[0m killed [30m[1mMumm-Ra[0m.
Fri Jan 13 11:05:21 2017 [1;37mDarude[0m killed [30m[1mMumm-Ra[0m.
