Sat Sep  3 22:01:25 2005 [30m[1mGlaxgor[2;37;0m killed [1;37mLingering Spirit[2;37;0m.
Sun Sep 25 16:33:15 2005 [30m[1mOz[2;37;0m killed [1;37mLingering Spirit[2;37;0m.
Fri Sep 30 04:22:09 2005 [30m[1mUpus[2;37;0m killed [1;37mLingering Spirit[2;37;0m.
Fri Sep 30 10:11:13 2005 [30m[1mBudce[2;37;0m killed [1;37mLingering Spirit[2;37;0m.
Sat Oct  1 05:39:32 2005 [30m[1mUpus[2;37;0m killed [1;37mLingering Spirit[2;37;0m.
Sat Oct  1 22:27:51 2005 [30m[1mUpus[2;37;0m killed [1;37mLingering Spirit[2;37;0m.
Sat Oct  8 00:05:30 2005 [30m[1mUpus[2;37;0m killed [1;37mLingering Spirit[2;37;0m.
Sat Oct  8 13:20:49 2005 [30m[1mJaraxle[2;37;0m killed [1;37mLingering Spirit[2;37;0m.
Tue Oct 18 21:51:03 2005 [30m[1mOz[2;37;0m killed [1;37mLingering Spirit[2;37;0m.
Sat Oct 22 03:28:07 2005 [30m[1mUpus[2;37;0m killed [1;37mLingering Spirit[2;37;0m.
Sat Oct 22 12:55:57 2005 [30m[1mOz[2;37;0m killed [1;37mLingering Spirit[2;37;0m.
Wed Oct 26 05:47:13 2005 [30m[1mUpus[2;37;0m killed [1;37mLingering Spirit[2;37;0m.
Fri Oct 28 23:07:51 2005 [30m[1mUpus[2;37;0m killed [1;37mLingering Spirit[2;37;0m.
Sat Oct 29 18:12:26 2005 [30m[1mOz[2;37;0m killed [1;37mLingering Spirit[2;37;0m.
Sun Oct 30 21:29:23 2005 [30m[1mRick[2;37;0m killed [1;37mLingering Spirit[2;37;0m.
Wed Nov  9 22:09:43 2005 [30m[1mStardrifter[2;37;0m killed [1;37mLingering Spirit[2;37;0m.
Fri Nov 11 02:29:56 2005 [30m[1mStardrifter[2;37;0m killed [1;37mLingering Spirit[2;37;0m.
Sun Nov 20 04:48:48 2005 [30m[1mStardrifter[2;37;0m killed [1;37mLingering Spirit[2;37;0m.
Sun Nov 20 19:55:53 2005 [30m[1mWallace[2;37;0m killed [1;37mLingering Spirit[2;37;0m.
Tue Nov 22 17:23:13 2005 [30m[1mWallace[2;37;0m killed [1;37mLingering Spirit[2;37;0m.
Tue Nov 22 23:07:37 2005 [30m[1mVahiti[2;37;0m killed [1;37mLingering Spirit[2;37;0m.
Wed Nov 23 15:28:51 2005 [30m[1mWhitehawk[2;37;0m killed [1;37mLingering Spirit[2;37;0m.
Thu Nov 24 22:42:23 2005 [30m[1mPimpjuice[2;37;0m killed [1;37mLingering Spirit[2;37;0m.
Fri Nov 25 19:29:29 2005 [30m[1mAlexa[2;37;0m killed [1;37mLingering Spirit[2;37;0m.
Sat Nov 26 11:18:53 2005 [30m[1mMosh[2;37;0m killed [1;37mLingering Spirit[2;37;0m.
Sun Nov 27 08:05:25 2005 [30m[1mPimpjuice[2;37;0m killed [1;37mLingering Spirit[2;37;0m.
Tue Nov 29 11:45:35 2005 [30m[1mPimpjuice[2;37;0m killed [1;37mLingering Spirit[2;37;0m.
Wed Nov 30 02:33:15 2005 [30m[1mSpringdawn[2;37;0m killed [1;37mLingering Spirit[2;37;0m.
Wed Nov 30 22:31:58 2005 [30m[1mPsi[2;37;0m killed [1;37mLingering Spirit[2;37;0m.
Thu Dec  1 12:21:47 2005 [30m[1mPimpjuice[2;37;0m killed [1;37mLingering Spirit[2;37;0m.
Thu Dec  1 22:15:30 2005 [30m[1mCortez[2;37;0m killed [1;37mLingering Spirit[2;37;0m.
Sat Dec  3 23:46:58 2005 [30m[1mUpus[2;37;0m killed [1;37mLingering Spirit[2;37;0m.
Sun Dec  4 19:27:55 2005 [30m[1mAlexa[2;37;0m killed [1;37mLingering Spirit[2;37;0m.
Mon Dec  5 00:35:03 2005 [30m[1mToranaga[2;37;0m killed [1;37mLingering Spirit[2;37;0m.
Wed Dec  7 17:46:50 2005 [30m[1mOz[2;37;0m killed [1;37mLingering Spirit[2;37;0m.
Wed Dec  7 21:57:58 2005 [30m[1mMarlboro[2;37;0m killed [1;37mLingering Spirit[2;37;0m.
Thu Dec  8 01:43:19 2005 [30m[1mOz[2;37;0m killed [1;37mLingering Spirit[2;37;0m.
Sun Dec 11 01:56:15 2005 [30m[1mSeymour[2;37;0m killed [1;37mLingering Spirit[2;37;0m.
Thu Dec 15 10:08:10 2005 [30m[1mOz[2;37;0m killed [1;37mLingering Spirit[2;37;0m.
Sun Dec 18 16:15:52 2005 [30m[1mOz[2;37;0m killed [1;37mLingering Spirit[2;37;0m.
Fri Dec 23 19:45:56 2005 [30m[1mSin[2;37;0m killed [1;37mLingering Spirit[2;37;0m.
Wed Jan 11 18:21:41 2006 [30m[1mHercules[2;37;0m killed [1;37mLingering Spirit[2;37;0m.
Fri Jan 13 17:19:04 2006 [30m[1mSin[2;37;0m killed [1;37mLingering Spirit[2;37;0m.
Wed Jan 18 20:31:40 2006 [30m[1mOz[2;37;0m killed [1;37mLingering Spirit[2;37;0m.
Sat Jan 21 14:12:04 2006 [30m[1mMosh[2;37;0m killed [1;37mLingering Spirit[2;37;0m.
Mon Jan 23 15:13:18 2006 [30m[1mMosh[2;37;0m killed [1;37mLingering Spirit[2;37;0m.
Mon Jan 23 20:32:12 2006 [30m[1mSin[2;37;0m killed [1;37mLingering Spirit[2;37;0m.
Sun Jan 29 15:02:58 2006 [30m[1mSephiroth[2;37;0m killed [1;37mLingering Spirit[2;37;0m.
Thu Feb  2 09:58:07 2006 [30m[1mVahiti[2;37;0m killed [1;37mLingering Spirit[2;37;0m.
Sat Feb  4 00:12:29 2006 [30m[1mTyr[2;37;0m killed [1;37mLingering Spirit[2;37;0m.
Sat Feb  4 20:43:59 2006 [30m[1mTyr[2;37;0m killed [1;37mLingering Spirit[2;37;0m.
Tue Feb  7 11:20:21 2006 [30m[1mVahiti[2;37;0m killed [1;37mLingering Spirit[2;37;0m.
Sat Feb 11 18:53:48 2006 [30m[1mTyr[2;37;0m killed [1;37mLingering Spirit[2;37;0m.
Sat Feb 11 20:56:49 2006 [30m[1mTyr[2;37;0m killed [1;37mLingering Spirit[2;37;0m.
Sat Feb 18 23:24:30 2006 [30m[1mTyr[2;37;0m killed [1;37mLingering Spirit[2;37;0m.
Mon Feb 20 20:24:12 2006 [30m[1mTombsurfer[2;37;0m killed [1;37mLingering Spirit[2;37;0m.
Tue Feb 21 20:23:16 2006 [30m[1mTyr[2;37;0m killed [1;37mLingering Spirit[2;37;0m.
Sat Feb 25 14:33:25 2006 [30m[1mTyr[2;37;0m killed [1;37mLingering Spirit[2;37;0m.
Mon Feb 27 18:20:46 2006 [30m[1mSin[2;37;0m killed [1;37mLingering Spirit[2;37;0m.
Wed Mar  1 20:24:40 2006 [30m[1mTyr[2;37;0m killed [1;37mLingering Spirit[2;37;0m.
Thu Mar  2 04:24:32 2006 [30m[1mSephiroth[2;37;0m killed [1;37mLingering Spirit[2;37;0m.
Fri Mar  3 18:47:57 2006 [30m[1mTyr[2;37;0m killed [1;37mLingering Spirit[2;37;0m.
Sat Mar 11 08:03:36 2006 [30m[1mAlexa[2;37;0m killed [1;37mLingering Spirit[2;37;0m.
Sat Mar 11 14:24:54 2006 [30m[1mStardrifter[2;37;0m killed [1;37mLingering Spirit[2;37;0m.
Sat Mar 11 23:17:32 2006 [30m[1mAlexa[2;37;0m killed [1;37mLingering Spirit[2;37;0m.
Sun Mar 12 11:47:26 2006 [30m[1mMosh[2;37;0m killed [1;37mLingering Spirit[2;37;0m.
Sat Mar 18 08:54:38 2006 [30m[1mAlexa[2;37;0m killed [1;37mLingering Spirit[2;37;0m.
Sun Mar 19 03:58:30 2006 [30m[1mGogeta[2;37;0m killed [1;37mLingering Spirit[2;37;0m.
Sun Mar 19 13:05:20 2006 [30m[1mStardrifter[2;37;0m killed [1;37mLingering Spirit[2;37;0m.
Tue Mar 21 13:24:45 2006 [30m[1mRiddick[2;37;0m killed [1;37mLingering Spirit[2;37;0m.
Wed Mar 22 03:17:39 2006 [30m[1mSephiroth[2;37;0m killed [1;37mLingering Spirit[2;37;0m.
Fri Mar 31 00:43:19 2006 [30m[1mPimpjuice[2;37;0m killed [1;37mLingering Spirit[2;37;0m.
Fri Mar 31 05:23:44 2006 [30m[1mSalina[2;37;0m killed [1;37mLingering Spirit[2;37;0m.
Tue Apr  4 00:07:23 2006 [30m[1mJaz[2;37;0m killed [1;37mLingering Spirit[2;37;0m.
Wed Apr  5 04:25:56 2006 [30m[1mPimpjuice[2;37;0m killed [1;37mLingering Spirit[2;37;0m.
Sun Apr  9 04:18:18 2006 [30m[1mPimpjuice[2;37;0m killed [1;37mLingering Spirit[2;37;0m.
Mon Apr 10 11:57:06 2006 [30m[1mDeathKnight[2;37;0m killed [1;37mLingering Spirit[2;37;0m.
Wed Apr 12 10:51:20 2006 [30m[1mSalina[2;37;0m killed [1;37mLingering Spirit[2;37;0m.
Fri Apr 14 00:28:45 2006 [30m[1mSephiroth[2;37;0m killed [1;37mLingering Spirit[2;37;0m.
Tue Apr 18 03:29:36 2006 [30m[1mThomas[2;37;0m killed [1;37mLingering Spirit[2;37;0m.
Wed Apr 19 00:25:37 2006 [30m[1mChett[2;37;0m killed [1;37mLingering Spirit[2;37;0m.
Thu Apr 20 21:29:00 2006 [30m[1mRibbit[2;37;0m killed [1;37mLingering Spirit[2;37;0m.
Sat Apr 22 14:39:29 2006 [30m[1mHoyle[2;37;0m killed [1;37mLingering Spirit[2;37;0m.
Sun Apr 23 16:47:21 2006 [30m[1mHoyle[2;37;0m killed [1;37mLingering Spirit[2;37;0m.
Mon Apr 24 01:14:43 2006 [30m[1mPimpjuice[2;37;0m killed [1;37mLingering Spirit[2;37;0m.
Tue Apr 25 01:01:05 2006 [30m[1mDeathKnight[2;37;0m killed [1;37mLingering Spirit[2;37;0m.
Tue Apr 25 11:06:50 2006 [30m[1mMaul[2;37;0m killed [1;37mLingering Spirit[2;37;0m.
Wed Apr 26 00:50:22 2006 [30m[1mRiddick[2;37;0m killed [1;37mLingering Spirit[2;37;0m.
Thu Apr 27 08:21:35 2006 [30m[1mMaul[2;37;0m killed [1;37mLingering Spirit[2;37;0m.
Thu Apr 27 09:54:49 2006 [30m[1mBackwards[2;37;0m killed [1;37mLingering Spirit[2;37;0m.
Thu Apr 27 16:08:13 2006 [30m[1mDeathKnight[2;37;0m killed [1;37mLingering Spirit[2;37;0m.
Tue May  2 01:01:50 2006 [30m[1mSundin[2;37;0m killed [1;37mLingering Spirit[2;37;0m.
Thu May  4 10:29:24 2006 [30m[1mMaul[2;37;0m killed [1;37mLingering Spirit[2;37;0m.
Thu May  4 16:24:54 2006 [30m[1mSmack[2;37;0m killed [1;37mLingering Spirit[2;37;0m.
Thu May  4 21:38:06 2006 [30m[1mSmack[2;37;0m killed [1;37mLingering Spirit[2;37;0m.
Sun May  7 09:59:35 2006 [30m[1mMobic[2;37;0m killed [1;37mLingering Spirit[2;37;0m.
Tue May  9 20:07:59 2006 [30m[1mWar[2;37;0m killed [1;37mLingering Spirit[2;37;0m.
Thu May 18 00:44:49 2006 [30m[1mThomas[2;37;0m killed [1;37mLingering Spirit[2;37;0m.
Thu May 18 20:00:33 2006 [30m[1mHoyle[2;37;0m killed [1;37mLingering Spirit[2;37;0m.
Thu May 25 17:40:22 2006 [30m[1mDeathKnight[2;37;0m killed [1;37mLingering Spirit[2;37;0m.
Sun May 28 02:29:55 2006 [30m[1mDeathKnight[2;37;0m killed [1;37mLingering Spirit[2;37;0m.
Tue May 30 01:37:18 2006 [30m[1mSoltan[2;37;0m killed [1;37mLingering Spirit[2;37;0m.
Wed May 31 00:33:04 2006 [30m[1mVegeta[2;37;0m killed [1;37mLingering Spirit[2;37;0m.
Thu Jun  1 21:13:20 2006 [30m[1mSoltan[2;37;0m killed [1;37mLingering Spirit[2;37;0m.
Sat Jun  3 03:18:46 2006 [30m[1mLungbutter[2;37;0m killed [1;37mLingering Spirit[2;37;0m.
Sun Jun  4 00:12:22 2006 [30m[1mSephiroth[2;37;0m killed [1;37mLingering Spirit[2;37;0m.
Tue Jun  6 00:38:38 2006 [30m[1mLungbutter[2;37;0m killed [1;37mLingering Spirit[2;37;0m.
Tue Jun  6 10:00:58 2006 [30m[1mVegeta[2;37;0m killed [1;37mLingering Spirit[2;37;0m.
Wed Jun  7 01:57:05 2006 [30m[1mFenris[2;37;0m killed [1;37mLingering Spirit[2;37;0m.
Wed Jun  7 05:43:24 2006 [30m[1mSaynt[2;37;0m killed [1;37mLingering Spirit[2;37;0m.
Thu Jun  8 09:42:08 2006 [30m[1mLungbutter[2;37;0m killed [1;37mLingering Spirit[2;37;0m.
Thu Jun  8 17:05:29 2006 [30m[1mLungbutter[2;37;0m killed [1;37mLingering Spirit[2;37;0m.
Fri Jun  9 17:46:56 2006 [30m[1mSaynt[2;37;0m killed [1;37mLingering Spirit[2;37;0m.
Wed Jun 14 11:16:31 2006 [30m[1mLungbutter[2;37;0m killed [1;37mLingering Spirit[2;37;0m.
Wed Jun 14 18:16:18 2006 [30m[1mLungbutter[2;37;0m killed [1;37mLingering Spirit[2;37;0m.
Wed Jun 14 23:54:05 2006 [30m[1mLungbutter[2;37;0m killed [1;37mLingering Spirit[2;37;0m.
Thu Jun 15 23:48:20 2006 [30m[1mTeiannia[2;37;0m killed [1;37mLingering Spirit[2;37;0m.
Sun Jun 18 03:58:20 2006 [30m[1mSephiroth[2;37;0m killed [1;37mLingering Spirit[2;37;0m.
Mon Jun 19 00:29:26 2006 [30m[1mSaynt[2;37;0m killed [1;37mLingering Spirit[2;37;0m.
Mon Jun 19 11:48:09 2006 [30m[1mWhitehawk[2;37;0m killed [1;37mLingering Spirit[2;37;0m.
Tue Jun 20 01:21:07 2006 [30m[1mSaynt[2;37;0m killed [1;37mLingering Spirit[2;37;0m.
Wed Jun 21 02:43:37 2006 [30m[1mJuggernaut[2;37;0m killed [1;37mLingering Spirit[2;37;0m.
Thu Jun 22 02:38:00 2006 [30m[1mEver[2;37;0m killed [1;37mLingering Spirit[2;37;0m.
Thu Jun 22 14:36:31 2006 [30m[1mVahiti[2;37;0m killed [1;37mLingering Spirit[2;37;0m.
Fri Jun 23 02:42:52 2006 [30m[1mMuerte[2;37;0m killed [1;37mLingering Spirit[2;37;0m.
Sat Jun 24 15:10:36 2006 [30m[1mSaynt[2;37;0m killed [1;37mLingering Spirit[2;37;0m.
Sun Jun 25 02:15:52 2006 [30m[1mDeathKnight[2;37;0m killed [1;37mLingering Spirit[2;37;0m.
Mon Jun 26 03:04:10 2006 [30m[1mEver[2;37;0m killed [1;37mLingering Spirit[2;37;0m.
Wed Jun 28 00:07:27 2006 [30m[1mEver[2;37;0m killed [1;37mLingering Spirit[2;37;0m.
Wed Jun 28 20:37:55 2006 [30m[1mEvolution[2;37;0m killed [1;37mLingering Spirit[2;37;0m.
Fri Jun 30 02:42:19 2006 [30m[1mEver[2;37;0m killed [1;37mLingering Spirit[2;37;0m.
Sun Jul  2 10:06:44 2006 [30m[1mEver[2;37;0m killed [1;37mLingering Spirit[2;37;0m.
Wed Jul  5 19:03:22 2006 [30m[1mParasite[2;37;0m killed [1;37mLingering Spirit[2;37;0m.
Thu Jul  6 02:23:05 2006 [30m[1mEver[2;37;0m killed [1;37mLingering Spirit[2;37;0m.
Thu Jul  6 19:18:28 2006 [30m[1mThadeus[2;37;0m killed [1;37mLingering Spirit[2;37;0m.
Fri Jul  7 02:06:28 2006 [30m[1mEver[2;37;0m killed [1;37mLingering Spirit[2;37;0m.
Sat Jul  8 02:45:22 2006 [30m[1mDeathKnight[2;37;0m killed [1;37mLingering Spirit[2;37;0m.
Tue Jul 11 02:34:30 2006 [30m[1mEver[2;37;0m killed [1;37mLingering Spirit[2;37;0m.
Tue Jul 11 21:21:15 2006 [30m[1mVahiti[2;37;0m killed [1;37mLingering Spirit[2;37;0m.
Fri Jul 14 02:42:38 2006 [30m[1mEver[2;37;0m killed [1;37mLingering Spirit[2;37;0m.
Sat Jul 15 01:31:15 2006 [30m[1mEver[2;37;0m killed [1;37mLingering Spirit[2;37;0m.
Sat Jul 15 22:55:40 2006 [30m[1mEver[2;37;0m killed [1;37mLingering Spirit[2;37;0m.
Sun Jul 16 15:40:31 2006 [30m[1mEver[2;37;0m killed [1;37mLingering Spirit[2;37;0m.
Sun Jul 16 19:52:16 2006 [30m[1mEver[2;37;0m killed [1;37mLingering Spirit[2;37;0m.
Mon Jul 17 00:39:25 2006 [30m[1mEver[2;37;0m killed [1;37mLingering Spirit[2;37;0m.
Tue Jul 18 04:42:21 2006 [30m[1mBlizzard[2;37;0m killed [1;37mLingering Spirit[2;37;0m.
Tue Jul 18 18:01:28 2006 [30m[1mGogeta[2;37;0m killed [1;37mLingering Spirit[2;37;0m.
Fri Jul 21 10:47:02 2006 [30m[1mEver[2;37;0m killed [1;37mLingering Spirit[2;37;0m.
Wed Jul 26 23:11:20 2006 [30m[1mEver[2;37;0m killed [1;37mLingering Spirit[2;37;0m.
Thu Jul 27 02:01:46 2006 [30m[1mEver[2;37;0m killed [1;37mLingering Spirit[2;37;0m.
Sat Jul 29 23:15:07 2006 [30m[1mEver[2;37;0m killed [1;37mLingering Spirit[2;37;0m.
Sun Jul 30 15:52:37 2006 [30m[1mDeathKnight[2;37;0m killed [1;37mLingering Spirit[2;37;0m.
Mon Jul 31 20:35:44 2006 [30m[1mSephiroth[2;37;0m killed [1;37mLingering Spirit[2;37;0m.
Tue Aug  1 03:49:52 2006 [30m[1mEver[2;37;0m killed [1;37mLingering Spirit[2;37;0m.
Tue Aug  1 17:22:34 2006 [30m[1mIce[2;37;0m killed [1;37mLingering Spirit[2;37;0m.
Wed Aug  2 11:06:58 2006 [30m[1mLegend[2;37;0m killed [1;37mLingering Spirit[2;37;0m.
Thu Aug  3 04:53:12 2006 [30m[1mBlizzard[2;37;0m killed [1;37mLingering Spirit[2;37;0m.
Thu Aug  3 14:26:45 2006 [30m[1mIce[2;37;0m killed [1;37mLingering Spirit[2;37;0m.
Thu Aug  3 19:20:07 2006 [30m[1mIce[2;37;0m killed [1;37mLingering Spirit[2;37;0m.
Fri Aug  4 01:48:05 2006 [30m[1mEver[2;37;0m killed [1;37mLingering Spirit[2;37;0m.
Sat Aug  5 00:35:30 2006 [30m[1mEver[2;37;0m killed [1;37mLingering Spirit[2;37;0m.
Sun Aug  6 02:53:15 2006 [30m[1mWipeout[2;37;0m killed [1;37mLingering Spirit[2;37;0m.
Sun Aug  6 16:34:33 2006 [30m[1mEver[2;37;0m killed [1;37mLingering Spirit[2;37;0m.
Sun Aug  6 21:58:48 2006 [30m[1mEver[2;37;0m killed [1;37mLingering Spirit[2;37;0m.
Tue Aug  8 22:49:25 2006 [30m[1mEver[2;37;0m killed [1;37mLingering Spirit[2;37;0m.
Sat Aug 12 13:59:33 2006 [30m[1mEver[2;37;0m killed [1;37mLingering Spirit[2;37;0m.
Sun Aug 13 21:16:47 2006 [30m[1mAlexa[2;37;0m killed [1;37mLingering Spirit[2;37;0m.
Mon Aug 14 16:24:51 2006 [30m[1mFossil[2;37;0m killed [1;37mLingering Spirit[2;37;0m.
Tue Aug 15 09:45:52 2006 [30m[1mSalina[2;37;0m killed [1;37mLingering Spirit[2;37;0m.
Mon Aug 21 09:46:44 2006 [30m[1mLegacy[2;37;0m killed [1;37mLingering Spirit[2;37;0m.
Tue Aug 22 08:15:35 2006 [30m[1mHercules[2;37;0m killed [1;37mLingering Spirit[2;37;0m.
Tue Aug 22 11:20:28 2006 [30m[1mBlizzard[2;37;0m killed [1;37mLingering Spirit[2;37;0m.
Tue Aug 22 14:53:08 2006 [30m[1mLegacy[2;37;0m killed [1;37mLingering Spirit[2;37;0m.
Tue Aug 22 19:49:23 2006 [30m[1mHercules[2;37;0m killed [1;37mLingering Spirit[2;37;0m.
Wed Aug 23 02:26:36 2006 [30m[1mBlizzard[2;37;0m killed [1;37mLingering Spirit[2;37;0m.
Wed Aug 23 16:12:40 2006 [30m[1mBlizzard[2;37;0m killed [1;37mLingering Spirit[2;37;0m.
Wed Aug 23 19:38:27 2006 [30m[1mSephiroth[2;37;0m killed [1;37mLingering Spirit[2;37;0m.
Thu Aug 24 11:53:47 2006 [30m[1mBlizzard[2;37;0m killed [1;37mLingering Spirit[2;37;0m.
Thu Aug 24 22:09:36 2006 [30m[1mMoonflower[2;37;0m killed [1;37mLingering Spirit[2;37;0m.
Fri Aug 25 15:52:03 2006 [30m[1mSaynt[2;37;0m killed [1;37mLingering Spirit[2;37;0m.
Sun Aug 27 13:03:28 2006 [30m[1mTombsurfer[2;37;0m killed [1;37mLingering Spirit[2;37;0m.
Tue Aug 29 11:21:38 2006 [30m[1mWhitehawk[2;37;0m killed [1;37mLingering Spirit[2;37;0m.
Tue Aug 29 20:20:10 2006 [30m[1mHercules[2;37;0m killed [1;37mLingering Spirit[2;37;0m.
Wed Aug 30 00:37:12 2006 [30m[1mJubei[2;37;0m killed [1;37mLingering Spirit[2;37;0m.
Thu Aug 31 10:44:11 2006 [30m[1mPimpjuice[2;37;0m killed [1;37mLingering Spirit[2;37;0m.
Thu Aug 31 18:19:17 2006 [30m[1mJubei[2;37;0m killed [1;37mLingering Spirit[2;37;0m.
Thu Aug 31 22:52:27 2006 [30m[1mJubei[2;37;0m killed [1;37mLingering Spirit[2;37;0m.
Fri Sep  1 09:14:26 2006 [30m[1mMosh[2;37;0m killed [1;37mLingering Spirit[2;37;0m.
Sun Sep  3 13:15:06 2006 [30m[1mFenris[2;37;0m killed [1;37mLingering Spirit[2;37;0m.
Wed Sep  6 01:22:22 2006 [30m[1mWar[2;37;0m killed [1;37mLingering Spirit[2;37;0m.
Wed Sep  6 21:30:33 2006 [30m[1mEver[2;37;0m killed [1;37mLingering Spirit[2;37;0m.
Fri Sep  8 04:08:15 2006 [30m[1mJubei[2;37;0m killed [1;37mLingering Spirit[2;37;0m.
Fri Sep  8 13:05:23 2006 [30m[1mJubei[2;37;0m killed [1;37mLingering Spirit[2;37;0m.
Fri Sep  8 16:50:27 2006 [30m[1mJubei[2;37;0m killed [1;37mLingering Spirit[2;37;0m.
Sat Sep  9 01:10:22 2006 [30m[1mJubei[2;37;0m killed [1;37mLingering Spirit[2;37;0m.
Sun Sep 10 01:09:25 2006 [30m[1mSephiroth[2;37;0m killed [1;37mLingering Spirit[2;37;0m.
Sun Sep 10 16:22:08 2006 [30m[1mJubei[2;37;0m killed [1;37mLingering Spirit[2;37;0m.
Sun Sep 10 19:06:14 2006 [30m[1mJubei[2;37;0m killed [1;37mLingering Spirit[2;37;0m.
Mon Sep 11 02:47:33 2006 [30m[1mJubei[2;37;0m killed [1;37mLingering Spirit[2;37;0m.
Mon Sep 11 04:46:44 2006 [30m[1mJubei[2;37;0m killed [1;37mLingering Spirit[2;37;0m.
Mon Sep 11 14:48:44 2006 [30m[1mJubei[2;37;0m killed [1;37mLingering Spirit[2;37;0m.
Mon Sep 11 23:57:19 2006 [30m[1mBlizzard[2;37;0m killed [1;37mLingering Spirit[2;37;0m.
Tue Sep 12 12:46:25 2006 [30m[1mJubei[2;37;0m killed [1;37mLingering Spirit[2;37;0m.
Tue Sep 12 20:07:17 2006 [30m[1mJubei[2;37;0m killed [1;37mLingering Spirit[2;37;0m.
Tue Sep 12 23:53:06 2006 [30m[1mJubei[2;37;0m killed [1;37mLingering Spirit[2;37;0m.
Thu Sep 14 21:53:38 2006 [30m[1mBlizzard[2;37;0m killed [1;37mLingering Spirit[2;37;0m.
Fri Sep 15 17:54:39 2006 [30m[1mBlizzard[2;37;0m killed [1;37mLingering Spirit[2;37;0m.
Sat Sep 23 14:13:01 2006 [30m[1mBlizzard[2;37;0m killed [1;37mLingering Spirit[2;37;0m.
Tue Sep 26 15:42:44 2006 [30m[1mJubei[2;37;0m killed [1;37mLingering Spirit[2;37;0m.
Tue Sep 26 21:16:53 2006 [30m[1mRick[2;37;0m killed [1;37mLingering Spirit[2;37;0m.
Thu Sep 28 09:33:38 2006 [30m[1mMosh[2;37;0m killed [1;37mLingering Spirit[2;37;0m.
Thu Sep 28 21:58:31 2006 [30m[1mJubei[2;37;0m killed [1;37mLingering Spirit[2;37;0m.
Fri Sep 29 01:01:31 2006 [30m[1mJubei[2;37;0m killed [1;37mLingering Spirit[2;37;0m.
Sat Sep 30 05:23:21 2006 [30m[1mMosh[2;37;0m killed [1;37mLingering Spirit[2;37;0m.
Sat Sep 30 21:16:50 2006 [30m[1mFlap[2;37;0m killed [1;37mLingering Spirit[2;37;0m.
Tue Oct  3 10:57:19 2006 [30m[1mFossil[2;37;0m killed [1;37mLingering Spirit[2;37;0m.
Tue Oct  3 14:03:25 2006 [30m[1mCrip[2;37;0m killed [1;37mLingering Spirit[2;37;0m.
Tue Oct  3 18:51:23 2006 [30m[1mJubei[2;37;0m killed [1;37mLingering Spirit[2;37;0m.
Tue Oct  3 21:38:29 2006 [30m[1mJubei[2;37;0m killed [1;37mLingering Spirit[2;37;0m.
Wed Oct  4 01:23:42 2006 [30m[1mJubei[2;37;0m killed [1;37mLingering Spirit[2;37;0m.
Wed Oct  4 13:23:08 2006 [30m[1mJubei[2;37;0m killed [1;37mLingering Spirit[2;37;0m.
Wed Oct  4 23:51:06 2006 [30m[1mDara[2;37;0m killed [1;37mLingering Spirit[2;37;0m.
Fri Oct  6 00:35:35 2006 [30m[1mJubei[2;37;0m killed [1;37mLingering Spirit[2;37;0m.
Fri Oct  6 04:19:40 2006 [30m[1mJubei[2;37;0m killed [1;37mLingering Spirit[2;37;0m.
Fri Oct  6 18:07:59 2006 [30m[1mJubei[2;37;0m killed [1;37mLingering Spirit[2;37;0m.
Fri Oct  6 21:47:25 2006 [30m[1mJubei[2;37;0m killed [1;37mLingering Spirit[2;37;0m.
Sat Oct  7 01:17:45 2006 [30m[1mJubei[2;37;0m killed [1;37mLingering Spirit[2;37;0m.
Sat Oct  7 22:08:45 2006 [30m[1mJubei[2;37;0m killed [1;37mLingering Spirit[2;37;0m.
Sun Oct  8 11:48:37 2006 [30m[1mJubei[2;37;0m killed [1;37mLingering Spirit[2;37;0m.
Sun Oct  8 16:14:13 2006 [30m[1mJubei[2;37;0m killed [1;37mLingering Spirit[2;37;0m.
Sun Oct  8 20:45:35 2006 [30m[1mJubei[2;37;0m killed [1;37mLingering Spirit[2;37;0m.
Mon Oct  9 01:19:17 2006 [30m[1mJubei[2;37;0m killed [1;37mLingering Spirit[2;37;0m.
Mon Oct  9 17:34:54 2006 [30m[1mJubei[2;37;0m killed [1;37mLingering Spirit[2;37;0m.
Tue Oct 10 19:33:50 2006 [30m[1mJubei[2;37;0m killed [1;37mLingering Spirit[2;37;0m.
Thu Oct 12 18:41:08 2006 [30m[1mJubei[2;37;0m killed [1;37mLingering Spirit[2;37;0m.
Fri Oct 13 01:08:43 2006 [30m[1mJubei[2;37;0m killed [1;37mLingering Spirit[2;37;0m.
Fri Oct 13 15:56:21 2006 [30m[1mBloodangle[2;37;0m killed [1;37mLingering Spirit[2;37;0m.
Sun Oct 15 01:28:08 2006 [30m[1mDara[2;37;0m killed [1;37mLingering Spirit[2;37;0m.
Sun Oct 15 21:47:44 2006 [30m[1mJubei[2;37;0m killed [1;37mLingering Spirit[2;37;0m.
Mon Oct 16 22:25:37 2006 [30m[1mDara[2;37;0m killed [1;37mLingering Spirit[2;37;0m.
Tue Oct 17 17:01:13 2006 [30m[1mBloodangle[2;37;0m killed [1;37mLingering Spirit[2;37;0m.
Tue Oct 17 20:35:04 2006 [30m[1mJubei[2;37;0m killed [1;37mLingering Spirit[2;37;0m.
Wed Oct 18 22:58:45 2006 [30m[1mDara[2;37;0m killed [1;37mLingering Spirit[2;37;0m.
Thu Oct 19 04:04:27 2006 [30m[1mJubei[2;37;0m killed [1;37mLingering Spirit[2;37;0m.
Thu Oct 19 18:49:26 2006 [30m[1mGrog[2;37;0m killed [1;37mLingering Spirit[2;37;0m.
Sat Oct 21 19:54:17 2006 [30m[1mJubei[2;37;0m killed [1;37mLingering Spirit[2;37;0m.
Sun Oct 22 01:02:01 2006 [30m[1mKidia[2;37;0m killed [1;37mLingering Spirit[2;37;0m.
Tue Oct 24 01:25:50 2006 [30m[1mSaynt[2;37;0m killed [1;37mLingering Spirit[2;37;0m.
Thu Nov  2 23:02:26 2006 [30m[1mLich[2;37;0m killed [1;37mLingering Spirit[2;37;0m.
Sat Nov  4 18:45:32 2006 [30m[1mSephiroth[2;37;0m killed [1;37mLingering Spirit[2;37;0m.
Mon Nov  6 20:56:50 2006 [30m[1mBloodangle[2;37;0m killed [1;37mLingering Spirit[2;37;0m.
Fri Nov 10 00:50:43 2006 [30m[1mEver[2;37;0m killed [1;37mLingering Spirit[2;37;0m.
Sat Nov 11 23:00:03 2006 [30m[1mSticks[2;37;0m killed [1;37mLingering Spirit[2;37;0m.
Sun Nov 12 01:46:30 2006 [30m[1mDara[2;37;0m killed [1;37mLingering Spirit[2;37;0m.
Sun Nov 12 19:17:58 2006 [30m[1mBloodangle[2;37;0m killed [1;37mLingering Spirit[2;37;0m.
Sat Nov 18 14:17:54 2006 [30m[1mSin[2;37;0m killed [1;37mLingering Spirit[2;37;0m.
Sat Nov 25 16:11:04 2006 [30m[1mTyr[2;37;0m killed [1;37mLingering Spirit[2;37;0m.
Tue Dec  5 00:10:17 2006 [30m[1mTyr[2;37;0m killed [1;37mLingering Spirit[2;37;0m.
Thu Dec  7 19:35:24 2006 [30m[1mTyr[2;37;0m killed [1;37mLingering Spirit[2;37;0m.
Sun Dec 17 00:35:18 2006 [30m[1mJubei[2;37;0m killed [1;37mLingering Spirit[2;37;0m.
Tue Dec 26 00:40:08 2006 [30m[1mTyr[2;37;0m killed [1;37mLingering Spirit[2;37;0m.
Sun Dec 31 19:06:02 2006 [30m[1mTyr[2;37;0m killed [1;37mLingering Spirit[2;37;0m.
Sun Jan  7 02:35:15 2007 [30m[1mTyr[2;37;0m killed [1;37mLingering Spirit[2;37;0m.
Fri Jan 26 18:32:22 2007 [30m[1mJubei[2;37;0m killed [1;37mLingering Spirit[2;37;0m.
Mon Jan 29 21:37:03 2007 [30m[1mJubei[2;37;0m killed [1;37mLingering Spirit[2;37;0m.
Tue Jan 30 19:42:25 2007 [30m[1mJubei[2;37;0m killed [1;37mLingering Spirit[2;37;0m.
Wed Jan 31 16:22:26 2007 [30m[1mJubei[2;37;0m killed [1;37mLingering Spirit[2;37;0m.
Wed Jan 31 21:11:42 2007 [30m[1mJubei[2;37;0m killed [1;37mLingering Spirit[2;37;0m.
Thu Feb  1 22:12:01 2007 [30m[1mJubei[2;37;0m killed [1;37mLingering Spirit[2;37;0m.
Tue Feb  6 03:15:41 2007 [30m[1mJubei[2;37;0m killed [1;37mLingering Spirit[2;37;0m.
Wed Feb  7 11:26:35 2007 [30m[1mPepe[2;37;0m killed [1;37mLingering Spirit[2;37;0m.
Wed Feb  7 19:50:06 2007 [30m[1mJubei[2;37;0m killed [1;37mLingering Spirit[2;37;0m.
Thu Feb  8 23:34:18 2007 [30m[1mNyteshade[2;37;0m killed [1;37mLingering Spirit[2;37;0m.
Tue Feb 13 22:54:45 2007 [30m[1mJaz[2;37;0m killed [1;37mLingering Spirit[2;37;0m.
Thu Feb 15 00:15:20 2007 [30m[1mSephiroth[2;37;0m killed [1;37mLingering Spirit[2;37;0m.
Wed Feb 28 09:50:26 2007 [30m[1mSami[2;37;0m killed [1;37mLingering Spirit[2;37;0m.
Fri Mar  2 01:27:15 2007 [30m[1mDameon[2;37;0m killed [1;37mLingering Spirit[2;37;0m.
Tue Mar  6 00:30:55 2007 [30m[1mTyr[2;37;0m killed [1;37mLingering Spirit[2;37;0m.
Wed Mar  7 19:54:54 2007 [30m[1mWreckage[2;37;0m killed [1;37mLingering Spirit[2;37;0m.
Fri Mar  9 21:47:21 2007 [30m[1mWreckage[2;37;0m killed [1;37mLingering Spirit[2;37;0m.
Sat Mar 10 20:06:27 2007 [30m[1mSephiroth[2;37;0m killed [1;37mLingering Spirit[2;37;0m.
Tue Apr  3 12:08:35 2007 [30m[1mNyteshade[2;37;0m killed [1;37mLingering Spirit[2;37;0m.
Thu Apr 19 21:35:26 2007 [30m[1mBlizzard[2;37;0m killed [1;37mLingering Spirit[2;37;0m.
Sun Apr 29 14:28:16 2007 [30m[1mLemac[2;37;0m killed [1;37mLingering Spirit[2;37;0m.
Mon May  7 19:57:52 2007 [30m[1mPsi[2;37;0m killed [1;37mLingering Spirit[2;37;0m.
Mon May 21 01:47:44 2007 [30m[1mValen[2;37;0m killed [1;37mLingering Spirit[2;37;0m.
Mon May 21 15:21:55 2007 [30m[1mValen[2;37;0m killed [1;37mLingering Spirit[2;37;0m.
Mon May 21 20:40:46 2007 [30m[1mWorm[2;37;0m killed [1;37mLingering Spirit[2;37;0m.
Thu May 24 01:58:07 2007 [30m[1mHades[2;37;0m killed [1;37mLingering Spirit[2;37;0m.
Thu May 24 20:46:30 2007 [30m[1mNyteshade[2;37;0m killed [1;37mLingering Spirit[2;37;0m.
Mon May 28 02:26:05 2007 [30m[1mValen[2;37;0m killed [1;37mLingering Spirit[2;37;0m.
Mon May 28 18:50:08 2007 [30m[1mFlap[2;37;0m killed [1;37mLingering Spirit[2;37;0m.
Tue May 29 00:29:55 2007 [30m[1mValen[2;37;0m killed [1;37mLingering Spirit[2;37;0m.
Thu May 31 00:35:11 2007 [30m[1mGogeta[2;37;0m killed [1;37mLingering Spirit[2;37;0m.
Mon Jun  4 23:58:03 2007 [30m[1mValen[2;37;0m killed [1;37mLingering Spirit[2;37;0m.
Tue Jun 12 23:51:01 2007 [30m[1mSephiroth[0m killed [1;37mLingering Spirit[0m.
Sun Jun 17 11:20:39 2007 [30m[1mFlap[0m killed [1;37mLingering Spirit[0m.
Tue Jun 19 02:22:41 2007 [30m[1mNyteshade[0m killed [1;37mLingering Spirit[0m.
Wed Jun 20 02:43:42 2007 [30m[1mDonkey[0m killed [1;37mLingering Spirit[0m.
Sat Jun 23 03:27:43 2007 [30m[1mDonkey[0m killed [1;37mLingering Spirit[0m.
Sun Jun 24 05:20:47 2007 [30m[1mNissassa[0m killed [1;37mLingering Spirit[0m.
Mon Jun 25 02:53:07 2007 [30m[1mDonkey[0m killed [1;37mLingering Spirit[0m.
Mon Jun 25 14:13:18 2007 [30m[1mDonkey[0m killed [1;37mLingering Spirit[0m.
Mon Jun 25 18:10:04 2007 [30m[1mDonkey[0m killed [1;37mLingering Spirit[0m.
Tue Jun 26 00:33:43 2007 [30m[1mDonkey[0m killed [1;37mLingering Spirit[0m.
Wed Jun 27 03:22:00 2007 [30m[1mDonkey[0m killed [1;37mLingering Spirit[0m.
Mon Jul  2 14:52:10 2007 [30m[1mClaude[0m killed [1;37mLingering Spirit[0m.
Tue Jul  3 04:40:16 2007 [30m[1mClaude[0m killed [1;37mLingering Spirit[0m.
Tue Jul  3 14:51:15 2007 [30m[1mClaude[0m killed [1;37mLingering Spirit[0m.
Thu Jul  5 14:14:14 2007 [30m[1mClaude[0m killed [1;37mLingering Spirit[0m.
Thu Jul  5 23:54:10 2007 [30m[1mDeathKnight[0m killed [1;37mLingering Spirit[0m.
Sat Jul  7 11:23:07 2007 [30m[1mClaude[0m killed [1;37mLingering Spirit[0m.
Sun Jul  8 12:36:22 2007 [30m[1mOz[0m killed [1;37mLingering Spirit[0m.
Sun Jul  8 17:43:03 2007 [30m[1mCleipa[0m killed [1;37mLingering Spirit[0m.
Mon Jul  9 00:27:35 2007 [30m[1mNyteshade[0m killed [1;37mLingering Spirit[0m.
Mon Jul  9 10:35:32 2007 [30m[1mDonkey[0m killed [1;37mLingering Spirit[0m.
Mon Jul  9 14:28:44 2007 [30m[1mDonkey[0m killed [1;37mLingering Spirit[0m.
Mon Jul  9 20:09:32 2007 [30m[1mClaude[0m killed [1;37mLingering Spirit[0m.
Tue Jul 10 00:37:26 2007 [30m[1mGogeta[0m killed [1;37mLingering Spirit[0m.
Tue Jul 10 13:35:28 2007 [30m[1mDonkey[0m killed [1;37mLingering Spirit[0m.
Thu Jul 12 00:16:56 2007 [30m[1mOz[0m killed [1;37mLingering Spirit[0m.
Fri Jul 13 12:15:20 2007 [30m[1mDonkey[0m killed [1;37mLingering Spirit[0m.
Fri Jul 13 13:56:11 2007 [30m[1mDonkey[0m killed [1;37mLingering Spirit[0m.
Sat Jul 14 00:45:57 2007 [30m[1mDonkey[0m killed [1;37mLingering Spirit[0m.
Sat Jul 14 13:40:52 2007 [30m[1mDonkey[0m killed [1;37mLingering Spirit[0m.
Sun Jul 15 00:55:55 2007 [30m[1mDonkey[0m killed [1;37mLingering Spirit[0m.
Sun Jul 15 05:40:46 2007 [30m[1mDonkey[0m killed [1;37mLingering Spirit[0m.
Sun Jul 15 12:11:26 2007 [30m[1mOz[0m killed [1;37mLingering Spirit[0m.
Sun Jul 15 14:50:42 2007 [30m[1mDonkey[0m killed [1;37mLingering Spirit[0m.
Sun Jul 15 21:46:55 2007 [30m[1mGogeta[0m killed [1;37mLingering Spirit[0m.
Tue Jul 17 01:39:46 2007 [30m[1mDonkey[0m killed [1;37mLingering Spirit[0m.
Tue Jul 17 13:35:54 2007 [30m[1mDonkey[0m killed [1;37mLingering Spirit[0m.
Tue Jul 17 23:49:06 2007 [30m[1mDonkey[0m killed [1;37mLingering Spirit[0m.
Wed Jul 18 03:16:27 2007 [30m[1mDonkey[0m killed [1;37mLingering Spirit[0m.
Wed Jul 18 12:50:13 2007 [30m[1mDonkey[0m killed [1;37mLingering Spirit[0m.
Wed Jul 18 21:23:27 2007 [30m[1mOz[0m killed [1;37mLingering Spirit[0m.
Thu Jul 19 00:31:07 2007 [30m[1mDonkey[0m killed [1;37mLingering Spirit[0m.
Thu Jul 19 05:11:08 2007 [30m[1mGogeta[0m killed [1;37mLingering Spirit[0m.
Thu Jul 19 23:24:38 2007 [30m[1mEver[0m killed [1;37mLingering Spirit[0m.
Sat Jul 21 03:10:52 2007 [30m[1mUpus[0m killed [1;37mLingering Spirit[0m.
Sat Jul 21 08:26:50 2007 [30m[1mHercules[0m killed [1;37mLingering Spirit[0m.
Sat Jul 21 13:47:21 2007 [30m[1mHercules[0m killed [1;37mLingering Spirit[0m.
Sat Jul 21 15:33:16 2007 [30m[1mHercules[0m killed [1;37mLingering Spirit[0m.
Sun Jul 22 14:11:11 2007 [30m[1mHercules[0m killed [1;37mLingering Spirit[0m.
Mon Jul 23 08:23:36 2007 [30m[1mHercules[0m killed [1;37mLingering Spirit[0m.
Mon Jul 23 23:05:49 2007 [30m[1mEver[0m killed [1;37mLingering Spirit[0m.
Tue Jul 24 05:44:37 2007 [30m[1mEver[0m killed [1;37mLingering Spirit[0m.
Tue Jul 24 16:28:46 2007 [30m[1mEver[0m killed [1;37mLingering Spirit[0m.
Wed Jul 25 01:01:37 2007 [30m[1mOz[0m killed [1;37mLingering Spirit[0m.
Fri Jul 27 00:58:00 2007 [30m[1mClaw[0m killed [1;37mLingering Spirit[0m.
Sat Jul 28 06:51:56 2007 [30m[1mUpus[0m killed [1;37mLingering Spirit[0m.
Sun Jul 29 17:05:29 2007 [30m[1mHercules[0m killed [1;37mLingering Spirit[0m.
Sun Jul 29 23:30:45 2007 [30m[1mGogeta[0m killed [1;37mLingering Spirit[0m.
Mon Jul 30 10:27:32 2007 [30m[1mHercules[0m killed [1;37mLingering Spirit[0m.
Tue Jul 31 01:38:27 2007 [30m[1mHerger[0m killed [1;37mLingering Spirit[0m.
Tue Jul 31 03:40:18 2007 [30m[1mEver[0m killed [1;37mLingering Spirit[0m.
Tue Jul 31 05:34:19 2007 [30m[1mGogeta[0m killed [1;37mLingering Spirit[0m.
Wed Aug  1 02:51:15 2007 [30m[1mEver[0m killed [1;37mLingering Spirit[0m.
Fri Aug  3 14:43:29 2007 [30m[1mHercules[0m killed [1;37mLingering Spirit[0m.
Sat Aug  4 23:19:25 2007 [30m[1mGogeta[0m killed [1;37mLingering Spirit[0m.
Sun Aug  5 20:49:12 2007 [30m[1mOz[0m killed [1;37mLingering Spirit[0m.
Mon Aug  6 03:52:29 2007 [30m[1mValen[0m killed [1;37mLingering Spirit[0m.
Tue Aug  7 00:16:58 2007 [30m[1mBella[0m killed [1;37mLingering Spirit[0m.
Tue Aug  7 22:44:17 2007 [30m[1mOz[0m killed [1;37mLingering Spirit[0m.
Wed Aug  8 16:09:53 2007 [30m[1mChiele[0m killed [1;37mLingering Spirit[0m.
Thu Aug  9 01:57:16 2007 [30m[1mCarter[0m killed [1;37mLingering Spirit[0m.
Thu Aug  9 20:15:07 2007 [30m[1mEver[0m killed [1;37mLingering Spirit[0m.
Fri Aug 10 14:38:48 2007 [30m[1mGogeta[0m killed [1;37mLingering Spirit[0m.
Fri Aug 10 19:30:23 2007 [30m[1mDecimis[0m killed [1;37mLingering Spirit[0m.
Sat Aug 11 06:36:54 2007 [30m[1mUpus[0m killed [1;37mLingering Spirit[0m.
Sat Aug 11 15:51:16 2007 [30m[1mDecimis[0m killed [1;37mLingering Spirit[0m.
Sun Aug 12 20:44:36 2007 [30m[1mGogeta[0m killed [1;37mLingering Spirit[0m.
Tue Aug 14 09:48:46 2007 [30m[1mHercules[0m killed [1;37mLingering Spirit[0m.
Tue Aug 14 14:35:09 2007 [30m[1mHercules[0m killed [1;37mLingering Spirit[0m.
Tue Aug 14 20:08:58 2007 [30m[1mJaz[0m killed [1;37mLingering Spirit[0m.
Wed Aug 15 16:33:50 2007 [30m[1mBloodangle[0m killed [1;37mLingering Spirit[0m.
Wed Aug 15 20:41:45 2007 [30m[1mOz[0m killed [1;37mLingering Spirit[0m.
Thu Aug 16 20:06:26 2007 [30m[1mOz[0m killed [1;37mLingering Spirit[0m.
Thu Aug 16 23:43:55 2007 [30m[1mOz[0m killed [1;37mLingering Spirit[0m.
Fri Aug 17 03:02:41 2007 [30m[1mOz[0m killed [1;37mLingering Spirit[0m.
Fri Aug 17 13:11:00 2007 [30m[1mOz[0m killed [1;37mLingering Spirit[0m.
Sun Aug 19 04:55:52 2007 [30m[1mJuiblex[0m killed [1;37mLingering Spirit[0m.
Mon Aug 20 09:44:20 2007 [30m[1mHercules[0m killed [1;37mLingering Spirit[0m.
Mon Aug 20 16:36:05 2007 [30m[1mHercules[0m killed [1;37mLingering Spirit[0m.
Tue Aug 21 21:40:37 2007 [30m[1mOz[0m killed [1;37mLingering Spirit[0m.
Wed Aug 22 03:17:16 2007 [30m[1mHercules[0m killed [1;37mLingering Spirit[0m.
Fri Aug 24 09:24:59 2007 [30m[1mHercules[0m killed [1;37mLingering Spirit[0m.
Fri Aug 24 17:51:44 2007 [30m[1mHercules[0m killed [1;37mLingering Spirit[0m.
Sat Aug 25 05:15:24 2007 [30m[1mHercules[0m killed [1;37mLingering Spirit[0m.
Sat Aug 25 07:34:04 2007 [30m[1mHercules[0m killed [1;37mLingering Spirit[0m.
Sat Aug 25 14:44:50 2007 [30m[1mHercules[0m killed [1;37mLingering Spirit[0m.
Mon Aug 27 14:01:07 2007 [30m[1mHercules[0m killed [1;37mLingering Spirit[0m.
Tue Aug 28 11:11:20 2007 [30m[1mHercules[0m killed [1;37mLingering Spirit[0m.
Tue Aug 28 23:36:08 2007 [30m[1mJubei[0m killed [1;37mLingering Spirit[0m.
Wed Aug 29 02:03:01 2007 [30m[1mJubei[0m killed [1;37mLingering Spirit[0m.
Wed Aug 29 13:08:20 2007 [30m[1mHercules[0m killed [1;37mLingering Spirit[0m.
Wed Aug 29 17:10:56 2007 [30m[1mHercules[0m killed [1;37mLingering Spirit[0m.
Thu Aug 30 17:25:52 2007 [30m[1mJubei[0m killed [1;37mLingering Spirit[0m.
Thu Aug 30 23:06:00 2007 [30m[1mJubei[0m killed [1;37mLingering Spirit[0m.
Fri Aug 31 20:10:28 2007 [30m[1mJubei[0m killed [1;37mLingering Spirit[0m.
Sat Sep  1 04:31:59 2007 [30m[1mJubei[0m killed [1;37mLingering Spirit[0m.
Sun Sep  2 04:00:28 2007 [30m[1mOz[0m killed [1;37mLingering Spirit[0m.
Sun Sep  2 16:07:35 2007 [30m[1mJubei[0m killed [1;37mLingering Spirit[0m.
Mon Sep  3 00:44:12 2007 [30m[1mJubei[0m killed [1;37mLingering Spirit[0m.
Mon Sep  3 22:44:28 2007 [30m[1mDara[0m killed [1;37mLingering Spirit[0m.
Tue Sep  4 02:02:30 2007 [30m[1mJubei[0m killed [1;37mLingering Spirit[0m.
Tue Sep  4 08:29:54 2007 [30m[1mHercules[0m killed [1;37mLingering Spirit[0m.
Tue Sep  4 13:17:47 2007 [30m[1mHercules[0m killed [1;37mLingering Spirit[0m.
Tue Sep  4 17:22:09 2007 [30m[1mDonkey[0m killed [1;37mLingering Spirit[0m.
Tue Sep  4 23:02:07 2007 [30m[1mDonkey[0m killed [1;37mLingering Spirit[0m.
Wed Sep  5 01:14:35 2007 [30m[1mDonkey[0m killed [1;37mLingering Spirit[0m.
Wed Sep  5 03:00:10 2007 [30m[1mDonkey[0m killed [1;37mLingering Spirit[0m.
Wed Sep  5 10:21:08 2007 [30m[1mHercules[0m killed [1;37mLingering Spirit[0m.
Wed Sep  5 14:54:44 2007 [30m[1mDonkey[0m killed [1;37mLingering Spirit[0m.
Fri Sep  7 13:38:57 2007 [30m[1mHercules[0m killed [1;37mLingering Spirit[0m.
Wed Sep 12 01:16:50 2007 [30m[1mSami[0m killed [1;37mLingering Spirit[0m.
Wed Sep 12 23:26:49 2007 [30m[1mNyteshade[0m killed [1;37mLingering Spirit[0m.
Sat Sep 15 06:46:57 2007 [30m[1mHercules[0m killed [1;37mLingering Spirit[0m.
Sat Sep 15 08:36:02 2007 [30m[1mHercules[0m killed [1;37mLingering Spirit[0m.
Sun Sep 16 00:01:13 2007 [30m[1mNyteshade[0m killed [1;37mLingering Spirit[0m.
Sun Sep 16 13:09:40 2007 [30m[1mChance[0m killed [1;37mLingering Spirit[0m.
Sun Sep 16 16:44:20 2007 [30m[1mHercules[0m killed [1;37mLingering Spirit[0m.
Tue Sep 18 02:02:53 2007 [30m[1mDonkey[0m killed [1;37mLingering Spirit[0m.
Tue Sep 18 16:20:40 2007 [30m[1mHercules[0m killed [1;37mLingering Spirit[0m.
Wed Sep 19 01:09:25 2007 [30m[1mDonkey[0m killed [1;37mLingering Spirit[0m.
Wed Sep 19 21:27:35 2007 [30m[1mJubei[0m killed [1;37mLingering Spirit[0m.
Thu Sep 20 23:40:39 2007 [30m[1mDonkey[0m killed [1;37mLingering Spirit[0m.
Fri Sep 21 01:25:56 2007 [30m[1mDonkey[0m killed [1;37mLingering Spirit[0m.
Fri Sep 21 13:48:45 2007 [30m[1mDonkey[0m killed [1;37mLingering Spirit[0m.
Sat Sep 22 00:52:16 2007 [30m[1mDonkey[0m killed [1;37mLingering Spirit[0m.
Sat Sep 22 14:47:28 2007 [30m[1mDonkey[0m killed [1;37mLingering Spirit[0m.
Sat Sep 22 21:48:48 2007 [30m[1mDonkey[0m killed [1;37mLingering Spirit[0m.
Sat Sep 22 23:34:27 2007 [30m[1mDonkey[0m killed [1;37mLingering Spirit[0m.
Sun Sep 23 11:52:17 2007 [30m[1mDonkey[0m killed [1;37mLingering Spirit[0m.
Mon Sep 24 13:22:37 2007 [30m[1mGogeta[0m killed [1;37mLingering Spirit[0m.
Tue Sep 25 15:47:22 2007 [30m[1mDonkey[0m killed [1;37mLingering Spirit[0m.
Tue Sep 25 18:53:19 2007 [30m[1mSquint[0m killed [1;37mLingering Spirit[0m.
Tue Sep 25 23:08:19 2007 [30m[1mDonkey[0m killed [1;37mLingering Spirit[0m.
Wed Sep 26 03:45:00 2007 [30m[1mHercules[0m killed [1;37mLingering Spirit[0m.
Fri Sep 28 14:30:14 2007 [30m[1mHercules[0m killed [1;37mLingering Spirit[0m.
Sat Sep 29 13:54:01 2007 [30m[1mHercules[0m killed [1;37mLingering Spirit[0m.
Sun Sep 30 12:04:55 2007 [30m[1mHercules[0m killed [1;37mLingering Spirit[0m.
Sun Sep 30 15:30:53 2007 [30m[1mHercules[0m killed [1;37mLingering Spirit[0m.
Sun Sep 30 22:29:19 2007 [30m[1mLeonidas[0m killed [1;37mLingering Spirit[0m.
Mon Oct  1 13:45:46 2007 [30m[1mHercules[0m killed [1;37mLingering Spirit[0m.
Mon Oct  1 17:16:05 2007 [30m[1mHercules[0m killed [1;37mLingering Spirit[0m.
Mon Oct  1 19:51:24 2007 [30m[1mDonkey[0m killed [1;37mLingering Spirit[0m.
Wed Oct  3 21:17:23 2007 [30m[1mGogeta[0m killed [1;37mLingering Spirit[0m.
Thu Oct  4 19:54:10 2007 [30m[1mBella[0m killed [1;37mLingering Spirit[0m.
Mon Oct  8 13:11:56 2007 [30m[1mHercules[0m killed [1;37mLingering Spirit[0m.
Tue Oct  9 03:32:15 2007 [30m[1mDonkey[0m killed [1;37mLingering Spirit[0m.
Tue Oct  9 15:55:13 2007 [30m[1mTembo[0m killed [1;37mLingering Spirit[0m.
Wed Oct 10 13:01:02 2007 [30m[1mHercules[0m killed [1;37mLingering Spirit[0m.
Thu Oct 11 13:38:28 2007 [30m[1mCoglin[0m killed [1;37mLingering Spirit[0m.
Fri Oct 12 08:14:53 2007 [30m[1mHercules[0m killed [1;37mLingering Spirit[0m.
Sun Oct 14 21:17:19 2007 [30m[1mAlexa[0m killed [1;37mLingering Spirit[0m.
Tue Oct 16 13:31:09 2007 [30m[1mTembo[0m killed [1;37mLingering Spirit[0m.
Tue Oct 16 18:08:07 2007 [30m[1mHercules[0m killed [1;37mLingering Spirit[0m.
Wed Oct 17 09:52:00 2007 [30m[1mHercules[0m killed [1;37mLingering Spirit[0m.
Wed Oct 17 13:45:11 2007 [30m[1mHercules[0m killed [1;37mLingering Spirit[0m.
Fri Oct 19 08:59:51 2007 [30m[1mHercules[0m killed [1;37mLingering Spirit[0m.
Fri Oct 19 15:13:45 2007 [30m[1mHercules[0m killed [1;37mLingering Spirit[0m.
Sun Oct 21 09:24:46 2007 [30m[1mHercules[0m killed [1;37mLingering Spirit[0m.
Sun Oct 21 14:36:01 2007 [30m[1mHercules[0m killed [1;37mLingering Spirit[0m.
Sun Oct 21 17:19:17 2007 [30m[1mHercules[0m killed [1;37mLingering Spirit[0m.
Sun Oct 21 22:07:42 2007 [30m[1mSquint[0m killed [1;37mLingering Spirit[0m.
Tue Oct 23 10:33:04 2007 [30m[1mHercules[0m killed [1;37mLingering Spirit[0m.
Wed Oct 24 12:29:16 2007 [30m[1mHercules[0m killed [1;37mLingering Spirit[0m.
Wed Oct 24 23:43:30 2007 [30m[1mSquint[0m killed [1;37mLingering Spirit[0m.
Sat Oct 27 18:38:49 2007 [30m[1mGogeta[0m killed [1;37mLingering Spirit[0m.
Sat Oct 27 22:43:35 2007 [30m[1mGogeta[0m killed [1;37mLingering Spirit[0m.
Sun Oct 28 01:27:23 2007 [30m[1mGogeta[0m killed [1;37mLingering Spirit[0m.
Sun Oct 28 12:07:13 2007 [30m[1mFury[0m killed [1;37mLingering Spirit[0m.
Sun Oct 28 15:44:47 2007 [30m[1mLucius[0m killed [1;37mLingering Spirit[0m.
Sun Oct 28 21:16:53 2007 [30m[1mSquint[0m killed [1;37mLingering Spirit[0m.
Mon Oct 29 11:55:40 2007 [30m[1mHercules[0m killed [1;37mLingering Spirit[0m.
Mon Oct 29 16:06:31 2007 [30m[1mChett[0m killed [1;37mLingering Spirit[0m.
Tue Oct 30 11:42:20 2007 [30m[1mHercules[0m killed [1;37mLingering Spirit[0m.
Tue Oct 30 16:18:14 2007 [30m[1mTembo[0m killed [1;37mLingering Spirit[0m.
Wed Oct 31 08:51:32 2007 [30m[1mHercules[0m killed [1;37mLingering Spirit[0m.
Thu Nov  1 11:27:27 2007 [30m[1mHercules[0m killed [1;37mLingering Spirit[0m.
Fri Nov  2 08:07:48 2007 [30m[1mHercules[0m killed [1;37mLingering Spirit[0m.
Fri Nov  2 11:26:37 2007 [30m[1mHercules[0m killed [1;37mLingering Spirit[0m.
Fri Nov  2 14:49:20 2007 [30m[1mHercules[0m killed [1;37mLingering Spirit[0m.
Fri Nov  2 22:44:19 2007 [30m[1mSquint[0m killed [1;37mLingering Spirit[0m.
Sat Nov  3 11:36:06 2007 [30m[1mHercules[0m killed [1;37mLingering Spirit[0m.
Sun Nov  4 11:46:11 2007 [30m[1mHercules[0m killed [1;37mLingering Spirit[0m.
Sun Nov  4 15:07:53 2007 [30m[1mHercules[0m killed [1;37mLingering Spirit[0m.
Sun Nov  4 18:48:49 2007 [30m[1mSquint[0m killed [1;37mLingering Spirit[0m.
Mon Nov  5 07:47:23 2007 [30m[1mHercules[0m killed [1;37mLingering Spirit[0m.
Mon Nov  5 11:11:45 2007 [30m[1mHercules[0m killed [1;37mLingering Spirit[0m.
Fri Nov  9 05:44:10 2007 [30m[1mHercules[0m killed [1;37mLingering Spirit[0m.
Fri Nov  9 11:49:17 2007 [30m[1mHercules[0m killed [1;37mLingering Spirit[0m.
Sat Nov 10 07:25:32 2007 [30m[1mCoglin[0m killed [1;37mLingering Spirit[0m.
Sun Nov 11 16:01:01 2007 [30m[1mBella[0m killed [1;37mLingering Spirit[0m.
Sun Nov 11 19:10:24 2007 [30m[1mBella[0m killed [1;37mLingering Spirit[0m.
Sun Nov 11 22:15:48 2007 [30m[1mSquint[0m killed [1;37mLingering Spirit[0m.
Mon Nov 12 01:58:08 2007 [30m[1mHercules[0m killed [1;37mLingering Spirit[0m.
Mon Nov 12 10:05:17 2007 [30m[1mHercules[0m killed [1;37mLingering Spirit[0m.
Mon Nov 12 16:25:27 2007 [30m[1mHercules[0m killed [1;37mLingering Spirit[0m.
Tue Nov 13 01:41:08 2007 [30m[1mHercules[0m killed [1;37mLingering Spirit[0m.
Tue Nov 13 07:50:59 2007 [30m[1mHercules[0m killed [1;37mLingering Spirit[0m.
Sun Nov 18 08:47:28 2007 [30m[1mCoglin[0m killed [1;37mLingering Spirit[0m.
Mon Nov 19 07:26:05 2007 [30m[1mCoglin[0m killed [1;37mLingering Spirit[0m.
Mon Nov 19 17:38:34 2007 [30m[1mCoglin[0m killed [1;37mLingering Spirit[0m.
Wed Nov 21 07:17:27 2007 [30m[1mHercules[0m killed [1;37mLingering Spirit[0m.
Fri Nov 23 06:39:59 2007 [30m[1mHercules[0m killed [1;37mLingering Spirit[0m.
Fri Nov 23 14:09:04 2007 [30m[1mHercules[0m killed [1;37mLingering Spirit[0m.
Fri Nov 23 20:54:23 2007 [30m[1mSquint[0m killed [1;37mLingering Spirit[0m.
Sat Nov 24 14:41:11 2007 [30m[1mBella[0m killed [1;37mLingering Spirit[0m.
Sat Nov 24 23:43:31 2007 [30m[1mSquint[0m killed [1;37mLingering Spirit[0m.
Sun Nov 25 11:56:40 2007 [30m[1mHercules[0m killed [1;37mLingering Spirit[0m.
Mon Nov 26 09:03:52 2007 [30m[1mHercules[0m killed [1;37mLingering Spirit[0m.
Mon Nov 26 14:14:16 2007 [30m[1mLance[0m killed [1;37mLingering Spirit[0m.
Mon Nov 26 18:27:37 2007 [30m[1mEver[0m killed [1;37mLingering Spirit[0m.
Tue Nov 27 19:22:28 2007 [30m[1mLance[0m killed [1;37mLingering Spirit[0m.
Wed Nov 28 20:17:14 2007 [30m[1mLance[0m killed [1;37mLingering Spirit[0m.
Thu Nov 29 12:37:32 2007 [30m[1mCoglin[0m killed [1;37mLingering Spirit[0m.
Fri Nov 30 15:38:01 2007 [30m[1mLance[0m killed [1;37mLingering Spirit[0m.
Sat Dec  1 01:49:00 2007 [30m[1mSquint[0m killed [1;37mLingering Spirit[0m.
Sat Dec  1 10:02:44 2007 [30m[1mLance[0m killed [1;37mLingering Spirit[0m.
Sun Dec  2 08:50:27 2007 [30m[1mLance[0m killed [1;37mLingering Spirit[0m.
Sun Dec  2 13:44:08 2007 [30m[1mJacob[0m killed [1;37mLingering Spirit[0m.
Sun Dec  2 15:47:26 2007 [30m[1mLance[0m killed [1;37mLingering Spirit[0m.
Mon Dec  3 11:16:40 2007 [30m[1mCoglin[0m killed [1;37mLingering Spirit[0m.
Mon Dec  3 21:18:08 2007 [30m[1mLance[0m killed [1;37mLingering Spirit[0m.
Tue Dec  4 10:57:20 2007 [30m[1mCoglin[0m killed [1;37mLingering Spirit[0m.
Tue Dec  4 14:03:04 2007 [30m[1mCoglin[0m killed [1;37mLingering Spirit[0m.
Wed Dec  5 15:23:36 2007 [30m[1mLance[0m killed [1;37mLingering Spirit[0m.
Wed Dec  5 16:56:03 2007 [30m[1mLance[0m killed [1;37mLingering Spirit[0m.
Sat Dec  8 04:57:42 2007 [30m[1mHercules[0m killed [1;37mLingering Spirit[0m.
Tue Dec 11 02:34:40 2007 [30m[1mCoglin[0m killed [1;37mLingering Spirit[0m.
Tue Dec 11 10:27:03 2007 [30m[1mCoglin[0m killed [1;37mLingering Spirit[0m.
Tue Dec 11 12:09:16 2007 [30m[1mAltir[0m killed [1;37mLingering Spirit[0m.
Wed Dec 12 15:10:24 2007 [30m[1mHercules[0m killed [1;37mLingering Spirit[0m.
Wed Dec 12 19:09:27 2007 [30m[1mBloodangle[0m killed [1;37mLingering Spirit[0m.
Wed Dec 12 22:06:22 2007 [30m[1mJacob[0m killed [1;37mLingering Spirit[0m.
Thu Dec 13 01:24:30 2007 [30m[1mBloodangle[0m killed [1;37mLingering Spirit[0m.
Fri Dec 14 09:25:31 2007 [30m[1mHercules[0m killed [1;37mLingering Spirit[0m.
Fri Dec 14 14:02:21 2007 [30m[1mHercules[0m killed [1;37mLingering Spirit[0m.
Sat Dec 15 03:47:40 2007 [30m[1mBloodangle[0m killed [1;37mLingering Spirit[0m.
Sat Dec 15 13:00:50 2007 [30m[1mHercules[0m killed [1;37mLingering Spirit[0m.
Tue Dec 18 00:54:46 2007 [30m[1mBloodangle[0m killed [1;37mLingering Spirit[0m.
Tue Dec 18 09:53:40 2007 [30m[1mHercules[0m killed [1;37mLingering Spirit[0m.
Tue Dec 18 19:04:12 2007 [30m[1mBloodangle[0m killed [1;37mLingering Spirit[0m.
Thu Dec 20 21:32:45 2007 [30m[1mSephiroth[0m killed [1;37mLingering Spirit[0m.
Fri Dec 21 16:44:14 2007 [30m[1mSephiroth[0m killed [1;37mLingering Spirit[0m.
Sun Dec 23 15:16:51 2007 [30m[1mHercules[0m killed [1;37mLingering Spirit[0m.
Mon Dec 24 01:53:23 2007 [30m[1mJacob[0m killed [1;37mLingering Spirit[0m.
Mon Dec 24 21:04:00 2007 [30m[1mBloodangle[0m killed [1;37mLingering Spirit[0m.
Wed Dec 26 01:33:29 2007 [30m[1mBloodangle[0m killed [1;37mLingering Spirit[0m.
Wed Dec 26 17:18:05 2007 [30m[1mJacob[0m killed [1;37mLingering Spirit[0m.
Thu Dec 27 14:52:45 2007 [30m[1mViper[0m killed [1;37mLingering Spirit[0m.
Sat Dec 29 09:29:41 2007 [30m[1mHercules[0m killed [1;37mLingering Spirit[0m.
Sun Dec 30 04:01:50 2007 [30m[1mBloodangle[0m killed [1;37mLingering Spirit[0m.
Sun Dec 30 23:20:01 2007 [30m[1mJacob[0m killed [1;37mLingering Spirit[0m.
Tue Jan  1 01:37:55 2008 [30m[1mHercules[0m killed [1;37mLingering Spirit[0m.
Tue Jan  1 17:47:06 2008 [30m[1mSami[0m killed [1;37mLingering Spirit[0m.
Wed Jan  2 10:26:25 2008 [30m[1mHercules[0m killed [1;37mLingering Spirit[0m.
Thu Jan  3 10:44:17 2008 [30m[1mHercules[0m killed [1;37mLingering Spirit[0m.
Fri Jan  4 00:11:07 2008 [30m[1mKutharsen[0m killed [1;37mLingering Spirit[0m.
Fri Jan  4 07:01:11 2008 [30m[1mHercules[0m killed [1;37mLingering Spirit[0m.
Fri Jan  4 09:49:11 2008 [30m[1mHercules[0m killed [1;37mLingering Spirit[0m.
Fri Jan  4 23:25:53 2008 [30m[1mBloodangle[0m killed [1;37mLingering Spirit[0m.
Sat Jan  5 10:30:26 2008 [30m[1mCoglin[0m killed [1;37mLingering Spirit[0m.
Sun Jan  6 09:13:09 2008 [30m[1mCoglin[0m killed [1;37mLingering Spirit[0m.
Mon Jan  7 02:09:20 2008 [30m[1mBloodangle[0m killed [1;37mLingering Spirit[0m.
Tue Jan  8 02:20:21 2008 [30m[1mAchilles[0m killed [1;37mLingering Spirit[0m.
Wed Jan  9 22:47:43 2008 [30m[1mBloodangle[0m killed [1;37mLingering Spirit[0m.
Fri Jan 11 02:52:45 2008 [30m[1mBloodangle[0m killed [1;37mLingering Spirit[0m.
Fri Jan 11 06:46:37 2008 [30m[1mHercules[0m killed [1;37mLingering Spirit[0m.
Fri Jan 11 10:14:48 2008 [30m[1mHercules[0m killed [1;37mLingering Spirit[0m.
Sat Jan 12 07:52:18 2008 [30m[1mCoglin[0m killed [1;37mLingering Spirit[0m.
Sun Jan 13 13:54:15 2008 [30m[1mMosh[0m killed [1;37mLingering Spirit[0m.
Tue Jan 15 23:09:49 2008 [30m[1mBlameless[0m killed [1;37mLingering Spirit[0m.
Tue Jan 22 03:56:33 2008 [30m[1mBloodangle[0m killed [1;37mLingering Spirit[0m.
Tue Jan 22 16:25:32 2008 [30m[1mRecca[0m killed [1;37mLingering Spirit[0m.
Tue Jan 22 19:23:16 2008 [30m[1mWar[0m killed [1;37mLingering Spirit[0m.
Sun Jan 27 10:10:18 2008 [30m[1mCoglin[0m killed [1;37mLingering Spirit[0m.
Sun Jan 27 17:51:48 2008 [30m[1mBloodangle[0m killed [1;37mLingering Spirit[0m.
Sun Jan 27 19:37:07 2008 [30m[1mRecca[0m killed [1;37mLingering Spirit[0m.
Tue Jan 29 11:05:19 2008 [30m[1mVilla[0m killed [1;37mLingering Spirit[0m.
Wed Jan 30 20:20:31 2008 [30m[1mBloodangle[0m killed [1;37mLingering Spirit[0m.
Thu Jan 31 23:46:26 2008 [30m[1mSami[0m killed [1;37mLingering Spirit[0m.
Fri Feb  1 12:07:34 2008 [30m[1mCorwin[0m killed [1;37mLingering Spirit[0m.
Thu Feb  7 14:09:39 2008 [30m[1mTimespliter[0m killed [1;37mLingering Spirit[0m.
Fri Feb  8 00:15:09 2008 [30m[1mVenom[0m killed [1;37mLingering Spirit[0m.
Fri Feb 15 03:12:01 2008 [30m[1mEver[0m killed [1;37mLingering Spirit[0m.
Fri Feb 15 11:10:40 2008 [30m[1mHercules[0m killed [1;37mLingering Spirit[0m.
Sun Feb 24 17:07:49 2008 [30m[1mRecca[0m killed [1;37mLingering Spirit[0m.
Sat Mar  1 10:58:06 2008 [30m[1mHercules[0m killed [1;37mLingering Spirit[0m.
Sun Mar  2 19:26:00 2008 [30m[1mTyr[0m killed [1;37mLingering Spirit[0m.
Fri Mar  7 14:31:41 2008 [30m[1mHercules[0m killed [1;37mLingering Spirit[0m.
Fri Mar  7 20:10:21 2008 [30m[1mHercules[0m killed [1;37mLingering Spirit[0m.
Fri Mar 14 07:06:39 2008 [30m[1mHercules[0m killed [1;37mLingering Spirit[0m.
Sat Mar 15 04:02:52 2008 [30m[1mHercules[0m killed [1;37mLingering Spirit[0m.
Sat Mar 15 10:07:02 2008 [30m[1mHercules[0m killed [1;37mLingering Spirit[0m.
Tue Mar 18 02:24:25 2008 [30m[1mHercules[0m killed [1;37mLingering Spirit[0m.
Thu Mar 20 01:50:06 2008 [30m[1mTimespliter[0m killed [1;37mLingering Spirit[0m.
Sat Mar 22 22:14:51 2008 [30m[1mTimespliter[0m killed [1;37mLingering Spirit[0m.
Tue Mar 25 11:45:29 2008 [30m[1mHercules[0m killed [1;37mLingering Spirit[0m.
Wed Mar 26 16:36:13 2008 [30m[1mHercules[0m killed [1;37mLingering Spirit[0m.
Sun Mar 30 17:59:25 2008 [30m[1mJacob[0m killed [1;37mLingering Spirit[0m.
Tue Apr  1 11:21:24 2008 [30m[1mHercules[0m killed [1;37mLingering Spirit[0m.
Wed Apr  2 14:33:26 2008 [30m[1mHercules[0m killed [1;37mLingering Spirit[0m.
Thu Apr  3 12:21:05 2008 [30m[1mHercules[0m killed [1;37mLingering Spirit[0m.
Fri Apr  4 12:42:36 2008 [30m[1mHercules[0m killed [1;37mLingering Spirit[0m.
Wed Apr  9 15:05:26 2008 [30m[1mHercules[0m killed [1;37mLingering Spirit[0m.
Thu Apr 10 09:29:25 2008 [30m[1mHercules[0m killed [1;37mLingering Spirit[0m.
Sat Apr 12 02:28:20 2008 [30m[1mHercules[0m killed [1;37mLingering Spirit[0m.
Sat Apr 12 12:26:39 2008 [30m[1mHercules[0m killed [1;37mLingering Spirit[0m.
Tue Apr 15 14:03:26 2008 [30m[1mHercules[0m killed [1;37mLingering Spirit[0m.
Fri Apr 18 12:41:30 2008 [30m[1mHercules[0m killed [1;37mLingering Spirit[0m.
Sat Apr 19 07:05:04 2008 [30m[1mHercules[0m killed [1;37mLingering Spirit[0m.
Tue Apr 22 14:49:36 2008 [30m[1mHercules[0m killed [1;37mLingering Spirit[0m.
Sat Apr 26 07:54:47 2008 [30m[1mHercules[0m killed [1;37mLingering Spirit[0m.
Tue Apr 29 03:22:08 2008 [30m[1mLarisa[0m killed [1;37mLingering Spirit[0m.
Tue Apr 29 13:10:07 2008 [30m[1mHercules[0m killed [1;37mLingering Spirit[0m.
Sat May  3 04:19:59 2008 [30m[1mFinn[0m killed [1;37mLingering Spirit[0m.
Sun May  4 12:39:37 2008 [30m[1mBrak[0m killed [1;37mLingering Spirit[0m.
Sun May  4 17:45:28 2008 [30m[1mBrak[0m killed [1;37mLingering Spirit[0m.
Mon May  5 15:49:27 2008 [30m[1mJacob[0m killed [1;37mLingering Spirit[0m.
Fri May  9 00:50:45 2008 [30m[1mTimespliter[0m killed [1;37mLingering Spirit[0m.
Fri May  9 22:06:56 2008 [30m[1mMosh[0m killed [1;37mLingering Spirit[0m.
Sat May 24 12:58:18 2008 [30m[1mHercules[0m killed [1;37mLingering Spirit[0m.
Wed May 28 01:27:08 2008 [30m[1mHercules[0m killed [1;37mLingering Spirit[0m.
Fri May 30 01:42:51 2008 [30m[1mHercules[0m killed [1;37mLingering Spirit[0m.
Sun Jun  1 01:33:29 2008 [30m[1mHercules[0m killed [1;37mLingering Spirit[0m.
Mon Jun  2 19:20:53 2008 [30m[1mGogeta[0m killed [1;37mLingering Spirit[0m.
Sun Jun  8 21:30:40 2008 [30m[1mAlora[0m killed [1;37mLingering Spirit[0m.
Sat Jun 14 01:21:52 2008 [30m[1mBlameless[0m killed [1;37mLingering Spirit[0m.
Sat Jun 14 17:20:14 2008 [30m[1mBlameless[0m killed [1;37mLingering Spirit[0m.
Wed Jun 18 09:44:48 2008 [30m[1mHercules[0m killed [1;37mLingering Spirit[0m.
Sat Jul  5 05:21:36 2008 [30m[1mHercules[0m killed [1;37mLingering Spirit[0m.
Mon Jul  7 21:07:57 2008 [30m[1mJaster[0m killed [1;37mLingering Spirit[0m.
Sat Jul 12 10:18:50 2008 [30m[1mHercules[0m killed [1;37mLingering Spirit[0m.
Sat Jul 12 14:08:29 2008 [30m[1mHercules[0m killed [1;37mLingering Spirit[0m.
Thu Jul 17 20:48:42 2008 [30m[1mSalina[0m killed [1;37mLingering Spirit[0m.
Fri Jul 18 17:51:26 2008 [30m[1mHercules[0m killed [1;37mLingering Spirit[0m.
Sun Jul 20 03:47:49 2008 [30m[1mRecusant[0m killed [1;37mLingering Spirit[0m.
Mon Aug  4 20:56:57 2008 [30m[1mJake[0m killed [1;37mLingering Spirit[0m.
Wed Aug  6 09:17:25 2008 [30m[1mHercules[0m killed [1;37mLingering Spirit[0m.
Tue Aug 12 14:15:43 2008 [30m[1mHercules[0m killed [1;37mLingering Spirit[0m.
Mon Aug 18 14:05:35 2008 [30m[1mHercules[0m killed [1;37mLingering Spirit[0m.
Sat Aug 23 13:58:39 2008 [30m[1mHercules[0m killed [1;37mLingering Spirit[0m.
Fri Sep 12 20:42:05 2008 [30m[1mTeepo[0m killed [1;37mLingering Spirit[0m.
Sat Sep 13 03:22:42 2008 [30m[1mHercules[0m killed [1;37mLingering Spirit[0m.
Thu Nov 27 11:44:54 2008 [30m[1mHercules[0m killed [1;37mLingering Spirit[0m.
Wed Dec 10 03:38:20 2008 [30m[1mDarkheart[0m killed [1;37mLingering Spirit[0m.
Sun Feb 15 02:01:19 2009 [30m[1mWreckage[0m killed [1;37mLingering Spirit[0m.
Mon Mar 16 21:47:23 2009 [30m[1mVilla[0m killed [1;37mLingering Spirit[0m.
Sat Mar 21 15:27:42 2009 [30m[1mLazar[0m killed [1;37mLingering Spirit[0m.
Sat Mar 21 17:08:00 2009 [30m[1mLazar[0m killed [1;37mLingering Spirit[0m.
Tue Mar 24 01:42:58 2009 [30m[1mLazar[0m killed [1;37mLingering Spirit[0m.
Tue Mar 24 18:21:58 2009 [30m[1mLazar[0m killed [1;37mLingering Spirit[0m.
Tue Mar 24 22:33:07 2009 [30m[1mBella[0m killed [1;37mLingering Spirit[0m.
Wed Mar 25 03:29:53 2009 [30m[1mJacob[0m killed [1;37mLingering Spirit[0m.
Sun Mar 29 02:10:31 2009 [30m[1mClaude[0m killed [1;37mLingering Spirit[0m.
Tue Mar 31 03:40:46 2009 [30m[1mMaximus[0m killed [1;37mLingering Spirit[0m.
Sun Apr  5 18:46:17 2009 [30m[1mMaximus[0m killed [1;37mLingering Spirit[0m.
Tue Apr  7 20:49:03 2009 [30m[1mJaster[0m killed [1;37mLingering Spirit[0m.
Wed Apr  8 19:21:12 2009 [30m[1mJaster[0m killed [1;37mLingering Spirit[0m.
Thu Apr  9 20:36:51 2009 [30m[1mMaximus[0m killed [1;37mLingering Spirit[0m.
Sat Apr 11 12:25:33 2009 [30m[1mHercules[0m killed [1;37mLingering Spirit[0m.
Tue Apr 14 14:44:32 2009 [30m[1mJaster[0m killed [1;37mLingering Spirit[0m.
Thu Apr 16 00:11:40 2009 [30m[1mDeathseeker[0m killed [1;37mLingering Spirit[0m.
Fri Apr 17 01:06:59 2009 [30m[1mHercules[0m killed [1;37mLingering Spirit[0m.
Mon Apr 27 14:33:48 2009 [30m[1mFervens[0m killed [1;37mLingering Spirit[0m.
Mon Apr 27 16:44:20 2009 [30m[1mFervens[0m killed [1;37mLingering Spirit[0m.
Wed Apr 29 15:10:15 2009 [30m[1mFervens[0m killed [1;37mLingering Spirit[0m.
Thu Apr 30 11:54:27 2009 [30m[1mWorm[0m killed [1;37mLingering Spirit[0m.
Thu Apr 30 19:29:02 2009 [30m[1mFervens[0m killed [1;37mLingering Spirit[0m.
Sun May  3 01:17:28 2009 [30m[1mFervens[0m killed [1;37mLingering Spirit[0m.
Tue May  5 04:41:15 2009 [30m[1mFervens[0m killed [1;37mLingering Spirit[0m.
Sat May  9 09:21:33 2009 [30m[1mMaximus[0m killed [1;37mLingering Spirit[0m.
Wed May 13 00:11:27 2009 [30m[1mFervens[0m killed [1;37mLingering Spirit[0m.
Fri May 15 12:32:11 2009 [30m[1mHercules[0m killed [1;37mLingering Spirit[0m.
Sun May 31 19:33:10 2009 [30m[1mGenesis[0m killed [1;37mLingering Spirit[0m.
Sat Jun  6 16:08:22 2009 [30m[1mCoglin[0m killed [1;37mLingering Spirit[0m.
Sat Jun 13 08:00:13 2009 [30m[1mMaximus[0m killed [1;37mLingering Spirit[0m.
Sat Jun 20 13:46:53 2009 [30m[1mWhitehawk[0m killed [1;37mLingering Spirit[0m.
Sun Jun 21 17:38:31 2009 [30m[1mSin[0m killed [1;37mLingering Spirit[0m.
Sun Jun 21 21:50:54 2009 [30m[1mStardrifter[0m killed [1;37mLingering Spirit[0m.
Thu Jun 25 23:30:36 2009 [30m[1mEquilibrium[0m killed [1;37mLingering Spirit[0m.
Fri Jun 26 20:58:44 2009 [30m[1mCoglin[0m killed [1;37mLingering Spirit[0m.
Sat Jun 27 23:16:30 2009 [30m[1mSin[0m killed [1;37mLingering Spirit[0m.
Sun Jun 28 07:12:24 2009 [30m[1mWhitehawk[0m killed [1;37mLingering Spirit[0m.
Sun Jun 28 15:42:45 2009 [30m[1mSin[0m killed [1;37mLingering Spirit[0m.
Tue Jun 30 16:25:10 2009 [30m[1mCoglin[0m killed [1;37mLingering Spirit[0m.
Sun Jul  5 15:10:06 2009 [30m[1mSin[0m killed [1;37mLingering Spirit[0m.
Sun Jul  5 18:33:51 2009 [30m[1mSin[0m killed [1;37mLingering Spirit[0m.
Sun Jul  5 22:33:46 2009 [30m[1mMarlboro[0m killed [1;37mLingering Spirit[0m.
Tue Jul  7 19:08:26 2009 [30m[1mAngelus[0m killed [1;37mLingering Spirit[0m.
Sat Jul 18 19:20:38 2009 [30m[1mWhitehawk[0m killed [1;37mLingering Spirit[0m.
Sun Jul 19 00:13:05 2009 [30m[1mWhitehawk[0m killed [1;37mLingering Spirit[0m.
Sun Jul 19 09:45:08 2009 [30m[1mStardrifter[0m killed [1;37mLingering Spirit[0m.
Sat Aug  1 09:31:21 2009 [30m[1mWhitehawk[0m killed [1;37mLingering Spirit[0m.
Sat Aug  1 16:51:07 2009 [30m[1mLazar[0m killed [1;37mLingering Spirit[0m.
Sun Aug  2 05:56:50 2009 [30m[1mLazar[0m killed [1;37mLingering Spirit[0m.
Mon Aug  3 03:27:06 2009 [30m[1mLazar[0m killed [1;37mLingering Spirit[0m.
Wed Aug  5 03:36:18 2009 [30m[1mFervens[0m killed [1;37mLingering Spirit[0m.
Wed Aug  5 12:22:53 2009 [30m[1mTimespliter[0m killed [1;37mLingering Spirit[0m.
Wed Aug  5 22:25:59 2009 [30m[1mMaximus[0m killed [1;37mLingering Spirit[0m.
Sun Aug  9 22:21:10 2009 [30m[1mWhitehawk[0m killed [1;37mLingering Spirit[0m.
Tue Aug 11 12:29:35 2009 [30m[1mWebslinger[0m killed [1;37mLingering Spirit[0m.
Fri Aug 14 09:37:33 2009 [30m[1mRukia[0m killed [1;37mLingering Spirit[0m.
Sat Aug 15 04:24:26 2009 [30m[1mArtos[0m killed [1;37mLingering Spirit[0m.
Mon Aug 17 18:48:23 2009 [30m[1mFervens[0m killed [1;37mLingering Spirit[0m.
Mon Aug 17 22:02:24 2009 [30m[1mFervens[0m killed [1;37mLingering Spirit[0m.
Tue Aug 18 03:26:20 2009 [30m[1mFervens[0m killed [1;37mLingering Spirit[0m.
Tue Aug 18 08:52:07 2009 [30m[1mSharkrla[0m killed [1;37mLingering Spirit[0m.
Wed Aug 19 00:06:46 2009 [30m[1mFervens[0m killed [1;37mLingering Spirit[0m.
Thu Aug 20 06:04:01 2009 [30m[1mFervens[0m killed [1;37mLingering Spirit[0m.
Tue Sep  1 20:10:59 2009 [30m[1mCoglin[0m killed [1;37mLingering Spirit[0m.
Wed Sep  2 11:37:33 2009 [30m[1mCoglin[0m killed [1;37mLingering Spirit[0m.
Fri Sep 11 08:00:47 2009 [30m[1mCoglin[0m killed [1;37mLingering Spirit[0m.
Mon Sep 14 18:59:05 2009 [30m[1mSin[0m killed [1;37mLingering Spirit[0m.
Tue Sep 15 20:50:44 2009 [30m[1mEggo[0m killed [1;37mLingering Spirit[0m.
Thu Sep 17 13:41:00 2009 [30m[1mCoglin[0m killed [1;37mLingering Spirit[0m.
Sat Sep 19 10:42:55 2009 [30m[1mCoglin[0m killed [1;37mLingering Spirit[0m.
Mon Sep 28 23:13:19 2009 [30m[1mGenesis[0m killed [1;37mLingering Spirit[0m.
Thu Oct  1 22:31:34 2009 [30m[1mStardrifter[0m killed [1;37mLingering Spirit[0m.
Fri Oct  2 19:44:59 2009 [30m[1mTierno[0m killed [1;37mLingering Spirit[0m.
Sun Oct  4 00:52:07 2009 [30m[1mEggo[0m killed [1;37mLingering Spirit[0m.
Sun Oct  4 10:53:18 2009 [30m[1mGenesis[0m killed [1;37mLingering Spirit[0m.
Sun Oct  4 17:30:04 2009 [30m[1mGenesis[0m killed [1;37mLingering Spirit[0m.
Sat Oct 17 18:17:07 2009 [30m[1mShigekuni[0m killed [1;37mLingering Spirit[0m.
Sun Oct 18 10:28:40 2009 [30m[1mCoglin[0m killed [1;37mLingering Spirit[0m.
Sun Oct 18 18:05:55 2009 [30m[1mCoglin[0m killed [1;37mLingering Spirit[0m.
Wed Oct 21 18:21:38 2009 [30m[1mBrenar[0m killed [1;37mLingering Spirit[0m.
Sat Oct 24 21:03:58 2009 [30m[1mGenesis[0m killed [1;37mLingering Spirit[0m.
Sun Oct 25 17:20:39 2009 [30m[1mGratch[0m killed [1;37mLingering Spirit[0m.
Thu Oct 29 10:45:33 2009 [30m[1mCoglin[0m killed [1;37mLingering Spirit[0m.
Sun Nov  1 14:12:01 2009 [30m[1mCoglin[0m killed [1;37mLingering Spirit[0m.
Mon Nov  2 12:19:10 2009 [30m[1mTierno[0m killed [1;37mLingering Spirit[0m.
Thu Nov 12 09:30:52 2009 [30m[1mCoglin[0m killed [1;37mLingering Spirit[0m.
Fri Nov 13 12:09:40 2009 [30m[1mCoglin[0m killed [1;37mLingering Spirit[0m.
Fri Nov 13 19:54:52 2009 [30m[1mSeymour[0m killed [1;37mLingering Spirit[0m.
Sat Nov 14 10:07:06 2009 [30m[1mCoglin[0m killed [1;37mLingering Spirit[0m.
Sat Nov 14 21:08:33 2009 [30m[1mCoglin[0m killed [1;37mLingering Spirit[0m.
Sun Nov 15 10:03:07 2009 [30m[1mCoglin[0m killed [1;37mLingering Spirit[0m.
Mon Nov 16 10:18:09 2009 [30m[1mCoglin[0m killed [1;37mLingering Spirit[0m.
Mon Nov 16 16:08:51 2009 [30m[1mCoglin[0m killed [1;37mLingering Spirit[0m.
Wed Nov 18 12:53:15 2009 [30m[1mCoglin[0m killed [1;37mLingering Spirit[0m.
Wed Nov 18 15:29:41 2009 [30m[1mCoglin[0m killed [1;37mLingering Spirit[0m.
Thu Nov 19 10:42:29 2009 [30m[1mCoglin[0m killed [1;37mLingering Spirit[0m.
Fri Nov 20 09:12:38 2009 [30m[1mCoglin[0m killed [1;37mLingering Spirit[0m.
Fri Nov 20 13:22:29 2009 [30m[1mCoglin[0m killed [1;37mLingering Spirit[0m.
Fri Nov 20 18:56:10 2009 [30m[1mTiger[0m killed [1;37mLingering Spirit[0m.
Sat Nov 21 10:19:32 2009 [30m[1mCoglin[0m killed [1;37mLingering Spirit[0m.
Sat Nov 21 15:22:11 2009 [30m[1mCoglin[0m killed [1;37mLingering Spirit[0m.
Sat Nov 21 21:35:25 2009 [30m[1mCoglin[0m killed [1;37mLingering Spirit[0m.
Sun Nov 22 10:49:04 2009 [30m[1mCoglin[0m killed [1;37mLingering Spirit[0m.
Mon Nov 23 08:57:39 2009 [30m[1mCoglin[0m killed [1;37mLingering Spirit[0m.
Mon Nov 23 17:14:29 2009 [30m[1mCoglin[0m killed [1;37mLingering Spirit[0m.
Tue Nov 24 15:00:37 2009 [30m[1mShadowstone[0m killed [1;37mLingering Spirit[0m.
Sat Nov 28 22:22:47 2009 [30m[1mCoglin[0m killed [1;37mLingering Spirit[0m.
Mon Nov 30 21:26:10 2009 [30m[1mCoglin[0m killed [1;37mLingering Spirit[0m.
Tue Dec  1 12:12:33 2009 [30m[1mMosh[0m killed [1;37mLingering Spirit[0m.
Fri Dec  4 20:07:42 2009 [30m[1mCoglin[0m killed [1;37mLingering Spirit[0m.
Sat Dec  5 15:41:17 2009 [30m[1mCoglin[0m killed [1;37mLingering Spirit[0m.
Sun Dec  6 11:14:07 2009 [30m[1mCoglin[0m killed [1;37mLingering Spirit[0m.
Sun Dec 13 14:10:31 2009 [30m[1mWicket[0m killed [1;37mLingering Spirit[0m.
Mon Dec 14 03:38:10 2009 [30m[1mEnigma[0m killed [1;37mLingering Spirit[0m.
Thu Dec 17 10:46:37 2009 [30m[1mEnigma[0m killed [1;37mLingering Spirit[0m.
Thu Dec 17 12:39:48 2009 [30m[1mEnigma[0m killed [1;37mLingering Spirit[0m.
Sat Dec 19 19:08:15 2009 [30m[1mTheseius[0m killed [1;37mLingering Spirit[0m.
Sun Dec 20 15:44:47 2009 [30m[1mJoab[0m killed [1;37mLingering Spirit[0m.
Tue Dec 22 01:14:02 2009 [30m[1mSamru[0m killed [1;37mLingering Spirit[0m.
Sun Jan  3 03:52:15 2010 [30m[1mEnigma[0m killed [1;37mLingering Spirit[0m.
Sun Jan 24 19:50:40 2010 [30m[1mWicket[0m killed [1;37mLingering Spirit[0m.
Sun Jan 31 15:01:14 2010 [30m[1mWicket[0m killed [1;37mLingering Spirit[0m.
Fri Feb 12 17:29:24 2010 [30m[1mCoglin[0m killed [1;37mLingering Spirit[0m.
Sun Feb 21 18:03:26 2010 [30m[1mWicket[0m killed [1;37mLingering Spirit[0m.
Tue Feb 23 19:54:43 2010 [30m[1mTeepo[0m killed [1;37mLingering Spirit[0m.
Thu Feb 25 13:38:36 2010 [30m[1mRothgar[0m killed [1;37mLingering Spirit[0m.
Fri Feb 26 18:39:09 2010 [30m[1mCoglin[0m killed [1;37mLingering Spirit[0m.
Tue Mar 16 22:57:29 2010 [30m[1mDeathrunner[0m killed [1;37mLingering Spirit[0m.
Sun Apr  4 17:08:35 2010 [30m[1mJaster[0m killed [1;37mLingering Spirit[0m.
Tue Apr  6 19:22:42 2010 [30m[1mGriswold[0m killed [1;37mLingering Spirit[0m.
Wed Apr 14 10:52:48 2010 [30m[1mCoglin[0m killed [1;37mLingering Spirit[0m.
Mon Apr 19 10:40:30 2010 [30m[1mCoglin[0m killed [1;37mLingering Spirit[0m.
Tue May 18 21:43:49 2010 [30m[1mTeepo[0m killed [1;37mLingering Spirit[0m.
Sun May 30 21:02:49 2010 [30m[1mWicket[0m killed [1;37mLingering Spirit[0m.
Tue Jun  1 04:01:33 2010 [30m[1mWipeout[0m killed [1;37mLingering Spirit[0m.
Sat Jun  5 13:45:49 2010 [30m[1mCoglin[0m killed [1;37mLingering Spirit[0m.
Sun Jun  6 00:59:07 2010 [30m[1mVegeta[0m killed [1;37mLingering Spirit[0m.
Tue Jun  8 13:08:56 2010 [30m[1mCoglin[0m killed [1;37mLingering Spirit[0m.
Wed Jun  9 17:39:33 2010 [30m[1mMythago[0m killed [1;37mLingering Spirit[0m.
Sun Jun 13 13:26:09 2010 [30m[1mCoglin[0m killed [1;37mLingering Spirit[0m.
Mon Jun 14 12:25:34 2010 [30m[1mCoglin[0m killed [1;37mLingering Spirit[0m.
Mon Jun 14 22:25:45 2010 [30m[1mMobic[0m killed [1;37mLingering Spirit[0m.
Sun Jun 20 05:09:08 2010 [30m[1mTitan[0m killed [1;37mLingering Spirit[0m.
Sun Jun 20 12:40:32 2010 [30m[1mTitan[0m killed [1;37mLingering Spirit[0m.
Mon Jun 21 10:48:46 2010 [30m[1mTitan[0m killed [1;37mLingering Spirit[0m.
Tue Jun 22 00:00:41 2010 [30m[1mTitan[0m killed [1;37mLingering Spirit[0m.
Wed Jun 23 01:35:13 2010 [30m[1mTitan[0m killed [1;37mLingering Spirit[0m.
Thu Jun 24 08:07:33 2010 [30m[1mTitan[0m killed [1;37mLingering Spirit[0m.
Fri Jun 25 01:38:46 2010 [30m[1mMobic[0m killed [1;37mLingering Spirit[0m.
Fri Jun 25 21:43:31 2010 [30m[1mWicket[0m killed [1;37mLingering Spirit[0m.
Sat Jun 26 20:16:50 2010 [30m[1mBilbill[0m killed [1;37mLingering Spirit[0m.
Sun Jun 27 00:51:54 2010 [30m[1mBilbill[0m killed [1;37mLingering Spirit[0m.
Sun Jun 27 20:02:38 2010 [30m[1mMobic[0m killed [1;37mLingering Spirit[0m.
Sun Jun 27 23:26:39 2010 [30m[1mBilbill[0m killed [1;37mLingering Spirit[0m.
Mon Jun 28 08:24:04 2010 [30m[1mMarek[0m killed [1;37mLingering Spirit[0m.
Mon Jun 28 14:43:55 2010 [30m[1mCoglin[0m killed [1;37mLingering Spirit[0m.
Tue Jun 29 02:24:13 2010 [30m[1mTitan[0m killed [1;37mLingering Spirit[0m.
Wed Jun 30 02:52:14 2010 [30m[1mDeathKnight[0m killed [1;37mLingering Spirit[0m.
Wed Jun 30 10:14:21 2010 [30m[1mCoglin[0m killed [1;37mLingering Spirit[0m.
Thu Jul  1 00:54:08 2010 [30m[1mSami[0m killed [1;37mLingering Spirit[0m.
Thu Jul  1 05:06:25 2010 [30m[1mTitan[0m killed [1;37mLingering Spirit[0m.
Thu Jul  1 13:06:21 2010 [30m[1mTitan[0m killed [1;37mLingering Spirit[0m.
Sat Jul  3 13:03:32 2010 [30m[1mCoglin[0m killed [1;37mLingering Spirit[0m.
Tue Jul  6 14:50:07 2010 [30m[1mCoglin[0m killed [1;37mLingering Spirit[0m.
Wed Jul  7 12:28:37 2010 [30m[1mCoglin[0m killed [1;37mLingering Spirit[0m.
Thu Jul  8 00:45:49 2010 [30m[1mMobic[0m killed [1;37mLingering Spirit[0m.
Sat Jul 10 21:33:21 2010 [30m[1mCoglin[0m killed [1;37mLingering Spirit[0m.
Sun Jul 11 21:49:49 2010 [30m[1mMobic[0m killed [1;37mLingering Spirit[0m.
Mon Jul 12 10:54:26 2010 [30m[1mCoglin[0m killed [1;37mLingering Spirit[0m.
Mon Jul 12 16:09:46 2010 [30m[1mCoglin[0m killed [1;37mLingering Spirit[0m.
Wed Jul 14 20:36:29 2010 [30m[1mDeathKnight[0m killed [1;37mLingering Spirit[0m.
Thu Jul 15 07:59:54 2010 [30m[1mCoglin[0m killed [1;37mLingering Spirit[0m.
Fri Jul 16 10:18:00 2010 [30m[1mCoglin[0m killed [1;37mLingering Spirit[0m.
Sat Jul 17 12:18:31 2010 [30m[1mCoglin[0m killed [1;37mLingering Spirit[0m.
Sat Aug  7 21:24:03 2010 [30m[1mTitan[0m killed [1;37mLingering Spirit[0m.
Sun Aug  8 16:46:35 2010 [30m[1mOzzy[0m killed [1;37mLingering Spirit[0m.
Thu Aug 19 00:24:49 2010 [30m[1mJacob[0m killed [1;37mLingering Spirit[0m.
Sun Aug 22 15:50:45 2010 [30m[1mCoglin[0m killed [1;37mLingering Spirit[0m.
Thu Aug 26 20:37:31 2010 [30m[1mDrizzt[0m killed [1;37mLingering Spirit[0m.
Sun Aug 29 14:11:55 2010 [30m[1mFireman[0m killed [1;37mLingering Spirit[0m.
Mon Sep 13 20:38:46 2010 [30m[1mWicket[0m killed [1;37mLingering Spirit[0m.
Tue Sep 21 07:39:30 2010 [30m[1mTitan[0m killed [1;37mLingering Spirit[0m.
Fri Sep 24 05:29:12 2010 [30m[1mDeathKnight[0m killed [1;37mLingering Spirit[0m.
Wed Oct  6 10:53:58 2010 [30m[1mKurupt[0m killed [1;37mLingering Spirit[0m.
Wed Oct 13 17:08:38 2010 [30m[1mOzzy[0m killed [1;37mLingering Spirit[0m.
Fri Oct 15 10:58:35 2010 [30m[1mOzzy[0m killed [1;37mLingering Spirit[0m.
Sat Oct 16 21:19:47 2010 [30m[1mOzzy[0m killed [1;37mLingering Spirit[0m.
Tue Oct 19 15:05:30 2010 [30m[1mPower[0m killed [1;37mLingering Spirit[0m.
Tue Nov  9 10:43:53 2010 [30m[1mHeinous[0m killed [1;37mLingering Spirit[0m.
Wed Nov 10 19:31:24 2010 [30m[1mHeinous[0m killed [1;37mLingering Spirit[0m.
Thu Nov 11 10:12:44 2010 [30m[1mHeinous[0m killed [1;37mLingering Spirit[0m.
Sun Nov 14 09:54:26 2010 [30m[1mHeinous[0m killed [1;37mLingering Spirit[0m.
Tue Nov 16 10:53:04 2010 [30m[1mHeinous[0m killed [1;37mLingering Spirit[0m.
Fri Nov 19 14:21:27 2010 [30m[1mHeinous[0m killed [1;37mLingering Spirit[0m.
Fri Nov 19 22:42:51 2010 [30m[1mHeinous[0m killed [1;37mLingering Spirit[0m.
Sun Nov 21 15:08:22 2010 [30m[1mHeinous[0m killed [1;37mLingering Spirit[0m.
Tue Nov 23 09:47:59 2010 [30m[1mHeinous[0m killed [1;37mLingering Spirit[0m.
Wed Nov 24 19:40:50 2010 [30m[1mHeinous[0m killed [1;37mLingering Spirit[0m.
Thu Nov 25 18:11:58 2010 [30m[1mHeinous[0m killed [1;37mLingering Spirit[0m.
Sat Nov 27 09:04:04 2010 [30m[1mHeinous[0m killed [1;37mLingering Spirit[0m.
Sun Nov 28 08:00:24 2010 [30m[1mHeinous[0m killed [1;37mLingering Spirit[0m.
Tue Nov 30 08:49:17 2010 [30m[1mHeinous[0m killed [1;37mLingering Spirit[0m.
Wed Dec  1 22:42:39 2010 [30m[1mHeinous[0m killed [1;37mLingering Spirit[0m.
Sun Dec  5 15:21:50 2010 [30m[1mHeinous[0m killed [1;37mLingering Spirit[0m.
Sun Dec  5 20:25:57 2010 [30m[1mThor[0m killed [1;37mLingering Spirit[0m.
Tue Dec  7 09:53:55 2010 [30m[1mHeinous[0m killed [1;37mLingering Spirit[0m.
Tue Dec  7 23:37:35 2010 [30m[1mHeinous[0m killed [1;37mLingering Spirit[0m.
Wed Dec  8 19:46:52 2010 [30m[1mHeinous[0m killed [1;37mLingering Spirit[0m.
Fri Dec 10 17:50:53 2010 [30m[1mHeinous[0m killed [1;37mLingering Spirit[0m.
Fri Dec 10 21:29:00 2010 [30m[1mThor[0m killed [1;37mLingering Spirit[0m.
Sat Dec 11 01:35:39 2010 [30m[1mWulfgar[0m killed [1;37mLingering Spirit[0m.
Sat Dec 11 11:34:02 2010 [30m[1mHeinous[0m killed [1;37mLingering Spirit[0m.
Sat Dec 11 15:13:00 2010 [30m[1mJester[0m killed [1;37mLingering Spirit[0m.
Sat Dec 11 23:54:08 2010 [30m[1mWulfgar[0m killed [1;37mLingering Spirit[0m.
Mon Dec 13 23:30:22 2010 [30m[1mHeinous[0m killed [1;37mLingering Spirit[0m.
Wed Dec 15 11:21:52 2010 [30m[1mHeinous[0m killed [1;37mLingering Spirit[0m.
Wed Dec 15 17:00:53 2010 [30m[1mHeinous[0m killed [1;37mLingering Spirit[0m.
Fri Dec 17 20:24:03 2010 [30m[1mHeinous[0m killed [1;37mLingering Spirit[0m.
Sat Dec 18 13:26:43 2010 [30m[1mHeinous[0m killed [1;37mLingering Spirit[0m.
Sun Dec 19 00:01:40 2010 [30m[1mHeinous[0m killed [1;37mLingering Spirit[0m.
Tue Dec 21 08:29:00 2010 [30m[1mHeinous[0m killed [1;37mLingering Spirit[0m.
Tue Dec 21 14:59:52 2010 [30m[1mHeinous[0m killed [1;37mLingering Spirit[0m.
Wed Dec 22 10:10:44 2010 [30m[1mHeinous[0m killed [1;37mLingering Spirit[0m.
Wed Dec 22 21:39:10 2010 [30m[1mHeinous[0m killed [1;37mLingering Spirit[0m.
Thu Dec 23 10:24:25 2010 [30m[1mDeathKnight[0m killed [1;37mLingering Spirit[0m.
Mon Dec 27 17:23:14 2010 [30m[1mHeinous[0m killed [1;37mLingering Spirit[0m.
Thu Dec 30 20:25:14 2010 [30m[1mHeinous[0m killed [1;37mLingering Spirit[0m.
Sat Jan  1 02:16:01 2011 [30m[1mWulfgar[0m killed [1;37mLingering Spirit[0m.
Sun Jan  9 23:23:14 2011 [30m[1mFervens[0m killed [1;37mLingering Spirit[0m.
Mon Jan 10 10:50:22 2011 [30m[1mKinshin[0m killed [1;37mLingering Spirit[0m.
Wed Jan 12 00:58:26 2011 [30m[1mHumble[0m killed [1;37mLingering Spirit[0m.
Mon Jan 24 19:10:50 2011 [30m[1mHeinous[0m killed [1;37mLingering Spirit[0m.
Mon Jan 24 22:03:07 2011 [30m[1mSquall[0m killed [1;37mLingering Spirit[0m.
Wed Jan 26 20:05:39 2011 [30m[1mSquall[0m killed [1;37mLingering Spirit[0m.
Thu Jan 27 00:26:01 2011 [30m[1mHumble[0m killed [1;37mLingering Spirit[0m.
Thu Jan 27 04:27:58 2011 [30m[1mHumble[0m killed [1;37mLingering Spirit[0m.
Thu Jan 27 20:27:01 2011 [30m[1mNagasaki[0m killed [1;37mLingering Spirit[0m.
Sun Jan 30 03:22:02 2011 [30m[1mWulfgar[0m killed [1;37mLingering Spirit[0m.
Mon Jan 31 20:32:25 2011 [30m[1mJoab[0m killed [1;37mLingering Spirit[0m.
Tue Feb  1 17:56:55 2011 [30m[1mDeathKnight[0m killed [1;37mLingering Spirit[0m.
Thu Feb  3 23:03:53 2011 [30m[1mWulfgar[0m killed [1;37mLingering Spirit[0m.
Fri Feb  4 01:31:14 2011 [30m[1mJeanyus[0m killed [1;37mLingering Spirit[0m.
Fri Feb  4 04:23:30 2011 [30m[1mWulfgar[0m killed [1;37mLingering Spirit[0m.
Sun Feb  6 13:01:56 2011 [30m[1mSquall[0m killed [1;37mLingering Spirit[0m.
Sun Feb  6 18:05:05 2011 [30m[1mLich[0m killed [1;37mLingering Spirit[0m.
Tue Feb  8 16:34:39 2011 [30m[1mSquall[0m killed [1;37mLingering Spirit[0m.
Tue Feb  8 22:03:53 2011 [30m[1mSquall[0m killed [1;37mLingering Spirit[0m.
Thu Feb 10 19:43:29 2011 [30m[1mSquall[0m killed [1;37mLingering Spirit[0m.
Fri Feb 11 01:26:10 2011 [30m[1mSquall[0m killed [1;37mLingering Spirit[0m.
Sun Feb 13 15:27:18 2011 [30m[1mThor[0m killed [1;37mLingering Spirit[0m.
Tue Feb 15 01:13:32 2011 [30m[1mHeinous[0m killed [1;37mLingering Spirit[0m.
Fri Feb 18 18:20:34 2011 [30m[1mKadaj[0m killed [1;37mLingering Spirit[0m.
Sat Feb 19 04:46:55 2011 [30m[1mSquall[0m killed [1;37mLingering Spirit[0m.
Tue Feb 22 11:18:29 2011 [30m[1mKurupt[0m killed [1;37mLingering Spirit[0m.
Tue Feb 22 18:05:51 2011 [30m[1mHumble[0m killed [1;37mLingering Spirit[0m.
Fri Feb 25 08:56:06 2011 [30m[1mHeinous[0m killed [1;37mLingering Spirit[0m.
Fri Feb 25 17:57:55 2011 [30m[1mHeinous[0m killed [1;37mLingering Spirit[0m.
Sat Feb 26 09:42:52 2011 [30m[1mHeinous[0m killed [1;37mLingering Spirit[0m.
Sat Feb 26 20:55:25 2011 [30m[1mSquall[0m killed [1;37mLingering Spirit[0m.
Sun Feb 27 08:12:04 2011 [30m[1mHeinous[0m killed [1;37mLingering Spirit[0m.
Sat Mar  5 18:29:26 2011 [30m[1mHeinous[0m killed [1;37mLingering Spirit[0m.
Wed Mar  9 19:54:47 2011 [30m[1mOzzy[0m killed [1;37mLingering Spirit[0m.
Thu Mar 10 19:30:23 2011 [30m[1mHumble[0m killed [1;37mLingering Spirit[0m.
Mon Mar 14 20:28:20 2011 [30m[1mJoab[0m killed [1;37mLingering Spirit[0m.
Wed Mar 16 00:43:07 2011 [30m[1mJoab[0m killed [1;37mLingering Spirit[0m.
Thu Mar 17 00:10:56 2011 [30m[1mJoab[0m killed [1;37mLingering Spirit[0m.
Fri Mar 18 19:43:53 2011 [30m[1mXaltocan[0m killed [1;37mLingering Spirit[0m.
Sat Mar 19 14:58:23 2011 [30m[1mGriswold[0m killed [1;37mLingering Spirit[0m.
Sat Mar 19 19:05:44 2011 [30m[1mGriswold[0m killed [1;37mLingering Spirit[0m.
Fri Mar 25 21:53:53 2011 [30m[1mJoab[0m killed [1;37mLingering Spirit[0m.
Fri Apr  1 14:32:38 2011 [30m[1mOzzy[0m killed [1;37mLingering Spirit[0m.
Sat Apr  2 16:55:25 2011 [30m[1mJoab[0m killed [1;37mLingering Spirit[0m.
Sun Apr  3 01:54:23 2011 [30m[1mDeathKnight[0m killed [1;37mLingering Spirit[0m.
Sun Apr  3 21:33:21 2011 [30m[1mDeathKnight[0m killed [1;37mLingering Spirit[0m.
Tue Apr  5 22:26:11 2011 [30m[1mDeathKnight[0m killed [1;37mLingering Spirit[0m.
Wed Apr  6 01:45:22 2011 [30m[1mGlaare[0m killed [1;37mLingering Spirit[0m.
Fri Apr  8 13:07:56 2011 [30m[1mHeinous[0m killed [1;37mLingering Spirit[0m.
Fri Apr 15 02:18:15 2011 [30m[1mDeathKnight[0m killed [1;37mLingering Spirit[0m.
Fri Apr 15 22:40:19 2011 [30m[1mJoab[0m killed [1;37mLingering Spirit[0m.
Sat Apr 16 21:58:19 2011 [30m[1mDeathKnight[0m killed [1;37mLingering Spirit[0m.
Mon Apr 18 21:52:19 2011 [30m[1mKira[0m killed [1;37mLingering Spirit[0m.
Tue Apr 19 01:15:54 2011 [30m[1mTitan[0m killed [1;37mLingering Spirit[0m.
Thu Apr 21 22:40:26 2011 [30m[1mDeathKnight[0m killed [1;37mLingering Spirit[0m.
Sun Apr 24 02:20:04 2011 [30m[1mDeathKnight[0m killed [1;37mLingering Spirit[0m.
Fri Apr 29 00:51:01 2011 [30m[1mLich[0m killed [1;37mLingering Spirit[0m.
Sat Apr 30 00:04:41 2011 [30m[1mLich[0m killed [1;37mLingering Spirit[0m.
Mon May  2 21:34:57 2011 [30m[1mHeinous[0m killed [1;37mLingering Spirit[0m.
Fri May  6 09:44:56 2011 [30m[1mHeinous[0m killed [1;37mLingering Spirit[0m.
Sat May  7 03:53:58 2011 [30m[1mLich[0m killed [1;37mLingering Spirit[0m.
Tue May 10 09:56:41 2011 [30m[1mHeinous[0m killed [1;37mLingering Spirit[0m.
Sun Jun  5 00:27:12 2011 [30m[1mTitan[0m killed [1;37mLingering Spirit[0m.
Sun Jun  5 20:21:45 2011 [30m[1mLich[0m killed [1;37mLingering Spirit[0m.
Fri Jun 10 03:55:53 2011 [30m[1mLich[0m killed [1;37mLingering Spirit[0m.
Tue Jun 14 08:26:36 2011 [30m[1mHeinous[0m killed [1;37mLingering Spirit[0m.
Sun Jun 26 12:38:15 2011 [30m[1mHeinous[0m killed [1;37mLingering Spirit[0m.
Fri Jul  1 17:59:02 2011 [30m[1mHeinous[0m killed [1;37mLingering Spirit[0m.
Sat Jul  2 21:15:31 2011 [30m[1mHeinous[0m killed [1;37mLingering Spirit[0m.
Thu Jul  7 12:30:45 2011 [30m[1mHeinous[0m killed [1;37mLingering Spirit[0m.
Thu Jul 14 11:27:33 2011 [30m[1mHeinous[0m killed [1;37mLingering Spirit[0m.
Thu Jul 28 00:35:54 2011 [30m[1mTitan[0m killed [1;37mLingering Spirit[0m.
Sun Jul 31 21:46:37 2011 [30m[1mJoab[0m killed [1;37mLingering Spirit[0m.
Tue Aug  2 22:00:09 2011 [30m[1mJoab[0m killed [1;37mLingering Spirit[0m.
Fri Aug  5 21:38:56 2011 [30m[1mJoab[0m killed [1;37mLingering Spirit[0m.
Sat Aug  6 00:05:21 2011 [30m[1mJoab[0m killed [1;37mLingering Spirit[0m.
Sun Aug  7 10:03:32 2011 [30m[1mKurupt[0m killed [1;37mLingering Spirit[0m.
Sun Aug  7 22:00:48 2011 [30m[1mJoab[0m killed [1;37mLingering Spirit[0m.
Tue Aug  9 22:03:36 2011 [30m[1mJoab[0m killed [1;37mLingering Spirit[0m.
Wed Aug 10 12:13:17 2011 [30m[1mKurupt[0m killed [1;37mLingering Spirit[0m.
Wed Aug 10 23:48:30 2011 [30m[1mJoab[0m killed [1;37mLingering Spirit[0m.
Thu Aug 11 12:28:21 2011 [30m[1mKurupt[0m killed [1;37mLingering Spirit[0m.
Sat Aug 13 18:41:25 2011 [30m[1mJoab[0m killed [1;37mLingering Spirit[0m.
Mon Aug 15 04:35:57 2011 [30m[1mWebslinger[0m killed [1;37mLingering Spirit[0m.
Mon Aug 15 22:32:08 2011 [30m[1mJoab[0m killed [1;37mLingering Spirit[0m.
Sun Aug 21 17:50:20 2011 [30m[1mJoab[0m killed [1;37mLingering Spirit[0m.
Sat Aug 27 22:24:08 2011 [30m[1mJoab[0m killed [1;37mLingering Spirit[0m.
Sun Aug 28 14:41:08 2011 [30m[1mJellek[0m killed [1;37mLingering Spirit[0m.
Sun Sep  4 01:16:40 2011 [30m[1mJoab[0m killed [1;37mLingering Spirit[0m.
Sun Sep  4 15:11:40 2011 [30m[1mJoab[0m killed [1;37mLingering Spirit[0m.
Mon Sep  5 18:45:14 2011 [30m[1mJoab[0m killed [1;37mLingering Spirit[0m.
Mon Sep  5 21:29:24 2011 [30m[1mJoab[0m killed [1;37mLingering Spirit[0m.
Thu Sep  8 11:01:28 2011 [30m[1mAneurism[0m killed [1;37mLingering Spirit[0m.
Tue Sep 13 22:04:06 2011 [30m[1mJoab[0m killed [1;37mLingering Spirit[0m.
Sun Sep 18 18:00:23 2011 [30m[1mJoab[0m killed [1;37mLingering Spirit[0m.
Sat Sep 24 11:52:14 2011 [30m[1mJoab[0m killed [1;37mLingering Spirit[0m.
Sat Oct  1 17:54:40 2011 [30m[1mJoab[0m killed [1;37mLingering Spirit[0m.
Sun Oct  2 21:04:01 2011 [30m[1mJoab[0m killed [1;37mLingering Spirit[0m.
Sun Oct  9 15:09:12 2011 [30m[1mJoab[0m killed [1;37mLingering Spirit[0m.
Tue Oct 11 21:57:34 2011 [30m[1mJoab[0m killed [1;37mLingering Spirit[0m.
Mon Oct 17 19:58:51 2011 [30m[1mJoab[0m killed [1;37mLingering Spirit[0m.
Fri Nov  4 21:17:36 2011 [30m[1mJoab[0m killed [1;37mLingering Spirit[0m.
Sat Nov  5 00:07:18 2011 [30m[1mJoab[0m killed [1;37mLingering Spirit[0m.
Sat Nov  5 21:17:14 2011 [30m[1mJoab[0m killed [1;37mLingering Spirit[0m.
Sun Nov  6 21:09:47 2011 [30m[1mJoab[0m killed [1;37mLingering Spirit[0m.
Sun Nov  6 23:17:23 2011 [30m[1mJoab[0m killed [1;37mLingering Spirit[0m.
Thu Nov 10 23:10:45 2011 [30m[1mVegeta[0m killed [1;37mLingering Spirit[0m.
Sat Nov 12 12:47:32 2011 [30m[1mJoab[0m killed [1;37mLingering Spirit[0m.
Sun Nov 13 16:47:39 2011 [30m[1mJoab[0m killed [1;37mLingering Spirit[0m.
Tue Nov 22 21:19:20 2011 [30m[1mJoab[0m killed [1;37mLingering Spirit[0m.
Wed Nov 23 12:06:02 2011 [30m[1mJoab[0m killed [1;37mLingering Spirit[0m.
Fri Nov 25 17:33:42 2011 [30m[1mJoab[0m killed [1;37mLingering Spirit[0m.
Sat Nov 26 13:17:35 2011 [30m[1mJoab[0m killed [1;37mLingering Spirit[0m.
Sat Nov 26 19:55:38 2011 [30m[1mJoab[0m killed [1;37mLingering Spirit[0m.
Sun Jan  1 00:44:44 2012 [30m[1mJoab[0m killed [1;37mLingering Spirit[0m.
Sat Jan 14 15:39:11 2012 [30m[1mJoab[0m killed [1;37mLingering Spirit[0m.
Sun Jan 22 17:15:42 2012 [30m[1mRyu[0m killed [1;37mLingering Spirit[0m.
Sun Jan 29 23:19:54 2012 [30m[1mJaster[0m killed [1;37mLingering Spirit[0m.
Sun Feb 12 16:33:34 2012 [30m[1mBilbill[0m killed [1;37mLingering Spirit[0m.
Thu Feb 16 17:44:00 2012 [30m[1mBilbill[0m killed [1;37mLingering Spirit[0m.
Sun Mar  4 16:34:16 2012 [30m[1mHumble[0m killed [1;37mLingering Spirit[0m.
Sat Apr 14 19:13:37 2012 [30m[1mBilbill[0m killed [1;37mLingering Spirit[0m.
Sun Apr 15 20:58:27 2012 [30m[1mBilbill[0m killed [1;37mLingering Spirit[0m.
Sun May 13 01:40:32 2012 [30m[1mDeathseeker[0m killed [1;37mLingering Spirit[0m.
Wed Feb 13 23:01:48 2013 [30m[1mSkarekrow[0m killed [1;37mLingering Spirit[0m.
Sat Feb 16 23:43:11 2013 [30m[1mDeathseeker[0m killed [1;37mLingering Spirit[0m.
Mon Feb 18 05:19:56 2013 [30m[1mEquilibrium[0m killed [1;37mLingering Spirit[0m.
Mon Feb 18 18:25:40 2013 [30m[1mDeathseeker[0m killed [1;37mLingering Spirit[0m.
Mon Feb 18 23:20:45 2013 [30m[1mTimespliter[0m killed [1;37mLingering Spirit[0m.
Thu Feb 21 13:50:40 2013 [30m[1mJake[0m killed [1;37mLingering Spirit[0m.
Wed Mar  6 19:24:04 2013 [30m[1mSilverpaw[0m killed [1;37mLingering Spirit[0m.
Sat Mar 23 14:12:08 2013 [30m[1mDiesel[0m killed [1;37mLingering Spirit[0m.
Sun Mar 24 20:41:18 2013 [30m[1mJellek[0m killed [1;37mLingering Spirit[0m.
Wed Mar 27 10:10:35 2013 [30m[1mSilverpaw[0m killed [1;37mLingering Spirit[0m.
Sat Apr 27 23:17:24 2013 [30m[1mAsunder[0m killed [1;37mLingering Spirit[0m.
Wed Jul 17 20:42:20 2013 [30m[1mDragnar[0m killed [1;37mLingering Spirit[0m.
Tue Jul 23 19:08:40 2013 [30m[1mDreadbane[0m killed [1;37mLingering Spirit[0m.
Thu Aug  1 01:27:10 2013 [30m[1mDreadbane[0m killed [1;37mLingering Spirit[0m.
Thu Aug  1 20:50:05 2013 [30m[1mDreadbane[0m killed [1;37mLingering Spirit[0m.
Tue Dec  3 15:40:21 2013 [30m[1mTimespliter[0m killed [1;37mLingering Spirit[0m.
Sun Dec 29 13:36:17 2013 [30m[1mShojiro[0m killed [1;37mLingering Spirit[0m.
Tue Dec 31 06:44:26 2013 [30m[1mWhitehawk[0m killed [1;37mLingering Spirit[0m.
Sat Jan 25 12:32:43 2014 [30m[1mCrip[0m killed [1;37mLingering Spirit[0m.
Mon Jan 27 01:02:23 2014 [30m[1mXypher[0m killed [1;37mLingering Spirit[0m.
Mon Feb  3 08:18:35 2014 [30m[1mWhitehawk[0m killed [1;37mLingering Spirit[0m.
Mon Feb  3 23:19:54 2014 [30m[1mThomas[0m killed [1;37mLingering Spirit[0m.
Sun Feb  9 12:13:47 2014 [30m[1mMosh[0m killed [1;37mLingering Spirit[0m.
Tue Feb 18 12:03:33 2014 [30m[1mSundin[0m killed [1;37mLingering Spirit[0m.
Thu Feb 20 11:55:57 2014 [30m[1mSundin[0m killed [1;37mLingering Spirit[0m.
Wed Mar  5 22:02:19 2014 [30m[1mSymbio[0m killed [1;37mLingering Spirit[0m.
Mon Mar 24 00:15:01 2014 [30m[1mJupis[0m killed [1;37mLingering Spirit[0m.
Sat Apr 12 19:52:00 2014 [30m[1mTitan[0m killed [1;37mLingering Spirit[0m.
Wed Apr 23 21:35:01 2014 [30m[1mDeathseeker[0m killed [1;37mLingering Spirit[0m.
Sat May  3 14:23:56 2014 [30m[1mSilverwind[0m killed [1;37mLingering Spirit[0m.
Sat May 10 22:23:56 2014 [30m[1mNoxius[0m killed [1;37mLingering Spirit[0m.
Tue May 13 20:48:11 2014 [30m[1mNoxius[0m killed [1;37mLingering Spirit[0m.
Sun May 18 18:06:05 2014 [30m[1mTimespliter[0m killed [1;37mLingering Spirit[0m.
Tue May 20 00:14:21 2014 [30m[1mThomas[0m killed [1;37mLingering Spirit[0m.
Thu May 22 19:59:27 2014 [30m[1mAsunder[0m killed [1;37mLingering Spirit[0m.
Sat May 24 09:52:30 2014 [30m[1mXehanort[0m killed [1;37mLingering Spirit[0m.
Sun May 25 22:18:07 2014 [30m[1mXehanort[0m killed [1;37mLingering Spirit[0m.
Mon May 26 15:54:46 2014 [30m[1mSymbio[0m killed [1;37mLingering Spirit[0m.
Fri May 30 20:08:41 2014 [30m[1mThomas[0m killed [1;37mLingering Spirit[0m.
Mon Jun  2 09:08:06 2014 [30m[1mXehanort[0m killed [1;37mLingering Spirit[0m.
Fri Jun 13 21:54:47 2014 [30m[1mCooper[0m killed [1;37mLingering Spirit[0m.
Tue Jun 24 16:23:00 2014 [30m[1mAngelus[0m killed [1;37mLingering Spirit[0m.
Wed Jun 25 16:37:44 2014 [30m[1mSilverwind[0m killed [1;37mLingering Spirit[0m.
Fri Jul  4 10:13:04 2014 [30m[1mSilverwind[0m killed [1;37mLingering Spirit[0m.
Sat Jul  5 10:26:33 2014 [30m[1mTeepo[0m killed [1;37mLingering Spirit[0m.
Fri Jul 11 18:24:16 2014 [30m[1mThomas[0m killed [1;37mLingering Spirit[0m.
Sun Jul 13 13:39:10 2014 [30m[1mWallace[0m killed [1;37mLingering Spirit[0m.
Tue Jul 15 00:36:52 2014 [30m[1mMosh[0m killed [1;37mLingering Spirit[0m.
Sat Jul 19 08:53:09 2014 [30m[1mTeepo[0m killed [1;37mLingering Spirit[0m.
Sun Aug 31 15:39:51 2014 [30m[1mSilverwind[0m killed [1;37mLingering Spirit[0m.
Mon Sep  1 12:25:50 2014 [30m[1mSilverwind[0m killed [1;37mLingering Spirit[0m.
Sun Sep 14 22:22:19 2014 [30m[1mJaster[0m killed [1;37mLingering Spirit[0m.
Sun Oct 26 15:11:27 2014 [30m[1mJaster[0m killed [1;37mLingering Spirit[0m.
Mon Dec 29 13:31:34 2014 [30m[1mIsamu[0m killed [1;37mLingering Spirit[0m.
Mon Feb 16 21:25:01 2015 [30m[1mGon[0m killed [1;37mLingering Spirit[0m.
Mon Mar  2 21:26:20 2015 [30m[1mAfirewar[0m killed [1;37mLingering Spirit[0m.
Tue Mar  3 20:02:26 2015 [30m[1mTimespliter[0m killed [1;37mLingering Spirit[0m.
Thu Apr 30 20:53:06 2015 [30m[1mMosh[0m killed [1;37mLingering Spirit[0m.
Wed Jul 15 03:42:33 2015 [30m[1mBrak[0m killed [1;37mLingering Spirit[0m.
Fri Jul 17 05:42:49 2015 [30m[1mVanilla[0m killed [1;37mLingering Spirit[0m.
Thu Jul 23 02:34:50 2015 [30m[1mVanilla[0m killed [1;37mLingering Spirit[0m.
Fri Jul 31 23:31:48 2015 [30m[1mVanilla[0m killed [1;37mLingering Spirit[0m.
Fri Aug  7 01:50:50 2015 [30m[1mDarude[0m killed [1;37mLingering Spirit[0m.
Sun Aug  9 09:54:14 2015 [30m[1mSilverwind[0m killed [1;37mLingering Spirit[0m.
Fri Aug 14 22:30:48 2015 [30m[1mHumble[0m killed [1;37mLingering Spirit[0m.
Mon Aug 17 18:39:16 2015 [30m[1mSilverwind[0m killed [1;37mLingering Spirit[0m.
Thu Sep 17 20:59:11 2015 [30m[1mGogeta[0m killed [1;37mLingering Spirit[0m.
Sun Sep 20 20:14:32 2015 [30m[1mSkan[0m killed [1;37mLingering Spirit[0m.
Mon Sep 21 17:37:11 2015 [30m[1mRumi[0m killed [1;37mLingering Spirit[0m.
Thu Oct  8 17:46:20 2015 [30m[1mChrono[0m killed [1;37mLingering Spirit[0m.
Tue Oct 13 18:41:08 2015 [30m[1mDeathKnight[0m killed [1;37mLingering Spirit[0m.
Sun Oct 18 13:36:21 2015 [30m[1mSilverwind[0m killed [1;37mLingering Spirit[0m.
Tue Oct 27 19:23:37 2015 [30m[1mSkan[0m killed [1;37mLingering Spirit[0m.
Sat Dec 26 22:09:47 2015 [30m[1mSkan[0m killed [1;37mLingering Spirit[0m.
Mon Jan 18 18:55:13 2016 [30m[1mSkan[0m killed [1;37mLingering Spirit[0m.
Wed Feb 24 01:18:47 2016 [30m[1mDarude[0m killed [1;37mLingering Spirit[0m.
Sat Mar 26 19:08:42 2016 [30m[1mDarude[0m killed [1;37mLingering Spirit[0m.
Thu May 26 21:25:16 2016 [30m[1mDarude[0m killed [1;37mLingering Spirit[0m.
Fri Sep  2 15:09:18 2016 [30m[1mBeezlebub[0m killed [1;37mLingering Spirit[0m.
Fri Oct 28 12:44:50 2016 [30m[1mDreadbane[0m killed [1;37mLingering Spirit[0m.
Mon Oct 31 15:42:04 2016 [30m[1mDarude[0m killed [1;37mLingering Spirit[0m.
Sun Jan 29 15:28:59 2017 [30m[1mJoab[0m killed [1;37mLingering Spirit[0m.
