~Tara~say what does that do?
~Tara says: what does that do?

~Kazer~'well you could do that to a heal...and when you dropped it it would be in the storage room, at *0*
~Kazer says: well you could do that to a heal...and when you dropped it
it would be in the storage room, at *0*

~Tara~say use it on heals?
~Tara says: use it on heals?

~Kazer~'and you could hit on it infinitely
~Kazer says: and you could hit on it infinitely

~Tara~say lol
~Tara says: lol

~Kazer~grin
~Kazer grins evilly.
~Kazer~'Do you happen to recall when my pretitle was "the walking atm"?
~Kazer says: Do you happen to recall when my pretitle was "the walking
atm"?

~Tara~say yeah
~Tara says: yeah

~Kazer~smile
~Kazer smiles happily.
~Kazer~'kenderbag cheat
~Kazer says: kenderbag cheat

~Tara~say what was that?
~Tara says: what was that?

~Kazer~'about 750k in coins later they figured out why I was running thru cash
~Kazer says: about 750k in coins later they figured out why I was running
thru cash

~Kazer~'you could pull shit out of the kender bag until you were out of money...empty it and sell it all for like 120k
~Kazer says: you could pull shit out of the kender bag until you were out
of money...empty it and sell it all for like 120k

~Tara~say lol
~Tara says: lol

~Tara~say you ever figure out how to make a demon ring
~Tara says: you ever figure out how to make a demon ring

~Kazer~'Couldn't tell ya if I did
~Kazer says: Couldn't tell ya if I did

~Kazer~emote holds his hands up.
~Kazer holds his hands up.

~Tara~say i wasnt gonna ask how
~Tara says: i wasnt gonna ask how

~Tara~say just wondering if ya did
~Tara says: just wondering if ya did

~Kazer~'Sides, i'm not even a DM :)
~Kazer says: Sides, i'm not even a DM :)

~Kazer~'How would I know
~Kazer says: How would I know

~Tara~i
~Tara~say lol i gotta run, ill talk to ya later. i might be back in a bit
~Tara says: lol i gotta run, ill talk to ya later. i might be back in a
bit

~Tara~hug kazer
~Tara hugs Kazer.
~Tara~list
~Tara left the game.
~Kazer~tell feldegast know the id for snows elemental aura?
~Kazer~tell feldegast yep
~Kazer~wiz Allo
~Kazer~l
~Kazer~I zeus
~Kazer~goto /players/kazer/workroom
~Kazer seeps out of the room.
