2001.07.19 21:44 A c:\mud\rowan\magic\am_tele.c <-- Nirvana /players/molasar/rowan/magic am_tele.c
2001.07.19 21:44 A c:\mud\rowan\magic\bag_hold.c <-- Nirvana /players/molasar/rowan/magic bag_hold.c
2001.07.19 21:44 A c:\mud\rowan\magic\deck.c <-- Nirvana /players/molasar/rowan/magic deck.c
2001.07.19 21:44 A c:\mud\rowan\magic\dust_app.c <-- Nirvana /players/molasar/rowan/magic dust_app.c
2001.07.19 21:44 A c:\mud\rowan\magic\esp_med.c <-- Nirvana /players/molasar/rowan/magic esp_med.c
2001.07.19 21:44 A c:\mud\rowan\magic\fam_stn.c <-- Nirvana /players/molasar/rowan/magic fam_stn.c
2001.07.19 21:44 A c:\mud\rowan\magic\gem_see.c <-- Nirvana /players/molasar/rowan/magic gem_see.c
2001.07.19 21:44 A c:\mud\rowan\magic\m_train.c <-- Nirvana /players/molasar/rowan/magic m_train.c
2001.07.19 21:44 A c:\mud\rowan\magic\o_impact.c <-- Nirvana /players/molasar/rowan/magic o_impact.c
2001.07.19 21:44 A c:\mud\rowan\magic\p_heal.c <-- Nirvana /players/molasar/rowan/magic p_heal.c
2001.07.19 21:45 A c:\mud\rowan\magic\r_invis.c <-- Nirvana /players/molasar/rowan/magic r_invis.c
2001.07.19 21:45 A c:\mud\rowan\magic\r_ram.c <-- Nirvana /players/molasar/rowan/magic r_ram.c
2001.07.19 21:45 A c:\mud\rowan\magic\r_regen.c <-- Nirvana /players/molasar/rowan/magic r_regen.c
2001.07.19 21:45 A c:\mud\rowan\magic\r_shock.c <-- Nirvana /players/molasar/rowan/magic r_shock.c
2001.07.19 21:45 A c:\mud\rowan\magic\rod_might.c <-- Nirvana /players/molasar/rowan/magic rod_might.c
2001.07.19 21:45 A c:\mud\rowan\magic\sc_cl_1.c <-- Nirvana /players/molasar/rowan/magic sc_cl_1.c
2001.07.19 21:45 A c:\mud\rowan\magic\sc_evil.c <-- Nirvana /players/molasar/rowan/magic sc_evil.c
2001.07.19 21:45 A c:\mud\rowan\magic\sc_good.c <-- Nirvana /players/molasar/rowan/magic sc_good.c
2001.07.19 21:45 A c:\mud\rowan\magic\sc_mu_1.c <-- Nirvana /players/molasar/rowan/magic sc_mu_1.c
2001.07.19 21:45 A c:\mud\rowan\magic\sc_mu_2.c <-- Nirvana /players/molasar/rowan/magic sc_mu_2.c
2001.07.19 21:45 A c:\mud\rowan\magic\sc_mu_3.c <-- Nirvana /players/molasar/rowan/magic sc_mu_3.c
2001.07.19 21:45 A c:\mud\rowan\magic\sc_mu_4.c <-- Nirvana /players/molasar/rowan/magic sc_mu_4.c
2001.07.19 21:45 A c:\mud\rowan\magic\sp_ann.c <-- Nirvana /players/molasar/rowan/magic sp_ann.c
2001.07.19 21:45 A c:\mud\rowan\magic\w_flame.c <-- Nirvana /players/molasar/rowan/magic w_flame.c
2001.07.19 21:47 A c:\mud\rowan\magic\am_tele.c --> nirvana.mudservices.com /players/fakir/rowan/magic am_tele.c
2001.07.19 21:47 A c:\mud\rowan\magic\bag_hold.c --> nirvana.mudservices.com /players/fakir/rowan/magic bag_hold.c
2001.07.19 21:47 A c:\mud\rowan\magic\deck.c --> nirvana.mudservices.com /players/fakir/rowan/magic deck.c
2001.07.19 21:48 A c:\mud\rowan\magic\dust_app.c --> nirvana.mudservices.com /players/fakir/rowan/magic dust_app.c
2001.07.19 21:48 A c:\mud\rowan\magic\esp_med.c --> nirvana.mudservices.com /players/fakir/rowan/magic esp_med.c
2001.07.19 21:48 A c:\mud\rowan\magic\fam_stn.c --> nirvana.mudservices.com /players/fakir/rowan/magic fam_stn.c
2001.07.19 21:48 A c:\mud\rowan\magic\gem_see.c --> nirvana.mudservices.com /players/fakir/rowan/magic gem_see.c
2001.07.19 21:48 A c:\mud\rowan\magic\m_train.c --> nirvana.mudservices.com /players/fakir/rowan/magic m_train.c
2001.07.19 21:48 A c:\mud\rowan\magic\o_impact.c --> nirvana.mudservices.com /players/fakir/rowan/magic o_impact.c
2001.07.19 21:48 A c:\mud\rowan\magic\p_heal.c --> nirvana.mudservices.com /players/fakir/rowan/magic p_heal.c
2001.07.19 21:48 A c:\mud\rowan\magic\r_invis.c --> nirvana.mudservices.com /players/fakir/rowan/magic r_invis.c
2001.07.19 21:48 A c:\mud\rowan\magic\r_ram.c --> nirvana.mudservices.com /players/fakir/rowan/magic r_ram.c
2001.07.19 21:48 A c:\mud\rowan\magic\r_regen.c --> nirvana.mudservices.com /players/fakir/rowan/magic r_regen.c
2001.07.19 21:48 A c:\mud\rowan\magic\r_shock.c --> nirvana.mudservices.com /players/fakir/rowan/magic r_shock.c
2001.07.19 21:48 A c:\mud\rowan\magic\rod_might.c --> nirvana.mudservices.com /players/fakir/rowan/magic rod_might.c
2001.07.19 21:48 A c:\mud\rowan\magic\sc_cl_1.c --> nirvana.mudservices.com /players/fakir/rowan/magic sc_cl_1.c
2001.07.19 21:48 A c:\mud\rowan\magic\sc_evil.c --> nirvana.mudservices.com /players/fakir/rowan/magic sc_evil.c
2001.07.19 21:48 A c:\mud\rowan\magic\sc_good.c --> nirvana.mudservices.com /players/fakir/rowan/magic sc_good.c
2001.07.19 21:48 A c:\mud\rowan\magic\sc_mu_1.c --> nirvana.mudservices.com /players/fakir/rowan/magic sc_mu_1.c
2001.07.19 21:48 A c:\mud\rowan\magic\sc_mu_2.c --> nirvana.mudservices.com /players/fakir/rowan/magic sc_mu_2.c
2001.07.19 21:48 A c:\mud\rowan\magic\sc_mu_3.c --> nirvana.mudservices.com /players/fakir/rowan/magic sc_mu_3.c
2001.07.19 21:48 A c:\mud\rowan\magic\sc_mu_4.c --> nirvana.mudservices.com /players/fakir/rowan/magic sc_mu_4.c
2001.07.19 21:48 A c:\mud\rowan\magic\sp_ann.c --> nirvana.mudservices.com /players/fakir/rowan/magic sp_ann.c
2001.07.19 21:48 A c:\mud\rowan\magic\w_flame.c --> nirvana.mudservices.com /players/fakir/rowan/magic w_flame.c
