2001.02.22 18:55 A d:\comm\winsock\MUDS\Nirvana\Alchemist\lib\aid.h --> nirvana.mudservices.com /players/nooneelse/Alchemist/lib aid.h
2001.02.22 18:55 A d:\comm\winsock\MUDS\Nirvana\Alchemist\lib\air_elemental.h --> nirvana.mudservices.com /players/nooneelse/Alchemist/lib air_elemental.h
2001.02.22 18:55 A d:\comm\winsock\MUDS\Nirvana\Alchemist\lib\assess.h --> nirvana.mudservices.com /players/nooneelse/Alchemist/lib assess.h
2001.02.22 18:56 A d:\comm\winsock\MUDS\Nirvana\Alchemist\lib\call_vampire.h --> nirvana.mudservices.com /players/nooneelse/Alchemist/lib call_vampire.h
2001.02.22 18:56 A d:\comm\winsock\MUDS\Nirvana\Alchemist\lib\charity.h --> nirvana.mudservices.com /players/nooneelse/Alchemist/lib charity.h
2001.02.22 18:56 A d:\comm\winsock\MUDS\Nirvana\Alchemist\lib\check_member.h --> nirvana.mudservices.com /players/nooneelse/Alchemist/lib check_member.h
2001.02.22 18:56 A d:\comm\winsock\MUDS\Nirvana\Alchemist\lib\create_raven.h --> nirvana.mudservices.com /players/nooneelse/Alchemist/lib create_raven.h
2001.02.22 18:56 A d:\comm\winsock\MUDS\Nirvana\Alchemist\lib\cure_diseases.h --> nirvana.mudservices.com /players/nooneelse/Alchemist/lib cure_diseases.h
2001.02.22 18:56 A d:\comm\winsock\MUDS\Nirvana\Alchemist\lib\defs.h --> nirvana.mudservices.com /players/nooneelse/Alchemist/lib defs.h
2001.02.22 18:56 A d:\comm\winsock\MUDS\Nirvana\Alchemist\lib\demote_member.h --> nirvana.mudservices.com /players/nooneelse/Alchemist/lib demote_member.h
2001.02.22 18:56 A d:\comm\winsock\MUDS\Nirvana\Alchemist\lib\detect_disease.h --> nirvana.mudservices.com /players/nooneelse/Alchemist/lib detect_disease.h
2001.02.22 18:56 A d:\comm\winsock\MUDS\Nirvana\Alchemist\lib\dig_hole.h --> nirvana.mudservices.com /players/nooneelse/Alchemist/lib dig_hole.h
2001.02.22 18:56 A d:\comm\winsock\MUDS\Nirvana\Alchemist\lib\dismiss_elemental.h --> nirvana.mudservices.com /players/nooneelse/Alchemist/lib dismiss_elemental.h
2001.02.22 18:56 A d:\comm\winsock\MUDS\Nirvana\Alchemist\lib\display_guild_levels.h --> nirvana.mudservices.com /players/nooneelse/Alchemist/lib display_guild_levels.h
2001.02.22 18:56 A d:\comm\winsock\MUDS\Nirvana\Alchemist\lib\earth_elemental.h --> nirvana.mudservices.com /players/nooneelse/Alchemist/lib earth_elemental.h
2001.02.22 18:56 A d:\comm\winsock\MUDS\Nirvana\Alchemist\lib\emote.h --> nirvana.mudservices.com /players/nooneelse/Alchemist/lib emote.h
2001.02.22 18:56 A d:\comm\winsock\MUDS\Nirvana\Alchemist\lib\etheral_door.h --> nirvana.mudservices.com /players/nooneelse/Alchemist/lib etheral_door.h
2001.02.22 18:56 A d:\comm\winsock\MUDS\Nirvana\Alchemist\lib\expell_member.h --> nirvana.mudservices.com /players/nooneelse/Alchemist/lib expell_member.h
2001.02.22 18:56 A d:\comm\winsock\MUDS\Nirvana\Alchemist\lib\fear.h --> nirvana.mudservices.com /players/nooneelse/Alchemist/lib fear.h
2001.02.22 18:56 A d:\comm\winsock\MUDS\Nirvana\Alchemist\lib\fellows.h --> nirvana.mudservices.com /players/nooneelse/Alchemist/lib fellows.h
2001.02.22 18:56 A d:\comm\winsock\MUDS\Nirvana\Alchemist\lib\fire_elemental.h --> nirvana.mudservices.com /players/nooneelse/Alchemist/lib fire_elemental.h
2001.02.22 18:56 A d:\comm\winsock\MUDS\Nirvana\Alchemist\lib\fix_guild_object.h --> nirvana.mudservices.com /players/nooneelse/Alchemist/lib fix_guild_object.h
2001.02.22 18:56 A d:\comm\winsock\MUDS\Nirvana\Alchemist\lib\fix_heartbeat.h --> nirvana.mudservices.com /players/nooneelse/Alchemist/lib fix_heartbeat.h
2001.02.22 18:56 A d:\comm\winsock\MUDS\Nirvana\Alchemist\lib\flash.h --> nirvana.mudservices.com /players/nooneelse/Alchemist/lib flash.h
2001.02.22 18:56 A d:\comm\winsock\MUDS\Nirvana\Alchemist\lib\guild_help.h --> nirvana.mudservices.com /players/nooneelse/Alchemist/lib guild_help.h
2001.02.22 18:56 A d:\comm\winsock\MUDS\Nirvana\Alchemist\lib\guild_news.h --> nirvana.mudservices.com /players/nooneelse/Alchemist/lib guild_news.h
2001.02.22 18:56 A d:\comm\winsock\MUDS\Nirvana\Alchemist\lib\launder_pouch.h --> nirvana.mudservices.com /players/nooneelse/Alchemist/lib launder_pouch.h
2001.02.22 18:56 A d:\comm\winsock\MUDS\Nirvana\Alchemist\lib\light.h --> nirvana.mudservices.com /players/nooneelse/Alchemist/lib light.h
2001.02.22 18:57 A d:\comm\winsock\MUDS\Nirvana\Alchemist\lib\list_guild_tasks.h --> nirvana.mudservices.com /players/nooneelse/Alchemist/lib list_guild_tasks.h
2001.02.22 18:57 A d:\comm\winsock\MUDS\Nirvana\Alchemist\lib\oil_of_slipperiness.h --> nirvana.mudservices.com /players/nooneelse/Alchemist/lib oil_of_slipperiness.h
2001.02.22 18:57 A d:\comm\winsock\MUDS\Nirvana\Alchemist\lib\peace.h --> nirvana.mudservices.com /players/nooneelse/Alchemist/lib peace.h
2001.02.22 18:57 A d:\comm\winsock\MUDS\Nirvana\Alchemist\lib\poison.h --> nirvana.mudservices.com /players/nooneelse/Alchemist/lib poison.h
2001.02.22 18:57 A d:\comm\winsock\MUDS\Nirvana\Alchemist\lib\process_skins.h --> nirvana.mudservices.com /players/nooneelse/Alchemist/lib process_skins.h
2001.02.22 18:57 A d:\comm\winsock\MUDS\Nirvana\Alchemist\lib\promote_member.h --> nirvana.mudservices.com /players/nooneelse/Alchemist/lib promote_member.h
2001.02.22 18:57 A d:\comm\winsock\MUDS\Nirvana\Alchemist\lib\punish_alchemist.h --> nirvana.mudservices.com /players/nooneelse/Alchemist/lib punish_alchemist.h
2001.02.22 18:57 A d:\comm\winsock\MUDS\Nirvana\Alchemist\lib\quit.h --> nirvana.mudservices.com /players/nooneelse/Alchemist/lib quit.h
2001.02.22 18:57 A d:\comm\winsock\MUDS\Nirvana\Alchemist\lib\refine.h --> nirvana.mudservices.com /players/nooneelse/Alchemist/lib refine.h
2001.02.22 18:57 A d:\comm\winsock\MUDS\Nirvana\Alchemist\lib\remote_sell.h --> nirvana.mudservices.com /players/nooneelse/Alchemist/lib remote_sell.h
2001.02.22 18:57 A d:\comm\winsock\MUDS\Nirvana\Alchemist\lib\remove_member.h --> nirvana.mudservices.com /players/nooneelse/Alchemist/lib remove_member.h
2001.02.22 18:57 A d:\comm\winsock\MUDS\Nirvana\Alchemist\lib\repair.h --> nirvana.mudservices.com /players/nooneelse/Alchemist/lib repair.h
2001.02.22 18:57 A d:\comm\winsock\MUDS\Nirvana\Alchemist\lib\replace_pouch.h --> nirvana.mudservices.com /players/nooneelse/Alchemist/lib replace_pouch.h
2001.02.22 18:57 A d:\comm\winsock\MUDS\Nirvana\Alchemist\lib\reserve_monster.h --> nirvana.mudservices.com /players/nooneelse/Alchemist/lib reserve_monster.h
2001.02.22 18:57 A d:\comm\winsock\MUDS\Nirvana\Alchemist\lib\resign_guild.h --> nirvana.mudservices.com /players/nooneelse/Alchemist/lib resign_guild.h
2001.02.22 18:57 A d:\comm\winsock\MUDS\Nirvana\Alchemist\lib\road_to_guild.h --> nirvana.mudservices.com /players/nooneelse/Alchemist/lib road_to_guild.h
2001.02.22 18:57 A d:\comm\winsock\MUDS\Nirvana\Alchemist\lib\sanctuary.h --> nirvana.mudservices.com /players/nooneelse/Alchemist/lib sanctuary.h
2001.02.22 18:57 A d:\comm\winsock\MUDS\Nirvana\Alchemist\lib\scan.h --> nirvana.mudservices.com /players/nooneelse/Alchemist/lib scan.h
2001.02.22 18:57 A d:\comm\winsock\MUDS\Nirvana\Alchemist\lib\set_login_room.h --> nirvana.mudservices.com /players/nooneelse/Alchemist/lib set_login_room.h
2001.02.22 18:57 A d:\comm\winsock\MUDS\Nirvana\Alchemist\lib\sew_skins.h --> nirvana.mudservices.com /players/nooneelse/Alchemist/lib sew_skins.h
2001.02.22 18:57 A d:\comm\winsock\MUDS\Nirvana\Alchemist\lib\sharpen.h --> nirvana.mudservices.com /players/nooneelse/Alchemist/lib sharpen.h
2001.02.22 18:57 A d:\comm\winsock\MUDS\Nirvana\Alchemist\lib\show_alchemists.h --> nirvana.mudservices.com /players/nooneelse/Alchemist/lib show_alchemists.h
2001.02.22 18:57 A d:\comm\winsock\MUDS\Nirvana\Alchemist\lib\show_score.h --> nirvana.mudservices.com /players/nooneelse/Alchemist/lib show_score.h
2001.02.22 18:57 A d:\comm\winsock\MUDS\Nirvana\Alchemist\lib\show_who.h --> nirvana.mudservices.com /players/nooneelse/Alchemist/lib show_who.h
2001.02.22 18:57 A d:\comm\winsock\MUDS\Nirvana\Alchemist\lib\show_whoa.h --> nirvana.mudservices.com /players/nooneelse/Alchemist/lib show_whoa.h
2001.02.22 18:57 A d:\comm\winsock\MUDS\Nirvana\Alchemist\lib\skin_corpse.h --> nirvana.mudservices.com /players/nooneelse/Alchemist/lib skin_corpse.h
2001.02.22 18:57 A d:\comm\winsock\MUDS\Nirvana\Alchemist\lib\solve_guild_tasks.h --> nirvana.mudservices.com /players/nooneelse/Alchemist/lib solve_guild_tasks.h
2001.02.22 18:58 A d:\comm\winsock\MUDS\Nirvana\Alchemist\lib\stone_skin.h --> nirvana.mudservices.com /players/nooneelse/Alchemist/lib stone_skin.h
2001.02.22 18:58 A d:\comm\winsock\MUDS\Nirvana\Alchemist\lib\tell.h --> nirvana.mudservices.com /players/nooneelse/Alchemist/lib tell.h
2001.02.22 18:58 A d:\comm\winsock\MUDS\Nirvana\Alchemist\lib\think.h --> nirvana.mudservices.com /players/nooneelse/Alchemist/lib think.h
2001.02.22 18:58 A d:\comm\winsock\MUDS\Nirvana\Alchemist\lib\transport.h --> nirvana.mudservices.com /players/nooneelse/Alchemist/lib transport.h
