Sat Sep 10 10:04:37 2005 Lloyd defeated by Morpheus [spar]
Sat Sep 10 10:25:40 2005 Budah defeated by Morpheus [spar]
Sat Sep 10 10:29:42 2005 Morpheus defeated by Budah [spar]
Sat Sep 10 10:31:00 2005 Budah defeated by Morpheus [spar]
Thu Sep 15 22:35:10 2005 Lloyd defeated by Morpheus [spar]
Thu Sep 15 22:37:39 2005 Morpheus defeated by Lloyd [spar]
Thu Sep 15 22:39:32 2005 Morpheus defeated by Lloyd [spar]
Tue Sep 27 18:27:44 2005 Chett defeated by Budah [spar]
Thu Sep 29 13:06:14 2005 Vahiti defeated by Budah [spar]
Sun Oct  9 23:06:21 2005 Vahiti defeated by Chett [spar]
Mon Oct 10 18:13:08 2005 Artos defeated by Achilles [spar]
Mon Oct 10 20:54:29 2005 Achilles defeated by Budah [spar]
Mon Oct 10 21:02:10 2005 Chett defeated by Budah [spar]
Fri Oct 14 23:37:49 2005 Artos defeated by Chett [spar]
Fri Oct 14 23:42:03 2005 Artos defeated by Chett [spar]
Sat Oct 15 00:06:27 2005 Roanan defeated by Artos [spar]
Sat Oct 15 00:06:29 2005 Artos defeated by [1;37mLight[2;37;0m [spar]
Sat Oct 15 00:13:18 2005 Roanan defeated by Artos [spar]
Thu Mar  2 16:59:15 2006 Whitehawk defeated by Krillgeta [spar]
Fri Apr 21 01:18:30 2006 Thork defeated by Hadus [spar]
Sat Apr 22 15:19:33 2006 Thomas defeated by [1;36m~[0mSquint [spar]
Sat Apr 22 16:05:52 2006 Achilles defeated by [1;36m~[0mSquint [spar]
Sun Apr 30 21:05:00 2006 Squint defeated by Hadus [spar]
Sun Aug  6 03:35:20 2006 Saze defeated by DeathKnight [spar]
Sun Aug  6 03:41:34 2006 Jubei defeated by DeathKnight [spar]
Sun Aug  6 03:42:10 2006 Saze defeated by DeathKnight [spar]
Sun Aug  6 03:53:05 2006 Jubei defeated by Muerte [spar]
Sun Sep  3 17:46:48 2006 Doodle defeated by Mosh [spar]
Sun Sep  3 17:47:38 2006 Mosh defeated by Thomas [spar]
Mon May 14 12:30:33 2007 Sartan defeated by Lanith [spar]
Thu May 17 23:59:50 2007 Guineapig defeated by Squint [spar]
Wed May 23 13:47:02 2007 Fredtest defeated by Guineapig [spar]
Wed May 23 15:39:24 2007 Valen defeated by Guineapig [spar]
Wed May 23 15:57:20 2007 Guineapig defeated by Valen [spar]
Thu May 24 17:23:57 2007 Hamster defeated by Guineapig [spar]
Sun Sep 16 21:13:19 2007 Alora defeated by Nyteshade [spar]
Sun Feb 10 00:23:53 2008 Punk defeated by Sami [spar]
Sat Mar 22 02:00:22 2008 Jacob defeated by [1;36m~[0mTimespliter [spar]
Sun Apr  6 20:19:09 2008 Sickness defeated by Demonic [spar]
Mon May 26 14:49:06 2008 Teepo defeated by Vahiti [spar]
Sun Jun  1 16:49:58 2008 Baskin defeated by Hadus [spar]
Sun Jun  1 16:54:56 2008 Baskin defeated by Hadus [spar]
Mon Jun  9 18:36:58 2008 Hadus defeated by Finn [spar]
Tue Jun 24 17:21:20 2008 Teepo defeated by Jacob [spar]
Thu Jul 31 23:47:52 2008 Bannock defeated by Marek [spar]
Wed Aug  6 15:55:22 2008 Marek defeated by Saynt [spar]
Wed May  6 02:09:37 2009 Equilibrium defeated by Artos [spar]
Thu Aug  6 09:01:50 2009 Viper defeated by Punk [spar]
Wed Dec 23 23:05:35 2009 Wicket defeated by Theseius [spar]
Wed Dec 23 23:11:53 2009 Wicket defeated by Theseius [spar]
Wed Dec 23 23:18:55 2009 Crip defeated by Theseius [spar]
Sat Feb 20 09:10:40 2010 Rage defeated by Wicket [spar]
Sat May 15 14:15:10 2010 Jason defeated by Hadus [spar]
Sat May 15 14:21:19 2010 Jason defeated by Hadus [spar]
Sat Mar 12 03:06:10 2011 Humble defeated Darkfyre. [B]
Wed Aug 17 23:56:17 2011 Symbio defeated by Artos [spar]
Wed Aug 17 23:57:25 2011 Symbio defeated by Artos [spar]
Wed Aug 17 23:59:35 2011 Symbio defeated by Artos [spar]
Thu Aug 18 00:01:25 2011 Artos defeated by Symbio [spar]
Thu Aug 18 00:08:11 2011 Symbio defeated by Artos [spar]
Sun Feb 17 04:41:45 2013 Budah defeated by Jake [spar]
Thu Jan 30 19:03:38 2014 Chett defeated by Lebronjames [spar]
Thu Jan 30 19:05:44 2014 Chett defeated by Lebronjames [spar]
Sat Jan 17 17:27:19 2015 Grimer defeated by Sponge [spar]
Sat Jul 25 20:28:51 2015 Jinichi defeated by Severance [spar]
Mon Sep  7 02:20:48 2015 Recca defeated Deathseeker. [B]
Mon Sep  7 02:27:14 2015 Deathseeker defeated Recca. [B]
Sun Sep 20 00:04:42 2015 Lebronjames defeated by Vanilla [spar]
Sun Sep 20 00:09:33 2015 Vanilla defeated by Lebronjames [spar]
Sun Sep 20 00:16:21 2015 Lebronjames defeated by Deathseeker [spar]
Sun Sep 20 00:17:39 2015 Lebronjames defeated by Deathseeker [spar]
Sun Sep 20 00:21:25 2015 Lebronjames defeated by Marek [spar]
Sun Sep 20 00:24:14 2015 Marek defeated by Lebronjames [spar]
Sun Sep 20 00:26:24 2015 Marek defeated by Lebronjames [spar]
Sun Sep 20 00:28:38 2015 Lebronjames defeated by Gogeta [spar]
Sun Sep 20 00:30:16 2015 Lebronjames defeated by Gogeta [spar]
Sun Sep 20 00:31:14 2015 Gogeta defeated by Lebronjames [spar]
Sun Sep 20 00:33:31 2015 Lebronjames defeated by Gogeta [spar]
Sun Sep 20 00:40:25 2015 Lebronjames defeated by Jaster [spar]
Sun Sep 20 00:43:54 2015 Lebronjames defeated by Jaster [spar]
Sun Sep 20 00:47:06 2015 Lebronjames defeated by Jaster [spar]
Sun Sep 20 00:51:04 2015 Vanilla defeated by Jaster [spar]
Sun Sep 20 00:56:11 2015 Jaster defeated by Vanilla [spar]
Thu Sep 24 23:26:36 2015 Marek defeated by Cgi [spar]
Thu Sep 24 23:33:31 2015 Marek defeated by Cgi [spar]
Thu Sep 24 23:46:57 2015 Cgi defeated by Symbio [spar]
Thu Sep 24 23:54:30 2015 Artos defeated by Symbio [spar]
Thu Sep 24 23:59:28 2015 Artos defeated by Symbio [spar]
Fri Sep 25 00:01:42 2015 Artos defeated by Symbio [spar]
Fri Sep 25 00:04:34 2015 Mode defeated by Symbio [spar]
