Wed Feb  7 17:54:39 2001 Gaston voted for Gaston.
Wed Feb  7 17:54:45 2001 Gaston voted for Gaston.
Fri Feb  9 03:11:17 2001 Feldegast voted for Gaston.
Fri Feb  9 03:11:19 2001 Feldegast voted for Gaston.
Fri Feb  9 03:11:19 2001 Feldegast voted for Gaston.
Fri Feb  9 03:12:15 2001 Wocket voted for Gaston.
Fri Feb  9 03:12:21 2001 Wocket voted for Gaston.
Fri Feb  9 03:12:23 2001 Wocket voted for Gaston.
Fri Feb  9 03:12:23 2001 Wocket voted for Gaston.
Fri Feb  9 03:12:23 2001 Wocket voted for Gaston.
Fri Feb  9 03:12:23 2001 Wocket voted for Gaston.
Fri Feb  9 03:12:23 2001 Wocket voted for Gaston.
Fri Feb  9 03:12:23 2001 Wocket voted for Gaston.
Fri Feb  9 03:12:23 2001 Wocket voted for Gaston.
Fri Feb  9 03:12:23 2001 Wocket voted for Gaston.
Fri Feb  9 03:12:23 2001 Wocket voted for Gaston.
Fri Feb  9 03:12:23 2001 Wocket voted for Gaston.
Fri Feb  9 03:12:23 2001 Wocket voted for Gaston.
Fri Feb  9 03:12:23 2001 Wocket voted for Gaston.
Fri Feb  9 03:12:23 2001 Wocket voted for Gaston.
Fri Feb  9 03:12:23 2001 Wocket voted for Gaston.
Fri Feb  9 03:12:23 2001 Wocket voted for Gaston.
Fri Feb  9 03:12:25 2001 Wocket voted for Gaston.
Fri Feb  9 03:12:25 2001 Wocket voted for Gaston.
Fri Feb  9 03:17:11 2001 Feldegast voted for Gaston.
Fri Feb  9 18:36:20 2001 Obsidian voted for Obsidian.
Fri Feb  9 18:36:44 2001 Reflex voted for Obsidian.
Fri Feb  9 18:42:32 2001 Dricailn voted for Obsidian.
Fri Feb  9 19:50:37 2001 Lode voted for Lode.
Sat Feb 10 01:17:16 2001 Guest voted for Rek.
Sat Feb 10 01:18:58 2001 Pol voted for Rek.
Sat Feb 10 01:19:24 2001 Essence voted for Rek.
Sat Feb 10 12:55:05 2001 Baal voted for Rek.
Sat Feb 10 20:29:03 2001 Max voted for Obsidian.
Sat Feb 10 23:19:35 2001 Matrix voted for Matrix.
Sun Feb 11 00:13:27 2001 Draugae voted for Ravanne.
Sun Feb 11 00:21:23 2001 Ravanne voted for Ravanne.
Sun Feb 11 02:13:03 2001 Tycho voted for Tycho.
Sun Feb 11 12:01:01 2001 Puck voted for Rek.
Sun Feb 11 15:24:58 2001 Brandi voted for Rek.
Sun Feb 11 15:37:58 2001 Myrrdin voted for Myrrdin.
Sun Feb 11 17:46:30 2001 Budah voted for Budah.
Sun Feb 11 19:40:20 2001 Whisper voted for Rek.
Sun Feb 11 21:33:23 2001 Wipeout voted for Ravanne.
Sun Feb 11 23:55:11 2001 Alexis voted for Alexis.
Sun Feb 11 23:58:50 2001 Lyric voted for Lyric.
Mon Feb 12 00:30:24 2001 Wren voted for Wren.
Mon Feb 12 09:03:27 2001 Katya voted for Katya.
Mon Feb 12 14:51:10 2001 Zoltan voted for Zoltan.
Mon Feb 12 15:14:32 2001 Julianne voted for Rek.
Mon Feb 12 17:49:29 2001 Gargoyle voted for Budah.
Mon Feb 12 17:55:19 2001 Cricket voted for Cricket.
Mon Feb 12 17:59:31 2001 Ensco voted for Cricket.
Mon Feb 12 18:15:10 2001 Venom voted for Venom.
Mon Feb 12 22:30:01 2001 Sting voted for Venom.
Mon Feb 12 23:44:40 2001 Taffy voted for Rek.
Tue Feb 13 05:26:53 2001 Little voted for Click.
Tue Feb 13 10:09:30 2001 Meesha voted for Cricket.
Tue Feb 13 14:38:09 2001 Shenji voted for Zoltan.
Tue Feb 13 15:42:17 2001 Simple voted for Cricket.
Tue Feb 13 17:20:32 2001 Brad voted for Ravanne.
Tue Feb 13 17:21:43 2001 Mememoomoo voted for Ravanne.
Tue Feb 13 17:28:15 2001 Bwm voted for Ravanne.
Tue Feb 13 18:27:03 2001 Slag voted for Hugh.
Tue Feb 13 18:31:39 2001 Botch voted for Lode.
Tue Feb 13 19:43:55 2001 Stone voted for Stone.
Tue Feb 13 19:51:42 2001 Posiden voted for Budah.
Tue Feb 13 23:12:23 2001 Lizard voted for Lyric.
Tue Feb 13 23:20:31 2001 Poppy voted for Lyric.
Wed Feb 14 03:45:50 2001 some mist voted for Budah.
Wed Feb 14 04:54:42 2001 Trpsprngr voted for Trpsprngr.
Wed Feb 14 08:00:42 2001 Kyllur voted for Shenji.
Wed Feb 14 10:15:25 2001 Doodle voted for Rek.
Wed Feb 14 11:09:35 2001 Angelique voted for Budah.
Wed Feb 14 14:07:43 2001 Danimal voted for Katya.
Wed Feb 14 14:19:07 2001 Sydney voted for Sydney.
Wed Feb 14 14:55:49 2001 Amphetamine voted for Hugh.
Wed Feb 14 15:16:45 2001 Anakin voted for Danimal.
Wed Feb 14 16:29:01 2001 Bacchus voted for Budah.
Wed Feb 14 18:34:48 2001 Talen voted for Budah.
Wed Feb 14 20:30:32 2001 Scion voted for Stone.
Wed Feb 14 21:39:34 2001 Shayla voted for Shayla.
Wed Feb 14 23:32:52 2001 Hudson voted for Stone.
Thu Feb 15 00:45:23 2001 Lomac voted for Lomac.
Thu Feb 15 00:46:19 2001 Cerberus voted for Lomac.
Thu Feb 15 12:17:09 2001 Vendetta voted for Lyric.
Thu Feb 15 16:00:53 2001 Faust voted for Stone.
Thu Feb 15 18:25:48 2001 Saladin voted for Stone.
Thu Feb 15 20:03:07 2001 Kezana voted for Budah.
Thu Feb 15 20:20:27 2001 Gestalt voted for Stone.
Thu Feb 15 22:26:07 2001 Devon voted for Lyric.
Thu Feb 15 22:28:57 2001 Edge voted for Lyric.
Fri Feb 16 00:44:49 2001 Vital voted for Matrix.
Fri Feb 16 11:15:09 2001 Stormy voted for Cricket.
Fri Feb 16 19:15:45 2001 Jimbo voted for Stone.
Fri Feb 16 23:07:55 2001 Passione voted for Rek.
Sat Feb 17 00:10:35 2001 Rek voted for Rek.
Sat Feb 17 10:25:32 2001 Cobain voted for Keli.
Sat Feb 17 14:33:54 2001 Stardream voted for Budah.
Sat Feb 17 14:38:34 2001 Icefire voted for Budah.
Sat Feb 17 19:14:58 2001 Krokus voted for Stone.
Sat Feb 17 20:06:45 2001 Adidas voted for Freak.
Sat Feb 17 21:46:51 2001 Arcane voted for Keli.
Sun Feb 18 01:36:38 2001 Ghost voted for Stone.
Sun Feb 18 01:49:30 2001 Vertigo voted for Stone.
Sun Feb 18 02:40:50 2001 Kendra voted for Kendra.
Sun Feb 18 02:50:53 2001 Colette voted for Colette.
Sun Feb 18 06:50:12 2001 Brondar voted for Stone.
Sun Feb 18 16:53:50 2001 Shine voted for Stone.
Sun Feb 18 18:09:22 2001 Gibson voted for Blast.
Sun Feb 18 21:23:20 2001 Autumn voted for Stone.
Sun Feb 18 21:33:04 2001 Myrkrn voted for Stone.
Mon Feb 19 08:13:53 2001 Aneurism voted for Keli.
Mon Feb 19 08:17:16 2001 Vedder voted for Keli.
Mon Feb 19 08:18:18 2001 Neospawn voted for Keli.
Mon Feb 19 08:22:24 2001 Healer voted for Keli.
Mon Feb 19 13:23:13 2001 Worm voted for Stone.
Tue Feb 20 16:55:38 2001 Zephyra voted for Venom.
Tue Feb 20 20:39:58 2001 Technoir voted for Blast.
Tue Feb 20 23:41:34 2001 Hepcat voted for Botch.
Wed Feb 21 01:33:56 2001 Destinee voted for Keli.
Wed Feb 21 14:23:53 2001 Akasha voted for Adidas.
Thu Feb 22 20:44:34 2001 Nytewhisp voted for Draugae.
