Sat Aug 27 00:51:09 2005 Usagi               desert
Sat Aug 27 04:09:47 2005 Usagi               desert
Sat Aug 27 15:24:00 2005 Vahiti              desert
Thu Sep  1 13:30:50 2005 Kinshin             desert
Sat Sep  3 17:02:05 2005 Lacar               desert
Tue Sep 13 19:24:08 2005 Angel               tower
Wed Sep 14 22:54:04 2005 Chant               desert
Sun Sep 18 23:24:09 2005 Laramie             desert
Sun Sep 18 23:24:32 2005 Laramie             desert
Sun Sep 18 23:26:38 2005 Laramie             tower
Tue Sep 20 16:46:43 2005 Laramie             tower
Tue Sep 27 19:58:41 2005 Glaxgor             desert
Wed Sep 28 21:36:22 2005 Glaxgor             desert
Thu Sep 29 16:36:13 2005 Glaxgor             desert
Thu Sep 29 20:40:44 2005 Glaxgor             desert
Sat Oct  1 02:59:35 2005 Chett               tower
Mon Oct  3 01:01:12 2005 Lungbutter          desert
Mon Oct  3 00:58:56 2005 Lungbutter          desert
Fri Oct  7 09:10:43 2005 Toy                 tower
Fri Oct  7 09:10:49 2005 Toy                 tower
Tue Oct 18 23:44:29 2005 Juggernaut          tower
Sat Oct 22 09:54:54 2005 Morpheus            desert
Thu Nov  3 18:02:26 2005 Oghma               desert
Sat Nov 19 02:40:06 2005 Juggernaut          desert
Sat Nov 19 17:30:56 2005 Somantin            desert
Sun Nov 20 07:01:00 2005 Somantin            desert
Sun Nov 20 07:31:24 2005 Somantin            desert
Sun Nov 20 07:45:03 2005 Somantin            desert
Mon Nov 21 15:45:04 2005 White               desert
Thu Nov 24 15:41:54 2005 Delta               desert
Thu Nov 24 19:34:35 2005 Somantin            desert
Sun Dec  4 17:19:10 2005 Angel               tower
Mon Dec 26 12:22:07 2005 Robard              desert
Thu Dec 29 14:48:27 2005 Redroses            tower
Thu Jan  5 22:43:16 2006 Carl                desert
Sat Jan  7 17:29:09 2006 Sin                 desert
Thu Jan 19 21:00:35 2006 Pike                desert
Fri Jan 20 14:27:19 2006 Lok                 desert
Fri Jan 20 14:33:20 2006 Gil                 desert
Fri Jan 20 14:33:32 2006 Lok                 desert
Fri Jan 27 09:15:46 2006 Tombsurfer          tower
Sun Jan 29 16:17:25 2006 Sin                 desert
Sun Jan 29 16:18:02 2006 Sin                 desert
Sat Feb 11 15:26:55 2006 Nyteshade           desert
Sat Feb 11 19:00:56 2006 Nyteshade           tower
Sat Feb 11 19:01:28 2006 Nyteshade           tower
Mon Feb 13 14:01:54 2006 Derian              desert
Mon Feb 13 14:42:07 2006 Artos               desert
Mon Feb 13 14:52:57 2006 Artos               desert
Mon Feb 13 15:07:26 2006 Artos               desert
Mon Feb 13 16:18:41 2006 Derian              desert
Mon Feb 13 18:08:17 2006 Nyteshade           desert
Mon Feb 13 22:58:07 2006 Derian              desert
Tue Feb 14 09:53:34 2006 Levus               desert
Tue Feb 14 12:09:41 2006 Levus               desert
Tue Feb 14 12:12:11 2006 Levus               desert
Tue Feb 14 12:13:17 2006 Levus               desert
Tue Feb 14 12:13:45 2006 Levus               desert
Wed Feb 15 14:21:35 2006 Crip                tower
Thu Feb 16 21:28:55 2006 Sephiroth           tower
Thu Feb 16 21:34:19 2006 Sephiroth           desert
Thu Feb 16 22:19:52 2006 Sephiroth           desert
Fri Feb 17 14:29:52 2006 Crip                desert
Fri Feb 17 22:46:16 2006 Surge               tower
Sat Feb 18 11:56:48 2006 Crip                desert
Sun Feb 19 04:02:58 2006 Mosh                desert
Mon Feb 20 14:45:04 2006 Crip                desert
Tue Feb 21 11:42:00 2006 Tirnok              tower
Tue Feb 21 14:57:06 2006 Crip                desert
Tue Feb 21 18:12:10 2006 Elloco              desert
Sun Feb 26 05:37:41 2006 Mosh                desert
Sun Feb 26 06:01:10 2006 Mosh                desert
Sun Feb 26 19:18:04 2006 Sephiroth           desert
Mon Feb 27 02:00:49 2006 Pimpjuice           desert
Sat Mar  4 05:01:16 2006 Mosh                desert
Sat Mar  4 05:11:17 2006 Mosh                desert
Sat Mar  4 05:32:18 2006 Mosh                desert
Sat Mar  4 07:07:24 2006 Mosh                desert
Mon Mar  6 16:54:16 2006 Pike                desert
Tue Mar  7 19:21:07 2006 Krillgeta           desert
Tue Mar  7 19:25:25 2006 Krillgeta           desert
Wed Mar  8 11:19:30 2006 Nos                 desert
Sun Mar 12 03:25:05 2006 Tenchu              desert
Sun Mar 12 03:26:21 2006 Tenchu              desert
Sun Mar 12 17:52:35 2006 Squint              desert
Sat Mar 18 00:00:00 2006 Nos                 desert
Sat Mar 18 00:36:03 2006 Nos                 desert
Mon Mar 20 23:31:31 2006 Nos                 desert
Tue Mar 21 23:32:52 2006 Suge                desert
Tue Mar 21 23:33:46 2006 Suge                tower
Thu Mar 23 16:21:15 2006 Pike                desert
Sat Mar 25 12:21:13 2006 Gogeta              desert
Sat Mar 25 21:00:21 2006 Oghma               desert
Sun Apr  2 21:36:02 2006 Hardy               tower
Tue Apr  4 01:56:43 2006 Sephiroth           desert
Tue Apr  4 01:58:35 2006 Sephiroth           desert
Tue Apr  4 19:21:34 2006 Crip                desert
Tue Apr  4 19:24:32 2006 Krishna             desert
Wed Apr  5 20:06:57 2006 Gogeta              desert
Fri Apr  7 19:49:55 2006 Shayle              tower
Fri Apr  7 20:02:41 2006 Sundin              tower
Fri Apr  7 20:07:28 2006 Sundin              desert
Sun Apr  9 15:33:37 2006 Gogeta              desert
Sun Apr  9 23:37:46 2006 Sephiroth           desert
Sun Apr  9 23:39:26 2006 Sephiroth           desert
Tue Apr 11 21:40:36 2006 Riddick             tower
Fri Apr 14 03:31:59 2006 Sephiroth           desert
Sat Apr 15 13:59:34 2006 Gogeta              desert
Sun Apr 16 16:59:56 2006 Riddick             desert
Sun Apr 16 17:09:08 2006 Riddick             desert
Sun Apr 16 17:09:38 2006 Hadus               desert
Sat Apr 22 11:59:50 2006 Ice                 desert
Sat Apr 22 15:20:06 2006 Sephiroth           desert
Mon Apr 24 14:35:05 2006 Ice                 desert
Mon Apr 24 17:10:55 2006 Ice                 desert
Mon Apr 24 17:13:43 2006 Ice                 desert
Wed Apr 26 04:18:32 2006 Riddick             tower
Fri Apr 28 09:49:25 2006 Keeper              desert
Mon May  1 19:38:51 2006 Dangermouse         desert
Mon May  1 19:39:43 2006 Dangermouse         desert
Mon May  8 15:27:34 2006 Noob                desert
Mon May  8 15:37:57 2006 Noob                desert
Mon May  8 15:43:15 2006 Noob                desert
Wed May 17 16:28:08 2006 Gil                 desert
Wed May 17 16:29:03 2006 Gil                 desert
Wed May 17 16:36:26 2006 Thomas              desert
Thu May 18 19:29:10 2006 Gogeta              desert
Wed May 31 02:30:58 2006 Vegeta              desert
Sat Jun  3 22:09:54 2006 Sephiroth           desert
Sat Jun  3 22:26:13 2006 Sephiroth           desert
Sat Jun  3 22:30:18 2006 Sephiroth           desert
Sat Jun  3 22:41:01 2006 Sephiroth           tower
Wed Jun  7 02:44:26 2006 Saynt               desert
Wed Jun  7 02:48:04 2006 Lungbutter          desert
Wed Jun  7 03:08:50 2006 Saynt               desert
Sat Jun 10 11:46:37 2006 Herger              desert
Sat Jun 10 12:12:07 2006 Herger              desert
Sat Jun 10 12:14:37 2006 Herger              desert
Fri Jun 16 03:52:02 2006 Saynt               desert
Fri Jun 16 03:56:28 2006 Saynt               desert
Sat Jun 17 13:25:19 2006 Sephiroth           desert
Sat Jun 17 13:26:27 2006 Sephiroth           desert
Sun Jun 18 02:48:09 2006 Sephiroth           desert
Sun Jun 18 22:05:57 2006 Saynt               desert
Tue Jun 20 03:35:48 2006 Saynt               desert
Fri Jun 23 01:23:27 2006 Xavier              tower
Fri Jul  7 20:16:42 2006 Hellspawn           desert
Mon Jul 17 17:08:30 2006 Ice                 desert
Mon Jul 17 17:08:48 2006 Ice                 tower
Mon Jul 17 17:09:16 2006 Ice                 desert
Mon Jul 17 17:16:58 2006 Ice                 desert
Mon Jul 17 19:02:23 2006 Ice                 desert
Mon Jul 17 19:02:37 2006 Ice                 desert
Tue Jul 18 14:37:56 2006 Ice                 desert
Tue Jul 18 14:51:30 2006 Ice                 desert
Wed Jul 26 15:47:57 2006 Sephiroth           desert
Wed Jul 26 16:13:18 2006 Sephiroth           desert
Sat Jul 29 01:44:56 2006 Oghma               desert
Sun Jul 30 15:08:04 2006 Hercules            tower
Mon Jul 31 09:35:10 2006 Tombsurfer          desert
Wed Aug  2 14:25:27 2006 Grog                desert
Wed Aug  2 14:32:12 2006 Ice                 desert
Wed Aug  2 14:50:58 2006 Ice                 desert
Thu Aug  3 01:36:47 2006 Grog                desert
Thu Aug 10 22:43:51 2006 Wreckage            desert
Thu Aug 10 23:24:36 2006 Wreckage            desert
Fri Aug 11 20:07:00 2006 Diesel              desert
Wed Aug 16 13:32:23 2006 Crip                desert
Tue Aug 22 18:14:25 2006 Sephiroth           desert
Wed Aug 23 17:58:21 2006 Sephiroth           desert
Thu Aug 24 13:39:05 2006 Saynt               tower
Thu Aug 24 20:33:36 2006 Saynt               desert
Sat Aug 26 13:20:52 2006 Nyteshade           desert
Sat Aug 26 13:56:26 2006 Nyteshade           desert
Sat Aug 26 15:53:13 2006 Nyteshade           desert
Sat Aug 26 18:24:04 2006 Nyteshade           desert
Sat Aug 26 19:33:53 2006 Nyteshade           desert
Sun Aug 27 18:11:07 2006 Sephiroth           desert
Sun Aug 27 19:59:15 2006 Wreckage            desert
Sun Aug 27 19:59:55 2006 Wreckage            desert
Tue Aug 29 19:09:35 2006 Tombsurfer          tower
Tue Aug 29 22:24:32 2006 Nyteshade           desert
Tue Aug 29 22:25:18 2006 Nyteshade           desert
Fri Sep  1 11:29:22 2006 Kilo                desert
Mon Sep  4 12:26:34 2006 Sephiroth           desert
Mon Sep  4 12:28:40 2006 Sephiroth           desert
Mon Sep  4 12:50:24 2006 Sephiroth           desert
Thu Sep  7 18:30:28 2006 Sephiroth           desert
Sat Sep  9 17:22:09 2006 Grog                desert
Sun Sep 10 01:01:34 2006 Sephiroth           desert
Sun Sep 10 03:34:40 2006 Sephiroth           desert
Wed Sep 13 16:06:40 2006 Fossil              desert
Wed Sep 13 16:07:00 2006 Fossil              desert
Tue Sep 19 12:45:49 2006 Fossil              desert
Tue Sep 19 12:58:22 2006 Fossil              desert
Tue Sep 19 13:01:28 2006 Fossil              desert
Tue Sep 19 15:41:58 2006 Fossil              desert
Tue Sep 19 15:56:46 2006 Fossil              desert
Wed Sep 20 14:52:25 2006 Fossil              desert
Wed Sep 20 15:07:45 2006 Fossil              desert
Wed Sep 20 16:39:11 2006 Fossil              desert
Wed Sep 20 16:49:19 2006 Fossil              desert
Wed Sep 20 16:51:39 2006 Fossil              desert
Wed Sep 20 23:51:43 2006 Deela               desert
Wed Sep 20 23:53:22 2006 Deela               desert
Thu Sep 21 09:40:23 2006 Fossil              desert
Thu Sep 21 09:52:45 2006 Fossil              desert
Thu Sep 21 12:03:09 2006 Fossil              desert
Thu Sep 21 14:07:14 2006 Fossil              desert
Thu Sep 21 14:18:42 2006 Fossil              desert
Thu Sep 21 15:23:37 2006 Fossil              desert
Mon Sep 25 11:16:48 2006 Fossil              desert
Mon Sep 25 15:53:15 2006 Fossil              desert
Mon Sep 25 17:23:02 2006 Fossil              desert
Wed Sep 27 10:57:38 2006 Fossil              desert
Wed Sep 27 11:09:09 2006 Fossil              desert
Tue Oct  3 09:44:15 2006 Fossil              desert
Tue Oct  3 15:17:44 2006 Fossil              desert
Tue Oct  3 15:27:24 2006 Fossil              desert
Tue Oct  3 15:39:59 2006 Fossil              desert
Wed Oct  4 13:11:49 2006 Fossil              desert
Wed Oct  4 13:15:52 2006 Fossil              desert
Wed Oct  4 13:19:17 2006 Fossil              desert
Wed Oct  4 13:22:42 2006 Fossil              desert
Wed Oct  4 13:27:38 2006 Fossil              desert
Wed Oct  4 13:29:54 2006 Fossil              desert
Wed Oct  4 13:32:52 2006 Fossil              desert
Wed Oct  4 13:42:04 2006 Fossil              desert
Wed Oct  4 13:51:59 2006 Fossil              desert
Wed Oct  4 14:56:18 2006 Fossil              desert
Wed Oct  4 14:58:21 2006 Fossil              desert
Wed Oct  4 15:05:11 2006 Fossil              desert
Wed Oct  4 15:22:49 2006 Fossil              desert
Thu Oct  5 09:04:56 2006 Fossil              desert
Thu Oct  5 10:00:06 2006 Fossil              desert
Thu Oct  5 10:03:36 2006 Fossil              desert
Thu Oct  5 11:13:37 2006 Fossil              desert
Thu Oct  5 13:35:09 2006 Fossil              desert
Thu Oct  5 16:49:54 2006 Fossil              desert
Thu Oct  5 17:01:55 2006 Fossil              desert
Thu Oct  5 17:14:57 2006 Fossil              desert
Thu Oct  5 17:23:42 2006 Fossil              desert
Fri Oct  6 14:20:52 2006 Crip                desert
Sat Oct  7 16:59:17 2006 Gogeta              desert
Sun Oct  8 01:00:39 2006 Dara                desert
Sun Oct  8 00:58:26 2006 Dara                tower
Mon Oct  9 09:58:11 2006 Fossil              desert
Mon Oct  9 10:07:21 2006 Fossil              desert
Mon Oct  9 13:05:30 2006 Fossil              desert
Mon Oct  9 14:58:58 2006 Fossil              desert
Tue Oct 10 09:02:28 2006 Fossil              desert
Tue Oct 10 09:16:27 2006 Fossil              desert
Tue Oct 10 10:53:52 2006 Fossil              desert
Tue Oct 10 11:11:38 2006 Fossil              desert
Tue Oct 10 11:18:52 2006 Fossil              desert
Mon Oct 16 09:22:44 2006 Fossil              desert
Mon Oct 16 09:31:20 2006 Fossil              desert
Tue Oct 17 01:54:05 2006 Theseius            desert
Tue Oct 17 12:05:11 2006 Fossil              desert
Wed Oct 25 09:28:47 2006 Fossil              desert
Wed Oct 25 12:39:59 2006 Fossil              desert
Tue Oct 31 11:54:21 2006 Fossil              desert
Tue Nov 28 19:44:30 2006 Sephiroth           desert
Fri Dec 15 08:41:16 2006 Crip                desert
Thu Dec 21 11:06:09 2006 Lacar               desert
Tue Dec 26 08:57:24 2006 Devastator          desert
Tue Jan  2 10:11:10 2007 Redroses            tower
Tue Jan  2 11:17:26 2007 Crip                desert
Tue Jan  2 11:17:31 2007 Crip                tower
Tue Jan  2 11:17:59 2007 Crip                desert
Mon Jan 15 12:45:01 2007 Marek               tower
Tue Jan 30 00:58:32 2007 Paragon             desert
Thu Feb  1 13:55:39 2007 Crip                desert
Mon Feb  5 12:43:48 2007 Pepe                desert
Sun Feb 11 01:20:18 2007 Sephiroth           desert
Mon Feb 12 16:21:48 2007 Pepe                desert
Mon Feb 12 16:25:16 2007 Pepe                desert
Mon Feb 12 16:30:38 2007 Pepe                desert
Mon Feb 12 16:39:38 2007 Pepe                desert
Mon Feb 12 16:41:12 2007 Pepe                desert
Mon Feb 12 16:42:50 2007 Pepe                desert
Mon Feb 12 16:46:02 2007 Pepe                desert
Wed Feb 14 09:32:01 2007 Pepe                desert
Wed Feb 14 10:51:31 2007 Blizzard            tower
Sat Feb 17 05:06:06 2007 Sephiroth           desert
Wed Feb 21 11:16:14 2007 Fossil              desert
Wed Feb 21 13:17:50 2007 Fossil              desert
Wed Feb 21 15:07:10 2007 Fossil              desert
Wed Feb 21 17:24:02 2007 Fossil              desert
Wed Feb 28 11:15:27 2007 Fossil              desert
Wed Feb 28 15:09:13 2007 Gogeta              desert
Tue Mar  6 01:42:25 2007 Tyr                 desert
Wed Mar 21 16:29:13 2007 Fossil              desert
Thu Mar 22 11:19:36 2007 Crip                desert
Thu Mar 22 16:23:02 2007 Fossil              desert
Thu Mar 22 16:54:38 2007 Fossil              desert
Mon Mar 26 17:31:24 2007 Fossil              desert
Thu Mar 29 15:50:53 2007 Fossil              desert
Tue Apr  3 11:12:09 2007 Nyteshade           desert
Mon Apr  9 10:16:42 2007 Nyteshade           desert
Mon Apr  9 17:06:02 2007 Sephiroth           desert
Wed Apr 11 17:37:34 2007 One                 desert
Tue Apr 17 02:11:25 2007 Sylvan              tower
Sat Apr 28 01:35:59 2007 Trpsprngr           desert
Mon May  7 01:37:14 2007 Gogeta              desert
Tue May 15 20:22:34 2007 Lateef              desert
Sun Jun  3 18:58:07 2007 Knytemayre          tower
Wed Jun  6 19:47:54 2007 Treebeard           tower
Fri Jun 15 03:53:40 2007 Nyteshade           desert
Sat Jun 16 16:18:19 2007 Troy                tower
Mon Jun 18 13:56:21 2007 Teferi              desert
Mon Jun 25 08:11:51 2007 Troy                tower
Tue Jun 26 00:31:25 2007 Jacob               desert
Mon Jul  9 01:16:57 2007 Ever                desert
Mon Jul  9 01:21:11 2007 Ever                desert
Mon Jul  9 01:30:11 2007 Ever                desert
Mon Jul  9 01:49:25 2007 Nyteshade           desert
Mon Jul  9 01:49:49 2007 Ever                desert
Mon Jul  9 02:02:19 2007 Ever                desert
Mon Jul  9 22:30:12 2007 Ever                desert
Mon Jul  9 22:38:14 2007 Ever                desert
Mon Jul  9 22:50:38 2007 Ever                desert
Thu Jul 19 14:57:40 2007 Troy                desert
Sun Jul 22 15:22:42 2007 Troy                desert
Mon Jul 23 06:30:12 2007 Troy                desert
Mon Jul 23 07:15:10 2007 Troy                desert
Mon Jul 23 13:47:33 2007 Troy                tower
Mon Jul 23 15:53:45 2007 Ever                desert
Tue Jul 24 15:57:34 2007 Troy                desert
Fri Jul 27 00:54:12 2007 Chameleon           tower
Fri Jul 27 04:39:41 2007 Cooper              desert
Fri Jul 27 19:36:12 2007 Troy                desert
Mon Jul 30 02:39:14 2007 Troy                tower
Fri Aug  3 01:22:47 2007 Troy                desert
Thu Aug  9 03:05:12 2007 Ever                desert
Thu Aug  9 03:19:28 2007 Ever                desert
Thu Aug  9 03:22:53 2007 Ever                desert
Thu Aug  9 03:23:05 2007 Viper               desert
Sun Aug 12 22:25:15 2007 Ever                desert
Sun Aug 12 22:36:59 2007 Ever                desert
Mon Aug 13 16:52:50 2007 Troy                tower
Mon Aug 13 16:53:18 2007 Troy                desert
Tue Aug 14 00:31:35 2007 Tembo               desert
Sat Aug 18 04:09:05 2007 Decimis             desert
Wed Aug 22 20:26:05 2007 Chameleon           desert
Thu Aug 23 04:44:34 2007 Crip                desert
Thu Aug 23 11:07:43 2007 Crip                desert
Thu Aug 23 22:10:04 2007 Chameleon           desert
Sun Aug 26 01:54:04 2007 Tembo               desert
Tue Aug 28 09:50:12 2007 Mrjones             desert
Tue Aug 28 14:33:03 2007 Tombsurfer          desert
Sat Sep  1 16:49:13 2007 Chance              tower
Wed Sep  5 23:41:44 2007 Gogeta              desert
Thu Sep  6 22:50:54 2007 Gogeta              desert
Sat Sep  8 15:14:41 2007 Gogeta              desert
Sun Sep  9 13:46:58 2007 Gogeta              desert
Sun Sep  9 13:52:22 2007 Gogeta              desert
Tue Sep 11 11:08:07 2007 Crip                desert
Tue Sep 11 11:14:21 2007 Crip                desert
Thu Sep 13 00:28:25 2007 Gogeta              desert
Mon Sep 17 20:06:23 2007 Gogeta              desert
Sat Sep 22 01:03:25 2007 Gogeta              desert
Sun Sep 23 04:46:58 2007 Troy                desert
Sun Sep 23 14:02:13 2007 Troy                desert
Sun Sep 23 16:48:44 2007 Gogeta              desert
Mon Sep 24 13:23:21 2007 Gogeta              desert
Tue Sep 25 12:20:30 2007 Gogeta              desert
Sat Sep 29 16:24:45 2007 Hercules            desert
Sat Sep 29 23:07:20 2007 Sephiroth           desert
Sun Sep 30 20:32:56 2007 Squint              tower
Sun Sep 30 23:47:45 2007 Gogeta              desert
Sun Sep 30 23:52:20 2007 Gogeta              desert
Wed Oct  3 16:43:36 2007 Gogeta              desert
Wed Oct  3 21:29:40 2007 Gogeta              desert
Thu Oct  4 21:05:41 2007 Gogeta              desert
Sat Oct  6 16:56:01 2007 Gogeta              desert
Sat Oct  6 17:17:19 2007 Bella               desert
Mon Oct  8 18:07:29 2007 Tembo               tower
Tue Oct  9 17:48:23 2007 Tembo               desert
Thu Oct 11 11:45:33 2007 Gogeta              desert
Thu Oct 11 15:31:16 2007 Fossil              desert
Thu Oct 11 16:12:42 2007 Gogeta              desert
Sun Oct 28 00:44:04 2007 Gogeta              desert
Fri Nov  2 22:50:03 2007 Gogeta              desert
Sat Nov  3 13:29:38 2007 Gogeta              desert
Sat Nov  3 13:29:42 2007 Gogeta              desert
Sat Nov  3 16:29:25 2007 Lance               desert
Sat Nov  3 16:40:38 2007 Lance               desert
Sun Nov  4 11:21:24 2007 Lance               desert
Sun Nov 11 20:02:48 2007 Gogeta              desert
Tue Nov 13 11:28:07 2007 Fain                desert
Tue Nov 13 11:34:04 2007 Fain                desert
Thu Nov 15 11:10:04 2007 Tembo               desert
Wed Nov 28 00:48:44 2007 Ever                desert
Wed Nov 28 00:52:28 2007 Ever                desert
Sat Dec  1 03:57:06 2007 Bloodangle          desert
Sat Dec  1 03:57:54 2007 Bloodangle          desert
Sat Dec  1 04:13:16 2007 Bloodangle          desert
Sat Dec  1 04:13:42 2007 Bloodangle          desert
Sat Dec  1 04:14:28 2007 Bloodangle          desert
Sat Dec  1 10:56:18 2007 Lance               desert
Sun Dec  9 14:47:06 2007 Sephiroth           desert
Wed Dec 12 23:26:23 2007 Sephiroth           desert
Fri Dec 21 22:35:04 2007 Sephiroth           desert
Sun Dec 23 12:29:29 2007 Sephiroth           desert
Wed Jan  2 23:06:24 2008 Kutharsen           desert
Thu Jan  3 21:04:29 2008 Kutharsen           desert
Thu Jan  3 21:11:18 2008 Kutharsen           desert
Sun Jan  6 00:09:10 2008 Kutharsen           desert
Sun Jan  6 00:12:18 2008 Kutharsen           tower
Sun Jan  6 22:59:24 2008 Jacob               desert
Wed Jan  9 20:44:14 2008 Sephira             desert
Wed Jan  9 20:46:28 2008 Sephira             desert
Thu Jan 10 11:17:33 2008 Avant               desert
Sat Jan 19 13:16:12 2008 Fain                desert
Sun Feb  3 10:52:49 2008 Heinous             desert
Sun Feb  3 13:22:09 2008 Heinous             desert
Wed Feb  6 10:28:03 2008 Heinous             desert
Wed Feb  6 11:14:03 2008 Lok                 desert
Wed Feb  6 11:22:53 2008 Heinous             tower
Wed Feb  6 13:50:26 2008 Heinous             desert
Wed Feb  6 16:20:08 2008 Timespliter         desert
Wed Feb  6 19:33:17 2008 Heinous             desert
Thu Feb  7 15:51:54 2008 Corwin              desert
Sat Feb  9 10:58:40 2008 Coglin              desert
Sat Feb  9 20:43:50 2008 Timespliter         desert
Fri Feb 15 02:44:09 2008 Ever                desert
Fri Feb 15 02:53:31 2008 Ever                desert
Mon Feb 18 12:35:55 2008 Googleplex          tower
Mon Feb 18 18:52:20 2008 Fastkill            desert
Mon Feb 18 18:56:00 2008 Fastkill            desert
Mon Feb 18 19:34:24 2008 Fastkill            desert
Mon Feb 18 21:10:04 2008 Sid                 desert
Tue Feb 19 11:27:31 2008 Sid                 desert
Sun Feb 24 15:31:44 2008 Timespliter         desert
Tue Mar  4 14:33:02 2008 Beaker              tower
Fri Mar  7 16:05:00 2008 Sunim               desert
Sun Mar  9 22:29:30 2008 Fastkill            desert
Sat Mar 15 10:19:34 2008 Sid                 desert
Sat Mar 15 10:35:27 2008 Sid                 desert
Sat Mar 15 11:05:16 2008 Sid                 desert
Sun Mar 16 11:55:38 2008 Stan                desert
Fri Mar 21 23:42:08 2008 Jacob               desert
Sat Apr 19 22:21:12 2008 Esox                tower
Sat Apr 19 22:21:52 2008 Esox                tower
Fri Apr 25 12:47:20 2008 Sami                tower
Thu May  1 13:14:31 2008 Brak                desert
Fri May  2 10:58:49 2008 Brak                desert
Fri May  2 14:00:12 2008 Repeat              desert
Fri May  2 16:12:25 2008 Vahn                desert
Fri May  2 18:04:18 2008 Isamu               desert
Mon May  5 15:39:12 2008 Isamu               desert
Thu May  8 01:48:39 2008 Jaster              desert
Sun May 11 03:10:56 2008 Xam                 tower
Sun May 11 12:16:10 2008 Shenji              desert
Sun May 11 17:27:05 2008 Mosh                desert
Wed May 14 09:59:20 2008 Sand                desert
Sun May 18 13:18:53 2008 Sephiroth           desert
Wed May 28 23:12:07 2008 Destrux             desert
Mon Jul  7 22:58:22 2008 Jaster              desert
Mon Jul  7 22:59:26 2008 Jaster              desert
Fri Jul 18 01:08:50 2008 Bannock             tower
Fri Jul 18 01:09:34 2008 Bannock             tower
Mon Jul 28 15:08:25 2008 Blackstar           desert
Tue Jul 29 02:26:02 2008 Marek               desert
Sat Sep  6 11:19:49 2008 Fallen              tower
Sun Jan 18 00:22:07 2009 Shackel             desert
Sun Jan 25 01:17:39 2009 Shackel             desert
Mon Jan 26 23:47:50 2009 Jacob               desert
Thu Feb  5 01:52:09 2009 Grog                desert
Sat Mar 14 01:28:16 2009 Symbio              desert
Sat Mar 14 01:28:58 2009 Symbio              desert
Sat Apr 11 22:23:54 2009 Jaster              desert
Sat Apr 11 22:25:54 2009 Jaster              desert
Sat Apr 11 22:44:50 2009 Jaster              tower
Tue Apr 14 16:55:13 2009 Daedalus            tower
Wed Apr 29 12:50:43 2009 Webslinger          desert
Fri May  1 22:09:12 2009 Wicket              desert
Mon May 11 20:57:30 2009 Marek               desert
Mon May 11 21:58:54 2009 Marek               desert
Mon May 11 23:31:20 2009 Marek               desert
Mon May 18 01:51:11 2009 Webslinger          desert
Fri Jun  5 12:35:21 2009 Blackblade          tower
Sat Jun 13 11:01:16 2009 Blackblade          desert
Thu Jun 25 21:24:25 2009 Wallace             desert
Fri Jun 26 20:35:57 2009 Wallace             desert
Sun Jun 28 13:58:29 2009 Sin                 desert
Sat Jul  4 15:50:21 2009 Hadus               desert
Mon Jul  6 22:59:15 2009 Angelus             desert
Sat Jul 11 02:06:03 2009 Angelus             desert
Sat Jul 11 04:38:14 2009 Marek               desert
Thu Aug  6 03:59:05 2009 Artos               desert
Fri Aug 28 18:05:45 2009 Wallace             desert
Sun Aug 30 17:05:48 2009 Silverpaw           desert
Sun Sep 13 01:59:23 2009 Marek               desert
Sat Sep 26 15:26:12 2009 Silverpaw           desert
Wed Sep 30 04:42:55 2009 Enigma              desert
Sat Oct 17 01:54:31 2009 Shigekuni           desert
Sun Oct 18 11:43:34 2009 Coglin              desert
Fri Oct 23 20:53:03 2009 Shigekuni           desert
Fri Oct 23 21:00:09 2009 Shigekuni           desert
Fri Oct 23 21:20:52 2009 Shigekuni           desert
Fri Oct 23 21:32:53 2009 Shigekuni           tower
Fri Oct 23 21:33:53 2009 Shigekuni           desert
Mon Oct 26 18:35:43 2009 Wallace             desert
Mon Oct 26 21:12:09 2009 Booker              desert
Tue Oct 27 14:13:31 2009 Booker              desert
Wed Oct 28 16:43:52 2009 Booker              desert
Thu Oct 29 14:55:14 2009 Shigekuni           desert
Fri Oct 30 08:42:37 2009 Booker              desert
Fri Oct 30 14:10:57 2009 Booker              tower
Tue Nov  3 19:32:59 2009 Tierno              desert
Tue Nov  3 19:58:48 2009 Tierno              desert
Tue Nov  3 20:02:06 2009 Teepo               desert
Wed Nov  4 08:49:08 2009 Tierno              desert
Wed Nov  4 08:49:48 2009 Timespliter         desert
Wed Nov  4 20:21:26 2009 Rage                desert
Sun Nov  8 08:05:48 2009 Wicket              desert
Tue Nov 10 11:17:22 2009 Tierno              desert
Tue Nov 10 17:56:13 2009 Tierno              desert
Wed Nov 11 21:52:00 2009 Coglin              desert
Thu Nov 12 10:10:47 2009 Coglin              desert
Sat Nov 14 11:31:53 2009 Coglin              desert
Mon Nov 23 12:20:13 2009 Coglin              desert
Thu Dec  3 22:02:28 2009 Crip                desert
Sat Dec  5 20:39:36 2009 Coglin              tower
Sun Dec  6 21:17:44 2009 Wicket              desert
Sun Dec  6 21:20:20 2009 Wicket              desert
Tue Dec 22 13:10:42 2009 Yodel               desert
Fri Dec 25 15:20:26 2009 Wicket              desert
Mon Dec 28 23:52:58 2009 Gratch              desert
Mon Dec 28 23:54:56 2009 Gratch              desert
Thu Dec 31 20:46:53 2009 Genesis             desert
Sun Jan 24 23:50:40 2010 Coglin              desert
Mon Feb 15 09:38:37 2010 Mythago             desert
Tue Feb 16 19:54:28 2010 Coglin              desert
Mon Feb 22 14:59:02 2010 Mythago             desert
Mon Mar 15 00:00:07 2010 Rothgar             tower
Sat Apr 17 11:58:12 2010 Marek               desert
Mon Apr 26 16:18:40 2010 Mosh                desert
Wed Apr 28 01:02:19 2010 Hadus               desert
Sun May  9 17:43:48 2010 Wicket              desert
Sun May 23 16:40:38 2010 Jaster              tower
Tue May 25 19:42:37 2010 Bannock             tower
Thu Jun  3 20:02:33 2010 Mo                  desert
Thu Jun 24 18:27:25 2010 Gogeta              desert
Thu Jun 24 18:29:55 2010 Gogeta              desert
Thu Jun 24 18:35:00 2010 Gogeta              desert
Sun Jul  4 16:14:48 2010 Enasni              desert
Fri Jul  9 01:46:05 2010 Jaster              desert
Sat Jul 10 20:20:05 2010 Tirnok              desert
Sun Jul 18 05:13:34 2010 Gogeta              desert
Sun Jul 25 17:58:46 2010 Shojiro             desert
Sun Aug 22 18:55:28 2010 Shojiro             desert
Sun Sep  5 18:41:31 2010 Booker              desert
Sun Sep  5 21:48:32 2010 Booker              desert
Sun Sep 19 22:07:07 2010 Brak                tower
Sun Sep 19 22:07:21 2010 Brak                tower
Mon Sep 20 09:29:48 2010 Glaxgor             desert
Tue Sep 21 14:51:25 2010 Brak                desert
Tue Sep 21 14:52:10 2010 Brak                tower
Fri Sep 24 17:36:34 2010 Kurupt              tower
Sat Sep 25 10:48:29 2010 Kurupt              desert
Fri Oct  1 07:31:14 2010 Kurupt              desert
Sat Oct  9 09:21:32 2010 Benito              desert
Sat Oct  9 09:22:10 2010 Benito              desert
Tue Oct 12 14:23:54 2010 Benito              desert
Sat Oct 16 10:53:18 2010 Severance           desert
Tue Oct 19 15:39:54 2010 Gogeta              desert
Wed Oct 20 08:30:34 2010 Benito              desert
Sun Oct 31 12:35:25 2010 Daze                tower
Thu Nov 11 21:49:46 2010 Heinous             desert
Fri Nov 12 09:06:19 2010 Heinous             desert
Wed Nov 24 19:44:14 2010 Heinous             desert
Fri Nov 26 07:54:10 2010 Sephiroth           desert
Fri Nov 26 08:10:14 2010 Sephiroth           desert
Thu Dec  9 12:28:22 2010 Soul                desert
Thu Dec  9 12:29:20 2010 Soul                tower
Thu Dec  9 19:08:20 2010 Heinous             desert
Fri Dec 10 23:20:29 2010 Heinous             desert
Fri Dec 17 01:40:30 2010 Humble              tower
Fri Dec 17 14:14:38 2010 Glaxgor             desert
Tue Jan  4 10:19:17 2011 Amen                desert
Tue Jan  4 15:51:03 2011 Amen                desert
Wed Jan  5 12:42:57 2011 Amen                desert
Tue Jan 11 03:28:35 2011 Humble              desert
Tue Jan 11 04:15:25 2011 Humble              tower
Tue Jan 11 08:19:42 2011 Thor                desert
Thu Jan 13 15:04:36 2011 Amen                desert
Sat Jan 15 04:39:07 2011 Humble              desert
Thu Jan 20 14:08:00 2011 Daze                desert
Thu Jan 20 17:25:43 2011 Daze                desert
Mon Jan 24 22:12:05 2011 Bob                 tower
Sun Jan 30 09:36:29 2011 Sckitzo             desert
Sun Feb 13 14:24:43 2011 Thor                desert
Tue Feb 15 13:27:52 2011 Heinous             desert
Tue Feb 15 18:49:45 2011 Humble              desert
Tue Feb 15 18:55:45 2011 Humble              tower
Tue Feb 15 18:56:19 2011 Humble              desert
Thu Feb 17 14:50:30 2011 Paven               tower
Thu Feb 17 16:25:19 2011 Paven               tower
Sat Feb 19 19:49:50 2011 Thor                desert
Wed Feb 23 19:03:09 2011 Heinous             desert
Fri Mar  4 11:55:10 2011 Vertebraker         tower
Wed Mar  9 16:22:22 2011 Xaltocan            desert
Thu Mar 10 08:31:51 2011 Xaltocan            desert
Sun Mar 20 09:17:11 2011 Thor                desert
Sun Mar 20 11:55:25 2011 Guardian            tower
Wed Mar 23 12:29:28 2011 Xaltocan            desert
Thu May  5 14:12:23 2011 Shinichi            tower
Fri May  6 16:34:23 2011 Tristan             tower
Mon May 23 10:30:18 2011 Mythago             desert
Sat Jun  4 15:16:14 2011 Gizmo               desert
Sat Jun  4 15:29:14 2011 Gizmo               desert
Fri Jun 10 11:19:37 2011 Mythago             desert
Sun Jun 12 09:06:24 2011 Heinous             tower
Sun Jun 12 12:10:48 2011 Skarekrow           desert
Sun Jun 12 12:19:36 2011 Skarekrow           tower
Sun Jun 12 14:12:17 2011 Skarekrow           desert
Mon Jun 13 10:50:45 2011 Skarekrow           desert
Mon Jun 13 12:40:38 2011 Skarekrow           desert
Mon Jun 13 13:03:06 2011 Coglin              desert
Wed Jun 15 04:18:29 2011 Skarekrow           desert
Thu Jun 16 11:32:57 2011 Skarekrow           desert
Sat Jun 18 02:49:21 2011 Skarekrow           desert
Sat Jun 18 05:32:58 2011 Skarekrow           desert
Sat Jun 18 07:48:50 2011 Skarekrow           desert
Sat Jun 18 07:50:08 2011 Skarekrow           desert
Sun Jun 19 16:13:29 2011 Heinous             desert
Sun Jun 19 23:30:06 2011 Skarekrow           desert
Wed Jun 22 18:33:49 2011 Skarekrow           desert
Fri Jun 24 07:42:52 2011 Mythago             desert
Fri Jun 24 07:43:02 2011 Mythago             desert
Fri Jun 24 22:05:05 2011 Mythago             desert
Tue Jun 28 10:13:58 2011 Hare                desert
Tue Jun 28 10:15:02 2011 Hare                desert
Tue Jun 28 10:15:42 2011 Hare                desert
Fri Jul  1 20:21:15 2011 Nietzsche           tower
Sun Jul  3 12:27:44 2011 Wicket              desert
Mon Aug  8 11:43:14 2011 Aneurism            tower
Wed Aug 24 18:30:09 2011 Symbio              tower
Wed Aug 24 18:32:39 2011 Symbio              desert
Thu Sep 15 15:48:44 2011 Cameron             desert
Sat Jan 21 02:22:10 2012 Skarekrow           desert
Sat Jan 21 03:56:19 2012 Skarekrow           desert
Mon Jan 23 04:43:15 2012 Skarekrow           desert
Thu Jan 26 04:55:26 2012 Skarekrow           desert
Tue Feb 14 22:36:34 2012 Flexj               tower
Wed Feb 15 00:13:17 2012 Flexj               tower
Wed Feb 15 00:16:04 2012 Flexj               desert
Fri Feb 17 21:34:29 2012 Suge                tower
Sun Apr 29 13:27:41 2012 Whitehawk           tower
Fri Sep 21 06:39:55 2012 Skarekrow           desert
Sun Dec  9 13:34:36 2012 Silverpaw           desert
Sun Dec  9 13:35:20 2012 Silverpaw           desert
Sat Feb  2 21:16:24 2013 Riddick             desert
Sat Feb  2 21:16:46 2013 Riddick             tower
Tue Feb  5 14:24:48 2013 Skarekrow           desert
Wed Feb 13 18:39:31 2013 Xypher              desert
Thu Feb 14 14:19:58 2013 Skarekrow           desert
Tue Feb 19 22:10:55 2013 Asclepius           tower
Wed Feb 20 13:31:18 2013 Spitgemz            desert
Wed Feb 20 14:04:12 2013 Spitgemz            tower
Wed Feb 20 17:28:13 2013 Spitgemz            desert
Wed Feb 20 23:43:05 2013 Skarekrow           desert
Sat Mar  9 04:41:24 2013 Asclepius           tower
Sun Mar 10 19:06:49 2013 Silverwind          desert
Fri Apr  5 13:54:08 2013 Pike                desert
Fri Apr  5 13:59:42 2013 Pike                desert
Sun Apr  7 16:42:55 2013 Avant               desert
Fri Apr 19 20:40:31 2013 Jareel              tower
Fri Apr 19 20:42:47 2013 Jareel              desert
Fri Apr 19 20:46:03 2013 Mosobp              desert
Thu Nov 21 02:28:18 2013 Punk                desert
Sat Nov 23 18:01:20 2013 Devinous            tower
Tue Nov 26 13:17:46 2013 Sunim               desert
Tue Nov 26 13:45:34 2013 Sunim               desert
Mon Dec  2 17:41:00 2013 Jabroni             tower
Tue Dec  3 16:45:13 2013 Sami                desert
Wed Dec  4 15:49:52 2013 Googleplex          desert
Thu Dec  5 19:57:38 2013 Deathseeker         desert
Wed Dec 11 02:57:56 2013 Deathseeker         desert
Sun Dec 22 02:41:01 2013 Jabroni             tower
Tue Dec 24 09:55:25 2013 Shojiro             desert
Wed Dec 25 12:37:13 2013 Shojiro             desert
Thu Jan  2 13:08:22 2014 Deathseeker         desert
Fri Jan  3 21:43:57 2014 Mako                desert
Sat Jan  4 00:10:33 2014 Mako                desert
Wed Jan  8 20:06:37 2014 Crip                desert
Fri Jan 10 00:46:57 2014 Jupis               desert
Sat Jan 11 01:29:43 2014 Symbio              desert
Sat Jan 11 01:31:41 2014 Symbio              desert
Sat Jan 11 01:55:33 2014 Symbio              desert
Sat Jan 11 17:31:07 2014 Crip                desert
Sun Jan 12 10:01:14 2014 Crip                desert
Sun Jan 12 14:05:43 2014 Crip                desert
Tue Jan 14 01:01:52 2014 Gogeta              desert
Tue Jan 14 01:05:18 2014 Gogeta              desert
Sat Jan 18 14:25:55 2014 Symbio              tower
Wed Jan 22 18:48:31 2014 Tenchu              desert
Wed Jan 22 18:49:55 2014 Symbio              desert
Wed Jan 22 18:52:33 2014 Symbio              desert
Wed Jan 22 22:44:10 2014 Mosh                desert
Thu Jan 23 12:04:38 2014 Jason               desert
Sat Jan 25 18:29:56 2014 Jupis               desert
Fri Jan 31 23:57:21 2014 Lebronjames         tower
Sun Feb  9 22:23:44 2014 Symbio              desert
Mon Feb 10 22:09:10 2014 Mosh                desert
Fri Feb 21 08:39:35 2014 Punk                tower
Mon Mar  3 12:18:16 2014 Jupis               desert
Mon Mar  3 21:39:53 2014 Symbio              desert
Tue Mar 11 17:17:08 2014 Krash               tower
Tue Mar 11 17:17:44 2014 Krash               desert
Tue Mar 11 17:30:29 2014 Krash               desert
Wed Mar 12 22:11:28 2014 Sid                 desert
Wed Mar 12 22:15:50 2014 Sid                 desert
Wed Mar 12 22:16:36 2014 Deathseeker         desert
Fri Apr 18 20:35:40 2014 Panda               desert
Fri Apr 18 20:49:32 2014 Panda               desert
Sun May 18 15:05:30 2014 Xehanort            desert
Sun May 18 15:25:10 2014 Xehanort            tower
Sun May 18 16:04:56 2014 Xehanort            desert
Sun May 18 21:19:00 2014 Stigmata            tower
Sun May 18 21:19:30 2014 Stigmata            desert
Sun May 18 21:22:58 2014 Stigmata            tower
Sun May 18 21:23:30 2014 Stigmata            desert
Sun May 18 21:24:42 2014 Stigmata            tower
Sat May 24 00:46:21 2014 Marsellus           desert
Tue Jul 15 01:10:40 2014 Marsellus           desert
Thu Jul 24 14:10:44 2014 Xerxes              desert
Thu Jul 24 14:10:56 2014 Xerxes              tower
Thu Jul 24 14:11:42 2014 Xerxes              desert
Thu Jul 24 14:11:56 2014 Xerxes              desert
Sun Jul 27 19:18:51 2014 Tormentor           desert
Fri Aug  1 19:20:06 2014 Stardrifter         desert
Sun Aug  3 08:31:04 2014 Sin                 desert
Sun Aug  3 14:03:07 2014 Mosobp              tower
Mon Aug 18 23:26:38 2014 Merto               desert
Sun Aug 24 00:41:36 2014 Sid                 desert
Thu Aug 28 17:58:44 2014 Glaxgor             desert
Thu Aug 28 19:13:50 2014 Glaxgor             desert
Thu Sep  4 23:54:34 2014 Karash              tower
Fri Sep  5 07:52:27 2014 Karash              desert
Thu Oct 23 10:31:16 2014 Marsellus           desert
Sun Oct 26 07:41:02 2014 Gon                 desert
Sun Oct 26 07:54:37 2014 Gon                 desert
Fri Dec 26 18:36:14 2014 Jabroni             tower
Sat Jan 10 14:52:51 2015 Timespliter         desert
Sun Mar  1 21:10:35 2015 Deathseeker         desert
Sat Mar  7 20:25:14 2015 Merto               desert
Sun May  3 22:45:34 2015 Deathseeker         desert
Thu May  7 19:54:28 2015 Skan                desert
Tue Jun  9 22:39:57 2015 Hugh                tower
Sun Jul 26 08:20:28 2015 Heathen             desert
Tue Jul 28 21:33:47 2015 Cooper              desert
Tue Jul 28 21:34:37 2015 Chrono              desert
Mon Aug 10 13:29:55 2015 Symbio              tower
Mon Aug 10 20:18:20 2015 Mosh                desert
Fri Aug 21 22:40:06 2015 Teepo               desert
Sun Aug 23 19:25:22 2015 Symbio              desert
Sun Aug 23 19:25:30 2015 Symbio              tower
Fri Aug 28 23:45:15 2015 Symbio              desert
Fri Aug 28 23:51:52 2015 Symbio              desert
Fri Aug 28 23:58:42 2015 Symbio              desert
Sun Sep 13 19:18:31 2015 Marek               desert
Mon Sep 14 18:42:25 2015 Sektor              desert
Sat Sep 26 12:26:22 2015 Silverwind          desert
Sat Oct 24 22:51:36 2015 Feldegast           desert
Fri Jan 29 15:16:28 2016 Oberon              tower
Fri Jul  1 12:21:15 2016 Oberon              tower
Fri Jul  1 12:27:10 2016 Oberon              desert
Thu Sep 15 13:43:44 2016 Dameon              desert
Thu Oct 27 08:22:18 2016 Gizmo               tower
Fri Dec 23 22:09:21 2016 Sinner              tower
