Sat Apr  6 00:37:16 2002 Puppy                Dome Puzzle
Sat Apr  6 08:11:41 2002 Vistar               Algebra Puzzle
Sat Apr  6 16:07:39 2002 Enuss                Algebra Puzzle
Sun Apr  7 19:12:56 2002 Enuss                Algebra Puzzle
Mon Apr  8 07:22:57 2002 Vistar               Algebra Puzzle
Mon Apr  8 17:26:19 2002 Vistar               Dome Puzzle
Mon Apr  8 17:26:45 2002 Vistar               Algebra Puzzle
Mon Apr  8 19:24:42 2002 Ghost                Algebra Puzzle
Tue Apr  9 01:46:36 2002 Morpheus             Dome Puzzle
Tue Apr  9 04:00:48 2002 Puppy                Dome Puzzle
Tue Apr  9 19:49:15 2002 Pharaoh              Box Puzzle
Tue Apr  9 20:05:22 2002 Tarken               Dome Puzzle
Tue Apr  9 21:57:38 2002 Ghost                Dome Puzzle
Tue Apr  9 21:58:51 2002 Ghost                Algebra Puzzle
Wed Apr 10 19:48:14 2002 Ghost                Dome Puzzle
Wed Apr 10 19:53:54 2002 Ghost                Algebra Puzzle
Thu Apr 11 04:41:26 2002 Puppy                Dome Puzzle
Thu Apr 11 12:18:28 2002 Puppy                Dome Puzzle
Thu Apr 11 12:21:58 2002 Sahara               Algebra Puzzle
Fri Apr 12 00:22:58 2002 Atlas                Box Puzzle
Fri Apr 12 00:26:06 2002 Atlas                Dome Puzzle
Fri Apr 12 06:39:08 2002 Puppy                Dome Puzzle
Fri Apr 12 08:35:12 2002 Vistar               Algebra Puzzle
Fri Apr 12 18:42:12 2002 Vistar               Algebra Puzzle
Sat Apr 13 01:44:07 2002 Ghost                Algebra Puzzle
Sat Apr 13 12:35:12 2002 Ghost                Dome Puzzle
Sat Apr 13 13:17:40 2002 Ghost                Algebra Puzzle
Sat Apr 13 15:24:30 2002 Ghost                Dome Puzzle
Sat Apr 13 17:16:38 2002 Ghost                Algebra Puzzle
Sat Apr 13 17:21:48 2002 Ghost                Dome Puzzle
Sat Apr 13 20:42:30 2002 Ghost                Dome Puzzle
Sat Apr 13 23:19:25 2002 Ghost                Dome Puzzle
Mon Apr 15 00:31:31 2002 Tarken               Dome Puzzle
Mon Apr 15 21:51:54 2002 Legolas              Dome Puzzle
Tue Apr 16 17:03:02 2002 Pharaoh              Box Puzzle
Tue Apr 16 17:09:53 2002 Pharaoh              Dome Puzzle
Wed Apr 17 09:57:33 2002 Little               Dome Puzzle
Wed Apr 17 09:59:25 2002 Little               Algebra Puzzle
Sat Apr 20 00:14:14 2002 Ghost                Dome Puzzle
Sat Apr 20 00:17:16 2002 Ghost                Algebra Puzzle
Sun Apr 21 08:26:16 2002 Vistar               Algebra Puzzle
Mon Apr 22 00:11:50 2002 Morpheus             Dome Puzzle
Mon Apr 22 15:41:02 2002 Gohan                Dome Puzzle
Wed Apr 24 02:12:34 2002 Pharaoh              Box Puzzle
Wed Apr 24 02:19:08 2002 Pharaoh              Dome Puzzle
Fri Apr 26 08:16:55 2002 Cooper               Dome Puzzle
Fri Apr 26 15:27:42 2002 Little               Dome Puzzle
Tue Apr 30 02:38:21 2002 Wolfpac              Dome Puzzle
Tue Apr 30 10:14:25 2002 Little               Dome Puzzle
Tue Apr 30 13:22:04 2002 Little               Dome Puzzle
Wed May  1 03:19:06 2002 Oghma                Dome Puzzle
Wed May  1 19:12:40 2002 Vistar               Dome Puzzle
Fri May  3 18:57:57 2002 Data                 Dome Puzzle
Fri May  3 19:14:19 2002 Atlas                Box Puzzle
Mon May  6 08:00:54 2002 Micah                Dome Puzzle
Mon May  6 19:16:35 2002 Micah                Dome Puzzle
Wed May  8 03:03:54 2002 Brimstone            Dome Puzzle
Wed May  8 20:33:57 2002 Martha               Dome Puzzle
Thu May  9 00:00:55 2002 Ghost                Dome Puzzle
Thu May  9 18:39:34 2002 Ghost                Dome Puzzle
Thu May  9 18:40:53 2002 Ghost                Algebra Puzzle
Fri May 10 00:20:33 2002 Morpheus             Dome Puzzle
Fri May 10 02:17:00 2002 Morpheus             Dome Puzzle
Fri May 10 05:30:12 2002 Morpheus             Dome Puzzle
Fri May 10 15:29:48 2002 Morpheus             Dome Puzzle
Fri May 10 16:57:55 2002 Morpheus             Dome Puzzle
Fri May 10 21:10:22 2002 Micah                Dome Puzzle
Fri May 10 23:11:34 2002 Ghost                Dome Puzzle
Fri May 10 23:13:02 2002 Ghost                Algebra Puzzle
Sat May 11 00:47:14 2002 Justin               Dome Puzzle
Sat May 11 14:39:16 2002 Morpheus             Dome Puzzle
Sun May 12 11:19:14 2002 Brimstone            Dome Puzzle
Mon May 13 00:02:40 2002 Morpheus             Dome Puzzle
Mon May 13 20:35:05 2002 Morpheus             Dome Puzzle
Mon May 13 23:23:47 2002 Danimal              Dome Puzzle
Tue May 14 16:03:33 2002 Oghma                Dome Puzzle
Thu May 16 06:53:39 2002 Brimstone            Dome Puzzle
Fri May 17 23:25:40 2002 Vistar               Dome Puzzle
Tue May 21 03:28:31 2002 Richards             Box Puzzle
Tue May 21 03:30:39 2002 Richards             Dome Puzzle
Wed May 22 10:11:41 2002 Cooper               Dome Puzzle
Wed May 22 21:52:58 2002 Ghost                Dome Puzzle
Wed May 22 21:57:36 2002 Ghost                Algebra Puzzle
Wed May 22 23:04:49 2002 Spyder               Dome Puzzle
Thu May 23 19:15:47 2002 Little               Dome Puzzle
Fri May 24 22:17:46 2002 Cooper               Dome Puzzle
Sat May 25 02:01:07 2002 Ghost                Dome Puzzle
Sun May 26 18:49:27 2002 Data                 Dome Puzzle
Tue May 28 19:39:15 2002 Tarken               Dome Puzzle
Fri May 31 02:20:37 2002 Teepo                Dome Puzzle
Fri May 31 18:01:37 2002 Linus                Dome Puzzle
Sat Jun  1 23:20:58 2002 Ghost                Dome Puzzle
Sun Jun  2 02:27:26 2002 Ghost                Algebra Puzzle
Sun Jun  2 14:28:56 2002 Enuss                Dome Puzzle
Sun Jun  2 19:41:16 2002 Enuss                Algebra Puzzle
Mon Jun  3 21:04:52 2002 Enuss                Algebra Puzzle
Mon Jun  3 21:11:16 2002 Poggio               Dome Puzzle
Tue Jun  4 07:56:47 2002 Mosobp               Dome Puzzle
Thu Jun  6 23:24:14 2002 Enuss                Dome Puzzle
Fri Jun  7 22:53:50 2002 Enuss                Dome Puzzle
Fri Jun  7 22:57:44 2002 Enuss                Algebra Puzzle
Sat Jun  8 14:17:46 2002 Enuss                Algebra Puzzle
Sun Jun  9 01:55:04 2002 Scavenger            Dome Puzzle
Sun Jun  9 16:32:02 2002 Enuss                Dome Puzzle
Fri Jun 14 16:06:09 2002 Cooper               Dome Puzzle
Sat Jun 15 12:12:02 2002 Yoshimitsu           Dome Puzzle
Tue Jun 18 23:47:34 2002 Morpheus             Dome Puzzle
Fri Jun 21 12:06:20 2002 Kirabrat             Dome Puzzle
Sat Jun 22 03:42:56 2002 Enuss                Algebra Puzzle
Tue Jun 25 20:35:28 2002 Morpheus             Dome Puzzle
Thu Jun 27 22:31:05 2002 Enuss                Dome Puzzle
Thu Jun 27 22:31:53 2002 Enuss                Algebra Puzzle
Fri Jun 28 19:17:41 2002 Enuss                Algebra Puzzle
Fri Jun 28 22:37:22 2002 Enuss                Algebra Puzzle
Fri Jun 28 22:41:34 2002 Enuss                Dome Puzzle
Mon Jul  1 21:43:42 2002 Ja                   Dome Puzzle
Tue Jul  2 15:21:02 2002 Enuss                Algebra Puzzle
Tue Jul  2 15:29:53 2002 Enuss                Dome Puzzle
Tue Jul  2 21:28:45 2002 Enuss                Algebra Puzzle
Tue Jul  2 21:35:36 2002 Enuss                Dome Puzzle
Mon Jul  8 16:21:35 2002 Enuss                Dome Puzzle
Fri Jul 12 01:35:13 2002 Scavenger            Dome Puzzle
Fri Jul 12 15:14:56 2002 Diesel               Dome Puzzle
Sat Jul 13 00:04:59 2002 Star                 Dome Puzzle
Sun Jul 14 01:32:45 2002 Cooper               Dome Puzzle
Fri Jul 19 00:38:22 2002 Cooper               Dome Puzzle
Sun Jul 21 19:09:37 2002 Teepo                Dome Puzzle
Tue Jul 23 19:09:15 2002 Sweetpea             Dome Puzzle
Thu Jul 25 13:46:32 2002 Stone                Dome Puzzle
Fri Jul 26 14:44:53 2002 Whoa                 Dome Puzzle
Fri Jul 26 18:48:22 2002 Whoa                 Dome Puzzle
Fri Jul 26 22:53:18 2002 Whoa                 Dome Puzzle
Sat Jul 27 02:17:16 2002 Pfizonen             Dome Puzzle
Sun Jul 28 19:20:12 2002 Whoa                 Dome Puzzle
Wed Jul 31 15:34:01 2002 Error                Dome Puzzle
Sat Aug  3 16:01:53 2002 Raphael              Dome Puzzle
Mon Aug  5 21:12:13 2002 Sweetpea             Dome Puzzle
Tue Aug  6 15:05:44 2002 Backwards            Dome Puzzle
Thu Aug  8 02:45:01 2002 Cooper               Dome Puzzle
Thu Aug  8 16:18:50 2002 Cooper               Dome Puzzle
Mon Aug 12 21:45:54 2002 Cooper               Dome Puzzle
Wed Aug 14 00:17:25 2002 Ghost                Dome Puzzle
Wed Aug 14 00:18:35 2002 Ghost                Algebra Puzzle
Wed Aug 14 21:01:58 2002 Whoa                 Dome Puzzle
Thu Aug 15 11:11:03 2002 Backwards            Dome Puzzle
Thu Aug 15 14:36:11 2002 Backwards            Dome Puzzle
Thu Aug 15 18:48:31 2002 Backwards            Dome Puzzle
Mon Aug 19 14:23:45 2002 Backwards            Dome Puzzle
Tue Aug 20 10:33:12 2002 Whoa                 Dome Puzzle
Tue Aug 20 11:47:44 2002 Backwards            Dome Puzzle
Tue Aug 20 14:23:00 2002 Ryoko                Dome Puzzle
Tue Aug 20 18:39:03 2002 Ryoko                Dome Puzzle
Tue Aug 20 23:10:03 2002 Ghost                Algebra Puzzle
Wed Aug 21 15:42:01 2002 Ryoko                Dome Puzzle
Wed Aug 21 18:26:46 2002 Ryoko                Dome Puzzle
Wed Aug 21 21:23:00 2002 Cooper               Dome Puzzle
Thu Aug 22 17:42:07 2002 Ryoko                Dome Puzzle
Thu Aug 22 22:40:12 2002 Ghost                Dome Puzzle
Fri Aug 23 15:46:42 2002 Ghost                Dome Puzzle
Sat Aug 24 10:07:13 2002 Backwards            Dome Puzzle
Tue Aug 27 17:32:28 2002 Ryoko                Dome Puzzle
Tue Aug 27 19:45:51 2002 Ryoko                Dome Puzzle
Wed Aug 28 12:07:11 2002 Sahara               Dome Puzzle
Wed Aug 28 17:12:23 2002 Ryoko                Dome Puzzle
Wed Aug 28 19:41:56 2002 Ryoko                Dome Puzzle
Thu Aug 29 15:09:09 2002 Ryoko                Dome Puzzle
Thu Aug 29 18:38:32 2002 Ryoko                Dome Puzzle
Fri Aug 30 15:06:50 2002 Ryoko                Dome Puzzle
Sun Sep  1 21:41:51 2002 Enuss                Dome Puzzle
Mon Sep  2 05:44:49 2002 Dreamweaver          Dome Puzzle
Mon Sep  2 06:10:48 2002 Dreamweaver          Algebra Puzzle
Tue Sep  3 04:25:42 2002 Dreamweaver          Dome Puzzle
Tue Sep  3 15:00:55 2002 Journey              Dome Puzzle
Tue Sep  3 16:51:40 2002 Ryoko                Dome Puzzle
Wed Sep  4 17:27:55 2002 Ryoko                Dome Puzzle
Fri Sep  6 14:04:28 2002 Hellraiser           Dome Puzzle
Sat Sep  7 11:43:12 2002 Ryoko                Dome Puzzle
Sat Sep  7 13:42:28 2002 Ryoko                Dome Puzzle
Sat Sep  7 22:18:09 2002 Star                 Dome Puzzle
Mon Sep  9 00:08:22 2002 Luke                 Dome Puzzle
Mon Sep  9 17:09:41 2002 Ryoko                Dome Puzzle
Mon Sep  9 19:47:17 2002 Ryoko                Dome Puzzle
Wed Sep 11 17:35:02 2002 Ryoko                Dome Puzzle
Thu Sep 12 14:59:39 2002 Ryoko                Dome Puzzle
Mon Sep 16 13:52:13 2002 Ryoko                Dome Puzzle
Sat Sep 21 01:05:44 2002 Vodka                Dome Puzzle
Sun Sep 29 01:50:00 2002 Hellraiser           Dome Puzzle
Sat Oct  5 14:43:52 2002 Hal                  Dome Puzzle
Sun Oct  6 04:17:33 2002 Scavenger            Dome Puzzle
Mon Oct  7 02:31:16 2002 Mosh                 Dome Puzzle
Tue Oct  8 00:12:13 2002 Mosh                 Dome Puzzle
Thu Oct 10 23:48:04 2002 Ghost                Algebra Puzzle
Fri Oct 11 22:28:25 2002 Tweak                Dome Puzzle
Sun Oct 13 10:58:35 2002 Mosh                 Dome Puzzle
Wed Oct 16 22:59:26 2002 Breeti               Dome Puzzle
Sat Jan  3 14:13:53 2004 Somantin             Dome Puzzle
Sun Jan  4 12:14:40 2004 Sin                  Dome Puzzle
Sun Jan  4 12:21:22 2004 Sin                  Algebra Puzzle
Sun Jan  4 14:15:11 2004 Sin                  Algebra Puzzle
Sun Jan  4 19:43:23 2004 Sin                  Dome Puzzle
Sun Jan  4 19:44:47 2004 Sin                  Algebra Puzzle
Wed Jan  7 20:58:48 2004 Sahara               Dome Puzzle
Fri Jan  9 11:09:26 2004 Pepino               Dome Puzzle
Sun Jan 11 21:40:48 2004 Tormentor            Dome Puzzle
Sun Jan 11 21:43:46 2004 Tormentor            Algebra Puzzle
Tue Jan 13 17:43:06 2004 Pike                 Algebra Puzzle
Sat Jan 17 23:24:11 2004 Talus                Algebra Puzzle
Sun Jan 18 13:32:56 2004 Sin                  Dome Puzzle
Sun Jan 18 13:35:40 2004 Sin                  Algebra Puzzle
Fri Jan 23 14:39:42 2004 Lonewolf             Algebra Puzzle
Fri Jan 23 16:42:10 2004 Lonewolf             Dome Puzzle
Fri Jan 23 21:05:33 2004 Shadowraith          Dome Puzzle
Sat Jan 24 13:34:21 2004 Sin                  Dome Puzzle
Mon Feb  2 10:04:21 2004 Sahara               Dome Puzzle
Tue Feb  3 21:02:39 2004 Shadowstone          Dome Puzzle
Tue Feb  3 21:18:00 2004 Shadowstone          Algebra Puzzle
Wed Feb  4 19:23:59 2004 Shadowstone          Box Puzzle
Sun Feb  8 19:43:42 2004 Billy                Dome Puzzle
Wed Feb 11 19:33:37 2004 Billy                Dome Puzzle
Sun Mar  7 00:41:07 2004 Mosh                 Dome Puzzle
Wed Mar 10 19:33:19 2004 Kinshin              Dome Puzzle
Sat Mar 13 00:54:00 2004 Vash                 Dome Puzzle
Sat Mar 13 14:52:55 2004 Tenchu               Dome Puzzle
Sat Mar 13 16:30:11 2004 Breeti               Dome Puzzle
Sat May  1 14:24:54 2004 Kinshin              Dome Puzzle
Thu May 13 13:51:20 2004 Crip                 Dome Puzzle
Mon May 17 13:43:02 2004 Crip                 Dome Puzzle
Tue May 25 00:39:49 2004 Mjirn                Algebra Puzzle
Tue May 25 13:45:00 2004 Wicket               Dome Puzzle
Wed May 26 20:55:44 2004 Ravennight           Dome Puzzle
Sat May 29 01:22:48 2004 Balyn                Algebra Puzzle
Sat May 29 07:20:17 2004 Wicket               Dome Puzzle
Sun May 30 05:15:23 2004 Balyn                Algebra Puzzle
Wed Jun  2 17:34:17 2004 Wicket               Dome Puzzle
Wed Jun  2 18:29:19 2004 Wicket               Dome Puzzle
Thu Jun  3 13:47:08 2004 Wicket               Dome Puzzle
Thu Jun  3 14:32:20 2004 Wicket               Algebra Puzzle
Thu Jun  3 16:48:54 2004 Crip                 Algebra Puzzle
Thu Jun  3 20:58:22 2004 Wicket               Algebra Puzzle
Thu Jun  3 21:03:43 2004 Wicket               Dome Puzzle
Sat Jun  5 09:44:08 2004 Wicket               Dome Puzzle
Sat Jun  5 09:46:02 2004 Wicket               Algebra Puzzle
Sat Jun  5 11:30:09 2004 Wicket               Dome Puzzle
Sat Jun  5 11:32:10 2004 Wicket               Algebra Puzzle
Sun Jun  6 19:43:35 2004 Grymlok              Algebra Puzzle
Tue Jun  8 13:02:36 2004 Wicket               Dome Puzzle
Tue Jun  8 13:05:00 2004 Wicket               Algebra Puzzle
Wed Jun  9 19:35:46 2004 Wicket               Dome Puzzle
Fri Jun 11 15:45:30 2004 Wicket               Dome Puzzle
Sat Jun 12 12:02:15 2004 Viper                Dome Puzzle
Sun Jun 20 19:27:12 2004 Kezef                Dome Puzzle
Sat Jun 26 03:19:47 2004 Kezef                Dome Puzzle
Sun Jun 27 10:57:10 2004 Mosh                 Dome Puzzle
Mon Jun 28 20:17:50 2004 Tenchu               Dome Puzzle
Fri Jul  9 01:58:28 2004 Kezef                Dome Puzzle
Sun Jul 18 03:08:23 2004 Shadowstone          Box Puzzle
Sat Jul 24 01:06:28 2004 Bishop               Algebra Puzzle
Sun Jul 25 19:37:47 2004 Mosh                 Dome Puzzle
Sun Jul 25 22:22:26 2004 Bishop               Dome Puzzle
Mon Jul 26 06:37:55 2004 Crack                Dome Puzzle
Thu Jul 29 09:40:04 2004 Punk                 Box Puzzle
Thu Jul 29 09:46:45 2004 Punk                 Box Puzzle
Sun Aug  1 18:43:30 2004 Hedren               Algebra Puzzle
Tue Aug  3 09:35:57 2004 Crack                Dome Puzzle
Wed Aug  4 08:02:26 2004 Crack                Dome Puzzle
Thu Aug  5 00:10:43 2004 Crack                Dome Puzzle
Tue Aug 17 10:08:44 2004 Sunim                Box Puzzle
Tue Aug 17 10:16:55 2004 Sunim                Algebra Puzzle
Tue Aug 24 23:48:32 2004 Hedren               Dome Puzzle
Wed Aug 25 15:31:09 2004 Hedren               Dome Puzzle
Sat Aug 28 15:18:41 2004 Kezef                Dome Puzzle
Wed Sep  1 17:31:42 2004 Hedren               Dome Puzzle
Mon Sep  6 08:20:52 2004 Ribbit               Box Puzzle
Mon Sep 13 13:19:32 2004 Kezef                Dome Puzzle
Wed Sep 29 11:20:27 2004 DeathKnight          Box Puzzle
Wed Sep 29 11:40:00 2004 Krunk                Dome Puzzle
Tue Oct 19 19:05:36 2004 Balistica            Dome Puzzle
Mon Oct 25 14:37:06 2004 Balistica            Dome Puzzle
Wed Feb  2 12:26:10 2005 Hedren               Dome Puzzle
Sun Feb  6 00:33:44 2005 Trpsprngr            Box Puzzle
Thu Mar 10 18:27:03 2005 Z                    Box Puzzle
Wed Mar 30 15:19:03 2005 Wicket               Dome Puzzle
Mon Apr  4 09:36:46 2005 Wicket               Dome Puzzle
Wed Apr  6 18:48:29 2005 Wicket               Algebra Puzzle
Fri Apr 15 13:43:03 2005 Wicket               Dome Puzzle
Sat Jun 25 16:34:55 2005 Wallace              Algebra Puzzle
Tue Sep 27 20:01:22 2005 Fleshhunter          Dome Puzzle
Thu Sep 29 16:43:34 2005 Fleshhunter          Dome Puzzle
Sat Nov 19 02:51:44 2005 Juggernaut           Box Puzzle
Thu Jan  5 22:49:25 2006 Carl                 Dome Puzzle
Sat Jan  7 17:30:33 2006 Sin                  Dome Puzzle
Fri Jan 20 14:37:38 2006 Lok                  Dome Puzzle
Mon Feb 13 16:18:59 2006 Derian               Algebra Puzzle
Sat Feb 18 11:59:36 2006 Crip                 Dome Puzzle
Mon Feb 20 14:48:03 2006 Crip                 Dome Puzzle
Wed Jul 26 16:36:00 2006 Sephiroth            Algebra Puzzle
Wed Aug  2 14:52:42 2006 Ice                  Dome Puzzle
Thu Aug  3 01:40:03 2006 Grog                 Algebra Puzzle
Thu Aug 10 23:27:14 2006 Wreckage             Algebra Puzzle
Thu Aug 24 20:37:13 2006 Saynt                Algebra Puzzle
Sat Aug 26 13:23:34 2006 Nyteshade            Algebra Puzzle
Thu Mar 22 11:27:57 2007 Crip                 Dome Puzzle
Mon Jul 23 06:33:54 2007 Troy                 Box Puzzle
Mon Jul 23 06:43:20 2007 Troy                 Algebra Puzzle
Sat Nov  3 16:49:07 2007 Lance                Algebra Puzzle
Sat Feb  9 20:53:38 2008 Timespliter          Box Puzzle
Sun Feb 24 15:51:25 2008 Timespliter          Box Puzzle
Sun Feb 24 15:59:47 2008 Timespliter          Algebra Puzzle
Sat Mar 15 10:22:10 2008 Sid                  Box Puzzle
Sat Mar 15 10:26:25 2008 Sid                  Algebra Puzzle
Thu May  1 13:30:22 2008 Brak                 Algebra Puzzle
Thu May  1 13:36:40 2008 Brak                 Box Puzzle
Thu May  1 13:37:00 2008 Brak                 Box Puzzle
Thu May  1 13:48:36 2008 Brak                 Dome Puzzle
Sun May 11 12:20:20 2008 Shenji               Algebra Puzzle
Fri May  1 22:21:23 2009 Wicket               Algebra Puzzle
Thu Jun 25 21:27:06 2009 Wallace              Algebra Puzzle
Fri Jun 26 20:37:41 2009 Wallace              Algebra Puzzle
Sun Jun 28 13:59:33 2009 Sin                  Dome Puzzle
Mon Jul  6 23:01:07 2009 Angelus              Algebra Puzzle
Sat Jul 11 02:06:45 2009 Angelus              Algebra Puzzle
Fri Aug 28 18:07:11 2009 Wallace              Algebra Puzzle
Sun Aug 30 17:08:28 2009 Silverpaw            Dome Puzzle
Fri Oct 23 20:57:18 2009 Shigekuni            Dome Puzzle
Fri Oct 23 21:01:43 2009 Shigekuni            Algebra Puzzle
Mon Oct 26 18:42:14 2009 Wallace              Algebra Puzzle
Tue Oct 27 14:23:55 2009 Booker               Algebra Puzzle
Wed Oct 28 16:49:53 2009 Booker               Algebra Puzzle
Fri Oct 30 08:45:59 2009 Booker               Algebra Puzzle
Wed Nov  4 08:52:17 2009 Timespliter          Algebra Puzzle
Sun Nov  8 08:18:21 2009 Wicket               Box Puzzle
Sun Nov  8 08:18:35 2009 Wicket               Box Puzzle
Tue Nov 10 18:01:19 2009 Tierno               Algebra Puzzle
Thu Nov 12 10:15:39 2009 Coglin               Algebra Puzzle
Thu Dec  3 22:08:55 2009 Crip                 Box Puzzle
Tue Dec 22 13:32:00 2009 Yodel                Algebra Puzzle
Sun Jan 24 23:56:58 2010 Coglin               Algebra Puzzle
Mon Feb 15 09:50:03 2010 Mythago              Algebra Puzzle
Mon Feb 22 15:10:55 2010 Mythago              Algebra Puzzle
Mon Apr 26 16:22:39 2010 Mosh                 Dome Puzzle
Mon Apr 26 22:22:42 2010 Marek                Algebra Puzzle
Wed Apr 28 22:50:10 2010 Marek                Algebra Puzzle
Sun May  9 17:47:12 2010 Wicket               Algebra Puzzle
Sun Jul  4 16:26:56 2010 Enasni               Algebra Puzzle
Sun Jul 25 18:03:12 2010 Shojiro              Algebra Puzzle
Sun Sep  5 21:54:58 2010 Booker               Algebra Puzzle
Sat Oct  9 09:29:14 2010 Benito               Algebra Puzzle
Tue Oct 12 14:36:04 2010 Benito               Algebra Puzzle
Wed Oct 20 08:32:20 2010 Benito               Algebra Puzzle
Thu Dec  9 19:10:42 2010 Heinous              Algebra Puzzle
Fri Dec 10 23:22:59 2010 Wulfgar              Algebra Puzzle
Fri Dec 17 14:23:46 2010 Glaxgor              Dome Puzzle
Tue Jan  4 10:29:49 2011 Amen                 Algebra Puzzle
Tue Jan  4 15:59:31 2011 Amen                 Algebra Puzzle
Wed Jan  5 12:45:25 2011 Amen                 Algebra Puzzle
Tue Jan 11 08:22:30 2011 Thor                 Algebra Puzzle
Thu Jan 13 15:09:14 2011 Amen                 Algebra Puzzle
Thu Jan 20 14:15:24 2011 Daze                 Algebra Puzzle
Thu Jan 20 17:47:13 2011 Daze                 Algebra Puzzle
Sun Feb 13 14:27:31 2011 Thor                 Algebra Puzzle
Sat Feb 19 19:52:28 2011 Thor                 Algebra Puzzle
Wed Feb 23 19:05:03 2011 Heinous              Algebra Puzzle
Thu Mar 10 08:38:13 2011 Xaltocan             Algebra Puzzle
Sun Mar 20 09:21:09 2011 Thor                 Algebra Puzzle
Wed Mar 23 12:31:10 2011 Xaltocan             Algebra Puzzle
Mon May 23 10:33:24 2011 Mythago              Algebra Puzzle
Fri Jun 10 11:21:43 2011 Mythago              Algebra Puzzle
Sun Jun 19 16:20:53 2011 Erik                 Algebra Puzzle
Fri Jun 24 22:32:45 2011 Mythago              Algebra Puzzle
Sun Jul  3 12:30:36 2011 Wicket               Algebra Puzzle
Thu Sep 15 15:53:28 2011 Cameron              Algebra Puzzle
Sun Dec  9 13:37:40 2012 Silverpaw            Dome Puzzle
Sun Dec  9 13:42:40 2012 Silverpaw            Algebra Puzzle
Sun Mar 10 19:08:35 2013 Silverwind           Dome Puzzle
Sun Apr  7 16:47:25 2013 Avant                Algebra Puzzle
Fri Apr 19 21:28:45 2013 Jareel               Algebra Puzzle
Tue Dec 24 10:17:27 2013 Shojiro              Dome Puzzle
Fri Jan  3 21:48:27 2014 Brynna               Box Puzzle
Fri Jan  3 21:49:09 2014 Mako                 Box Puzzle
Fri Jan  3 21:53:21 2014 Mako                 Algebra Puzzle
Wed Jan  8 20:14:09 2014 Crip                 Algebra Puzzle
Fri Jan 10 00:48:45 2014 Jupis                Box Puzzle
Sat Jan 11 17:33:27 2014 Crip                 Algebra Puzzle
Sun Jan 12 10:02:26 2014 Crip                 Algebra Puzzle
Sun Jan 12 14:07:39 2014 Crip                 Algebra Puzzle
Sun Jan 12 14:09:35 2014 Crip                 Dome Puzzle
Sat Jan 25 18:30:24 2014 Jupis                Box Puzzle
Mon Mar  3 12:43:36 2014 Jupis                Box Puzzle
Mon Mar  3 21:43:39 2014 Symbio               Box Puzzle
Mon Mar  3 21:43:49 2014 Jupis                Box Puzzle
Thu Jul 24 14:15:36 2014 Xerxes               Dome Puzzle
Thu Jul 24 14:18:38 2014 Xerxes               Algebra Puzzle
Sun Jul 27 19:20:29 2014 DeathKnight          Dome Puzzle
Fri Aug  1 19:23:28 2014 Stardrifter          Dome Puzzle
Sun Aug  3 08:32:34 2014 Sin                  Dome Puzzle
Sat Jan 10 15:01:31 2015 Timespliter          Box Puzzle
Sat Jan 10 15:04:31 2015 Timespliter          Algebra Puzzle
Sat Jan 10 15:56:36 2015 Feyth                Dome Puzzle
Sat Mar  7 20:26:54 2015 Merto                Box Puzzle
Sat Mar  7 20:34:57 2015 Merto                Algebra Puzzle
Fri Aug 28 23:55:04 2015 Symbio               Algebra Puzzle
Thu Sep 15 13:51:30 2016 Dameon               Box Puzzle
Thu Sep 15 14:03:33 2016 Dameon               Algebra Puzzle
Thu Sep 15 14:11:53 2016 Dameon               Dome Puzzle
