Thu Apr 28 23:39:26 2005 Mincho wrote you a message saying:
w00t!
Thu Aug 24 13:39:41 2006 Saynt wrote you a message saying:
0
Thu Aug 24 13:39:51 2006 Saynt wrote you a message saying:
Hello lemme in
Mon Jul 23 13:48:05 2007 Troy wrote you a message saying:
note
Mon Jul 23 13:48:49 2007 Troy wrote you a message saying:
note
Mon Feb 18 12:36:25 2008 Googleplex wrote you a message saying:
0
Fri Jul 18 01:09:56 2008 Bannock wrote you a message saying:
0
Fri Mar  4 11:55:32 2011 Vertebraker wrote you a message saying:
damn missing felde.
Wed Feb 20 14:04:56 2013 Spitgemz wrote you a message saying:
0
Wed Feb 20 14:05:18 2013 Spitgemz wrote you a message saying:
Poop! It's REAL! I've got the documents right here!
Fri Apr 19 20:41:01 2013 Jareel wrote you a message saying:
0
Fri Feb 21 08:39:59 2014 Punk wrote you a message saying:
0
