Sat Aug 27 04:13:58 2005 Usagi killed Valtia
Sat Oct 22 09:57:32 2005 Morpheus killed Valtia
Sun Nov 20 07:51:10 2005 Lungbutter killed Myrmidar Queen
Thu Nov 24 19:44:09 2005 Somantin killed Goldcloak captain
Thu Jan 19 21:02:59 2006 Pike killed Valtia
Sat Feb 11 15:32:48 2006 Nyteshade killed Wanderer
Mon Feb 13 14:53:51 2006 Artos killed Jikhal
Mon Feb 13 18:10:57 2006 Nyteshade killed Wanderer
Tue Feb 14 12:10:53 2006 Levus killed Jikhal
Thu Feb 16 22:00:08 2006 Sephiroth killed Brigand Leader
Thu Feb 16 22:44:57 2006 Sephiroth killed Myrmidar Queen
Fri Feb 17 14:32:42 2006 Crip killed Jikhal
Fri Feb 17 14:38:53 2006 Crip killed Goldcloak captain
Fri Feb 17 14:43:16 2006 Flexj killed Wanderer
Mon Mar  6 16:56:46 2006 Pike killed Valtia
Tue Mar  7 19:27:13 2006 Krillgeta killed Wanderer
Sun Mar 12 03:28:01 2006 Tenchu killed Valtia
Thu Mar 23 16:24:42 2006 Pike killed Valtia
Sat Mar 25 12:23:23 2006 Hercules killed Jikhal
Tue Apr  4 02:15:10 2006 Jaz killed Myrmidar Queen
Tue Apr  4 19:26:04 2006 Crip killed Wanderer
Wed Apr  5 20:08:19 2006 Gogeta killed Wanderer
Sun Apr  9 15:35:24 2006 Gogeta killed Wanderer
Sun Apr  9 23:59:23 2006 Sephiroth killed Myrmidar Queen
Sun Apr 16 17:03:05 2006 Riddick killed Wanderer
Sun Apr 16 17:13:57 2006 Riddick killed Valtia
Sat Apr 22 12:01:52 2006 Ice killed Wanderer
Wed May 17 16:33:04 2006 Gil killed Valtia
Thu May 18 19:31:10 2006 Gogeta killed Wanderer
Wed May 31 03:02:07 2006 Vegeta killed Myrmidar Queen
Sat Jun  3 22:37:54 2006 Sephiroth killed Wanderer
Wed Jun  7 03:12:22 2006 Saynt killed Myrmidar Queen
Wed Jun  7 03:18:01 2006 Lungbutter killed Wanderer
Sat Jun 10 12:15:19 2006 Herger killed Myrmidar Queen
Fri Jun 16 03:53:25 2006 Pimpjuice killed Wanderer
Sat Jun 17 13:38:48 2006 Sephiroth killed Myrmidar Queen
Sat Jun 17 13:42:19 2006 Sephiroth killed Wanderer
Sun Jun 18 02:49:21 2006 Pimpjuice killed Wanderer
Sun Jun 18 22:07:11 2006 Saynt killed Wanderer
Tue Jun 20 03:51:53 2006 Saynt killed Myrmidar Queen
Tue Jul 18 14:56:53 2006 Ice killed Myrmidar Queen
Wed Jul 26 16:07:24 2006 Sephiroth killed Myrmidar Queen
Wed Jul 26 16:19:17 2006 Sephiroth killed Jikhal
Wed Jul 26 16:29:42 2006 Sephiroth killed Goldcloak captain
Wed Jul 26 17:06:52 2006 Sephiroth killed Brigand Leader
Wed Aug  2 14:34:25 2006 Saze killed Wanderer
Thu Aug 10 22:46:02 2006 Redrum killed Wanderer
Fri Aug 11 20:08:24 2006 Diesel killed Valtia
Tue Aug 22 18:26:54 2006 Volkar killed Myrmidar Queen
Wed Aug 23 17:59:45 2006 Bardox killed Wanderer
Sat Aug 26 13:57:44 2006 Parasite killed Wanderer
Sat Aug 26 15:55:01 2006 Sundin killed Wanderer
Sat Aug 26 18:25:43 2006 Parasite killed Wanderer
Sun Aug 27 18:12:20 2006 Sephiroth killed Wanderer
Sun Aug 27 18:15:06 2006 Sephiroth killed Jikhal
Sun Aug 27 20:01:29 2006 Wreckage killed Wanderer
Tue Aug 29 22:40:20 2006 Wipeout killed Myrmidar Queen
Thu Sep  7 18:50:18 2006 Bloodangle killed Wanderer
Sat Sep  9 17:28:44 2006 Grog killed Wanderer
Thu Sep 21 15:36:47 2006 Fossil killed Myrmidar Queen
Mon Sep 25 11:28:24 2006 Fossil killed Myrmidar Queen
Wed Sep 27 11:12:14 2006 Fossil killed Myrmidar Queen
Tue Oct  3 15:31:42 2006 Fossil killed Myrmidar Queen
Thu Oct  5 10:04:12 2006 Fossil killed Myrmidar Queen
Thu Oct  5 13:50:09 2006 Fossil killed Myrmidar Queen
Sat Oct  7 17:02:46 2006 Quin killed Jikhal
Sat Oct  7 17:05:26 2006 Quin killed Wanderer
Mon Oct  9 13:23:47 2006 Fossil killed Myrmidar Queen
Tue Oct 10 11:20:16 2006 Fossil killed Myrmidar Queen
Mon Oct 16 09:46:45 2006 Fossil killed Myrmidar Queen
Wed Oct 25 09:43:35 2006 Fossil killed Myrmidar Queen
Tue Nov 28 20:02:47 2006 Sephiroth killed Myrmidar Queen
Sun Feb 11 01:22:09 2007 Sephiroth killed Wanderer
Mon Feb 12 16:44:06 2007 Pepe killed Myrmidar Queen
Wed Feb 14 09:33:26 2007 Pepe killed Wanderer
Sat Feb 17 05:07:27 2007 Cloud killed Wanderer
Wed Feb 21 11:17:17 2007 Fossil killed Wanderer
Wed Feb 21 13:18:38 2007 Fossil killed Wanderer
Wed Feb 21 17:25:02 2007 Sephiroth killed Wanderer
Wed Feb 28 11:16:29 2007 Fossil killed Wanderer
Wed Feb 28 15:10:35 2007 Gogeta killed Wanderer
Wed Mar 21 16:31:15 2007 Fossil killed Wanderer
Thu Mar 22 11:24:25 2007 Crip killed Brigand Leader
Thu Mar 22 16:24:05 2007 Fossil killed Wanderer
Thu Mar 22 17:05:20 2007 Hercules killed Myrmidar Queen
Mon Mar 26 17:33:36 2007 Hercules killed Wanderer
Thu Mar 29 15:51:24 2007 Sephiroth killed Wanderer
Tue Apr  3 11:13:49 2007 Nyteshade killed Wanderer
Mon Apr  9 10:17:49 2007 Fishnugget killed Wanderer
Mon Apr  9 17:07:35 2007 Sephiroth killed Wanderer
Mon May  7 01:37:58 2007 Gogeta killed Wanderer
Tue Jun 26 00:34:03 2007 Jacob killed Wanderer
Mon Jul  9 02:19:20 2007 Ever killed Myrmidar Queen
Mon Jul  9 22:55:11 2007 Ever killed Myrmidar Queen
Mon Jul 23 16:10:11 2007 Ever killed Myrmidar Queen
Fri Aug  3 01:38:43 2007 Troy killed Wanderer
Thu Aug  9 03:26:19 2007 Ever killed Myrmidar Queen
Sun Aug 12 22:46:27 2007 Ever killed Myrmidar Queen
Tue Aug 14 00:37:36 2007 Tembo killed Jikhal
Sat Aug 18 04:31:20 2007 Decimis killed Myrmidar Queen
Thu Aug 23 11:15:17 2007 Mrjones killed Brigand Leader
Sun Aug 26 01:57:42 2007 Tembo killed Valtia
Wed Sep  5 23:47:53 2007 Gogeta killed Myrmidar Queen
Thu Sep  6 22:55:10 2007 Gogeta killed Myrmidar Queen
Sat Sep  8 15:17:17 2007 Gogeta killed Myrmidar Queen
Sun Sep  9 13:53:00 2007 Gogeta killed Myrmidar Queen
Thu Sep 13 00:32:46 2007 Gogeta killed Myrmidar Queen
Mon Sep 17 20:10:14 2007 Forsaken killed Myrmidar Queen
Sat Sep 22 01:07:11 2007 Donkey killed Myrmidar Queen
Sun Sep 23 16:51:12 2007 Joab killed Myrmidar Queen
Mon Sep 24 13:25:42 2007 Troy killed Myrmidar Queen
Sat Sep 29 23:08:59 2007 Emma killed Wanderer
Sun Sep 30 23:50:13 2007 Gogeta killed Myrmidar Queen
Wed Oct  3 16:49:26 2007 Gogeta killed Myrmidar Queen
Wed Oct  3 16:55:45 2007 Hercules killed Jikhal
Wed Oct  3 21:31:53 2007 Gogeta killed Myrmidar Queen
Tue Oct  9 17:49:29 2007 Tembo killed Valtia
Thu Oct 11 11:47:57 2007 Hercules killed Myrmidar Queen
Thu Oct 11 15:39:22 2007 Coglin killed Myrmidar Queen
Fri Nov  2 22:55:13 2007 Lance killed Myrmidar Queen
Sat Nov  3 13:32:24 2007 Hercules killed Myrmidar Queen
Sat Nov  3 16:43:25 2007 Lance killed Myrmidar Queen
Sun Nov  4 11:23:32 2007 Vertebraker killed Myrmidar Queen
Tue Nov 13 11:32:47 2007 Gogeta killed Jikhal
Tue Nov 13 11:35:10 2007 Fain killed Valtia
Thu Nov 15 11:11:48 2007 Tembo killed Valtia
Sat Dec  1 04:22:23 2007 Bloodangle killed Myrmidar Queen
Sun Dec  9 15:11:11 2007 Sephiroth killed Myrmidar Queen
Fri Dec 21 22:37:02 2007 Sephiroth killed Wanderer
Sun Dec 23 12:30:43 2007 Sephiroth killed Wanderer
Wed Jan  2 23:09:22 2008 Sephira killed Wanderer
Thu Jan  3 21:07:32 2008 Sephira killed Wanderer
Sun Jan  6 00:11:42 2008 Sephira killed Wanderer
Sun Jan  6 23:00:12 2008 Jacob killed Wanderer
Sat Jan 19 13:19:47 2008 Fain killed Valtia
Sun Feb  3 11:00:42 2008 Heinous killed Wanderer
Sun Feb  3 14:06:00 2008 Heinous killed Brigand Leader
Sun Feb  3 14:32:25 2008 Heinous killed Myrmidar Queen
Sun Feb  3 15:14:10 2008 Heinous killed Wanderer
Wed Feb  6 10:55:38 2008 Heinous killed Wanderer
Wed Feb  6 11:11:09 2008 Heinous killed Myrmidar Queen
Wed Feb  6 14:16:15 2008 Heinous killed Myrmidar Queen
Wed Feb  6 16:30:18 2008 Timespliter killed Wanderer
Wed Feb  6 19:53:21 2008 Heinous killed Brigand Leader
Thu Feb  7 15:57:50 2008 Corwin killed Wanderer
Sat Feb  9 11:01:36 2008 Coglin killed Wanderer
Sat Feb  9 21:14:51 2008 Timespliter killed Wanderer
Sat Feb  9 21:24:45 2008 Timespliter killed Goldcloak captain
Sat Feb  9 21:28:43 2008 Timespliter killed Jikhal
Sat Feb  9 21:29:59 2008 Timespliter killed Valtia
Fri Feb 15 03:02:13 2008 Ever killed Myrmidar Queen
Sun Feb 24 15:44:43 2008 Timespliter killed Brigand Leader
Sun Mar  9 22:30:55 2008 Fastkill killed Wanderer
Sat Mar 15 11:13:18 2008 Sid killed Brigand Leader
Sat Mar 15 11:17:48 2008 Sid killed Jikhal
Fri Mar 21 23:42:48 2008 Jacob killed Wanderer
Thu May  1 14:13:55 2008 Brak killed Myrmidar Queen
Thu May  8 01:50:11 2008 Jaster killed Wanderer
Sun May 18 13:19:57 2008 Sephira killed Wanderer
Wed May 28 23:13:37 2008 Destrux killed Wanderer
Mon Jul  7 23:11:25 2008 Jaster killed Myrmidar Queen
Mon Jul 28 15:09:29 2008 Blackstar killed Wanderer
Tue Jul 29 02:31:08 2008 Marek killed Wanderer
Sun Jan 18 00:23:27 2009 Shackel killed Wanderer
Sun Jan 25 01:18:47 2009 Shackel killed Wanderer
Mon Jan 26 23:48:40 2009 Jacob killed Wanderer
Sat Apr 11 22:27:20 2009 Jaster killed Wanderer
Sat Apr 11 22:33:18 2009 Jaster killed Goldcloak captain
Sat Apr 11 22:39:03 2009 Jaster killed Valtia
Wed Apr 29 12:51:49 2009 Webslinger killed Wanderer
Fri May  1 22:12:56 2009 Wicket killed Goldcloak captain
Mon May 11 21:28:49 2009 Marek killed Valtia
Mon May 11 21:36:53 2009 Marek killed Goldcloak captain
Mon May 11 22:39:50 2009 Marek killed Myrmidar Queen
Mon May 11 23:34:52 2009 Marek killed Wanderer
Mon May 18 01:52:23 2009 Webslinger killed Wanderer
Sun Aug 30 17:16:48 2009 Silverpaw killed Brigand Leader
Sun Aug 30 17:23:46 2009 Silverpaw killed Goldcloak captain
Sun Sep 13 02:14:20 2009 Odysseus killed Myrmidar Queen
Sat Sep 26 15:34:06 2009 Eggo killed Brigand Leader
Sat Sep 26 15:38:00 2009 Eggo killed Wanderer
Fri Oct 23 21:36:38 2009 Shigekuni killed Wanderer
Mon Oct 26 21:29:44 2009 Booker killed Wanderer
Wed Nov  4 20:26:18 2009 Rage killed Valtia
Wed Nov 11 21:54:14 2009 Coglin killed Wanderer
Thu Nov 12 10:23:05 2009 Coglin killed Myrmidar Queen
Sat Nov 14 11:59:32 2009 Coglin killed Myrmidar Queen
Sun Dec  6 21:21:08 2009 Wicket killed Jikhal
Fri Dec 25 15:47:59 2009 Wicket killed Myrmidar Queen
Mon Dec 28 23:57:17 2009 Gratch killed Valtia
Thu Dec 31 20:48:49 2009 Genesis killed Valtia
Tue Feb 16 19:59:05 2010 Coglin killed Myrmidar Queen
Sat Apr 17 12:15:55 2010 Marek killed Myrmidar Queen
Mon Apr 26 22:55:11 2010 Marek killed Goldcloak captain
Mon Apr 26 23:09:19 2010 Marek killed Valtia
Thu Jun 24 18:31:44 2010 Gogeta killed Wanderer
Fri Jul  9 01:51:33 2010 Jaster killed Myrmidar Queen
Sat Jul 10 20:21:33 2010 Tirnok killed Wanderer
Sat Jul 10 20:46:30 2010 Tirnok killed Myrmidar Queen
Sun Aug 22 19:17:29 2010 Shojiro killed Myrmidar Queen
Sat Oct 16 10:54:18 2010 Severance killed Valtia
Thu Nov 11 21:54:12 2010 Heinous killed Myrmidar Queen
Fri Nov 12 09:12:19 2010 Heinous killed Myrmidar Queen
Wed Nov 24 19:51:44 2010 Heinous killed Myrmidar Queen
Fri Nov 26 08:07:08 2010 Sephiroth killed Myrmidar Queen
Tue Jan 11 03:31:47 2011 Humble killed Jikhal
Tue Jan 11 03:42:13 2011 Humble killed Myrmidar Queen
Sat Jan 15 04:45:01 2011 Smelt killed Valtia
Sat Jan 15 04:47:51 2011 Humble killed Goldcloak captain
Tue Feb 15 13:31:18 2011 Heinous killed Wanderer
Tue Feb 15 13:46:32 2011 Heinous killed Myrmidar Queen
Tue Feb 15 18:59:11 2011 Humble killed Jikhal
Tue Feb 15 19:04:29 2011 Humble killed Valtia
Wed Feb 23 19:12:43 2011 Heinous killed Myrmidar Queen
Fri Mar  4 12:18:36 2011 Vertebraker killed Jikhal
Fri Jun 10 11:34:37 2011 Mythago killed Wanderer
Sun Jun 12 12:13:14 2011 Skarekrow killed Wanderer
Sun Jun 12 14:14:07 2011 Skarekrow killed Wanderer
Mon Jun 13 10:51:25 2011 Coglin killed Wanderer
Mon Jun 13 12:41:46 2011 Skarekrow killed Wanderer
Wed Jun 15 04:21:19 2011 Skarekrow killed Wanderer
Thu Jun 16 11:35:09 2011 Skarekrow killed Wanderer
Sat Jun 18 02:51:03 2011 Skarekrow killed Wanderer
Sat Jun 18 05:38:06 2011 Skarekrow killed Wanderer
Sat Jun 18 07:51:38 2011 Skarekrow killed Wanderer
Sun Jun 19 23:31:22 2011 Skarekrow killed Wanderer
Wed Jun 22 18:37:25 2011 Skarekrow killed Wanderer
Sat Jan 21 03:58:35 2012 Skarekrow killed Wanderer
Thu Jan 26 04:56:43 2012 Sarutobi killed Wanderer
Tue Feb  5 14:26:54 2013 Skarekrow killed Wanderer
Wed Feb 20 13:36:50 2013 Spitgemz killed Wanderer
Wed Feb 20 17:48:39 2013 Spitgemz killed Wanderer
Wed Feb 20 23:44:21 2013 Skarekrow killed Wanderer
Fri Apr  5 14:05:00 2013 Pike killed Valtia
Fri Apr 19 20:53:25 2013 Jareel killed Valtia
Fri Apr 19 21:38:07 2013 Jareel killed Wanderer
Fri Apr 19 22:05:19 2013 Jareel killed Brigand Leader
Wed Dec  4 16:09:32 2013 Googleplex killed Myrmidar Queen
Wed Dec  4 16:16:06 2013 Googleplex killed Wanderer
Thu Dec  5 20:05:08 2013 Deathseeker killed Myrmidar Queen
Wed Dec 11 03:08:32 2013 Deathseeker killed Wanderer
Wed Dec 11 03:21:58 2013 Bilbill killed Myrmidar Queen
Wed Dec 11 03:26:18 2013 Deathseeker killed Jikhal
Wed Dec 11 03:35:42 2013 Bilbill killed Goldcloak captain
Tue Dec 24 09:59:01 2013 Shojiro killed Jikhal
Tue Dec 24 10:14:17 2013 Moriarty killed Brigand Leader
Tue Dec 24 10:22:01 2013 Moriarty killed Wanderer
Sat Jan  4 00:15:47 2014 Krillgeta killed Myrmidar Queen
Sat Jan 11 01:32:53 2014 Symbio killed Jikhal
Sat Jan 11 01:35:53 2014 Symbio killed Valtia
Sat Jan 11 01:41:09 2014 Symbio killed Goldcloak captain
Sat Jan 11 01:51:29 2014 Symbio killed Brigand Leader
Tue Jan 14 01:04:10 2014 Gogeta killed Wanderer
Tue Jan 14 01:20:46 2014 Gogeta killed Myrmidar Queen
Wed Jan 22 18:49:31 2014 Tenchu killed Jikhal
Thu Jan 23 12:05:28 2014 Jason killed Valtia
Mon Mar  3 12:40:16 2014 Jupis killed Myrmidar Queen
Mon Mar  3 13:01:22 2014 Jupis killed Wanderer
Thu Jul 24 14:31:22 2014 Xerxes killed Myrmidar Queen
Sun Mar  1 21:19:18 2015 Deathseeker killed Myrmidar Queen
Sun May  3 22:50:59 2015 Deathseeker killed Myrmidar Queen
Tue Jul 28 21:44:57 2015 Cooper killed Myrmidar Queen
Mon Aug 10 20:19:14 2015 Mosh killed Valtia
Fri Aug 21 22:40:44 2015 Teepo killed Valtia
Fri Aug 28 23:46:53 2015 Symbio killed Valtia
Fri Aug 28 23:48:54 2015 Symbio killed Jikhal
Mon Sep 14 18:44:35 2015 Anesidora killed Jikhal
Mon Sep 14 18:48:54 2015 Anesidora killed Goldcloak captain
Sat Sep 26 12:39:35 2015 Silverwind killed Myrmidar Queen
Sat Oct 24 22:59:06 2015 Feldegast killed Wanderer
Fri Jul  1 12:39:26 2016 Oberon killed Brigand Leader
