Tue Nov 18 09:31:28 1997 Feldegast completed the jungle_village quest.
Wed Nov 19 18:26:11 1997 Someone completed the jungle_village quest.
Thu Nov 20 16:14:49 1997 Third completed the jungle_village quest.
Thu Nov 20 19:16:13 1997 Euboy completed the jungle_village quest.
Tue Nov 25 12:57:07 1997 Illarion completed the jungle_village quest.
Wed Nov 26 13:59:33 1997 Carse completed the jungle_village quest.
Wed Nov 26 15:09:22 1997 Jabberwocky completed the jungle_village quest.
Thu Nov 27 16:55:16 1997 Magus completed the jungle_village quest.
Fri Nov 28 11:11:18 1997 Laera completed the jungle_village quest.
Sat Nov 29 09:56:36 1997 Zeus completed the jungle_village quest.
Fri Dec  5 14:19:19 1997 Set completed the jungle_village quest.
Thu Dec 11 10:32:20 1997 Jettero completed the jungle_village quest.
Sun Dec 21 08:55:48 1997 Wormwood completed the jungle_village quest.
Mon Jan  5 09:19:42 1998 Truth completed the jungle_village quest.
Fri Jan  9 06:47:04 1998 Francesco completed the jungle_village quest.
Fri Jan  9 10:34:28 1998 Dreamspeakr completed the jungle_village quest.
Fri Jan 16 09:40:35 1998 Snakespear completed the jungle_village quest.
Sun Jan 18 14:49:42 1998 Draven completed the jungle_village quest.
Sun Jan 18 17:14:57 1998 Nikki completed the jungle_village quest.
Fri Jan 23 10:36:27 1998 Clasp completed the jungle_village quest.
Sun Feb  8 16:47:21 1998 Warlord completed the jungle_village quest.
Mon Feb 23 20:51:44 1998 Esoterica completed the jungle_village quest.
Wed Feb 25 01:57:45 1998 Isis completed the jungle_village quest.
Sat Mar  7 09:48:44 1998 Lilia completed the jungle_village quest.
Sat Mar  7 16:42:44 1998 Larisa completed the jungle_village quest.
Tue Mar 10 15:48:11 1998 Joy completed the jungle_village quest.
Sat Mar 14 03:24:07 1998 Jara completed the jungle_village quest.
Sat Mar 21 06:52:02 1998 Juri completed the jungle_village quest.
Sat Mar 28 23:22:22 1998 Zoltan completed the jungle_village quest.
Mon Mar 30 04:20:43 1998 Jaden completed the jungle_village quest.
Wed Apr  1 13:10:42 1998 Shanda completed the jungle_village quest.
Thu Apr  2 22:22:08 1998 Wren completed the jungle_village quest.
Fri Apr  3 15:09:42 1998 Languilen completed the jungle_village quest.
Sun Apr 19 20:49:01 1998 Berlinetta completed the jungle_village quest.
Mon Apr 20 06:44:12 1998 Night completed the jungle_village quest.
Sun Apr 26 15:56:52 1998 Ranger completed the jungle_village quest.
Sat May  2 12:56:22 1998 Petrov completed the jungle_village quest.
Sat May  9 13:59:25 1998 Silence completed the jungle_village quest.
Sun May 10 02:10:57 1998 Karina completed the jungle_village quest.
Sun May 10 18:20:57 1998 Vital completed the jungle_village quest.
Sun May 10 20:14:56 1998 Catalina completed the jungle_village quest.
Mon May 25 14:37:03 1998 Lacar completed the jungle_village quest.
Sat Jun 20 06:17:22 1998 Naika placed the fountain tear.
Sat Jun 20 06:17:22 1998 Naika placed the statue tear.
Sat Jun 20 06:17:52 1998 Naika completed the jungle_village quest.
Mon Jun 22 07:35:26 1998 Jake placed the fountain tear.
Mon Jun 22 07:35:28 1998 Jake placed the statue tear.
Mon Jun 22 07:35:55 1998 Jake completed the jungle_village quest.
Wed Jun 24 11:06:16 1998 Jenny placed the fountain tear.
Wed Jun 24 11:06:40 1998 Jenny placed the statue tear.
Wed Jun 24 11:07:19 1998 Jenny completed the jungle_village quest.
Thu Aug 27 02:35:19 1998 Kazer placed the fountain tear.
Thu Aug 27 02:35:21 1998 Kazer placed the statue tear.
Thu Aug 27 02:35:38 1998 Kazer completed the jungle_village quest.
Sat Aug 29 00:09:17 1998 Usagi placed the fountain tear.
Sat Aug 29 00:09:19 1998 Usagi placed the statue tear.
Sat Aug 29 00:09:28 1998 Usagi completed the jungle_village quest.
Wed Sep 30 09:25:38 1998 Feldegast completed the jungle_village quest.
Mon Oct 12 18:59:06 1998 Nona placed the fountain tear.
Mon Oct 12 18:59:08 1998 Nona placed the statue tear.
Mon Oct 12 18:59:36 1998 Nona completed the jungle_village quest.
Thu Nov 26 00:24:10 1998 Skan completed the jungle_village quest.
Tue Dec 15 11:45:45 1998 Maledicta completed the jungle_village quest.
Sun Feb 28 23:47:18 1999 Daedalus completed the jungle_village quest.
Sun Mar 28 03:11:54 1999 Vertebraker completed the jungle_village quest.
Thu Apr 22 15:10:27 1999 Madigan completed the jungle_village quest.
Thu Apr 22 21:12:29 1999 Rattlesnake completed the jungle_village quest.
Sun May  2 17:22:32 1999 Soria completed the jungle_village quest.
Mon May 24 21:36:14 1999 Reset completed the jungle_village quest.
Sun May 30 15:27:30 1999 Moon completed the jungle_village quest.
Thu Jun 10 21:59:01 1999 Katya completed the jungle_village quest.
Sun Jun 13 18:09:25 1999 Darian completed the jungle_village quest.
Tue Jun 22 15:19:22 1999 Armadillo completed the jungle_village quest.
Sat Jun 26 00:16:29 1999 Deathstrike completed the jungle_village quest.
Sat Jun 26 22:07:59 1999 Songbird completed the jungle_village quest.
Sat Jul 10 15:33:09 1999 Vampira completed the jungle_village quest.
Mon Jul 19 19:50:36 1999 Poke completed the jungle_village quest.
Tue Jul 27 23:17:34 1999 Incubus completed the jungle_village quest.
Sat Aug  7 16:39:39 1999 Fakir completed the jungle_village quest.
Sun Aug  8 00:01:16 1999 Clericuzio completed the jungle_village quest.
Mon Aug 23 18:24:52 1999 Hellspawn completed the jungle_village quest.
Wed Aug 25 10:14:35 1999 Roses completed the jungle_village quest.
Mon Sep 20 04:52:26 1999 Ezekial completed the jungle_village quest.
Thu Sep 30 21:34:45 1999 Brittany completed the jungle_village quest.
Fri Oct  1 00:16:44 1999 Mirdan completed the jungle_village quest.
Sat Oct  2 10:54:36 1999 Vital completed the jungle_village quest.
Wed Nov 10 19:13:50 1999 Fred completed the jungle_village quest.
Sun Nov 14 14:00:33 1999 Salix completed the jungle_village quest.
Mon Nov 22 07:05:17 1999 Heather completed the jungle_village quest.
Tue Dec 14 18:28:22 1999 Minus completed the jungle_village quest.
Wed Dec 15 20:41:41 1999 Valor completed the jungle_village quest.
Thu Dec 30 18:21:52 1999 Gothika completed the jungle_village quest.
Wed Jan 12 17:27:39 2000 Adena completed the jungle_village quest.
Tue Jan 18 23:02:07 2000 Shadrack completed the jungle_village quest.
Mon Jan 31 23:19:05 2000 Borealis completed the jungle_village quest.
Fri Feb 25 18:43:44 2000 Catacomb completed the jungle_village quest.
Fri Mar  3 12:40:43 2000 Bert completed the jungle_village quest.
Fri Mar 17 01:55:55 2000 Vryce completed the jungle_village quest.
Fri Apr  7 14:38:16 2000 Alanna completed the jungle_village quest.
Fri Apr 14 17:04:29 2000 Stark completed the jungle_village quest.
Sat Apr 15 19:33:43 2000 Devi completed the jungle_village quest.
Wed Apr 26 01:42:30 2000 Solstice completed the jungle_village quest.
Fri Apr 28 20:14:33 2000 Adrianna completed the jungle_village quest.
Sat Jun 17 18:27:41 2000 Silverwolf completed the jungle_village quest.
Sun Jun 25 13:15:02 2000 Magus completed the jungle_village quest.
Sat Jul 22 21:57:36 2000 Jareel completed the jungle_village quest.
Wed Aug  2 00:41:54 2000 Trpsprngr completed the jungle_village quest.
Wed Oct 11 17:07:46 2000 Carl completed the jungle_village quest.
Sun Oct 15 09:21:48 2000 Softly completed the jungle_village quest.
Tue Oct 24 21:48:44 2000 Matrix completed the jungle_village quest.
Mon Oct 30 09:11:49 2000 Cobain completed the jungle_village quest.
Fri Nov 10 10:49:41 2000 Cynthia completed the jungle_village quest.
Sun Nov 12 01:22:36 2000 Jack completed the jungle_village quest.
Wed Nov 29 18:10:45 2000 Savior completed the jungle_village quest.
Mon Dec  4 02:37:02 2000 Coldwind completed the jungle_village quest.
Thu Dec  7 22:08:14 2000 Pino completed the jungle_village quest.
Fri Dec  8 03:24:58 2000 Lomac completed the jungle_village quest.
Tue Dec 12 02:12:35 2000 Crackpot completed the jungle_village quest.
Mon Jan 22 23:41:19 2001 Jaraxle completed the jungle_village quest.
Tue Mar 13 01:22:42 2001 Music completed the jungle_village quest.
Thu Mar 15 17:01:32 2001 Dusan completed the jungle_village quest.
Thu Mar 22 03:21:57 2001 Stardream completed the jungle_village quest.
Thu May 17 11:13:54 2001 Jaryn completed the jungle_village quest.
Thu May 31 03:41:25 2001 Novowels completed the jungle_village quest.
Fri Jun  1 23:03:13 2001 Disturbed completed the jungle_village quest.
Sat Jun  2 18:01:04 2001 Pestilence completed the jungle_village quest.
Tue Jun  5 19:09:51 2001 Goshawk completed the jungle_village quest.
Thu Jun 28 17:46:51 2001 Jael completed the jungle_village quest.
Thu Sep 13 17:48:59 2001 Forbin completed the jungle_village quest.
Mon Sep 24 19:31:15 2001 Ireland completed the jungle_village quest.
Tue Dec  4 00:15:20 2001 Dent completed the jungle_village quest.
Mon Dec 10 18:47:10 2001 Linus completed the jungle_village quest.
Tue Dec 11 15:11:22 2001 Tristian completed the jungle_village quest.
Thu Dec 13 02:35:18 2001 Ancient completed the jungle_village quest.
Wed Jan 16 00:35:49 2002 Wrathchild completed the jungle_village quest.
Mon Jan 21 22:07:09 2002 Wrathchild completed the jungle_village quest.
Sun Feb  3 20:00:09 2002 Lucius completed the jungle_village quest.
Wed Mar  6 14:37:09 2002 Vistar completed the jungle_village quest.
Sun Mar 10 02:42:53 2002 Sparkle completed the jungle_village quest.
Tue Apr  2 21:26:03 2002 Puppy completed the jungle_village quest.
Sun Jan 25 15:30:15 2004 Khrell completed the jungle_village quest.
Sun May 30 01:13:21 2004 Cartham completed the jungle_village quest.
Thu Jul 15 23:06:12 2004 Tyr completed the jungle_village quest.
Fri Oct  1 14:32:48 2004 Merille completed the jungle_village quest.
Sun Oct  3 21:19:37 2004 Finn completed the jungle_village quest.
Sat Dec  4 08:21:04 2004 Preston completed the jungle_village quest.
Sat Dec 11 07:45:08 2004 Micah completed the jungle_village quest.
Sun Dec 12 08:08:57 2004 Ribbit completed the jungle_village quest.
Mon Mar 21 22:49:32 2005 Cortez completed the jungle_village quest.
Thu Jun  9 22:54:34 2005 Goon completed the jungle_village quest.
Fri Jun 10 19:47:10 2005 Goon completed the jungle_village quest.
Mon Jun 27 01:51:16 2005 Goon completed the jungle_village quest.
Thu Aug 25 19:56:38 2005 Angel completed the jungle_village quest.
Mon Feb 27 05:26:27 2006 Sephiroth completed the jungle_village quest.
Sun Jun  4 11:24:50 2006 Z completed the jungle_village quest.
Mon Jul 31 11:33:16 2006 Tombsurfer completed the jungle_village quest.
Thu Aug 31 17:59:39 2006 DeathKnight completed the jungle_village quest.
Thu Mar 15 17:34:57 2007 Nyteshade completed the jungle_village quest.
Fri Jun  1 13:01:56 2007 U completed the jungle_village quest.
Thu Jun 21 15:21:37 2007 Carl completed the jungle_village quest.
Tue Aug 28 14:36:27 2007 Troy completed the jungle_village quest.
Mon Sep  3 08:20:40 2007 Soul completed the jungle_village quest.
Thu Sep 13 14:20:43 2007 Elise completed the jungle_village quest.
Sat Jan 19 09:34:02 2008 Flick completed the jungle_village quest.
Sun Jan 20 11:08:33 2008 Heinous completed the jungle_village quest.
Sun Jan 27 21:15:24 2008 Baddin completed the jungle_village quest.
Mon Jan 28 10:05:48 2008 Coglin completed the jungle_village quest.
Mon Jan 28 12:33:02 2008 Tierno completed the jungle_village quest.
Mon Jan 28 23:44:38 2008 Ever completed the jungle_village quest.
Tue Jan 29 09:45:00 2008 Coglin completed the jungle_village quest.
Tue Jan 29 20:20:11 2008 Bloodangle completed the jungle_village quest.
Mon Feb  4 21:46:03 2008 Heinous completed the jungle_village quest.
Sat Feb 16 21:57:28 2008 Villa completed the jungle_village quest.
Sun Feb 17 01:16:20 2008 Villa completed the jungle_village quest.
Sun Feb 17 14:33:28 2008 Googleplex completed the jungle_village quest.
Mon Feb 18 14:43:03 2008 Fastkill completed the jungle_village quest.
Fri Feb 22 12:12:26 2008 Fastkill completed the jungle_village quest.
Wed Feb 27 16:35:23 2008 Fastkill completed the jungle_village quest.
Sun Mar  2 16:05:36 2008 Flap completed the jungle_village quest.
Thu Apr  3 10:45:14 2008 Brooks completed the jungle_village quest.
Fri Apr 25 09:17:15 2008 Arith completed the jungle_village quest.
Sat Apr 26 15:13:53 2008 Finn completed the jungle_village quest.
Sun May  4 11:52:17 2008 Deathseeker completed the jungle_village quest.
Thu Oct 23 17:00:15 2008 Humble completed the jungle_village quest.
Thu Oct 30 15:01:25 2008 Humble completed the jungle_village quest.
Fri Oct 31 18:05:18 2008 Sami completed the jungle_village quest.
Sun Apr 19 19:39:34 2009 Valon completed the jungle_village quest.
Tue May  5 22:45:20 2009 Weide completed the jungle_village quest.
Thu May 14 09:59:03 2009 Yokohana completed the jungle_village quest.
Thu Jun  4 09:04:26 2009 Baddin completed the jungle_village quest.
Fri Jun 26 09:26:43 2009 Bruce completed the jungle_village quest.
Sat Jul  4 19:54:48 2009 Swoop completed the jungle_village quest.
Fri Jul 17 12:32:05 2009 Obelix completed the jungle_village quest.
Sat Jul 18 04:41:09 2009 Obelix completed the jungle_village quest.
Tue Aug  4 16:17:19 2009 Sharkrla completed the jungle_village quest.
Fri Sep  4 20:01:25 2009 Silverpaw completed the jungle_village quest.
Wed Sep 16 19:32:45 2009 Brenar completed the jungle_village quest.
Sun Oct  4 18:28:58 2009 Tierno completed the jungle_village quest.
Wed Oct  7 20:26:36 2009 Shadowstone completed the jungle_village quest.
Thu Oct  8 21:15:11 2009 Gratch completed the jungle_village quest.
Sat Oct 17 02:03:10 2009 Shigekuni completed the jungle_village quest.
Wed Oct 28 12:51:45 2009 DeathKnight completed the jungle_village quest.
Tue Nov 24 18:47:21 2009 Yodel completed the jungle_village quest.
Mon Dec 07 12:16:38 2009 Paven completed the jungle_village quest.
Tue Dec  8 14:00:15 2009 Mythago completed the jungle_village quest.
Wed Mar  3 15:25:35 2010 Jaster completed the jungle_village quest.
Tue Jul 27 09:59:37 2010 Dp completed the jungle_village quest.
Fri Sep  3 15:36:55 2010 DeathKnight completed the jungle_village quest.
Thu Sep 16 16:29:57 2010 Darius completed the jungle_village quest.
Fri Sep 24 14:46:15 2010 Kurupt completed the jungle_village quest.
Tue Oct 19 20:01:10 2010 Crossfire completed the jungle_village quest.
Mon Oct 25 09:30:58 2010 Daze completed the jungle_village quest.
Sun Nov 28 17:24:44 2010 Thor completed the jungle_village quest.
Sun Dec 26 18:21:44 2010 Amen completed the jungle_village quest.
Wed Mar 23 10:27:06 2011 Xaltocan completed the jungle_village quest.
Tue Jun 14 15:56:06 2011 Noob completed the jungle_village quest.
Sat Jul 16 00:40:55 2011 Tonaili completed the jungle_village quest.
Tue Aug 16 17:58:10 2011 Dekay completed the jungle_village quest.
Wed Sep 14 19:42:35 2011 Cameron completed the jungle_village quest.
Mon Feb 13 23:54:18 2012 Timespliter completed the jungle_village quest.
Thu Mar 22 23:53:59 2012 Jeanyus completed the jungle_village quest.
Tue Feb 12 17:24:13 2013 Sami completed the jungle_village quest.
Fri Jan  3 22:49:21 2014 Mako completed the jungle_village quest.
Sun Feb 23 12:43:27 2014 Afro completed the jungle_village quest.
Sun May 18 16:07:40 2014 Xehanort completed the jungle_village quest.
Mon May 19 19:04:20 2014 Krash completed the jungle_village quest.
Wed May 28 21:49:23 2014 Xerxes completed the jungle_village quest.
Wed Jun  4 10:59:47 2014 Krash completed the jungle_village quest.
Fri Jun  6 17:55:59 2014 Deathseeker completed the jungle_village quest.
Fri Aug 22 22:29:37 2014 Noxius completed the jungle_village quest.
Sun Oct 26 10:05:39 2014 Yeti completed the jungle_village quest.
Fri Feb  6 03:07:06 2015 Dutch completed the jungle_village quest.
Sat Aug  8 00:37:43 2015 Ryu completed the jungle_village quest.
Thu Aug 20 19:19:30 2015 Humble completed the jungle_village quest.
