Mon Apr  6 01:48:32 1998 Syren died in the sparring arena.
Mon Apr  6 02:02:50 1998 Syren died in the sparring arena.
Mon Apr  6 02:22:11 1998 Stark died in the sparring arena.
Mon Apr  6 02:24:20 1998 Stark died in the sparring arena.
Mon Apr  6 02:59:55 1998 Master died in the sparring arena.
Mon Apr  6 15:28:23 1998 Bannock died in the sparring arena.
Mon Apr  6 15:36:44 1998 Bannock died in the sparring arena.
Fri Apr 10 13:47:25 1998 Master died in the sparring arena.
Tue Apr 14 21:18:28 1998 Hugh died in the sparring arena.
Tue Apr 14 21:32:17 1998 Hugh died in the sparring arena.
Tue Apr 14 21:43:20 1998 Master died in the sparring arena.
Tue Apr 14 21:53:53 1998 Hugh died in the sparring arena.
Tue Apr 14 22:04:51 1998 Poke died in the sparring arena.
Tue Apr 14 22:22:23 1998 Poke died in the sparring arena.
Tue Apr 14 22:30:52 1998 Poke died in the sparring arena.
Tue Apr 14 22:41:17 1998 Pegasas died in the sparring arena.
Thu Apr 23 20:06:08 1998 Pegasas died in the sparring arena.
Fri Apr 24 16:54:37 1998 Korwrath died in the sparring arena.
Tue Jun  2 19:45:08 1998 Domanik died in the sparring arena.
Tue Jun  2 19:46:26 1998 Gargoyle died in the sparring arena.
Tue Jun  2 19:56:13 1998 Domanik died in the sparring arena.
Tue Jun  2 19:58:22 1998 Magaera died in the sparring arena.
Tue Jun  2 20:06:07 1998 Gargoyle died in the sparring arena.
Wed Jun  3 16:34:23 1998 Gargoyle died in the sparring arena.
Wed Jun  3 16:37:08 1998 Gargoyle died in the sparring arena.
Wed Jun  3 16:39:33 1998 Gargoyle died in the sparring arena.
Wed Jun 10 21:18:22 1998 Deathrunner died in the sparring arena.
Thu Jun 11 19:59:29 1998 Magaera died in the sparring arena.
Thu Jun 18 03:18:23 1998 Kazer died in the sparring arena.
Thu Jun 18 04:02:58 1998 Testsnow died in the sparring arena.
Thu Jun 18 04:06:23 1998 Testsnow died in the sparring arena.
Thu Jun 18 04:10:47 1998 Kazer died in the sparring arena.
Thu Jun 18 04:27:21 1998 Testsnow died in the sparring arena.
Wed Jul  1 12:42:10 1998 Handy died in the sparring arena.
Sat Oct 24 16:49:25 1998 Mustaine died in the sparring arena.
Sun Oct 25 08:13:26 1998 Hworang died in the sparring arena.
Mon Oct 26 07:56:50 1998 Hworang died in the sparring arena.
Mon Oct 26 08:08:59 1998 Budah died in the sparring arena.
Mon Nov  2 13:07:26 1998 Wicca died in the sparring arena.
Sat Nov 14 21:52:04 1998 Nissassa died in the sparring arena.
Sun Nov 15 21:32:10 1998 Sticks died in the sparring arena.
Sat Nov 21 10:37:04 1998 Sticks died in the sparring arena.
Sun Nov 29 10:44:55 1998 Blkbear died in the sparring arena.
Sun Nov 29 10:44:55 1998 Imperial died in the sparring arena.
Tue Jan  5 03:58:29 1999 Panther died in the sparring arena.
Wed Jan  6 07:14:02 1999 Hannah died in the sparring arena.
Wed Jan  6 09:17:43 1999 Akasha died in the sparring arena.
Thu Jan  7 23:37:02 1999 Sticks died in the sparring arena.
Thu Jan  7 23:49:53 1999 Sticks died in the sparring arena.
Fri Jan  8 00:19:19 1999 Pegasas died in the sparring arena.
Fri Jan  8 00:41:14 1999 Burn died in the sparring arena.
Fri Jan  8 04:02:57 1999 Bannock died in the sparring arena.
Fri Jan  8 04:15:57 1999 Bannock died in the sparring arena.
Sat Jan  9 02:35:16 1999 Wulfgar died in the sparring arena.
Tue Feb  2 09:59:49 1999 Miso died in the sparring arena.
Tue Feb  2 10:09:54 1999 Budah died in the sparring arena.
Sun Feb 28 02:22:03 1999 Derian died in the sparring arena.
Tue Mar  9 20:06:40 1999 Minus died in the sparring arena.
Thu Mar 11 16:53:08 1999 Horror died in the sparring arena.
Sun Mar 14 00:00:01 1999 Lebonan died in the sparring arena.
Sun Mar 14 00:00:29 1999 Soundgarden died in the sparring arena.
Mon Mar 15 19:51:30 1999 Soundgarden died in the sparring arena.
Wed Mar 17 21:18:50 1999 Soundgarden died in the sparring arena.
Wed Mar 17 21:24:02 1999 Soundgarden died in the sparring arena.
Wed Mar 17 22:22:02 1999 Vertebraker died in the sparring arena.
Thu Mar 25 17:13:55 1999 Vadar died in the sparring arena.
Thu Mar 25 17:15:19 1999 Outrage died in the sparring arena.
Thu Mar 25 17:16:19 1999 Outrage died in the sparring arena.
Thu Mar 25 17:17:13 1999 Miso died in the sparring arena.
Thu Mar 25 17:20:18 1999 Vadar died in the sparring arena.
Fri Apr  9 04:50:08 1999 Deathrunner died in the sparring arena.
Sun Apr 11 00:11:22 1999 Master died in the sparring arena.
Sun Apr 11 00:23:07 1999 Master died in the sparring arena.
Tue Apr 13 18:26:56 1999 Fred died in the sparring arena.
Sun Apr 18 22:02:20 1999 Blkbear died in the sparring arena.
Sun Apr 18 22:14:36 1999 Greeny died in the sparring arena.
Sun Apr 18 22:16:28 1999 Greeny died in the sparring arena.
Sun Apr 18 22:17:27 1999 Greeny died in the sparring arena.
Sun Apr 18 22:17:41 1999 Greeny died in the sparring arena.
Sun Apr 18 22:17:55 1999 Greeny died in the sparring arena.
Sun Apr 18 22:18:39 1999 Greeny died in the sparring arena.
Sun Apr 18 22:19:11 1999 Greeny died in the sparring arena.
Sun Apr 18 22:19:19 1999 Imperial died in the sparring arena.
Sun Apr 18 22:20:17 1999 Imperial died in the sparring arena.
Sun Apr 18 22:22:16 1999 Imperial died in the sparring arena.
Tue Apr 27 11:53:20 1999 Keeley died in the sparring arena.
Tue Apr 27 12:10:50 1999 Keeley died in the sparring arena.
Tue Apr 27 12:16:30 1999 Budah died in the sparring arena.
Tue Apr 27 12:17:18 1999 Keeley died in the sparring arena.
Tue Apr 27 14:09:31 1999 Budah died in the sparring arena.
Tue Apr 27 16:43:16 1999 Outrage died in the sparring arena.
Tue Apr 27 16:57:12 1999 Kika died in the sparring arena.
Sat May  1 22:12:34 1999 Vertebraker died in the sparring arena.
Sun May  2 11:47:00 1999 Odysseus died in the sparring arena.
Tue May  4 08:39:23 1999 Odysseus died in the sparring arena.
Wed May 26 13:41:56 1999 Taleo died in the sparring arena.
Wed May 26 15:41:00 1999 Huma died in the sparring arena.
Thu May 27 15:10:44 1999 Huma died in the sparring arena.
Thu May 27 17:10:43 1999 Gargoyle died in the sparring arena.
Thu May 27 22:50:54 1999 Heavena died in the sparring arena.
Fri May 28 17:14:02 1999 Teiannia died in the sparring arena.
Fri May 28 17:22:44 1999 Mustaine died in the sparring arena.
Sat May 29 17:49:59 1999 Wulfgar died in the sparring arena.
Sun May 30 23:33:58 1999 Heavena died in the sparring arena.
Thu Jun  3 13:44:44 1999 Tiger died in the sparring arena.
Thu Jun  3 13:57:28 1999 Tiger died in the sparring arena.
Mon Jun  7 00:27:13 1999 Wulfgar died in the sparring arena.
Tue Jun  8 19:32:12 1999 Pyre died in the sparring arena.
Tue Jun  8 19:39:37 1999 Pyre died in the sparring arena.
Tue Jun  8 19:54:32 1999 Konya died in the sparring arena.
Wed Jun  9 10:28:54 1999 Heavena died in the sparring arena.
Wed Jun  9 11:04:34 1999 Screamager died in the sparring arena.
Mon Jun 14 10:29:37 1999 Screamager died in the sparring arena.
Mon Jun 14 10:53:38 1999 Nissassa died in the sparring arena.
Tue Jun 15 22:11:37 1999 Kiana died in the sparring arena.
Sun Jun 20 01:02:26 1999 Sticks died in the sparring arena.
Sun Jun 20 01:11:53 1999 Subotai died in the sparring arena.
Wed Jul  7 21:48:51 1999 Thor died in the sparring arena.
Wed Jul  7 22:00:21 1999 Thor died in the sparring arena.
Sat Jul 10 23:27:54 1999 Heavena died in the sparring arena.
Thu Jul 15 15:56:12 1999 Ensco died in the sparring arena.
Fri Jul 16 10:39:59 1999 Fantasy died in the sparring arena.
Fri Jul 16 12:18:34 1999 James died in the sparring arena.
Fri Jul 16 15:00:10 1999 Ensco died in the sparring arena.
Thu Jul 29 02:38:07 1999 Subotai died in the sparring arena.
Sat Jul 31 14:01:32 1999 Wolfpac died in the sparring arena.
Sat Jul 31 14:04:15 1999 Juggalo died in the sparring arena.
Sat Jul 31 14:08:58 1999 Juggalo died in the sparring arena.
Fri Aug  6 11:49:53 1999 Cenobyte died in the sparring arena.
Tue Aug 10 09:42:12 1999 Cenobyte died in the sparring arena.
Tue Aug 10 09:48:26 1999 Soundgarden died in the sparring arena.
Tue Aug 10 10:00:19 1999 Soundgarden died in the sparring arena.
Wed Aug 11 18:07:44 1999 Pike died in the sparring arena.
Wed Aug 11 18:37:08 1999 Justin died in the sparring arena.
Wed Aug 11 18:46:53 1999 Sacha died in the sparring arena.
Wed Aug 11 18:51:18 1999 Sacha died in the sparring arena.
Sat Aug 14 01:03:28 1999 Justin died in the sparring arena.
Sat Aug 14 01:05:59 1999 Outrage died in the sparring arena.
Tue Aug 24 16:06:01 1999 Sephiroth died in the sparring arena.
Tue Aug 24 16:19:21 1999 Sephiroth died in the sparring arena.
Tue Aug 24 16:23:52 1999 Dardone died in the sparring arena.
Wed Aug 25 04:13:56 1999 Screamager died in the sparring arena.
Wed Aug 25 04:22:40 1999 Screamager died in the sparring arena.
Fri Aug 27 21:42:13 1999 Heavena died in the sparring arena.
Mon Aug 30 09:57:56 1999 Ebon died in the sparring arena.
Wed Sep  1 13:07:34 1999 Sephiroth died in the sparring arena.
Wed Sep  1 13:17:57 1999 Chupacabra died in the sparring arena.
Wed Sep  1 15:49:59 1999 Sephiroth died in the sparring arena.
Thu Sep  2 14:06:47 1999 Chupacabra died in the sparring arena.
Thu Sep  2 14:08:38 1999 Chupacabra died in the sparring arena.
Thu Sep  2 15:39:09 1999 Chupacabra died in the sparring arena.
Thu Sep  2 15:53:04 1999 Chupacabra died in the sparring arena.
Sun Sep  5 18:47:41 1999 Sephiroth died in the sparring arena.
Sun Sep  5 19:15:49 1999 Sephiroth died in the sparring arena.
Sun Sep  5 19:31:37 1999 Dardone died in the sparring arena.
Wed Sep  8 18:29:10 1999 Mysery died in the sparring arena.
Wed Sep  8 18:31:58 1999 Lock died in the sparring arena.
Wed Sep  8 18:34:46 1999 Lock died in the sparring arena.
Fri Sep 10 00:52:15 1999 Feldegast entered Feldaria.
Fri Sep 10 17:41:15 1999 Panther entered Feldaria.
Fri Sep 10 17:50:41 1999 Panther entered Feldaria.
Sat Sep 11 01:05:57 1999 Mdmrtgn died in the sparring arena.
Sat Sep 11 03:37:06 1999 Rattlesnake died in the sparring arena.
Sun Sep 12 01:24:04 1999 Wtknight died in the sparring arena.
Sun Sep 12 13:05:18 1999 Sacha died in the sparring arena.
Sun Sep 12 13:11:10 1999 Vach died in the sparring arena.
Sun Sep 12 13:30:16 1999 Sacha died in the sparring arena.
Sun Sep 12 13:44:54 1999 Gwydion died in the sparring arena.
Mon Sep 13 16:06:11 1999 Gwydion died in the sparring arena.
Mon Sep 13 16:15:53 1999 Gwydion died in the sparring arena.
Mon Sep 13 16:22:26 1999 Kiley died in the sparring arena.
Tue Sep 14 17:22:33 1999 Freak died in the sparring arena.
Wed Sep 15 15:30:18 1999 Budah died in the sparring arena.
Wed Sep 15 15:32:58 1999 Budah died in the sparring arena.
Wed Sep 15 15:36:04 1999 Solstice died in the sparring arena.
Thu Sep 16 17:29:54 1999 Hugh died in the sparring arena.
Fri Sep 17 11:27:30 1999 Armadillo died in the sparring arena.
Fri Sep 17 12:39:43 1999 Mdmrtgn died in the sparring arena.
Fri Sep 17 15:40:44 1999 Pndrgn died in the sparring arena.
Tue Sep 21 03:10:55 1999 Jareel died in the sparring arena.
Tue Sep 21 18:28:13 1999 Ciarnet entered Feldaria.
Wed Sep 22 13:10:31 1999 Ariakas died in the sparring arena.
Thu Sep 23 16:10:55 1999 Sephiroth died in the sparring arena.
Fri Sep 24 22:54:04 1999 Wtknight died in the sparring arena.
Sat Sep 25 14:05:40 1999 Sephiroth died in the sparring arena.
Sun Sep 26 19:32:47 1999 Sephiroth died in the sparring arena.
Tue Sep 28 16:06:25 1999 Vach died in the sparring arena.
Tue Sep 28 16:26:38 1999 Vach died in the sparring arena.
Wed Sep 29 18:31:26 1999 Vach died in the sparring arena.
Wed Sep 29 20:42:07 1999 Vach died in the sparring arena.
Wed Sep 29 20:45:42 1999 Wolfpac died in the sparring arena.
Sat Oct  2 07:57:30 1999 Fantasy entered Feldaria.
Sun Oct  3 11:59:22 1999 Torin died in the sparring arena.
Sun Oct  3 12:04:15 1999 Torin died in the sparring arena.
Tue Oct  5 01:07:28 1999 Pepino died in the sparring arena.
Tue Oct  5 21:31:05 1999 Vach died in the sparring arena.
Thu Oct  7 19:29:49 1999 Kiley died in the sparring arena.
Sun Oct 10 18:23:05 1999 Nova died in the sparring arena.
Wed Oct 13 23:49:25 1999 Altair died in the sparring arena.
Thu Oct 14 15:38:46 1999 Sephiroth died in the sparring arena.
Thu Oct 14 16:44:05 1999 Aneurism died in the sparring arena.
Fri Oct 15 16:05:42 1999 Vach died in the sparring arena.
Sat Oct 16 16:01:18 1999 Mdmrtgn died in the sparring arena.
Sun Oct 17 14:25:37 1999 Kiley died in the sparring arena.
Sun Oct 17 20:08:43 1999 Kiley died in the sparring arena.
Mon Oct 18 20:14:44 1999 Rebel died in the sparring arena.
Tue Oct 19 15:25:40 1999 Handy died in the sparring arena.
Tue Oct 19 15:33:55 1999 Aneurism died in the sparring arena.
Thu Oct 21 00:02:38 1999 Handy died in the sparring arena.
Wed Oct 27 21:57:23 1999 Ebon died in the sparring arena.
Tue Nov  2 21:32:04 1999 Vach died in the sparring arena.
Thu Nov  4 15:28:10 1999 Krillin died in the sparring arena.
Mon Nov  8 12:03:29 1999 Fred died in the sparring arena.
Mon Nov  8 12:10:05 1999 Aneurism died in the sparring arena.
Fri Nov 12 11:24:08 1999 Handy died in the sparring arena.
Fri Nov 12 11:35:34 1999 Spiral died in the sparring arena.
Wed Nov 17 21:11:59 1999 Soundgarden died in the sparring arena.
Thu Nov 18 17:25:50 1999 Handy died in the sparring arena.
Thu Nov 18 19:47:31 1999 Handy died in the sparring arena.
Mon Nov 22 01:41:37 1999 Budah died in the sparring arena.
Wed Nov 24 16:24:55 1999 Ensco died in the sparring arena.
Fri Nov 26 22:52:03 1999 Shayla died in the sparring arena.
Tue Nov 30 00:50:10 1999 Budah died in the sparring arena.
Sun Dec  5 13:09:27 1999 Shayla died in the sparring arena.
Tue Dec  7 21:12:21 1999 Soundgarden died in the sparring arena.
Sat Dec 11 15:39:59 1999 Soundgarden died in the sparring arena.
Sat Dec 11 22:20:41 1999 Ghost died in the sparring arena.
Sat Dec 11 23:19:20 1999 Gaston by unknown causes.
Corpse not found!
Sat Dec 11 23:27:53 1999 Gaston by unknown causes.
Corpse not found!
Sat Dec 11 23:33:06 1999 Gaston by Feldegast
Corpse not found!
Sat Dec 11 23:54:27 1999 Gaston by Feldegast
Sun Dec 12 00:07:33 1999 Gaston entered Feldaria.
Sun Dec 12 00:19:09 1999 Gaston by The Mistress of Ravens
Sun Dec 12 00:23:02 1999 Gaston by The Mistress of Ravens
Sun Dec 12 00:27:10 1999 Gaston by Bedira the Watcher
Sun Dec 12 00:43:23 1999 Gaston by Bedira the Watcher
Sun Dec 12 00:45:44 1999 Gaston by Bedira the Watcher
Sun Dec 12 00:48:12 1999 Gaston by Bedira the Watcher
Sun Dec 12 01:06:11 1999 Gaston by Pippin
Sun Dec 12 01:17:21 1999 Gaston by Mr. Rain
Sun Dec 12 01:18:01 1999 Gaston by Mr. Rain
Sun Dec 12 01:28:40 1999 Gaston by The Mistress of Ravens
Sun Dec 12 01:29:17 1999 Gaston by The Mistress of Ravens
Sun Jul  2 16:25:43 2000 Feldegast entered Feldaria.
Sun Jul  2 16:26:03 2000 Feldegast entered Feldaria.
Sun Jul  9 01:01:37 2000 Feldegast entered Feldaria.
Sun Jul  9 01:01:46 2000 Kazer entered Feldaria.
Sun Jul  9 01:05:52 2000 K entered Feldaria.
Sun Jul  9 01:07:24 2000 K entered Feldaria.
Sun Jul  9 01:10:24 2000 Feldegast entered Feldaria.
Sun Jul  9 01:10:56 2000 Kazer entered Feldaria.
Sun Jul  9 01:11:28 2000 Feldegast entered Feldaria.
Sun Jul  9 01:11:32 2000 Kazer entered Feldaria.
Sun Jul  9 15:12:00 2000 Feldegast entered Feldaria.
Sun Jul  9 15:27:17 2000 Feldegast entered Feldaria.
Sun Jul  9 15:27:27 2000 Gaston entered Feldaria.
Thu Jul 20 01:14:48 2000 Feldegast entered Feldaria.
Thu Jul 20 01:23:52 2000 Gaston entered Feldaria.
Sat Sep 30 13:22:26 2000 Feldegast entered Feldaria.
Sat Sep 30 13:26:57 2000 Feldegast entered Feldaria.
Sat Sep 30 13:28:53 2000 Feldegast entered Feldaria.
Sun Oct  8 12:41:46 2000 Dirk entered Feldaria.
Sat Oct 14 22:10:36 2000 Raesh entered Feldaria.
Fri Oct 27 23:53:05 2000 Symbio entered Feldaria.
Sat Oct 28 10:48:47 2000 Symbio entered Feldaria.
Mon Feb  5 23:12:05 2001 Feldegast entered Feldaria.
Mon Feb  5 23:12:43 2001 Fakir entered Feldaria.
Tue Jun 15 15:00:51 2004 Symbio entered Feldaria.
Mon Aug  9 04:37:01 2004 Bishop entered Feldaria.
Fri Aug 13 09:12:03 2004 Bishop entered Feldaria.
Sun Dec  7 01:25:06 2014 Dameon entered Feldaria.
Sun Dec  7 01:25:08 2014 Sid entered Feldaria.
