Sat Mar  6 21:20:52 1999	Feldegast	pestilence	the Bringer of [31mDisease[2;37;0m
Sat Mar 13 21:04:42 1999	Wocket	konya	Guardian of
Sat Mar 13 21:04:54 1999	Wocket	konya	Guardian
Sat Mar 13 21:05:10 1999	Wocket	konya	Cybernetic Guardian of Nuclea and Electra
Sat Mar 13 21:05:30 1999	Wocket	konya	Cybernetic Guardian of Nuclea and Electra[2;37;0m
Sun Mar 14 12:01:08 1999	Feldegast	konya
Sun Mar 14 12:01:24 1999	Feldegast	konya
Sun Mar 14 12:01:56 1999	Feldegast	konya	Cybernetic Guardian of Nuclea and Electra 
Sun Mar 14 12:02:20 1999	Feldegast	konya
Sun Mar 14 12:02:22 1999	Feldegast	konya
Sun Mar 14 12:02:22 1999	Feldegast	konya
Sun Mar 14 12:04:40 1999	Feldegast	konya	Cybernetic Guardian of Nuclea and Electra[2;37;0m
Sun Mar 14 12:04:48 1999	Feldegast	konya
Sun Mar 14 12:05:06 1999	Feldegast	konya	the [1;34mCybernetic Guardian of Nuclea and Electra[2;37;0m
Sun Mar 14 12:05:30 1999	Feldegast	konya	 [1;34mCybernetic Guardian of Nuclea and Electra[2;37;0m
Sun Mar 14 12:05:38 1999	Feldegast	konya
Sat Mar 20 21:18:35 1999	Feldegast	konya
Sat Mar 20 21:19:07 1999	Feldegast	konya	 [1;31m+"Guardian"+[2;37;0m+" of "+[1;37m+"Cybernetica"+[2;37;0m+[2;37;0m);
Sat Mar 20 21:19:15 1999	Feldegast	konya
Sat Mar 20 21:33:18 1999	Feldegast	konya	 [1;31mGuardian[2;37;0m of [1;37mCybernetica[2;37;0m
Sat Mar 20 21:33:48 1999	Feldegast	armblessed	the Villain in BOLDBLKBlack[2;37;0m
Sat Mar 20 21:35:24 1999	Feldegast	armblessed
Sat Mar 20 21:35:40 1999	Feldegast	armblessed	the Villain in [1m[30mBlack[2;37;0m
Sat Mar 20 21:35:50 1999	Feldegast	konya
Sat Mar 20 21:36:10 1999	Feldegast	konya	[1;31mGuardian[2;37;0m of [1;37mCybernetica[2;37;0m
Sat Mar 27 20:38:25 1999	Feldegast	vertebraker	the[1;37mSamurai[2;37;0m
Sat Mar 27 20:38:37 1999	Feldegast	vertebraker
Sat Mar 27 20:38:55 1999	Feldegast	vertebraker	the [1;37mSamurai[2;37;0m
Wed Jun 16 16:43:14 1999	Feldegast	justin	Guardian[1;31m of the [1;37mKnights Templar[2;37;0m
Thu Jun 17 17:08:05 1999	Feldegast	justin
Thu Jun 17 17:08:35 1999	Feldegast	justin	the [1;37mGuardian[1;31m of the [1;37mKnights Templar[2;37;0m
Thu Feb  8 00:26:25 2001	Feldegast	tycho	the [1m[30m~{ r e a p e r }~[2;37;0m
Thu Feb  8 00:35:24 2001	Feldegast	kid	[1;35m-SlayeR->[2;37;0m
Thu Feb  8 00:36:24 2001	Feldegast	kid
Thu Feb  8 00:36:36 2001	Feldegast	kid	the [1;35m-SlayeR->[2;37;0m
