Redroses stashed all.
Happy stashed all.
Someone stashed all.
Oghma stashed all.
Grog stashed all.
Grog stashed all.
Grog stashed all.
Blackstar stashed all.
Blackstar stashed all.
Stardrifter stashed all.
Mortarion stashed all.
Mortarion stashed all.
Whitehawk stashed all.
Fil stashed all.
Upus stashed all.
Blackstar stashed all.
Glaxgor stashed all.
Fil stashed all.
Fil stashed all.
Lacar stashed all.
Happy stashed all.
Fil stashed all.
Squint stashed all.
Happy stashed all.
Fleshhunter stashed all.
Morgion stashed all.
Squint stashed all.
Krillgeta stashed all.
Squint stashed all.
Squint stashed all.
Brooks stashed all.
Fleshhunter stashed all.
Sticks stashed all.
Sticks stashed all.
Twib stashed all.
Squint stashed all.
Guestwho stashed all.
Glaxgor stashed all.
Lacar stashed all.
Sipote stashed all.
Squint stashed all.
Krillgeta stashed all.
Dreadwolf stashed all.
Squint stashed all.
Lacar stashed all.
Laramie stashed all.
Squint stashed all.
Squint stashed all.
Z stashed all.
Tepes stashed all.
Squint stashed all.
Squint stashed all.
Fossil stashed all.
Whitehawk stashed all.
Whitehawk stashed all.
Squint stashed all.
Squint stashed all.
Squint stashed all.
Squint stashed all.
Squint stashed all.
Happy stashed all.
Tepes stashed all.
Kyllur stashed all.
Whitehawk stashed all.
Whitehawk stashed all.
Squint stashed all.
Squint stashed all.
Z stashed all.
Danilo stashed all.
Krillgeta stashed all.
Sticks stashed all.
Happy stashed all.
Elloco stashed all.
Happy stashed all.
Redroses stashed all.
Chett stashed all.
Handy stashed all.
Morpheus stashed all.
Happy stashed all.
Squint stashed all.
Squint stashed all.
Sticks stashed all.
Squint stashed all.
Happy stashed all.
Happy stashed all.
Happy stashed all.
Cleipa stashed all.
Squint stashed all.
Squint stashed all.
Squint stashed all.
Squint stashed all.
Dreadwolf stashed all.
Spoon stashed all.
Dreadwolf stashed all.
Psi stashed all.
Oz stashed all.
Squint stashed all.
Squint stashed all.
Squint stashed all.
Squint stashed all.
Whitehawk stashed all.
Shenji stashed all.
Squint stashed all.
Squint stashed all.
Happy stashed all.
Dreadwolf stashed all.
Krillgeta stashed all.
Sticks stashed all.
Hedren stashed all.
Razzel stashed all.
Dasani stashed all.
Happy stashed all.
Oz stashed all.
Damani stashed all.
Cortez stashed all.
Jason stashed all.
Happy stashed all.
Seymour stashed all.
Oz stashed all.
Springdawn stashed all.
Happy stashed all.
Z stashed all.
Z stashed all.
Sin stashed all.
Oz stashed all.
Data stashed all.
Elloco stashed all.
Happy stashed all.
Vodka stashed all.
Data stashed all.
Happy stashed all.
Hedren stashed all.
Whitehawk stashed all.
Z stashed all.
Dreadwolf stashed all.
Virus stashed all.
Sin stashed all.
Slacker stashed all.
Sin stashed all.
DeathKnight stashed all.
Krag stashed all.
Hedren stashed all.
Seymour stashed all.
Elloco stashed all.
Elloco stashed all.
Redroses stashed all.
Morpheus stashed all.
Crip stashed all.
Hugh stashed all.
Unknown stashed all.
Sticks stashed all.
Rick stashed all.
Happy stashed all.
Whitehawk stashed all.
Happy stashed all.
Springdawn stashed all.
Sticks stashed all.
Sticks stashed all.
Sticks stashed all.
Hedren stashed all.
Lok stashed all.
Happy stashed all.
Happy stashed all.
Happy stashed all.
Lacar stashed all.
Squint stashed all.
Squint stashed all.
Springdawn stashed all.
Wallace stashed all.
Lok stashed all.
Gil stashed all.
Sin stashed all.
Squint stashed all.
Squint stashed all.
Squint stashed all.
Happy stashed all.
Springdawn stashed all.
Psychax stashed all.
Stonecold stashed all.
Mosh stashed all.
Happy stashed all.
Gil stashed all.
Happy stashed all.
Lok stashed all.
Lok stashed all.
Gil stashed all.
Lok stashed all.
Sephiroth stashed all.
Springdawn stashed all.
Whitehawk stashed all.
Whitehawk stashed all.
Crip stashed all.
Springdawn stashed all.
Sephiroth stashed all.
Sephiroth stashed all.
Wallace stashed all.
Psyco stashed all.
Whitehawk stashed all.
Happy stashed all.
Whitehawk stashed all.
Krillgeta stashed all.
Squint stashed all.
Squint stashed all.
Elloco stashed all.
Elloco stashed all.
Squint stashed all.
Nyteshade stashed all.
Sephiroth stashed all.
Gil stashed all.
Krillgeta stashed all.
Squint stashed all.
Angelus stashed all.
Krillgeta stashed all.
Sephiroth stashed all.
Sephiroth stashed all.
Krillgeta stashed all.
Mosh stashed all.
Z stashed all.
Squint stashed all.
Cortez stashed all.
Happy stashed all.
Krillgeta stashed all.
Squint stashed all.
Cleipa stashed all.
Rick stashed all.
Rick stashed all.
Squint stashed all.
Krillgeta stashed all.
Squint stashed all.
Squint stashed all.
Crip stashed all.
Squint stashed all.
Squint stashed all.
Stardrifter stashed all.
Squint stashed all.
Happy stashed all.
Squint stashed all.
Squint stashed all.
Squint stashed all.
Stardrifter stashed all.
Break stashed all.
Happy stashed all.
Sin stashed all.
Sin stashed all.
Sami stashed all.
Sami stashed all.
Squint stashed all.
Gogeta stashed all.
Sami stashed all.
Sami stashed all.
Budce stashed all.
Whitehawk stashed all.
Whitehawk stashed all.
Sami stashed all.
Whitehawk stashed all.
Sephiroth stashed all.
Sephiroth stashed all.
Squint stashed all.
Happy stashed all.
Unknown stashed all.
Sephiroth stashed all.
Krillgeta stashed all.
Krillgeta stashed all.
Krillgeta stashed all.
Sami stashed all.
Gogeta stashed all.
Lich stashed all.
Whitehawk stashed all.
Krishna stashed all.
Whitehawk stashed all.
Fleshhunter stashed all.
Krishna stashed all.
Itachi stashed all.
Happy stashed all.
Shadowman stashed all.
Krishna stashed all.
Gogeta stashed all.
Happy stashed all.
Gogeta stashed all.
Crip stashed all.
Happy stashed all.
Jason stashed all.
Happy stashed all.
Squint stashed all.
Gogeta stashed all.
Keeper stashed all.
Happy stashed all.
Ice stashed all.
Chou stashed all.
Budce stashed all.
Gaara stashed all.
Happy stashed all.
Happy stashed all.
Fenris stashed all.
Hugh stashed all.
Slag stashed all.
Kyv stashed all.
Squint stashed all.
Happy stashed all.
Happy stashed all.
Gohan stashed all.
Happy stashed all.
Happy stashed all.
Ice stashed all.
Ice stashed all.
Happy stashed all.
Egoddess stashed all.
Genesis stashed all.
Sami stashed all.
Ice stashed all.
Gaara stashed all.
Sin stashed all.
Sephiroth stashed all.
Squint stashed all.
Squint stashed all.
Mantis stashed all.
Muerte stashed all.
Gaara stashed all.
Fenris stashed all.
Gogeta stashed all.
Gogeta stashed all.
Happy stashed all.
Springdawn stashed all.
Springdawn stashed all.
Gogeta stashed all.
Dreadwolf stashed all.
Dreadwolf stashed all.
Sami stashed all.
Sami stashed all.
Gil stashed all.
Gogeta stashed all.
Z stashed all.
Gogeta stashed all.
Happy stashed all.
Ice stashed all.
Muerte stashed all.
Squint stashed all.
Squint stashed all.
Lok stashed all.
Wallace stashed all.
Sami stashed all.
Wipeout stashed all.
