2000.04.27 23:31 A C:\My Documents\nirvana\obj\misc\ac_check.c <-- nirvana /players/daranath/guild/obj/misc ac_check.c
2000.04.27 23:31 A C:\My Documents\nirvana\obj\misc\ac_ob.c <-- nirvana /players/daranath/guild/obj/misc ac_ob.c
2000.04.27 23:31 A C:\My Documents\nirvana\obj\misc\agony_obj.c <-- nirvana /players/daranath/guild/obj/misc agony_obj.c
2000.04.27 23:31 A C:\My Documents\nirvana\obj\misc\badmoon.c <-- nirvana /players/daranath/guild/obj/misc badmoon.c
2000.04.27 23:31 A C:\My Documents\nirvana\obj\misc\blood.c <-- nirvana /players/daranath/guild/obj/misc blood.c
2000.04.27 23:31 A C:\My Documents\nirvana\obj\misc\board.c <-- nirvana /players/daranath/guild/obj/misc board.c
2000.04.27 23:31 A C:\My Documents\nirvana\obj\misc\cdust.c <-- nirvana /players/daranath/guild/obj/misc cdust.c
2000.04.27 23:31 A C:\My Documents\nirvana\obj\misc\com_pouch.c <-- nirvana /players/daranath/guild/obj/misc com_pouch.c
2000.04.27 23:31 A C:\My Documents\nirvana\obj\misc\cor_cand.c <-- nirvana /players/daranath/guild/obj/misc cor_cand.c
2000.04.27 23:32 A C:\My Documents\nirvana\obj\misc\corpse1.c <-- nirvana /players/daranath/guild/obj/misc corpse1.c
2000.04.27 23:32 A C:\My Documents\nirvana\obj\misc\dark_int.c <-- nirvana /players/daranath/guild/obj/misc dark_int.c
2000.04.27 23:32 A C:\My Documents\nirvana\obj\misc\eye.c <-- nirvana /players/daranath/guild/obj/misc eye.c
2000.04.27 23:32 A C:\My Documents\nirvana\obj\misc\graft_obj.c <-- nirvana /players/daranath/guild/obj/misc graft_obj.c
2000.04.27 23:32 A C:\My Documents\nirvana\obj\misc\grave_heal.c <-- nirvana /players/daranath/guild/obj/misc grave_heal.c
2000.04.27 23:32 A C:\My Documents\nirvana\obj\misc\gsite_ob.c <-- nirvana /players/daranath/guild/obj/misc gsite_ob.c
2000.04.27 23:32 A C:\My Documents\nirvana\obj\misc\gsite_ob2.c <-- nirvana /players/daranath/guild/obj/misc gsite_ob2.c
2000.04.27 23:32 A C:\My Documents\nirvana\obj\misc\heart.c <-- nirvana /players/daranath/guild/obj/misc heart.c
2000.04.27 23:32 A C:\My Documents\nirvana\obj\misc\new_pouch.c <-- nirvana /players/daranath/guild/obj/misc new_pouch.c
2000.04.27 23:32 A C:\My Documents\nirvana\obj\misc\portal.c <-- nirvana /players/daranath/guild/obj/misc portal.c
2000.04.27 23:32 A C:\My Documents\nirvana\obj\misc\preserved.c <-- nirvana /players/daranath/guild/obj/misc preserved.c
2000.04.27 23:32 A C:\My Documents\nirvana\obj\misc\shop_obj.c <-- nirvana /players/daranath/guild/obj/misc shop_obj.c
2000.04.27 23:32 A C:\My Documents\nirvana\obj\misc\skin.c <-- nirvana /players/daranath/guild/obj/misc skin.c
2000.04.27 23:32 A C:\My Documents\nirvana\obj\misc\soul.c <-- nirvana /players/daranath/guild/obj/misc soul.c
2000.04.27 23:32 A C:\My Documents\nirvana\obj\misc\spine.c <-- nirvana /players/daranath/guild/obj/misc spine.c
2000.04.27 23:32 A C:\My Documents\nirvana\obj\misc\wc_check.c <-- nirvana /players/daranath/guild/obj/misc wc_check.c
2000.04.27 23:38 A C:\My Documents\nirvana\obj\misc\ac_check.c --> nirvana.mudservices.com /players/wocket/necro/obj/misc ac_check.c
2000.04.27 23:39 A C:\My Documents\nirvana\obj\misc\ac_ob.c --> nirvana.mudservices.com /players/wocket/necro/obj/misc ac_ob.c
2000.04.27 23:39 A C:\My Documents\nirvana\obj\misc\agony_obj.c --> nirvana.mudservices.com /players/wocket/necro/obj/misc agony_obj.c
2000.04.27 23:39 A C:\My Documents\nirvana\obj\misc\badmoon.c --> nirvana.mudservices.com /players/wocket/necro/obj/misc badmoon.c
2000.04.27 23:39 A C:\My Documents\nirvana\obj\misc\blood.c --> nirvana.mudservices.com /players/wocket/necro/obj/misc blood.c
2000.04.27 23:39 A C:\My Documents\nirvana\obj\misc\board.c --> nirvana.mudservices.com /players/wocket/necro/obj/misc board.c
2000.04.27 23:39 A C:\My Documents\nirvana\obj\misc\cdust.c --> nirvana.mudservices.com /players/wocket/necro/obj/misc cdust.c
2000.04.27 23:39 A C:\My Documents\nirvana\obj\misc\com_pouch.c --> nirvana.mudservices.com /players/wocket/necro/obj/misc com_pouch.c
2000.04.27 23:39 A C:\My Documents\nirvana\obj\misc\cor_cand.c --> nirvana.mudservices.com /players/wocket/necro/obj/misc cor_cand.c
2000.04.27 23:39 A C:\My Documents\nirvana\obj\misc\corpse1.c --> nirvana.mudservices.com /players/wocket/necro/obj/misc corpse1.c
2000.04.27 23:39 A C:\My Documents\nirvana\obj\misc\dark_int.c --> nirvana.mudservices.com /players/wocket/necro/obj/misc dark_int.c
2000.04.27 23:39 A C:\My Documents\nirvana\obj\misc\eye.c --> nirvana.mudservices.com /players/wocket/necro/obj/misc eye.c
2000.04.27 23:39 A C:\My Documents\nirvana\obj\misc\graft_obj.c --> nirvana.mudservices.com /players/wocket/necro/obj/misc graft_obj.c
2000.04.27 23:39 A C:\My Documents\nirvana\obj\misc\grave_heal.c --> nirvana.mudservices.com /players/wocket/necro/obj/misc grave_heal.c
2000.04.27 23:39 A C:\My Documents\nirvana\obj\misc\gsite_ob.c --> nirvana.mudservices.com /players/wocket/necro/obj/misc gsite_ob.c
2000.04.27 23:39 A C:\My Documents\nirvana\obj\misc\gsite_ob2.c --> nirvana.mudservices.com /players/wocket/necro/obj/misc gsite_ob2.c
2000.04.27 23:39 A C:\My Documents\nirvana\obj\misc\heart.c --> nirvana.mudservices.com /players/wocket/necro/obj/misc heart.c
2000.04.27 23:39 A C:\My Documents\nirvana\obj\misc\new_pouch.c --> nirvana.mudservices.com /players/wocket/necro/obj/misc new_pouch.c
2000.04.27 23:39 A C:\My Documents\nirvana\obj\misc\portal.c --> nirvana.mudservices.com /players/wocket/necro/obj/misc portal.c
2000.04.27 23:39 A C:\My Documents\nirvana\obj\misc\preserved.c --> nirvana.mudservices.com /players/wocket/necro/obj/misc preserved.c
2000.04.27 23:39 A C:\My Documents\nirvana\obj\misc\shop_obj.c --> nirvana.mudservices.com /players/wocket/necro/obj/misc shop_obj.c
2000.04.27 23:39 A C:\My Documents\nirvana\obj\misc\skin.c --> nirvana.mudservices.com /players/wocket/necro/obj/misc skin.c
2000.04.27 23:39 A C:\My Documents\nirvana\obj\misc\soul.c --> nirvana.mudservices.com /players/wocket/necro/obj/misc soul.c
2000.04.27 23:39 A C:\My Documents\nirvana\obj\misc\spine.c --> nirvana.mudservices.com /players/wocket/necro/obj/misc spine.c
2000.04.27 23:39 A C:\My Documents\nirvana\obj\misc\wc_check.c --> nirvana.mudservices.com /players/wocket/necro/obj/misc wc_check.c
