101.05.23 11:43 A C:\Fran\Mud\Nirvana\Roma\rooms\col\co001.c --> nirvana.mudservices.com /players/francesco/roma/rooms/col co001.c
101.05.23 11:43 A C:\Fran\Mud\Nirvana\Roma\rooms\col\co01.c --> nirvana.mudservices.com /players/francesco/roma/rooms/col co01.c
101.05.23 11:43 A C:\Fran\Mud\Nirvana\Roma\rooms\col\co02.c --> nirvana.mudservices.com /players/francesco/roma/rooms/col co02.c
101.05.23 11:43 A C:\Fran\Mud\Nirvana\Roma\rooms\col\co03.c --> nirvana.mudservices.com /players/francesco/roma/rooms/col co03.c
101.05.23 11:43 A C:\Fran\Mud\Nirvana\Roma\rooms\col\co04.c --> nirvana.mudservices.com /players/francesco/roma/rooms/col co04.c
101.05.23 11:43 A C:\Fran\Mud\Nirvana\Roma\rooms\col\co11.c --> nirvana.mudservices.com /players/francesco/roma/rooms/col co11.c
101.05.23 11:43 A C:\Fran\Mud\Nirvana\Roma\rooms\col\co12.c --> nirvana.mudservices.com /players/francesco/roma/rooms/col co12.c
101.05.23 11:43 A C:\Fran\Mud\Nirvana\Roma\rooms\col\co13.c --> nirvana.mudservices.com /players/francesco/roma/rooms/col co13.c
101.05.23 11:43 A C:\Fran\Mud\Nirvana\Roma\rooms\col\co14.c --> nirvana.mudservices.com /players/francesco/roma/rooms/col co14.c
101.05.23 11:43 A C:\Fran\Mud\Nirvana\Roma\rooms\col\co21.c --> nirvana.mudservices.com /players/francesco/roma/rooms/col co21.c
101.05.23 11:43 A C:\Fran\Mud\Nirvana\Roma\rooms\col\co22.c --> nirvana.mudservices.com /players/francesco/roma/rooms/col co22.c
101.05.23 11:43 A C:\Fran\Mud\Nirvana\Roma\rooms\col\co23.c --> nirvana.mudservices.com /players/francesco/roma/rooms/col co23.c
101.05.23 11:43 A C:\Fran\Mud\Nirvana\Roma\rooms\col\co24.c --> nirvana.mudservices.com /players/francesco/roma/rooms/col co24.c
101.05.23 11:43 A C:\Fran\Mud\Nirvana\Roma\rooms\col\co25.c --> nirvana.mudservices.com /players/francesco/roma/rooms/col co25.c
101.05.23 11:43 A C:\Fran\Mud\Nirvana\Roma\rooms\col\co26.c --> nirvana.mudservices.com /players/francesco/roma/rooms/col co26.c
101.05.23 11:43 A C:\Fran\Mud\Nirvana\Roma\rooms\col\co27.c --> nirvana.mudservices.com /players/francesco/roma/rooms/col co27.c
101.05.23 11:43 A C:\Fran\Mud\Nirvana\Roma\rooms\col\co28.c --> nirvana.mudservices.com /players/francesco/roma/rooms/col co28.c
101.05.23 11:43 A C:\Fran\Mud\Nirvana\Roma\rooms\col\co301.c --> nirvana.mudservices.com /players/francesco/roma/rooms/col co301.c
101.05.23 11:43 A C:\Fran\Mud\Nirvana\Roma\rooms\col\co302.c --> nirvana.mudservices.com /players/francesco/roma/rooms/col co302.c
101.05.23 11:43 A C:\Fran\Mud\Nirvana\Roma\rooms\col\co303.c --> nirvana.mudservices.com /players/francesco/roma/rooms/col co303.c
101.05.23 11:43 A C:\Fran\Mud\Nirvana\Roma\rooms\col\co304.c --> nirvana.mudservices.com /players/francesco/roma/rooms/col co304.c
101.05.23 11:43 A C:\Fran\Mud\Nirvana\Roma\rooms\col\co305.c --> nirvana.mudservices.com /players/francesco/roma/rooms/col co305.c
101.05.23 11:43 A C:\Fran\Mud\Nirvana\Roma\rooms\col\co306.c --> nirvana.mudservices.com /players/francesco/roma/rooms/col co306.c
101.05.23 11:43 A C:\Fran\Mud\Nirvana\Roma\rooms\col\co307.c --> nirvana.mudservices.com /players/francesco/roma/rooms/col co307.c
101.05.23 11:43 A C:\Fran\Mud\Nirvana\Roma\rooms\col\co308.c --> nirvana.mudservices.com /players/francesco/roma/rooms/col co308.c
101.05.23 11:43 A C:\Fran\Mud\Nirvana\Roma\rooms\col\co309.c --> nirvana.mudservices.com /players/francesco/roma/rooms/col co309.c
101.05.23 11:43 A C:\Fran\Mud\Nirvana\Roma\rooms\col\co310.c --> nirvana.mudservices.com /players/francesco/roma/rooms/col co310.c
101.05.23 11:43 A C:\Fran\Mud\Nirvana\Roma\rooms\col\co311.c --> nirvana.mudservices.com /players/francesco/roma/rooms/col co311.c
101.05.23 11:43 A C:\Fran\Mud\Nirvana\Roma\rooms\col\co312.c --> nirvana.mudservices.com /players/francesco/roma/rooms/col co312.c
101.05.23 11:43 A C:\Fran\Mud\Nirvana\Roma\rooms\col\co313.c --> nirvana.mudservices.com /players/francesco/roma/rooms/col co313.c
101.05.23 11:43 A C:\Fran\Mud\Nirvana\Roma\rooms\col\co314.c --> nirvana.mudservices.com /players/francesco/roma/rooms/col co314.c
101.05.23 11:43 A C:\Fran\Mud\Nirvana\Roma\rooms\col\co315.c --> nirvana.mudservices.com /players/francesco/roma/rooms/col co315.c
101.05.23 11:43 A C:\Fran\Mud\Nirvana\Roma\rooms\col\co316.c --> nirvana.mudservices.com /players/francesco/roma/rooms/col co316.c
101.05.23 11:43 A C:\Fran\Mud\Nirvana\Roma\rooms\col\co401.c --> nirvana.mudservices.com /players/francesco/roma/rooms/col co401.c
101.05.23 11:43 A C:\Fran\Mud\Nirvana\Roma\rooms\col\co402.c --> nirvana.mudservices.com /players/francesco/roma/rooms/col co402.c
101.05.23 11:43 A C:\Fran\Mud\Nirvana\Roma\rooms\col\co403.c --> nirvana.mudservices.com /players/francesco/roma/rooms/col co403.c
101.05.23 11:43 A C:\Fran\Mud\Nirvana\Roma\rooms\col\co404.c --> nirvana.mudservices.com /players/francesco/roma/rooms/col co404.c
101.05.23 11:43 A C:\Fran\Mud\Nirvana\Roma\rooms\col\co405.c --> nirvana.mudservices.com /players/francesco/roma/rooms/col co405.c
101.05.23 11:43 A C:\Fran\Mud\Nirvana\Roma\rooms\col\co406.c --> nirvana.mudservices.com /players/francesco/roma/rooms/col co406.c
101.05.23 11:43 A C:\Fran\Mud\Nirvana\Roma\rooms\col\co407.c --> nirvana.mudservices.com /players/francesco/roma/rooms/col co407.c
101.05.23 11:43 A C:\Fran\Mud\Nirvana\Roma\rooms\col\co408.c --> nirvana.mudservices.com /players/francesco/roma/rooms/col co408.c
101.05.23 11:43 A C:\Fran\Mud\Nirvana\Roma\rooms\col\co409.c --> nirvana.mudservices.com /players/francesco/roma/rooms/col co409.c
101.05.23 11:43 A C:\Fran\Mud\Nirvana\Roma\rooms\col\co410.c --> nirvana.mudservices.com /players/francesco/roma/rooms/col co410.c
101.05.23 11:43 A C:\Fran\Mud\Nirvana\Roma\rooms\col\co411.c --> nirvana.mudservices.com /players/francesco/roma/rooms/col co411.c
101.05.23 11:43 A C:\Fran\Mud\Nirvana\Roma\rooms\col\co412.c --> nirvana.mudservices.com /players/francesco/roma/rooms/col co412.c
101.05.23 11:43 A C:\Fran\Mud\Nirvana\Roma\rooms\col\co413.c --> nirvana.mudservices.com /players/francesco/roma/rooms/col co413.c
101.05.23 11:43 A C:\Fran\Mud\Nirvana\Roma\rooms\col\co414.c --> nirvana.mudservices.com /players/francesco/roma/rooms/col co414.c
101.05.23 11:43 A C:\Fran\Mud\Nirvana\Roma\rooms\col\co415.c --> nirvana.mudservices.com /players/francesco/roma/rooms/col co415.c
101.05.23 11:43 A C:\Fran\Mud\Nirvana\Roma\rooms\col\co416.c --> nirvana.mudservices.com /players/francesco/roma/rooms/col co416.c
101.05.23 11:43 A C:\Fran\Mud\Nirvana\Roma\rooms\col\co417.c --> nirvana.mudservices.com /players/francesco/roma/rooms/col co417.c
101.05.23 11:43 A C:\Fran\Mud\Nirvana\Roma\rooms\col\co418.c --> nirvana.mudservices.com /players/francesco/roma/rooms/col co418.c
101.05.23 11:44 A C:\Fran\Mud\Nirvana\Roma\rooms\col\co419.c --> nirvana.mudservices.com /players/francesco/roma/rooms/col co419.c
101.05.23 11:44 A C:\Fran\Mud\Nirvana\Roma\rooms\col\co420.c --> nirvana.mudservices.com /players/francesco/roma/rooms/col co420.c
101.05.23 11:44 A C:\Fran\Mud\Nirvana\Roma\rooms\col\up1.c --> nirvana.mudservices.com /players/francesco/roma/rooms/col up1.c
101.05.23 11:44 A C:\Fran\Mud\Nirvana\Roma\rooms\col\up2.c --> nirvana.mudservices.com /players/francesco/roma/rooms/col up2.c
101.05.23 11:44 A C:\Fran\Mud\Nirvana\Roma\rooms\col\up3.c --> nirvana.mudservices.com /players/francesco/roma/rooms/col up3.c
101.05.23 11:53 A C:\Fran\Mud\Nirvana\Roma\rooms\col\co001.c --> nirvana.mudservices.com /players/francesco/roma/rooms/col co001.c
101.05.23 12:05 A C:\Fran\Mud\Nirvana\Roma\rooms\col\co312.c --> nirvana.mudservices.com /players/francesco/roma/rooms/col co312.c
101.05.23 12:05 A C:\Fran\Mud\Nirvana\Roma\rooms\col\co313.c --> nirvana.mudservices.com /players/francesco/roma/rooms/col co313.c
101.05.26 10:49 A C:\Fran\Mud\Nirvana\Roma\rooms\col\co001.c --> nirvana.mudservices.com /players/francesco/roma/rooms/col co001.c
101.05.26 10:49 A C:\Fran\Mud\Nirvana\Roma\rooms\col\co01.c --> nirvana.mudservices.com /players/francesco/roma/rooms/col co01.c
101.05.26 10:49 A C:\Fran\Mud\Nirvana\Roma\rooms\col\co02.c --> nirvana.mudservices.com /players/francesco/roma/rooms/col co02.c
101.05.26 10:49 A C:\Fran\Mud\Nirvana\Roma\rooms\col\co03.c --> nirvana.mudservices.com /players/francesco/roma/rooms/col co03.c
101.05.26 10:49 A C:\Fran\Mud\Nirvana\Roma\rooms\col\co04.c --> nirvana.mudservices.com /players/francesco/roma/rooms/col co04.c
101.05.26 10:49 A C:\Fran\Mud\Nirvana\Roma\rooms\col\co11.c --> nirvana.mudservices.com /players/francesco/roma/rooms/col co11.c
101.05.26 10:49 A C:\Fran\Mud\Nirvana\Roma\rooms\col\co12.c --> nirvana.mudservices.com /players/francesco/roma/rooms/col co12.c
101.05.26 10:49 A C:\Fran\Mud\Nirvana\Roma\rooms\col\co13.c --> nirvana.mudservices.com /players/francesco/roma/rooms/col co13.c
101.05.26 10:49 A C:\Fran\Mud\Nirvana\Roma\rooms\col\co14.c --> nirvana.mudservices.com /players/francesco/roma/rooms/col co14.c
101.05.26 10:49 A C:\Fran\Mud\Nirvana\Roma\rooms\col\co21.c --> nirvana.mudservices.com /players/francesco/roma/rooms/col co21.c
101.05.26 10:49 A C:\Fran\Mud\Nirvana\Roma\rooms\col\co22.c --> nirvana.mudservices.com /players/francesco/roma/rooms/col co22.c
101.05.26 10:49 A C:\Fran\Mud\Nirvana\Roma\rooms\col\co23.c --> nirvana.mudservices.com /players/francesco/roma/rooms/col co23.c
101.05.26 10:49 A C:\Fran\Mud\Nirvana\Roma\rooms\col\co24.c --> nirvana.mudservices.com /players/francesco/roma/rooms/col co24.c
101.05.26 10:49 A C:\Fran\Mud\Nirvana\Roma\rooms\col\co25.c --> nirvana.mudservices.com /players/francesco/roma/rooms/col co25.c
101.05.26 10:49 A C:\Fran\Mud\Nirvana\Roma\rooms\col\co26.c --> nirvana.mudservices.com /players/francesco/roma/rooms/col co26.c
101.05.26 10:49 A C:\Fran\Mud\Nirvana\Roma\rooms\col\co27.c --> nirvana.mudservices.com /players/francesco/roma/rooms/col co27.c
101.05.26 10:49 A C:\Fran\Mud\Nirvana\Roma\rooms\col\co28.c --> nirvana.mudservices.com /players/francesco/roma/rooms/col co28.c
101.05.26 10:49 A C:\Fran\Mud\Nirvana\Roma\rooms\col\co301.c --> nirvana.mudservices.com /players/francesco/roma/rooms/col co301.c
101.05.26 10:49 A C:\Fran\Mud\Nirvana\Roma\rooms\col\co302.c --> nirvana.mudservices.com /players/francesco/roma/rooms/col co302.c
101.05.26 10:49 A C:\Fran\Mud\Nirvana\Roma\rooms\col\co303.c --> nirvana.mudservices.com /players/francesco/roma/rooms/col co303.c
101.05.26 10:49 A C:\Fran\Mud\Nirvana\Roma\rooms\col\co304.c --> nirvana.mudservices.com /players/francesco/roma/rooms/col co304.c
101.05.26 10:49 A C:\Fran\Mud\Nirvana\Roma\rooms\col\co305.c --> nirvana.mudservices.com /players/francesco/roma/rooms/col co305.c
101.05.26 10:49 A C:\Fran\Mud\Nirvana\Roma\rooms\col\co306.c --> nirvana.mudservices.com /players/francesco/roma/rooms/col co306.c
101.05.26 10:49 A C:\Fran\Mud\Nirvana\Roma\rooms\col\co307.c --> nirvana.mudservices.com /players/francesco/roma/rooms/col co307.c
101.05.26 10:49 A C:\Fran\Mud\Nirvana\Roma\rooms\col\co308.c --> nirvana.mudservices.com /players/francesco/roma/rooms/col co308.c
101.05.26 10:50 A C:\Fran\Mud\Nirvana\Roma\rooms\col\co309.c --> nirvana.mudservices.com /players/francesco/roma/rooms/col co309.c
101.05.26 10:50 A C:\Fran\Mud\Nirvana\Roma\rooms\col\co310.c --> nirvana.mudservices.com /players/francesco/roma/rooms/col co310.c
101.05.26 10:50 A C:\Fran\Mud\Nirvana\Roma\rooms\col\co311.c --> nirvana.mudservices.com /players/francesco/roma/rooms/col co311.c
101.05.26 10:50 A C:\Fran\Mud\Nirvana\Roma\rooms\col\co312.c --> nirvana.mudservices.com /players/francesco/roma/rooms/col co312.c
101.05.26 10:50 A C:\Fran\Mud\Nirvana\Roma\rooms\col\co313.c --> nirvana.mudservices.com /players/francesco/roma/rooms/col co313.c
101.05.26 10:50 A C:\Fran\Mud\Nirvana\Roma\rooms\col\co314.c --> nirvana.mudservices.com /players/francesco/roma/rooms/col co314.c
101.05.26 10:50 A C:\Fran\Mud\Nirvana\Roma\rooms\col\co315.c --> nirvana.mudservices.com /players/francesco/roma/rooms/col co315.c
101.05.26 10:50 A C:\Fran\Mud\Nirvana\Roma\rooms\col\co316.c --> nirvana.mudservices.com /players/francesco/roma/rooms/col co316.c
101.05.26 10:50 A C:\Fran\Mud\Nirvana\Roma\rooms\col\co401.c --> nirvana.mudservices.com /players/francesco/roma/rooms/col co401.c
101.05.26 10:50 A C:\Fran\Mud\Nirvana\Roma\rooms\col\co402.c --> nirvana.mudservices.com /players/francesco/roma/rooms/col co402.c
101.05.26 10:50 A C:\Fran\Mud\Nirvana\Roma\rooms\col\co403.c --> nirvana.mudservices.com /players/francesco/roma/rooms/col co403.c
101.05.26 10:50 A C:\Fran\Mud\Nirvana\Roma\rooms\col\co404.c --> nirvana.mudservices.com /players/francesco/roma/rooms/col co404.c
101.05.26 10:50 A C:\Fran\Mud\Nirvana\Roma\rooms\col\co405.c --> nirvana.mudservices.com /players/francesco/roma/rooms/col co405.c
101.05.26 10:50 A C:\Fran\Mud\Nirvana\Roma\rooms\col\co406.c --> nirvana.mudservices.com /players/francesco/roma/rooms/col co406.c
101.05.26 10:50 A C:\Fran\Mud\Nirvana\Roma\rooms\col\co407.c --> nirvana.mudservices.com /players/francesco/roma/rooms/col co407.c
101.05.26 10:50 A C:\Fran\Mud\Nirvana\Roma\rooms\col\co408.c --> nirvana.mudservices.com /players/francesco/roma/rooms/col co408.c
101.05.26 10:50 A C:\Fran\Mud\Nirvana\Roma\rooms\col\co409.c --> nirvana.mudservices.com /players/francesco/roma/rooms/col co409.c
101.05.26 10:50 A C:\Fran\Mud\Nirvana\Roma\rooms\col\co410.c --> nirvana.mudservices.com /players/francesco/roma/rooms/col co410.c
101.05.26 10:50 A C:\Fran\Mud\Nirvana\Roma\rooms\col\co411.c --> nirvana.mudservices.com /players/francesco/roma/rooms/col co411.c
101.05.26 10:50 A C:\Fran\Mud\Nirvana\Roma\rooms\col\co412.c --> nirvana.mudservices.com /players/francesco/roma/rooms/col co412.c
101.05.26 10:50 A C:\Fran\Mud\Nirvana\Roma\rooms\col\co413.c --> nirvana.mudservices.com /players/francesco/roma/rooms/col co413.c
101.05.26 10:50 A C:\Fran\Mud\Nirvana\Roma\rooms\col\co414.c --> nirvana.mudservices.com /players/francesco/roma/rooms/col co414.c
101.05.26 10:50 A C:\Fran\Mud\Nirvana\Roma\rooms\col\co415.c --> nirvana.mudservices.com /players/francesco/roma/rooms/col co415.c
101.05.26 10:50 A C:\Fran\Mud\Nirvana\Roma\rooms\col\co416.c --> nirvana.mudservices.com /players/francesco/roma/rooms/col co416.c
101.05.26 10:50 A C:\Fran\Mud\Nirvana\Roma\rooms\col\co417.c --> nirvana.mudservices.com /players/francesco/roma/rooms/col co417.c
101.05.26 10:50 A C:\Fran\Mud\Nirvana\Roma\rooms\col\co418.c --> nirvana.mudservices.com /players/francesco/roma/rooms/col co418.c
101.05.26 10:50 A C:\Fran\Mud\Nirvana\Roma\rooms\col\co419.c --> nirvana.mudservices.com /players/francesco/roma/rooms/col co419.c
101.05.26 10:50 A C:\Fran\Mud\Nirvana\Roma\rooms\col\co420.c --> nirvana.mudservices.com /players/francesco/roma/rooms/col co420.c
101.05.26 10:50 A C:\Fran\Mud\Nirvana\Roma\rooms\col\colosseo.c --> nirvana.mudservices.com /players/francesco/roma/rooms/col colosseo.c
101.05.26 10:50 A C:\Fran\Mud\Nirvana\Roma\rooms\col\up1.c --> nirvana.mudservices.com /players/francesco/roma/rooms/col up1.c
101.05.26 10:50 A C:\Fran\Mud\Nirvana\Roma\rooms\col\up2.c --> nirvana.mudservices.com /players/francesco/roma/rooms/col up2.c
101.05.26 10:50 A C:\Fran\Mud\Nirvana\Roma\rooms\col\up3.c --> nirvana.mudservices.com /players/francesco/roma/rooms/col up3.c
101.05.26 10:50 A C:\Fran\Mud\Nirvana\Roma\rooms\col\WS_FTP.LOG --> nirvana.mudservices.com /players/francesco/roma/rooms/col WS_FTP.LOG
101.05.26 12:21 A C:\Fran\Mud\Nirvana\Roma\rooms\col\co001.c --> nirvana.mudservices.com /players/francesco/roma/rooms/col co001.c
101.05.26 12:21 A C:\Fran\Mud\Nirvana\Roma\rooms\col\co01.c --> nirvana.mudservices.com /players/francesco/roma/rooms/col co01.c
101.05.26 12:21 A C:\Fran\Mud\Nirvana\Roma\rooms\col\co02.c --> nirvana.mudservices.com /players/francesco/roma/rooms/col co02.c
101.05.26 12:21 A C:\Fran\Mud\Nirvana\Roma\rooms\col\co03.c --> nirvana.mudservices.com /players/francesco/roma/rooms/col co03.c
101.05.26 12:21 A C:\Fran\Mud\Nirvana\Roma\rooms\col\co04.c --> nirvana.mudservices.com /players/francesco/roma/rooms/col co04.c
101.05.26 12:21 A C:\Fran\Mud\Nirvana\Roma\rooms\col\co11.c --> nirvana.mudservices.com /players/francesco/roma/rooms/col co11.c
101.05.26 12:22 A C:\Fran\Mud\Nirvana\Roma\rooms\col\co12.c --> nirvana.mudservices.com /players/francesco/roma/rooms/col co12.c
101.05.26 12:22 A C:\Fran\Mud\Nirvana\Roma\rooms\col\co13.c --> nirvana.mudservices.com /players/francesco/roma/rooms/col co13.c
101.05.26 12:22 A C:\Fran\Mud\Nirvana\Roma\rooms\col\co14.c --> nirvana.mudservices.com /players/francesco/roma/rooms/col co14.c
101.05.26 12:22 A C:\Fran\Mud\Nirvana\Roma\rooms\col\co21.c --> nirvana.mudservices.com /players/francesco/roma/rooms/col co21.c
101.05.26 12:22 A C:\Fran\Mud\Nirvana\Roma\rooms\col\co22.c --> nirvana.mudservices.com /players/francesco/roma/rooms/col co22.c
101.05.26 12:22 A C:\Fran\Mud\Nirvana\Roma\rooms\col\co23.c --> nirvana.mudservices.com /players/francesco/roma/rooms/col co23.c
101.05.26 12:22 A C:\Fran\Mud\Nirvana\Roma\rooms\col\co24.c --> nirvana.mudservices.com /players/francesco/roma/rooms/col co24.c
101.05.26 12:22 A C:\Fran\Mud\Nirvana\Roma\rooms\col\co25.c --> nirvana.mudservices.com /players/francesco/roma/rooms/col co25.c
101.05.26 12:22 A C:\Fran\Mud\Nirvana\Roma\rooms\col\co26.c --> nirvana.mudservices.com /players/francesco/roma/rooms/col co26.c
101.05.26 12:22 A C:\Fran\Mud\Nirvana\Roma\rooms\col\co27.c --> nirvana.mudservices.com /players/francesco/roma/rooms/col co27.c
101.05.26 12:22 A C:\Fran\Mud\Nirvana\Roma\rooms\col\co28.c --> nirvana.mudservices.com /players/francesco/roma/rooms/col co28.c
101.05.26 12:22 A C:\Fran\Mud\Nirvana\Roma\rooms\col\co301.c --> nirvana.mudservices.com /players/francesco/roma/rooms/col co301.c
101.05.26 12:22 A C:\Fran\Mud\Nirvana\Roma\rooms\col\co302.c --> nirvana.mudservices.com /players/francesco/roma/rooms/col co302.c
101.05.26 12:22 A C:\Fran\Mud\Nirvana\Roma\rooms\col\co303.c --> nirvana.mudservices.com /players/francesco/roma/rooms/col co303.c
101.05.26 12:22 A C:\Fran\Mud\Nirvana\Roma\rooms\col\co304.c --> nirvana.mudservices.com /players/francesco/roma/rooms/col co304.c
101.05.26 12:22 A C:\Fran\Mud\Nirvana\Roma\rooms\col\co305.c --> nirvana.mudservices.com /players/francesco/roma/rooms/col co305.c
101.05.26 12:22 A C:\Fran\Mud\Nirvana\Roma\rooms\col\co306.c --> nirvana.mudservices.com /players/francesco/roma/rooms/col co306.c
101.05.26 12:22 A C:\Fran\Mud\Nirvana\Roma\rooms\col\co307.c --> nirvana.mudservices.com /players/francesco/roma/rooms/col co307.c
101.05.26 12:22 A C:\Fran\Mud\Nirvana\Roma\rooms\col\co308.c --> nirvana.mudservices.com /players/francesco/roma/rooms/col co308.c
101.05.26 12:22 A C:\Fran\Mud\Nirvana\Roma\rooms\col\co309.c --> nirvana.mudservices.com /players/francesco/roma/rooms/col co309.c
101.05.26 12:22 A C:\Fran\Mud\Nirvana\Roma\rooms\col\co310.c --> nirvana.mudservices.com /players/francesco/roma/rooms/col co310.c
101.05.26 12:22 A C:\Fran\Mud\Nirvana\Roma\rooms\col\co311.c --> nirvana.mudservices.com /players/francesco/roma/rooms/col co311.c
101.05.26 12:22 A C:\Fran\Mud\Nirvana\Roma\rooms\col\co312.c --> nirvana.mudservices.com /players/francesco/roma/rooms/col co312.c
101.05.26 12:22 A C:\Fran\Mud\Nirvana\Roma\rooms\col\co313.c --> nirvana.mudservices.com /players/francesco/roma/rooms/col co313.c
101.05.26 12:22 A C:\Fran\Mud\Nirvana\Roma\rooms\col\co314.c --> nirvana.mudservices.com /players/francesco/roma/rooms/col co314.c
101.05.26 12:22 A C:\Fran\Mud\Nirvana\Roma\rooms\col\co315.c --> nirvana.mudservices.com /players/francesco/roma/rooms/col co315.c
101.05.26 12:22 A C:\Fran\Mud\Nirvana\Roma\rooms\col\co316.c --> nirvana.mudservices.com /players/francesco/roma/rooms/col co316.c
101.05.26 12:22 A C:\Fran\Mud\Nirvana\Roma\rooms\col\co401.c --> nirvana.mudservices.com /players/francesco/roma/rooms/col co401.c
101.05.26 12:22 A C:\Fran\Mud\Nirvana\Roma\rooms\col\co402.c --> nirvana.mudservices.com /players/francesco/roma/rooms/col co402.c
101.05.26 12:22 A C:\Fran\Mud\Nirvana\Roma\rooms\col\co403.c --> nirvana.mudservices.com /players/francesco/roma/rooms/col co403.c
101.05.26 12:22 A C:\Fran\Mud\Nirvana\Roma\rooms\col\co404.c --> nirvana.mudservices.com /players/francesco/roma/rooms/col co404.c
101.05.26 12:22 A C:\Fran\Mud\Nirvana\Roma\rooms\col\co405.c --> nirvana.mudservices.com /players/francesco/roma/rooms/col co405.c
101.05.26 12:22 A C:\Fran\Mud\Nirvana\Roma\rooms\col\co406.c --> nirvana.mudservices.com /players/francesco/roma/rooms/col co406.c
101.05.26 12:22 A C:\Fran\Mud\Nirvana\Roma\rooms\col\co407.c --> nirvana.mudservices.com /players/francesco/roma/rooms/col co407.c
101.05.26 12:22 A C:\Fran\Mud\Nirvana\Roma\rooms\col\co408.c --> nirvana.mudservices.com /players/francesco/roma/rooms/col co408.c
101.05.26 12:22 A C:\Fran\Mud\Nirvana\Roma\rooms\col\co409.c --> nirvana.mudservices.com /players/francesco/roma/rooms/col co409.c
101.05.26 12:22 A C:\Fran\Mud\Nirvana\Roma\rooms\col\co410.c --> nirvana.mudservices.com /players/francesco/roma/rooms/col co410.c
101.05.26 12:22 A C:\Fran\Mud\Nirvana\Roma\rooms\col\co411.c --> nirvana.mudservices.com /players/francesco/roma/rooms/col co411.c
101.05.26 12:22 A C:\Fran\Mud\Nirvana\Roma\rooms\col\co412.c --> nirvana.mudservices.com /players/francesco/roma/rooms/col co412.c
101.05.26 12:22 A C:\Fran\Mud\Nirvana\Roma\rooms\col\co413.c --> nirvana.mudservices.com /players/francesco/roma/rooms/col co413.c
101.05.26 12:22 A C:\Fran\Mud\Nirvana\Roma\rooms\col\co414.c --> nirvana.mudservices.com /players/francesco/roma/rooms/col co414.c
101.05.26 12:22 A C:\Fran\Mud\Nirvana\Roma\rooms\col\co415.c --> nirvana.mudservices.com /players/francesco/roma/rooms/col co415.c
101.05.26 12:22 A C:\Fran\Mud\Nirvana\Roma\rooms\col\co416.c --> nirvana.mudservices.com /players/francesco/roma/rooms/col co416.c
101.05.26 12:22 A C:\Fran\Mud\Nirvana\Roma\rooms\col\co417.c --> nirvana.mudservices.com /players/francesco/roma/rooms/col co417.c
101.05.26 12:22 A C:\Fran\Mud\Nirvana\Roma\rooms\col\co418.c --> nirvana.mudservices.com /players/francesco/roma/rooms/col co418.c
101.05.26 12:22 A C:\Fran\Mud\Nirvana\Roma\rooms\col\co419.c --> nirvana.mudservices.com /players/francesco/roma/rooms/col co419.c
101.05.26 12:22 A C:\Fran\Mud\Nirvana\Roma\rooms\col\co420.c --> nirvana.mudservices.com /players/francesco/roma/rooms/col co420.c
101.05.26 12:22 A C:\Fran\Mud\Nirvana\Roma\rooms\col\colosseo.c --> nirvana.mudservices.com /players/francesco/roma/rooms/col colosseo.c
101.05.26 12:22 A C:\Fran\Mud\Nirvana\Roma\rooms\col\up1.c --> nirvana.mudservices.com /players/francesco/roma/rooms/col up1.c
101.05.26 12:22 A C:\Fran\Mud\Nirvana\Roma\rooms\col\up2.c --> nirvana.mudservices.com /players/francesco/roma/rooms/col up2.c
101.05.26 12:22 A C:\Fran\Mud\Nirvana\Roma\rooms\col\up3.c --> nirvana.mudservices.com /players/francesco/roma/rooms/col up3.c
101.05.26 12:22 A C:\Fran\Mud\Nirvana\Roma\rooms\col\WS_FTP.LOG --> nirvana.mudservices.com /players/francesco/roma/rooms/col WS_FTP.LOG
101.05.30 16:21 A C:\Fran\Mud\Nirvana\Roma\rooms\col\co001.c --> nirvana.mudservices.com /players/francesco/roma/rooms/col co001.c
101.05.30 16:21 A C:\Fran\Mud\Nirvana\Roma\rooms\col\co01.c --> nirvana.mudservices.com /players/francesco/roma/rooms/col co01.c
101.05.30 16:21 A C:\Fran\Mud\Nirvana\Roma\rooms\col\co02.c --> nirvana.mudservices.com /players/francesco/roma/rooms/col co02.c
101.05.30 16:21 A C:\Fran\Mud\Nirvana\Roma\rooms\col\co03.c --> nirvana.mudservices.com /players/francesco/roma/rooms/col co03.c
101.05.30 16:21 A C:\Fran\Mud\Nirvana\Roma\rooms\col\co04.c --> nirvana.mudservices.com /players/francesco/roma/rooms/col co04.c
101.05.30 16:21 A C:\Fran\Mud\Nirvana\Roma\rooms\col\co11.c --> nirvana.mudservices.com /players/francesco/roma/rooms/col co11.c
101.05.30 16:21 A C:\Fran\Mud\Nirvana\Roma\rooms\col\co12.c --> nirvana.mudservices.com /players/francesco/roma/rooms/col co12.c
101.05.30 16:21 A C:\Fran\Mud\Nirvana\Roma\rooms\col\co13.c --> nirvana.mudservices.com /players/francesco/roma/rooms/col co13.c
101.05.30 16:21 A C:\Fran\Mud\Nirvana\Roma\rooms\col\co14.c --> nirvana.mudservices.com /players/francesco/roma/rooms/col co14.c
101.05.30 16:21 A C:\Fran\Mud\Nirvana\Roma\rooms\col\co21.c --> nirvana.mudservices.com /players/francesco/roma/rooms/col co21.c
101.05.30 16:21 A C:\Fran\Mud\Nirvana\Roma\rooms\col\co22.c --> nirvana.mudservices.com /players/francesco/roma/rooms/col co22.c
101.05.30 16:21 A C:\Fran\Mud\Nirvana\Roma\rooms\col\co23.c --> nirvana.mudservices.com /players/francesco/roma/rooms/col co23.c
101.05.30 16:21 A C:\Fran\Mud\Nirvana\Roma\rooms\col\co24.c --> nirvana.mudservices.com /players/francesco/roma/rooms/col co24.c
101.05.30 16:21 A C:\Fran\Mud\Nirvana\Roma\rooms\col\co25.c --> nirvana.mudservices.com /players/francesco/roma/rooms/col co25.c
101.05.30 16:21 A C:\Fran\Mud\Nirvana\Roma\rooms\col\co26.c --> nirvana.mudservices.com /players/francesco/roma/rooms/col co26.c
101.05.30 16:21 A C:\Fran\Mud\Nirvana\Roma\rooms\col\co27.c --> nirvana.mudservices.com /players/francesco/roma/rooms/col co27.c
101.05.30 16:21 A C:\Fran\Mud\Nirvana\Roma\rooms\col\co28.c --> nirvana.mudservices.com /players/francesco/roma/rooms/col co28.c
101.05.30 16:21 A C:\Fran\Mud\Nirvana\Roma\rooms\col\co301.c --> nirvana.mudservices.com /players/francesco/roma/rooms/col co301.c
101.05.30 16:21 A C:\Fran\Mud\Nirvana\Roma\rooms\col\co302.c --> nirvana.mudservices.com /players/francesco/roma/rooms/col co302.c
101.05.30 16:21 A C:\Fran\Mud\Nirvana\Roma\rooms\col\co303.c --> nirvana.mudservices.com /players/francesco/roma/rooms/col co303.c
101.05.30 16:21 A C:\Fran\Mud\Nirvana\Roma\rooms\col\co304.c --> nirvana.mudservices.com /players/francesco/roma/rooms/col co304.c
101.05.30 16:21 A C:\Fran\Mud\Nirvana\Roma\rooms\col\co305.c --> nirvana.mudservices.com /players/francesco/roma/rooms/col co305.c
101.05.30 16:21 A C:\Fran\Mud\Nirvana\Roma\rooms\col\co306.c --> nirvana.mudservices.com /players/francesco/roma/rooms/col co306.c
101.05.30 16:21 A C:\Fran\Mud\Nirvana\Roma\rooms\col\co307.c --> nirvana.mudservices.com /players/francesco/roma/rooms/col co307.c
101.05.30 16:21 A C:\Fran\Mud\Nirvana\Roma\rooms\col\co308.c --> nirvana.mudservices.com /players/francesco/roma/rooms/col co308.c
101.05.30 16:21 A C:\Fran\Mud\Nirvana\Roma\rooms\col\co309.c --> nirvana.mudservices.com /players/francesco/roma/rooms/col co309.c
101.05.30 16:21 A C:\Fran\Mud\Nirvana\Roma\rooms\col\co310.c --> nirvana.mudservices.com /players/francesco/roma/rooms/col co310.c
101.05.30 16:21 A C:\Fran\Mud\Nirvana\Roma\rooms\col\co311.c --> nirvana.mudservices.com /players/francesco/roma/rooms/col co311.c
101.05.30 16:21 A C:\Fran\Mud\Nirvana\Roma\rooms\col\co312.c --> nirvana.mudservices.com /players/francesco/roma/rooms/col co312.c
101.05.30 16:21 A C:\Fran\Mud\Nirvana\Roma\rooms\col\co313.c --> nirvana.mudservices.com /players/francesco/roma/rooms/col co313.c
101.05.30 16:21 A C:\Fran\Mud\Nirvana\Roma\rooms\col\co314.c --> nirvana.mudservices.com /players/francesco/roma/rooms/col co314.c
101.05.30 16:21 A C:\Fran\Mud\Nirvana\Roma\rooms\col\co315.c --> nirvana.mudservices.com /players/francesco/roma/rooms/col co315.c
101.05.30 16:21 A C:\Fran\Mud\Nirvana\Roma\rooms\col\co316.c --> nirvana.mudservices.com /players/francesco/roma/rooms/col co316.c
101.05.30 16:21 A C:\Fran\Mud\Nirvana\Roma\rooms\col\co317.c --> nirvana.mudservices.com /players/francesco/roma/rooms/col co317.c
101.05.30 16:21 A C:\Fran\Mud\Nirvana\Roma\rooms\col\co318.c --> nirvana.mudservices.com /players/francesco/roma/rooms/col co318.c
101.05.30 16:21 A C:\Fran\Mud\Nirvana\Roma\rooms\col\co319.c --> nirvana.mudservices.com /players/francesco/roma/rooms/col co319.c
101.05.30 16:21 A C:\Fran\Mud\Nirvana\Roma\rooms\col\co320.c --> nirvana.mudservices.com /players/francesco/roma/rooms/col co320.c
101.05.30 16:21 A C:\Fran\Mud\Nirvana\Roma\rooms\col\co321.c --> nirvana.mudservices.com /players/francesco/roma/rooms/col co321.c
101.05.30 16:21 A C:\Fran\Mud\Nirvana\Roma\rooms\col\co322.c --> nirvana.mudservices.com /players/francesco/roma/rooms/col co322.c
101.05.30 16:22 A C:\Fran\Mud\Nirvana\Roma\rooms\col\co323.c --> nirvana.mudservices.com /players/francesco/roma/rooms/col co323.c
101.05.30 16:22 A C:\Fran\Mud\Nirvana\Roma\rooms\col\co324.c --> nirvana.mudservices.com /players/francesco/roma/rooms/col co324.c
101.05.30 16:22 A C:\Fran\Mud\Nirvana\Roma\rooms\col\co401.c --> nirvana.mudservices.com /players/francesco/roma/rooms/col co401.c
101.05.30 16:22 A C:\Fran\Mud\Nirvana\Roma\rooms\col\co402.c --> nirvana.mudservices.com /players/francesco/roma/rooms/col co402.c
101.05.30 16:22 A C:\Fran\Mud\Nirvana\Roma\rooms\col\co403.c --> nirvana.mudservices.com /players/francesco/roma/rooms/col co403.c
101.05.30 16:22 A C:\Fran\Mud\Nirvana\Roma\rooms\col\co404.c --> nirvana.mudservices.com /players/francesco/roma/rooms/col co404.c
101.05.30 16:22 A C:\Fran\Mud\Nirvana\Roma\rooms\col\co405.c --> nirvana.mudservices.com /players/francesco/roma/rooms/col co405.c
101.05.30 16:22 A C:\Fran\Mud\Nirvana\Roma\rooms\col\co406.c --> nirvana.mudservices.com /players/francesco/roma/rooms/col co406.c
101.05.30 16:22 A C:\Fran\Mud\Nirvana\Roma\rooms\col\co407.c --> nirvana.mudservices.com /players/francesco/roma/rooms/col co407.c
101.05.30 16:22 A C:\Fran\Mud\Nirvana\Roma\rooms\col\co408.c --> nirvana.mudservices.com /players/francesco/roma/rooms/col co408.c
101.05.30 16:22 A C:\Fran\Mud\Nirvana\Roma\rooms\col\co409.c --> nirvana.mudservices.com /players/francesco/roma/rooms/col co409.c
101.05.30 16:22 A C:\Fran\Mud\Nirvana\Roma\rooms\col\co410.c --> nirvana.mudservices.com /players/francesco/roma/rooms/col co410.c
101.05.30 16:22 A C:\Fran\Mud\Nirvana\Roma\rooms\col\co411.c --> nirvana.mudservices.com /players/francesco/roma/rooms/col co411.c
101.05.30 16:22 A C:\Fran\Mud\Nirvana\Roma\rooms\col\co412.c --> nirvana.mudservices.com /players/francesco/roma/rooms/col co412.c
101.05.30 16:22 A C:\Fran\Mud\Nirvana\Roma\rooms\col\co413.c --> nirvana.mudservices.com /players/francesco/roma/rooms/col co413.c
101.05.30 16:22 A C:\Fran\Mud\Nirvana\Roma\rooms\col\co414.c --> nirvana.mudservices.com /players/francesco/roma/rooms/col co414.c
101.05.30 16:22 A C:\Fran\Mud\Nirvana\Roma\rooms\col\co415.c --> nirvana.mudservices.com /players/francesco/roma/rooms/col co415.c
101.05.30 16:22 A C:\Fran\Mud\Nirvana\Roma\rooms\col\co416.c --> nirvana.mudservices.com /players/francesco/roma/rooms/col co416.c
101.05.30 16:22 A C:\Fran\Mud\Nirvana\Roma\rooms\col\co417.c --> nirvana.mudservices.com /players/francesco/roma/rooms/col co417.c
101.05.30 16:22 A C:\Fran\Mud\Nirvana\Roma\rooms\col\co418.c --> nirvana.mudservices.com /players/francesco/roma/rooms/col co418.c
101.05.30 16:22 A C:\Fran\Mud\Nirvana\Roma\rooms\col\co419.c --> nirvana.mudservices.com /players/francesco/roma/rooms/col co419.c
101.05.30 16:22 A C:\Fran\Mud\Nirvana\Roma\rooms\col\co420.c --> nirvana.mudservices.com /players/francesco/roma/rooms/col co420.c
101.05.30 16:22 A C:\Fran\Mud\Nirvana\Roma\rooms\col\co421.c --> nirvana.mudservices.com /players/francesco/roma/rooms/col co421.c
101.05.30 16:22 A C:\Fran\Mud\Nirvana\Roma\rooms\col\co422.c --> nirvana.mudservices.com /players/francesco/roma/rooms/col co422.c
101.05.30 16:22 A C:\Fran\Mud\Nirvana\Roma\rooms\col\co423.c --> nirvana.mudservices.com /players/francesco/roma/rooms/col co423.c
101.05.30 16:22 A C:\Fran\Mud\Nirvana\Roma\rooms\col\co424.c --> nirvana.mudservices.com /players/francesco/roma/rooms/col co424.c
101.05.30 16:22 A C:\Fran\Mud\Nirvana\Roma\rooms\col\co425.c --> nirvana.mudservices.com /players/francesco/roma/rooms/col co425.c
101.05.30 16:22 A C:\Fran\Mud\Nirvana\Roma\rooms\col\co426.c --> nirvana.mudservices.com /players/francesco/roma/rooms/col co426.c
101.05.30 16:22 A C:\Fran\Mud\Nirvana\Roma\rooms\col\co427.c --> nirvana.mudservices.com /players/francesco/roma/rooms/col co427.c
101.05.30 16:22 A C:\Fran\Mud\Nirvana\Roma\rooms\col\co428.c --> nirvana.mudservices.com /players/francesco/roma/rooms/col co428.c
101.05.30 16:22 A C:\Fran\Mud\Nirvana\Roma\rooms\col\co504.c --> nirvana.mudservices.com /players/francesco/roma/rooms/col co504.c
101.05.30 16:22 A C:\Fran\Mud\Nirvana\Roma\rooms\col\co512.c --> nirvana.mudservices.com /players/francesco/roma/rooms/col co512.c
101.05.30 16:22 A C:\Fran\Mud\Nirvana\Roma\rooms\col\co518.c --> nirvana.mudservices.com /players/francesco/roma/rooms/col co518.c
101.05.30 16:22 A C:\Fran\Mud\Nirvana\Roma\rooms\col\co526.c --> nirvana.mudservices.com /players/francesco/roma/rooms/col co526.c
101.05.30 16:22 A C:\Fran\Mud\Nirvana\Roma\rooms\col\colosseo.c --> nirvana.mudservices.com /players/francesco/roma/rooms/col colosseo.c
101.05.30 16:22 A C:\Fran\Mud\Nirvana\Roma\rooms\col\MAP.c --> nirvana.mudservices.com /players/francesco/roma/rooms/col MAP.c
101.05.30 16:22 A C:\Fran\Mud\Nirvana\Roma\rooms\col\up1.c --> nirvana.mudservices.com /players/francesco/roma/rooms/col up1.c
101.05.30 16:22 A C:\Fran\Mud\Nirvana\Roma\rooms\col\up2.c --> nirvana.mudservices.com /players/francesco/roma/rooms/col up2.c
101.05.30 16:22 A C:\Fran\Mud\Nirvana\Roma\rooms\col\up3.c --> nirvana.mudservices.com /players/francesco/roma/rooms/col up3.c
101.05.30 16:22 A C:\Fran\Mud\Nirvana\Roma\rooms\col\WS_FTP.LOG --> nirvana.mudservices.com /players/francesco/roma/rooms/col WS_FTP.LOG
101.05.30 16:30 A C:\Fran\Mud\Nirvana\Roma\rooms\col\co405.c --> nirvana.mudservices.com /players/francesco/roma/rooms/col co405.c
101.05.30 16:35 A C:\Fran\Mud\Nirvana\Roma\rooms\col\co412.c --> nirvana.mudservices.com /players/francesco/roma/rooms/col co412.c
101.05.30 16:35 A C:\Fran\Mud\Nirvana\Roma\rooms\col\co414.c --> nirvana.mudservices.com /players/francesco/roma/rooms/col co414.c
101.05.30 16:36 A C:\Fran\Mud\Nirvana\Roma\rooms\col\co418.c --> nirvana.mudservices.com /players/francesco/roma/rooms/col co418.c
101.05.30 16:36 A C:\Fran\Mud\Nirvana\Roma\rooms\col\co419.c --> nirvana.mudservices.com /players/francesco/roma/rooms/col co419.c
101.05.30 16:38 A C:\Fran\Mud\Nirvana\Roma\rooms\col\co401.c --> nirvana.mudservices.com /players/francesco/roma/rooms/col co401.c
101.05.30 16:39 A C:\Fran\Mud\Nirvana\Roma\rooms\col\co426.c --> nirvana.mudservices.com /players/francesco/roma/rooms/col co426.c
101.05.30 16:49 A C:\Fran\Mud\Nirvana\Roma\rooms\col\co316.c --> nirvana.mudservices.com /players/francesco/roma/rooms/col co316.c
101.05.30 16:50 A C:\Fran\Mud\Nirvana\Roma\rooms\col\co305.c --> nirvana.mudservices.com /players/francesco/roma/rooms/col co305.c
101.05.30 16:51 A C:\Fran\Mud\Nirvana\Roma\rooms\col\co301.c --> nirvana.mudservices.com /players/francesco/roma/rooms/col co301.c
101.05.30 18:38 A C:\Fran\Mud\Nirvana\Roma\rooms\col\co11.c --> nirvana.mudservices.com /players/francesco/roma/rooms/col co11.c
101.05.30 18:38 A C:\Fran\Mud\Nirvana\Roma\rooms\col\co12.c --> nirvana.mudservices.com /players/francesco/roma/rooms/col co12.c
101.05.30 18:38 A C:\Fran\Mud\Nirvana\Roma\rooms\col\co13.c --> nirvana.mudservices.com /players/francesco/roma/rooms/col co13.c
101.05.30 18:38 A C:\Fran\Mud\Nirvana\Roma\rooms\col\co14.c --> nirvana.mudservices.com /players/francesco/roma/rooms/col co14.c
101.05.30 18:38 A C:\Fran\Mud\Nirvana\Roma\rooms\col\co15.c --> nirvana.mudservices.com /players/francesco/roma/rooms/col co15.c
101.05.30 18:38 A C:\Fran\Mud\Nirvana\Roma\rooms\col\co16.c --> nirvana.mudservices.com /players/francesco/roma/rooms/col co16.c
101.05.30 18:38 A C:\Fran\Mud\Nirvana\Roma\rooms\col\co17.c --> nirvana.mudservices.com /players/francesco/roma/rooms/col co17.c
101.05.30 18:38 A C:\Fran\Mud\Nirvana\Roma\rooms\col\co18.c --> nirvana.mudservices.com /players/francesco/roma/rooms/col co18.c
101.06.01 07:59 A C:\Fran\Mud\Nirvana\Roma\rooms\col\co21.c --> nirvana.mudservices.com /players/francesco/roma/rooms/col co21.c
101.06.01 07:59 A C:\Fran\Mud\Nirvana\Roma\rooms\col\co24.c --> nirvana.mudservices.com /players/francesco/roma/rooms/col co24.c
101.06.01 08:00 A C:\Fran\Mud\Nirvana\Roma\rooms\col\co301.c --> nirvana.mudservices.com /players/francesco/roma/rooms/col co301.c
101.06.01 08:00 A C:\Fran\Mud\Nirvana\Roma\rooms\col\co401.c --> nirvana.mudservices.com /players/francesco/roma/rooms/col co401.c
101.06.01 08:00 A C:\Fran\Mud\Nirvana\Roma\rooms\col\up1.c --> nirvana.mudservices.com /players/francesco/roma/rooms/col up1.c
101.06.01 08:00 A C:\Fran\Mud\Nirvana\Roma\rooms\col\up2.c --> nirvana.mudservices.com /players/francesco/roma/rooms/col up2.c
101.06.01 08:00 A C:\Fran\Mud\Nirvana\Roma\rooms\col\up3.c --> nirvana.mudservices.com /players/francesco/roma/rooms/col up3.c
101.06.04 08:39 A C:\Fran\Mud\Nirvana\Roma\rooms\col\co001.c --> nirvana.mudservices.com /players/francesco/roma/rooms/col co001.c
101.06.04 08:39 A C:\Fran\Mud\Nirvana\Roma\rooms\col\co01.c --> nirvana.mudservices.com /players/francesco/roma/rooms/col co01.c
101.06.04 08:39 A C:\Fran\Mud\Nirvana\Roma\rooms\col\co02.c --> nirvana.mudservices.com /players/francesco/roma/rooms/col co02.c
101.06.04 08:39 A C:\Fran\Mud\Nirvana\Roma\rooms\col\co03.c --> nirvana.mudservices.com /players/francesco/roma/rooms/col co03.c
101.06.04 08:39 A C:\Fran\Mud\Nirvana\Roma\rooms\col\co04.c --> nirvana.mudservices.com /players/francesco/roma/rooms/col co04.c
101.06.04 08:39 A C:\Fran\Mud\Nirvana\Roma\rooms\col\co11.c --> nirvana.mudservices.com /players/francesco/roma/rooms/col co11.c
101.06.04 08:39 A C:\Fran\Mud\Nirvana\Roma\rooms\col\co12.c --> nirvana.mudservices.com /players/francesco/roma/rooms/col co12.c
101.06.04 08:39 A C:\Fran\Mud\Nirvana\Roma\rooms\col\co13.c --> nirvana.mudservices.com /players/francesco/roma/rooms/col co13.c
101.06.04 08:39 A C:\Fran\Mud\Nirvana\Roma\rooms\col\co14.c --> nirvana.mudservices.com /players/francesco/roma/rooms/col co14.c
101.06.04 08:39 A C:\Fran\Mud\Nirvana\Roma\rooms\col\co15.c --> nirvana.mudservices.com /players/francesco/roma/rooms/col co15.c
101.06.04 08:39 A C:\Fran\Mud\Nirvana\Roma\rooms\col\co16.c --> nirvana.mudservices.com /players/francesco/roma/rooms/col co16.c
101.06.04 08:39 A C:\Fran\Mud\Nirvana\Roma\rooms\col\co17.c --> nirvana.mudservices.com /players/francesco/roma/rooms/col co17.c
101.06.04 08:39 A C:\Fran\Mud\Nirvana\Roma\rooms\col\co18.c --> nirvana.mudservices.com /players/francesco/roma/rooms/col co18.c
101.06.04 08:39 A C:\Fran\Mud\Nirvana\Roma\rooms\col\co201.c --> nirvana.mudservices.com /players/francesco/roma/rooms/col co201.c
101.06.04 08:39 A C:\Fran\Mud\Nirvana\Roma\rooms\col\co202.c --> nirvana.mudservices.com /players/francesco/roma/rooms/col co202.c
101.06.04 08:39 A C:\Fran\Mud\Nirvana\Roma\rooms\col\co203.c --> nirvana.mudservices.com /players/francesco/roma/rooms/col co203.c
101.06.04 08:39 A C:\Fran\Mud\Nirvana\Roma\rooms\col\co204.c --> nirvana.mudservices.com /players/francesco/roma/rooms/col co204.c
101.06.04 08:39 A C:\Fran\Mud\Nirvana\Roma\rooms\col\co205.c --> nirvana.mudservices.com /players/francesco/roma/rooms/col co205.c
101.06.04 08:39 A C:\Fran\Mud\Nirvana\Roma\rooms\col\co206.c --> nirvana.mudservices.com /players/francesco/roma/rooms/col co206.c
101.06.04 08:39 A C:\Fran\Mud\Nirvana\Roma\rooms\col\co207.c --> nirvana.mudservices.com /players/francesco/roma/rooms/col co207.c
101.06.04 08:39 A C:\Fran\Mud\Nirvana\Roma\rooms\col\co208.c --> nirvana.mudservices.com /players/francesco/roma/rooms/col co208.c
101.06.04 08:39 A C:\Fran\Mud\Nirvana\Roma\rooms\col\co209.c --> nirvana.mudservices.com /players/francesco/roma/rooms/col co209.c
101.06.04 08:39 A C:\Fran\Mud\Nirvana\Roma\rooms\col\co210.c --> nirvana.mudservices.com /players/francesco/roma/rooms/col co210.c
101.06.04 08:39 A C:\Fran\Mud\Nirvana\Roma\rooms\col\co211.c --> nirvana.mudservices.com /players/francesco/roma/rooms/col co211.c
101.06.04 08:39 A C:\Fran\Mud\Nirvana\Roma\rooms\col\co212.c --> nirvana.mudservices.com /players/francesco/roma/rooms/col co212.c
101.06.04 08:39 A C:\Fran\Mud\Nirvana\Roma\rooms\col\co213.c --> nirvana.mudservices.com /players/francesco/roma/rooms/col co213.c
101.06.04 08:39 A C:\Fran\Mud\Nirvana\Roma\rooms\col\co214.c --> nirvana.mudservices.com /players/francesco/roma/rooms/col co214.c
101.06.04 08:40 A C:\Fran\Mud\Nirvana\Roma\rooms\col\co215.c --> nirvana.mudservices.com /players/francesco/roma/rooms/col co215.c
101.06.04 08:40 A C:\Fran\Mud\Nirvana\Roma\rooms\col\co216.c --> nirvana.mudservices.com /players/francesco/roma/rooms/col co216.c
101.06.04 08:40 A C:\Fran\Mud\Nirvana\Roma\rooms\col\co301.c --> nirvana.mudservices.com /players/francesco/roma/rooms/col co301.c
101.06.04 08:40 A C:\Fran\Mud\Nirvana\Roma\rooms\col\co302.c --> nirvana.mudservices.com /players/francesco/roma/rooms/col co302.c
101.06.04 08:40 A C:\Fran\Mud\Nirvana\Roma\rooms\col\co303.c --> nirvana.mudservices.com /players/francesco/roma/rooms/col co303.c
101.06.04 08:40 A C:\Fran\Mud\Nirvana\Roma\rooms\col\co304.c --> nirvana.mudservices.com /players/francesco/roma/rooms/col co304.c
101.06.04 08:40 A C:\Fran\Mud\Nirvana\Roma\rooms\col\co305.c --> nirvana.mudservices.com /players/francesco/roma/rooms/col co305.c
101.06.04 08:40 A C:\Fran\Mud\Nirvana\Roma\rooms\col\co306.c --> nirvana.mudservices.com /players/francesco/roma/rooms/col co306.c
101.06.04 08:40 A C:\Fran\Mud\Nirvana\Roma\rooms\col\co307.c --> nirvana.mudservices.com /players/francesco/roma/rooms/col co307.c
101.06.04 08:40 A C:\Fran\Mud\Nirvana\Roma\rooms\col\co308.c --> nirvana.mudservices.com /players/francesco/roma/rooms/col co308.c
101.06.04 08:40 A C:\Fran\Mud\Nirvana\Roma\rooms\col\co309.c --> nirvana.mudservices.com /players/francesco/roma/rooms/col co309.c
101.06.04 08:40 A C:\Fran\Mud\Nirvana\Roma\rooms\col\co310.c --> nirvana.mudservices.com /players/francesco/roma/rooms/col co310.c
101.06.04 08:40 A C:\Fran\Mud\Nirvana\Roma\rooms\col\co311.c --> nirvana.mudservices.com /players/francesco/roma/rooms/col co311.c
101.06.04 08:40 A C:\Fran\Mud\Nirvana\Roma\rooms\col\co312.c --> nirvana.mudservices.com /players/francesco/roma/rooms/col co312.c
101.06.04 08:40 A C:\Fran\Mud\Nirvana\Roma\rooms\col\co313.c --> nirvana.mudservices.com /players/francesco/roma/rooms/col co313.c
101.06.04 08:40 A C:\Fran\Mud\Nirvana\Roma\rooms\col\co314.c --> nirvana.mudservices.com /players/francesco/roma/rooms/col co314.c
101.06.04 08:40 A C:\Fran\Mud\Nirvana\Roma\rooms\col\co315.c --> nirvana.mudservices.com /players/francesco/roma/rooms/col co315.c
101.06.04 08:40 A C:\Fran\Mud\Nirvana\Roma\rooms\col\co316.c --> nirvana.mudservices.com /players/francesco/roma/rooms/col co316.c
101.06.04 08:40 A C:\Fran\Mud\Nirvana\Roma\rooms\col\co317.c --> nirvana.mudservices.com /players/francesco/roma/rooms/col co317.c
101.06.04 08:40 A C:\Fran\Mud\Nirvana\Roma\rooms\col\co318.c --> nirvana.mudservices.com /players/francesco/roma/rooms/col co318.c
101.06.04 08:40 A C:\Fran\Mud\Nirvana\Roma\rooms\col\co319.c --> nirvana.mudservices.com /players/francesco/roma/rooms/col co319.c
101.06.04 08:40 A C:\Fran\Mud\Nirvana\Roma\rooms\col\co320.c --> nirvana.mudservices.com /players/francesco/roma/rooms/col co320.c
101.06.04 08:40 A C:\Fran\Mud\Nirvana\Roma\rooms\col\co321.c --> nirvana.mudservices.com /players/francesco/roma/rooms/col co321.c
101.06.04 08:40 A C:\Fran\Mud\Nirvana\Roma\rooms\col\co322.c --> nirvana.mudservices.com /players/francesco/roma/rooms/col co322.c
101.06.04 08:40 A C:\Fran\Mud\Nirvana\Roma\rooms\col\co323.c --> nirvana.mudservices.com /players/francesco/roma/rooms/col co323.c
101.06.04 08:40 A C:\Fran\Mud\Nirvana\Roma\rooms\col\co324.c --> nirvana.mudservices.com /players/francesco/roma/rooms/col co324.c
101.06.04 08:40 A C:\Fran\Mud\Nirvana\Roma\rooms\col\co401.c --> nirvana.mudservices.com /players/francesco/roma/rooms/col co401.c
101.06.04 08:40 A C:\Fran\Mud\Nirvana\Roma\rooms\col\co402.c --> nirvana.mudservices.com /players/francesco/roma/rooms/col co402.c
101.06.04 08:40 A C:\Fran\Mud\Nirvana\Roma\rooms\col\co403.c --> nirvana.mudservices.com /players/francesco/roma/rooms/col co403.c
101.06.04 08:40 A C:\Fran\Mud\Nirvana\Roma\rooms\col\co404.c --> nirvana.mudservices.com /players/francesco/roma/rooms/col co404.c
101.06.04 08:40 A C:\Fran\Mud\Nirvana\Roma\rooms\col\co405.c --> nirvana.mudservices.com /players/francesco/roma/rooms/col co405.c
101.06.04 08:40 A C:\Fran\Mud\Nirvana\Roma\rooms\col\co406.c --> nirvana.mudservices.com /players/francesco/roma/rooms/col co406.c
101.06.04 08:40 A C:\Fran\Mud\Nirvana\Roma\rooms\col\co407.c --> nirvana.mudservices.com /players/francesco/roma/rooms/col co407.c
101.06.04 08:40 A C:\Fran\Mud\Nirvana\Roma\rooms\col\co408.c --> nirvana.mudservices.com /players/francesco/roma/rooms/col co408.c
101.06.04 08:40 A C:\Fran\Mud\Nirvana\Roma\rooms\col\co409.c --> nirvana.mudservices.com /players/francesco/roma/rooms/col co409.c
101.06.04 08:40 A C:\Fran\Mud\Nirvana\Roma\rooms\col\co410.c --> nirvana.mudservices.com /players/francesco/roma/rooms/col co410.c
101.06.04 08:40 A C:\Fran\Mud\Nirvana\Roma\rooms\col\co411.c --> nirvana.mudservices.com /players/francesco/roma/rooms/col co411.c
101.06.04 08:40 A C:\Fran\Mud\Nirvana\Roma\rooms\col\co412.c --> nirvana.mudservices.com /players/francesco/roma/rooms/col co412.c
101.06.04 08:40 A C:\Fran\Mud\Nirvana\Roma\rooms\col\co413.c --> nirvana.mudservices.com /players/francesco/roma/rooms/col co413.c
101.06.04 08:40 A C:\Fran\Mud\Nirvana\Roma\rooms\col\co414.c --> nirvana.mudservices.com /players/francesco/roma/rooms/col co414.c
101.06.04 08:40 A C:\Fran\Mud\Nirvana\Roma\rooms\col\co415.c --> nirvana.mudservices.com /players/francesco/roma/rooms/col co415.c
101.06.04 08:40 A C:\Fran\Mud\Nirvana\Roma\rooms\col\co416.c --> nirvana.mudservices.com /players/francesco/roma/rooms/col co416.c
101.06.04 08:40 A C:\Fran\Mud\Nirvana\Roma\rooms\col\co417.c --> nirvana.mudservices.com /players/francesco/roma/rooms/col co417.c
101.06.04 08:40 A C:\Fran\Mud\Nirvana\Roma\rooms\col\co418.c --> nirvana.mudservices.com /players/francesco/roma/rooms/col co418.c
101.06.04 08:40 A C:\Fran\Mud\Nirvana\Roma\rooms\col\co419.c --> nirvana.mudservices.com /players/francesco/roma/rooms/col co419.c
101.06.04 08:40 A C:\Fran\Mud\Nirvana\Roma\rooms\col\co420.c --> nirvana.mudservices.com /players/francesco/roma/rooms/col co420.c
101.06.04 08:40 A C:\Fran\Mud\Nirvana\Roma\rooms\col\co421.c --> nirvana.mudservices.com /players/francesco/roma/rooms/col co421.c
101.06.04 08:40 A C:\Fran\Mud\Nirvana\Roma\rooms\col\co422.c --> nirvana.mudservices.com /players/francesco/roma/rooms/col co422.c
101.06.04 08:40 A C:\Fran\Mud\Nirvana\Roma\rooms\col\co423.c --> nirvana.mudservices.com /players/francesco/roma/rooms/col co423.c
101.06.04 08:40 A C:\Fran\Mud\Nirvana\Roma\rooms\col\co424.c --> nirvana.mudservices.com /players/francesco/roma/rooms/col co424.c
101.06.04 08:40 A C:\Fran\Mud\Nirvana\Roma\rooms\col\co425.c --> nirvana.mudservices.com /players/francesco/roma/rooms/col co425.c
101.06.04 08:40 A C:\Fran\Mud\Nirvana\Roma\rooms\col\co426.c --> nirvana.mudservices.com /players/francesco/roma/rooms/col co426.c
101.06.04 08:40 A C:\Fran\Mud\Nirvana\Roma\rooms\col\co427.c --> nirvana.mudservices.com /players/francesco/roma/rooms/col co427.c
101.06.04 08:40 A C:\Fran\Mud\Nirvana\Roma\rooms\col\co428.c --> nirvana.mudservices.com /players/francesco/roma/rooms/col co428.c
101.06.04 08:40 A C:\Fran\Mud\Nirvana\Roma\rooms\col\co504.c --> nirvana.mudservices.com /players/francesco/roma/rooms/col co504.c
101.06.04 08:40 A C:\Fran\Mud\Nirvana\Roma\rooms\col\co512.c --> nirvana.mudservices.com /players/francesco/roma/rooms/col co512.c
101.06.04 08:40 A C:\Fran\Mud\Nirvana\Roma\rooms\col\co518.c --> nirvana.mudservices.com /players/francesco/roma/rooms/col co518.c
101.06.04 08:40 A C:\Fran\Mud\Nirvana\Roma\rooms\col\co526.c --> nirvana.mudservices.com /players/francesco/roma/rooms/col co526.c
101.06.04 08:40 A C:\Fran\Mud\Nirvana\Roma\rooms\col\colosseo.c --> nirvana.mudservices.com /players/francesco/roma/rooms/col colosseo.c
101.06.04 08:40 A C:\Fran\Mud\Nirvana\Roma\rooms\col\MAP.c --> nirvana.mudservices.com /players/francesco/roma/rooms/col MAP.c
101.06.04 08:40 A C:\Fran\Mud\Nirvana\Roma\rooms\col\up1.c --> nirvana.mudservices.com /players/francesco/roma/rooms/col up1.c
101.06.04 08:40 A C:\Fran\Mud\Nirvana\Roma\rooms\col\up2.c --> nirvana.mudservices.com /players/francesco/roma/rooms/col up2.c
101.06.04 08:40 A C:\Fran\Mud\Nirvana\Roma\rooms\col\up3.c --> nirvana.mudservices.com /players/francesco/roma/rooms/col up3.c
101.06.04 08:40 A C:\Fran\Mud\Nirvana\Roma\rooms\col\WS_FTP.LOG --> nirvana.mudservices.com /players/francesco/roma/rooms/col WS_FTP.LOG
101.06.04 09:03 A C:\Fran\Mud\Nirvana\Roma\rooms\col\co204.c --> nirvana.mudservices.com /players/francesco/roma/rooms/col co204.c
101.06.04 18:12 A C:\Fran\Mud\Nirvana\Roma\rooms\col\co001.c --> nirvana.mudservices.com /players/francesco/roma/rooms/col co001.c
101.06.04 18:12 A C:\Fran\Mud\Nirvana\Roma\rooms\col\co01.c --> nirvana.mudservices.com /players/francesco/roma/rooms/col co01.c
101.06.04 18:12 A C:\Fran\Mud\Nirvana\Roma\rooms\col\co02.c --> nirvana.mudservices.com /players/francesco/roma/rooms/col co02.c
101.06.04 18:12 A C:\Fran\Mud\Nirvana\Roma\rooms\col\co03.c --> nirvana.mudservices.com /players/francesco/roma/rooms/col co03.c
101.06.04 18:12 A C:\Fran\Mud\Nirvana\Roma\rooms\col\co04.c --> nirvana.mudservices.com /players/francesco/roma/rooms/col co04.c
101.06.04 18:12 A C:\Fran\Mud\Nirvana\Roma\rooms\col\co11.c --> nirvana.mudservices.com /players/francesco/roma/rooms/col co11.c
101.06.04 18:12 A C:\Fran\Mud\Nirvana\Roma\rooms\col\co12.c --> nirvana.mudservices.com /players/francesco/roma/rooms/col co12.c
101.06.04 18:12 A C:\Fran\Mud\Nirvana\Roma\rooms\col\co13.c --> nirvana.mudservices.com /players/francesco/roma/rooms/col co13.c
101.06.04 18:12 A C:\Fran\Mud\Nirvana\Roma\rooms\col\co14.c --> nirvana.mudservices.com /players/francesco/roma/rooms/col co14.c
101.06.04 18:12 A C:\Fran\Mud\Nirvana\Roma\rooms\col\co15.c --> nirvana.mudservices.com /players/francesco/roma/rooms/col co15.c
101.06.04 18:12 A C:\Fran\Mud\Nirvana\Roma\rooms\col\co16.c --> nirvana.mudservices.com /players/francesco/roma/rooms/col co16.c
101.06.04 18:12 A C:\Fran\Mud\Nirvana\Roma\rooms\col\co17.c --> nirvana.mudservices.com /players/francesco/roma/rooms/col co17.c
101.06.04 18:12 A C:\Fran\Mud\Nirvana\Roma\rooms\col\co18.c --> nirvana.mudservices.com /players/francesco/roma/rooms/col co18.c
101.06.04 18:12 A C:\Fran\Mud\Nirvana\Roma\rooms\col\co201.c --> nirvana.mudservices.com /players/francesco/roma/rooms/col co201.c
101.06.04 18:12 A C:\Fran\Mud\Nirvana\Roma\rooms\col\co202.c --> nirvana.mudservices.com /players/francesco/roma/rooms/col co202.c
101.06.04 18:12 A C:\Fran\Mud\Nirvana\Roma\rooms\col\co203.c --> nirvana.mudservices.com /players/francesco/roma/rooms/col co203.c
101.06.04 18:12 A C:\Fran\Mud\Nirvana\Roma\rooms\col\co204.c --> nirvana.mudservices.com /players/francesco/roma/rooms/col co204.c
101.06.04 18:12 A C:\Fran\Mud\Nirvana\Roma\rooms\col\co205.c --> nirvana.mudservices.com /players/francesco/roma/rooms/col co205.c
101.06.04 18:12 A C:\Fran\Mud\Nirvana\Roma\rooms\col\co206.c --> nirvana.mudservices.com /players/francesco/roma/rooms/col co206.c
101.06.04 18:12 A C:\Fran\Mud\Nirvana\Roma\rooms\col\co207.c --> nirvana.mudservices.com /players/francesco/roma/rooms/col co207.c
101.06.04 18:12 A C:\Fran\Mud\Nirvana\Roma\rooms\col\co208.c --> nirvana.mudservices.com /players/francesco/roma/rooms/col co208.c
101.06.04 18:12 A C:\Fran\Mud\Nirvana\Roma\rooms\col\co209.c --> nirvana.mudservices.com /players/francesco/roma/rooms/col co209.c
101.06.04 18:12 A C:\Fran\Mud\Nirvana\Roma\rooms\col\co210.c --> nirvana.mudservices.com /players/francesco/roma/rooms/col co210.c
101.06.04 18:12 A C:\Fran\Mud\Nirvana\Roma\rooms\col\co211.c --> nirvana.mudservices.com /players/francesco/roma/rooms/col co211.c
101.06.04 18:12 A C:\Fran\Mud\Nirvana\Roma\rooms\col\co212.c --> nirvana.mudservices.com /players/francesco/roma/rooms/col co212.c
101.06.04 18:12 A C:\Fran\Mud\Nirvana\Roma\rooms\col\co213.c --> nirvana.mudservices.com /players/francesco/roma/rooms/col co213.c
101.06.04 18:12 A C:\Fran\Mud\Nirvana\Roma\rooms\col\co214.c --> nirvana.mudservices.com /players/francesco/roma/rooms/col co214.c
101.06.04 18:12 A C:\Fran\Mud\Nirvana\Roma\rooms\col\co215.c --> nirvana.mudservices.com /players/francesco/roma/rooms/col co215.c
101.06.04 18:12 A C:\Fran\Mud\Nirvana\Roma\rooms\col\co216.c --> nirvana.mudservices.com /players/francesco/roma/rooms/col co216.c
101.06.04 18:12 A C:\Fran\Mud\Nirvana\Roma\rooms\col\co301.c --> nirvana.mudservices.com /players/francesco/roma/rooms/col co301.c
101.06.04 18:12 A C:\Fran\Mud\Nirvana\Roma\rooms\col\co302.c --> nirvana.mudservices.com /players/francesco/roma/rooms/col co302.c
101.06.04 18:12 A C:\Fran\Mud\Nirvana\Roma\rooms\col\co303.c --> nirvana.mudservices.com /players/francesco/roma/rooms/col co303.c
101.06.04 18:12 A C:\Fran\Mud\Nirvana\Roma\rooms\col\co304.c --> nirvana.mudservices.com /players/francesco/roma/rooms/col co304.c
101.06.04 18:12 A C:\Fran\Mud\Nirvana\Roma\rooms\col\co305.c --> nirvana.mudservices.com /players/francesco/roma/rooms/col co305.c
101.06.04 18:12 A C:\Fran\Mud\Nirvana\Roma\rooms\col\co306.c --> nirvana.mudservices.com /players/francesco/roma/rooms/col co306.c
101.06.04 18:12 A C:\Fran\Mud\Nirvana\Roma\rooms\col\co307.c --> nirvana.mudservices.com /players/francesco/roma/rooms/col co307.c
101.06.04 18:12 A C:\Fran\Mud\Nirvana\Roma\rooms\col\co308.c --> nirvana.mudservices.com /players/francesco/roma/rooms/col co308.c
101.06.04 18:12 A C:\Fran\Mud\Nirvana\Roma\rooms\col\co309.c --> nirvana.mudservices.com /players/francesco/roma/rooms/col co309.c
101.06.04 18:12 A C:\Fran\Mud\Nirvana\Roma\rooms\col\co310.c --> nirvana.mudservices.com /players/francesco/roma/rooms/col co310.c
101.06.04 18:12 A C:\Fran\Mud\Nirvana\Roma\rooms\col\co311.c --> nirvana.mudservices.com /players/francesco/roma/rooms/col co311.c
101.06.04 18:12 A C:\Fran\Mud\Nirvana\Roma\rooms\col\co312.c --> nirvana.mudservices.com /players/francesco/roma/rooms/col co312.c
101.06.04 18:12 A C:\Fran\Mud\Nirvana\Roma\rooms\col\co313.c --> nirvana.mudservices.com /players/francesco/roma/rooms/col co313.c
101.06.04 18:12 A C:\Fran\Mud\Nirvana\Roma\rooms\col\co314.c --> nirvana.mudservices.com /players/francesco/roma/rooms/col co314.c
101.06.04 18:12 A C:\Fran\Mud\Nirvana\Roma\rooms\col\co315.c --> nirvana.mudservices.com /players/francesco/roma/rooms/col co315.c
101.06.04 18:12 A C:\Fran\Mud\Nirvana\Roma\rooms\col\co316.c --> nirvana.mudservices.com /players/francesco/roma/rooms/col co316.c
101.06.04 18:12 A C:\Fran\Mud\Nirvana\Roma\rooms\col\co317.c --> nirvana.mudservices.com /players/francesco/roma/rooms/col co317.c
101.06.04 18:12 A C:\Fran\Mud\Nirvana\Roma\rooms\col\co318.c --> nirvana.mudservices.com /players/francesco/roma/rooms/col co318.c
101.06.04 18:13 A C:\Fran\Mud\Nirvana\Roma\rooms\col\co319.c --> nirvana.mudservices.com /players/francesco/roma/rooms/col co319.c
101.06.04 18:13 A C:\Fran\Mud\Nirvana\Roma\rooms\col\co320.c --> nirvana.mudservices.com /players/francesco/roma/rooms/col co320.c
101.06.04 18:13 A C:\Fran\Mud\Nirvana\Roma\rooms\col\co321.c --> nirvana.mudservices.com /players/francesco/roma/rooms/col co321.c
101.06.04 18:13 A C:\Fran\Mud\Nirvana\Roma\rooms\col\co322.c --> nirvana.mudservices.com /players/francesco/roma/rooms/col co322.c
101.06.04 18:13 A C:\Fran\Mud\Nirvana\Roma\rooms\col\co323.c --> nirvana.mudservices.com /players/francesco/roma/rooms/col co323.c
101.06.04 18:13 A C:\Fran\Mud\Nirvana\Roma\rooms\col\co324.c --> nirvana.mudservices.com /players/francesco/roma/rooms/col co324.c
101.06.04 18:13 A C:\Fran\Mud\Nirvana\Roma\rooms\col\co401.c --> nirvana.mudservices.com /players/francesco/roma/rooms/col co401.c
101.06.04 18:13 A C:\Fran\Mud\Nirvana\Roma\rooms\col\co402.c --> nirvana.mudservices.com /players/francesco/roma/rooms/col co402.c
101.06.04 18:13 A C:\Fran\Mud\Nirvana\Roma\rooms\col\co403.c --> nirvana.mudservices.com /players/francesco/roma/rooms/col co403.c
101.06.04 18:13 A C:\Fran\Mud\Nirvana\Roma\rooms\col\co404.c --> nirvana.mudservices.com /players/francesco/roma/rooms/col co404.c
101.06.04 18:13 A C:\Fran\Mud\Nirvana\Roma\rooms\col\co405.c --> nirvana.mudservices.com /players/francesco/roma/rooms/col co405.c
101.06.04 18:13 A C:\Fran\Mud\Nirvana\Roma\rooms\col\co406.c --> nirvana.mudservices.com /players/francesco/roma/rooms/col co406.c
101.06.04 18:13 A C:\Fran\Mud\Nirvana\Roma\rooms\col\co407.c --> nirvana.mudservices.com /players/francesco/roma/rooms/col co407.c
101.06.04 18:13 A C:\Fran\Mud\Nirvana\Roma\rooms\col\co408.c --> nirvana.mudservices.com /players/francesco/roma/rooms/col co408.c
101.06.04 18:13 A C:\Fran\Mud\Nirvana\Roma\rooms\col\co409.c --> nirvana.mudservices.com /players/francesco/roma/rooms/col co409.c
101.06.04 18:13 A C:\Fran\Mud\Nirvana\Roma\rooms\col\co410.c --> nirvana.mudservices.com /players/francesco/roma/rooms/col co410.c
101.06.04 18:13 A C:\Fran\Mud\Nirvana\Roma\rooms\col\co411.c --> nirvana.mudservices.com /players/francesco/roma/rooms/col co411.c
101.06.04 18:13 A C:\Fran\Mud\Nirvana\Roma\rooms\col\co412.c --> nirvana.mudservices.com /players/francesco/roma/rooms/col co412.c
101.06.04 18:13 A C:\Fran\Mud\Nirvana\Roma\rooms\col\co413.c --> nirvana.mudservices.com /players/francesco/roma/rooms/col co413.c
101.06.04 18:13 A C:\Fran\Mud\Nirvana\Roma\rooms\col\co414.c --> nirvana.mudservices.com /players/francesco/roma/rooms/col co414.c
101.06.04 18:13 A C:\Fran\Mud\Nirvana\Roma\rooms\col\co415.c --> nirvana.mudservices.com /players/francesco/roma/rooms/col co415.c
101.06.04 18:13 A C:\Fran\Mud\Nirvana\Roma\rooms\col\co416.c --> nirvana.mudservices.com /players/francesco/roma/rooms/col co416.c
101.06.04 18:13 A C:\Fran\Mud\Nirvana\Roma\rooms\col\co417.c --> nirvana.mudservices.com /players/francesco/roma/rooms/col co417.c
101.06.04 18:13 A C:\Fran\Mud\Nirvana\Roma\rooms\col\co418.c --> nirvana.mudservices.com /players/francesco/roma/rooms/col co418.c
101.06.04 18:13 A C:\Fran\Mud\Nirvana\Roma\rooms\col\co419.c --> nirvana.mudservices.com /players/francesco/roma/rooms/col co419.c
101.06.04 18:13 A C:\Fran\Mud\Nirvana\Roma\rooms\col\co420.c --> nirvana.mudservices.com /players/francesco/roma/rooms/col co420.c
101.06.04 18:13 A C:\Fran\Mud\Nirvana\Roma\rooms\col\co421.c --> nirvana.mudservices.com /players/francesco/roma/rooms/col co421.c
101.06.04 18:13 A C:\Fran\Mud\Nirvana\Roma\rooms\col\co422.c --> nirvana.mudservices.com /players/francesco/roma/rooms/col co422.c
101.06.04 18:13 A C:\Fran\Mud\Nirvana\Roma\rooms\col\co423.c --> nirvana.mudservices.com /players/francesco/roma/rooms/col co423.c
101.06.04 18:13 A C:\Fran\Mud\Nirvana\Roma\rooms\col\co424.c --> nirvana.mudservices.com /players/francesco/roma/rooms/col co424.c
101.06.04 18:13 A C:\Fran\Mud\Nirvana\Roma\rooms\col\co425.c --> nirvana.mudservices.com /players/francesco/roma/rooms/col co425.c
101.06.04 18:13 A C:\Fran\Mud\Nirvana\Roma\rooms\col\co426.c --> nirvana.mudservices.com /players/francesco/roma/rooms/col co426.c
101.06.04 18:13 A C:\Fran\Mud\Nirvana\Roma\rooms\col\co427.c --> nirvana.mudservices.com /players/francesco/roma/rooms/col co427.c
101.06.04 18:13 A C:\Fran\Mud\Nirvana\Roma\rooms\col\co428.c --> nirvana.mudservices.com /players/francesco/roma/rooms/col co428.c
101.06.04 18:13 A C:\Fran\Mud\Nirvana\Roma\rooms\col\co504.c --> nirvana.mudservices.com /players/francesco/roma/rooms/col co504.c
101.06.04 18:13 A C:\Fran\Mud\Nirvana\Roma\rooms\col\co512.c --> nirvana.mudservices.com /players/francesco/roma/rooms/col co512.c
101.06.04 18:13 A C:\Fran\Mud\Nirvana\Roma\rooms\col\co518.c --> nirvana.mudservices.com /players/francesco/roma/rooms/col co518.c
101.06.04 18:13 A C:\Fran\Mud\Nirvana\Roma\rooms\col\co526.c --> nirvana.mudservices.com /players/francesco/roma/rooms/col co526.c
101.06.04 18:13 A C:\Fran\Mud\Nirvana\Roma\rooms\col\colosseo.c --> nirvana.mudservices.com /players/francesco/roma/rooms/col colosseo.c
101.06.04 18:13 A C:\Fran\Mud\Nirvana\Roma\rooms\col\MAP.c --> nirvana.mudservices.com /players/francesco/roma/rooms/col MAP.c
101.06.04 18:13 A C:\Fran\Mud\Nirvana\Roma\rooms\col\up1.c --> nirvana.mudservices.com /players/francesco/roma/rooms/col up1.c
101.06.04 18:13 A C:\Fran\Mud\Nirvana\Roma\rooms\col\up2.c --> nirvana.mudservices.com /players/francesco/roma/rooms/col up2.c
101.06.04 18:13 A C:\Fran\Mud\Nirvana\Roma\rooms\col\up3.c --> nirvana.mudservices.com /players/francesco/roma/rooms/col up3.c
