99.03.19 12:59 A C:\nirvana\cyborg\slave_parts\body_parts.h <-- Nirvana /players/snow/guild/slave_parts body_parts.h
99.03.19 12:59 A C:\nirvana\cyborg\slave_parts\describe.h <-- Nirvana /players/snow/guild/slave_parts describe.h
99.03.19 12:59 A C:\nirvana\cyborg\slave_parts\fakebeat.h <-- Nirvana /players/snow/guild/slave_parts fakebeat.h
99.03.19 12:59 A C:\nirvana\cyborg\slave_parts\functions.h <-- Nirvana /players/snow/guild/slave_parts functions.h
99.03.19 12:59 A C:\nirvana\cyborg\slave_parts\heartbeat.h <-- Nirvana /players/snow/guild/slave_parts heartbeat.h
99.03.19 12:59 A C:\nirvana\cyborg\slave_parts\init.h <-- Nirvana /players/snow/guild/slave_parts init.h
99.03.19 12:59 A C:\nirvana\cyborg\slave_parts\misc.h <-- Nirvana /players/snow/guild/slave_parts misc.h
99.03.19 12:59 A C:\nirvana\cyborg\slave_parts\reset.h <-- Nirvana /players/snow/guild/slave_parts reset.h
99.03.19 12:59 A C:\nirvana\cyborg\slave_parts\setup.h <-- Nirvana /players/snow/guild/slave_parts setup.h
99.03.19 12:59 A C:\nirvana\cyborg\slave_parts\variables.h <-- Nirvana /players/snow/guild/slave_parts variables.h
99.03.19 14:01 A C:\nirvana\Dervish\lib\describe.h --> nirvana.mudservices.com /players/snow/dervish/lib describe.h
99.03.19 14:01 A C:\nirvana\Dervish\lib\functions.h --> nirvana.mudservices.com /players/snow/dervish/lib functions.h
99.03.19 14:01 A C:\nirvana\Dervish\lib\heartbeat.h --> nirvana.mudservices.com /players/snow/dervish/lib heartbeat.h
99.03.19 14:01 A C:\nirvana\Dervish\lib\init.h --> nirvana.mudservices.com /players/snow/dervish/lib init.h
99.03.19 14:01 A C:\nirvana\Dervish\lib\misc.h --> nirvana.mudservices.com /players/snow/dervish/lib misc.h
99.03.19 14:01 A C:\nirvana\Dervish\lib\offwield.h --> nirvana.mudservices.com /players/snow/dervish/lib offwield.h
99.03.19 14:01 A C:\nirvana\Dervish\lib\reset.h --> nirvana.mudservices.com /players/snow/dervish/lib reset.h
99.03.19 14:02 A C:\nirvana\Dervish\lib\run.c --> nirvana.mudservices.com /players/snow/dervish/lib run.c
99.03.19 14:02 A C:\nirvana\Dervish\lib\setup.h --> nirvana.mudservices.com /players/snow/dervish/lib setup.h
99.03.19 14:02 A C:\nirvana\Dervish\lib\variables.h --> nirvana.mudservices.com /players/snow/dervish/lib variables.h
