Wed Mar 27 22:37:20 1996 >> draven.
Mon Apr  1 10:24:58 1996 >> fuzzyted.
Sat Apr  6 00:08:47 1996 >> shadrack.
Sat Apr  6 06:36:41 1996 >> myrkrn.
Thu Apr 11 03:35:16 1996 >> johan.
Sun Apr 14 16:34:57 1996 >> sarsha.
Mon Apr 15 12:11:28 1996 >> devon.
Mon Apr 22 20:30:59 1996 >> clasp.
Sat May 18 03:14:38 1996 >> shiverheart.
Sun May 19 03:52:49 1996 >> caleab.
Sun May 19 10:36:38 1996 >> x.
Fri Jun  7 12:35:13 1996 >> cormac.
Sat Jun 15 04:39:47 1996 >> achmed.
Mon Jun 17 01:01:23 1996 >> candy.
Sat Jun 22 01:25:18 1996 >> illarion.
Tue Jun 25 15:57:27 1996 >> wrathchild.
Thu Jun 27 02:53:39 1996 >> azalin.
Tue Jul  2 08:11:09 1996 >> phoenix.
Mon Jul 15 06:04:35 1996 >> jade.
Sat Jul 27 07:14:33 1996 >> candy.
Sun Jul 28 16:02:20 1996 >> third.
Thu Aug  1 07:26:11 1996 >> gargor.
Sun Aug 11 09:06:09 1996 >> tarma.
Fri Aug 16 08:56:18 1996 >> maki.
Sat Aug 17 17:50:09 1996 >> brittany.
Sun Aug 18 11:21:08 1996 >> sire.
Wed Aug 21 07:00:22 1996 >> snakespear.
Wed Aug 21 10:51:22 1996 >> night.
Mon Sep  2 15:41:22 1996 >> fflam.
Tue Sep 10 06:18:39 1996 >> winter.
Sun Sep 29 18:20:26 1996 >> kiana.
Fri Oct 11 22:59:18 1996 >> pheret.
Sat Oct 12 13:13:49 1996 >> aiden.
Tue Oct 15 09:59:49 1996 >> frankie.
Mon Oct 21 02:14:32 1996 >> saboteur.
Wed Oct 23 15:52:22 1996 >> laera.
Tue Oct 29 09:38:20 1996 >> euboy.
Fri Nov  1 10:26:51 1996 >> vexlron.
Thu Nov 28 01:14:18 1996 >> sleepwalker.
Sun Dec  8 01:39:49 1996 >> jamil.
Thu Jan 23 06:35:18 1997 >> wocket.
Wed Jan 29 09:48:41 1997 >> conan.
Thu Feb  6 04:21:51 1997 >> firelily.
Mon Feb 10 04:33:06 1997 >> mordant.
Tue Feb 11 07:45:38 1997 >> balmark.
Sun Feb 23 02:43:17 1997 >> berlinetta.
Mon Feb 24 21:15:40 1997 >> estrella.
Fri Feb 28 00:01:50 1997 >> lysaer.
Fri Feb 28 03:00:21 1997 >> krysta.
Fri Feb 28 18:31:07 1997 >> ladydiamond.
Sat Mar  1 20:22:36 1997 >> khrell.
Wed Mar 19 23:33:29 1997 >> feldegast.
Sun Mar 23 22:45:36 1997 >> milamber.
Mon Mar 31 09:12:48 1997 >> hitman.
Thu Apr  3 08:10:48 1997 >> scorpio.
Sun Apr 27 20:20:29 1997 >> zeus.
Wed May  7 10:32:04 1997 >> exedus.
Sun May 11 12:56:25 1997 >> thaed.
Mon May 12 14:50:29 1997 >> fuzzy.
Sun May 18 18:42:59 1997 >> playboy.
Tue Jun 17 02:56:31 1997 >> mortarion.
Mon Jun 23 04:34:59 1997 >> spiral.
Sun Jun 29 18:40:19 1997 >> nemesis.
Tue Jul  8 00:39:34 1997 >> dan.
Tue Jul  8 07:28:44 1997 >> knife.
Fri Jul 18 05:55:40 1997 >> jabberwocky.
Sat Jul 26 06:10:33 1997 >> rattlesnake.
Mon Jul 28 07:13:44 1997 >> maledicta.
Mon Aug  4 11:18:01 1997 >> primal.
Wed Aug 13 00:20:55 1997 >> silence.
Wed Aug 13 02:38:39 1997 >> odin.
Sun Aug 17 01:24:22 1997 >> zoltan.
Wed Aug 20 07:03:33 1997 >> fox.
Thu Aug 21 04:02:04 1997 >> spiral.
Thu Aug 21 16:30:43 1997 >> revenge.
Mon Aug 25 07:48:43 1997 >> corleone.
Tue Aug 26 08:10:34 1997 >> oolabob.
Wed Aug 27 06:02:33 1997 >> coda.
Wed Aug 27 16:02:55 1997 >> lillygirl.
Thu Aug 28 02:42:55 1997 >> dreamspeakr.
Sat Aug 30 01:25:54 1997 >> jewel.
Sat Aug 30 12:09:26 1997 >> calysto.
Sat Aug 30 15:55:14 1997 >> starburst.
Sat Aug 30 22:17:37 1997 >> deathkitty.
Sun Aug 31 02:51:35 1997 >> medewsa.
Sat Sep  6 12:24:23 1997 >> deraak.
Mon Sep  8 06:56:18 1997 >> apathy.
Sat Sep 13 00:24:02 1997 >> lore.
Sat Sep 20 16:14:59 1997 >> sting.
Tue Sep 23 07:43:38 1997 >> alanna.
Tue Oct  7 17:37:20 1997 >> drakkar.
Thu Oct  9 11:52:07 1997 >> raef.
Sun Oct 12 03:07:39 1997 >> sweetmisery.
Wed Oct 15 10:49:58 1997 >> larisa.
Sun Dec  7 13:53:45 1997 >> usagi.
Mon Jan 19 23:27:01 1998 >> marie.
Tue Jan 20 04:18:18 1998 >> jimbo.
Tue Jan 20 07:37:49 1998 >> wolfbane.
Wed Jan 21 22:06:30 1998 >> pan.
Sun Jan 25 00:56:37 1998 >> sticks.
Sun Jan 25 09:56:06 1998 >> languilen.
Sun Feb  1 13:04:20 1998 >> trpsprngr.
Mon Feb  2 20:47:06 1998 >> krash.
Tue Feb  3 12:34:25 1998 >> marisha.
Mon Feb  9 15:16:22 1998 >> zoltan.
Tue Feb 10 10:22:44 1998 >> lilia.
Sun Mar  1 05:51:12 1998 >> tarklyn.
Wed Mar 11 17:41:34 1998 >> dyan.
Wed Mar 18 11:28:28 1998 >> tara.
Thu Mar 19 11:16:02 1998 >> fred.
Wed Mar 25 12:12:58 1998 >> chiele.
Thu Mar 26 07:59:45 1998 >> caravelle.
Sun Apr  5 18:04:16 1998 >> vital.
Thu Apr  9 20:12:07 1998 >> lethal.
Fri Apr 10 02:03:45 1998 >> master.
Tue Apr 28 20:36:04 1998 >> pegasas.
Tue May  5 23:56:48 1998 >> sonja.
Wed May 20 01:17:51 1998 >> lopus.
Mon May 25 07:09:36 1998 >> jake.
Mon May 25 19:22:57 1998 >> z.
Thu May 28 00:56:34 1998 >> loke.
Sat May 30 22:05:18 1998 >> jazz.
Mon Jun  1 06:58:07 1998 >> crackdealer.
Sun Jun  7 14:04:23 1998 >> grog.
Thu Jun 11 10:22:47 1998 >> highlander.
Fri Jun 12 00:13:54 1998 >> kitiara.
Sat Jun 13 03:19:11 1998 >> jara.
Sun Jun 14 16:47:59 1998 >> cross.
Sun Jun 21 00:59:51 1998 >> jazz.
Sun Jun 21 17:06:19 1998 >> roland.
Mon Jun 22 14:19:47 1998 >> pavtest.
Thu Jul  9 01:15:21 1998 >> alison.
Fri Jul 10 03:07:21 1998 >> wakaluk.
Fri Jul 10 20:16:52 1998 >> keeley.
Fri Jul 10 23:44:01 1998 >> nightstalkr.
Wed Jul 22 16:13:21 1998 >> cavalier.
Wed Jul 22 20:47:59 1998 >> smoke.
Fri Jul 31 00:32:09 1998 >> james.
Sat Aug  1 04:16:48 1998 >> avis.
Sat Aug  8 00:10:30 1998 >> blackstar.
Sat Aug  8 14:38:55 1998 >> brin.
Sat Aug  8 23:49:44 1998 >> kazer.
Sat Aug 15 10:25:41 1998 >> sadistic.
Mon Aug 24 16:06:44 1998 >> snowtest.
Thu Sep 10 14:51:19 1998 >> truz.
Mon Sep 28 08:51:37 1998 >> picar.
Mon Sep 28 20:09:24 1998 >> bannock.
Mon Sep 28 21:12:43 1998 >> snowtest.
Wed Sep 30 23:26:34 1998 >> snow.
Wed Nov  4 10:57:48 1998 >> kezef.
Mon Dec 21 17:55:06 1998 >> burn.
Tue Dec 22 21:01:59 1998 >> moon.
Thu Dec 24 12:46:07 1998 >> weasel.
Sat Dec 26 18:11:01 1998 >> minus.
Mon Dec 28 06:32:05 1998 >> chips.
Thu Jan  7 04:39:19 1999 >> derian.
Thu Jan 14 18:16:39 1999 >> imperial.
Fri Jan 22 16:12:03 1999 >> kotcha.
Sat Jan 23 04:27:08 1999 >> vartanian.
Sun Jan 24 19:11:34 1999 >> strider.
Sun Jan 31 10:56:16 1999 >> pantera.
Thu Mar 11 21:12:21 1999 >> vampira.
Wed Mar 24 21:37:12 1999 >> tassadar.
Thu Apr  1 14:00:44 1999 >> vertebraker.
Wed Apr  7 02:21:27 1999 >> sacha.
Fri Apr  9 06:34:26 1999 >> tiera.
Tue Apr 13 17:17:15 1999 >> bishop.
Fri Apr 23 13:41:54 1999 >> dragnar.
Fri May  7 00:59:11 1999 >> hudson.
Sat May 15 09:47:09 1999 >> bizkit.
