Mon Jul 19 23:47:19 1999 Someone did new_scar. Reason: 0.
Fri Jul 23 11:01:07 1999 Someone did new_scar. Reason: 0.
Fri Jul 23 11:09:48 1999 Someone did new_scar. Reason: 0.
Fri Jul 23 11:12:26 1999 Someone did new_scar. Reason: 0.
Fri Jul 23 11:19:21 1999 Dragnar did new_scar.  Reason: 0.
Fri Jul 23 11:23:06 1999 Dragnar did new_scar.  Reason: 0.
Fri Jul 23 11:31:14 1999 Illarion did new_scar.  Reason: 0.
Fri Jul 23 22:11:40 1999 Pantera did new_scar.  Reason: 0.
Sun Jul 25 00:00:27 1999 Vital did new_scar.  Reason: 0.
Sun Jul 25 16:35:35 1999 Someone did new_scar.  Reason: 0.
Tue Jul 27 14:16:47 1999 Highlander did new_scar.  Reason: 0.
Wed Jul 28 16:51:44 1999 Mcgregor did new_scar.  Reason: 0.
Thu Jul 29 12:03:54 1999 Mortarion did new_scar.  Reason: 0.
Thu Jul 29 23:37:03 1999 Someone did new_scar.  Reason: 0.
Sun Aug  1 19:59:03 1999 Vital did new_scar.  Reason: 0.
Sun Aug  1 20:04:31 1999 Vital did new_scar.  Reason: 0.
Fri Aug  6 09:07:27 1999 Dragnar did new_scar. Reason: 0.
Fri Aug  6 09:15:50 1999 Beck did new_scar. Reason: 0.
Thu Aug 19 07:32:09 1999 Lock did new_scar.  Reason: 0.
Wed Sep  1 15:02:37 1999 Dragnar did new_scar. Reason: 0.
Fri Sep 10 16:10:24 1999 Dragnar did new_scar. Reason: 0.
Fri Sep 10 16:11:24 1999 Dragnar did new_scar. Reason: 0.
Fri Sep 10 16:11:52 1999 Zeus did new_scar. Reason: 0.
Wed Sep 22 08:50:34 1999 Cobain did new_scar.  Reason: 0.
Wed Dec  1 14:36:06 1999 Domanik did new_scar.  Reason: 0.
Sun Dec 12 03:23:13 1999 Kazer did new_scar.  Reason: 0.
Mon Dec 27 14:58:32 1999 Dragnar did new_scar.  Reason: 0.
Tue Dec 28 00:02:53 1999 Brach did new_scar.  Reason: 0.
Tue Jan  4 08:54:06 2000 Kezef did new_scar.  Reason: 0.
Mon Feb  7 21:34:42 2000 Vertebraker did new_scar.  Reason: 0.
Mon Feb  7 21:34:56 2000 Vertebraker did new_scar.  Reason: fun.
Thu Feb 24 00:02:40 2000 Blackstar did new_scar.  Reason: 0.
Tue Feb 29 06:27:35 2000 Blackstar did new_scar.  Reason: 0.
Thu Jun  8 00:54:38 2000 Sweetmisery did new_scar.  Reason: 0.
Mon Jun 12 08:53:46 2000 Cavalier did new_scar.  Reason: 0.
Fri Jun 30 09:36:13 2000 Mcgregor did new_scar.  Reason: 0.
Sat Jul  1 06:51:54 2000 Master did new_scar.  Reason: 0.
Sun Jul  2 12:08:04 2000 Primal did new_scar.  Reason: 0.
Thu Jul 20 22:41:20 2000 Dragnar did new_scar. Reason: 0.
Thu Jul 20 22:41:38 2000 Dragnar did new_scar. Reason: 0.
Wed Aug 23 19:00:00 2000 Mcgregor did new_scar.  Reason: 0.
Tue Sep  5 18:47:42 2000 Tassadar did new_scar.  Reason: 0.
Tue Sep 12 20:24:34 2000 Jimbo did new_scar.  Reason: 0.
Mon Oct 30 00:25:25 2000 Jimbo did new_scar.  Reason: 0.
Mon Nov 27 21:28:25 2000 Sasha did new_scar.  Reason: 0.
Thu Feb 15 14:03:29 2001 Domanik did new_scar.  Reason: 0.
Tue Feb 27 18:21:34 2001 Devon did new_scar.  Reason: 0.
Mon Aug 27 22:49:53 2001 Sasha did new_scar.  Reason: 0.
Fri Oct 26 23:13:25 2001 Ghost did new_scar.  Reason: 0.
Tue Nov  6 11:46:33 2001 Tristian did new_scar.  Reason: 0.
Tue Dec 11 13:27:06 2001 Wulfgar did new_scar.  Reason: 0.
Wed Dec 19 20:34:52 2001 Wrathchild did new_scar.  Reason: 0.
Fri Dec 21 14:37:43 2001 Wulfgar did new_scar.  Reason: 0.
Mon Jan 28 17:15:00 2002 Devon did new_scar.  Reason: 0.
Tue Jul 23 19:45:35 2002 Master did new_scar.  Reason: 0.
Wed Oct 23 17:16:00 2002 Sasha did new_scar.  Reason: 0.
Mon Dec 23 18:44:50 2002 Sasha did new_scar.  Reason: 0.
Fri Jan 24 23:21:48 2003 Sasha did new_scar.  Reason: 0.
Fri Jan 31 17:25:47 2003 Dakeyras did new_scar.  Reason: 0.
Fri Jun 13 20:24:03 2003 Gum did new_scar.  Reason: 0.
Wed Oct 15 11:11:32 2003 Mizan did new_scar.  Reason: 0.
Tue Dec 23 03:42:03 2003 Mortarion did new_scar.  Reason: 0.
Sun Jan 30 22:54:04 2005 Sasha did new_scar.  Reason: 0.
Wed May 18 15:52:40 2005 Tristian did new_scar.  Reason: 0.
Mon Oct 17 17:26:02 2005 Kezef did new_scar.  Reason: 0.
Thu Feb  9 21:35:29 2006 Wulfgar did new_scar.  Reason: 0.
