Fri May 17 18:46:22 2002 [1;34mSomeone[2;37;0m killed it.
Tue May 21 00:39:01 2002 [1;34mcooper[2;37;0m killed Xen[1;32m-[2;37;0mXion.
Wed May 22 03:56:23 2002 [1;34mjustin[2;37;0m killed Xen[1;32m-[2;37;0mXion.
Wed May 22 10:29:58 2002 [1;34mcooper[2;37;0m killed Xen[1;32m-[2;37;0mXion.
Wed May 22 19:03:30 2002 [1;34mforbin[2;37;0m killed Xen[1;32m-[2;37;0mXion.
Fri May 31 23:01:58 2002 [1;34mVistar[2;37;0m killed Xen[1;32m-[2;37;0mXion.
Sat Jun  1 19:06:25 2002 [1;34mSomeone[2;37;0m killed Xen[1;32m-[2;37;0mXion.
Sat Jun  8 03:58:22 2002 [1;34mEnuss[2;37;0m killed Xen[1;32m-[2;37;0mXion.
Sat Jun 29 01:37:11 2002 [1;34mEnuss[2;37;0m killed Xen[1;32m-[2;37;0mXion.
Sat Jun 29 17:12:43 2002 [1;34mEnuss[2;37;0m killed Xen[1;32m-[2;37;0mXion.
Wed Aug 21 00:29:00 2002 [1;34mGoshawk[2;37;0m killed Xen[1;32m-[2;37;0mXion.
Sat Jan  4 03:15:47 2003 [1;34mDakeyras[2;37;0m killed Xen[1;32m-[2;37;0mXion.
Sat Jan  4 05:52:44 2003 [1;34mDakeyras[2;37;0m killed Xen[1;32m-[2;37;0mXion.
Sat Jan  4 16:56:55 2003 [1;34mDakeyras[2;37;0m killed Xen[1;32m-[2;37;0mXion.
Sat Jan  4 18:07:06 2003 [1;34mDakeyras[2;37;0m killed Xen[1;32m-[2;37;0mXion.
Sun Jan  5 00:11:37 2003 [1;34mDakeyras[2;37;0m killed Xen[1;32m-[2;37;0mXion.
Sun Jan  5 01:25:20 2003 [1;34mDakeyras[2;37;0m killed Xen[1;32m-[2;37;0mXion.
Wed Jan  8 02:38:44 2003 [1;34mDakeyras[2;37;0m killed Xen[1;32m-[2;37;0mXion.
Wed Jan  8 04:12:18 2003 [1;34mDakeyras[2;37;0m killed Xen[1;32m-[2;37;0mXion.
Tue Jan 14 14:32:47 2003 [1;34mDakeyras[2;37;0m killed Xen[1;32m-[2;37;0mXion.
Wed Jan 15 04:28:00 2003 [1;34mDakeyras[2;37;0m killed Xen[1;32m-[2;37;0mXion.
Wed Jan 15 20:18:57 2003 [1;34mRek[2;37;0m killed Xen[1;32m-[2;37;0mXion.
Thu Feb 13 02:48:35 2003 [1;34mRek[2;37;0m killed Xen[1;32m-[2;37;0mXion.
Sat Mar 22 03:28:07 2003 [1;34mMorpheus[2;37;0m killed Xen[1;32m-[2;37;0mXion.
Mon Mar 31 02:57:29 2003 [1;34mToranaga[2;37;0m killed Xen[1;32m-[2;37;0mXion.
Tue May  6 23:50:05 2003 [1;34mMode[2;37;0m killed Xen[1;32m-[2;37;0mXion.
Tue May 13 18:35:38 2003 [1;34mPike[2;37;0m killed Xen[1;32m-[2;37;0mXion.
Tue May 13 21:33:26 2003 [1;34mPike[2;37;0m killed Xen[1;32m-[2;37;0mXion.
Wed May 14 18:32:50 2003 [1;34mWolfpac[2;37;0m killed Xen[1;32m-[2;37;0mXion.
Thu May 15 21:12:07 2003 [1;34mLich[2;37;0m killed Xen[1;32m-[2;37;0mXion.
Sat May 17 10:52:52 2003 [1;34mRykus[2;37;0m killed Xen[1;32m-[2;37;0mXion.
Mon May 19 12:42:39 2003 [1;34mWolfpac[2;37;0m killed Xen[1;32m-[2;37;0mXion.
Thu May 22 09:37:47 2003 [1;34mTweak[2;37;0m killed Xen[1;32m-[2;37;0mXion.
Thu May 22 09:45:51 2003 [1;34mFred[2;37;0m killed Xen[1;32m-[2;37;0mXion.
Sat May 24 01:25:25 2003 [1;34mCooper[2;37;0m killed Xen[1;32m-[2;37;0mXion.
Tue May 27 02:48:18 2003 [1;34mWolfpac[2;37;0m killed Xen[1;32m-[2;37;0mXion.
Sun Jun  8 23:07:21 2003 [1;34mMosh[2;37;0m killed Xen[1;32m-[2;37;0mXion.
Fri Jul 18 02:27:11 2003 [1;34mJustin[2;37;0m killed Xen[1;32m-[2;37;0mXion.
Sun Jul 20 13:31:47 2003 [1;34mChance[2;37;0m killed Xen[1;32m-[2;37;0mXion.
Sun Jul 27 17:14:49 2003 [1;34mWolfpac[2;37;0m killed Xen[1;32m-[2;37;0mXion.
Sun Jul 27 21:40:16 2003 [1;34mDemonic[2;37;0m killed Xen[1;32m-[2;37;0mXion.
Mon Jul 28 01:24:08 2003 [1;34mDeathKnight[2;37;0m killed Xen[1;32m-[2;37;0mXion.
Mon Jul 28 04:44:27 2003 [1;34mDeathKnight[2;37;0m killed Xen[1;32m-[2;37;0mXion.
Mon Jul 28 17:03:25 2003 [1;34mPike[2;37;0m killed Xen[1;32m-[2;37;0mXion.
Tue Jul 29 22:42:22 2003 [1;34mJuggernaut[2;37;0m killed Xen[1;32m-[2;37;0mXion.
Wed Jul 30 00:18:07 2003 [1;34mMishtar[2;37;0m killed Xen[1;32m-[2;37;0mXion.
Mon Aug  4 01:39:37 2003 [1;34mDecimis[2;37;0m killed Xen[1;32m-[2;37;0mXion.
Mon Aug  4 20:51:00 2003 [1;34mOrb[2;37;0m killed Xen[1;32m-[2;37;0mXion.
Mon Aug  4 21:18:01 2003 [1;34mJaz[2;37;0m killed Xen[1;32m-[2;37;0mXion.
Wed Aug  6 02:21:04 2003 [1;34mRavanne[2;37;0m killed Xen[1;32m-[2;37;0mXion.
Thu Aug  7 03:08:05 2003 [1;34mSundin[2;37;0m killed Xen[1;32m-[2;37;0mXion.
Thu Aug  7 03:42:40 2003 [1;34mJaz[2;37;0m killed Xen[1;32m-[2;37;0mXion.
Sun Aug 10 17:25:19 2003 [1;34mCooper[2;37;0m killed Xen[1;32m-[2;37;0mXion.
Sun Aug 10 23:46:21 2003 [1;34mJaz[2;37;0m killed Xen[1;32m-[2;37;0mXion.
Tue Aug 12 03:06:10 2003 [1;34mSundin[2;37;0m killed Xen[1;32m-[2;37;0mXion.
Sun Aug 17 19:09:59 2003 [1;34mWhoa[2;37;0m killed Xen[1;32m-[2;37;0mXion.
Sun Aug 17 21:21:58 2003 [1;34mSundin[2;37;0m killed Xen[1;32m-[2;37;0mXion.
Mon Aug 18 17:24:32 2003 [1;34mAvari[2;37;0m killed Xen[1;32m-[2;37;0mXion.
Mon Aug 18 23:23:30 2003 [1;34mSundin[2;37;0m killed Xen[1;32m-[2;37;0mXion.
Wed Aug 20 00:28:19 2003 [1;34mJaz[2;37;0m killed Xen[1;32m-[2;37;0mXion.
Wed Aug 20 02:06:02 2003 [1;34mSundin[2;37;0m killed Xen[1;32m-[2;37;0mXion.
Wed Aug 20 17:48:05 2003 [1;34mJaz[2;37;0m killed Xen[1;32m-[2;37;0mXion.
Wed Aug 20 22:39:32 2003 [1;34mSeifer[2;37;0m killed Xen[1;32m-[2;37;0mXion.
Thu Aug 21 01:06:41 2003 [1;34mAvari[2;37;0m killed Xen[1;32m-[2;37;0mXion.
Thu Aug 21 20:11:02 2003 [1;34mJaz[2;37;0m killed Xen[1;32m-[2;37;0mXion.
Sat Aug 23 02:17:22 2003 [1;34mChant[2;37;0m killed Xen[1;32m-[2;37;0mXion.
Mon Aug 25 03:46:31 2003 [1;34mVexx[2;37;0m killed Xen[1;32m-[2;37;0mXion.
Tue Aug 26 17:56:47 2003 [1;34mPreston[2;37;0m killed Xen[1;32m-[2;37;0mXion.
Wed Aug 27 04:32:54 2003 [1;34mDeathKnight[2;37;0m killed Xen[1;32m-[2;37;0mXion.
Wed Aug 27 23:11:57 2003 [1;34mIronman[2;37;0m killed Xen[1;32m-[2;37;0mXion.
Thu Aug 28 00:57:49 2003 [1;34mShar[2;37;0m killed Xen[1;32m-[2;37;0mXion.
Sun Aug 31 13:47:39 2003 [1;34mCooper[2;37;0m killed Xen[1;32m-[2;37;0mXion.
Sat Sep  6 00:10:46 2003 [1;34mWar[2;37;0m killed Xen[1;32m-[2;37;0mXion.
Sat Sep  6 23:14:29 2003 [1;34mWar[2;37;0m killed Xen[1;32m-[2;37;0mXion.
Mon Sep  8 02:42:50 2003 [1;34mWar[2;37;0m killed Xen[1;32m-[2;37;0mXion.
Mon Sep  8 14:38:52 2003 [1;34mBrimstone[2;37;0m killed Xen[1;32m-[2;37;0mXion.
Tue Sep  9 15:12:05 2003 [1;34mTarken[2;37;0m killed Xen[1;32m-[2;37;0mXion.
Sat Sep 13 00:29:50 2003 [1;34mChant[2;37;0m killed Xen[1;32m-[2;37;0mXion.
Sun Sep 14 01:32:47 2003 [1;34mTarken[2;37;0m killed Xen[1;32m-[2;37;0mXion.
Sat Sep 20 00:44:10 2003 [1;34mShar[2;37;0m killed Xen[1;32m-[2;37;0mXion.
Tue Sep 23 10:32:14 2003 [1;34mCooper[2;37;0m killed Xen[1;32m-[2;37;0mXion.
Tue Sep 23 21:40:31 2003 [1;34mEntreri[2;37;0m killed Xen[1;32m-[2;37;0mXion.
Sun Sep 28 12:46:50 2003 [1;34mPunk[2;37;0m killed Xen[1;32m-[2;37;0mXion.
Wed Oct  1 15:48:02 2003 [1;34mGlaxgor[2;37;0m killed Xen[1;32m-[2;37;0mXion.
Thu Oct  2 18:33:00 2003 [1;34mBilly[2;37;0m killed Xen[1;32m-[2;37;0mXion.
Wed Oct  8 18:39:09 2003 [1;34mCleipa[2;37;0m killed Xen[1;32m-[2;37;0mXion.
Sun Oct 12 19:05:53 2003 [1;34mRattlehead[2;37;0m killed Xen[1;32m-[2;37;0mXion.
Thu Oct 16 21:32:57 2003 [1;34mEntreri[2;37;0m killed Xen[1;32m-[2;37;0mXion.
Sat Oct 18 15:35:50 2003 [1;34mCleipa[2;37;0m killed Xen[1;32m-[2;37;0mXion.
Tue Oct 28 18:13:43 2003 [1;34mMouzar[2;37;0m killed Xen[1;32m-[2;37;0mXion.
Thu Oct 30 01:00:28 2003 [1;34mKrakan[2;37;0m killed Xen[1;32m-[2;37;0mXion.
Thu Oct 30 14:14:57 2003 [1;34mLexi[2;37;0m killed Xen[1;32m-[2;37;0mXion.
Thu Oct 30 20:36:23 2003 [1;34mAlexa[2;37;0m killed Xen[1;32m-[2;37;0mXion.
Mon Nov  3 02:24:52 2003 [1;34mLexi[2;37;0m killed Xen[1;32m-[2;37;0mXion.
Mon Nov  3 22:52:42 2003 [1;34mPike[2;37;0m killed Xen[1;32m-[2;37;0mXion.
Tue Nov  4 22:50:02 2003 [1;34mShadowraith[2;37;0m killed Xen[1;32m-[2;37;0mXion.
Wed Nov  5 20:15:08 2003 [1;34mLexi[2;37;0m killed Xen[1;32m-[2;37;0mXion.
Fri Nov 14 22:46:57 2003 [1;34mShadowraith[2;37;0m killed Xen[1;32m-[2;37;0mXion.
Wed Nov 19 23:30:26 2003 [1;34mRyltar[2;37;0m killed Xen[1;32m-[2;37;0mXion.
Sat Dec 13 15:34:06 2003 [1;34mHoyle[2;37;0m killed Xen[1;32m-[2;37;0mXion.
Sat Jan  3 19:39:06 2004 [1;34mJaz[2;37;0m killed Xen[1;32m-[2;37;0mXion.
Wed Jan 14 22:44:32 2004 [1;34mEntreri[2;37;0m killed Xen[1;32m-[2;37;0mXion.
Thu Jan 22 20:23:51 2004 [1;34mGoten[2;37;0m killed Xen[1;32m-[2;37;0mXion.
Thu Feb 26 21:09:16 2004 [1;34mEntreri[2;37;0m killed Xen[1;32m-[2;37;0mXion.
Fri Mar 12 23:50:28 2004 [1;34mShadowraith[2;37;0m killed Xen[1;32m-[2;37;0mXion.
Thu Apr 22 18:04:19 2004 [1;34mPike[2;37;0m killed Xen[1;32m-[2;37;0mXion.
Mon May  3 16:04:32 2004 [1;34mCooper[2;37;0m killed Xen[1;32m-[2;37;0mXion.
Tue Jun  8 15:49:47 2004 [1;34mSundin[2;37;0m killed Xen[1;32m-[2;37;0mXion.
Thu Jun 24 19:20:19 2004 [1;34mPike[2;37;0m killed Xen[1;32m-[2;37;0mXion.
Fri Oct 15 21:15:02 2004 [1;34mRick[2;37;0m killed Xen[1;32m-[2;37;0mXion.
Tue Nov 23 21:07:24 2004 [1;34mOofle[2;37;0m killed Xen[1;32m-[2;37;0mXion.
Sun Jan  9 20:32:03 2005 [1;34mOz[2;37;0m killed Xen[1;32m-[2;37;0mXion.
Sat Jan 15 00:01:24 2005 [1;34mCooper[2;37;0m killed Xen[1;32m-[2;37;0mXion.
Sun Jan 23 01:36:01 2005 [1;34mUpus[2;37;0m killed Xen[1;32m-[2;37;0mXion.
Thu Feb  3 18:40:43 2005 [1;34mOz[2;37;0m killed Xen[1;32m-[2;37;0mXion.
Sat Feb  5 23:42:59 2005 [1;34mUpus[2;37;0m killed Xen[1;32m-[2;37;0mXion.
Fri Feb 25 03:42:07 2005 [1;34mUpus[2;37;0m killed Xen[1;32m-[2;37;0mXion.
Sun Mar  6 19:20:53 2005 [1;34mOz[2;37;0m killed Xen[1;32m-[2;37;0mXion.
Sun May 15 21:31:21 2005 [1;34mThan[2;37;0m killed Xen[1;32m-[2;37;0mXion.
Mon Jun 20 10:32:20 2005 [1;34mSahara[2;37;0m killed Xen[1;32m-[2;37;0mXion.
Sat Oct  1 01:58:37 2005 [1;34mLungbutter[2;37;0m killed Xen[1;32m-[2;37;0mXion.
Tue Oct 11 20:24:25 2005 [1;34mOz[2;37;0m killed Xen[1;32m-[2;37;0mXion.
Wed Oct 26 23:20:00 2005 [1;34mVahiti[2;37;0m killed Xen[1;32m-[2;37;0mXion.
Thu Dec  8 22:48:03 2005 [1;34mJoab[2;37;0m killed Xen[1;32m-[2;37;0mXion.
Fri Dec  9 10:43:14 2005 [1;34mJoab[2;37;0m killed Xen[1;32m-[2;37;0mXion.
Sun Dec 11 08:18:58 2005 [1;34mWhitehawk[2;37;0m killed Xen[1;32m-[2;37;0mXion.
Tue Dec 20 19:53:58 2005 [1;34mRedroses[2;37;0m killed Xen[1;32m-[2;37;0mXion.
Thu Jan 12 17:34:35 2006 [1;34mWhitehawk[2;37;0m killed Xen[1;32m-[2;37;0mXion.
Fri Jan 20 20:46:38 2006 [1;34mOz[2;37;0m killed Xen[1;32m-[2;37;0mXion.
Fri Feb 10 22:27:52 2006 [1;34mVahiti[2;37;0m killed Xen[1;32m-[2;37;0mXion.
Sat Feb 25 15:50:31 2006 [1;34mTyr[2;37;0m killed Xen[1;32m-[2;37;0mXion.
Wed Mar 22 12:43:34 2006 [1;34mSalina[2;37;0m killed Xen[1;32m-[2;37;0mXion.
Wed Mar 22 20:18:42 2006 [1;34mAchilles[2;37;0m killed Xen[1;32m-[2;37;0mXion.
Wed Mar 22 21:55:15 2006 [1;34mPike[2;37;0m killed Xen[1;32m-[2;37;0mXion.
Mon Jun 19 09:47:13 2006 [1;34mWhitehawk[2;37;0m killed Xen[1;32m-[2;37;0mXion.
Wed Jun 21 18:36:59 2006 [1;34mLance[2;37;0m killed Xen[1;32m-[2;37;0mXion.
Wed Jul  5 17:58:31 2006 [1;34mNotta[2;37;0m killed Xen[1;32m-[2;37;0mXion.
Sat Aug  5 14:53:37 2006 [1;34mGrog[2;37;0m killed Xen[1;32m-[2;37;0mXion.
Wed Oct 18 00:30:43 2006 [1;34mJubei[2;37;0m killed Xen[1;32m-[2;37;0mXion.
Thu Oct 19 18:34:59 2006 [1;34mJubei[2;37;0m killed Xen[1;32m-[2;37;0mXion.
Fri Oct 20 13:32:51 2006 [1;34mJubei[2;37;0m killed Xen[1;32m-[2;37;0mXion.
Sat Oct 21 02:14:55 2006 [1;34mJubei[2;37;0m killed Xen[1;32m-[2;37;0mXion.
Sat Oct 21 19:48:15 2006 [1;34mJubei[2;37;0m killed Xen[1;32m-[2;37;0mXion.
Fri Jan 26 16:55:27 2007 [1;34mJubei[2;37;0m killed Xen[1;32m-[2;37;0mXion.
Thu Mar  8 21:22:17 2007 [1;34mOz[2;37;0m killed Xen[1;32m-[2;37;0mXion.
Tue Apr 17 13:24:57 2007 [1;34mBlizzard[2;37;0m killed Xen[1;32m-[2;37;0mXion.
Sat May 19 20:50:57 2007 [1;34mChiele[2;37;0m killed Xen[1;32m-[2;37;0mXion.
Tue May 22 00:45:10 2007 [1;34mValen[2;37;0m killed Xen[1;32m-[2;37;0mXion.
Tue May 22 23:28:51 2007 [1;34mValen[2;37;0m killed Xen[1;32m-[2;37;0mXion.
Wed May 23 21:00:14 2007 [1;34mValen[2;37;0m killed Xen[1;32m-[2;37;0mXion.
Wed May 23 23:21:35 2007 [1;34mJubei[2;37;0m killed Xen[1;32m-[2;37;0mXion.
Thu May 24 01:55:36 2007 [1;34mClaw[2;37;0m killed Xen[1;32m-[2;37;0mXion.
Thu May 24 19:03:47 2007 [1;34mValen[2;37;0m killed Xen[1;32m-[2;37;0mXion.
Wed May 30 03:39:00 2007 [1;34mValen[2;37;0m killed Xen[1;32m-[2;37;0mXion.
Wed May 30 18:49:13 2007 [1;34mSpawn[2;37;0m killed Xen[1;32m-[2;37;0mXion.
Mon Jun  4 20:49:28 2007 [1;34mValen[2;37;0m killed Xen[1;32m-[2;37;0mXion.
Wed Jun  6 17:17:29 2007 [1;34mValen[2;37;0m killed Xen[1;32m-[2;37;0mXion.
Tue Jun 12 00:52:59 2007 [1;34mValen[0m killed Xen[1;32m-[0mXion.
Wed Jun 13 20:15:39 2007 [1;34mValen[0m killed Xen[1;32m-[0mXion.
Tue Jun 19 22:28:59 2007 [1;34mValen[0m killed Xen[1;32m-[0mXion.
Wed Jun 20 01:34:54 2007 [1;34mValen[0m killed Xen[1;32m-[0mXion.
Thu Jun 21 22:26:46 2007 [1;34mArmblessed[0m killed Xen[1;32m-[0mXion.
Sun Jun 24 21:46:16 2007 [1;34mTirnok[0m killed Xen[1;32m-[0mXion.
Mon Jun 25 18:00:24 2007 [1;34mValen[0m killed Xen[1;32m-[0mXion.
Mon Jun 25 22:58:15 2007 [1;34mValen[0m killed Xen[1;32m-[0mXion.
Wed Jun 27 00:51:36 2007 [1;34mValen[0m killed Xen[1;32m-[0mXion.
Wed Jun 27 15:44:42 2007 [1;34mValen[0m killed Xen[1;32m-[0mXion.
Mon Jul 16 16:07:00 2007 [1;34mAlexa[0m killed Xen[1;32m-[0mXion.
Tue Jul 17 21:13:33 2007 [1;34mPike[0m killed Xen[1;32m-[0mXion.
Tue Jul 17 23:08:43 2007 [1;34mDonkey[0m killed Xen[1;32m-[0mXion.
Thu Jul 19 15:36:33 2007 [1;34mJubei[0m killed Xen[1;32m-[0mXion.
Mon Jul 23 01:16:34 2007 [1;34mValen[0m killed Xen[1;32m-[0mXion.
Thu Jul 26 22:05:22 2007 [1;34mValen[0m killed Xen[1;32m-[0mXion.
Sun Aug  5 23:49:44 2007 [1;34mValen[0m killed Xen[1;32m-[0mXion.
Mon Aug  6 03:14:14 2007 [1;34mValen[0m killed Xen[1;32m-[0mXion.
Tue Aug  7 00:25:38 2007 [1;34mValen[0m killed Xen[1;32m-[0mXion.
Thu Aug  9 00:33:39 2007 [1;34mBella[0m killed Xen[1;32m-[0mXion.
Fri Aug 10 21:52:24 2007 [1;34mChiele[0m killed Xen[1;32m-[0mXion.
Tue Aug 14 01:38:11 2007 [1;34mValen[0m killed Xen[1;32m-[0mXion.
Wed Aug 15 23:40:17 2007 [1;34mChiele[0m killed Xen[1;32m-[0mXion.
Thu Aug 16 00:20:32 2007 [1;34mChiele[0m killed Xen[1;32m-[0mXion.
Fri Aug 17 21:30:47 2007 [1;34mChiele[0m killed Xen[1;32m-[0mXion.
Tue Aug 28 02:21:52 2007 [1;34mJubei[0m killed Xen[1;32m-[0mXion.
Tue Aug 28 22:42:46 2007 [1;34mJubei[0m killed Xen[1;32m-[0mXion.
Wed Aug 29 00:29:46 2007 [1;34mTeferi[0m killed Xen[1;32m-[0mXion.
Sun Sep 23 12:20:40 2007 [1;34mArmblessed[0m killed Xen[1;32m-[0mXion.
Sun Sep 23 16:19:39 2007 [1;34mBrak[0m killed Xen[1;32m-[0mXion.
Mon Sep 24 20:07:03 2007 [1;34mArmblessed[0m killed Xen[1;32m-[0mXion.
Sat Sep 29 00:30:48 2007 [1;34mArmblessed[0m killed Xen[1;32m-[0mXion.
Sat Sep 29 18:55:42 2007 [1;34mArmblessed[0m killed Xen[1;32m-[0mXion.
Sat Sep 29 23:55:00 2007 [1;34mArmblessed[0m killed Xen[1;32m-[0mXion.
Sun Sep 30 16:36:38 2007 [1;34mJacob[0m killed Xen[1;32m-[0mXion.
Wed Oct  3 12:40:13 2007 [1;34mGogeta[0m killed Xen[1;32m-[0mXion.
Wed Oct  3 17:30:54 2007 [1;34mGogeta[0m killed Xen[1;32m-[0mXion.
Fri Oct  5 10:53:48 2007 [1;34mBella[0m killed Xen[1;32m-[0mXion.
Sat Oct  6 17:53:35 2007 [1;34mGogeta[0m killed Xen[1;32m-[0mXion.
Mon Oct  8 09:24:34 2007 [1;34mTembo[0m killed Xen[1;32m-[0mXion.
Mon Oct 15 10:20:00 2007 [1;34mCoglin[0m killed Xen[1;32m-[0mXion.
Fri Oct 26 23:36:39 2007 [1;34mSquint[0m killed Xen[1;32m-[0mXion.
Sat Oct 27 22:51:14 2007 [1;34mBella[0m killed Xen[1;32m-[0mXion.
Sun Oct 28 13:15:06 2007 [1;34mSquint[0m killed Xen[1;32m-[0mXion.
Fri Nov  2 21:25:42 2007 [1;34mSquint[0m killed Xen[1;32m-[0mXion.
Sun Nov  4 11:15:14 2007 [1;34mSquint[0m killed Xen[1;32m-[0mXion.
Sun Nov  4 13:44:05 2007 [1;34mVertebraker[0m killed Xen[1;32m-[0mXion.
Wed Nov  7 18:41:33 2007 [1;34mDonkey[0m killed Xen[1;32m-[0mXion.
Sun Nov 11 15:56:29 2007 [1;34mGogeta[0m killed Xen[1;32m-[0mXion.
Tue Dec 25 16:20:18 2007 [1;34mCoglin[0m killed Xen[1;32m-[0mXion.
Mon Jan  7 10:42:02 2008 [1;34mLittle[0m killed Xen[1;32m-[0mXion.
Wed Jan  9 11:31:06 2008 [1;34mCoglin[0m killed Xen[1;32m-[0mXion.
Sun Jan 27 21:09:26 2008 [1;34mRecca[0m killed Xen[1;32m-[0mXion.
Fri Feb  8 14:32:12 2008 [1;34mMosh[0m killed Xen[1;32m-[0mXion.
Sun Mar  2 17:47:59 2008 [1;34mDeathseeker[0m killed Xen[1;32m-[0mXion.
Sun Mar  2 18:27:30 2008 [1;34mDeathseeker[0m killed Xen[1;32m-[0mXion.
Fri Apr  4 17:10:58 2008 [1;34mJacob[0m killed Xen[1;32m-[0mXion.
Tue May  6 18:39:12 2008 [1;34mJacob[0m killed Xen[1;32m-[0mXion.
Thu May  8 11:53:13 2008 [1;34mPanda[0m killed Xen[1;32m-[0mXion.
Sat May 10 22:35:35 2008 [1;34mPanda[0m killed Xen[1;32m-[0mXion.
Wed May 14 22:00:15 2008 [1;34mJaster[0m killed Xen[1;32m-[0mXion.
Mon May 19 10:52:56 2008 [1;34mBrak[0m killed Xen[1;32m-[0mXion.
Sun May 25 13:50:42 2008 [1;34mFinn[0m killed Xen[1;32m-[0mXion.
Sun Jun  1 12:41:41 2008 [1;34mMonkey[0m killed Xen[1;32m-[0mXion.
Mon Jun  2 19:42:52 2008 [1;34mGogeta[0m killed Xen[1;32m-[0mXion.
Mon Jun 23 01:00:03 2008 [1;34mJacob[0m killed Xen[1;32m-[0mXion.
Tue Jun 24 15:23:30 2008 [1;34mJacob[0m killed Xen[1;32m-[0mXion.
Sat Jul 12 22:41:20 2008 [1;34mJoab[0m killed Xen[1;32m-[0mXion.
Sun Jul 20 22:38:31 2008 [1;34mValen[0m killed Xen[1;32m-[0mXion.
Mon Jul 21 02:00:13 2008 [1;34mJake[0m killed Xen[1;32m-[0mXion.
Thu Jul 31 19:46:42 2008 [1;34mRick[0m killed Xen[1;32m-[0mXion.
Sat Aug  2 21:14:10 2008 [1;34mJake[0m killed Xen[1;32m-[0mXion.
Mon Aug  4 12:56:16 2008 [1;34mBella[0m killed Xen[1;32m-[0mXion.
Fri Aug  8 23:42:32 2008 [1;34mJoab[0m killed Xen[1;32m-[0mXion.
Sat Aug  9 18:08:02 2008 [1;34mBella[0m killed Xen[1;32m-[0mXion.
Mon Aug 11 07:48:08 2008 [1;34mShimi[0m killed Xen[1;32m-[0mXion.
Sat Aug 16 15:04:00 2008 [1;34mPegasas[0m killed Xen[1;32m-[0mXion.
Sat Aug 30 17:10:11 2008 [1;34mJoab[0m killed Xen[1;32m-[0mXion.
Sun Sep 14 01:18:16 2008 [1;34mOz[0m killed Xen[1;32m-[0mXion.
Sat Dec 13 03:25:36 2008 [1;34mValen[0m killed Xen[1;32m-[0mXion.
Mon Dec 15 22:18:59 2008 [1;34mValen[0m killed Xen[1;32m-[0mXion.
Mon Mar  2 17:29:55 2009 [1;34mGogeta[0m killed Xen[1;32m-[0mXion.
Fri Mar 13 16:43:06 2009 [1;34mGogeta[0m killed Xen[1;32m-[0mXion.
Sat Mar 14 16:56:22 2009 [1;34mGogeta[0m killed Xen[1;32m-[0mXion.
Mon Mar 16 18:51:32 2009 [1;34mGogeta[0m killed Xen[1;32m-[0mXion.
Sun Mar 29 17:22:34 2009 [1;34mBlizzard[0m killed Xen[1;32m-[0mXion.
Tue Apr 14 15:58:57 2009 [1;34mGogeta[0m killed Xen[1;32m-[0mXion.
Wed Apr 15 23:19:49 2009 [1;34mMyth[0m killed Xen[1;32m-[0mXion.
Sun May  3 20:25:09 2009 [1;34mJaster[0m killed Xen[1;32m-[0mXion.
Fri May  8 20:37:43 2009 [1;34mFervens[0m killed Xen[1;32m-[0mXion.
Sun May 10 18:51:21 2009 [1;34mMaximus[0m killed Xen[1;32m-[0mXion.
Tue May 12 02:07:12 2009 [1;34mValen[0m killed Xen[1;32m-[0mXion.
Thu May 14 00:17:40 2009 [1;34mValen[0m killed Xen[1;32m-[0mXion.
Mon May 25 00:08:19 2009 [1;34mSmack[0m killed Xen[1;32m-[0mXion.
Sat Jun 13 07:13:41 2009 [1;34mBaddin[0m killed Xen[1;32m-[0mXion.
Fri Jun 26 20:01:06 2009 [1;34mBella[0m killed Xen[1;32m-[0mXion.
Sun Jun 28 01:57:48 2009 [1;34mHadus[0m killed Xen[1;32m-[0mXion.
Fri Jul  3 02:27:04 2009 [1;34mHadus[0m killed Xen[1;32m-[0mXion.
Sat Jul  4 11:29:44 2009 [1;34mStardrifter[0m killed Xen[1;32m-[0mXion.
Tue Aug  4 13:22:45 2009 [1;34mFervens[0m killed Xen[1;32m-[0mXion.
Thu Aug  6 00:19:30 2009 [1;34mViper[0m killed Xen[1;32m-[0mXion.
Thu Aug  6 06:36:37 2009 [1;34mViper[0m killed Xen[1;32m-[0mXion.
Fri Aug  7 12:47:16 2009 [1;34mDarkfyre[0m killed Xen[1;32m-[0mXion.
Sun Aug  9 21:06:48 2009 [1;34mWhitehawk[0m killed Xen[1;32m-[0mXion.
Fri Aug 14 00:20:56 2009 [1;34mFenris[0m killed Xen[1;32m-[0mXion.
Sat Aug 15 18:32:40 2009 [1;34mViper[0m killed Xen[1;32m-[0mXion.
Sun Aug 16 00:02:21 2009 [1;34mViper[0m killed Xen[1;32m-[0mXion.
Mon Aug 17 16:52:27 2009 [1;34mFervens[0m killed Xen[1;32m-[0mXion.
Thu Aug 20 07:33:11 2009 [1;34mFervens[0m killed Xen[1;32m-[0mXion.
Thu Sep 17 16:12:50 2009 [1;34mGenesis[0m killed Xen[1;32m-[0mXion.
Fri Sep 18 01:00:00 2009 [1;34mGenesis[0m killed Xen[1;32m-[0mXion.
Wed Sep 30 16:03:20 2009 [1;34mCoglin[0m killed Xen[1;32m-[0mXion.
Tue Oct 13 18:45:32 2009 [1;34mGratch[0m killed Xen[1;32m-[0mXion.
Tue Dec  1 12:09:59 2009 [1;34mMosh[0m killed Xen[1;32m-[0mXion.
Wed Dec 23 15:38:20 2009 [1;34mJoab[0m killed Xen[1;32m-[0mXion.
Wed Mar 31 11:53:53 2010 [1;34mGogeta[0m killed Xen[1;32m-[0mXion.
Sat Apr  3 15:02:22 2010 [1;34mWicket[0m killed Xen[1;32m-[0mXion.
Sun Apr  4 13:42:06 2010 [1;34mJaster[0m killed Xen[1;32m-[0mXion.
Sun May 30 15:25:09 2010 [1;34mWicket[0m killed Xen[1;32m-[0mXion.
Thu Jun 17 19:13:17 2010 [1;34mFervens[0m killed Xen[1;32m-[0mXion.
Sat Jun 19 17:40:49 2010 [1;34mMobic[0m killed Xen[1;32m-[0mXion.
Tue Jun 22 13:32:10 2010 [1;34mCoglin[0m killed Xen[1;32m-[0mXion.
Fri Jun 25 22:11:16 2010 [1;34mTynian[0m killed Xen[1;32m-[0mXion.
Sat Jun 26 18:54:59 2010 [1;34mTynian[0m killed Xen[1;32m-[0mXion.
Fri Jul  2 21:15:31 2010 [1;34mTynian[0m killed Xen[1;32m-[0mXion.
Sun Jul 11 13:23:20 2010 [1;34mBilly[0m killed Xen[1;32m-[0mXion.
Tue Jul 13 22:00:29 2010 [1;34mMobic[0m killed Xen[1;32m-[0mXion.
Fri Jul 30 21:52:35 2010 [1;34mMobic[0m killed Xen[1;32m-[0mXion.
Sun Aug 15 22:23:16 2010 [1;34mSeifer[0m killed Xen[1;32m-[0mXion.
Wed Aug 18 21:06:07 2010 [1;34mSeifer[0m killed Xen[1;32m-[0mXion.
Mon Sep 20 15:34:38 2010 [1;34mBrak[0m killed Xen[1;32m-[0mXion.
Fri Nov 12 09:52:52 2010 [1;34mHeinous[0m killed Xen[1;32m-[0mXion.
Thu Nov 25 10:40:58 2010 [1;34mHeinous[0m killed Xen[1;32m-[0mXion.
Sat Apr  9 20:59:11 2011 [1;34mJoab[0m killed Xen[1;32m-[0mXion.
Fri May 20 19:12:42 2011 [1;34mMarek[0m killed Xen[1;32m-[0mXion.
Wed Jun  1 11:27:41 2011 [1;34mWhitehawk[0m killed Xen[1;32m-[0mXion.
Thu Jun  2 10:28:49 2011 [1;34mWhitehawk[0m killed Xen[1;32m-[0mXion.
Thu Jun 16 09:19:01 2011 [1;34mCoglin[0m killed Xen[1;32m-[0mXion.
Sat Jun 25 11:18:11 2011 [1;34mHeinous[0m killed Xen[1;32m-[0mXion.
Sat Jul  9 00:47:14 2011 [1;34mTynian[0m killed Xen[1;32m-[0mXion.
Sun Jul 17 10:56:58 2011 [1;34mAvant[0m killed Xen[1;32m-[0mXion.
Fri Aug 26 21:29:30 2011 [1;34mJoab[0m killed Xen[1;32m-[0mXion.
Sat Sep 24 12:18:38 2011 [1;34mJoab[0m killed Xen[1;32m-[0mXion.
Sun Oct 23 10:55:07 2011 [1;34mWhitehawk[0m killed Xen[1;32m-[0mXion.
Sun Nov 20 15:37:31 2011 [1;34mWhitehawk[0m killed Xen[1;32m-[0mXion.
Sat Dec 31 19:35:04 2011 [1;34mJoab[0m killed Xen[1;32m-[0mXion.
Sun Jan  1 02:08:50 2012 [1;34mJoab[0m killed Xen[1;32m-[0mXion.
Sun Jan 22 20:58:35 2012 [1;34mJaster[0m killed Xen[1;32m-[0mXion.
Sun Feb 19 19:13:03 2012 [1;34mCooper[0m killed Xen[1;32m-[0mXion.
Thu Feb  7 19:27:52 2013 [1;34mTimespliter[0m killed Xen[1;32m-[0mXion.
Tue Feb 19 03:08:12 2013 [1;34mEquilibrium[0m killed Xen[1;32m-[0mXion.
Thu Feb 28 18:57:12 2013 [1;34mSilverpaw[0m killed Xen[1;32m-[0mXion.
Sun Mar  3 15:16:39 2013 [1;34mSilverpaw[0m killed Xen[1;32m-[0mXion.
Sat Mar  9 07:05:01 2013 [1;34mSilverpaw[0m killed Xen[1;32m-[0mXion.
Thu Dec  5 13:18:26 2013 [1;34mWhitehawk[0m killed Xen[1;32m-[0mXion.
Sat Dec  7 10:24:23 2013 [1;34mWhitehawk[0m killed Xen[1;32m-[0mXion.
Sat Dec 14 17:46:18 2013 [1;34mWhitehawk[0m killed Xen[1;32m-[0mXion.
Mon Dec 23 09:59:33 2013 [1;34mWhitehawk[0m killed Xen[1;32m-[0mXion.
Tue Dec 31 08:31:07 2013 [1;34mWhitehawk[0m killed Xen[1;32m-[0mXion.
Thu Jan  2 08:40:59 2014 [1;34mWhitehawk[0m killed Xen[1;32m-[0mXion.
Thu Jan  2 15:16:27 2014 [1;34mWicket[0m killed Xen[1;32m-[0mXion.
Fri Jan 10 22:55:48 2014 [1;34mThomas[0m killed Xen[1;32m-[0mXion.
Wed Jan 15 09:28:58 2014 [1;34mWhitehawk[0m killed Xen[1;32m-[0mXion.
Wed Jan 15 13:26:45 2014 [1;34mWhitehawk[0m killed Xen[1;32m-[0mXion.
Fri Jan 17 23:18:41 2014 [1;34mBlazko[0m killed Xen[1;32m-[0mXion.
Tue Jan 28 00:37:31 2014 [1;34mKrillgeta[0m killed Xen[1;32m-[0mXion.
Tue Jan 28 20:30:59 2014 [1;34mXiao[0m killed Xen[1;32m-[0mXion.
Sun Feb  2 13:21:33 2014 [1;34mGrimer[0m killed Xen[1;32m-[0mXion.
Tue Feb  4 06:45:03 2014 [1;34mWhitehawk[0m killed Xen[1;32m-[0mXion.
Tue Feb  4 15:18:23 2014 [1;34mEquilibrium[0m killed Xen[1;32m-[0mXion.
Wed Feb  5 20:42:27 2014 [1;34mJaster[0m killed Xen[1;32m-[0mXion.
Sat Feb 15 01:10:46 2014 [1;34mEquilibrium[0m killed Xen[1;32m-[0mXion.
Sun Mar 16 22:38:42 2014 [1;34mKrash[0m killed Xen[1;32m-[0mXion.
Sun Mar 23 20:04:18 2014 [1;34mJupis[0m killed Xen[1;32m-[0mXion.
Tue Apr  1 17:02:29 2014 [1;34mKrash[0m killed Xen[1;32m-[0mXion.
Sun Apr  6 22:58:11 2014 [1;34mMarlboro[0m killed Xen[1;32m-[0mXion.
Wed Apr 16 00:02:07 2014 [1;34mDeathseeker[0m killed Xen[1;32m-[0mXion.
Tue Apr 22 23:57:36 2014 [1;34mKrash[0m killed Xen[1;32m-[0mXion.
Wed Apr 23 21:30:37 2014 [1;34mRavenstar[0m killed Xen[1;32m-[0mXion.
Fri Apr 25 13:51:44 2014 [1;34mPanda[0m killed Xen[1;32m-[0mXion.
Sat May 10 19:48:40 2014 [1;34mNoxius[0m killed Xen[1;32m-[0mXion.
Tue May 13 10:44:59 2014 [1;34mKrash[0m killed Xen[1;32m-[0mXion.
Tue May 13 22:05:53 2014 [1;34mKrash[0m killed Xen[1;32m-[0mXion.
Thu May 22 17:55:43 2014 [1;34mXehanort[0m killed Xen[1;32m-[0mXion.
Sat May 24 20:08:20 2014 [1;34mXehanort[0m killed Xen[1;32m-[0mXion.
Sun May 25 13:02:30 2014 [1;34mRavenstar[0m killed Xen[1;32m-[0mXion.
Mon May 26 16:28:27 2014 [1;34mCooper[0m killed Xen[1;32m-[0mXion.
Sat May 31 23:09:29 2014 [1;34mThomas[0m killed Xen[1;32m-[0mXion.
Fri Jun  6 12:40:02 2014 [1;34mBrak[0m killed Xen[1;32m-[0mXion.
Sat Jun  7 00:14:38 2014 [1;34mXerxes[0m killed Xen[1;32m-[0mXion.
Sat Jun  7 12:48:50 2014 [1;34mDeathseeker[0m killed Xen[1;32m-[0mXion.
Wed Jun 11 14:18:32 2014 [1;34mSin[0m killed Xen[1;32m-[0mXion.
Sat Jun 14 15:25:21 2014 [1;34mJabroni[0m killed Xen[1;32m-[0mXion.
Thu Jun 19 15:05:06 2014 [1;34mSin[0m killed Xen[1;32m-[0mXion.
Fri Jun 20 12:00:27 2014 [1;34mRecca[0m killed Xen[1;32m-[0mXion.
Sun Jun 22 15:14:28 2014 [1;34mTimespliter[0m killed Xen[1;32m-[0mXion.
Thu Jun 26 18:28:43 2014 [1;34mCooper[0m killed Xen[1;32m-[0mXion.
Tue Jul  8 10:20:41 2014 [1;34mXerxes[0m killed Xen[1;32m-[0mXion.
Tue Jul  8 13:51:58 2014 [1;34mXerxes[0m killed Xen[1;32m-[0mXion.
Sat Jul 12 18:18:24 2014 [1;34mWhitehawk[0m killed Xen[1;32m-[0mXion.
Tue Jul 22 17:24:40 2014 [1;34mXerxes[0m killed Xen[1;32m-[0mXion.
Sat Jul 26 22:52:41 2014 [1;34mDeathKnight[0m killed Xen[1;32m-[0mXion.
Tue Jul 29 13:18:59 2014 [1;34mRecca[0m killed Xen[1;32m-[0mXion.
Thu Jul 31 17:01:09 2014 [1;34mAngie[0m killed Xen[1;32m-[0mXion.
Fri Aug  1 22:44:29 2014 [1;34mAngie[0m killed Xen[1;32m-[0mXion.
Tue Aug  5 13:53:28 2014 [1;34mBrak[0m killed Xen[1;32m-[0mXion.
Thu Aug  7 19:36:04 2014 [1;34mAngie[0m killed Xen[1;32m-[0mXion.
Sat Aug  9 22:47:06 2014 [1;34mWhitehawk[0m killed Xen[1;32m-[0mXion.
Sun Aug 10 06:57:11 2014 [1;34mWhitehawk[0m killed Xen[1;32m-[0mXion.
Mon Aug 11 15:03:48 2014 [1;34mRecca[0m killed Xen[1;32m-[0mXion.
Thu Aug 14 14:51:22 2014 [1;34mKrillgeta[0m killed Xen[1;32m-[0mXion.
Fri Aug 15 11:02:02 2014 [1;34mRecca[0m killed Xen[1;32m-[0mXion.
Fri Aug 15 23:54:35 2014 [1;34mBrak[0m killed Xen[1;32m-[0mXion.
Tue Aug 19 02:18:12 2014 [1;34mRecca[0m killed Xen[1;32m-[0mXion.
Tue Aug 19 12:25:05 2014 [1;34mRecca[0m killed Xen[1;32m-[0mXion.
Wed Aug 20 00:48:22 2014 [1;34mRecca[0m killed Xen[1;32m-[0mXion.
Sun Aug 24 05:51:50 2014 [1;34mGrimer[0m killed Xen[1;32m-[0mXion.
Sun Aug 24 11:29:38 2014 [1;34mSilverwind[0m killed Xen[1;32m-[0mXion.
Thu Sep 11 18:44:13 2014 [1;34mJaster[0m killed Xen[1;32m-[0mXion.
Mon Sep 15 10:35:57 2014 [1;34mJaster[0m killed Xen[1;32m-[0mXion.
Tue Sep 16 11:31:16 2014 [1;34mBrak[0m killed Xen[1;32m-[0mXion.
Fri Sep 19 21:56:23 2014 [1;34mWhitehawk[0m killed Xen[1;32m-[0mXion.
Fri Sep 19 23:57:12 2014 [1;34mDameon[0m killed Xen[1;32m-[0mXion.
Mon Sep 22 21:47:46 2014 [1;34mRemedy[0m killed Xen[1;32m-[0mXion.
Wed Sep 24 11:41:26 2014 [1;34mJabroni[0m killed Xen[1;32m-[0mXion.
Thu Sep 25 00:47:15 2014 [1;34mBrak[0m killed Xen[1;32m-[0mXion.
Wed Oct  8 21:03:08 2014 [1;34mBrak[0m killed Xen[1;32m-[0mXion.
Sun Oct 26 00:03:18 2014 [1;34mWhitehawk[0m killed Xen[1;32m-[0mXion.
Fri Nov  7 01:11:31 2014 [1;34mMonkey[0m killed Xen[1;32m-[0mXion.
Fri Nov  7 11:20:20 2014 [1;34mGogeta[0m killed Xen[1;32m-[0mXion.
Sat Nov  8 22:02:50 2014 [1;34mGogeta[0m killed Xen[1;32m-[0mXion.
Mon Nov 24 21:02:20 2014 [1;34mBlazko[0m killed Xen[1;32m-[0mXion.
Sat Nov 29 12:43:24 2014 [1;34mHoyle[0m killed Xen[1;32m-[0mXion.
Mon Dec  1 19:56:19 2014 [1;34mJaster[0m killed Xen[1;32m-[0mXion.
Thu Dec 18 01:32:42 2014 [1;34mIsamu[0m killed Xen[1;32m-[0mXion.
Fri Dec 19 23:08:52 2014 [1;34mSteeler[0m killed Xen[1;32m-[0mXion.
Sat Dec 20 14:55:20 2014 [1;34mSteeler[0m killed Xen[1;32m-[0mXion.
Fri Dec 26 20:21:09 2014 [1;34mSteeler[0m killed Xen[1;32m-[0mXion.
Sat Dec 27 14:49:43 2014 [1;34mIsamu[0m killed Xen[1;32m-[0mXion.
Sun Dec 28 13:58:17 2014 [1;34mIsamu[0m killed Xen[1;32m-[0mXion.
Mon Dec 29 12:14:01 2014 [1;34mIsamu[0m killed Xen[1;32m-[0mXion.
Tue Jan 20 18:19:45 2015 [1;34mJaster[0m killed Xen[1;32m-[0mXion.
Wed Jan 21 19:34:14 2015 [1;34mFastkill[0m killed Xen[1;32m-[0mXion.
Sun Jan 25 18:16:55 2015 [1;34mGogeta[0m killed Xen[1;32m-[0mXion.
Mon Jan 26 21:34:01 2015 [1;34mGogeta[0m killed Xen[1;32m-[0mXion.
Wed Feb 18 22:46:30 2015 [1;34mWhitehawk[0m killed Xen[1;32m-[0mXion.
Sun Mar  1 06:48:21 2015 [1;34mGrimer[0m killed Xen[1;32m-[0mXion.
Sun Mar  1 17:34:32 2015 [1;34mSkan[0m killed Xen[1;32m-[0mXion.
Tue Mar 17 01:33:25 2015 [1;34mRecca[0m killed Xen[1;32m-[0mXion.
Fri Mar 20 19:04:09 2015 [1;34mGrimer[0m killed Xen[1;32m-[0mXion.
Sun Mar 29 15:19:58 2015 [1;34mRecca[0m killed Xen[1;32m-[0mXion.
Mon Mar 30 13:33:51 2015 [1;34mIsamu[0m killed Xen[1;32m-[0mXion.
Wed Apr  8 16:04:11 2015 [1;34mOberon[0m killed Xen[1;32m-[0mXion.
Sat Apr 11 09:11:32 2015 [1;34mCleipa[0m killed Xen[1;32m-[0mXion.
Tue Apr 21 12:25:26 2015 [1;34mGrimer[0m killed Xen[1;32m-[0mXion.
Wed Apr 22 15:24:25 2015 [1;34mOberon[0m killed Xen[1;32m-[0mXion.
Fri Apr 24 12:34:30 2015 [1;34mOberon[0m killed Xen[1;32m-[0mXion.
Fri May  1 17:22:34 2015 [1;34mBrak[0m killed Xen[1;32m-[0mXion.
Sat May  2 08:04:20 2015 [1;34mJj[0m killed Xen[1;32m-[0mXion.
Sun May  3 11:21:32 2015 [1;34mBrak[0m killed Xen[1;32m-[0mXion.
Tue May  5 00:10:36 2015 [1;34mRecca[0m killed Xen[1;32m-[0mXion.
Tue May 12 08:02:53 2015 [1;34mWhitehawk[0m killed Xen[1;32m-[0mXion.
Tue May 12 22:56:33 2015 [1;34mBrak[0m killed Xen[1;32m-[0mXion.
Fri May 15 19:08:21 2015 [1;34mWhitehawk[0m killed Xen[1;32m-[0mXion.
Mon May 18 14:25:59 2015 [1;34mBrak[0m killed Xen[1;32m-[0mXion.
Fri May 29 16:53:25 2015 [1;34mSkan[0m killed Xen[1;32m-[0mXion.
Sun May 31 14:26:18 2015 [1;34mSkan[0m killed Xen[1;32m-[0mXion.
Sun May 31 18:03:13 2015 [1;34mSkan[0m killed Xen[1;32m-[0mXion.
Thu Jun  4 17:30:39 2015 [1;34mDameon[0m killed Xen[1;32m-[0mXion.
Wed Jun 17 16:37:51 2015 [1;34mSkan[0m killed Xen[1;32m-[0mXion.
Fri Jun 19 17:23:50 2015 [1;34mSkan[0m killed Xen[1;32m-[0mXion.
Tue Jun 30 20:31:00 2015 [1;34mSkan[0m killed Xen[1;32m-[0mXion.
Wed Jul  1 17:22:17 2015 [1;34mDarude[0m killed Xen[1;32m-[0mXion.
Fri Jul  3 14:09:42 2015 [1;34mDarude[0m killed Xen[1;32m-[0mXion.
Tue Jul  7 11:10:58 2015 [1;34mDarude[0m killed Xen[1;32m-[0mXion.
Fri Jul 10 19:53:46 2015 [1;34mSkan[0m killed Xen[1;32m-[0mXion.
Wed Jul 15 19:29:27 2015 [1;34mMosh[0m killed Xen[1;32m-[0mXion.
Fri Jul 17 11:59:39 2015 [1;34mDarude[0m killed Xen[1;32m-[0mXion.
Tue Jul 21 11:06:15 2015 [1;34mSkan[0m killed Xen[1;32m-[0mXion.
Wed Jul 22 09:45:48 2015 [1;34mSkan[0m killed Xen[1;32m-[0mXion.
Thu Jul 23 15:02:58 2015 [1;34mSkan[0m killed Xen[1;32m-[0mXion.
Sun Jul 26 14:54:23 2015 [1;34mSkan[0m killed Xen[1;32m-[0mXion.
Tue Jul 28 21:13:32 2015 [1;34mKrillgeta[0m killed Xen[1;32m-[0mXion.
Sat Aug  1 08:45:07 2015 [1;34mSkan[0m killed Xen[1;32m-[0mXion.
Mon Aug 31 14:52:55 2015 [1;34mDragnar[0m killed Xen[1;32m-[0mXion.
Mon Aug 31 14:57:11 2015 [1;34mDragnar[0m killed Xen[1;32m-[0mXion.
Mon Aug 31 15:00:05 2015 [1;34mDragnar[0m killed Xen[1;32m-[0mXion.
Mon Aug 31 15:05:21 2015 [1;34mDragnar[0m killed Xen[1;32m-[0mXion.
Mon Aug 31 15:07:17 2015 [1;34mDragnar[0m killed Xen[1;32m-[0mXion.
Mon Aug 31 15:57:00 2015 [1;34mDragnar[0m killed Xen[1;32m-[0mXion.
Mon Aug 31 16:38:40 2015 [1;34mDragnar[0m killed Xen[1;32m-[0mXion.
Wed Sep  2 17:51:50 2015 [1;34mBrak[0m killed Xen[1;32m-[0mXion.
Thu Sep  3 23:35:48 2015 [1;34mBrak[0m killed Xen[1;32m-[0mXion.
Sun Sep  6 21:19:45 2015 [1;34mGogeta[0m killed Xen[1;32m-[0mXion.
Tue Sep  8 12:59:46 2015 [1;34mIsamu[0m killed Xen[1;32m-[0mXion.
Mon Sep 14 00:04:12 2015 [1;34mGogeta[0m killed Xen[1;32m-[0mXion.
Thu Sep 17 17:20:24 2015 [1;34mSkan[0m killed Xen[1;32m-[0mXion.
Thu Sep 17 21:19:18 2015 [1;34mGoogleplex[0m killed Xen[1;32m-[0mXion.
Mon Sep 21 16:59:17 2015 [1;34mRumi[0m killed Xen[1;32m-[0mXion.
Sat Oct  3 09:36:02 2015 [1;34mSilverwind[0m killed Xen[1;32m-[0mXion.
Sun Oct 25 15:25:36 2015 [1;34mWhitehawk[0m killed Xen[1;32m-[0mXion.
Wed Oct 28 07:51:27 2015 [1;34mGogeta[0m killed Xen[1;32m-[0mXion.
Sat Nov  7 19:18:35 2015 [1;34mWhitehawk[0m killed Xen[1;32m-[0mXion.
Tue Nov 17 00:36:48 2015 [1;34mDarude[0m killed Xen[1;32m-[0mXion.
Mon Nov 23 18:41:39 2015 [1;34mTitan[0m killed Xen[1;32m-[0mXion.
Mon Nov 30 19:43:02 2015 [1;34mJaster[0m killed Xen[1;32m-[0mXion.
Wed Dec  9 11:40:57 2015 [1;34mWhitehawk[0m killed Xen[1;32m-[0mXion.
Wed Dec  9 18:25:32 2015 [1;34mDeathKnight[0m killed Xen[1;32m-[0mXion.
Tue Dec 15 20:13:18 2015 [1;34mBrak[0m killed Xen[1;32m-[0mXion.
Sat Feb  6 10:57:40 2016 [1;34mWhitehawk[0m killed Xen[1;32m-[0mXion.
Fri Feb 19 11:14:22 2016 [1;34mIsamu[0m killed Xen[1;32m-[0mXion.
Mon Mar 28 13:57:30 2016 [1;34mGogeta[0m killed Xen[1;32m-[0mXion.
Sat Apr  2 21:30:15 2016 [1;34mGogeta[0m killed Xen[1;32m-[0mXion.
Mon Apr 25 09:28:09 2016 [1;34mDarude[0m killed Xen[1;32m-[0mXion.
Sat May 21 11:28:07 2016 [1;34mDarude[0m killed Xen[1;32m-[0mXion.
Fri May 27 09:50:03 2016 [1;34mDarude[0m killed Xen[1;32m-[0mXion.
Fri Jun 10 07:47:00 2016 [1;34mWhitehawk[0m killed Xen[1;32m-[0mXion.
Thu Jun 23 10:15:47 2016 [1;34mDarude[0m killed Xen[1;32m-[0mXion.
Thu Jul  7 17:25:54 2016 [1;34mDarude[0m killed Xen[1;32m-[0mXion.
Mon Jul 11 13:00:25 2016 [1;34mDarude[0m killed Xen[1;32m-[0mXion.
Sun Jul 17 17:26:54 2016 [1;34mWhitehawk[0m killed Xen[1;32m-[0mXion.
Fri Jul 22 12:57:23 2016 [1;34mDarude[0m killed Xen[1;32m-[0mXion.
Mon Aug 15 10:17:41 2016 [1;34mDarude[0m killed Xen[1;32m-[0mXion.
Thu Aug 18 09:39:34 2016 [1;34mIsamu[0m killed Xen[1;32m-[0mXion.
Tue Sep  6 21:43:35 2016 [1;34mWhitehawk[0m killed Xen[1;32m-[0mXion.
Fri Sep  9 12:46:10 2016 [1;34mChrono[0m killed Xen[1;32m-[0mXion.
Mon Sep 19 12:52:33 2016 [1;34mWhitehawk[0m killed Xen[1;32m-[0mXion.
Mon Sep 19 17:18:20 2016 [1;34mDarude[0m killed Xen[1;32m-[0mXion.
Wed Sep 21 19:50:01 2016 [1;34mDarude[0m killed Xen[1;32m-[0mXion.
Wed Sep 21 20:32:56 2016 [1;34mWhitehawk[0m killed Xen[1;32m-[0mXion.
Sat Sep 24 16:57:44 2016 [1;34mWhitehawk[0m killed Xen[1;32m-[0mXion.
Sun Sep 25 11:46:53 2016 [1;34mDarude[0m killed Xen[1;32m-[0mXion.
Mon Oct  3 09:46:47 2016 [1;34mDarude[0m killed Xen[1;32m-[0mXion.
Thu Oct  6 09:58:42 2016 [1;34mDarude[0m killed Xen[1;32m-[0mXion.
Mon Oct 10 10:01:06 2016 [1;34mDarude[0m killed Xen[1;32m-[0mXion.
Wed Nov  2 16:09:43 2016 [1;34mDarude[0m killed Xen[1;32m-[0mXion.
Wed Nov 30 00:48:26 2016 [1;34mWhitehawk[0m killed Xen[1;32m-[0mXion.
Thu Dec  1 09:10:22 2016 [1;34mWhitehawk[0m killed Xen[1;32m-[0mXion.
Sun Dec 18 07:47:41 2016 [1;34mWhitehawk[0m killed Xen[1;32m-[0mXion.
Tue Dec 20 11:25:53 2016 [1;34mDarude[0m killed Xen[1;32m-[0mXion.
Wed Jan 18 10:06:38 2017 [1;34mDarude[0m killed Xen[1;32m-[0mXion.
