2003.12.27 19:26 A C:\Program Files\WS_FTP\GUILD\weapon\powers\archmagi.c <-- Microsoft /players/jareel/GUILD/weapon/powers archmagi.c
2003.12.27 19:27 A C:\Program Files\WS_FTP\GUILD\weapon\powers\blizzard.c <-- Microsoft /players/jareel/GUILD/weapon/powers blizzard.c
2003.12.27 19:27 A C:\Program Files\WS_FTP\GUILD\weapon\powers\chaos_slayer.c <-- Microsoft /players/jareel/GUILD/weapon/powers chaos_slayer.c
2003.12.27 19:27 A C:\Program Files\WS_FTP\GUILD\weapon\powers\cleansing.c <-- Microsoft /players/jareel/GUILD/weapon/powers cleansing.c
2003.12.27 19:27 A C:\Program Files\WS_FTP\GUILD\weapon\powers\cold.c <-- Microsoft /players/jareel/GUILD/weapon/powers cold.c
2003.12.27 19:27 A C:\Program Files\WS_FTP\GUILD\weapon\powers\coldfire.c <-- Microsoft /players/jareel/GUILD/weapon/powers coldfire.c
2003.12.27 19:27 A C:\Program Files\WS_FTP\GUILD\weapon\powers\confusion.c <-- Microsoft /players/jareel/GUILD/weapon/powers confusion.c
2003.12.27 19:27 A C:\Program Files\WS_FTP\GUILD\weapon\powers\curing.c <-- Microsoft /players/jareel/GUILD/weapon/powers curing.c
2003.12.27 19:27 A C:\Program Files\WS_FTP\GUILD\weapon\powers\death.c <-- Microsoft /players/jareel/GUILD/weapon/powers death.c
2003.12.27 19:27 A C:\Program Files\WS_FTP\GUILD\weapon\powers\demon_slayer.c <-- Microsoft /players/jareel/GUILD/weapon/powers demon_slayer.c
2003.12.27 19:27 A C:\Program Files\WS_FTP\GUILD\weapon\powers\disease.c <-- Microsoft /players/jareel/GUILD/weapon/powers disease.c
2003.12.27 19:27 A C:\Program Files\WS_FTP\GUILD\weapon\powers\dragon_slayer.c <-- Microsoft /players/jareel/GUILD/weapon/powers dragon_slayer.c
2003.12.27 19:27 A C:\Program Files\WS_FTP\GUILD\weapon\powers\electricity.c <-- Microsoft /players/jareel/GUILD/weapon/powers electricity.c
2003.12.27 19:27 A C:\Program Files\WS_FTP\GUILD\weapon\powers\evil.c <-- Microsoft /players/jareel/GUILD/weapon/powers evil.c
2003.12.27 19:27 A C:\Program Files\WS_FTP\GUILD\weapon\powers\fire.c <-- Microsoft /players/jareel/GUILD/weapon/powers fire.c
2003.12.27 19:27 A C:\Program Files\WS_FTP\GUILD\weapon\powers\flame.c <-- Microsoft /players/jareel/GUILD/weapon/powers flame.c
2003.12.27 19:27 A C:\Program Files\WS_FTP\GUILD\weapon\powers\fortune.c <-- Microsoft /players/jareel/GUILD/weapon/powers fortune.c
2003.12.27 19:27 A C:\Program Files\WS_FTP\GUILD\weapon\powers\frost.c <-- Microsoft /players/jareel/GUILD/weapon/powers frost.c
2003.12.27 19:27 A C:\Program Files\WS_FTP\GUILD\weapon\powers\frost_cyclone.c <-- Microsoft /players/jareel/GUILD/weapon/powers frost_cyclone.c
2003.12.27 19:27 A C:\Program Files\WS_FTP\GUILD\weapon\powers\frost_shards.c <-- Microsoft /players/jareel/GUILD/weapon/powers frost_shards.c
2003.12.27 19:27 A C:\Program Files\WS_FTP\GUILD\weapon\powers\giant_slayer.c <-- Microsoft /players/jareel/GUILD/weapon/powers giant_slayer.c
2003.12.27 19:27 A C:\Program Files\WS_FTP\GUILD\weapon\powers\glacier.c <-- Microsoft /players/jareel/GUILD/weapon/powers glacier.c
2003.12.27 19:27 A C:\Program Files\WS_FTP\GUILD\weapon\powers\good.c <-- Microsoft /players/jareel/GUILD/weapon/powers good.c
2003.12.27 19:27 A C:\Program Files\WS_FTP\GUILD\weapon\powers\greed.c <-- Microsoft /players/jareel/GUILD/weapon/powers greed.c
2003.12.27 19:27 A C:\Program Files\WS_FTP\GUILD\weapon\powers\health.c <-- Microsoft /players/jareel/GUILD/weapon/powers health.c
2003.12.27 19:27 A C:\Program Files\WS_FTP\GUILD\weapon\powers\heat.c <-- Microsoft /players/jareel/GUILD/weapon/powers heat.c
2003.12.27 19:27 A C:\Program Files\WS_FTP\GUILD\weapon\powers\ice.c <-- Microsoft /players/jareel/GUILD/weapon/powers ice.c
2003.12.27 19:27 A C:\Program Files\WS_FTP\GUILD\weapon\powers\inferno.c <-- Microsoft /players/jareel/GUILD/weapon/powers inferno.c
2003.12.27 19:27 A C:\Program Files\WS_FTP\GUILD\weapon\powers\lawful_slayer.c <-- Microsoft /players/jareel/GUILD/weapon/powers lawful_slayer.c
2003.12.27 19:27 A C:\Program Files\WS_FTP\GUILD\weapon\powers\life.c <-- Microsoft /players/jareel/GUILD/weapon/powers life.c
2003.12.27 19:27 A C:\Program Files\WS_FTP\GUILD\weapon\powers\lightning.c <-- Microsoft /players/jareel/GUILD/weapon/powers lightning.c
2003.12.27 19:27 A C:\Program Files\WS_FTP\GUILD\weapon\powers\lion.c <-- Microsoft /players/jareel/GUILD/weapon/powers lion.c
2003.12.27 19:27 A C:\Program Files\WS_FTP\GUILD\weapon\powers\magi.c <-- Microsoft /players/jareel/GUILD/weapon/powers magi.c
2003.12.27 19:27 A C:\Program Files\WS_FTP\GUILD\weapon\powers\mana.c <-- Microsoft /players/jareel/GUILD/weapon/powers mana.c
2003.12.27 19:27 A C:\Program Files\WS_FTP\GUILD\weapon\powers\mana_drain.c <-- Microsoft /players/jareel/GUILD/weapon/powers mana_drain.c
2003.12.27 19:27 A C:\Program Files\WS_FTP\GUILD\weapon\powers\nova.c <-- Microsoft /players/jareel/GUILD/weapon/powers nova.c
2003.12.27 19:27 A C:\Program Files\WS_FTP\GUILD\weapon\powers\pain.c <-- Microsoft /players/jareel/GUILD/weapon/powers pain.c
2003.12.27 19:27 A C:\Program Files\WS_FTP\GUILD\weapon\powers\plague.c <-- Microsoft /players/jareel/GUILD/weapon/powers plague.c
2003.12.27 19:27 A C:\Program Files\WS_FTP\GUILD\weapon\powers\poison.c <-- Microsoft /players/jareel/GUILD/weapon/powers poison.c
2003.12.27 19:27 A C:\Program Files\WS_FTP\GUILD\weapon\powers\regeneration.c <-- Microsoft /players/jareel/GUILD/weapon/powers regeneration.c
2003.12.27 19:27 A C:\Program Files\WS_FTP\GUILD\weapon\powers\reverse.c <-- Microsoft /players/jareel/GUILD/weapon/powers reverse.c
2003.12.27 19:27 A C:\Program Files\WS_FTP\GUILD\weapon\powers\serpent.c <-- Microsoft /players/jareel/GUILD/weapon/powers serpent.c
2003.12.27 19:27 A C:\Program Files\WS_FTP\GUILD\weapon\powers\shocking.c <-- Microsoft /players/jareel/GUILD/weapon/powers shocking.c
2003.12.27 19:27 A C:\Program Files\WS_FTP\GUILD\weapon\powers\speed.c <-- Microsoft /players/jareel/GUILD/weapon/powers speed.c
2003.12.27 19:27 A C:\Program Files\WS_FTP\GUILD\weapon\powers\storms.c <-- Microsoft /players/jareel/GUILD/weapon/powers storms.c
2003.12.27 19:27 A C:\Program Files\WS_FTP\GUILD\weapon\powers\test.c <-- Microsoft /players/jareel/GUILD/weapon/powers test.c
2003.12.27 19:27 A C:\Program Files\WS_FTP\GUILD\weapon\powers\undead_slayer.c <-- Microsoft /players/jareel/GUILD/weapon/powers undead_slayer.c
2003.12.27 19:27 A C:\Program Files\WS_FTP\GUILD\weapon\powers\venom.c <-- Microsoft /players/jareel/GUILD/weapon/powers venom.c
2003.12.27 19:27 A C:\Program Files\WS_FTP\GUILD\weapon\powers\weakness.c <-- Microsoft /players/jareel/GUILD/weapon/powers weakness.c
2003.12.27 19:27 A C:\Program Files\WS_FTP\GUILD\weapon\powers\wealth.c <-- Microsoft /players/jareel/GUILD/weapon/powers wealth.c
2003.12.27 19:27 A C:\Program Files\WS_FTP\GUILD\weapon\powers\witchhunter.c <-- Microsoft /players/jareel/GUILD/weapon/powers witchhunter.c
2003.12.27 19:50 A C:\Program Files\WS_FTP\GUILD\weapon\powers\archmagi.c --> nirvana.mudservices.com /players/jareel/GUILD/weapon/powers archmagi.c
2003.12.27 19:50 A C:\Program Files\WS_FTP\GUILD\weapon\powers\blizzard.c --> nirvana.mudservices.com /players/jareel/GUILD/weapon/powers blizzard.c
2003.12.27 19:50 A C:\Program Files\WS_FTP\GUILD\weapon\powers\chaos_slayer.c --> nirvana.mudservices.com /players/jareel/GUILD/weapon/powers chaos_slayer.c
2003.12.27 19:50 A C:\Program Files\WS_FTP\GUILD\weapon\powers\cleansing.c --> nirvana.mudservices.com /players/jareel/GUILD/weapon/powers cleansing.c
2003.12.27 19:50 A C:\Program Files\WS_FTP\GUILD\weapon\powers\cold.c --> nirvana.mudservices.com /players/jareel/GUILD/weapon/powers cold.c
2003.12.27 19:50 A C:\Program Files\WS_FTP\GUILD\weapon\powers\coldfire.c --> nirvana.mudservices.com /players/jareel/GUILD/weapon/powers coldfire.c
2003.12.27 19:50 A C:\Program Files\WS_FTP\GUILD\weapon\powers\confusion.c --> nirvana.mudservices.com /players/jareel/GUILD/weapon/powers confusion.c
2003.12.27 19:50 A C:\Program Files\WS_FTP\GUILD\weapon\powers\curing.c --> nirvana.mudservices.com /players/jareel/GUILD/weapon/powers curing.c
2003.12.27 19:51 A C:\Program Files\WS_FTP\GUILD\weapon\powers\death.c --> nirvana.mudservices.com /players/jareel/GUILD/weapon/powers death.c
2003.12.27 19:51 A C:\Program Files\WS_FTP\GUILD\weapon\powers\demon_slayer.c --> nirvana.mudservices.com /players/jareel/GUILD/weapon/powers demon_slayer.c
2003.12.27 19:51 A C:\Program Files\WS_FTP\GUILD\weapon\powers\disease.c --> nirvana.mudservices.com /players/jareel/GUILD/weapon/powers disease.c
2003.12.27 19:51 A C:\Program Files\WS_FTP\GUILD\weapon\powers\dragon_slayer.c --> nirvana.mudservices.com /players/jareel/GUILD/weapon/powers dragon_slayer.c
2003.12.27 19:51 A C:\Program Files\WS_FTP\GUILD\weapon\powers\electricity.c --> nirvana.mudservices.com /players/jareel/GUILD/weapon/powers electricity.c
2003.12.27 19:51 A C:\Program Files\WS_FTP\GUILD\weapon\powers\evil.c --> nirvana.mudservices.com /players/jareel/GUILD/weapon/powers evil.c
2003.12.27 19:51 A C:\Program Files\WS_FTP\GUILD\weapon\powers\fire.c --> nirvana.mudservices.com /players/jareel/GUILD/weapon/powers fire.c
2003.12.27 19:51 A C:\Program Files\WS_FTP\GUILD\weapon\powers\flame.c --> nirvana.mudservices.com /players/jareel/GUILD/weapon/powers flame.c
2003.12.27 19:51 A C:\Program Files\WS_FTP\GUILD\weapon\powers\fortune.c --> nirvana.mudservices.com /players/jareel/GUILD/weapon/powers fortune.c
2003.12.27 19:51 A C:\Program Files\WS_FTP\GUILD\weapon\powers\frost.c --> nirvana.mudservices.com /players/jareel/GUILD/weapon/powers frost.c
2003.12.27 19:51 A C:\Program Files\WS_FTP\GUILD\weapon\powers\frost_cyclone.c --> nirvana.mudservices.com /players/jareel/GUILD/weapon/powers frost_cyclone.c
2003.12.27 19:51 A C:\Program Files\WS_FTP\GUILD\weapon\powers\frost_shards.c --> nirvana.mudservices.com /players/jareel/GUILD/weapon/powers frost_shards.c
2003.12.27 19:51 A C:\Program Files\WS_FTP\GUILD\weapon\powers\giant_slayer.c --> nirvana.mudservices.com /players/jareel/GUILD/weapon/powers giant_slayer.c
2003.12.27 19:51 A C:\Program Files\WS_FTP\GUILD\weapon\powers\glacier.c --> nirvana.mudservices.com /players/jareel/GUILD/weapon/powers glacier.c
2003.12.27 19:51 A C:\Program Files\WS_FTP\GUILD\weapon\powers\good.c --> nirvana.mudservices.com /players/jareel/GUILD/weapon/powers good.c
2003.12.27 19:51 A C:\Program Files\WS_FTP\GUILD\weapon\powers\greed.c --> nirvana.mudservices.com /players/jareel/GUILD/weapon/powers greed.c
2003.12.27 19:51 A C:\Program Files\WS_FTP\GUILD\weapon\powers\health.c --> nirvana.mudservices.com /players/jareel/GUILD/weapon/powers health.c
2003.12.27 19:51 A C:\Program Files\WS_FTP\GUILD\weapon\powers\heat.c --> nirvana.mudservices.com /players/jareel/GUILD/weapon/powers heat.c
2003.12.27 19:51 A C:\Program Files\WS_FTP\GUILD\weapon\powers\ice.c --> nirvana.mudservices.com /players/jareel/GUILD/weapon/powers ice.c
2003.12.27 19:51 A C:\Program Files\WS_FTP\GUILD\weapon\powers\inferno.c --> nirvana.mudservices.com /players/jareel/GUILD/weapon/powers inferno.c
2003.12.27 19:51 A C:\Program Files\WS_FTP\GUILD\weapon\powers\lawful_slayer.c --> nirvana.mudservices.com /players/jareel/GUILD/weapon/powers lawful_slayer.c
2003.12.27 19:51 A C:\Program Files\WS_FTP\GUILD\weapon\powers\life.c --> nirvana.mudservices.com /players/jareel/GUILD/weapon/powers life.c
2003.12.27 19:51 A C:\Program Files\WS_FTP\GUILD\weapon\powers\lightning.c --> nirvana.mudservices.com /players/jareel/GUILD/weapon/powers lightning.c
2003.12.27 19:51 A C:\Program Files\WS_FTP\GUILD\weapon\powers\lion.c --> nirvana.mudservices.com /players/jareel/GUILD/weapon/powers lion.c
2003.12.27 19:51 A C:\Program Files\WS_FTP\GUILD\weapon\powers\magi.c --> nirvana.mudservices.com /players/jareel/GUILD/weapon/powers magi.c
2003.12.27 19:51 A C:\Program Files\WS_FTP\GUILD\weapon\powers\mana.c --> nirvana.mudservices.com /players/jareel/GUILD/weapon/powers mana.c
2003.12.27 19:51 A C:\Program Files\WS_FTP\GUILD\weapon\powers\mana_drain.c --> nirvana.mudservices.com /players/jareel/GUILD/weapon/powers mana_drain.c
2003.12.27 19:51 A C:\Program Files\WS_FTP\GUILD\weapon\powers\nova.c --> nirvana.mudservices.com /players/jareel/GUILD/weapon/powers nova.c
2003.12.27 19:51 A C:\Program Files\WS_FTP\GUILD\weapon\powers\pain.c --> nirvana.mudservices.com /players/jareel/GUILD/weapon/powers pain.c
2003.12.27 19:51 A C:\Program Files\WS_FTP\GUILD\weapon\powers\plague.c --> nirvana.mudservices.com /players/jareel/GUILD/weapon/powers plague.c
2003.12.27 19:51 A C:\Program Files\WS_FTP\GUILD\weapon\powers\poison.c --> nirvana.mudservices.com /players/jareel/GUILD/weapon/powers poison.c
2003.12.27 19:51 A C:\Program Files\WS_FTP\GUILD\weapon\powers\regeneration.c --> nirvana.mudservices.com /players/jareel/GUILD/weapon/powers regeneration.c
2003.12.27 19:51 A C:\Program Files\WS_FTP\GUILD\weapon\powers\reverse.c --> nirvana.mudservices.com /players/jareel/GUILD/weapon/powers reverse.c
2003.12.27 19:51 A C:\Program Files\WS_FTP\GUILD\weapon\powers\serpent.c --> nirvana.mudservices.com /players/jareel/GUILD/weapon/powers serpent.c
2003.12.27 19:51 A C:\Program Files\WS_FTP\GUILD\weapon\powers\shocking.c --> nirvana.mudservices.com /players/jareel/GUILD/weapon/powers shocking.c
2003.12.27 19:51 A C:\Program Files\WS_FTP\GUILD\weapon\powers\speed.c --> nirvana.mudservices.com /players/jareel/GUILD/weapon/powers speed.c
2003.12.27 19:51 A C:\Program Files\WS_FTP\GUILD\weapon\powers\storms.c --> nirvana.mudservices.com /players/jareel/GUILD/weapon/powers storms.c
2003.12.27 19:51 A C:\Program Files\WS_FTP\GUILD\weapon\powers\test.c --> nirvana.mudservices.com /players/jareel/GUILD/weapon/powers test.c
2003.12.27 19:51 A C:\Program Files\WS_FTP\GUILD\weapon\powers\undead_slayer.c --> nirvana.mudservices.com /players/jareel/GUILD/weapon/powers undead_slayer.c
2003.12.27 19:51 A C:\Program Files\WS_FTP\GUILD\weapon\powers\venom.c --> nirvana.mudservices.com /players/jareel/GUILD/weapon/powers venom.c
2003.12.27 19:51 A C:\Program Files\WS_FTP\GUILD\weapon\powers\weakness.c --> nirvana.mudservices.com /players/jareel/GUILD/weapon/powers weakness.c
2003.12.27 19:51 A C:\Program Files\WS_FTP\GUILD\weapon\powers\wealth.c --> nirvana.mudservices.com /players/jareel/GUILD/weapon/powers wealth.c
2003.12.27 19:51 A C:\Program Files\WS_FTP\GUILD\weapon\powers\witchhunter.c --> nirvana.mudservices.com /players/jareel/GUILD/weapon/powers witchhunter.c
