Wed May 13 09:41:58 2009 shinshi rollcall 0
Wed May 13 09:43:27 2009 shinshi rollcall 0
Wed May 13 09:44:47 2009 shinshi rollcall 0
Wed May 13 09:45:09 2009 shinshi order 0 pillagecastle mizan
Wed May 13 09:47:25 2009 shinshi rollcall 0
Wed May 13 09:55:57 2009 shinshi rollcall 0
Wed May 13 09:56:45 2009 shinshi rollcall 0
Wed May 13 09:57:45 2009 shinshi orderall loiter /room/vill_green.c
Wed May 13 09:57:57 2009 shinshi rollcall 0
Wed May 13 09:58:15 2009 shinshi rollcall 0
Wed May 13 09:58:21 2009 shinshi rollcall 0
Wed May 13 09:58:33 2009 shinshi rollcall 0
Wed May 13 09:59:32 2009 shinshi rollcall 0
Wed May 13 09:59:34 2009 shinshi rollcall 0
Wed May 13 09:59:36 2009 shinshi rollcall 0
Wed May 13 09:59:56 2009 shinshi orderall pillagecastle catwoman
Wed May 13 10:03:32 2009 shinshi orderall pester star 10
Wed May 13 10:04:16 2009 shinshi orderall pillagecastle star
Wed May 13 10:04:34 2009 shinshi orderall pillagecastle boltar
Wed May 13 10:05:40 2009 shinshi rollcall 0
Wed May 13 10:06:53 2009 shinshi orderall harrass star
Wed May 13 10:07:49 2009 shinshi orderall hold /room/void.c 1
Wed May 13 10:23:30 2009 shinshi rollcall 0
Wed May 13 11:34:37 2009 shinshi rollcall 0
Wed May 13 11:34:45 2009 shinshi order 4 pester tristian
Wed May 13 11:41:28 2009 shinshi orderall pillagecastle trix
Wed May 13 22:49:03 2009 mizan ordercabal TheCorps defend
Wed May 13 22:49:09 2009 mizan ordercabal TheCorps defend /players/snow/shadows/cata/cata2.c
Wed May 13 22:49:27 2009 mizan ordercabal TheCorps pillageloiter /players/snow/shadows/cata/cata2 10000
Thu May 14 08:11:38 2009 shinshi rollcall 0
Thu May 14 08:15:20 2009 shinshi rollcall 0
Thu May 14 08:15:30 2009 shinshi orderall pester chip 999999
Thu May 14 08:16:30 2009 shinshi orderall harrass chip 999999
Thu May 14 08:20:51 2009 shinshi orderall hold /players/chip/workroom.c 999999
Thu May 14 08:23:51 2009 shinshi rollcall 0
Thu May 14 08:37:30 2009 shinshi rollcall 0
Thu May 14 08:38:02 2009 shinshi rollcall 0
Thu May 14 08:38:10 2009 shinshi order 9 harrass chip
Thu May 14 08:42:21 2009 shinshi order 9
Thu May 14 08:42:27 2009 shinshi order 9 harrass shinshi
Thu May 14 08:42:39 2009 shinshi rollcall 0
Thu May 14 08:42:59 2009 shinshi rollcall 0
Thu May 14 08:43:07 2009 shinshi order 10 harrass shinshi
Thu May 14 08:44:01 2009 shinshi rollcall 0
Thu May 14 08:44:11 2009 shinshi order 10 pester shinshi 2
Thu May 14 08:45:59 2009 shinshi rollcall 0
Thu May 14 08:46:37 2009 shinshi rollcall 0
Thu May 14 09:05:42 2009 shinshi rollcall 0
Thu May 14 09:05:46 2009 shinshi orderall pillagecastle mizan
Thu May 14 09:06:08 2009 shinshi rollcall 0
Thu May 14 09:06:22 2009 shinshi order explode chip
Thu May 14 09:07:16 2009 shinshi rollcall 0
Thu May 14 09:07:34 2009 shinshi order 10 explode chip
Thu May 14 09:08:19 2009 shinshi rollcall 0
Thu May 14 09:08:25 2009 shinshi order 11 explode shinshi
Thu May 14 09:16:15 2009 shinshi orderall hold /room/void.c
Thu May 14 09:16:19 2009 shinshi orderall hold /room/void.c 999999
Thu May 14 09:16:25 2009 shinshi rollcall 0
Thu May 14 09:17:57 2009 shinshi orderteam MonstersInc hold /room/void.c
Thu May 14 09:18:03 2009 shinshi orderteam MonstersInc hold /room/void.c 999999
Thu May 14 09:18:41 2009 shinshi orderteam MonstersInc hold /room/void.c 999999
Thu May 14 09:22:45 2009 shinshi orderall protect shinshi
Thu May 14 09:26:02 2009 shinshi orderall 0
Thu May 14 09:26:12 2009 shinshi orderall defend domo-kun
Thu May 14 09:27:18 2009 shinshi rollcall 0
Thu May 14 09:27:20 2009 shinshi order 10 pester star
Thu May 14 09:28:26 2009 shinshi order 10 harrass shinshi
Thu May 14 09:52:23 2009 shinshi rollcall 0
Thu May 14 09:54:06 2009 shinshi rollcall 0
Thu May 14 09:54:18 2009 shinshi order 12 hold /players/shinshi/workroom.c 999
Thu May 14 10:07:11 2009 shinshi rollcall 0
Thu May 14 10:07:51 2009 shinshi orderall hold /players/star/workroom.c
Thu May 14 10:08:55 2009 shinshi rollcall 0
Thu May 14 10:11:11 2009 shinshi order dane hold /players/star/workroom.c
Thu May 14 10:11:17 2009 shinshi order 18 hold /players/star/workroom.c
Thu May 14 10:13:01 2009 shinshi order 18 hold /players/shinshi/workroom.c
Thu May 14 10:14:25 2009 shinshi order 18 hold /players/tristian/workroom.c
Thu May 14 10:16:31 2009 shinshi order 18 hold /players/shinshi/workroom.c
Thu May 14 10:28:56 2009 shinshi order 19 hold /players/shinshi/workroom.c
Thu May 14 10:29:06 2009 shinshi rollcall 0
Thu May 14 10:29:08 2009 shinshi order 18 hold /players/shinshi/workroom.c
Thu May 14 10:30:18 2009 shinshi rollcall 0
Thu May 14 10:30:26 2009 shinshi order 19 hold /players/shinshi/workroom.c
Thu May 14 10:31:24 2009 shinshi order 19 hold /players/shinshi/workroom.c
Thu May 14 10:32:03 2009 shinshi rollcall 0
Thu May 14 10:32:11 2009 shinshi order 20 hold /players/shinshi/workroom.c
Thu May 14 10:52:32 2009 shinshi rollcall 0
Thu May 14 10:56:34 2009 shinshi rollcall 0
Thu May 14 10:56:40 2009 shinshi order 23 hold /room/void.c 999999
Thu May 14 10:57:02 2009 shinshi rollcall 0
Thu May 14 10:57:11 2009 shinshi order 23 pester shinshi
Thu May 14 10:59:12 2009 shinshi rollcall 0
Thu May 14 11:00:04 2009 shinshi rollcall 0
Thu May 14 11:00:12 2009 shinshi order 23 hold /room/vill_green.c
Thu May 14 11:23:10 2009 shinshi rollcall 0
Thu May 14 11:25:12 2009 shinshi rollcall 0
Thu May 14 11:25:42 2009 shinshi order 24 explodespot /room/vill_green.c
Thu May 14 11:31:32 2009 shinshi rollcall 0
Thu May 14 11:31:44 2009 shinshi order 21 harrass hercules
Thu May 14 11:38:01 2009 shinshi rollcall 0
Thu May 14 11:38:11 2009 shinshi order 25 harrass chip
Thu May 14 11:39:01 2009 shinshi rollcall 0
Thu May 14 11:39:19 2009 shinshi rollcall 0
Thu May 14 11:39:23 2009 shinshi order dane pester shinshi
Thu May 14 11:39:31 2009 shinshi order 25 pester shinshi
Thu May 14 11:39:59 2009 shinshi order 25 pester shinshi
Thu May 14 11:40:37 2009 shinshi rollcall 0
Thu May 14 11:41:41 2009 shinshi rollcall 0
Thu May 14 11:46:21 2009 shinshi rollcall 0
Thu May 14 11:46:25 2009 shinshi order 25 pester shinshi
Thu May 14 12:05:22 2009 shinshi rollcall 0
Thu May 14 12:11:55 2009 shinshi rollcall 0
Thu May 14 12:12:03 2009 shinshi order 25 pester chip
Thu May 14 12:54:22 2009 shinshi rollcall 0
Thu May 14 14:22:35 2009 shinshi rollcall 0
Thu May 14 14:22:43 2009 shinshi order 25 pester bella
Thu May 14 14:23:15 2009 shinshi order 25 pester shinshi
Thu May 14 14:25:15 2009 gideon rollcall 0
Thu May 14 14:25:39 2009 shinshi rollcall 0
Thu May 14 14:26:45 2009 shinshi rollcall 0
Thu May 14 14:26:53 2009 shinshi order 25 pester bella
Thu May 14 14:27:43 2009 shinshi order 25 hold /room/vill_green.c
Thu May 14 14:27:47 2009 shinshi order 25 hold /room/vill_green.c 999999
Thu May 14 14:28:03 2009 shinshi order 25 hold /players/shinshi/workroom.c
Thu May 14 14:29:25 2009 shinshi rollcall 0
Thu May 14 14:29:31 2009 shinshi order 25 hold /players/shinshi/workroom.c
Thu May 14 14:32:07 2009 shinshi order 25 pester shinshi
Thu May 14 14:32:35 2009 shinshi rollcall 0
Thu May 14 14:32:43 2009 shinshi order 25 hold /room/vill_green.c
Thu May 14 14:33:27 2009 shinshi rollcall 0
Thu May 14 14:34:13 2009 shinshi order 25 pester gideon
Thu May 14 14:37:01 2009 shinshi rollcall 0
Fri May 15 00:25:55 2009 shinshi rollcall 0
Fri May 15 00:26:01 2009 shinshi order 26 defend shinshi
Fri May 15 00:27:15 2009 shinshi order 26 hold /room/vill_green.c
Fri May 15 00:29:29 2009 shinshi order 26 loiter /room/vill_green.c
Fri May 15 00:35:50 2009 shinshi order 26 pester darkfyre
Fri May 15 00:45:20 2009 shinshi rollcall 0
Fri May 15 00:45:42 2009 shinshi order 26 pester shinshi
Fri May 15 01:08:37 2009 shinshi rollcall 0
Fri May 15 12:23:10 2009 shinshi rollcall 0
Fri May 15 12:23:20 2009 shinshi order 0 pester fred
Fri May 15 12:24:04 2009 shinshi order 0 pester hercules
Fri May 15 12:24:10 2009 shinshi order 0 pester shinshi
Fri May 15 12:24:20 2009 shinshi rollcall 0
Fri May 15 12:24:56 2009 shinshi order 0 hold /room/void.c 999999999
Fri May 15 12:25:04 2009 shinshi order 0 hold /room/void.c 999999
Fri May 15 12:25:10 2009 shinshi rollcall 0
Fri May 15 12:48:25 2009 shinshi order 0 hold /room/void.c 999999
Fri May 15 12:48:29 2009 shinshi rollcall 0
Fri May 15 12:48:31 2009 shinshi rollcall 0
Fri May 15 13:13:17 2009 shinshi rollcall 0
Fri May 15 13:36:41 2009 shinshi rollcall 0
Sat May 16 20:31:59 2009 shinshi rollcall 0
Sat May 16 20:33:45 2009 shinshi rollcall 0
Sat May 16 20:33:51 2009 shinshi order 0 pester fervens
Sat May 16 20:33:57 2009 shinshi rollcall 0
Sat May 16 20:34:01 2009 shinshi rollcall 0
Sat May 16 20:34:11 2009 shinshi rollcall 0
Sat May 16 20:34:13 2009 shinshi rollcall 0
Sat May 16 20:34:35 2009 shinshi order 0 pester darkfyre
Sat May 16 20:36:15 2009 shinshi order 0 hold /room/void.c
Sat May 16 20:36:49 2009 shinshi order 0 hold /players/shinshi/workroom.c
Sat May 16 20:37:21 2009 shinshi order dane explode
Sat May 16 20:37:25 2009 shinshi order dane explode shinshi
Sat May 16 20:38:07 2009 shinshi order 0 explode shinshi
Sun May 17 07:48:37 2009 shinshi order 0 harrass adrianna
Sun May 17 07:48:43 2009 shinshi rollcall 0
Sun May 17 07:48:45 2009 shinshi rollcall 0
Sun May 17 07:48:47 2009 shinshi rollcall 0
Sun May 17 07:48:51 2009 shinshi rollcall 0
Sun May 17 07:49:03 2009 shinshi rollcall 0
Sun May 17 07:49:09 2009 shinshi order 0 harrass adrianna
Sun May 17 07:49:11 2009 shinshi rollcall 0
Sun May 17 07:49:13 2009 shinshi rollcall 0
Sun May 17 07:49:39 2009 shinshi order 0 harrass adrianna
Sun May 17 07:50:19 2009 shinshi order 0 pester hercules
Sun May 17 07:50:23 2009 shinshi rollcall 0
Sun May 17 07:50:37 2009 shinshi order 0 pester hercules 30
Sun May 17 07:52:55 2009 shinshi rollcall 0
Sun May 17 08:01:16 2009 shinshi order 0 pester shinshi
Sun May 17 09:08:27 2009 shinshi rollcall 0
Sun May 17 09:42:08 2009 shinshi order 0 explode star
Sun May 17 09:45:27 2009 shinshi rollcall 0
Tue May 19 11:21:40 2009 shinshi rollcall 0
Tue May 19 11:21:44 2009 shinshi order 0 pester fury
Tue May 19 11:22:46 2009 shinshi rollcall 0
Tue May 19 11:22:54 2009 shinshi order 0 hold /room/void.c 999999
Tue May 19 11:23:02 2009 shinshi order 0 pester fred
Tue May 19 11:23:10 2009 shinshi order 0 pester star
Tue May 19 11:23:30 2009 shinshi order 0 pester fury
Tue May 19 11:24:10 2009 shinshi order 0 pester shinshi
Tue May 19 11:26:42 2009 shinshi order 0 killname
Tue May 19 11:26:46 2009 shinshi order 0 killname star
Tue May 19 11:27:16 2009 shinshi order dane kill
Tue May 19 11:27:20 2009 shinshi order 0 kill star
Tue May 19 11:27:26 2009 shinshi order 0 killguild bard
Tue May 19 11:28:06 2009 shinshi order 0 explode star
Fri May 22 13:04:04 2009 shinshi order 0 pester khrell
Fri May 22 13:04:08 2009 shinshi order 0 pester star
Fri May 22 13:04:14 2009 shinshi order 0 pester fred
Fri May 22 13:04:20 2009 shinshi order 0 pester equilibrium
Fri May 22 13:04:24 2009 shinshi order 0 pester shinshi
Fri May 22 13:09:56 2009 shinshi order 0 pester star
Fri May 22 13:10:02 2009 shinshi order 0 pester khrell
Fri May 22 13:10:58 2009 shinshi order 0 pester khrell
Fri May 22 13:11:02 2009 shinshi order 0 pester equilibrium
Fri May 22 13:11:55 2009 shinshi order 1 pester khrell
Fri May 22 13:11:59 2009 shinshi order 1 pester equilibrium
Fri May 22 13:12:15 2009 shinshi order 1 pester weide
Fri May 22 13:12:27 2009 shinshi order 1 explode star
Fri May 22 21:14:21 2009 shinshi rollcall 0
Sat May 23 19:17:13 2009 shinshi rollcall 0
Sat May 23 19:34:39 2009 shinshi rollcall 0
Sat May 23 19:34:51 2009 shinshi order 3 loiter /players/shinshi/workroom.c
Sat May 23 20:19:07 2009 shinshi rollcall 0
Wed May 27 09:31:24 2009 shinshi rollcall 0
Wed May 27 09:31:32 2009 shinshi rollcall 0
Wed May 27 09:47:18 2009 shinshi rollcall 0
Wed May 27 09:49:51 2009 shinshi rollcall 0
Wed May 27 09:56:18 2009 shinshi rollcall 0
Wed May 27 09:56:22 2009 shinshi order 23 pester fenris
Wed May 27 09:56:30 2009 shinshi order 23 pester shinshi
Wed May 27 09:56:50 2009 shinshi order 23 pester shinshi
Wed May 27 09:57:20 2009 shinshi rollcall 0
Tue Jun  9 12:46:38 2009 shinshi rollcall 0
Tue Jun  9 12:48:18 2009 shinshi rollcall 0
Tue Jun  9 12:48:46 2009 shinshi rollcall 0
Tue Jun  9 12:56:34 2009 shinshi rollcall 0
Wed Jun 17 16:08:03 2009 mizan rollcall 0
Wed Jun 17 16:17:12 2009 mizan rollcall 0
Wed Jun 17 16:17:34 2009 mizan orderall hound shinshi
Wed Jun 17 16:18:14 2009 mizan orderall harrass shinshi
Wed Jun 17 16:18:38 2009 mizan rollcall 0
Wed Jun 17 16:18:46 2009 mizan orderall explodespot /players/shinshi/workroom
Wed Jun 17 16:19:30 2009 mizan rollcall 0
Sat Jun 20 22:06:31 2009 mizan rollcall 0
Sat Jun 20 22:06:43 2009 mizan orderall huntobj tiger
Sat Jun 20 22:09:25 2009 mizan rollcall 0
Sat Jun 20 22:09:29 2009 mizan order 4 huntobj tiger
Sat Jun 20 22:11:19 2009 mizan order 1 explode tiger
Sat Jun 20 22:11:25 2009 mizan order 2 explode tiger
Sat Jun 20 22:11:31 2009 mizan order 1 explode tiger
Sat Jun 20 22:11:31 2009 mizan rollcall 0
Sat Jun 20 22:11:35 2009 mizan order 3 explode tiger
Sat Jun 20 22:11:59 2009 mizan orderall explode tiger
Sat Jun 20 22:12:17 2009 mizan rollcall 0
Sat Jun 20 22:12:31 2009 mizan rollcall 0
Sat Jun 20 22:12:35 2009 mizan orderall explode tiger
Tue Jun 23 13:35:30 2009 mizan rollcall 0
Tue Jun 23 13:35:48 2009 mizan orderall pester mizan
Tue Jun 23 13:35:50 2009 mizan rollcall 0
Tue Jun 23 13:36:02 2009 mizan orderall harrass mizan
Tue Jun 23 13:36:16 2009 mizan orderall harrass worm
Tue Jun 23 13:36:24 2009 mizan orderall harrass tank
Tue Jun 23 13:37:02 2009 mizan rollcall 0
Tue Jun 23 13:37:12 2009 mizan orderall harrass tank
Tue Jun 23 13:37:28 2009 mizan orderall harrass baddin
Tue Jun 23 13:38:11 2009 mizan orderall loiter /room/wild1
Tue Jun 23 13:51:25 2009 shinshi rollcall 0
Tue Jun 23 13:51:43 2009 shinshi rollcall 0
Tue Jun 23 13:52:03 2009 shinshi rollcall 0
Tue Jun 23 13:52:45 2009 shinshi rollcall 0
Thu Jun 25 22:30:20 2009 mizan rollcall 0
Thu Jun 25 22:30:36 2009 mizan rollcall 0
Thu Jun 25 22:31:08 2009 mizan order 1 protect hoyle 1000
Thu Jun 25 22:31:20 2009 mizan rollcall 0
Thu Jun 25 22:31:24 2009 mizan order 1 hold /room/void
Thu Jun 25 22:36:54 2009 mizan order 1 protect hoyle 1000
Thu Jun 25 22:39:56 2009 mizan order 1 hold /room/void
Thu Jun 25 22:40:00 2009 mizan order 1 hold /room/void
Thu Jun 25 23:07:21 2009 mizan rollcall 0
Tue Jun 30 18:22:24 2009 shinshi rollcall 0
Thu Jul 23 07:54:46 2009 shinshi rollcall 0
Thu Jul 23 07:54:50 2009 shinshi order 0 pester maximus
Thu Jul 23 07:55:38 2009 shinshi order 0 pillagecastle maledicta
Thu Jul 23 07:55:50 2009 shinshi rollcall 0
Thu Jul 23 07:56:22 2009 shinshi order 0 pester feyth
Thu Jul 23 07:56:34 2009 shinshi order 0 harass shinshi
Thu Jul 23 07:56:40 2009 shinshi order 0 harrass shinshi
Thu Jul 23 07:57:12 2009 shinshi order 0 kill shinshi
Thu Jul 23 07:57:16 2009 shinshi rollcall 0
Thu Jul 23 07:57:32 2009 shinshi orderall 0
Thu Jul 23 07:57:50 2009 shinshi order 0 killname shinshi
Thu Jul 23 07:58:00 2009 shinshi order 0 pester shinshi
Thu Jul 23 07:58:02 2009 shinshi order 0 killname shinshi
Thu Jul 23 07:58:46 2009 shinshi rollcall 0
Fri Aug 21 05:06:52 2009 shinshi rollcall 0
Fri Aug 21 05:06:58 2009 shinshi orderall pester shinshi
Fri Aug 21 05:07:22 2009 shinshi orderall 0
Fri Aug 21 05:07:24 2009 shinshi rollcall 0
Fri Aug 21 05:07:36 2009 shinshi orderall harrass shinshi
Fri Aug 21 05:08:40 2009 shinshi rollcall 0
Fri Aug 21 05:08:44 2009 shinshi order 0 pester shinshi
Thu Sep 17 02:41:27 2009 shinshi order 0
Thu Sep 17 02:41:33 2009 shinshi rollcall 0
Thu Sep 17 02:41:45 2009 shinshi order 0 pillagecastle deathmonger
Thu Sep 17 02:42:29 2009 shinshi order 0 pillagecastle deathmonger
Thu Sep 17 02:42:37 2009 shinshi order 0 pillagecastle deathmonger 999
Fri Oct 23 10:02:47 2009 mizan rollcall 0
Fri Oct 23 10:02:53 2009 mizan order 4 pester wicket
Fri Oct 23 10:04:13 2009 mizan order 4 harrass wicket
Fri Oct 23 10:04:25 2009 mizan rollcall 0
Fri Oct 23 13:43:01 2009 mizan rollcall 0
Fri Oct 23 13:43:11 2009 mizan order 0 explode shinshi
Tue May  4 11:25:50 2010 shinshi rollcall 0
Tue May  4 11:26:08 2010 shinshi rollcall 0
Tue May  4 11:26:10 2010 shinshi order 1
Tue May  4 11:26:12 2010 shinshi order 0
Tue May  4 11:26:20 2010 shinshi order 1 killname shinshi 1
Tue May  4 11:26:52 2010 shinshi rollcall 0
Tue May  4 11:27:12 2010 shinshi order 1 defend shinshi
Tue May  4 11:27:40 2010 shinshi order 0
Tue May  4 11:27:48 2010 shinshi order 1 harrass shinshi
Tue May  4 11:28:04 2010 shinshi order 1 loiter shinshi
Tue May  4 11:28:16 2010 shinshi order 1 pestername shinshi
Tue May  4 11:28:28 2010 shinshi rollcall 0
Tue May  4 12:13:32 2010 shinshi rollcall 0
Fri May 14 20:12:33 2010 mizan rollcall 0
Fri May 14 20:12:41 2010 mizan order 0 loiter /room/sea
Fri May 14 20:12:51 2010 mizan order 2 loiter /room/sea
Fri May 14 20:12:53 2010 mizan rollcall 0
Fri May 14 20:12:57 2010 mizan rollcall 0
Fri May 14 20:13:05 2010 mizan order 2 loiter /room/sea
Fri May 14 20:13:05 2010 mizan rollcall 0
Fri May 14 20:16:50 2010 mizan rollcall 0
Fri May 14 20:38:48 2010 mizan rollcall 0
Fri May 14 20:39:00 2010 mizan order 5 hold /room/vill_green
Fri May 14 20:40:32 2010 mizan rollcall 0
Fri May 14 20:40:46 2010 mizan order 5 killname beano
Fri May 14 20:41:24 2010 mizan rollcall 0
Fri May 14 20:41:42 2010 mizan order 5 explode
Fri May 14 20:41:52 2010 mizan order 5 explodespot /room/vill_green
Fri May 14 20:42:49 2010 mizan rollcall 0
Fri May 14 20:43:01 2010 mizan order 4 dismiss
Fri May 14 20:43:19 2010 mizan rollcall 0
Fri May 14 20:43:25 2010 mizan order 9 loiter /room/sea
Sun Jun 27 22:44:37 2010 mizan rollcall 0
Sun Jun 27 22:44:45 2010 mizan order 6 loiter /room/vill_green
Sun Jun 27 22:45:05 2010 mizan rollcall 0
Sun Jun 27 22:45:15 2010 mizan order 6 loiter /room/vill_green
Sun Jun 27 22:46:05 2010 mizan rollcall 0
Sun Jun 27 22:46:31 2010 mizan rollcall 0
Sun Jun 27 22:46:53 2010 mizan rollcall 0
Sun Jun 27 22:46:59 2010 mizan rollcall 0
Sun Jun 27 22:47:15 2010 mizan rollcall 0
Sun Jun 27 22:47:25 2010 mizan rollcall 0
Sun Jun 27 22:47:51 2010 mizan rollcall 0
Sun Jun 27 22:53:33 2010 mizan rollcall 0
Sun Sep 19 01:10:55 2010 shinshi rollcall 0
Wed Dec  8 11:35:16 2010 mizan rollcall 0
Wed Dec  8 11:35:28 2010 mizan order 4 pillagecastle mythos 15000
Fri Feb 25 16:47:24 2011 mizan rollcall 0
Fri Feb 25 16:47:26 2011 mizan orderall dismiss
Fri Feb 25 16:56:56 2011 mizan rollcall 0
Fri Feb 25 16:57:00 2011 mizan order 0 dismiss
Fri Feb 25 16:59:46 2011 mizan orderall dismiss
Fri Feb 25 17:09:23 2011 mizan rollcall 0
Fri Feb 25 21:06:12 2011 mizan rollcall 0
Fri Feb 25 21:26:14 2011 mizan rollcall 0
Fri Feb 25 21:32:00 2011 mizan rollcall 0
Fri Feb 25 21:32:04 2011 mizan orderall dismiss
Fri Feb 25 21:37:08 2011 mizan rollcall 0
Fri Feb 25 22:00:06 2011 mizan rollcall 0
Fri Feb 25 22:03:52 2011 mizan rollcall 0
Fri Feb 25 22:04:10 2011 mizan orderall killobj hydra
Fri Feb 25 22:04:30 2011 mizan rollcall 0
Fri Feb 25 22:04:42 2011 mizan orderall kill sheep
Fri Feb 25 22:04:46 2011 mizan rollcall 0
Fri Feb 25 22:04:52 2011 mizan orderall killobj sheep
Fri Feb 25 22:05:04 2011 mizan rollcall 0
Fri Feb 25 22:05:22 2011 mizan rollcall 0
Sun Feb 27 23:28:18 2011 mizan rollcall 0
Sun Feb 27 23:28:22 2011 mizan orderall dismiss
Sun Feb 27 23:28:42 2011 mizan rollcall 0
Sun Feb 27 23:30:06 2011 mizan rollcall 0
Sun Feb 27 23:30:12 2011 mizan orderall dimi
Sun Feb 27 23:30:14 2011 mizan rollcall 0
Mon Feb 28 16:29:16 2011 mizan rollcall 0
Mon Feb 28 16:29:20 2011 mizan orderall dismiss
Mon Feb 28 16:34:14 2011 mizan rollcall 0
Mon Feb 28 16:58:23 2011 mizan rollcall 0
Thu Mar  3 13:54:40 2011 mizan rollcall 0
Thu Mar  3 13:54:42 2011 mizan orderall dismiss
Thu Mar  3 13:54:46 2011 mizan rollcall 0
Thu Mar  3 13:54:50 2011 mizan orderall dismiss
Thu Mar  3 13:54:54 2011 mizan rollcall 0
Thu Mar  3 13:54:58 2011 mizan orderall dismiss
Thu Mar  3 22:17:08 2011 mizan rollcall 0
Thu Mar  3 22:32:18 2011 mizan rollcall 0
Thu Mar  3 22:32:26 2011 mizan orderall huntobj captpotato
Thu Mar  3 22:32:34 2011 mizan orderall huntobj captpotato
Thu Mar  3 22:32:40 2011 mizan rollcall 0
Thu Mar  3 22:32:46 2011 mizan order 191 huntobj captpotat
Thu Mar  3 22:32:54 2011 mizan order 191 huntobj captpotato
Sat Mar  5 22:36:09 2011 mizan rollcall 0
Sat Mar  5 22:36:21 2011 mizan ordercabal beano dismiss
Sat Mar  5 22:36:25 2011 mizan rollcall 0
Sat Mar  5 22:36:31 2011 mizan ordercabal beanos dismiss
Sat Mar  5 22:36:35 2011 mizan orderall dismiss
Sat Mar  5 22:36:37 2011 mizan rollcall 0
Sat Mar  5 22:36:39 2011 mizan rollcall 0
Sun Mar 27 11:30:02 2011 mizan rollcall 0
Sat Jan 26 15:01:13 2013 shinshi rollcall 0
Sat Jan  4 21:11:12 2014 shinshi rollcall 0
Sat Jan  4 21:11:20 2014 wicket rollcall 0
Sat Jan  4 21:11:32 2014 shinshi rollcall 0
Sat Jan  4 21:12:54 2014 shinshi rollcall 0
Sat Jan  4 21:13:14 2014 shinshi order 9 pester shinshi
Sat Jan  4 21:13:28 2014 wicket rollcall 0
Sat Jan  4 21:14:12 2014 wicket rollcall 0
Sat Jan  4 21:14:40 2014 shinshi rollcall 0
Sat Jan  4 21:14:52 2014 shinshi rollcall 0
Sat Jan  4 21:15:00 2014 shinshi order 17 pester zegram
Sat Jan  4 21:15:12 2014 wicket rollcall 0
Sat Jan  4 21:16:52 2014 shinshi rollcall 0
Sat Jan  4 21:20:20 2014 shinshi rollcall 0
Sat Jan  4 21:20:38 2014 shinshi order 16 pester worm
Sat Jan  4 21:21:30 2014 shinshi rollcall 0
Sat Jan  4 21:21:36 2014 shinshi order 14 pester shinshi
Sat Jan  4 21:22:44 2014 shinshi rollcall 0
Sat Jan  4 21:23:00 2014 shinshi order 14 hold
Sat Jan  4 21:23:16 2014 shinshi order 14 hold /room/vill_green.c
Sat Jan  4 21:24:06 2014 wicket rollcall 0
Sat Jan  4 21:24:30 2014 shinshi order 0
Sat Jan  4 21:24:38 2014 shinshi rollcall 0
Sat Jan  4 21:26:02 2014 shinshi rollcall 0
Sat Jan  4 21:26:12 2014 shinshi order 16 pester blazko
Sat Jan  4 21:26:18 2014 shinshi rollcall 0
Sat Jan  4 21:27:10 2014 shinshi rollcall 0
Sat Jan  4 21:27:32 2014 shinshi order 18 pester gogeta
Sat Jan  4 21:27:52 2014 shinshi rollcall 0
Sat Jan  4 21:28:08 2014 shinshi order 20 harass shinshi
Sat Jan  4 21:28:12 2014 shinshi order 0
Sat Jan  4 21:28:20 2014 shinshi rollcall 0
Sat Jan  4 21:28:22 2014 shinshi order 0
Sat Jan  4 21:28:38 2014 shinshi order 20 harrass shinshi
Sat Jan  4 21:29:18 2014 shinshi rollcall 0
Sat Jan  4 21:29:32 2014 shinshi order 17 harrass sami
Sat Jan  4 21:30:08 2014 shinshi rollcall 0
Sat Jan  4 21:30:23 2014 shinshi order 20 hold /room/vill_green.c
Sat Jan  4 21:32:15 2014 shinshi rollcall 0
Sat Jan  4 21:32:21 2014 shinshi order 16 harrass gogeta
Sat Jan  4 21:32:47 2014 shinshi rollcall 0
Sat Jan  4 21:33:15 2014 wicket order 0
Sat Jan  4 21:33:41 2014 wicket order 2 killname masakado 10
Sat Jan  4 21:33:49 2014 shinshi rollcall 0
Sat Jan  4 21:34:17 2014 shinshi rollcall 0
Sat Jan  4 21:34:33 2014 shinshi rollcall 0
Sat Jan  4 21:34:57 2014 shinshi rollcall 0
Sat Jan  4 21:35:17 2014 shinshi rollcall 0
Sat Jan  4 21:35:27 2014 shinshi rollcall 0
Sat Jan  4 21:35:33 2014 shinshi order 26 harrass dragnar
Sat Jan  4 21:35:45 2014 shinshi rollcall 0
Sat Jan  4 21:36:07 2014 wicket rollcall 0
Sat Jan  4 21:37:05 2014 wicket order 25 pestername shinshi 10
Sat Jan  4 21:39:07 2014 shinshi rollcall 0
Sat Jan  4 21:39:15 2014 shinshi order 24 harrass gogeta
Sat Jan  4 21:39:27 2014 shinshi rollcall 0
Sat Jan  4 21:39:33 2014 shinshi order 24 harrass krillgeta
Sat Jan  4 21:40:19 2014 shinshi rollcall 0
Sat Jan  4 21:41:43 2014 shinshi rollcall 0
Sat Jan  4 21:41:51 2014 shinshi order 20 pillagecastle wicket
Sat Jan  4 21:42:01 2014 shinshi order 20 pillagecastle shinshi
Sat Jan  4 21:42:17 2014 shinshi order 20 pillagecastle dragnar
Sat Jan  4 21:42:27 2014 shinshi rollcall 0
Sat Jan  4 21:43:43 2014 shinshi rollcall 0
Sat Jan  4 21:43:53 2014 shinshi order 0
Sat Jan  4 21:44:01 2014 shinshi orderall 0
Sat Jan  4 21:44:31 2014 shinshi orderall pester gogeta
Sat Jan  4 21:44:37 2014 shinshi orderall pester krillgeta
Sat Jan  4 21:44:59 2014 shinshi orderall hold /room/vill_green.c
Sat Jan  4 21:45:11 2014 shinshi rollcall 0
Sat Jan  4 21:45:25 2014 shinshi rollcall 0
Sat Jan  4 21:45:31 2014 shinshi order 23 hold /room/vill_green
Sat Jan  4 21:45:37 2014 shinshi order 24 hold /room/vill_green
Sat Jan  4 21:45:43 2014 shinshi order 25 hold /room/vill_green
Sat Jan  4 21:46:09 2014 shinshi rollcall 0
Sat Jan  4 21:46:53 2014 shinshi orderall loiter
Sat Jan  4 21:47:01 2014 shinshi orderall loiter /room/vill_green
Sat Jan  4 21:47:05 2014 shinshi rollcall 0
Sat Jan  4 21:47:37 2014 shinshi order 23 loiter /room/vill_green
Sat Jan  4 21:47:45 2014 shinshi order 24 loiter /room/vill_green
Sat Jan  4 21:47:47 2014 shinshi order 25 loiter /room/vill_green
Sat Jan  4 21:48:29 2014 shinshi orderall loiter /room/vill_green 1
Sat Jan  4 21:49:59 2014 shinshi rollcall 0
Sat Jan  4 21:51:09 2014 shinshi rollcall 0
Sat Jan  4 21:55:21 2014 shinshi order 10 hound shinshi
Sat Jan  4 21:55:53 2014 shinshi rollcall 0
Sat Jan  4 21:55:59 2014 shinshi order 19 harrass krillgeta
Sat Jan  4 21:56:11 2014 shinshi order 20 harrass sami
Sat Jan  4 21:57:17 2014 shinshi orderall harrass sami
Sat Jan  4 21:58:03 2014 shinshi orderall loiter /room/vill_green 1
Sat Jan  4 21:58:27 2014 shinshi rollcall 0
Sat Jan  4 21:58:41 2014 shinshi rollcall 0
Sat Jan  4 21:58:57 2014 shinshi order 25 loiter /room/vill_green
Sat Jan  4 21:59:03 2014 shinshi rollcall 0
Sat Jan  4 21:59:47 2014 shinshi rollcall 0
Sat Jan  4 22:00:05 2014 shinshi order 25 killguild cyberninja
Sat Jan  4 22:05:39 2014 shinshi rollcall 0
Sat Jan  4 22:05:49 2014 shinshi order 24 harrass sami
Sat Jan  4 22:06:33 2014 shinshi rollcall 0
Sat Jan  4 22:08:01 2014 shinshi rollcall 0
Sat Jan  4 22:08:33 2014 shinshi rollcall 0
Sat Jan  4 22:08:43 2014 shinshi order 23 harrass sami
Sat Jan  4 22:09:29 2014 shinshi order 23 killname sami
Sat Jan  4 22:09:47 2014 shinshi order 23 harrass sami
Sat Jan  4 22:10:31 2014 shinshi order 23 harrass sami
Sat Jan  4 22:10:43 2014 shinshi order 23 harrass sami
Sat Jan  4 22:15:45 2014 shinshi rollcall 0
Sat Jan  4 22:15:51 2014 shinshi order 13 harrass sami
Sat Jan  4 22:16:25 2014 shinshi order 17 pillagecastle star
Sat Jan  4 22:19:39 2014 shinshi rollcall 0
Sat Jan  4 22:19:45 2014 shinshi order 22 loiter /room/vill_green
Sat Jan  4 22:21:41 2014 shinshi rollcall 0
Sat Jan  4 22:21:49 2014 shinshi order 23 loiter /room/vill_green.c
Sat Jan  4 22:22:15 2014 shinshi rollcall 0
Sat Jan  4 22:24:15 2014 shinshi rollcall 0
Sat Jan  4 22:26:57 2014 shinshi rollcall 0
Sat Jan  4 22:27:03 2014 shinshi order 22 harrass sami
Sat Jan  4 22:28:45 2014 shinshi rollcall 0
Sat Jan  4 22:28:55 2014 shinshi rollcall 0
Sat Jan  4 22:29:03 2014 shinshi order 14 harrass dragnar
Sat Jan  4 22:31:41 2014 shinshi rollcall 0
Sat Jan  4 23:18:51 2014 shinshi rollcall 0
Sat Jan  4 23:18:55 2014 shinshi order 10 dismiss
Sat Jan  4 23:19:27 2014 shinshi orderall hold /players/shinshi/workroom.c
Sat Jan  4 23:19:39 2014 shinshi rollcall 0
Sat Jan  4 23:21:33 2014 shinshi rollcall 0
Sat Jan  4 23:21:37 2014 shinshi order 11 dismiss
Sat Jan  4 23:21:41 2014 shinshi orderall dismiss
Sun Jan  5 00:14:43 2014 shinshi rollcall 0
Sun Jan  5 01:01:23 2014 shinshi rollcall 0
Sun Jan  5 01:03:43 2014 shinshi rollcall 0
Sun Jan  5 01:04:03 2014 shinshi orderall dismiss
Sun Jan  5 01:22:01 2014 shinshi rollcall 0
Sun Jan  5 01:22:35 2014 shinshi order 27 dismiss
Sun Jan  5 01:22:41 2014 shinshi rollcall 0
Sun Jan  5 01:30:46 2014 shinshi rollcall 0
Sun Jan  5 01:30:54 2014 shinshi order beano harrass shinshi
Sun Jan  5 01:31:00 2014 shinshi order 27 harrass shinshi
Sun Jan  5 13:18:11 2014 shinshi rollcall 0
Sun Jan  5 13:18:17 2014 shinshi order 3 harrass thor
Sun Jan  5 13:18:45 2014 shinshi rollcall 0
Sun Jan  5 13:18:49 2014 shinshi order 3 harrass thor
Sun Jan  5 13:19:03 2014 shinshi rollcall 0
Sun Jan  5 13:19:07 2014 shinshi order 3 harrass thor
Sun Jan  5 13:19:27 2014 shinshi rollcall 0
Sun Jan  5 13:19:29 2014 shinshi order 3 harrass thor
Sun Jan  5 13:19:45 2014 shinshi rollcall 0
Sun Jan  5 13:19:51 2014 shinshi order 12 harrass thor
Sun Jan  5 13:20:19 2014 shinshi order 12 harrass shinshi
Sun Jan  5 13:21:23 2014 shinshi rollcall 0
Sun Jan  5 13:21:57 2014 shinshi rollcall 0
Sun Jan  5 13:22:03 2014 shinshi order 11 harrass shinshi
Sun Jan  5 13:22:31 2014 shinshi order 11 harrass shinshi
Sun Jan  5 13:22:43 2014 shinshi order 11 harrass shinshi
Sun Jan  5 13:23:25 2014 shinshi rollcall 0
Sun Jan  5 13:23:31 2014 shinshi order 8 harrass shinshi
Sun Jan  5 13:30:43 2014 shinshi rollcall 0
Sun Jan  5 13:30:55 2014 shinshi order 2 hold /players/shinshi/workroom
Sun Jan  5 13:35:57 2014 shinshi rollcall 0
Sun Jan  5 13:36:01 2014 shinshi orderall dismiss
Sun Jan  5 13:36:09 2014 shinshi orderall dismiss
Sun Jan  5 13:36:33 2014 shinshi rollcall 0
Thu Jan 30 18:04:56 2014 shinshi orderall harrass wicket
Thu Jan 30 18:06:06 2014 shinshi rollcall 0
Thu Jan 30 18:07:26 2014 shinshi rollcall 0
Thu Jan 30 18:07:34 2014 shinshi order 0 harrass blazko
Thu Jan 30 18:09:06 2014 shinshi order 1 harrass blazko
Thu Jan 30 18:11:50 2014 shinshi orderall harrass shinshi
Wed Feb  5 12:41:48 2014 wicket rollcall 0
Wed Feb  5 12:45:14 2014 wicket rollcall 0
Wed Feb  5 12:46:32 2014 wicket rollcall 0
Wed Feb  5 12:47:08 2014 wicket rollcall 0
Wed Feb  5 12:48:20 2014 wicket rollcall 0
Wed Feb  5 12:49:16 2014 wicket rollcall 0
Wed Feb  5 12:49:54 2014 wicket order 4 harrasname symbio
Wed Feb  5 12:50:00 2014 wicket order 4 harrasname symbio
Wed Feb  5 12:50:16 2014 wicket order 4 harrasname symbio
Wed Feb  5 12:50:32 2014 wicket order 4 harass symbio
Wed Feb  5 12:51:56 2014 wicket order 4 harrassname symbio 10
Wed Feb  5 12:55:24 2014 wicket rollcall 0
Wed Feb  5 15:03:33 2014 wicket rollcall 0
Wed Feb  5 15:05:11 2014 wicket rollcall 0
Wed Feb  5 15:05:33 2014 wicket rollcall 0
Wed Feb  5 15:05:59 2014 wicket rollcall 0
Wed Feb  5 15:06:25 2014 wicket rollcall 0
Wed Feb  5 15:06:51 2014 wicket rollcall 0
Wed Feb  5 15:07:07 2014 wicket rollcall 0
Wed Feb  5 15:07:27 2014 wicket rollcall 0
Thu Feb  6 11:45:11 2014 wicket rollcall 0
Thu Feb  6 15:01:00 2014 wicket rollcall 0
Fri Feb  7 15:01:17 2014 wicket rollcall 0
Fri Feb  7 15:03:09 2014 shinshi orderall harrass wicket
Fri Feb  7 15:04:41 2014 shinshi orderall harrass wicket
Fri Feb  7 15:04:53 2014 shinshi orderall 0
Fri Feb  7 15:04:57 2014 shinshi ordercabal 0
Fri Feb  7 15:05:15 2014 shinshi orderall hitfadename wicket
Fri Feb  7 15:05:31 2014 shinshi orderall hold /players/shinshi/workroom
Fri Feb  7 15:05:55 2014 shinshi rollcall 0
Fri Feb  7 15:06:15 2014 shinshi order 1
Fri Feb  7 15:06:19 2014 shinshi order 1 harrass fred
Fri Feb  7 15:06:41 2014 shinshi order 3 pester symbio
Fri Feb  7 15:08:11 2014 shinshi orderall loiter /room/vill_green
Fri Feb  7 15:09:37 2014 shinshi rollcall 0
Fri Feb  7 15:09:41 2014 shinshi order 21 killname wicket
Fri Feb  7 15:10:31 2014 shinshi rollcall 0
Fri Feb  7 15:10:39 2014 shinshi order 21 pester shinshi
Fri Feb  7 15:11:05 2014 shinshi order 12 pillagecastle wicket
Fri Feb  7 15:11:13 2014 shinshi order 12 pillagecastle boltar
Fri Feb  7 15:13:17 2014 shinshi orderall loiter /room/vill_green
Fri Feb  7 15:13:45 2014 shinshi orderall hold /players/shinshi/workroom.c
Fri Feb  7 15:14:03 2014 shinshi rollcall 0
Fri Feb  7 16:02:41 2014 shinshi rollcall 0
Sun Feb  9 11:46:39 2014 wicket rollcall 0
Sun Feb  9 11:46:55 2014 wicket rollcall 0
Sun Feb  9 11:47:09 2014 wicket rollcall 0
Sun Feb  9 11:47:29 2014 wicket rollcall 0
Sun Feb  9 11:47:57 2014 wicket rollcall 0
Sun Feb  9 11:53:41 2014 wicket rollcall 0
Sun Feb  9 11:53:47 2014 wicket order 0
Sun Feb  9 11:54:13 2014 wicket rollcall 0
Sun Feb  9 11:54:37 2014 wicket order 2 harrassname blind 10
Sun Feb  9 11:55:51 2014 wicket rollcall 0
Sun Feb  9 11:56:03 2014 wicket order 3 harrass jupis 5
Sun Feb  9 12:01:37 2014 wicket rollcall 0
Sun Feb  9 12:14:40 2014 wicket rollcall 0
Sun Feb  9 12:25:02 2014 wicket rollcall 0
Sun Feb  9 12:30:04 2014 shinshi rollcall 0
Sun Feb  9 12:30:10 2014 shinshi orderall harrass wicket
Sun Feb  9 12:30:58 2014 shinshi orderall loiter /room/vill_green
Sun Feb  9 12:31:20 2014 shinshi rollcall 0
Sun Feb  9 12:31:52 2014 shinshi rollcall 0
Sun Feb  9 12:32:02 2014 shinshi order 12 loiter /room/vill_green
Sun Feb  9 12:32:16 2014 shinshi rollcall 0
Sun Feb  9 12:32:26 2014 shinshi order 12 loiter /room/vill_green
Sun Feb  9 12:32:54 2014 shinshi rollcall 0
Sun Feb  9 12:33:06 2014 shinshi order 20 loiter /room/vill_green
Sun Feb  9 12:33:34 2014 shinshi rollcall 0
Sun Feb  9 14:45:53 2014 wicket order loiter /room/church/ 10
Sun Feb  9 14:45:57 2014 wicket order loiter /room/church/ 10
Sun Feb  9 14:46:03 2014 wicket order loiter room/church/ 10
Sun Feb  9 14:46:09 2014 wicket order loiter room/church 10
Sun Feb  9 14:46:19 2014 wicket rollcall 0
Sun Feb  9 14:46:31 2014 wicket order 1 loiter room/church 10
Sun Feb  9 14:46:33 2014 wicket order 2 loiter room/church 10
Sun Feb  9 14:46:35 2014 wicket order 3 loiter room/church 10
Sun Feb  9 14:46:39 2014 wicket order 4 loiter room/church 10
Sun Feb  9 14:46:41 2014 wicket order 5 loiter room/church 10
Sun Feb  9 14:46:45 2014 wicket order 6 loiter room/church 10
Sun Feb  9 14:46:47 2014 wicket order 7 loiter room/church 10
Sun Feb  9 14:46:53 2014 wicket order 8 loiter room/church 10
Sun Feb  9 14:47:05 2014 wicket order 9 loiter room/church 10
Sun Feb  9 14:47:07 2014 wicket order 10 loiter room/church 10
Sun Feb  9 14:47:11 2014 wicket rollcall 0
Sun Feb  9 14:47:13 2014 wicket order 11 loiter room/church 10
Sun Feb  9 14:47:21 2014 wicket order 12 loiter room/church 10
Sun Feb  9 14:47:25 2014 wicket order 13 loiter room/church 10
Sun Feb  9 14:47:27 2014 wicket order 14 loiter room/church 10
Sun Feb  9 14:47:31 2014 wicket order 15 loiter room/church 10
Sun Feb  9 14:47:43 2014 wicket order 16 loiter room/church 10
Sun Feb  9 14:47:47 2014 wicket order 17 loiter room/church 10
Sun Feb  9 14:47:53 2014 wicket order 18 loiter room/church 10
Sun Feb  9 14:47:55 2014 wicket order 19 loiter room/church 10
Sun Feb  9 14:47:59 2014 wicket order 20 loiter room/church 10
Sun Feb  9 14:48:03 2014 wicket order 21 loiter room/church 10
Sun Feb  9 14:48:05 2014 wicket order 22 loiter room/church 10
Sun Feb  9 14:48:11 2014 wicket order 23 loiter room/church 10
Sun Feb  9 14:48:15 2014 wicket order 24 loiter room/church 10
Sun Feb  9 14:48:17 2014 wicket order 25 loiter room/church 10
Sun Feb  9 14:48:21 2014 wicket order 26 loiter room/church 10
Sun Feb  9 14:48:23 2014 wicket rollcall 0
Sun Feb  9 14:48:31 2014 wicket order 27 loiter room/church 10
Sun Feb  9 14:48:35 2014 wicket order 28 loiter room/church 10
Sun Feb  9 14:48:37 2014 wicket order 29 loiter room/church 10
Sun Feb  9 14:48:45 2014 wicket order 30 loiter room/church 10
Sun Feb  9 14:48:47 2014 wicket order 31 loiter room/church 10
Sun Feb  9 14:48:51 2014 wicket order 32 loiter room/church 10
Sun Feb  9 14:48:55 2014 wicket order 33 loiter room/church 10
Sun Feb  9 14:48:57 2014 wicket order 34 loiter room/church 10
Sun Feb  9 14:49:09 2014 wicket rollcall 0
Sun Feb  9 20:38:33 2014 shinshi rollcall 0
Sun Feb  9 20:38:41 2014 shinshi orderall loiter /room/vill_green
Sun Feb  9 20:38:45 2014 shinshi rollcall 0
Sun Feb  9 20:50:03 2014 shinshi rollcall 0
Sun Feb  9 20:50:09 2014 shinshi order 27 harass chett
Sun Feb  9 20:50:13 2014 shinshi order 27 harrass chett
Mon Feb 10 12:12:41 2014 wicket rollcall 0
Mon Feb 10 12:13:49 2014 wicket rollcall 0
Mon Feb 10 12:15:07 2014 wicket rollcall 0
Mon Feb 10 12:15:59 2014 wicket rollcall 0
Mon Feb 10 12:16:15 2014 wicket rollcall 0
Mon Feb 10 12:16:41 2014 wicket rollcall 0
Mon Feb 10 12:17:11 2014 wicket rollcall 0
Mon Feb 10 12:17:33 2014 wicket rollcall 0
Mon Feb 10 12:24:01 2014 wicket rollcall 0
Mon Feb 10 12:24:17 2014 wicket rollcall 0
Mon Feb 10 12:24:59 2014 wicket rollcall 0
Mon Feb 10 12:25:39 2014 wicket rollcall 0
Mon Feb 10 12:26:01 2014 wicket rollcall 0
Mon Feb 10 12:26:31 2014 wicket rollcall 0
Mon Feb 10 12:27:13 2014 wicket rollcall 0
Mon Feb 10 12:28:03 2014 wicket rollcall 0
Mon Feb 10 12:28:25 2014 wicket rollcall 0
Mon Feb 10 12:29:03 2014 wicket rollcall 0
Mon Feb 10 12:31:17 2014 wicket rollcall 0
Sun May  4 20:23:26 2014 shinshi orderall loiter /room/vill_green
Sun May  4 20:29:30 2014 shinshi orderall hold
Sun May  4 20:29:40 2014 shinshi orderall hold /room/vill_green
Sun May  4 20:30:32 2014 shinshi orderall hold /players/shinshi/workroom.c
Sun Aug  2 09:58:05 2015 wicket ordercabal 0
Sun Aug  2 09:58:45 2015 wicket rollcall 0
Sun Aug  2 09:59:25 2015 wicket order 15 harass teepo 10
Sun Aug  2 09:59:35 2015 wicket order 0
Sun Aug  2 09:59:59 2015 wicket order 15 harrass teepo 10
Sun Aug  2 10:00:27 2015 wicket rollcall 0
Sun Aug  2 10:00:45 2015 wicket order 11 harrass cooper 10
Sun Aug  2 10:06:41 2015 wicket rollcall 0
Sun Aug  2 10:11:07 2015 wicket orderall pillagecastle
Sun Aug  2 10:11:21 2015 wicket orderall pillagecastle wicket
Sun Aug  2 10:12:21 2015 wicket order 3 pillagecastle wicket 10
Sun Aug  2 10:12:43 2015 wicket order 4 pillagecastle dune 10
Sun Aug  2 10:12:57 2015 wicket order 4 pillagecastle dragnar 10
Sun Aug  2 10:13:22 2015 wicket order 1 pillagecastle snow 10
Sun Aug  2 10:13:38 2015 wicket order 5 pillagecastle shinshi 10
Sun Aug  2 10:14:02 2015 wicket order 6 pillagecastle sami 10
Sun Aug  2 10:14:36 2015 wicket order 7 pillagecastle mosobp 10
Sun Aug  2 10:15:00 2015 wicket rollcall 0
Sun Aug  2 10:17:32 2015 wicket rollcall 0
Sun Aug  2 11:35:26 2015 wicket rollcall 0
Sun Aug  2 11:37:40 2015 wicket rollcall 0
Sun Aug  2 11:38:02 2015 wicket rollcall 0
Sun Aug  2 11:38:20 2015 wicket rollcall 0
Sun Aug  2 11:38:54 2015 wicket rollcall 0
Sun Aug  2 11:39:16 2015 wicket rollcall 0
Sun Aug  2 11:40:14 2015 wicket rollcall 0
Sat Sep  5 21:46:37 2015 wicket rollcall 0
Sat Sep  5 21:49:07 2015 wicket rollcall 0
Sat Sep  5 21:50:51 2015 wicket rollcall 0
