Sat Mar 26 21:15:33 2011 mizan hit_player on Brother Ted of 1000
Sun Mar 27 11:53:18 2011 mizan hit_player on Brother Isamu of 1000
Sun Mar 27 11:53:30 2011 mizan hit_player on Brother Isamu of 100000
Wed Mar 30 03:28:15 2011 dead whale hit_player on Goliath Beano of 5000
Fri May 20 23:36:05 2011 dead whale hit_player on Li Mao-Ching of 5000
Sat May 21 02:52:52 2011 marek hit_player on Goliath Beano of 200
Sun May 22 03:19:50 2011 Goliath Beano hit_player on Goliath Beano of 5000000
Sun May 22 20:45:23 2011 mizan hit_player on Domo-kun of 100000
Sun May 22 20:45:29 2011 mizan hit_player on Domo-kun of 10000
Sun May 22 20:45:45 2011 mizan hit_player on Domo-kun of 10000
Sun May 22 21:30:56 2011 Improvised Explosive Device hit_player on Nut Face of 5000
Mon May 23 10:43:48 2011 mizan hit_player on Goliath Beano of 123123
Mon May 23 14:05:32 2011 mizan hit_player on Goliath Beano of 10002
Mon May 23 14:16:24 2011 mizan hit_player on Eunuch of 10002
Mon May 23 14:17:00 2011 mizan hit_player on Nut Balls of 23901203
Mon May 23 14:17:04 2011 mizan hit_player on Nut Balls of 20123
Tue May 24 16:19:28 2011 mizan hit_player on Goliath Beano of 123123
Tue May 24 16:36:54 2011 mizan hit_player on Goliath Beano of 234234
Tue May 24 16:38:28 2011 mizan hit_player on Goliath Beano of 234234
Tue May 24 16:44:02 2011 mizan hit_player on Goliath Beano of 123123
Tue May 24 18:28:59 2011 mizan hit_player on Domo-kun of 123123
Tue May 24 18:32:41 2011 mizan hit_player on Domo-kun of 234234
Tue May 24 18:33:31 2011 mizan hit_player on Domo-kun of 123213
Tue May 24 18:35:05 2011 mizan hit_player on Domo-kun of 123123
Tue May 24 18:36:09 2011 mizan hit_player on Domo-kun of 123123
Tue May 24 18:36:57 2011 mizan hit_player on Goliath Beano of 324234
Tue May 24 18:38:59 2011 mizan hit_player on Goliath Beano of 234234
Tue May 24 18:39:33 2011 mizan hit_player on Goliath Beano of 234234
Tue May 24 18:40:09 2011 mizan hit_player on Goliath Beano of 234234
Tue May 24 18:40:51 2011 mizan hit_player on Aborto of 324234
Tue May 24 18:42:29 2011 mizan hit_player on Poop Stains of 32423
Tue May 24 18:43:37 2011 mizan hit_player on Linkdeath of 324234
Tue May 24 18:43:59 2011 mizan hit_player on Dip Stick of 234234
Tue May 24 18:57:31 2011 mizan hit_player on Agent Holden of 2131231
Tue May 24 18:57:57 2011 mizan hit_player on Agent Collins of 324234
Tue May 24 18:58:33 2011 mizan hit_player on Agent Johnson of 23423
Tue May 24 18:59:13 2011 mizan hit_player on Agent Johnson of 324234
Tue May 24 19:44:53 2011 mizan hit_player on Brother David of 234234
Tue May 24 19:45:37 2011 mizan hit_player on Brother David of 234234
Tue May 24 19:45:47 2011 mizan hit_player on Brother Sam of 234234
Tue May 24 19:45:55 2011 mizan hit_player on Brother Kenzo of 234234
Tue May 24 19:46:19 2011 mizan hit_player on Brother Minoru of 234234
Tue May 24 19:46:27 2011 mizan hit_player on Brother Ryu of 234234
Tue May 24 19:47:37 2011 mizan hit_player on Fisterman of 234234
Tue May 24 19:59:57 2011 mizan hit_player on Agent Collins of 234234
Tue May 24 20:05:15 2011 mizan hit_player on Super Bully of 234234
Tue May 24 20:08:19 2011 mizan hit_player on Goat Paste of 234234
Tue May 24 20:13:33 2011 mizan hit_player on Domo-kun of 234234
Tue May 24 20:17:31 2011 mizan hit_player on Domo-kun of 234234
Tue May 24 20:35:15 2011 mizan hit_player on Tree breaker of 234234
Tue May 24 20:35:19 2011 mizan hit_player on Norman tractorplow of 234234
Tue May 24 20:35:53 2011 mizan hit_player on Ditch maker of 234234
Tue May 24 20:35:59 2011 mizan hit_player on Ox smasher of 234234
Tue May 24 20:36:37 2011 mizan hit_player on Bad stench of 234234
Tue May 24 20:36:41 2011 mizan hit_player on Norman tractorplow of 234234
Tue May 24 20:37:51 2011 mizan hit_player on Wheat Thresher of 234234
Tue May 24 20:37:55 2011 mizan hit_player on Helga Hippostone of 234234
Tue May 24 20:38:55 2011 mizan hit_player on Wendy Wench Pickup Truck of 234234
Tue May 24 20:43:23 2011 mizan hit_player on Lester of 234234
Tue May 24 20:43:32 2011 mizan hit_player on Princess of 234234
Tue May 24 20:43:40 2011 mizan hit_player on Hudson of 234234
Tue May 24 20:43:52 2011 mizan hit_player on Lester of 234234
Tue May 24 21:27:26 2011 mizan hit_player on Afei of 234234
Tue May 24 21:35:20 2011 mizan hit_player on Roy Batty of 1000003
Tue May 24 21:36:06 2011 mizan hit_player on Roy Batty of 1000003
Tue May 24 21:37:28 2011 mizan hit_player on Clippy of 3434435
Tue May 24 21:37:32 2011 mizan hit_player on Clippy of 3434435
Tue May 24 21:39:18 2011 mizan hit_player on Fettdog of 100000
Tue May 24 21:39:22 2011 mizan hit_player on Fettdog of 100000
Tue May 24 21:41:08 2011 mizan hit_player on Fettdog of 100000
Tue May 24 21:46:30 2011 mizan hit_player on Li Mao-Ching of 1231312
Tue May 24 21:46:40 2011 mizan hit_player on Li Mao-Ching of 1231312
Tue May 24 21:48:02 2011 mizan hit_player on Li Mao-Ching of 1231312
Tue May 24 21:51:32 2011 mizan hit_player on Phantom Shitter of 100000
Tue May 24 21:51:38 2011 mizan hit_player on Phantom Shitter of 100000
Tue May 24 21:51:46 2011 mizan hit_player on Phantom Shitter of 100000
Tue May 24 21:55:42 2011 mizan hit_player on Thorgrim Beano of 234234
Tue May 24 22:03:08 2011 mizan hit_player on Animated Plastic Light-Up Santa of 102003
Tue May 24 22:03:10 2011 mizan hit_player on Animated Plastic Light-Up Santa of 102003
Tue May 24 22:05:10 2011 mizan hit_player on Xelfer of 234234
Tue May 24 22:07:06 2011 mizan hit_player on William Hung of 234234
Tue May 24 22:14:14 2011 mizan hit_player on Dipprasad Rai of 100090
Tue May 24 22:14:40 2011 mizan hit_player on Dipprasad Rai of 100090
Wed May 25 11:30:24 2011 mizan hit_player on OverPowerLord of 3124234
Wed May 25 11:44:36 2011 mizan hit_player on OverPowerLord of 3124234
Wed May 25 12:13:40 2011 mizan hit_player on OverPowerLord of 3124234
Wed May 25 12:23:56 2011 mizan hit_player on OverPowerLord of 3124234
Wed May 25 12:29:28 2011 mizan hit_player on OverPowerLord of 3124234
Wed May 25 12:39:25 2011 mizan hit_player on OverPowerLord of 3124234
Wed May 25 13:37:37 2011 mizan hit_player on OverPowerLord of 3124234
Wed May 25 15:14:19 2011 mizan hit_player on OverPowerLord of 3124234
Wed May 25 15:22:31 2011 mizan hit_player on OverPowerLord of 3124234
Wed May 25 19:53:53 2011 mizan hit_player on OverPowerLord of 1000
Wed May 25 19:54:03 2011 mizan hit_player on OverPowerLord of 1000
Wed May 25 19:54:07 2011 mizan hit_player on OverPowerLord of 1000
Wed May 25 19:54:09 2011 mizan hit_player on OverPowerLord of 1000
Wed May 25 19:54:13 2011 mizan hit_player on OverPowerLord of 1000
Wed May 25 19:54:15 2011 mizan hit_player on OverPowerLord of 1000
Wed May 25 19:54:17 2011 mizan hit_player on OverPowerLord of 1000
Wed May 25 19:54:19 2011 mizan hit_player on OverPowerLord of 1000
Wed May 25 19:54:21 2011 mizan hit_player on OverPowerLord of 1000
Wed May 25 19:54:23 2011 mizan hit_player on OverPowerLord of 1000
Wed May 25 19:54:25 2011 mizan hit_player on OverPowerLord of 1000
Wed May 25 19:54:27 2011 mizan hit_player on OverPowerLord of 1000
Wed May 25 19:54:29 2011 mizan hit_player on OverPowerLord of 3124234
Wed May 25 22:11:36 2011 mizan hit_player on Taxes of 1000
Wed May 25 22:11:44 2011 mizan hit_player on Taxes of 123123
Wed May 25 22:29:36 2011 mizan hit_player on Dipprasad Rai of 120002
Wed May 25 22:29:48 2011 mizan hit_player on Taxes of 234234
Wed May 25 23:16:18 2011 tristan hit_player on Goliath Beano of 120
Wed May 25 23:29:16 2011 marek hit_player on Goliath Beano of 200
Thu May 26 04:03:49 2011 zord hit_player on Goliath Beano of 70
Thu May 26 04:04:17 2011 marek hit_player on Goliath Beano of 200
Thu Jun 16 03:29:51 2011 zord hit_player on Goliath Beano of 70
Fri Jun 17 01:02:51 2011 marek hit_player on Goliath Beano of 200
Sat Jun 25 16:53:17 2011 dead whale hit_player on Beano of 5000
Fri Jul  1 14:41:50 2011 dead whale hit_player on Beano of 5000
Mon Aug 22 14:32:48 2011 darkfyre hit_player on Beano of 93
Wed Feb 13 21:38:17 2013 Beano hit_player on Beano of 5000000
Wed Feb 13 21:38:29 2013 Beano hit_player on Beano of 5000000
Wed Feb 13 21:38:31 2013 Beano hit_player on Beano of 5000000
Sat Jan  4 22:04:49 2014 Thorgrim Beano hit_player on Domo-kun of 133
Sat Jan  4 22:05:09 2014 Thorgrim Beano hit_player on Domo-kun of 114
Sat Jan  4 22:05:35 2014 Thorgrim Beano hit_player on Domo-kun of 87
Sat Jan  4 22:05:43 2014 Thorgrim Beano hit_player on Domo-kun of 89
Sun Jan  5 13:24:53 2014 zord hit_player on Roy Batty of 63
Sun Jan  5 13:26:29 2014 zord hit_player on Roy Batty of 63
Thu Feb  6 02:51:55 2014 paladin hit_player on Thorgrim Beano of 74
Thu Feb  6 02:51:55 2014 paladin hit_player on Fedor Emelianenko of 90
Thu Feb  6 02:51:57 2014 paladin hit_player on Thorgrim Beano of 64
Sun Feb  9 23:41:11 2014 guardian hit_player on Clippy of 74
Mon Feb 10 00:03:59 2014 guardian hit_player on Clippy of 63
Mon Feb 10 00:04:59 2014 guardian hit_player on Clippy of 74
Mon Feb 10 00:05:01 2014 guardian hit_player on Clippy of 94
Mon Feb 10 00:09:19 2014 guardian hit_player on Clippy of 75
Mon Feb 10 00:10:03 2014 guardian hit_player on Clippy of 74
Mon Feb 10 00:13:31 2014 guardian hit_player on Domo-kun of 67
Mon Feb 10 00:13:41 2014 guardian hit_player on Domo-kun of 98
Tue Feb 25 00:15:12 2014 thomas hit_player on Gray Matter of 238
Fri Apr 18 00:47:13 2014 zord hit_player on Clippy of 70
Sun May  4 20:27:26 2014 hydra hit_player on Goliath Beano of 195
Sun May  4 23:49:09 2014 guardian hit_player on Afei of 75
Sun May  4 23:51:39 2014 guardian hit_player on Fedor Emelianenko of 85
Sun May  4 23:51:57 2014 guardian hit_player on Fedor Emelianenko of 65
Sun May  4 23:52:03 2014 guardian hit_player on Fedor Emelianenko of 95
Sun May  4 23:52:17 2014 guardian hit_player on Fedor Emelianenko of 96
Sun May  4 23:52:21 2014 guardian hit_player on Fedor Emelianenko of 91
Sun May  4 23:52:25 2014 guardian hit_player on Fedor Emelianenko of 88
Sun May  4 23:53:07 2014 guardian hit_player on Fedor Emelianenko of 85
Sun May  4 23:53:11 2014 guardian hit_player on Fedor Emelianenko of 63
Sun May  4 23:53:27 2014 guardian hit_player on Fedor Emelianenko of 77
Mon May  5 01:03:17 2014 unicorn hit_player on Fedor Emelianenko of 65
Mon May  5 01:08:59 2014 smith hit_player on Domo-kun of 81
Mon May  5 01:09:15 2014 smith hit_player on Domo-kun of 67
Mon May  5 02:40:53 2014 smith hit_player on Fedor Emelianenko of 94
Mon May  5 02:40:59 2014 smith hit_player on Fedor Emelianenko of 129
Mon May  5 02:41:01 2014 smith hit_player on Fedor Emelianenko of 77
Mon May  5 02:41:11 2014 smith hit_player on Fedor Emelianenko of 78
Mon May  5 02:41:23 2014 smith hit_player on Fedor Emelianenko of 97
Mon May  5 02:42:25 2014 smith hit_player on Fedor Emelianenko of 122
Mon May  5 02:42:27 2014 smith hit_player on Fedor Emelianenko of 79
Mon May  5 05:10:40 2014 paladin hit_player on Domo-kun of 90
Mon May  5 05:10:42 2014 paladin hit_player on Domo-kun of 93
Mon May  5 05:10:44 2014 paladin hit_player on Domo-kun of 94
Mon May  5 05:10:54 2014 paladin hit_player on Domo-kun of 95
Mon May  5 05:10:58 2014 paladin hit_player on Domo-kun of 83
Mon May  5 05:11:00 2014 paladin hit_player on Domo-kun of 88
Mon May  5 05:11:00 2014 paladin hit_player on Domo-kun of 81
Wed May  7 14:33:00 2014 dead whale hit_player on Beano of 5000
Thu May  8 13:32:35 2014 dead whale hit_player on Beano of 5000
Thu May  8 17:58:58 2014 dead whale hit_player on Beano of 5000
Sat May 17 20:33:16 2014 zord hit_player on Goliath Beano of 70
Sun May 25 12:11:27 2014 zord hit_player on Goliath Beano of 70
Sun May 25 12:12:19 2014 zord hit_player on Goliath Beano of 70
Sun May 25 12:18:15 2014 zord hit_player on Goliath Beano of 70
Sun Jun  1 23:47:47 2014 Goliath Beano hit_player on Goliath Beano of 100
Sun Jun  8 20:33:04 2014 zord hit_player on Goliath Beano of 70
Sun Jun  8 20:33:16 2014 zord hit_player on Goliath Beano of 70
Wed Jun 11 22:18:48 2014 zord hit_player on Goliath Beano of 70
Wed Jun 11 22:24:08 2014 zord hit_player on Palen of 70
Wed Jun 11 22:24:24 2014 zord hit_player on Palen of 70
Wed Jun 11 22:25:36 2014 zord hit_player on Palen of 70
Sun Jun 22 21:34:42 2014 zord hit_player on Linkdeath of 70
Sun Jul  6 14:09:26 2014 Improvised Explosive Device hit_player on Brother Junichi of 5000
Sun Jul  6 20:11:01 2014 thomas hit_player on Goliath Beano of 148
Sun Jul 27 17:22:40 2014 zord hit_player on Goliath Beano of 70
Sun Jul 27 17:22:40 2014 zord hit_player on Goliath Beano of 70
Mon Jul 28 16:13:46 2014 dead whale hit_player on Beano of 5000
Mon Jul 28 16:56:07 2014 Improvised Explosive Device hit_player on Domo-kun of 5000
Mon Jul 28 17:16:32 2014 Improvised Explosive Device hit_player on Domo-kun of 5000
Mon Jul 28 20:42:24 2014 zord hit_player on Goliath Beano of 70
Mon Jul 28 20:42:48 2014 gaara hit_player on Goliath Beano of 120
Mon Jul 28 20:49:40 2014 zord hit_player on Goliath Beano of 70
Mon Jul 28 20:50:21 2014 zord hit_player on Goliath Beano of 70
Mon Jul 28 20:50:25 2014 zord hit_player on Goliath Beano of 70
Tue Jul 29 23:20:11 2014 Improvised Explosive Device hit_player on Brother Hachiuma of 5000
Wed Jul 30 17:06:12 2014 faerie hit_player on Goliath Beano of 79
Wed Jul 30 17:06:14 2014 faerie hit_player on Goliath Beano of 71
Wed Jul 30 17:06:16 2014 faerie hit_player on Goliath Beano of 89
Wed Jul 30 17:06:22 2014 faerie hit_player on Goliath Beano of 63
Wed Jul 30 19:18:00 2014 zord hit_player on Goliath Beano of 70
Thu Jul 31 05:03:36 2014 Improvised Explosive Device hit_player on Brother Golbi of 5000
Thu Jul 31 22:11:00 2014 rage hit_player on Goliath Beano of 101
Fri Aug  1 00:00:46 2014 humble hit_player on Domo-kun of 69
Fri Aug  1 00:01:12 2014 humble hit_player on Domo-kun of 709
Fri Aug  1 00:34:36 2014 Improvised Explosive Device hit_player on Brother Isamu of 5000
Fri Aug  1 04:17:53 2014 dead whale hit_player on Ox smasher of 5000
Fri Aug  1 21:34:26 2014 humble hit_player on Roy Batty of 68
Fri Aug  1 21:34:58 2014 humble hit_player on Roy Batty of 689
Sat Aug  2 00:03:37 2014 dead whale hit_player on Goliath Beano of 5000
Sat Aug  2 00:03:37 2014 dead whale hit_player on Dark Splat of 5000
Sat Aug  2 16:32:31 2014 dead whale hit_player on Nut Face of 5000
Sat Aug  2 16:38:40 2014 Improvised Explosive Device hit_player on Drain Clog of 5000
Sat Aug  2 22:51:26 2014 dead whale hit_player on Dickless Dave of 5000
Sun Aug  3 17:54:38 2014 zord hit_player on Olga Stoneplow of 65
Sun Aug  3 17:54:46 2014 zord hit_player on Olga Stoneplow of 65
Sun Aug  3 17:54:46 2014 zord hit_player on Olga Stoneplow of 91
Sun Aug  3 18:06:36 2014 Improvised Explosive Device hit_player on Hormonal Rage of 5000
Sun Aug  3 18:14:05 2014 Domo-kun hit_player on Domo-kun of 100
Sun Aug 03 21:07:57 2014 shadow dragon hit_player on Bug Eater of 5000
Sun Aug 03 21:11:05 2014 shadow dragon hit_player on Ugly Farter of 5000
Tue Aug  5 08:54:58 2014 dead whale hit_player on Ass Puncher of 5000
Tue Aug  5 09:11:25 2014 Improvised Explosive Device hit_player on Cunt Puncher of 5000
Tue Aug  5 15:55:48 2014 dead whale hit_player on Bug Eater of 5000
Wed Aug  6 03:48:36 2014 Improvised Explosive Device hit_player on Beano of 5000
Wed Aug  6 03:51:44 2014 dead whale hit_player on Goat Paste of 5000
Thu Aug  7 03:00:52 2014 dead whale hit_player on Sanders of 5000
Thu Aug  7 03:12:43 2014 dead whale hit_player on Domo-kun of 5000
Sun Aug 10 19:58:43 2014 Improvised Explosive Device hit_player on Fisterman of 5000
Fri Aug 15 21:29:17 2014 zord hit_player on Rita Rhino of 70
Fri Aug 15 21:32:28 2014 wolfpac hit_player on Rita Rhino of 456
Fri Aug 15 21:52:00 2014 zord hit_player on Gray Matter of 70
Mon Aug 18 01:04:14 2014 sami hit_player on Gut Punch of 5000
Thu Dec  4 19:51:10 2014 zord hit_player on Goliath Beano of 70
Thu Dec  4 20:12:24 2014 zord hit_player on Goliath Beano of 70
Thu Dec  4 20:58:41 2014 zord hit_player on Phantom Shitter of 70
Sat Jan 24 21:32:59 2015 dead whale hit_player on Surprise Sex of 5000
Sun Mar  1 17:55:51 2015 zord hit_player on Goliath Beano of 70
Sun Mar  1 18:44:28 2015 zord hit_player on Goliath Beano of 70
Sun Mar  1 18:52:36 2015 zord hit_player on Goliath Beano of 70
Sun Mar  1 18:52:58 2015 zord hit_player on Goliath Beano of 70
Sun Mar  1 18:57:20 2015 zord hit_player on Goliath Beano of 70
Sun Mar  1 18:58:37 2015 zord hit_player on Goliath Beano of 70
Mon Apr 27 22:20:24 2015 zord hit_player on Poop Stains of 70
Mon Apr 27 22:21:28 2015 zord hit_player on Goliath Beano of 70
Sat May  2 19:35:54 2015 dead whale hit_player on Goliath Beano of 5000
Sun Aug  9 22:11:00 2015 aang hit_player on Brother Vince of 285
Sun Aug  9 23:05:09 2015 aang hit_player on Afei of 499
Tue Aug 18 14:08:08 2015 improvised explosive device hit_player on Beano of 5000
Sat Sep  5 21:18:50 2015 improvised explosive device hit_player on High Cholestorol of 5000
Sat Sep  5 21:18:50 2015 improvised explosive device hit_player on Beano of 5000
