STATUS: Attempting to create room and add to array at Wed Jan  3 11:33:15 2007
STATUS: Room created, new size of array is :1
STATUS: Attempting to create room and add to array at Wed Jan  3 11:33:21 2007
STATUS: Room created, new size of array is :2
STATUS: Attempting to create room and add to array at Wed Jan  3 11:33:23 2007
STATUS: Room created, new size of array is :3
STATUS: Attempting to create room and add to array at Wed Jan  3 11:33:25 2007
STATUS: Room created, new size of array is :4
STATUS: Attempting to create room and add to array at Wed Jan  3 11:33:27 2007
STATUS: Room created, new size of array is :5
STATUS: Attempting to create room and add to array at Wed Jan  3 11:33:29 2007
STATUS: Room created, new size of array is :6
STATUS: Attempting to create room and add to array at Wed Jan  3 11:33:31 2007
STATUS: Room created, new size of array is :7
STATUS: Attempting to create room and add to array at Wed Jan  3 11:33:33 2007
STATUS: Room created, new size of array is :8
STATUS: Attempting to create room and add to array at Wed Jan  3 11:33:35 2007
STATUS: Room created, new size of array is :9
STATUS: Attempting to create room and add to array at Wed Jan  3 11:33:37 2007
STATUS: Room created, new size of array is :10
STATUS: Attempting to create room and add to array at Wed Jan  3 11:33:41 2007
STATUS: Room created, new size of array is :11
STATUS: Attempting to create room and add to array at Wed Jan  3 11:33:43 2007
STATUS: Room created, new size of array is :12
STATUS: Attempting to create room and add to array at Wed Jan  3 11:33:47 2007
STATUS: Room created, new size of array is :13
STATUS: Attempting to create room and add to array at Wed Jan  3 11:33:49 2007
STATUS: Room created, new size of array is :14
STATUS: Attempting to create room and add to array at Wed Jan  3 11:33:49 2007
STATUS: Room created, new size of array is :15
STATUS: Attempting to create room and add to array at Wed Jan  3 11:33:54 2007
STATUS: Room created, new size of array is :16
STATUS: Attempting to create room and add to array at Wed Jan  3 11:33:56 2007
STATUS: Room created, new size of array is :17
STATUS: Attempting to create room and add to array at Wed Jan  3 11:33:56 2007
STATUS: Room created, new size of array is :18
STATUS: Attempting to create room and add to array at Wed Jan  3 11:33:58 2007
STATUS: Room created, new size of array is :19
STATUS: Attempting to create room and add to array at Wed Jan  3 11:33:58 2007
STATUS: Room created, new size of array is :20
STATUS: Attempting to create room and add to array at Wed Jan  3 11:35:58 2007
STATUS: Room created, new size of array is :21
STATUS: Attempting to create room and add to array at Wed Jan  3 11:36:02 2007
STATUS: Room created, new size of array is :22
STATUS: Attempting to create room and add to array at Wed Jan  3 11:36:02 2007
STATUS: Room created, new size of array is :23
STATUS: Attempting to create room and add to array at Wed Jan  3 11:36:02 2007
STATUS: Room created, new size of array is :24
STATUS: Attempting to create room and add to array at Wed Jan  3 11:36:04 2007
STATUS: Room created, new size of array is :25
STATUS: Attempting to create room and add to array at Wed Jan  3 11:36:04 2007
STATUS: Room created, new size of array is :26
STATUS: Attempting to create room and add to array at Wed Jan  3 11:36:04 2007
STATUS: Room created, new size of array is :27
STATUS: Attempting to create room and add to array at Wed Jan  3 11:36:07 2007
STATUS: Room created, new size of array is :28
STATUS: Attempting to create room and add to array at Wed Jan  3 11:36:07 2007
STATUS: Room created, new size of array is :29
STATUS: Attempting to create room and add to array at Wed Jan  3 11:36:07 2007
STATUS: Room created, new size of array is :30
STATUS: Attempting to create room and add to array at Wed Jan  3 11:36:09 2007
STATUS: Room created, new size of array is :31
STATUS: Attempting to create room and add to array at Wed Jan  3 11:36:09 2007
STATUS: Room created, new size of array is :32
STATUS: Attempting to create room and add to array at Wed Jan  3 11:36:09 2007
STATUS: Room created, new size of array is :33
STATUS: Attempting to create room and add to array at Wed Jan  3 11:36:09 2007
STATUS: Room created, new size of array is :34
STATUS: Attempting to create room and add to array at Wed Jan  3 11:36:12 2007
STATUS: Room created, new size of array is :35
STATUS: Attempting to create room and add to array at Wed Jan  3 11:36:12 2007
STATUS: Room created, new size of array is :36
STATUS: Attempting to create room and add to array at Wed Jan  3 11:36:12 2007
STATUS: Room created, new size of array is :37
STATUS: Attempting to create room and add to array at Wed Jan  3 11:36:14 2007
STATUS: Room created, new size of array is :38
STATUS: Attempting to create room and add to array at Wed Jan  3 11:36:14 2007
STATUS: Room created, new size of array is :39
STATUS: Attempting to create room and add to array at Wed Jan  3 11:36:14 2007
STATUS: Room created, new size of array is :40
STATUS: Attempting to create room and add to array at Wed Jan  3 11:36:16 2007
STATUS: Room created, new size of array is :41
STATUS: Attempting to create room and add to array at Wed Jan  3 11:36:16 2007
STATUS: Room created, new size of array is :42
STATUS: Attempting to create room and add to array at Wed Jan  3 11:36:16 2007
STATUS: Room created, new size of array is :43
STATUS: Attempting to create room and add to array at Wed Jan  3 11:36:19 2007
STATUS: Room created, new size of array is :44
STATUS: Attempting to create room and add to array at Wed Jan  3 11:36:19 2007
STATUS: Room created, new size of array is :45
STATUS: Attempting to create room and add to array at Wed Jan  3 11:36:19 2007
STATUS: Room created, new size of array is :46
STATUS: Attempting to create room and add to array at Wed Jan  3 11:36:21 2007
STATUS: Room created, new size of array is :47
STATUS: Attempting to create room and add to array at Wed Jan  3 11:36:21 2007
STATUS: Room created, new size of array is :48
STATUS: Attempting to create room and add to array at Wed Jan  3 11:36:21 2007
STATUS: Room created, new size of array is :49
STATUS: Attempting to create room and add to array at Wed Jan  3 11:36:21 2007
STATUS: Room created, new size of array is :50
STATUS: Attempting to create room and add to array at Wed Jan  3 13:38:30 2007
STATUS: Room created, new size of array is :1
STATUS: Attempting to create room and add to array at Wed Jan  3 13:38:35 2007
STATUS: Room created, new size of array is :2
STATUS: Attempting to create room and add to array at Wed Jan  3 13:39:17 2007
STATUS: Room created, new size of array is :3
STATUS: Attempting to create room and add to array at Wed Jan  3 13:39:21 2007
STATUS: Room created, new size of array is :4
STATUS: Attempting to create room and add to array at Wed Jan  3 13:39:25 2007
STATUS: Room created, new size of array is :5
STATUS: Attempting to create room and add to array at Wed Jan  3 13:39:29 2007
STATUS: Room created, new size of array is :6
STATUS: Attempting to create room and add to array at Wed Jan  3 13:39:46 2007
STATUS: Room created, new size of array is :7
STATUS: Attempting to create room and add to array at Wed Jan  3 13:39:48 2007
STATUS: Room created, new size of array is :8
STATUS: Attempting to create room and add to array at Wed Jan  3 13:39:50 2007
STATUS: Room created, new size of array is :9
STATUS: Attempting to remove room #8 from array at Wed Jan  3 14:38:05 2007
STATUS: Number of remaining rooms in array: 8
STATUS: Attempting to remove room #1 from array at Wed Jan  3 14:38:05 2007
STATUS: Number of remaining rooms in array: 7
STATUS: Cleaned 2 rooms at: Wed Jan  3 14:38:05 2007
STATUS: Attempting to create room and add to array at Wed Jan  3 20:26:32 2007
STATUS: Room created, new size of array is :1
STATUS: Attempting to create room and add to array at Wed Jan  3 20:26:36 2007
STATUS: Room created, new size of array is :2
STATUS: Attempting to create room and add to array at Wed Jan  3 20:26:38 2007
STATUS: Room created, new size of array is :3
STATUS: Attempting to create room and add to array at Wed Jan  3 20:26:40 2007
STATUS: Room created, new size of array is :4
STATUS: Attempting to create room and add to array at Wed Jan  3 20:26:40 2007
STATUS: Room created, new size of array is :5
STATUS: Attempting to create room and add to array at Wed Jan  3 20:26:42 2007
STATUS: Room created, new size of array is :6
STATUS: Attempting to create room and add to array at Wed Jan  3 20:26:42 2007
STATUS: Room created, new size of array is :7
STATUS: Attempting to create room and add to array at Wed Jan  3 20:26:44 2007
STATUS: Room created, new size of array is :8
STATUS: Attempting to create room and add to array at Wed Jan  3 20:26:44 2007
STATUS: Room created, new size of array is :9
STATUS: Attempting to create room and add to array at Wed Jan  3 20:26:46 2007
STATUS: Room created, new size of array is :10
STATUS: Attempting to create room and add to array at Wed Jan  3 20:26:48 2007
STATUS: Room created, new size of array is :11
STATUS: Attempting to create room and add to array at Wed Jan  3 20:26:50 2007
STATUS: Room created, new size of array is :12
STATUS: Attempting to create room and add to array at Wed Jan  3 20:26:52 2007
STATUS: Room created, new size of array is :13
STATUS: Attempting to create room and add to array at Wed Jan  3 20:26:52 2007
STATUS: Room created, new size of array is :14
STATUS: Attempting to create room and add to array at Wed Jan  3 20:26:55 2007
STATUS: Room created, new size of array is :15
STATUS: Attempting to create room and add to array at Wed Jan  3 20:26:57 2007
STATUS: Room created, new size of array is :16
STATUS: Attempting to create room and add to array at Wed Jan  3 20:27:03 2007
STATUS: Room created, new size of array is :17
STATUS: Attempting to create room and add to array at Wed Jan  3 21:24:57 2007
STATUS: Room created, new size of array is :18
STATUS: Attempting to create room and add to array at Wed Jan  3 21:25:01 2007
STATUS: Room created, new size of array is :19
STATUS: Attempting to create room and add to array at Wed Jan  3 21:25:03 2007
STATUS: Room created, new size of array is :20
STATUS: Attempting to remove room #16 from array at Wed Jan  3 22:23:18 2007
STATUS: Number of remaining rooms in array: 19
STATUS: Attempting to create room and add to array at Wed Jan  3 22:32:54 2007
STATUS: Room created, new size of array is :1
STATUS: Attempting to create room and add to array at Wed Jan  3 22:33:00 2007
STATUS: Room created, new size of array is :2
STATUS: Attempting to create room and add to array at Wed Jan  3 22:33:08 2007
STATUS: Room created, new size of array is :3
STATUS: Attempting to create room and add to array at Wed Jan  3 22:33:12 2007
STATUS: Room created, new size of array is :4
STATUS: Attempting to create room and add to array at Wed Jan  3 22:33:12 2007
STATUS: Room created, new size of array is :5
STATUS: Attempting to create room and add to array at Wed Jan  3 22:33:15 2007
STATUS: Room created, new size of array is :6
STATUS: Attempting to create room and add to array at Wed Jan  3 22:33:37 2007
STATUS: Room created, new size of array is :7
STATUS: Attempting to create room and add to array at Wed Jan  3 22:33:41 2007
STATUS: Room created, new size of array is :8
STATUS: Attempting to create room and add to array at Wed Jan  3 22:33:41 2007
STATUS: Room created, new size of array is :9
STATUS: Attempting to create room and add to array at Wed Jan  3 22:33:44 2007
STATUS: Room created, new size of array is :10
STATUS: Attempting to create room and add to array at Wed Jan  3 22:33:46 2007
STATUS: Room created, new size of array is :11
STATUS: Attempting to create room and add to array at Wed Jan  3 22:33:48 2007
STATUS: Room created, new size of array is :12
STATUS: Attempting to create room and add to array at Wed Jan  3 22:33:50 2007
STATUS: Room created, new size of array is :13
STATUS: Attempting to create room and add to array at Wed Jan  3 22:33:50 2007
STATUS: Room created, new size of array is :14
STATUS: Attempting to create room and add to array at Wed Jan  3 22:33:53 2007
STATUS: Room created, new size of array is :15
[1mSTATUS: Attempting to create room and add to array at Wed Jan 03 22:37:06 2007
[0m[1mSTATUS: Room created, new size of array is :1
[0m[1mSTATUS: Attempting to create room and add to array at Wed Jan 03 22:37:09 2007
[0m[1mSTATUS: Room created, new size of array is :2
[0m[1mSTATUS: Attempting to create room and add to array at Wed Jan 03 22:37:11 2007
[0m[1mSTATUS: Room created, new size of array is :3
[0m[1mSTATUS: Attempting to create room and add to array at Wed Jan 03 22:37:13 2007
[0m[1mSTATUS: Room created, new size of array is :4
[0m[1mSTATUS: Attempting to create room and add to array at Wed Jan 03 22:37:13 2007
[0m[1mSTATUS: Room created, new size of array is :5
[0m[1mSTATUS: Attempting to create room and add to array at Wed Jan 03 22:37:15 2007
[0m[1mSTATUS: Room created, new size of array is :6
[0m[1mSTATUS: Attempting to create room and add to array at Wed Jan 03 22:37:17 2007
[0m[1mSTATUS: Room created, new size of array is :7
[0m[1mSTATUS: Attempting to create room and add to array at Wed Jan 03 22:37:19 2007
[0m[1mSTATUS: Room created, new size of array is :8
[0m[1mSTATUS: Attempting to create room and add to array at Wed Jan 03 22:37:19 2007
[0m[1mSTATUS: Room created, new size of array is :9
[0m[1mSTATUS: Attempting to create room and add to array at Wed Jan 03 22:37:21 2007
[0m[1mSTATUS: Room created, new size of array is :10
[0m[1mSTATUS: Attempting to create room and add to array at Wed Jan 03 22:37:21 2007
[0m[1mSTATUS: Room created, new size of array is :11
[0m[1mSTATUS: Attempting to create room and add to array at Wed Jan 03 22:37:21 2007
[0m[1mSTATUS: Room created, new size of array is :12
[0m[1mSTATUS: Attempting to create room and add to array at Wed Jan 03 22:37:21 2007
[0m[1mSTATUS: Room created, new size of array is :13
[0m[1mSTATUS: Attempting to create room and add to array at Wed Jan 03 22:37:23 2007
[0m[1mSTATUS: Room created, new size of array is :14
[0m[1mSTATUS: Attempting to create room and add to array at Wed Jan 03 22:37:23 2007
[0m[1mSTATUS: Room created, new size of array is :15
[0m[1mSTATUS: Attempting to create room and add to array at Wed Jan 03 22:37:23 2007
[0m[1mSTATUS: Room created, new size of array is :16
[0m[1mSTATUS: Attempting to create room and add to array at Wed Jan 03 22:37:25 2007
[0m[1mSTATUS: Room created, new size of array is :17
[0m[1mSTATUS: Attempting to create room and add to array at Wed Jan 03 22:37:25 2007
[0m[1mSTATUS: Room created, new size of array is :18
[0mSTATUS: Attempting to create room and add to array at Wed Jan  3 22:54:25 2007
STATUS: Room created, new size of array is :16
STATUS: Attempting to create room and add to array at Wed Jan  3 22:54:31 2007
STATUS: Room created, new size of array is :17
STATUS: Attempting to create room and add to array at Wed Jan  3 22:54:33 2007
STATUS: Room created, new size of array is :18
STATUS: Attempting to create room and add to array at Wed Jan  3 22:54:35 2007
STATUS: Room created, new size of array is :19
STATUS: Attempting to create room and add to array at Wed Jan  3 22:54:37 2007
STATUS: Room created, new size of array is :20
STATUS: Attempting to create room and add to array at Wed Jan  3 22:54:41 2007
STATUS: Room created, new size of array is :21
STATUS: Attempting to create room and add to array at Wed Jan  3 22:54:41 2007
STATUS: Room created, new size of array is :22
STATUS: Attempting to create room and add to array at Wed Jan  3 22:54:46 2007
STATUS: Room created, new size of array is :23
STATUS: Attempting to create room and add to array at Wed Jan  3 22:54:46 2007
STATUS: Room created, new size of array is :24
STATUS: Attempting to create room and add to array at Wed Jan  3 22:54:52 2007
STATUS: Room created, new size of array is :25
STATUS: Attempting to create room and add to array at Wed Jan  3 22:55:04 2007
STATUS: Room created, new size of array is :26
[1mSTATUS: Attempting to remove room #15 from array at Wed Jan 03 23:36:47 2007
[0m[1mSTATUS: Number of remaining rooms in array: 17
[0m[1mSTATUS: Attempting to remove room #14 from array at Wed Jan 03 23:36:47 2007
[0m[1mSTATUS: Number of remaining rooms in array: 16
[0m[1mSTATUS: Attempting to remove room #13 from array at Wed Jan 03 23:36:47 2007
[0m[1mSTATUS: Number of remaining rooms in array: 15
[0m[1mSTATUS: Attempting to remove room #12 from array at Wed Jan 03 23:36:47 2007
[0m[1mSTATUS: Number of remaining rooms in array: 14
[0m[1mSTATUS: Attempting to remove room #11 from array at Wed Jan 03 23:36:47 2007
[0m[1mSTATUS: Number of remaining rooms in array: 13
[0m[1mSTATUS: Attempting to remove room #10 from array at Wed Jan 03 23:36:47 2007
[0m[1mSTATUS: Number of remaining rooms in array: 12
[0m[1mSTATUS: Attempting to remove room #9 from array at Wed Jan 03 23:36:47 2007
[0m[1mSTATUS: Number of remaining rooms in array: 11
[0m[1mSTATUS: Attempting to remove room #8 from array at Wed Jan 03 23:36:47 2007
[0m[1mSTATUS: Number of remaining rooms in array: 10
[0m[1mSTATUS: Attempting to remove room #7 from array at Wed Jan 03 23:36:47 2007
[0m[1mSTATUS: Number of remaining rooms in array: 9
[0m[1mSTATUS: Attempting to remove room #5 from array at Wed Jan 03 23:36:47 2007
[0m[1mSTATUS: Number of remaining rooms in array: 8
[0m[1mSTATUS: Attempting to remove room #3 from array at Wed Jan 03 23:36:47 2007
[0m[1mSTATUS: Number of remaining rooms in array: 7
[0m[1mSTATUS: Attempting to remove room #0 from array at Wed Jan 03 23:36:47 2007
[0m[1mSTATUS: Number of remaining rooms in array: 6
[0m[1mSTATUS: Cleaned 12 rooms at: Wed Jan 03 23:36:47 2007
[0m