********************************************************************************
*                    *     BLACK WILLOW MONK LOG FILE     *                    *
********************************************************************************
Log Entry: Sat Dec 16 00:43:24 2006 Obj: players/sparrow/castle
   Monk created by castle and moved to room: /players/maledicta/cont/rooms/887
Log Entry: Sat Dec 16 00:43:56 2006 Obj: players/sparrow/areas/bwo/npc/bwo_template#8837
   On reset moved to: /players/maledicta/cont/rooms/887
Log Entry: Sat Dec 16 00:43:56 2006 Obj: players/sparrow/areas/bwo/npc/bwo_template#8837
   On reset moved to: /players/earwax/area/fields/room/tunnel3
Log Entry: Sat Dec 16 00:45:01 2006 Obj: players/sparrow/areas/bwo/npc/bwo_template#8850
   Monk created by castle and moved to room: /players/mythos/aroom/forest/forest5
Log Entry: Sat Dec 16 00:45:31 2006 Obj: players/sparrow/areas/bwo/npc/bwo_template#8850
   On reset moved to: /players/maledicta/cont/rooms/109
Log Entry: Sat Dec 16 00:45:33 2006 Obj: players/sparrow/areas/bwo/npc/bwo_template#8850
   On reset moved to: /players/mythos/aroom/forest/forest5
Log Entry: Sat Dec 16 01:15:35 2006 Obj: players/sparrow/areas/bwo/npc/bwo_template#8597
   On reset moved to: /players/jaraxle/cont/rdragon/rooms/pond2
Log Entry: Sat Dec 16 13:02:20 2006 Obj: players/sparrow/areas/bwo/npc/bwo_template#2054
   Monk created by castle and moved to room: /players/earwax/area/fields/room/tunnel3
Log Entry: Sat Dec 16 13:20:11 2006 Obj: players/sparrow/areas/bwo/npc/bwo_template#2385
   Monk created by castle and moved to room: /players/earwax/area/fields/room/tunnel3
Log Entry: Sat Dec 16 17:54:06 2006 Obj: players/sparrow/areas/bwo/npc/bwo_template#3703
   Monk created by castle and moved to room: /players/maledicta/cont/rooms/887
Log Entry: Sat Dec 16 19:45:02 2006 Obj: players/sparrow/areas/bwo/npc/bwo_template#4075
   On reset moved to: /players/maledicta/cont/rooms/771
Log Entry: Sat Dec 16 19:45:30 2006 Obj: players/sparrow/areas/bwo/npc/bwo_template
   On reset moved to: /players/jaraxle/cont/rdragon/rooms/pond2
Log Entry: Sat Dec 16 19:45:52 2006 Obj: players/sparrow/areas/bwo/npc/bwo_template#4069
   On reset moved to: /players/maledicta/cont/rooms/444
Log Entry: Sat Dec 16 19:46:00 2006 Obj: players/sparrow/areas/bwo/npc/bwo_template#4062
   On reset moved to: /players/jaraxle/cont/rdragon/rooms/pond2
Log Entry: Sat Dec 16 19:46:10 2006 Obj: players/sparrow/areas/bwo/npc/bwo_template#4055
   On reset moved to: /players/maledicta/cont/rooms/892
Log Entry: Sat Dec 16 19:46:20 2006 Obj: players/sparrow/areas/bwo/npc/bwo_template#4028
   On reset moved to: /players/maledicta/cont/rooms/771
Log Entry: Sat Dec 16 19:46:26 2006 Obj: players/sparrow/areas/bwo/npc/bwo_template#4008
   On reset moved to: /players/maledicta/cont/rooms/109
Log Entry: Sat Dec 16 19:47:47 2006 Obj: players/sparrow/areas/bwo/npc/bwo_template#4097
   Monk created by castle and moved to room: /players/mythos/aroom/forest/forest5
Log Entry: Sat Dec 16 20:59:36 2006 Obj: players/sparrow/areas/bwo/npc/bwo_template#4462
   On reset moved to: /players/trix/castle/primo/apse20.c
Log Entry: Sat Dec 16 21:00:02 2006 Obj: players/sparrow/areas/bwo/npc/bwo_template
   On reset moved to: /players/maledicta/cont/rooms/444
Log Entry: Sat Dec 16 21:01:18 2006 Obj: players/sparrow/areas/bwo/npc/bwo_template#4493
   Monk created by castle and moved to room: /players/maledicta/cont/rooms/887
Log Entry: Sat Dec 16 21:01:44 2006 Obj: players/sparrow/areas/bwo/npc/bwo_template
   On reset moved to: /players/earwax/area/fields/room/tunnel3
Log Entry: Sat Dec 16 21:01:56 2006 Obj: players/sparrow/areas/bwo/npc/bwo_template#4501
   Monk created by castle and moved to room: /players/mythos/aroom/forest/around.c
