2001.07.19 21:44 A c:\mud\rowan\drake\mansion\bedroom.c <-- Nirvana /players/molasar/rowan/drake/mansion bedroom.c
2001.07.19 21:44 A c:\mud\rowan\drake\mansion\cell1.c <-- Nirvana /players/molasar/rowan/drake/mansion cell1.c
2001.07.19 21:44 A c:\mud\rowan\drake\mansion\cell2.c <-- Nirvana /players/molasar/rowan/drake/mansion cell2.c
2001.07.19 21:44 A c:\mud\rowan\drake\mansion\cell3.c <-- Nirvana /players/molasar/rowan/drake/mansion cell3.c
2001.07.19 21:44 A c:\mud\rowan\drake\mansion\dungeon.c <-- Nirvana /players/molasar/rowan/drake/mansion dungeon.c
2001.07.19 21:44 A c:\mud\rowan\drake\mansion\e_hall.c <-- Nirvana /players/molasar/rowan/drake/mansion e_hall.c
2001.07.19 21:44 A c:\mud\rowan\drake\mansion\foyer.c <-- Nirvana /players/molasar/rowan/drake/mansion foyer.c
2001.07.19 21:44 A c:\mud\rowan\drake\mansion\gr_hall.c <-- Nirvana /players/molasar/rowan/drake/mansion gr_hall.c
2001.07.19 21:44 A c:\mud\rowan\drake\mansion\mt_chmbr.c <-- Nirvana /players/molasar/rowan/drake/mansion mt_chmbr.c
2001.07.19 21:44 A c:\mud\rowan\drake\mansion\path.c <-- Nirvana /players/molasar/rowan/drake/mansion path.c
2001.07.19 21:44 A c:\mud\rowan\drake\mansion\u_hall1.c <-- Nirvana /players/molasar/rowan/drake/mansion u_hall1.c
2001.07.19 21:44 A c:\mud\rowan\drake\mansion\u_hall2.c <-- Nirvana /players/molasar/rowan/drake/mansion u_hall2.c
2001.07.19 21:44 A c:\mud\rowan\drake\mansion\w_hall.c <-- Nirvana /players/molasar/rowan/drake/mansion w_hall.c
2001.07.19 21:47 A c:\mud\rowan\drake\mansion\bedroom.c --> nirvana.mudservices.com /players/fakir/rowan/drake/mansion bedroom.c
2001.07.19 21:47 A c:\mud\rowan\drake\mansion\cell1.c --> nirvana.mudservices.com /players/fakir/rowan/drake/mansion cell1.c
2001.07.19 21:47 A c:\mud\rowan\drake\mansion\cell2.c --> nirvana.mudservices.com /players/fakir/rowan/drake/mansion cell2.c
2001.07.19 21:47 A c:\mud\rowan\drake\mansion\cell3.c --> nirvana.mudservices.com /players/fakir/rowan/drake/mansion cell3.c
2001.07.19 21:47 A c:\mud\rowan\drake\mansion\dungeon.c --> nirvana.mudservices.com /players/fakir/rowan/drake/mansion dungeon.c
2001.07.19 21:47 A c:\mud\rowan\drake\mansion\e_hall.c --> nirvana.mudservices.com /players/fakir/rowan/drake/mansion e_hall.c
2001.07.19 21:47 A c:\mud\rowan\drake\mansion\foyer.c --> nirvana.mudservices.com /players/fakir/rowan/drake/mansion foyer.c
2001.07.19 21:47 A c:\mud\rowan\drake\mansion\gr_hall.c --> nirvana.mudservices.com /players/fakir/rowan/drake/mansion gr_hall.c
2001.07.19 21:47 A c:\mud\rowan\drake\mansion\mt_chmbr.c --> nirvana.mudservices.com /players/fakir/rowan/drake/mansion mt_chmbr.c
2001.07.19 21:47 A c:\mud\rowan\drake\mansion\path.c --> nirvana.mudservices.com /players/fakir/rowan/drake/mansion path.c
2001.07.19 21:47 A c:\mud\rowan\drake\mansion\u_hall1.c --> nirvana.mudservices.com /players/fakir/rowan/drake/mansion u_hall1.c
2001.07.19 21:47 A c:\mud\rowan\drake\mansion\u_hall2.c --> nirvana.mudservices.com /players/fakir/rowan/drake/mansion u_hall2.c
2001.07.19 21:47 A c:\mud\rowan\drake\mansion\w_hall.c --> nirvana.mudservices.com /players/fakir/rowan/drake/mansion w_hall.c
