2000.04.27 23:32 A C:\My Documents\nirvana\power\aban_hope.h <-- nirvana /players/daranath/guild/power aban_hope.h
2000.04.27 23:32 A C:\My Documents\nirvana\power\assasination.h <-- nirvana /players/daranath/guild/power assasination.h
2000.04.27 23:32 A C:\My Documents\nirvana\power\autopsy.h <-- nirvana /players/daranath/guild/power autopsy.h
2000.04.27 23:32 A C:\My Documents\nirvana\power\badmoon.h <-- nirvana /players/daranath/guild/power badmoon.h
2000.04.27 23:32 A C:\My Documents\nirvana\power\banshee.h <-- nirvana /players/daranath/guild/power banshee.h
2000.04.27 23:32 A C:\My Documents\nirvana\power\blind_agony.h <-- nirvana /players/daranath/guild/power blind_agony.h
2000.04.27 23:32 A C:\My Documents\nirvana\power\buried_alive.h <-- nirvana /players/daranath/guild/power buried_alive.h
2000.04.27 23:32 A C:\My Documents\nirvana\power\caress.h <-- nirvana /players/daranath/guild/power caress.h
2000.04.27 23:32 A C:\My Documents\nirvana\power\con_grave.h <-- nirvana /players/daranath/guild/power con_grave.h
2000.04.27 23:32 A C:\My Documents\nirvana\power\conf_cloak.h <-- nirvana /players/daranath/guild/power conf_cloak.h
2000.04.27 23:32 A C:\My Documents\nirvana\power\consume.h <-- nirvana /players/daranath/guild/power consume.h
2000.04.27 23:32 A C:\My Documents\nirvana\power\dark_intr.h <-- nirvana /players/daranath/guild/power dark_intr.h
2000.04.27 23:32 A C:\My Documents\nirvana\power\ddoor.h <-- nirvana /players/daranath/guild/power ddoor.h
2000.04.27 23:32 A C:\My Documents\nirvana\power\deathfog.h <-- nirvana /players/daranath/guild/power deathfog.h
2000.04.27 23:32 A C:\My Documents\nirvana\power\dembrace.h <-- nirvana /players/daranath/guild/power dembrace.h
2000.04.27 23:32 A C:\My Documents\nirvana\power\dis_burial.h <-- nirvana /players/daranath/guild/power dis_burial.h
2000.04.27 23:32 A C:\My Documents\nirvana\power\drain_life.h <-- nirvana /players/daranath/guild/power drain_life.h
2000.04.27 23:32 A C:\My Documents\nirvana\power\ghast_stench.h <-- nirvana /players/daranath/guild/power ghast_stench.h
2000.04.27 23:32 A C:\My Documents\nirvana\power\grafting.h <-- nirvana /players/daranath/guild/power grafting.h
2000.04.27 23:32 A C:\My Documents\nirvana\power\necro_gwho.h <-- nirvana /players/daranath/guild/power necro_gwho.h
2000.04.27 23:32 A C:\My Documents\nirvana\power\necro_score.h <-- nirvana /players/daranath/guild/power necro_score.h
2000.04.27 23:32 A C:\My Documents\nirvana\power\necro_who.h <-- nirvana /players/daranath/guild/power necro_who.h
2000.04.27 23:32 A C:\My Documents\nirvana\power\preserve.h <-- nirvana /players/daranath/guild/power preserve.h
2000.04.27 23:32 A C:\My Documents\nirvana\power\raise_dead.h <-- nirvana /players/daranath/guild/power raise_dead.h
2000.04.27 23:32 A C:\My Documents\nirvana\power\raise_portal.h <-- nirvana /players/daranath/guild/power raise_portal.h
2000.04.27 23:32 A C:\My Documents\nirvana\power\sad_glee.h <-- nirvana /players/daranath/guild/power sad_glee.h
2000.04.27 23:32 A C:\My Documents\nirvana\power\sphere.h <-- nirvana /players/daranath/guild/power sphere.h
2000.04.27 23:32 A C:\My Documents\nirvana\power\summon_tool.h <-- nirvana /players/daranath/guild/power summon_tool.h
2000.04.27 23:32 A C:\My Documents\nirvana\power\syphon.h <-- nirvana /players/daranath/guild/power syphon.h
2000.04.27 23:32 A C:\My Documents\nirvana\power\touch_chill.h <-- nirvana /players/daranath/guild/power touch_chill.h
2000.04.27 23:32 A C:\My Documents\nirvana\power\touch_spect.h <-- nirvana /players/daranath/guild/power touch_spect.h
2000.04.27 23:32 A C:\My Documents\nirvana\power\wraithform.h <-- nirvana /players/daranath/guild/power wraithform.h
2000.04.27 23:39 A C:\My Documents\nirvana\power\aban_hope.h --> nirvana.mudservices.com /players/wocket/necro/power aban_hope.h
2000.04.27 23:39 A C:\My Documents\nirvana\power\assasination.h --> nirvana.mudservices.com /players/wocket/necro/power assasination.h
2000.04.27 23:39 A C:\My Documents\nirvana\power\autopsy.h --> nirvana.mudservices.com /players/wocket/necro/power autopsy.h
2000.04.27 23:39 A C:\My Documents\nirvana\power\badmoon.h --> nirvana.mudservices.com /players/wocket/necro/power badmoon.h
2000.04.27 23:39 A C:\My Documents\nirvana\power\banshee.h --> nirvana.mudservices.com /players/wocket/necro/power banshee.h
2000.04.27 23:39 A C:\My Documents\nirvana\power\blind_agony.h --> nirvana.mudservices.com /players/wocket/necro/power blind_agony.h
2000.04.27 23:39 A C:\My Documents\nirvana\power\buried_alive.h --> nirvana.mudservices.com /players/wocket/necro/power buried_alive.h
2000.04.27 23:39 A C:\My Documents\nirvana\power\caress.h --> nirvana.mudservices.com /players/wocket/necro/power caress.h
2000.04.27 23:39 A C:\My Documents\nirvana\power\con_grave.h --> nirvana.mudservices.com /players/wocket/necro/power con_grave.h
2000.04.27 23:39 A C:\My Documents\nirvana\power\conf_cloak.h --> nirvana.mudservices.com /players/wocket/necro/power conf_cloak.h
2000.04.27 23:39 A C:\My Documents\nirvana\power\consume.h --> nirvana.mudservices.com /players/wocket/necro/power consume.h
2000.04.27 23:39 A C:\My Documents\nirvana\power\dark_intr.h --> nirvana.mudservices.com /players/wocket/necro/power dark_intr.h
2000.04.27 23:39 A C:\My Documents\nirvana\power\ddoor.h --> nirvana.mudservices.com /players/wocket/necro/power ddoor.h
2000.04.27 23:39 A C:\My Documents\nirvana\power\deathfog.h --> nirvana.mudservices.com /players/wocket/necro/power deathfog.h
2000.04.27 23:39 A C:\My Documents\nirvana\power\dembrace.h --> nirvana.mudservices.com /players/wocket/necro/power dembrace.h
2000.04.27 23:39 A C:\My Documents\nirvana\power\dis_burial.h --> nirvana.mudservices.com /players/wocket/necro/power dis_burial.h
2000.04.27 23:39 A C:\My Documents\nirvana\power\drain_life.h --> nirvana.mudservices.com /players/wocket/necro/power drain_life.h
2000.04.27 23:39 A C:\My Documents\nirvana\power\ghast_stench.h --> nirvana.mudservices.com /players/wocket/necro/power ghast_stench.h
2000.04.27 23:39 A C:\My Documents\nirvana\power\grafting.h --> nirvana.mudservices.com /players/wocket/necro/power grafting.h
2000.04.27 23:39 A C:\My Documents\nirvana\power\necro_gwho.h --> nirvana.mudservices.com /players/wocket/necro/power necro_gwho.h
2000.04.27 23:39 A C:\My Documents\nirvana\power\necro_score.h --> nirvana.mudservices.com /players/wocket/necro/power necro_score.h
2000.04.27 23:39 A C:\My Documents\nirvana\power\necro_who.h --> nirvana.mudservices.com /players/wocket/necro/power necro_who.h
2000.04.27 23:39 A C:\My Documents\nirvana\power\preserve.h --> nirvana.mudservices.com /players/wocket/necro/power preserve.h
2000.04.27 23:39 A C:\My Documents\nirvana\power\raise_dead.h --> nirvana.mudservices.com /players/wocket/necro/power raise_dead.h
2000.04.27 23:39 A C:\My Documents\nirvana\power\raise_portal.h --> nirvana.mudservices.com /players/wocket/necro/power raise_portal.h
2000.04.27 23:39 A C:\My Documents\nirvana\power\sad_glee.h --> nirvana.mudservices.com /players/wocket/necro/power sad_glee.h
2000.04.27 23:39 A C:\My Documents\nirvana\power\sphere.h --> nirvana.mudservices.com /players/wocket/necro/power sphere.h
2000.04.27 23:39 A C:\My Documents\nirvana\power\summon_tool.h --> nirvana.mudservices.com /players/wocket/necro/power summon_tool.h
2000.04.27 23:39 A C:\My Documents\nirvana\power\syphon.h --> nirvana.mudservices.com /players/wocket/necro/power syphon.h
2000.04.27 23:39 A C:\My Documents\nirvana\power\touch_chill.h --> nirvana.mudservices.com /players/wocket/necro/power touch_chill.h
2000.04.27 23:39 A C:\My Documents\nirvana\power\touch_spect.h --> nirvana.mudservices.com /players/wocket/necro/power touch_spect.h
2000.04.27 23:39 A C:\My Documents\nirvana\power\wraithform.h --> nirvana.mudservices.com /players/wocket/necro/power wraithform.h
