2002.09.22 22:50 A C:\Program Files\WS_FTP\areas\chaos\cave\grid4\hall1.c <-- Microsoft /players/cronos/areas/chaos/cave/grid4 hall1.c
2002.09.22 22:50 A C:\Program Files\WS_FTP\areas\chaos\cave\grid4\hall2.c <-- Microsoft /players/cronos/areas/chaos/cave/grid4 hall2.c
2002.09.22 22:50 A C:\Program Files\WS_FTP\areas\chaos\cave\grid4\hall3.c <-- Microsoft /players/cronos/areas/chaos/cave/grid4 hall3.c
2002.09.22 22:50 A C:\Program Files\WS_FTP\areas\chaos\cave\grid4\hall4.c <-- Microsoft /players/cronos/areas/chaos/cave/grid4 hall4.c
2002.09.22 22:50 A C:\Program Files\WS_FTP\areas\chaos\cave\grid4\hall5.c <-- Microsoft /players/cronos/areas/chaos/cave/grid4 hall5.c
2002.09.22 22:50 A C:\Program Files\WS_FTP\areas\chaos\cave\grid4\hall6.c <-- Microsoft /players/cronos/areas/chaos/cave/grid4 hall6.c
2002.09.22 22:50 A C:\Program Files\WS_FTP\areas\chaos\cave\grid4\hall7.c <-- Microsoft /players/cronos/areas/chaos/cave/grid4 hall7.c
2002.09.25 16:34 A C:\Program Files\WS_FTP\areas\chaos\cave\grid4\hall3.c <-- Microsoft /players/cronos/areas/chaos/cave/grid5 hall3.c
2002.09.25 16:35 A C:\Program Files\WS_FTP\areas\chaos\cave\grid4\hall3.c <-- Microsoft /players/cronos/areas/chaos/cave/grid4 hall3.c
2002.09.25 16:35 A C:\Program Files\WS_FTP\areas\chaos\cave\grid4\hall1.c <-- Microsoft /players/cronos/areas/chaos/cave/grid4 hall1.c
2002.09.25 16:35 A C:\Program Files\WS_FTP\areas\chaos\cave\grid4\hall2.c <-- Microsoft /players/cronos/areas/chaos/cave/grid4 hall2.c
2002.09.25 16:35 A C:\Program Files\WS_FTP\areas\chaos\cave\grid4\hall3.c <-- Microsoft /players/cronos/areas/chaos/cave/grid4 hall3.c
2002.09.25 16:35 A C:\Program Files\WS_FTP\areas\chaos\cave\grid4\hall4.c <-- Microsoft /players/cronos/areas/chaos/cave/grid4 hall4.c
2002.09.25 16:35 A C:\Program Files\WS_FTP\areas\chaos\cave\grid4\hall5.c <-- Microsoft /players/cronos/areas/chaos/cave/grid4 hall5.c
2002.09.25 16:35 A C:\Program Files\WS_FTP\areas\chaos\cave\grid4\hall6.c <-- Microsoft /players/cronos/areas/chaos/cave/grid4 hall6.c
2002.09.25 16:35 A C:\Program Files\WS_FTP\areas\chaos\cave\grid4\hall7.c <-- Microsoft /players/cronos/areas/chaos/cave/grid4 hall7.c
2002.09.25 17:12 A C:\Program Files\WS_FTP\areas\chaos\cave\grid4\hall5.c --> nirvana.mudservices.com /players/cronos/areas/chaos/cave/grid4 hall5.c
2002.09.29 03:05 A C:\Program Files\WS_FTP\areas\chaos\cave\grid4\hall1.c <-- Microsoft /players/cronos/areas/chaos/cave/grid4 hall1.c
2002.09.29 03:05 A C:\Program Files\WS_FTP\areas\chaos\cave\grid4\hall2.c <-- Microsoft /players/cronos/areas/chaos/cave/grid4 hall2.c
2002.09.29 03:05 A C:\Program Files\WS_FTP\areas\chaos\cave\grid4\hall3.c <-- Microsoft /players/cronos/areas/chaos/cave/grid4 hall3.c
2002.09.29 03:05 A C:\Program Files\WS_FTP\areas\chaos\cave\grid4\hall4.c <-- Microsoft /players/cronos/areas/chaos/cave/grid4 hall4.c
2002.09.29 03:05 A C:\Program Files\WS_FTP\areas\chaos\cave\grid4\hall5.c <-- Microsoft /players/cronos/areas/chaos/cave/grid4 hall5.c
2002.09.29 03:05 A C:\Program Files\WS_FTP\areas\chaos\cave\grid4\hall6.c <-- Microsoft /players/cronos/areas/chaos/cave/grid4 hall6.c
2002.09.29 03:05 A C:\Program Files\WS_FTP\areas\chaos\cave\grid4\hall7.c <-- Microsoft /players/cronos/areas/chaos/cave/grid4 hall7.c
2002.11.19 14:27 A C:\Program Files\WS_FTP\areas\chaos\cave\grid4\hall1.c <-- Microsoft /players/cronos/areas/chaos/cave/grid4 hall1.c
2002.11.19 14:27 A C:\Program Files\WS_FTP\areas\chaos\cave\grid4\hall2.c <-- Microsoft /players/cronos/areas/chaos/cave/grid4 hall2.c
2002.11.19 14:27 A C:\Program Files\WS_FTP\areas\chaos\cave\grid4\hall3.c <-- Microsoft /players/cronos/areas/chaos/cave/grid4 hall3.c
2002.11.19 14:27 A C:\Program Files\WS_FTP\areas\chaos\cave\grid4\hall4.c <-- Microsoft /players/cronos/areas/chaos/cave/grid4 hall4.c
2002.11.19 14:27 A C:\Program Files\WS_FTP\areas\chaos\cave\grid4\hall5.c <-- Microsoft /players/cronos/areas/chaos/cave/grid4 hall5.c
2002.11.19 14:27 A C:\Program Files\WS_FTP\areas\chaos\cave\grid4\hall6.c <-- Microsoft /players/cronos/areas/chaos/cave/grid4 hall6.c
2002.11.19 14:27 A C:\Program Files\WS_FTP\areas\chaos\cave\grid4\hall7.c <-- Microsoft /players/cronos/areas/chaos/cave/grid4 hall7.c
2002.11.19 14:56 A C:\Program Files\WS_FTP\areas\chaos\cave\grid4\hall1.c --> elysium.edenproject.org /players/cronos/areas/chaos/cave/grid4 hall1.c
2002.11.19 14:56 A C:\Program Files\WS_FTP\areas\chaos\cave\grid4\hall2.c --> elysium.edenproject.org /players/cronos/areas/chaos/cave/grid4 hall2.c
2002.11.19 14:56 A C:\Program Files\WS_FTP\areas\chaos\cave\grid4\hall3.c --> elysium.edenproject.org /players/cronos/areas/chaos/cave/grid4 hall3.c
2002.11.19 14:56 A C:\Program Files\WS_FTP\areas\chaos\cave\grid4\hall4.c --> elysium.edenproject.org /players/cronos/areas/chaos/cave/grid4 hall4.c
2002.11.19 14:56 A C:\Program Files\WS_FTP\areas\chaos\cave\grid4\hall5.c --> elysium.edenproject.org /players/cronos/areas/chaos/cave/grid4 hall5.c
2002.11.19 14:56 A C:\Program Files\WS_FTP\areas\chaos\cave\grid4\hall6.c --> elysium.edenproject.org /players/cronos/areas/chaos/cave/grid4 hall6.c
2002.11.19 14:56 A C:\Program Files\WS_FTP\areas\chaos\cave\grid4\hall7.c --> elysium.edenproject.org /players/cronos/areas/chaos/cave/grid4 hall7.c
2002.11.19 14:56 A C:\Program Files\WS_FTP\areas\chaos\cave\grid4\room1.c --> elysium.edenproject.org /players/cronos/areas/chaos/cave/grid4 room1.c
2002.11.19 14:56 A C:\Program Files\WS_FTP\areas\chaos\cave\grid4\room2.c --> elysium.edenproject.org /players/cronos/areas/chaos/cave/grid4 room2.c
2002.11.19 14:56 A C:\Program Files\WS_FTP\areas\chaos\cave\grid4\room3.c --> elysium.edenproject.org /players/cronos/areas/chaos/cave/grid4 room3.c
2002.11.19 14:56 A C:\Program Files\WS_FTP\areas\chaos\cave\grid4\WS_FTP.LOG --> elysium.edenproject.org /players/cronos/areas/chaos/cave/grid4 WS_FTP.LOG
2003.06.11 13:48 A C:\Program Files\WS_FTP\areas\chaos\cave\grid4\hall1.c --> nirvana.mudservices.com /players/jareel/areas/chaos/cave/grid4 hall1.c
2003.06.11 13:48 A C:\Program Files\WS_FTP\areas\chaos\cave\grid4\hall2.c --> nirvana.mudservices.com /players/jareel/areas/chaos/cave/grid4 hall2.c
2003.06.11 13:48 A C:\Program Files\WS_FTP\areas\chaos\cave\grid4\hall3.c --> nirvana.mudservices.com /players/jareel/areas/chaos/cave/grid4 hall3.c
2003.06.11 13:48 A C:\Program Files\WS_FTP\areas\chaos\cave\grid4\hall4.c --> nirvana.mudservices.com /players/jareel/areas/chaos/cave/grid4 hall4.c
2003.06.11 13:48 A C:\Program Files\WS_FTP\areas\chaos\cave\grid4\hall5.c --> nirvana.mudservices.com /players/jareel/areas/chaos/cave/grid4 hall5.c
2003.06.11 13:48 A C:\Program Files\WS_FTP\areas\chaos\cave\grid4\hall6.c --> nirvana.mudservices.com /players/jareel/areas/chaos/cave/grid4 hall6.c
2003.06.11 13:48 A C:\Program Files\WS_FTP\areas\chaos\cave\grid4\hall7.c --> nirvana.mudservices.com /players/jareel/areas/chaos/cave/grid4 hall7.c
2003.06.11 13:48 A C:\Program Files\WS_FTP\areas\chaos\cave\grid4\room1.c --> nirvana.mudservices.com /players/jareel/areas/chaos/cave/grid4 room1.c
2003.06.11 13:48 A C:\Program Files\WS_FTP\areas\chaos\cave\grid4\room2.c --> nirvana.mudservices.com /players/jareel/areas/chaos/cave/grid4 room2.c
2003.06.11 13:48 A C:\Program Files\WS_FTP\areas\chaos\cave\grid4\room3.c --> nirvana.mudservices.com /players/jareel/areas/chaos/cave/grid4 room3.c
2003.07.08 13:06 A C:\Program Files\WS_FTP\areas\chaos\cave\grid4\WS_FTP.LOG <-- Microsoft /players/jareel/areas/chaos/cave/grid4 WS_FTP.LOG
2003.12.01 17:15 A C:\Program Files\WS_FTP\areas\chaos\cave\grid4\hall1.c --> nirvana.mudservices.com /players/jareel/areas/chaos/cave/grid4 hall1.c
2003.12.01 17:15 A C:\Program Files\WS_FTP\areas\chaos\cave\grid4\hall2.c --> nirvana.mudservices.com /players/jareel/areas/chaos/cave/grid4 hall2.c
2003.12.01 17:15 A C:\Program Files\WS_FTP\areas\chaos\cave\grid4\hall3.c --> nirvana.mudservices.com /players/jareel/areas/chaos/cave/grid4 hall3.c
2003.12.01 17:15 A C:\Program Files\WS_FTP\areas\chaos\cave\grid4\hall4.c --> nirvana.mudservices.com /players/jareel/areas/chaos/cave/grid4 hall4.c
2003.12.01 17:15 A C:\Program Files\WS_FTP\areas\chaos\cave\grid4\hall5.c --> nirvana.mudservices.com /players/jareel/areas/chaos/cave/grid4 hall5.c
2003.12.01 17:15 A C:\Program Files\WS_FTP\areas\chaos\cave\grid4\hall6.c --> nirvana.mudservices.com /players/jareel/areas/chaos/cave/grid4 hall6.c
2003.12.01 17:15 A C:\Program Files\WS_FTP\areas\chaos\cave\grid4\hall7.c --> nirvana.mudservices.com /players/jareel/areas/chaos/cave/grid4 hall7.c
2003.12.01 17:15 A C:\Program Files\WS_FTP\areas\chaos\cave\grid4\room1.c --> nirvana.mudservices.com /players/jareel/areas/chaos/cave/grid4 room1.c
2003.12.01 17:15 A C:\Program Files\WS_FTP\areas\chaos\cave\grid4\room2.c --> nirvana.mudservices.com /players/jareel/areas/chaos/cave/grid4 room2.c
2003.12.01 17:15 A C:\Program Files\WS_FTP\areas\chaos\cave\grid4\room3.c --> nirvana.mudservices.com /players/jareel/areas/chaos/cave/grid4 room3.c
