[1;31mSun Jun 15 22:52:01 2014 [2;37;0mCooper entered Club Fed.
[1;31mMon Jun 16 18:14:22 2014 [2;37;0mCooper entered Club Fed.
[1;31mWed Jun 18 23:18:48 2014 [2;37;0mCooper entered Club Fed.
[1;31mThu Jun 19 20:24:52 2014 [2;37;0mCooper entered Club Fed.
[1;31mFri Jun 20 19:27:08 2014 [2;37;0mCooper entered Club Fed.
[1;31mFri Jun 20 19:27:18 2014 [2;37;0mHoyle entered Club Fed.
[1;31mFri Jun 20 21:32:16 2014 [2;37;0mFlap entered Club Fed.
[1;31mSat Jun 21 15:34:35 2014 [2;37;0mRage entered Club Fed.
[1;31mSun Jun 22 13:09:53 2014 [2;37;0mDeathseeker entered Club Fed.
[1;31mSun Jun 22 13:09:59 2014 [2;37;0mXehanort entered Club Fed.
[1;31mSun Jun 22 13:10:19 2014 [2;37;0mCooper entered Club Fed.
[1;31mSun Jun 22 13:13:19 2014 [2;37;0mGrace entered Club Fed.
[1;31mMon Jun 23 18:46:53 2014 [2;37;0mCooper entered Club Fed.
[1;31mMon Jun 23 18:47:13 2014 [2;37;0mMaul entered Club Fed.
[1;31mMon Jun 23 23:13:58 2014 [2;37;0mCooper entered Club Fed.
[1;31mMon Jun 23 23:15:18 2014 [2;37;0mMaul entered Club Fed.
[1;31mMon Jun 23 23:30:06 2014 [2;37;0mCooper entered Club Fed.
[1;31mMon Jun 23 23:30:30 2014 [2;37;0mMaul entered Club Fed.
[1;31mTue Jun 24 07:59:44 2014 [2;37;0mMaul entered Club Fed.
[1;31mWed Jun 25 23:22:23 2014 [2;37;0mCooper entered Club Fed.
[1;31mThu Jul  3 00:36:57 2014 [2;37;0mCooper entered Club Fed.
[1;31mFri Jul  4 08:32:12 2014 [2;37;0mCooper entered Club Fed.
[1;31mFri Jul  4 18:46:21 2014 [2;37;0mCooper entered Club Fed.
[1;31mFri Jul  4 18:53:27 2014 [2;37;0mCooper entered Club Fed.
[1;31mFri Jul  4 19:22:55 2014 [2;37;0mCooper entered Club Fed.
[1;31mSat Jul  5 08:26:52 2014 [2;37;0mCooper entered Club Fed.
[1;31mSat Jul  5 17:40:27 2014 [2;37;0mCooper entered Club Fed.
[1;31mSat Jul  5 20:05:58 2014 [2;37;0mCooper entered Club Fed.
[1;31mSun Jul  6 07:24:52 2014 [2;37;0mCooper entered Club Fed.
[1;31mMon Jul  7 23:17:12 2014 [2;37;0mCooper entered Club Fed.
[1;31mWed Jul  9 16:13:29 2014 [2;37;0mMosh entered Club Fed.
[1;31mWed Jul  9 20:37:19 2014 [2;37;0mCooper entered Club Fed.
[1;31mWed Jul  9 20:37:39 2014 [2;37;0mChaney entered Club Fed.
[1;31mWed Jul  9 20:37:43 2014 [2;37;0mBardox entered Club Fed.
[1;31mWed Jul  9 21:08:53 2014 [2;37;0mMosh entered Club Fed.
[1;31mThu Jul 10 16:34:44 2014 [2;37;0mCooper entered Club Fed.
[1;31mThu Jul 10 19:36:37 2014 [2;37;0mCooper entered Club Fed.
[1;31mFri Jul 11 17:50:33 2014 [2;37;0mCooper entered Club Fed.
[1;31mFri Jul 11 20:59:56 2014 [2;37;0mCooper entered Club Fed.
[1;31mFri Jul 11 21:00:40 2014 [2;37;0mMarsellus entered Club Fed.
[1;31mSat Jul 12 08:52:54 2014 [2;37;0mCooper entered Club Fed.
[1;31mSat Jul 12 11:40:15 2014 [2;37;0mCooper entered Club Fed.
[1;31mSat Jul 12 11:50:38 2014 [2;37;0mSilverwind entered Club Fed.
[1;31mSat Jul 12 11:52:48 2014 [2;37;0mCooper entered Club Fed.
[1;31mSat Jul 12 16:43:47 2014 [2;37;0mCooper entered Club Fed.
[1;31mSat Jul 12 21:20:23 2014 [2;37;0mCooper entered Club Fed.
[1;31mSat Jul 12 23:09:59 2014 [2;37;0mCooper entered Club Fed.
[1;31mSun Jul 13 19:21:50 2014 [2;37;0mSilverwind entered Club Fed.
[1;31mTue Jul 15 19:51:35 2014 [2;37;0mHoyle entered Club Fed.
[1;31mFri Jul 18 18:15:03 2014 [2;37;0mCooper entered Club Fed.
[1;31mFri Jul 18 18:15:07 2014 [2;37;0mCooper entered Club Fed.
[1;31mFri Jul 18 20:40:43 2014 [2;37;0mCooper entered Club Fed.
[1;31mSat Jul 19 12:13:46 2014 [2;37;0mCooper entered Club Fed.
[1;31mTue Jul 22 11:15:44 2014 [2;37;0mMosh entered Club Fed.
[1;31mSat Jul 26 20:21:42 2014 [2;37;0mMarlboro entered Club Fed.
[1;31mThu Jul 31 11:29:26 2014 [2;37;0mSilverpaw entered Club Fed.
[1;31mFri Aug  1 19:59:43 2014 [2;37;0mCooper entered Club Fed.
[1;31mSat Aug  2 12:35:31 2014 [2;37;0mCooper entered Club Fed.
[1;31mMon Aug  4 22:26:51 2014 [2;37;0mCooper entered Club Fed.
[1;31mMon Aug  4 22:47:07 2014 [2;37;0mCooper entered Club Fed.
[1;31mMon Aug  4 23:54:41 2014 [2;37;0mRage entered Club Fed.
[1;31mTue Aug  5 00:10:12 2014 [2;37;0mJaster entered Club Fed.
[1;31mTue Aug  5 00:10:14 2014 [2;37;0mRage entered Club Fed.
[1;31mSat Aug  9 22:47:20 2014 [2;37;0mCooper entered Club Fed.
[1;31mSat Aug  9 22:48:46 2014 [2;37;0mDeathseeker entered Club Fed.
[1;31mSun Aug 10 14:45:36 2014 [2;37;0mCooper entered Club Fed.
[1;31mTue Aug 12 14:28:44 2014 [2;37;0mWolfpac entered Club Fed.
[1;31mTue Aug 19 14:37:51 2014 [2;37;0mMerto entered Club Fed.
[1;31mTue Aug 19 15:14:29 2014 [2;37;0mMerto entered Club Fed.
[1;31mTue Aug 19 21:20:49 2014 [2;37;0mWolfpac entered Club Fed.
[1;31mTue Aug 19 21:20:49 2014 [2;37;0mMerto entered Club Fed.
[1;31mTue Aug 19 21:21:02 2014 [2;37;0mJadin entered Club Fed.
[1;31mTue Aug 19 21:51:14 2014 [2;37;0mMerto entered Club Fed.
[1;31mFri Aug 22 09:25:33 2014 [2;37;0mCooper entered Club Fed.
[1;31mFri Aug 22 09:46:04 2014 [2;37;0mCooper entered Club Fed.
[1;31mTue Aug 26 22:43:19 2014 [2;37;0mChrono entered Club Fed.
[1;31mTue Aug 26 22:43:23 2014 [2;37;0mIncendius entered Club Fed.
[1;31mTue Aug 26 22:43:27 2014 [2;37;0mJadin entered Club Fed.
[1;31mSat Aug 30 13:25:17 2014 [2;37;0mColbey entered Club Fed.
[1;31mSat Aug 30 14:01:04 2014 [2;37;0mColbey entered Club Fed.
[1;31mSat Aug 30 18:43:07 2014 [2;37;0mColbey entered Club Fed.
[1;31mSat Sep  6 11:48:06 2014 [2;37;0mSilverwind entered Club Fed.
[1;31mSun Sep  7 16:22:59 2014 [2;37;0mCooper entered Club Fed.
[1;31mSun Sep  7 20:22:35 2014 [2;37;0mCooper entered Club Fed.
[1;31mThu Sep 18 15:19:20 2014 [2;37;0mTeepo entered Club Fed.
[1;31mThu Sep 18 15:39:58 2014 [2;37;0mTeepo entered Club Fed.
[1;31mSat Sep 20 17:23:07 2014 [2;37;0mCooper entered Club Fed.
[1;31mSun Sep 21 09:48:27 2014 [2;37;0mCooper entered Club Fed.
[1;31mSun Sep 21 10:17:05 2014 [2;37;0mCooper entered Club Fed.
[1;31mSun Sep 28 09:02:21 2014 [2;37;0mCooper entered Club Fed.
[1;31mSun Sep 28 10:01:09 2014 [2;37;0mCooper entered Club Fed.
[1;31mSun Sep 28 19:59:28 2014 [2;37;0mCooper entered Club Fed.
[1;31mSun Sep 28 20:47:29 2014 [2;37;0mCooper entered Club Fed.
[1;31mSun Sep 28 21:10:25 2014 [2;37;0mCooper entered Club Fed.
[1;31mWed Oct  8 21:55:31 2014 [2;37;0mRage entered Club Fed.
[1;31mWed Oct  8 21:59:03 2014 [2;37;0mJaster entered Club Fed.
[1;31mWed Oct 15 19:55:55 2014 [2;37;0mGon entered Club Fed.
[1;31mThu Oct 16 11:04:57 2014 [2;37;0mGon entered Club Fed.
[1;31mSun Oct 19 10:45:40 2014 [2;37;0mGon entered Club Fed.
[1;31mMon Oct 20 15:48:48 2014 [2;37;0mBizkit entered Club Fed.
[1;31mMon Oct 20 16:13:13 2014 [2;37;0mPestilence entered Club Fed.
[1;31mMon Oct 20 16:16:40 2014 [2;37;0mBizkit entered Club Fed.
[1;31mMon Oct 20 16:21:21 2014 [2;37;0mBizkit entered Club Fed.
[1;31mMon Oct 20 19:04:09 2014 [2;37;0mBizkit entered Club Fed.
[1;31mTue Oct 21 09:40:24 2014 [2;37;0mBizkit entered Club Fed.
[1;31mTue Oct 21 09:51:39 2014 [2;37;0mBizkit entered Club Fed.
[1;31mWed Oct 22 10:07:52 2014 [2;37;0mBizkit entered Club Fed.
[1;31mThu Oct 23 09:23:14 2014 [2;37;0mBizkit entered Club Fed.
[1;31mFri Oct 24 20:31:41 2014 [2;37;0mGon entered Club Fed.
[1;31mFri Oct 24 21:10:39 2014 [2;37;0mGon entered Club Fed.
[1;31mSat Oct 25 15:31:08 2014 [2;37;0mHarley entered Club Fed.
[1;31mSat Oct 25 16:20:20 2014 [2;37;0mHarley entered Club Fed.
[1;31mSun Oct 26 18:34:09 2014 [2;37;0mGon entered Club Fed.
[1;31mMon Oct 27 17:31:36 2014 [2;37;0mHare entered Club Fed.
[1;31mWed Oct 29 19:54:23 2014 [2;37;0mMosh entered Club Fed.
[1;31mFri Nov  7 16:35:33 2014 [2;37;0mGogeta entered Club Fed.
[1;31mSun Nov  9 10:13:14 2014 [2;37;0mHarley entered Club Fed.
[1;31mSun Nov  9 17:08:33 2014 [2;37;0mHarley entered Club Fed.
[1;31mFri Jan  9 08:56:05 2015 [2;37;0mRakesh entered Club Fed.
[1;31mFri Jan  9 10:57:23 2015 [2;37;0mRakesh entered Club Fed.
[1;31mFri Jan  9 11:17:55 2015 [2;37;0mRakesh entered Club Fed.
[1;31mFri Jan  9 13:50:30 2015 [2;37;0mRakesh entered Club Fed.
[1;31mSat Feb 14 22:28:39 2015 [2;37;0mMosh entered Club Fed.
[1;31mSat Feb 14 22:28:49 2015 [2;37;0mMosh entered Club Fed.
[1;31mSat Feb 14 22:29:07 2015 [2;37;0mCharm entered Club Fed.
[1;31mSat Feb 14 22:34:55 2015 [2;37;0mSponge entered Club Fed.
[1;31mSun Feb 15 18:27:19 2015 [2;37;0mSponge entered Club Fed.
[1;31mSun Feb 15 18:28:26 2015 [2;37;0mSponge entered Club Fed.
[1;31mSun Feb 15 18:28:34 2015 [2;37;0mButch entered Club Fed.
[1;31mSun Feb 15 18:28:44 2015 [2;37;0mAfirewar entered Club Fed.
[1;31mSun Feb 15 18:31:07 2015 [2;37;0mMosh entered Club Fed.
[1;31mSun Feb 15 18:45:23 2015 [2;37;0mSponge entered Club Fed.
[1;31mThu Feb 19 21:19:27 2015 [2;37;0mGon entered Club Fed.
[1;31mThu Feb 19 21:19:43 2015 [2;37;0mCharm entered Club Fed.
[1;31mMon Mar  2 20:57:04 2015 [2;37;0mTimespliter entered Club Fed.
[1;31mMon Mar  2 20:57:16 2015 [2;37;0mAfirewar entered Club Fed.
[1;31mMon Mar  2 20:57:20 2015 [2;37;0mMosh entered Club Fed.
[1;31mMon Mar  2 20:57:22 2015 [2;37;0mCharm entered Club Fed.
[1;31mThu Mar 12 19:02:46 2015 [2;37;0mSeverance entered Club Fed.
[1;31mThu Mar 12 19:08:13 2015 [2;37;0mCharm entered Club Fed.
[1;31mThu Mar 12 19:44:10 2015 [2;37;0mSeverance entered Club Fed.
[1;31mSat Apr 25 11:23:55 2015 [2;37;0mCooper entered Club Fed.
[1;31mSat Apr 25 11:24:07 2015 [2;37;0mCooper entered Club Fed.
[1;31mSat Apr 25 11:56:12 2015 [2;37;0mCooper entered Club Fed.
[1;31mSat Apr 25 12:07:52 2015 [2;37;0mCooper entered Club Fed.
[1;31mSun Apr 26 10:14:27 2015 [2;37;0mCooper entered Club Fed.
[1;31mMon Apr 27 19:40:06 2015 [2;37;0mCooper entered Club Fed.
[1;31mMon Apr 27 19:53:57 2015 [2;37;0mCooper entered Club Fed.
[1;31mWed Apr 29 21:12:17 2015 [2;37;0mCooper entered Club Fed.
[1;31mThu Apr 30 20:07:18 2015 [2;37;0mCooper entered Club Fed.
[1;31mSat May  2 10:40:10 2015 [2;37;0mCooper entered Club Fed.
[1;31mSat May  2 10:41:42 2015 [2;37;0mBlazko entered Club Fed.
[1;31mMon May  4 12:09:39 2015 [2;37;0mMosh entered Club Fed.
[1;31mSun May 31 19:58:51 2015 [2;37;0mMosh entered Club Fed.
[1;31mSun May 31 19:59:03 2015 [2;37;0mCareen entered Club Fed.
[1;31mMon Jun  8 16:00:23 2015 [2;37;0mMosh entered Club Fed.
[1;31mThu Jul  9 20:09:52 2015 [2;37;0mCooper entered Club Fed.
[1;31mThu Jul  9 20:24:22 2015 [2;37;0mCooper entered Club Fed.
[1;31mFri Jul 24 08:57:25 2015 [2;37;0mCooper entered Club Fed.
[1;31mSun Jul 26 15:29:46 2015 [2;37;0mCooper entered Club Fed.
[1;31mSun Jul 26 15:29:54 2015 [2;37;0mSilverpaw entered Club Fed.
[1;31mSun Jul 26 23:00:34 2015 [2;37;0mCooper entered Club Fed.
[1;31mMon Jul 27 20:37:50 2015 [2;37;0mCooper entered Club Fed.
[1;31mMon Jul 27 20:38:18 2015 [2;37;0mSkan entered Club Fed.
[1;31mSun Aug  9 11:34:40 2015 [2;37;0mCooper entered Club Fed.
[1;31mWed Aug 12 18:07:09 2015 [2;37;0mSilverpaw entered Club Fed.
[1;31mFri Sep  4 23:58:08 2015 [2;37;0mArtos entered Club Fed.
[1;31mSat Sep  5 00:51:48 2015 [2;37;0mArtos entered Club Fed.
[1;31mSat Sep  5 00:56:16 2015 [2;37;0mArtos entered Club Fed.
[1;31mSat Sep  5 01:01:40 2015 [2;37;0mArtos entered Club Fed.
[1;31mSun Sep  6 14:38:46 2015 [2;37;0mArtos entered Club Fed.
[1;31mSun Sep  6 14:42:59 2015 [2;37;0mArtos entered Club Fed.
[1;31mSun Sep  6 14:43:11 2015 [2;37;0mArtos entered Club Fed.
[1;31mSun Sep  6 14:48:55 2015 [2;37;0mArtos entered Club Fed.
[1;31mSun Sep  6 15:11:07 2015 [2;37;0mArtos entered Club Fed.
[1;31mSun Sep  6 17:51:28 2015 [2;37;0mArtos entered Club Fed.
[1;31mSun Sep  6 17:52:42 2015 [2;37;0mArtos entered Club Fed.
[1;31mSun Sep  6 17:57:14 2015 [2;37;0mArtos entered Club Fed.
[1;31mMon Sep  7 00:11:57 2015 [2;37;0mArtos entered Club Fed.
[1;31mMon Sep  7 00:15:09 2015 [2;37;0mArtos entered Club Fed.
[1;31mMon Sep  7 00:18:54 2015 [2;37;0mArtos entered Club Fed.
[1;31mMon Sep  7 00:19:10 2015 [2;37;0mArtos entered Club Fed.
[1;31mMon Sep  7 00:24:58 2015 [2;37;0mArtos entered Club Fed.
[1;31mMon Sep  7 00:28:16 2015 [2;37;0mArtos entered Club Fed.
[1;31mMon Sep  7 14:49:25 2015 [2;37;0mSektor entered Club Fed.
[1;31mMon Sep  7 15:19:47 2015 [2;37;0mSektor entered Club Fed.
[1;31mMon Sep  7 15:48:24 2015 [2;37;0mArtos entered Club Fed.
[1;31mThu Sep 10 21:24:50 2015 [2;37;0mHadus entered Club Fed.
[1;31mThu Sep 10 21:28:02 2015 [2;37;0mRecusant entered Club Fed.
[1;31mThu Sep 10 21:29:44 2015 [2;37;0mChrono entered Club Fed.
[1;31mFri Sep 11 00:45:02 2015 [2;37;0mMarek entered Club Fed.
[1;31mFri Sep 11 00:45:14 2015 [2;37;0mEquilibrium entered Club Fed.
[1;31mSat Sep 12 00:15:41 2015 [2;37;0mMarek entered Club Fed.
[1;31mSat Sep 12 19:27:11 2015 [2;37;0mMarek entered Club Fed.
[1;31mWed Sep 16 23:59:02 2015 [2;37;0mMarek entered Club Fed.
[1;31mThu Sep 17 00:02:06 2015 [2;37;0mMarek entered Club Fed.
[1;31mThu Sep 17 23:33:39 2015 [2;37;0mArtos entered Club Fed.
[1;31mSun Sep 20 14:53:50 2015 [2;37;0mSilverwind entered Club Fed.
[1;31mSat Sep 26 00:41:02 2015 [2;37;0mMarek entered Club Fed.
[1;31mSat Sep 26 14:59:58 2015 [2;37;0mMarek entered Club Fed.
[1;31mSat Sep 26 15:17:14 2015 [2;37;0mMarek entered Club Fed.
[1;31mSat Sep 26 19:59:54 2015 [2;37;0mMarek entered Club Fed.
[1;31mSat Oct  3 12:20:28 2015 [2;37;0mSilverwind entered Club Fed.
[1;31mSat Oct  3 12:22:44 2015 [2;37;0mSilverwind entered Club Fed.
[1;31mSun Oct  4 22:14:28 2015 [2;37;0mArtos entered Club Fed.
[1;31mTue Oct  6 11:39:53 2015 [2;37;0mThadeus entered Club Fed.
[1;31mTue Oct  6 11:40:11 2015 [2;37;0mThadeus entered Club Fed.
[1;31mTue Oct 13 12:08:41 2015 [2;37;0mThadeus entered Club Fed.
[1;31mTue Dec  1 11:49:33 2015 [2;37;0mThadeus entered Club Fed.
[1;31mTue Dec  1 12:14:51 2015 [2;37;0mThadeus entered Club Fed.
[1;31mThu Dec 31 08:26:47 2015 [2;37;0mShrekenit entered Club Fed.
[1;31mThu Dec 31 08:42:29 2015 [2;37;0mShrekenit entered Club Fed.
[1;31mThu Dec 31 09:11:13 2015 [2;37;0mShrekenit entered Club Fed.
[1;31mSun Jan  3 10:33:54 2016 [2;37;0mShrekenit entered Club Fed.
[1;31mWed Jan  6 12:45:35 2016 [2;37;0mShrekenit entered Club Fed.
[1;31mWed Jan  6 13:19:07 2016 [2;37;0mShrekenit entered Club Fed.
[1;31mWed Jan  6 13:37:21 2016 [2;37;0mShrekenit entered Club Fed.
[1;31mWed Jan  6 19:22:46 2016 [2;37;0mShrekenit entered Club Fed.
[1;31mWed Jan  6 19:40:05 2016 [2;37;0mShrekenit entered Club Fed.
[1;31mWed Jan  6 20:02:51 2016 [2;37;0mShrekenit entered Club Fed.
[1;31mThu Jan  7 10:47:10 2016 [2;37;0mShrekenit entered Club Fed.
[1;31mThu Jan  7 11:30:15 2016 [2;37;0mShrekenit entered Club Fed.
[1;31mWed Jan 27 14:17:29 2016 [2;37;0mShrekenit entered Club Fed.
[1;31mWed Jan 27 15:00:41 2016 [2;37;0mShrekenit entered Club Fed.
[1;31mWed Jan 27 15:59:36 2016 [2;37;0mShrekenit entered Club Fed.
[1;31mFri Jan 29 06:51:57 2016 [2;37;0mShrekenit entered Club Fed.
[1;31mFri Jan 29 07:45:42 2016 [2;37;0mShrekenit entered Club Fed.
[1;31mWed Mar  9 07:43:12 2016 [2;37;0mShrekenit entered Club Fed.
[1;31mWed Mar 23 19:46:36 2016 [2;37;0mXenarth entered Club Fed.
[1;31mThu Mar 24 09:07:40 2016 [2;37;0mXenarth entered Club Fed.
[1;31mThu Mar 24 09:44:39 2016 [2;37;0mXenarth entered Club Fed.
[1;31mThu Mar 24 12:55:05 2016 [2;37;0mXenarth entered Club Fed.
[1;31mThu Mar 24 13:22:33 2016 [2;37;0mXenarth entered Club Fed.
[1;31mThu Mar 24 13:47:42 2016 [2;37;0mXenarth entered Club Fed.
[1;31mThu Mar 24 13:50:36 2016 [2;37;0mXenarth entered Club Fed.
[1;31mThu Mar 24 14:11:49 2016 [2;37;0mXenarth entered Club Fed.
[1;31mThu Mar 31 09:24:53 2016 [2;37;0mXenarth entered Club Fed.
[1;31mThu Mar 31 09:32:01 2016 [2;37;0mXenarth entered Club Fed.
[1;31mTue Apr 12 17:27:54 2016 [2;37;0mXenarth entered Club Fed.
[1;31mSat Jun  4 09:29:36 2016 [2;37;0mCooper entered Club Fed.
[1;31mSat Jun  4 12:46:22 2016 [2;37;0mCooper entered Club Fed.
[1;31mSat Jun  4 12:47:30 2016 [2;37;0mCooper entered Club Fed.
[1;31mSun Jun  5 09:10:30 2016 [2;37;0mCooper entered Club Fed.
[1;31mFri Jan 20 21:15:05 2017 [2;37;0mDuckeedo entered Club Fed.
[1;31mFri Jan 20 21:37:02 2017 [2;37;0mDuckeedo entered Club Fed.
[1;31mFri Jan 20 21:37:34 2017 [2;37;0mDuckeedo entered Club Fed.
[1;31mFri Jan 20 21:44:52 2017 [2;37;0mDuckeedo entered Club Fed.
[1;31mFri Jan 20 22:21:36 2017 [2;37;0mDuckeedo entered Club Fed.
