[1;32mSat Aug 19 00:26:05 2006 [2;37;0mTristian entered Goblin Area.
[1;32mFri Sep  1 14:34:37 2006 [2;37;0mTzumo entered Goblin Area.
[1;32mTue Sep 12 22:43:56 2006 [2;37;0mMadvillian entered Goblin Area.
[1;32mMon Oct 30 04:08:08 2006 [2;37;0mBlank entered Goblin Area.
[1;32mWed Nov 22 23:19:00 2006 [2;37;0mJedidah entered Goblin Area.
[1;32mWed Nov 22 23:37:18 2006 [2;37;0mJedidah entered Goblin Area.
[1;32mSat Dec  9 11:44:18 2006 [2;37;0mBingo entered Goblin Area.
[1;32mThu Dec 28 00:22:43 2006 [2;37;0mMintz entered Goblin Area.
[1;32mMon Jan  8 12:41:57 2007 [2;37;0mPanda entered Goblin Area.
[1;32mSat Jan 13 11:21:20 2007 [2;37;0mKunai entered Goblin Area.
[1;32mSat Jan 13 11:35:23 2007 [2;37;0mKunai entered Goblin Area.
[1;32mSat Jan 13 12:28:59 2007 [2;37;0mKunai entered Goblin Area.
[1;32mTue Jan 30 00:52:04 2007 [2;37;0mParagon entered Goblin Area.
[1;32mWed Jan 31 08:53:29 2007 [2;37;0mDameon entered Goblin Area.
[1;32mWed Jan 31 09:01:27 2007 [2;37;0mDameon entered Goblin Area.
[1;32mWed Jan 31 09:06:23 2007 [2;37;0mDameon entered Goblin Area.
[1;32mWed Jan 31 09:06:43 2007 [2;37;0mDameon entered Goblin Area.
[1;32mWed Jan 31 09:21:18 2007 [2;37;0mDameon entered Goblin Area.
[1;32mWed Feb 14 18:06:16 2007 [2;37;0mAngel entered Goblin Area.
[1;32mThu Feb 22 09:44:07 2007 [2;37;0mAbk entered Goblin Area.
[1;32mThu Feb 22 09:58:35 2007 [2;37;0mAbk entered Goblin Area.
[1;32mThu Feb 22 10:01:11 2007 [2;37;0mAbk entered Goblin Area.
[1;32mSun Feb 25 00:31:04 2007 [2;37;0mDeathseeker entered Goblin Area.
[1;32mWed Feb 28 01:46:40 2007 [2;37;0mMonoxide entered Goblin Area.
[1;32mFri Mar  2 00:42:58 2007 [2;37;0mSipote entered Goblin Area.
[1;32mSun Mar 11 03:56:37 2007 [2;37;0mSwampturd entered Goblin Area.
[1;32mSun Mar 18 18:44:50 2007 [2;37;0mAngel entered Goblin Area.
[1;32mSun Mar 18 18:46:03 2007 [2;37;0mAngel entered Goblin Area.
[1;32mSun Apr  8 01:18:28 2007 [2;37;0mSylvan entered Goblin Area.
[1;32mSun Apr  8 01:18:48 2007 [2;37;0mSylvan entered Goblin Area.
[1;32mTue Apr 10 18:43:04 2007 [2;37;0mSyn entered Goblin Area.
[1;32mMon Apr 30 23:55:09 2007 [2;37;0mBlarrrgh entered Goblin Area.
[1;32mThu May 24 00:21:28 2007 [2;37;0mDeathblow entered Goblin Area.
[1;32mThu May 31 23:30:58 2007 [2;37;0mVertebraker entered Goblin Area.
[1;32mSun Jun 10 19:41:03 2007 [2;37;0mTeferi entered Goblin Area.
[1;32mSat Jun 16 15:30:23 2007 [2;37;0mKatya entered Goblin Area.
[1;32mSat Jun 16 15:30:49 2007 [2;37;0mKatya entered Goblin Area.
[1;32mSat Jun 16 19:34:03 2007 [2;37;0mKondo entered Goblin Area.
[1;32mWed Jul  4 04:52:12 2007 [2;37;0mBizar entered Goblin Area.
[1;32mWed Jul  4 21:57:07 2007 [2;37;0mTommy entered Goblin Area.
[1;32mSat Jul 14 10:31:11 2007 [2;37;0mJen entered Goblin Area.
[1;32mFri Aug 10 18:17:59 2007 [2;37;0mGamefreak entered Goblin Area.
[1;32mSat Aug 18 17:47:28 2007 [2;37;0mAphix entered Goblin Area.
[1;32mTue Aug 21 23:28:03 2007 [2;37;0mOphelia entered Goblin Area.
[1;32mTue Aug 21 23:31:49 2007 [2;37;0mOphelia entered Goblin Area.
[1;32mSat Sep  1 21:41:43 2007 [2;37;0mKatya entered Goblin Area.
[1;32mThu Oct 25 15:28:34 2007 [2;37;0mVertebraker entered Goblin Area.
[1;32mMon Oct 29 11:17:18 2007 [2;37;0mWicket entered Goblin Area.
[1;32mSat Feb  9 15:00:30 2008 [2;37;0mLamont entered Goblin Area.
[1;32mFri Feb 22 20:17:57 2008 [2;37;0mEsox entered Goblin Area.
[1;32mSat May 10 10:06:18 2008 [2;37;0mXam entered Goblin Area.
[1;32mSun May 11 22:53:45 2008 [2;37;0mXiu entered Goblin Area.
[1;32mSun May 11 22:53:53 2008 [2;37;0mXiu entered Goblin Area.
[1;32mSun May 11 22:54:21 2008 [2;37;0mXiu entered Goblin Area.
[1;32mSun May 25 23:49:22 2008 [2;37;0mChaotic entered Goblin Area.
[1;32mSun Aug 10 19:37:09 2008 [2;37;0mKeeper entered Goblin Area.
[1;32mSun Aug 10 19:46:23 2008 [2;37;0mKeeper entered Goblin Area.
[1;32mSun Aug 10 20:23:58 2008 [2;37;0mKeeper entered Goblin Area.
[1;32mSun Oct 12 13:08:39 2008 [2;37;0mHumble entered Goblin Area.
[1;32mWed Oct 22 20:03:01 2008 [2;37;0mMosobp entered Goblin Area.
[1;32mThu Dec  4 15:57:20 2008 [2;37;0mDarkheart entered Goblin Area.
[1;32mMon Apr 13 10:09:42 2009 [2;37;0mShinshi entered Goblin Area.
[1;32mTue May  5 20:57:18 2009 [2;37;0mSmack entered Goblin Area.
[1;32mTue May  5 21:25:16 2009 [2;37;0mSmack entered Goblin Area.
[1;32mMon May 11 15:25:38 2009 [2;37;0mNefarious entered Goblin Area.
[1;32mMon May 11 15:25:42 2009 [2;37;0mTristian entered Goblin Area.
[1;32mMon May 11 15:25:56 2009 [2;37;0mNefarious entered Goblin Area.
[1;32mThu May 14 14:20:47 2009 [2;37;0mGideon entered Goblin Area.
[1;32mFri Jun 26 23:39:41 2009 [2;37;0mRaz entered Goblin Area.
[1;32mMon Jul  6 07:24:17 2009 [2;37;0mSwoop entered Goblin Area.
[1;32mMon Jul  6 12:44:28 2009 [2;37;0mSoup entered Goblin Area.
[1;32mSun Jul 12 21:52:22 2009 [2;37;0mBlysse entered Goblin Area.
[1;32mSat Jul 18 07:32:51 2009 [2;37;0mDelorean entered Goblin Area.
[1;32mSat Jul 18 07:34:43 2009 [2;37;0mDelorean entered Goblin Area.
[1;32mTue Jul 28 14:55:42 2009 [2;37;0mMeadow entered Goblin Area.
[1;32mSun Aug  2 10:22:56 2009 [2;37;0mNightfall entered Goblin Area.
[1;32mFri Aug  7 16:52:20 2009 [2;37;0mTristian entered Goblin Area.
[1;32mWed Aug 12 01:22:26 2009 [2;37;0mThothamon entered Goblin Area.
[1;32mWed Aug 26 18:53:18 2009 [2;37;0mSilverpaw entered Goblin Area.
[1;32mTue Sep  1 02:33:43 2009 [2;37;0mAmadi entered Goblin Area.
[1;32mTue Sep  1 02:34:33 2009 [2;37;0mAmadi entered Goblin Area.
[1;32mTue Sep  1 02:44:51 2009 [2;37;0mAmadi entered Goblin Area.
[1;32mTue Sep  1 02:50:55 2009 [2;37;0mAmadi entered Goblin Area.
[1;32mMon Sep  7 02:16:37 2009 [2;37;0mValen entered Goblin Area.
[1;32mTue Jul 13 15:59:38 2010 [2;37;0mRumplemintz entered Goblin Area.
[1;32mFri Aug 13 10:24:00 2010 [2;37;0mMsagro entered Goblin Area.
[1;32mMon Aug 16 14:48:28 2010 [2;37;0mMsagro entered Goblin Area.
[1;32mSun Sep 12 13:06:08 2010 [2;37;0mXorok entered Goblin Area.
[1;32mFri Sep 17 06:30:52 2010 [2;37;0mKyubbi entered Goblin Area.
[1;32mFri Sep 17 06:32:34 2010 [2;37;0mKyubbi entered Goblin Area.
[1;32mSun Dec 12 20:37:37 2010 [2;37;0mNoo entered Goblin Area.
[1;32mSat Dec 18 12:42:09 2010 [2;37;0mNoo entered Goblin Area.
[1;32mTue Dec 21 14:51:10 2010 [2;37;0mNoo entered Goblin Area.
[1;32mMon Jan 31 10:10:03 2011 [2;37;0mBonker entered Goblin Area.
[1;32mMon Jan 31 10:22:15 2011 [2;37;0mBonker entered Goblin Area.
[1;32mTue Feb  1 00:13:25 2011 [2;37;0mBonker entered Goblin Area.
[1;32mWed Feb 16 13:14:14 2011 [2;37;0mVertebraker entered Goblin Area.
[1;32mTue Mar  1 02:36:16 2011 [2;37;0mVertebraker entered Goblin Area.
[1;32mSat Mar 12 18:35:59 2011 [2;37;0mHonkeykong entered Goblin Area.
[1;32mWed Mar 16 00:59:23 2011 [2;37;0mGrain entered Goblin Area.
[1;32mThu Mar 17 23:50:57 2011 [2;37;0mHonkeykong entered Goblin Area.
[1;32mMon Mar 21 08:39:04 2011 [2;37;0mNyteace entered Goblin Area.
[1;32mTue Apr 12 16:33:20 2011 [2;37;0mKira entered Goblin Area.
[1;32mWed May 18 13:46:50 2011 [2;37;0mLeinhart entered Goblin Area.
[1;32mMon May 30 11:34:46 2011 [2;37;0mGizmo entered Goblin Area.
[1;32mSun Jun 12 12:16:46 2011 [2;37;0mLayfon entered Goblin Area.
[1;32mSat Jun 25 02:38:29 2011 [2;37;0mHexx entered Goblin Area.
[1;32mTue Jul 12 14:12:38 2011 [2;37;0mGrimer entered Goblin Area.
[1;32mTue Jul 12 14:26:00 2011 [2;37;0mGrimer entered Goblin Area.
[1;32mThu Jul 21 09:55:05 2011 [2;37;0mGuesswho entered Goblin Area.
[1;32mTue Dec 20 19:18:39 2011 [2;37;0mKyrain entered Goblin Area.
[1;32mSat Feb 11 16:09:54 2012 [2;37;0mSkeff entered Goblin Area.
[1;32mMon Feb 20 11:28:47 2012 [2;37;0mSkeff entered Goblin Area.
[1;32mMon Feb 20 11:40:50 2012 [2;37;0mSkeff entered Goblin Area.
[1;32mMon Feb 20 21:51:12 2012 [2;37;0mSkeff entered Goblin Area.
[1;32mMon Feb 20 21:54:19 2012 [2;37;0mSkeff entered Goblin Area.
[1;32mWed Feb 22 22:00:34 2012 [2;37;0mSkeff entered Goblin Area.
[1;32mMon Oct  1 13:28:11 2012 [2;37;0mSolstice entered Goblin Area.
[1;32mMon Oct  1 16:31:40 2012 [2;37;0mSolstice entered Goblin Area.
[1;32mMon Oct  1 16:42:04 2012 [2;37;0mSolstice entered Goblin Area.
[1;32mMon Oct  1 21:23:15 2012 [2;37;0mSolstice entered Goblin Area.
[1;32mTue Oct  2 05:58:01 2012 [2;37;0mSolstice entered Goblin Area.
[1;32mSat Oct 13 04:23:35 2012 [2;37;0mWocket entered Goblin Area.
[1;32mFri Dec  7 23:04:47 2012 [2;37;0mX entered Goblin Area.
[1;32mSun Feb 17 19:32:44 2013 [2;37;0mStark entered Goblin Area.
[1;32mMon Feb 18 22:43:49 2013 [2;37;0mScurge entered Goblin Area.
[1;32mMon Mar  4 18:39:03 2013 [2;37;0mDreadbane entered Goblin Area.
[1;32mFri Nov 15 11:55:42 2013 [2;37;0mEiljah entered Goblin Area.
[1;32mFri Nov 15 11:56:24 2013 [2;37;0mEiljah entered Goblin Area.
[1;32mFri Nov 15 12:11:32 2013 [2;37;0mEiljah entered Goblin Area.
[1;32mWed Nov 20 08:19:06 2013 [2;37;0mKiros entered Goblin Area.
[1;32mThu Dec  5 10:19:39 2013 [2;37;0mRumi entered Goblin Area.
[1;32mSun Jan 26 12:58:40 2014 [2;37;0mAlaryck entered Goblin Area.
[1;32mThu Mar 20 13:20:45 2014 [2;37;0mTristian entered Goblin Area.
[1;32mThu Apr 10 21:49:31 2014 [2;37;0mReptile entered Goblin Area.
[1;32mFri Apr 11 01:06:54 2014 [2;37;0mBraeden entered Goblin Area.
[1;32mThu Apr 17 12:51:47 2014 [2;37;0mTristian entered Goblin Area.
[1;32mSat May  3 11:16:36 2014 [2;37;0mRafai entered Goblin Area.
[1;32mSat May  3 11:17:30 2014 [2;37;0mRafai entered Goblin Area.
[1;32mSat Jun 14 13:23:00 2014 [2;37;0mEssacia entered Goblin Area.
[1;32mThu Jul  3 18:41:49 2014 [2;37;0mTimespliter entered Goblin Area.
[1;32mTue Aug 12 18:39:27 2014 [2;37;0mSami entered Goblin Area.
[1;32mSun Aug 17 13:27:49 2014 [2;37;0mMerto entered Goblin Area.
[1;32mMon Aug 18 22:46:37 2014 [2;37;0mMerton entered Goblin Area.
[1;32mMon Aug 18 22:59:56 2014 [2;37;0mMerton entered Goblin Area.
[1;32mWed Aug 27 20:05:07 2014 [2;37;0mXiu entered Goblin Area.
[1;32mMon Sep  8 09:32:06 2014 [2;37;0mOswald entered Goblin Area.
[1;32mMon Oct  6 12:55:28 2014 [2;37;0mJc entered Goblin Area.
[1;32mMon Oct  6 12:58:25 2014 [2;37;0mJc entered Goblin Area.
[1;32mSun Oct 12 11:17:34 2014 [2;37;0mAang entered Goblin Area.
[1;32mTue Mar 24 00:33:41 2015 [2;37;0mSami entered Goblin Area.
[1;32mTue Mar 24 00:34:29 2015 [2;37;0mSami entered Goblin Area.
[1;32mSat Jun 27 15:22:36 2015 [2;37;0mOberynn entered Goblin Area.
[1;32mMon Jul 13 22:27:21 2015 [2;37;0mFred entered Goblin Area.
[1;32mMon Jul 13 22:27:39 2015 [2;37;0mFred entered Goblin Area.
[1;32mFri Jul 17 22:50:52 2015 [2;37;0mBizarnage entered Goblin Area.
[1;32mFri Oct  2 00:10:07 2015 [2;37;0mJekyll entered Goblin Area.
[1;32mWed Dec  9 00:22:52 2015 [2;37;0mCloud entered Goblin Area.
[1;32mSat Apr  9 19:18:54 2016 [2;37;0mCareen entered Goblin Area.
[1;32mSun Apr 10 19:10:54 2016 [2;37;0mCareen entered Goblin Area.
[1;32mMon Apr 11 19:07:38 2016 [2;37;0mCareen entered Goblin Area.
[1;32mFri Jul  8 18:59:53 2016 [2;37;0mCareen entered Goblin Area.
[1;32mSat Jul  9 20:07:14 2016 [2;37;0mCareen entered Goblin Area.
[1;32mMon Jul 11 19:04:47 2016 [2;37;0mCareen entered Goblin Area.
[1;32mMon Oct  3 14:27:40 2016 [2;37;0mSinner entered Goblin Area.
[1;32mFri Oct  7 09:38:07 2016 [2;37;0mDarude entered Goblin Area.
