2000.04.27 23:31 A C:\My Documents\nirvana\member\daranath.o <-- nirvana /players/daranath/guild/member daranath.o
2000.04.27 23:31 A C:\My Documents\nirvana\member\dartest.o <-- nirvana /players/daranath/guild/member dartest.o
2000.04.27 23:31 A C:\My Documents\nirvana\member\deadhead.o <-- nirvana /players/daranath/guild/member deadhead.o
2000.04.27 23:31 A C:\My Documents\nirvana\member\doorknob.o <-- nirvana /players/daranath/guild/member doorknob.o
2000.04.27 23:31 A C:\My Documents\nirvana\member\dragnar.o <-- nirvana /players/daranath/guild/member dragnar.o
2000.04.27 23:31 A C:\My Documents\nirvana\member\jenny.o <-- nirvana /players/daranath/guild/member jenny.o
2000.04.27 23:31 A C:\My Documents\nirvana\member\jentest.o <-- nirvana /players/daranath/guild/member jentest.o
2000.04.27 23:31 A C:\My Documents\nirvana\member\kaya.o <-- nirvana /players/daranath/guild/member kaya.o
2000.04.27 23:31 A C:\My Documents\nirvana\member\kindred.o <-- nirvana /players/daranath/guild/member kindred.o
2000.04.27 23:31 A C:\My Documents\nirvana\member\maledicta.o <-- nirvana /players/daranath/guild/member maledicta.o
2000.04.27 23:31 A C:\My Documents\nirvana\member\mythos.o <-- nirvana /players/daranath/guild/member mythos.o
2000.04.27 23:31 A C:\My Documents\nirvana\member\newkil.o <-- nirvana /players/daranath/guild/member newkil.o
2000.04.27 23:31 A C:\My Documents\nirvana\member\SHOP.o <-- nirvana /players/daranath/guild/member SHOP.o
2000.04.27 23:31 A C:\My Documents\nirvana\member\snow.o <-- nirvana /players/daranath/guild/member snow.o
2000.04.27 23:31 A C:\My Documents\nirvana\member\snowcone.o <-- nirvana /players/daranath/guild/member snowcone.o
2000.04.27 23:31 A C:\My Documents\nirvana\member\syan.o <-- nirvana /players/daranath/guild/member syan.o
2000.04.27 23:31 A C:\My Documents\nirvana\member\tallos.o <-- nirvana /players/daranath/guild/member tallos.o
2000.04.27 23:31 A C:\My Documents\nirvana\member\vertebraker.o <-- nirvana /players/daranath/guild/member vertebraker.o
2000.04.27 23:31 A C:\My Documents\nirvana\member\vertigo.o <-- nirvana /players/daranath/guild/member vertigo.o
2000.04.27 23:31 A C:\My Documents\nirvana\member\wocket.o <-- nirvana /players/daranath/guild/member wocket.o
2000.04.27 23:38 A C:\My Documents\nirvana\member\daranath.o --> nirvana.mudservices.com /players/wocket/necro/member daranath.o
2000.04.27 23:38 A C:\My Documents\nirvana\member\dartest.o --> nirvana.mudservices.com /players/wocket/necro/member dartest.o
2000.04.27 23:38 A C:\My Documents\nirvana\member\deadhead.o --> nirvana.mudservices.com /players/wocket/necro/member deadhead.o
2000.04.27 23:38 A C:\My Documents\nirvana\member\doorknob.o --> nirvana.mudservices.com /players/wocket/necro/member doorknob.o
2000.04.27 23:38 A C:\My Documents\nirvana\member\dragnar.o --> nirvana.mudservices.com /players/wocket/necro/member dragnar.o
2000.04.27 23:38 A C:\My Documents\nirvana\member\jenny.o --> nirvana.mudservices.com /players/wocket/necro/member jenny.o
2000.04.27 23:38 A C:\My Documents\nirvana\member\jentest.o --> nirvana.mudservices.com /players/wocket/necro/member jentest.o
2000.04.27 23:38 A C:\My Documents\nirvana\member\kaya.o --> nirvana.mudservices.com /players/wocket/necro/member kaya.o
2000.04.27 23:38 A C:\My Documents\nirvana\member\kindred.o --> nirvana.mudservices.com /players/wocket/necro/member kindred.o
2000.04.27 23:38 A C:\My Documents\nirvana\member\maledicta.o --> nirvana.mudservices.com /players/wocket/necro/member maledicta.o
2000.04.27 23:38 A C:\My Documents\nirvana\member\mythos.o --> nirvana.mudservices.com /players/wocket/necro/member mythos.o
2000.04.27 23:38 A C:\My Documents\nirvana\member\newkil.o --> nirvana.mudservices.com /players/wocket/necro/member newkil.o
2000.04.27 23:38 A C:\My Documents\nirvana\member\SHOP.o --> nirvana.mudservices.com /players/wocket/necro/member SHOP.o
2000.04.27 23:38 A C:\My Documents\nirvana\member\snow.o --> nirvana.mudservices.com /players/wocket/necro/member snow.o
2000.04.27 23:38 A C:\My Documents\nirvana\member\snowcone.o --> nirvana.mudservices.com /players/wocket/necro/member snowcone.o
2000.04.27 23:38 A C:\My Documents\nirvana\member\syan.o --> nirvana.mudservices.com /players/wocket/necro/member syan.o
2000.04.27 23:38 A C:\My Documents\nirvana\member\tallos.o --> nirvana.mudservices.com /players/wocket/necro/member tallos.o
2000.04.27 23:38 A C:\My Documents\nirvana\member\vertebraker.o --> nirvana.mudservices.com /players/wocket/necro/member vertebraker.o
2000.04.27 23:38 A C:\My Documents\nirvana\member\vertigo.o --> nirvana.mudservices.com /players/wocket/necro/member vertigo.o
2000.04.27 23:38 A C:\My Documents\nirvana\member\wocket.o --> nirvana.mudservices.com /players/wocket/necro/member wocket.o
