[2011.01.16 05:02] Humble (19+100) was rewarded by Eghyron for :spear
[2011.01.16 05:02] Humble (19+100) was rewarded by Eghyron for :maul
[2011.01.16 05:02] Humble (19+100) was rewarded by Eghyron for :scythe
[2011.01.16 05:02] Humble (19+100) was rewarded by Eghyron for :mace
[2011.01.16 05:02] Humble (19+100) was rewarded by Eghyron for :sword
[2011.01.16 05:02] Humble (19+100) was rewarded by Eghyron for :cleaver
[2011.01.16 05:02] Humble (19+100) was rewarded by Eghyron for :fork
[2011.01.23 14:21] Thor (19+38) was rewarded by Eghyron for :whip
[2011.02.12 17:16] Thor (19+36) was rewarded by Eghyron for :whip
[2011.02.21 23:35] Krillgeta (19+47) was rewarded by Eghyron for :scythe
[2011.02.21 23:35] Krillgeta (19+47) was rewarded by Eghyron for :spear
[2011.02.21 23:35] Krillgeta (19+47) was rewarded by Eghyron for :mace
[2011.02.21 23:35] Krillgeta (19+47) was rewarded by Eghyron for :maul
[2011.02.21 23:35] Krillgeta (19+47) was rewarded by Eghyron for :battleaxe
[2011.02.21 23:35] Krillgeta (19+47) was rewarded by Eghyron for :lance
[2011.02.21 23:35] Krillgeta (19+47) was rewarded by Eghyron for :hammer
[2011.02.21 23:35] Krillgeta (19+47) was rewarded by Eghyron for :trident
[2011.02.21 23:35] Krillgeta (19+47) was rewarded by Eghyron for :staff
[2011.02.21 23:35] Krillgeta (19+47) was rewarded by Eghyron for :fork
[2011.02.21 23:35] Krillgeta (19+47) was rewarded by Eghyron for :lajatang
[2011.02.21 23:35] Krillgeta (19+47) was rewarded by Eghyron for :sword
[2011.06.30 21:11] Wicket (19+79) was rewarded by Eghyron for :whip
[2011.06.30 21:41] Bilbill (19+25) was rewarded by Eghyron for :spear
[2011.06.30 21:41] Wicket (19+79) was rewarded by Eghyron for :sword
[2011.06.30 21:41] Wicket (19+79) was rewarded by Eghyron for :battleaxe
[2011.06.30 21:41] Wicket (19+79) was rewarded by Eghyron for :mace
[2011.06.30 21:41] Wicket (19+79) was rewarded by Eghyron for :maul
[2011.06.30 21:41] Wicket (19+79) was rewarded by Eghyron for :scythe
[2011.06.30 21:41] Wicket (19+79) was rewarded by Eghyron for :fork
[2011.06.30 21:41] Wicket (19+79) was rewarded by Eghyron for :lajatang
[2011.06.30 21:41] Wicket (19+79) was rewarded by Eghyron for :staff
[2011.06.30 21:41] Wicket (19+79) was rewarded by Eghyron for :trident
[2011.06.30 21:41] Wicket (19+79) was rewarded by Eghyron for :hammer
[2011.06.30 21:41] Wicket (19+79) was rewarded by Eghyron for :lance
[2011.06.30 21:41] Wicket (19+79) was rewarded by Eghyron for :cleaver
[2011.06.30 21:41] Wicket (19+79) was rewarded by Eghyron for :gloves
[2011.07.01 23:09] Wicket (19+79) was rewarded by Eghyron for :whip
[2011.07.03 12:38] Wicket (19+79) was rewarded by Eghyron for :whip
[2011.07.11 08:33] Thor (13+0) was rewarded by Eghyron for :mace
[2011.07.11 08:33] Thor (13+0) was rewarded by Eghyron for :battleaxe
[2011.07.11 08:33] Thor (13+0) was rewarded by Eghyron for :sword
[2011.07.17 11:11] Avant (19+21) was rewarded by Eghyron for :fork
[2011.07.17 11:11] Avant (19+21) was rewarded by Eghyron for :lajatang
[2011.07.17 11:11] Avant (19+21) was rewarded by Eghyron for :staff
[2011.07.17 11:11] Avant (19+21) was rewarded by Eghyron for :trident
[2011.07.17 11:11] Avant (19+21) was rewarded by Eghyron for :hammer
[2011.07.17 11:11] Avant (19+21) was rewarded by Eghyron for :lance
[2011.07.17 11:11] Avant (19+21) was rewarded by Eghyron for :gloves
[2011.07.17 11:11] Avant (19+21) was rewarded by Eghyron for :sword
[2011.07.17 11:11] Avant (19+21) was rewarded by Eghyron for :battleaxe
[2011.07.17 11:11] Avant (19+21) was rewarded by Eghyron for :mace
[2011.07.17 11:11] Avant (19+21) was rewarded by Eghyron for :maul
[2011.07.17 11:11] Avant (19+21) was rewarded by Eghyron for :scythe
[2011.07.17 11:11] Avant (19+21) was rewarded by Eghyron for :spear
[2011.09.02 21:56] Shojiro (19+36) was rewarded by Eghyron for :whip
[2011.11.16 11:41] Doodle (19+31) was rewarded by Eghyron for :spear
[2011.11.16 11:41] Doodle (19+31) was rewarded by Eghyron for :maul
[2011.11.16 11:41] Doodle (19+31) was rewarded by Eghyron for :mace
[2011.11.16 11:41] Doodle (19+31) was rewarded by Eghyron for :scythe
[2011.11.16 11:42] Doodle (19+31) was rewarded by Eghyron for :sword
[2011.11.16 11:42] Doodle (19+31) was rewarded by Eghyron for :battleaxe
[2011.11.16 11:42] Doodle (19+31) was rewarded by Eghyron for :fork
[2013.02.28 18:21] Silverpaw (19+36) was rewarded by Eghyron for :whip
[2013.03.12 02:12] Spitgemz (19+13) was rewarded by Eghyron for :cleaver
[2013.03.12 02:12] Spitgemz (19+13) was rewarded by Eghyron for :fork
[2013.03.12 02:12] Spitgemz (19+13) was rewarded by Eghyron for :spear
[2013.03.17 19:19] Silverwind (13+0) was rewarded by Eghyron for :fork
[2013.03.17 19:19] Silverwind (13+0) was rewarded by Eghyron for :lajatang
[2013.03.17 19:20] Silverwind (13+0) was rewarded by Eghyron for :sword
[2013.12.24 08:53] Shojiro (19+26) was rewarded by Eghyron for :whip
[2014.01.02 23:17] Gogeta (19+72) was rewarded by Eghyron for :sword
[2014.01.02 23:17] Gogeta (19+72) was rewarded by Eghyron for :battleaxe
[2014.01.02 23:17] Gogeta (19+72) was rewarded by Eghyron for :mace
[2014.01.02 23:17] Gogeta (19+72) was rewarded by Eghyron for :maul
[2014.01.02 23:17] Gogeta (19+72) was rewarded by Eghyron for :scythe
[2014.01.02 23:17] Gogeta (19+72) was rewarded by Eghyron for :spear
[2014.01.02 23:17] Gogeta (19+72) was rewarded by Eghyron for :cleaver
[2014.01.02 23:17] Gogeta (19+72) was rewarded by Eghyron for :fork
[2014.01.03 22:22] Krillgeta (19+69) was rewarded by Eghyron for :fork
[2014.01.03 22:22] Krillgeta (19+69) was rewarded by Eghyron for :cleaver
[2014.01.03 22:22] Krillgeta (19+69) was rewarded by Eghyron for :sword
[2014.01.03 22:22] Krillgeta (19+69) was rewarded by Eghyron for :battleaxe
[2014.01.03 22:22] Krillgeta (19+69) was rewarded by Eghyron for :mace
[2014.01.03 22:22] Krillgeta (19+69) was rewarded by Eghyron for :maul
[2014.01.03 22:22] Krillgeta (19+69) was rewarded by Eghyron for :scythe
[2014.01.03 22:22] Krillgeta (19+69) was rewarded by Eghyron for :spear
[2014.01.04 02:09] Gogeta (19+72) was rewarded by Eghyron for :maul
[2014.01.04 02:09] Gogeta (19+72) was rewarded by Eghyron for :scythe
[2014.01.04 02:09] Gogeta (19+72) was rewarded by Eghyron for :spear
[2014.01.04 02:09] Gogeta (19+72) was rewarded by Eghyron for :mace
[2014.01.04 02:09] Gogeta (19+72) was rewarded by Eghyron for :battleaxe
[2014.01.04 02:09] Gogeta (19+72) was rewarded by Eghyron for :sword
[2014.01.04 02:09] Gogeta (19+72) was rewarded by Eghyron for :cleaver
[2014.01.04 02:09] Gogeta (19+72) was rewarded by Eghyron for :fork
[2014.01.05 10:57] Thor (13+0) was rewarded by Eghyron for :spear
[2014.01.05 10:57] Thor (13+0) was rewarded by Eghyron for :scythe
[2014.01.05 10:57] Thor (13+0) was rewarded by Eghyron for :maul
[2014.01.05 10:57] Thor (13+0) was rewarded by Eghyron for :mace
[2014.01.05 10:57] Thor (13+0) was rewarded by Eghyron for :battleaxe
[2014.01.05 10:57] Thor (13+0) was rewarded by Eghyron for :sword
[2014.01.05 10:58] Thor (13+0) was rewarded by Eghyron for :gloves
[2014.01.05 11:12] Thor (13+0) was rewarded by Eghyron for :whip
[2014.01.05 11:12] Thor (13+0) was rewarded by Eghyron for :lance
[2014.01.05 11:12] Thor (13+0) was rewarded by Eghyron for :hammer
[2014.01.05 11:12] Thor (13+0) was rewarded by Eghyron for :trident
[2014.01.05 11:12] Thor (13+0) was rewarded by Eghyron for :staff
[2014.01.05 11:12] Thor (13+0) was rewarded by Eghyron for :lajatang
[2014.01.05 11:12] Thor (13+0) was rewarded by Eghyron for :fork
[2014.01.05 11:12] Thor (13+0) was rewarded by Eghyron for :cleaver
[2014.01.05 20:26] Mako (19+24) was rewarded by Eghyron for :trident
[2014.01.05 20:26] Mako (19+24) was rewarded by Eghyron for :hammer
[2014.01.05 20:26] Mako (19+24) was rewarded by Eghyron for :staff
[2014.01.05 20:26] Mako (19+24) was rewarded by Eghyron for :lance
[2014.01.05 20:27] Mako (19+24) was rewarded by Eghyron for :cleaver
[2014.01.05 20:27] Mako (19+24) was rewarded by Eghyron for :fork
[2014.01.05 20:27] Mako (19+24) was rewarded by Eghyron for :lajatang
[2014.01.05 20:27] Mako (19+24) was rewarded by Eghyron for :sword
[2014.01.05 20:27] Mako (19+24) was rewarded by Eghyron for :battleaxe
[2014.01.05 20:27] Mako (19+24) was rewarded by Eghyron for :mace
[2014.01.05 21:11] Krillgeta (19+70) was rewarded by Eghyron for :scythe
[2014.01.05 21:11] Krillgeta (19+70) was rewarded by Eghyron for :spear
[2014.01.05 21:11] Krillgeta (19+70) was rewarded by Eghyron for :maul
[2014.01.05 21:11] Krillgeta (19+70) was rewarded by Eghyron for :mace
[2014.01.05 21:11] Krillgeta (19+70) was rewarded by Eghyron for :battleaxe
[2014.01.05 21:11] Krillgeta (19+70) was rewarded by Eghyron for :sword
[2014.01.05 21:12] Krillgeta (19+70) was rewarded by Eghyron for :staff
[2014.01.05 21:12] Krillgeta (19+70) was rewarded by Eghyron for :trident
[2014.01.05 21:12] Krillgeta (19+70) was rewarded by Eghyron for :hammer
[2014.01.05 21:12] Krillgeta (19+70) was rewarded by Eghyron for :lance
[2014.01.05 21:12] Krillgeta (19+70) was rewarded by Eghyron for :lajatang
[2014.01.05 21:12] Krillgeta (19+70) was rewarded by Eghyron for :fork
[2014.01.05 21:12] Krillgeta (19+70) was rewarded by Eghyron for :cleaver
[2014.01.06 23:22] Krillgeta (19+71) was rewarded by Eghyron for :lance
[2014.01.06 23:22] Krillgeta (19+71) was rewarded by Eghyron for :trident
[2014.01.06 23:22] Krillgeta (19+71) was rewarded by Eghyron for :staff
[2014.01.06 23:22] Krillgeta (19+71) was rewarded by Eghyron for :lajatang
[2014.01.06 23:22] Krillgeta (19+71) was rewarded by Eghyron for :fork
[2014.01.06 23:22] Krillgeta (19+71) was rewarded by Eghyron for :cleaver
[2014.01.06 23:22] Krillgeta (19+71) was rewarded by Eghyron for :spear
[2014.01.06 23:22] Krillgeta (19+71) was rewarded by Eghyron for :scythe
[2014.01.06 23:22] Krillgeta (19+71) was rewarded by Eghyron for :battleaxe
[2014.01.06 23:22] Krillgeta (19+71) was rewarded by Eghyron for :maul
[2014.01.06 23:22] Krillgeta (19+71) was rewarded by Eghyron for :mace
[2014.01.06 23:22] Krillgeta (19+71) was rewarded by Eghyron for :sword
[2014.01.08 21:31] Jupis (16+0) was rewarded by Eghyron for :staff
[2014.01.08 21:31] Jupis (16+0) was rewarded by Eghyron for :trident
[2014.01.08 21:31] Jupis (16+0) was rewarded by Eghyron for :cleaver
[2014.01.08 21:31] Jupis (16+0) was rewarded by Eghyron for :staff
[2014.01.08 21:31] Jupis (16+0) was rewarded by Eghyron for :cleaver
[2014.01.08 21:31] Jupis (16+0) was rewarded by Eghyron for :fork
[2014.01.08 21:31] Jupis (16+0) was rewarded by Eghyron for :lajatang
[2014.01.08 21:32] Jupis (16+0) was rewarded by Eghyron for :sword
[2014.01.08 23:07] Gogeta (19+72) was rewarded by Eghyron for :spear
[2014.01.08 23:07] Gogeta (19+72) was rewarded by Eghyron for :scythe
[2014.01.08 23:07] Gogeta (19+72) was rewarded by Eghyron for :maul
[2014.01.08 23:07] Gogeta (19+72) was rewarded by Eghyron for :mace
[2014.01.08 23:07] Gogeta (19+72) was rewarded by Eghyron for :battleaxe
[2014.01.08 23:07] Gogeta (19+72) was rewarded by Eghyron for :lance
[2014.01.08 23:07] Gogeta (19+72) was rewarded by Eghyron for :lajatang
[2014.01.08 23:07] Gogeta (19+72) was rewarded by Eghyron for :staff
[2014.01.08 23:07] Gogeta (19+72) was rewarded by Eghyron for :trident
[2014.01.08 23:07] Gogeta (19+72) was rewarded by Eghyron for :hammer
[2014.01.08 23:08] Gogeta (19+72) was rewarded by Eghyron for :fork
[2014.01.08 23:08] Gogeta (19+72) was rewarded by Eghyron for :cleaver
[2014.01.08 23:08] Gogeta (19+72) was rewarded by Eghyron for :sword
[2014.01.09 23:31] Gogeta (19+72) was rewarded by Eghyron for :cleaver
[2014.01.09 23:31] Gogeta (19+72) was rewarded by Eghyron for :fork
[2014.01.09 23:31] Gogeta (19+72) was rewarded by Eghyron for :lajatang
[2014.01.09 23:31] Gogeta (19+72) was rewarded by Eghyron for :lance
[2014.01.09 23:31] Gogeta (19+72) was rewarded by Eghyron for :hammer
[2014.01.09 23:31] Gogeta (19+72) was rewarded by Eghyron for :lajatang
[2014.01.09 23:31] Gogeta (19+72) was rewarded by Eghyron for :cleaver
[2014.01.09 23:31] Gogeta (19+72) was rewarded by Eghyron for :fork
[2014.01.09 23:31] Gogeta (19+72) was rewarded by Eghyron for :staff
[2014.01.09 23:32] Gogeta (19+72) was rewarded by Eghyron for :spear
[2014.01.09 23:32] Gogeta (19+72) was rewarded by Eghyron for :scythe
[2014.01.09 23:32] Gogeta (19+72) was rewarded by Eghyron for :maul
[2014.01.09 23:32] Gogeta (19+72) was rewarded by Eghyron for :mace
[2014.01.09 23:32] Gogeta (19+72) was rewarded by Eghyron for :battleaxe
[2014.01.09 23:32] Gogeta (19+72) was rewarded by Eghyron for :sword
[2014.01.10 23:43] Gogeta (19+77) was rewarded by Eghyron for :sword
[2014.01.10 23:43] Gogeta (19+77) was rewarded by Eghyron for :maul
[2014.01.10 23:43] Gogeta (19+77) was rewarded by Eghyron for :mace
[2014.01.10 23:43] Gogeta (19+77) was rewarded by Eghyron for :battleaxe
[2014.01.10 23:43] Gogeta (19+77) was rewarded by Eghyron for :scythe
[2014.01.10 23:43] Gogeta (19+77) was rewarded by Eghyron for :spear
[2014.01.10 23:43] Gogeta (19+77) was rewarded by Eghyron for :gloves
[2014.01.10 23:43] Gogeta (19+77) was rewarded by Eghyron for :whip
[2014.01.10 23:43] Gogeta (19+77) was rewarded by Eghyron for :lance
[2014.01.10 23:43] Gogeta (19+77) was rewarded by Eghyron for :hammer
[2014.01.10 23:43] Gogeta (19+77) was rewarded by Eghyron for :staff
[2014.01.10 23:43] Gogeta (19+77) was rewarded by Eghyron for :lajatang
[2014.01.10 23:43] Gogeta (19+77) was rewarded by Eghyron for :trident
[2014.01.10 23:43] Gogeta (19+77) was rewarded by Eghyron for :fork
[2014.01.10 23:43] Gogeta (19+77) was rewarded by Eghyron for :cleaver
[2014.01.11 01:24] Gogeta (19+78) was rewarded by Eghyron for :gloves
[2014.01.11 01:24] Gogeta (19+78) was rewarded by Eghyron for :whip
[2014.01.11 01:24] Gogeta (19+78) was rewarded by Eghyron for :cleaver
[2014.01.11 01:24] Gogeta (19+78) was rewarded by Eghyron for :lance
[2014.01.11 01:24] Gogeta (19+78) was rewarded by Eghyron for :hammer
[2014.01.11 01:24] Gogeta (19+78) was rewarded by Eghyron for :staff
[2014.01.11 01:24] Gogeta (19+78) was rewarded by Eghyron for :lajatang
[2014.01.11 01:24] Gogeta (19+78) was rewarded by Eghyron for :trident
[2014.01.11 01:24] Gogeta (19+78) was rewarded by Eghyron for :fork
[2014.01.11 01:24] Gogeta (19+78) was rewarded by Eghyron for :mace
[2014.01.11 01:24] Gogeta (19+78) was rewarded by Eghyron for :battleaxe
[2014.01.11 01:24] Gogeta (19+78) was rewarded by Eghyron for :sword
[2014.01.11 01:24] Gogeta (19+78) was rewarded by Eghyron for :scythe
[2014.01.11 01:24] Gogeta (19+78) was rewarded by Eghyron for :maul
[2014.01.11 01:24] Gogeta (19+78) was rewarded by Eghyron for :spear
[2014.01.11 02:19] Symbio (19+21) was rewarded by Eghyron for :lance
[2014.01.11 02:19] Symbio (19+21) was rewarded by Eghyron for :lajatang
[2014.01.11 02:19] Symbio (19+21) was rewarded by Eghyron for :staff
[2014.01.11 02:19] Symbio (19+21) was rewarded by Eghyron for :hammer
[2014.01.11 17:09] Batman (15+0) was rewarded by Eghyron for :lance
[2014.01.11 19:52] Gogeta (19+82) was rewarded by Eghyron for :whip
[2014.01.11 19:56] Gogeta (19+82) was rewarded by Eghyron for :gloves
[2014.01.11 19:57] Gogeta (19+82) was rewarded by Eghyron for :cleaver
[2014.01.11 19:57] Gogeta (19+82) was rewarded by Eghyron for :fork
[2014.01.11 19:57] Gogeta (19+82) was rewarded by Eghyron for :hammer
[2014.01.11 19:57] Gogeta (19+82) was rewarded by Eghyron for :trident
[2014.01.11 19:57] Gogeta (19+82) was rewarded by Eghyron for :staff
[2014.01.11 19:57] Gogeta (19+82) was rewarded by Eghyron for :lajatang
[2014.01.11 19:57] Gogeta (19+82) was rewarded by Eghyron for :lance
[2014.01.11 19:57] Gogeta (19+82) was rewarded by Eghyron for :spear
[2014.01.11 19:57] Gogeta (19+82) was rewarded by Eghyron for :scythe
[2014.01.11 19:57] Gogeta (19+82) was rewarded by Eghyron for :maul
[2014.01.11 19:57] Gogeta (19+82) was rewarded by Eghyron for :mace
[2014.01.11 19:57] Gogeta (19+82) was rewarded by Eghyron for :battleaxe
[2014.01.11 19:57] Gogeta (19+82) was rewarded by Eghyron for :sword
[2014.01.11 23:11] Gogeta (19+86) was rewarded by Eghyron for :mace
[2014.01.11 23:11] Gogeta (19+86) was rewarded by Eghyron for :battleaxe
[2014.01.11 23:11] Gogeta (19+86) was rewarded by Eghyron for :sword
[2014.01.11 23:11] Gogeta (19+86) was rewarded by Eghyron for :spear
[2014.01.11 23:11] Gogeta (19+86) was rewarded by Eghyron for :scythe
[2014.01.11 23:11] Gogeta (19+86) was rewarded by Eghyron for :maul
[2014.01.11 23:11] Gogeta (19+86) was rewarded by Eghyron for :hammer
[2014.01.11 23:11] Gogeta (19+86) was rewarded by Eghyron for :trident
[2014.01.11 23:11] Gogeta (19+86) was rewarded by Eghyron for :staff
[2014.01.11 23:11] Gogeta (19+86) was rewarded by Eghyron for :lajatang
[2014.01.11 23:11] Gogeta (19+86) was rewarded by Eghyron for :lance
[2014.01.11 23:11] Gogeta (19+86) was rewarded by Eghyron for :fork
[2014.01.11 23:11] Gogeta (19+86) was rewarded by Eghyron for :cleaver
[2014.01.11 23:11] Gogeta (19+86) was rewarded by Eghyron for :whip
[2014.01.11 23:12] Gogeta (19+86) was rewarded by Eghyron for :gloves
[2014.01.12 14:43] Jaster (19+100) was rewarded by Eghyron for :spear
[2014.01.12 14:43] Jaster (19+100) was rewarded by Eghyron for :scythe
[2014.01.12 14:43] Jaster (19+100) was rewarded by Eghyron for :maul
[2014.01.12 14:43] Jaster (19+100) was rewarded by Eghyron for :mace
[2014.01.12 14:43] Jaster (19+100) was rewarded by Eghyron for :sword
[2014.01.12 14:43] Jaster (19+100) was rewarded by Eghyron for :battleaxe
[2014.01.12 14:43] Jaster (19+100) was rewarded by Eghyron for :hammer
[2014.01.12 14:43] Jaster (19+100) was rewarded by Eghyron for :lance
[2014.01.12 14:44] Jaster (19+100) was rewarded by Eghyron for :cleaver
[2014.01.12 14:44] Jaster (19+100) was rewarded by Eghyron for :fork
[2014.01.12 14:44] Jaster (19+100) was rewarded by Eghyron for :trident
[2014.01.12 14:44] Jaster (19+100) was rewarded by Eghyron for :staff
[2014.01.12 14:44] Jaster (19+100) was rewarded by Eghyron for :lajatang
[2014.01.13 15:53] Gogeta (19+90) was rewarded by Eghyron for :lance
[2014.01.13 15:53] Gogeta (19+90) was rewarded by Eghyron for :hammer
[2014.01.13 15:53] Gogeta (19+90) was rewarded by Eghyron for :trident
[2014.01.13 15:53] Gogeta (19+90) was rewarded by Eghyron for :staff
[2014.01.13 15:53] Gogeta (19+90) was rewarded by Eghyron for :lajatang
[2014.01.13 15:53] Gogeta (19+90) was rewarded by Eghyron for :fork
[2014.01.13 15:53] Gogeta (19+90) was rewarded by Eghyron for :cleaver
[2014.01.13 15:56] Gogeta (19+90) was rewarded by Eghyron for :spear
[2014.01.13 15:56] Gogeta (19+90) was rewarded by Eghyron for :scythe
[2014.01.13 15:56] Gogeta (19+90) was rewarded by Eghyron for :maul
[2014.01.13 15:56] Gogeta (19+90) was rewarded by Eghyron for :mace
[2014.01.13 15:56] Gogeta (19+90) was rewarded by Eghyron for :battleaxe
[2014.01.13 15:56] Gogeta (19+90) was rewarded by Eghyron for :sword
[2014.01.18 01:31] Gogeta (19+100) was rewarded by Eghyron for :whip
[2014.01.20 22:25] Krillgeta (19+82) was rewarded by Eghyron for :lajatang
[2014.01.20 22:25] Krillgeta (19+82) was rewarded by Eghyron for :staff
[2014.01.20 22:25] Krillgeta (19+82) was rewarded by Eghyron for :lance
[2014.01.20 22:25] Krillgeta (19+82) was rewarded by Eghyron for :hammer
[2014.01.20 22:25] Krillgeta (19+82) was rewarded by Eghyron for :trident
[2014.01.20 22:25] Krillgeta (19+82) was rewarded by Eghyron for :cleaver
[2014.01.20 22:25] Krillgeta (19+82) was rewarded by Eghyron for :fork
[2014.01.20 22:25] Krillgeta (19+82) was rewarded by Eghyron for :whip
[2014.01.20 22:29] Krillgeta (19+82) was rewarded by Eghyron for :gloves
[2014.01.20 22:29] Krillgeta (19+82) was rewarded by Eghyron for :spear
[2014.01.20 22:29] Krillgeta (19+82) was rewarded by Eghyron for :scythe
[2014.01.20 22:29] Krillgeta (19+82) was rewarded by Eghyron for :maul
[2014.01.20 22:29] Krillgeta (19+82) was rewarded by Eghyron for :mace
[2014.01.20 22:29] Krillgeta (19+82) was rewarded by Eghyron for :battleaxe
[2014.01.20 22:29] Krillgeta (19+82) was rewarded by Eghyron for :sword
[2014.01.23 23:14] Gogeta (19+100) was rewarded by Eghyron for :lance
[2014.01.23 23:14] Gogeta (19+100) was rewarded by Eghyron for :hammer
[2014.01.23 23:14] Gogeta (19+100) was rewarded by Eghyron for :trident
[2014.01.23 23:14] Gogeta (19+100) was rewarded by Eghyron for :staff
[2014.01.23 23:14] Gogeta (19+100) was rewarded by Eghyron for :lajatang
[2014.01.23 23:14] Gogeta (19+100) was rewarded by Eghyron for :fork
[2014.01.23 23:14] Gogeta (19+100) was rewarded by Eghyron for :cleaver
[2014.01.23 23:14] Gogeta (19+100) was rewarded by Eghyron for :whip
[2014.01.23 23:17] Gogeta (19+100) was rewarded by Eghyron for :spear
[2014.01.23 23:17] Gogeta (19+100) was rewarded by Eghyron for :scythe
[2014.01.23 23:17] Gogeta (19+100) was rewarded by Eghyron for :maul
[2014.01.23 23:17] Gogeta (19+100) was rewarded by Eghyron for :mace
[2014.01.23 23:17] Gogeta (19+100) was rewarded by Eghyron for :battleaxe
[2014.01.23 23:17] Gogeta (19+100) was rewarded by Eghyron for :sword
[2014.01.23 23:17] Gogeta (19+100) was rewarded by Eghyron for :gloves
[2014.01.24 13:40] Krillgeta (19+98) was rewarded by Eghyron for :whip
[2014.01.24 13:40] Krillgeta (19+98) was rewarded by Eghyron for :lance
[2014.01.24 13:40] Krillgeta (19+98) was rewarded by Eghyron for :hammer
[2014.01.24 13:40] Krillgeta (19+98) was rewarded by Eghyron for :trident
[2014.01.24 13:40] Krillgeta (19+98) was rewarded by Eghyron for :staff
[2014.01.24 13:40] Krillgeta (19+98) was rewarded by Eghyron for :lajatang
[2014.01.24 13:40] Krillgeta (19+98) was rewarded by Eghyron for :fork
[2014.01.24 13:40] Krillgeta (19+98) was rewarded by Eghyron for :cleaver
[2014.01.24 13:43] Krillgeta (19+98) was rewarded by Eghyron for :spear
[2014.01.24 13:43] Krillgeta (19+98) was rewarded by Eghyron for :scythe
[2014.01.24 13:43] Krillgeta (19+98) was rewarded by Eghyron for :maul
[2014.01.24 13:43] Krillgeta (19+98) was rewarded by Eghyron for :mace
[2014.01.24 13:43] Krillgeta (19+98) was rewarded by Eghyron for :battleaxe
[2014.01.24 13:43] Krillgeta (19+98) was rewarded by Eghyron for :sword
[2014.01.24 13:43] Krillgeta (19+98) was rewarded by Eghyron for :gloves
[2014.01.28 17:22] Deathseeker (19+25) was rewarded by Eghyron for :sword
[2014.01.28 17:22] Deathseeker (19+25) was rewarded by Eghyron for :battleaxe
[2014.01.28 17:22] Deathseeker (19+25) was rewarded by Eghyron for :mace
[2014.01.28 17:22] Deathseeker (19+25) was rewarded by Eghyron for :spear
[2014.01.28 17:22] Deathseeker (19+25) was rewarded by Eghyron for :scythe
[2014.01.28 17:22] Deathseeker (19+25) was rewarded by Eghyron for :maul
[2014.01.28 17:23] Deathseeker (19+25) was rewarded by Eghyron for :lance
[2014.01.28 17:23] Deathseeker (19+25) was rewarded by Eghyron for :hammer
[2014.01.28 17:23] Deathseeker (19+25) was rewarded by Eghyron for :trident
[2014.01.28 17:23] Deathseeker (19+25) was rewarded by Eghyron for :staff
[2014.01.28 17:23] Deathseeker (19+25) was rewarded by Eghyron for :lajatang
[2014.01.28 17:23] Deathseeker (19+25) was rewarded by Eghyron for :cleaver
[2014.01.28 17:23] Deathseeker (19+25) was rewarded by Eghyron for :fork
[2014.02.03 00:26] Floyd (10+0) was rewarded by Eghyron for :sword
[2014.02.03 00:26] Floyd (10+0) was rewarded by Eghyron for :lance
[2014.02.03 00:27] Floyd (10+0) was rewarded by Eghyron for :staff
[2014.02.03 00:27] Floyd (10+0) was rewarded by Eghyron for :hammer
[2014.02.03 00:27] Floyd (10+0) was rewarded by Eghyron for :cleaver
[2014.02.03 00:27] Floyd (10+0) was rewarded by Eghyron for :trident
[2014.02.12 19:21] Timespliter (19+33) was rewarded by Eghyron for :cleaver
[2014.02.18 14:13] Punk (19+2) was rewarded by Eghyron for :fork
[2014.03.07 17:14] Krash (19+20) was rewarded by Eghyron for :sword
[2014.03.07 17:19] Krash (19+20) was rewarded by Eghyron for :battleaxe
[2014.03.07 17:29] Krash (19+20) was rewarded by Eghyron for :mace
[2014.03.07 17:29] Krash (19+20) was rewarded by Eghyron for :spear
[2014.03.07 17:29] Krash (19+20) was rewarded by Eghyron for :scythe
[2014.03.07 17:29] Krash (19+20) was rewarded by Eghyron for :scythe
[2014.04.12 20:24] Deathseeker (19+70) was rewarded by Eghyron for :staff
[2014.04.12 20:25] Deathseeker (19+70) was rewarded by Eghyron for :hammer
[2014.04.12 20:25] Deathseeker (19+70) was rewarded by Eghyron for :lance
[2014.04.12 20:25] Deathseeker (19+70) was rewarded by Eghyron for :lance
[2014.04.12 20:25] Deathseeker (19+70) was rewarded by Eghyron for :hammer
[2014.04.12 20:25] Deathseeker (19+70) was rewarded by Eghyron for :trident
[2014.04.12 20:25] Deathseeker (19+70) was rewarded by Eghyron for :staff
[2014.04.12 20:25] Deathseeker (19+70) was rewarded by Eghyron for :lajatang
[2014.04.12 20:25] Deathseeker (19+70) was rewarded by Eghyron for :cleaver
[2014.04.12 20:25] Deathseeker (19+70) was rewarded by Eghyron for :fork
[2014.04.12 20:25] Deathseeker (19+70) was rewarded by Eghyron for :gloves
[2014.04.12 20:25] Deathseeker (19+70) was rewarded by Eghyron for :whip
[2014.04.12 20:26] Deathseeker (19+70) was rewarded by Eghyron for :cleaver
[2014.05.19 19:14] Xehanort (19+0) was rewarded by Eghyron for :lajatang
[2014.05.19 19:14] Xehanort (19+0) was rewarded by Eghyron for :trident
[2014.05.19 19:14] Xehanort (19+0) was rewarded by Eghyron for :staff
[2014.05.19 19:14] Xehanort (19+0) was rewarded by Eghyron for :hammer
[2014.05.19 19:14] Xehanort (19+0) was rewarded by Eghyron for :lance
[2014.05.19 19:14] Xehanort (19+0) was rewarded by Eghyron for :whip
[2014.05.19 19:15] Xehanort (19+0) was rewarded by Eghyron for :fork
[2014.05.19 19:24] Xehanort (19+0) was rewarded by Eghyron for :gloves
[2014.05.28 18:28] Goten (19+62) was rewarded by Eghyron for :sword
[2014.05.28 18:33] Goten (19+62) was rewarded by Eghyron for :spear
[2014.05.28 18:33] Goten (19+62) was rewarded by Eghyron for :scythe
[2014.05.28 18:33] Goten (19+62) was rewarded by Eghyron for :maul
[2014.05.28 18:33] Goten (19+62) was rewarded by Eghyron for :mace
[2014.05.28 18:33] Goten (19+62) was rewarded by Eghyron for :battleaxe
[2014.05.28 18:33] Goten (19+62) was rewarded by Eghyron for :battleaxe
[2014.06.01 18:11] Goten (19+66) was rewarded by Eghyron for :spear
[2014.06.01 18:11] Goten (19+66) was rewarded by Eghyron for :scythe
[2014.06.01 18:11] Goten (19+66) was rewarded by Eghyron for :maul
[2014.06.01 18:11] Goten (19+66) was rewarded by Eghyron for :mace
[2014.06.01 18:11] Goten (19+66) was rewarded by Eghyron for :battleaxe
[2014.06.01 18:12] Goten (19+66) was rewarded by Eghyron for :sword
[2014.06.01 18:13] Goten (19+66) was rewarded by Eghyron for :gloves
[2014.06.01 18:16] Goten (19+66) was rewarded by Eghyron for :cleaver
[2014.06.01 18:28] Xerxes (18+0) was rewarded by Eghyron for :whip
[2014.06.02 10:41] Goten (19+66) was rewarded by Eghyron for :fork
[2014.06.02 10:53] Goten (19+66) was rewarded by Eghyron for :whip
[2014.06.02 10:54] Goten (19+66) was rewarded by Eghyron for :lance
[2014.06.02 10:54] Goten (19+66) was rewarded by Eghyron for :hammer
[2014.06.02 10:54] Goten (19+66) was rewarded by Eghyron for :trident
[2014.06.02 10:54] Goten (19+66) was rewarded by Eghyron for :staff
[2014.06.02 10:54] Goten (19+66) was rewarded by Eghyron for :lajatang
[2014.06.02 10:57] Goten (19+66) was rewarded by Eghyron for :gloves
[2014.06.02 10:57] Goten (19+66) was rewarded by Eghyron for :spear
[2014.06.02 10:57] Goten (19+66) was rewarded by Eghyron for :scythe
[2014.06.02 10:57] Goten (19+66) was rewarded by Eghyron for :maul
[2014.06.02 10:58] Goten (19+66) was rewarded by Eghyron for :mace
[2014.06.02 10:58] Goten (19+66) was rewarded by Eghyron for :battleaxe
[2014.06.02 10:58] Goten (19+66) was rewarded by Eghyron for :sword
[2014.06.02 10:59] Goten (19+66) was rewarded by Eghyron for :cleaver
[2014.06.13 09:00] Shadowstone (19+8) was rewarded by Eghyron for :whip
[2014.06.20 22:19] Sin (19+20) was rewarded by Eghyron for :whip
[2014.07.09 17:15] Goten (19+76) was rewarded by Eghyron for :cleaver
[2014.07.09 17:20] Goten (19+76) was rewarded by Eghyron for :whip
[2014.07.09 17:20] Goten (19+76) was rewarded by Eghyron for :lajatang
[2014.07.09 17:20] Goten (19+76) was rewarded by Eghyron for :staff
[2014.07.09 17:20] Goten (19+76) was rewarded by Eghyron for :trident
[2014.07.09 17:20] Goten (19+76) was rewarded by Eghyron for :hammer
[2014.07.09 17:20] Goten (19+76) was rewarded by Eghyron for :lance
[2014.07.09 17:21] Goten (19+76) was rewarded by Eghyron for :fork
[2014.07.09 17:24] Goten (19+76) was rewarded by Eghyron for :spear
[2014.07.09 17:24] Goten (19+76) was rewarded by Eghyron for :battleaxe
[2014.07.09 17:24] Goten (19+76) was rewarded by Eghyron for :mace
[2014.07.09 17:24] Goten (19+76) was rewarded by Eghyron for :maul
[2014.07.09 17:24] Goten (19+76) was rewarded by Eghyron for :scythe
[2014.07.09 17:25] Goten (19+76) was rewarded by Eghyron for :sword
[2014.07.09 17:25] Goten (19+76) was rewarded by Eghyron for :gloves
[2014.07.12 09:17] Bevan (7+0) was rewarded by Eghyron for :sword
[2014.07.13 11:32] Goten (19+79) was rewarded by Eghyron for :fork
[2014.07.13 11:32] Goten (19+79) was rewarded by Eghyron for :lajatang
[2014.07.13 11:32] Goten (19+79) was rewarded by Eghyron for :staff
[2014.07.13 11:32] Goten (19+79) was rewarded by Eghyron for :hammer
[2014.07.13 11:33] Goten (19+79) was rewarded by Eghyron for :lance
[2014.07.13 11:33] Goten (19+79) was rewarded by Eghyron for :trident
[2014.07.13 11:33] Goten (19+79) was rewarded by Eghyron for :whip
[2014.07.13 11:33] Goten (19+79) was rewarded by Eghyron for :sword
[2014.07.13 11:40] Goten (19+79) was rewarded by Eghyron for :gloves
[2014.07.13 11:40] Goten (19+79) was rewarded by Eghyron for :battleaxe
[2014.07.13 11:40] Goten (19+79) was rewarded by Eghyron for :mace
[2014.07.13 11:40] Goten (19+79) was rewarded by Eghyron for :maul
[2014.07.13 11:40] Goten (19+79) was rewarded by Eghyron for :scythe
[2014.07.13 11:41] Goten (19+79) was rewarded by Eghyron for :spear
[2014.08.12 18:22] Wallace (19+18) was rewarded by Eghyron for :whip
[2014.08.19 01:14] Merto (12+0) was rewarded by Eghyron for :maul
[2014.08.19 01:14] Merto (12+0) was rewarded by Eghyron for :scythe
[2014.08.19 01:14] Merto (12+0) was rewarded by Eghyron for :mace
[2014.08.19 01:14] Merto (12+0) was rewarded by Eghyron for :spear
[2014.08.19 01:15] Merto (12+0) was rewarded by Eghyron for :sword
[2014.08.19 01:15] Merto (12+0) was rewarded by Eghyron for :battleaxe
[2014.08.19 01:15] Jadin (19+19) was rewarded by Eghyron for :staff
[2014.08.19 01:15] Jadin (19+19) was rewarded by Eghyron for :trident
[2014.08.19 01:15] Jadin (19+19) was rewarded by Eghyron for :lance
[2014.08.19 01:15] Jadin (19+19) was rewarded by Eghyron for :cleaver
[2014.08.19 01:15] Jadin (19+19) was rewarded by Eghyron for :fork
[2014.08.19 01:15] Jadin (19+19) was rewarded by Eghyron for :fork
[2014.08.19 01:15] Jadin (19+19) was rewarded by Eghyron for :lajatang
[2014.08.19 19:50] Krillgeta (19+100) was rewarded by Eghyron for :spear
[2014.08.19 19:50] Krillgeta (19+100) was rewarded by Eghyron for :scythe
[2014.08.19 19:50] Krillgeta (19+100) was rewarded by Eghyron for :maul
[2014.08.19 19:50] Krillgeta (19+100) was rewarded by Eghyron for :mace
[2014.08.19 19:50] Krillgeta (19+100) was rewarded by Eghyron for :battleaxe
[2014.08.19 19:50] Krillgeta (19+100) was rewarded by Eghyron for :sword
[2014.08.19 19:50] Krillgeta (19+100) was rewarded by Eghyron for :battleaxe
[2014.08.19 19:50] Krillgeta (19+100) was rewarded by Eghyron for :sword
[2014.08.19 19:50] Krillgeta (19+100) was rewarded by Eghyron for :cleaver
[2014.08.19 19:50] Krillgeta (19+100) was rewarded by Eghyron for :fork
[2014.08.19 19:50] Krillgeta (19+100) was rewarded by Eghyron for :lajatang
[2014.08.19 19:50] Krillgeta (19+100) was rewarded by Eghyron for :lance
[2014.08.19 19:50] Krillgeta (19+100) was rewarded by Eghyron for :hammer
[2014.08.19 19:50] Krillgeta (19+100) was rewarded by Eghyron for :staff
[2014.08.19 19:50] Krillgeta (19+100) was rewarded by Eghyron for :trident
[2014.08.19 19:50] Krillgeta (19+100) was rewarded by Eghyron for :cleaver
[2014.08.19 19:50] Krillgeta (19+100) was rewarded by Eghyron for :fork
[2014.08.19 19:50] Krillgeta (19+100) was rewarded by Eghyron for :staff
[2014.08.19 19:50] Krillgeta (19+100) was rewarded by Eghyron for :lajatang
[2014.08.19 19:51] Krillgeta (19+100) was rewarded by Eghyron for :whip
[2014.08.23 10:48] Colbey (12+0) was rewarded by Eghyron for :cleaver
[2014.08.23 10:48] Colbey (12+0) was rewarded by Eghyron for :hammer
[2014.08.23 10:48] Colbey (12+0) was rewarded by Eghyron for :staff
[2014.08.23 10:49] Colbey (12+0) was rewarded by Eghyron for :trident
[2014.08.23 10:49] Colbey (12+0) was rewarded by Eghyron for :lajatang
[2014.08.23 10:49] Colbey (12+0) was rewarded by Eghyron for :fork
[2014.08.23 12:26] Noxius (10+0) was rewarded by Eghyron for :whip
[2014.08.23 13:39] Silverwind (19+47) was rewarded by Eghyron for :whip
[2014.08.28 10:31] Harley (19+0) was rewarded by Eghyron for :lance
[2014.08.28 10:31] Harley (19+0) was rewarded by Eghyron for :hammer
[2014.08.28 10:31] Harley (19+0) was rewarded by Eghyron for :whip
[2014.08.28 10:31] Harley (19+0) was rewarded by Eghyron for :staff
[2014.08.28 10:31] Harley (19+0) was rewarded by Eghyron for :trident
[2014.08.28 10:32] Harley (19+0) was rewarded by Eghyron for :fork
[2014.08.28 10:32] Harley (19+0) was rewarded by Eghyron for :lajatang
[2014.11.07 18:00] Gogeta (19+43) was rewarded by Eghyron for :whip
[2014.11.07 18:00] Gogeta (19+43) was rewarded by Eghyron for :whip
[2014.11.07 18:00] Gogeta (19+43) was rewarded by Eghyron for :spear
[2014.11.07 18:00] Gogeta (19+43) was rewarded by Eghyron for :scythe
[2014.11.07 18:00] Gogeta (19+43) was rewarded by Eghyron for :mace
[2014.11.07 18:00] Gogeta (19+43) was rewarded by Eghyron for :maul
[2014.11.07 18:00] Gogeta (19+43) was rewarded by Eghyron for :battleaxe
[2014.11.07 18:00] Gogeta (19+43) was rewarded by Eghyron for :sword
[2014.11.07 18:00] Gogeta (19+43) was rewarded by Eghyron for :spear
[2014.11.07 18:00] Gogeta (19+43) was rewarded by Eghyron for :scythe
[2014.11.07 18:00] Gogeta (19+43) was rewarded by Eghyron for :maul
[2014.11.07 18:00] Gogeta (19+43) was rewarded by Eghyron for :mace
[2014.11.07 18:00] Gogeta (19+43) was rewarded by Eghyron for :battleaxe
[2014.11.07 18:00] Gogeta (19+43) was rewarded by Eghyron for :sword
[2014.11.07 18:01] Gogeta (19+43) was rewarded by Eghyron for :lance
[2014.11.07 18:01] Gogeta (19+43) was rewarded by Eghyron for :hammer
[2014.11.07 18:01] Gogeta (19+43) was rewarded by Eghyron for :trident
[2014.11.07 18:01] Gogeta (19+43) was rewarded by Eghyron for :staff
[2014.11.07 18:01] Gogeta (19+43) was rewarded by Eghyron for :lajatang
[2014.11.07 18:01] Gogeta (19+43) was rewarded by Eghyron for :fork
[2014.11.07 18:01] Gogeta (19+43) was rewarded by Eghyron for :cleaver
[2014.11.07 18:01] Gogeta (19+43) was rewarded by Eghyron for :cleaver
[2014.11.07 18:01] Gogeta (19+43) was rewarded by Eghyron for :lance
[2014.11.07 18:01] Gogeta (19+43) was rewarded by Eghyron for :hammer
[2014.11.07 18:01] Gogeta (19+43) was rewarded by Eghyron for :trident
[2014.11.07 18:01] Gogeta (19+43) was rewarded by Eghyron for :staff
[2014.11.07 18:01] Gogeta (19+43) was rewarded by Eghyron for :lajatang
[2014.11.07 18:01] Gogeta (19+43) was rewarded by Eghyron for :fork
[2014.12.02 21:46] Gogeta (19+48) was rewarded by Eghyron for :trident
[2014.12.02 21:46] Gogeta (19+48) was rewarded by Eghyron for :hammer
[2014.12.02 21:46] Gogeta (19+48) was rewarded by Eghyron for :staff
[2014.12.02 21:46] Gogeta (19+48) was rewarded by Eghyron for :lajatang
[2014.12.02 21:46] Gogeta (19+48) was rewarded by Eghyron for :fork
[2014.12.02 21:46] Gogeta (19+48) was rewarded by Eghyron for :cleaver
[2014.12.02 21:46] Gogeta (19+48) was rewarded by Eghyron for :spear
[2014.12.02 21:46] Gogeta (19+48) was rewarded by Eghyron for :scythe
[2014.12.02 21:46] Gogeta (19+48) was rewarded by Eghyron for :maul
[2014.12.02 21:46] Gogeta (19+48) was rewarded by Eghyron for :mace
[2014.12.02 21:46] Gogeta (19+48) was rewarded by Eghyron for :battleaxe
[2014.12.02 21:46] Gogeta (19+48) was rewarded by Eghyron for :sword
[2014.12.02 21:46] Gogeta (19+48) was rewarded by Eghyron for :whip
[2015.01.26 16:19] Gogeta (19+67) was rewarded by Eghyron for :cleaver
[2015.01.26 16:19] Gogeta (19+67) was rewarded by Eghyron for :fork
[2015.01.26 16:19] Gogeta (19+67) was rewarded by Eghyron for :lajatang
[2015.01.26 16:19] Gogeta (19+67) was rewarded by Eghyron for :lance
[2015.01.26 16:19] Gogeta (19+67) was rewarded by Eghyron for :trident
[2015.01.26 16:19] Gogeta (19+67) was rewarded by Eghyron for :staff
[2015.01.26 16:19] Gogeta (19+67) was rewarded by Eghyron for :hammer
[2015.01.26 16:19] Gogeta (19+67) was rewarded by Eghyron for :spear
[2015.01.26 16:19] Gogeta (19+67) was rewarded by Eghyron for :scythe
[2015.01.26 16:19] Gogeta (19+67) was rewarded by Eghyron for :maul
[2015.01.26 16:19] Gogeta (19+67) was rewarded by Eghyron for :mace
[2015.01.26 16:19] Gogeta (19+67) was rewarded by Eghyron for :battleaxe
[2015.01.26 16:19] Gogeta (19+67) was rewarded by Eghyron for :sword
[2015.05.21 21:32] Mosh (19+50) was rewarded by Eghyron for :cleaver
[2015.10.10 09:43] Shojiro (19+12) was rewarded by Eghyron for :lance
[2015.10.10 09:43] Shojiro (19+12) was rewarded by Eghyron for :hammer
[2015.10.10 09:43] Shojiro (19+12) was rewarded by Eghyron for :trident
[2015.10.10 09:43] Shojiro (19+12) was rewarded by Eghyron for :staff
[2015.10.10 09:43] Shojiro (19+12) was rewarded by Eghyron for :lajatang
[2015.10.10 09:43] Shojiro (19+12) was rewarded by Eghyron for :fork
[2015.10.10 09:44] Shojiro (19+12) was rewarded by Eghyron for :sword
[2015.10.10 09:44] Shojiro (19+12) was rewarded by Eghyron for :spear
[2015.10.10 09:44] Shojiro (19+12) was rewarded by Eghyron for :scythe
[2015.10.10 09:44] Shojiro (19+12) was rewarded by Eghyron for :maul
[2015.10.10 09:44] Shojiro (19+12) was rewarded by Eghyron for :mace
[2015.10.10 09:44] Shojiro (19+12) was rewarded by Eghyron for :battleaxe
[2015.10.10 09:44] Shojiro (19+12) was rewarded by Eghyron for :gloves
