2008.04.11 23:47 A C:\Program Files\WS_FTP\areas\town1\fort\alcamist.c --> nirvana.beanos.com /players/jareel/areas/town1/fort alcamist.c
2008.04.11 23:49 A C:\Program Files\WS_FTP\areas\town1\fort\alcamist.c --> nirvana.beanos.com /players/jareel/areas/town1/fort alcamist.c
2008.04.11 23:52 A C:\Program Files\WS_FTP\areas\town1\fort\alcamist.c --> nirvana.beanos.com /players/jareel/areas/town1/fort alcamist.c
2008.04.11 23:52 A C:\Program Files\WS_FTP\areas\town1\fort\blacksmith.c --> nirvana.beanos.com /players/jareel/areas/town1/fort blacksmith.c
2008.04.11 23:52 A C:\Program Files\WS_FTP\areas\town1\fort\quarters.c --> nirvana.beanos.com /players/jareel/areas/town1/fort quarters.c
2008.04.11 23:52 A C:\Program Files\WS_FTP\areas\town1\fort\road1.c --> nirvana.beanos.com /players/jareel/areas/town1/fort road1.c
2008.04.11 23:52 A C:\Program Files\WS_FTP\areas\town1\fort\road10.c --> nirvana.beanos.com /players/jareel/areas/town1/fort road10.c
2008.04.11 23:52 A C:\Program Files\WS_FTP\areas\town1\fort\road2.c --> nirvana.beanos.com /players/jareel/areas/town1/fort road2.c
2008.04.11 23:52 A C:\Program Files\WS_FTP\areas\town1\fort\road3.c --> nirvana.beanos.com /players/jareel/areas/town1/fort road3.c
2008.04.11 23:52 A C:\Program Files\WS_FTP\areas\town1\fort\road4.c --> nirvana.beanos.com /players/jareel/areas/town1/fort road4.c
2008.04.11 23:52 A C:\Program Files\WS_FTP\areas\town1\fort\road5.c --> nirvana.beanos.com /players/jareel/areas/town1/fort road5.c
2008.04.11 23:52 A C:\Program Files\WS_FTP\areas\town1\fort\road6.c --> nirvana.beanos.com /players/jareel/areas/town1/fort road6.c
2008.04.11 23:52 A C:\Program Files\WS_FTP\areas\town1\fort\road7.c --> nirvana.beanos.com /players/jareel/areas/town1/fort road7.c
2008.04.11 23:52 A C:\Program Files\WS_FTP\areas\town1\fort\road8.c --> nirvana.beanos.com /players/jareel/areas/town1/fort road8.c
2008.04.11 23:52 A C:\Program Files\WS_FTP\areas\town1\fort\road9.c --> nirvana.beanos.com /players/jareel/areas/town1/fort road9.c
2008.04.11 23:52 A C:\Program Files\WS_FTP\areas\town1\fort\trainer.c --> nirvana.beanos.com /players/jareel/areas/town1/fort trainer.c
2008.04.11 23:52 A C:\Program Files\WS_FTP\areas\town1\fort\yelm.c --> nirvana.beanos.com /players/jareel/areas/town1/fort yelm.c
2008.04.11 23:52 A C:\Program Files\WS_FTP\areas\town1\fort\yelmalio.c --> nirvana.beanos.com /players/jareel/areas/town1/fort yelmalio.c
2008.04.11 23:52 A C:\Program Files\WS_FTP\areas\town1\fort\road9.c --> nirvana.beanos.com /players/jareel/areas/town1/fort road9.c
2008.04.12 00:06 A C:\Program Files\WS_FTP\areas\town1\fort\alcamist.c --> nirvana.beanos.com /players/jareel/areas/town1/fort alcamist.c
2008.04.12 00:06 A C:\Program Files\WS_FTP\areas\town1\fort\blacksmith.c --> nirvana.beanos.com /players/jareel/areas/town1/fort blacksmith.c
2008.04.12 00:06 A C:\Program Files\WS_FTP\areas\town1\fort\quarters.c --> nirvana.beanos.com /players/jareel/areas/town1/fort quarters.c
2008.04.12 00:06 A C:\Program Files\WS_FTP\areas\town1\fort\road1.c --> nirvana.beanos.com /players/jareel/areas/town1/fort road1.c
2008.04.12 00:06 A C:\Program Files\WS_FTP\areas\town1\fort\road10.c --> nirvana.beanos.com /players/jareel/areas/town1/fort road10.c
2008.04.12 00:06 A C:\Program Files\WS_FTP\areas\town1\fort\road2.c --> nirvana.beanos.com /players/jareel/areas/town1/fort road2.c
2008.04.12 00:06 A C:\Program Files\WS_FTP\areas\town1\fort\road3.c --> nirvana.beanos.com /players/jareel/areas/town1/fort road3.c
2008.04.12 00:06 A C:\Program Files\WS_FTP\areas\town1\fort\road4.c --> nirvana.beanos.com /players/jareel/areas/town1/fort road4.c
2008.04.12 00:06 A C:\Program Files\WS_FTP\areas\town1\fort\road5.c --> nirvana.beanos.com /players/jareel/areas/town1/fort road5.c
2008.04.12 00:06 A C:\Program Files\WS_FTP\areas\town1\fort\road6.c --> nirvana.beanos.com /players/jareel/areas/town1/fort road6.c
2008.04.12 00:06 A C:\Program Files\WS_FTP\areas\town1\fort\road7.c --> nirvana.beanos.com /players/jareel/areas/town1/fort road7.c
2008.04.12 00:06 A C:\Program Files\WS_FTP\areas\town1\fort\road8.c --> nirvana.beanos.com /players/jareel/areas/town1/fort road8.c
2008.04.12 00:06 A C:\Program Files\WS_FTP\areas\town1\fort\road9.c --> nirvana.beanos.com /players/jareel/areas/town1/fort road9.c
2008.04.12 00:06 A C:\Program Files\WS_FTP\areas\town1\fort\trainer.c --> nirvana.beanos.com /players/jareel/areas/town1/fort trainer.c
2008.04.12 00:06 A C:\Program Files\WS_FTP\areas\town1\fort\yelm.c --> nirvana.beanos.com /players/jareel/areas/town1/fort yelm.c
2008.04.12 00:06 A C:\Program Files\WS_FTP\areas\town1\fort\yelmalio.c --> nirvana.beanos.com /players/jareel/areas/town1/fort yelmalio.c
2008.04.12 00:07 A C:\Program Files\WS_FTP\areas\town1\fort\road2.c --> nirvana.beanos.com /players/jareel/areas/town1/fort road2.c
2008.04.12 00:07 A C:\Program Files\WS_FTP\areas\town1\fort\road3.c --> nirvana.beanos.com /players/jareel/areas/town1/fort road3.c
2008.04.12 00:07 A C:\Program Files\WS_FTP\areas\town1\fort\road6.c --> nirvana.beanos.com /players/jareel/areas/town1/fort road6.c
2008.04.12 00:08 A C:\Program Files\WS_FTP\areas\town1\fort\road7.c --> nirvana.beanos.com /players/jareel/areas/town1/fort road7.c
2008.04.12 00:08 A C:\Program Files\WS_FTP\areas\town1\fort\road9.c --> nirvana.beanos.com /players/jareel/areas/town1/fort road9.c
2008.04.12 00:08 A C:\Program Files\WS_FTP\areas\town1\fort\road10.c --> nirvana.beanos.com /players/jareel/areas/town1/fort road10.c
2008.04.12 00:09 A C:\Program Files\WS_FTP\areas\town1\fort\road7.c --> nirvana.beanos.com /players/jareel/areas/town1/fort road7.c
2008.04.12 00:10 A C:\Program Files\WS_FTP\areas\town1\fort\yelmalio.c --> nirvana.beanos.com /players/jareel/areas/town1/fort yelmalio.c
2008.04.12 00:11 A C:\Program Files\WS_FTP\areas\town1\fort\road4.c --> nirvana.beanos.com /players/jareel/areas/town1/fort road4.c
2008.04.12 00:12 A C:\Program Files\WS_FTP\areas\town1\fort\yelm.c --> nirvana.beanos.com /players/jareel/areas/town1/fort yelm.c
2008.04.12 00:12 A C:\Program Files\WS_FTP\areas\town1\fort\road8.c --> nirvana.beanos.com /players/jareel/areas/town1/fort road8.c
2008.04.12 00:13 A C:\Program Files\WS_FTP\areas\town1\fort\road8.c --> nirvana.beanos.com /players/jareel/areas/town1/fort road8.c
2008.04.16 08:29 A C:\Program Files\WS_FTP\areas\town1\fort\alcamist.c --> nirvana.beanos.com /players/jareel/areas/town1/fort alcamist.c
2008.04.16 08:32 A C:\Program Files\WS_FTP\areas\town1\fort\alcamist.c --> nirvana.beanos.com /players/jareel/areas/town1/fort alcamist.c
2008.04.16 08:32 A C:\Program Files\WS_FTP\areas\town1\fort\blacksmith.c --> nirvana.beanos.com /players/jareel/areas/town1/fort blacksmith.c
2008.04.16 08:32 A C:\Program Files\WS_FTP\areas\town1\fort\quarters.c --> nirvana.beanos.com /players/jareel/areas/town1/fort quarters.c
2008.04.16 08:32 A C:\Program Files\WS_FTP\areas\town1\fort\road1.c --> nirvana.beanos.com /players/jareel/areas/town1/fort road1.c
2008.04.16 08:32 A C:\Program Files\WS_FTP\areas\town1\fort\road10.c --> nirvana.beanos.com /players/jareel/areas/town1/fort road10.c
2008.04.16 08:32 A C:\Program Files\WS_FTP\areas\town1\fort\road2.c --> nirvana.beanos.com /players/jareel/areas/town1/fort road2.c
2008.04.16 08:32 A C:\Program Files\WS_FTP\areas\town1\fort\road3.c --> nirvana.beanos.com /players/jareel/areas/town1/fort road3.c
2008.04.16 08:32 A C:\Program Files\WS_FTP\areas\town1\fort\road4.c --> nirvana.beanos.com /players/jareel/areas/town1/fort road4.c
2008.04.16 08:32 A C:\Program Files\WS_FTP\areas\town1\fort\road5.c --> nirvana.beanos.com /players/jareel/areas/town1/fort road5.c
2008.04.16 08:32 A C:\Program Files\WS_FTP\areas\town1\fort\road6.c --> nirvana.beanos.com /players/jareel/areas/town1/fort road6.c
2008.04.16 08:32 A C:\Program Files\WS_FTP\areas\town1\fort\road7.c --> nirvana.beanos.com /players/jareel/areas/town1/fort road7.c
2008.04.16 08:32 A C:\Program Files\WS_FTP\areas\town1\fort\road8.c --> nirvana.beanos.com /players/jareel/areas/town1/fort road8.c
2008.04.16 08:32 A C:\Program Files\WS_FTP\areas\town1\fort\road9.c --> nirvana.beanos.com /players/jareel/areas/town1/fort road9.c
2008.04.16 08:32 A C:\Program Files\WS_FTP\areas\town1\fort\trainer.c --> nirvana.beanos.com /players/jareel/areas/town1/fort trainer.c
2008.04.16 08:32 A C:\Program Files\WS_FTP\areas\town1\fort\WS_FTP.LOG --> nirvana.beanos.com /players/jareel/areas/town1/fort WS_FTP.LOG
2008.04.16 08:32 A C:\Program Files\WS_FTP\areas\town1\fort\yelm.c --> nirvana.beanos.com /players/jareel/areas/town1/fort yelm.c
2008.04.16 08:32 A C:\Program Files\WS_FTP\areas\town1\fort\yelmalio.c --> nirvana.beanos.com /players/jareel/areas/town1/fort yelmalio.c
2008.04.23 14:08 A C:\Program Files\WS_FTP\areas\town1\fort\road1.c --> nirvana.beanos.com /players/jareel/areas/town1/fort road1.c
2008.04.23 14:08 A C:\Program Files\WS_FTP\areas\town1\fort\road10.c --> nirvana.beanos.com /players/jareel/areas/town1/fort road10.c
2008.04.23 14:08 A C:\Program Files\WS_FTP\areas\town1\fort\road2.c --> nirvana.beanos.com /players/jareel/areas/town1/fort road2.c
2008.04.23 14:08 A C:\Program Files\WS_FTP\areas\town1\fort\road3.c --> nirvana.beanos.com /players/jareel/areas/town1/fort road3.c
2008.04.23 14:08 A C:\Program Files\WS_FTP\areas\town1\fort\road4.c --> nirvana.beanos.com /players/jareel/areas/town1/fort road4.c
2008.04.23 14:08 A C:\Program Files\WS_FTP\areas\town1\fort\road5.c --> nirvana.beanos.com /players/jareel/areas/town1/fort road5.c
2008.04.23 14:08 A C:\Program Files\WS_FTP\areas\town1\fort\road6.c --> nirvana.beanos.com /players/jareel/areas/town1/fort road6.c
2008.04.23 14:08 A C:\Program Files\WS_FTP\areas\town1\fort\road7.c --> nirvana.beanos.com /players/jareel/areas/town1/fort road7.c
2008.04.23 14:08 A C:\Program Files\WS_FTP\areas\town1\fort\road8.c --> nirvana.beanos.com /players/jareel/areas/town1/fort road8.c
2008.04.23 14:08 A C:\Program Files\WS_FTP\areas\town1\fort\road9.c --> nirvana.beanos.com /players/jareel/areas/town1/fort road9.c
2008.04.23 14:19 A C:\Program Files\WS_FTP\areas\town1\fort\blacksmith.c --> nirvana.beanos.com /players/jareel/areas/town1/fort blacksmith.c
2008.04.23 14:19 A C:\Program Files\WS_FTP\areas\town1\fort\quarters.c --> nirvana.beanos.com /players/jareel/areas/town1/fort quarters.c
2008.04.23 14:23 A C:\Program Files\WS_FTP\areas\town1\fort\alcamist.c --> nirvana.beanos.com /players/jareel/areas/town1/fort alcamist.c
2008.04.23 14:27 A C:\Program Files\WS_FTP\areas\town1\fort\trainer.c --> nirvana.beanos.com /players/jareel/areas/town1/fort trainer.c
2008.04.23 14:28 A C:\Program Files\WS_FTP\areas\town1\fort\trainer.c --> nirvana.beanos.com /players/jareel/areas/town1/fort trainer.c
2008.04.23 14:28 A C:\Program Files\WS_FTP\areas\town1\fort\alcamist.c --> nirvana.beanos.com /players/jareel/areas/town1/fort alcamist.c
2008.04.23 14:28 A C:\Program Files\WS_FTP\areas\town1\fort\blacksmith.c --> nirvana.beanos.com /players/jareel/areas/town1/fort blacksmith.c
2008.04.23 14:28 A C:\Program Files\WS_FTP\areas\town1\fort\quarters.c --> nirvana.beanos.com /players/jareel/areas/town1/fort quarters.c
2008.04.23 14:33 A C:\Program Files\WS_FTP\areas\town1\fort\quarters.c --> nirvana.beanos.com /players/jareel/areas/town1/fort quarters.c
2008.04.24 08:29 A C:\Program Files\WS_FTP\areas\town1\fort\yelmalio.c --> nirvana.beanos.com /players/jareel/areas/town1/fort yelmalio.c
2008.04.24 08:30 A C:\Program Files\WS_FTP\areas\town1\fort\yelm.c --> nirvana.beanos.com /players/jareel/areas/town1/fort yelm.c
2008.04.24 08:31 A C:\Program Files\WS_FTP\areas\town1\fort\trainer.c --> nirvana.beanos.com /players/jareel/areas/town1/fort trainer.c
2008.04.24 08:34 A C:\Program Files\WS_FTP\areas\town1\fort\alcamist.c --> nirvana.beanos.com /players/jareel/areas/town1/fort alcamist.c
2008.04.24 08:34 A C:\Program Files\WS_FTP\areas\town1\fort\blacksmith.c --> nirvana.beanos.com /players/jareel/areas/town1/fort blacksmith.c
2008.04.24 08:34 A C:\Program Files\WS_FTP\areas\town1\fort\quarters.c --> nirvana.beanos.com /players/jareel/areas/town1/fort quarters.c
2008.04.24 08:34 A C:\Program Files\WS_FTP\areas\town1\fort\road1.c --> nirvana.beanos.com /players/jareel/areas/town1/fort road1.c
2008.04.24 08:34 A C:\Program Files\WS_FTP\areas\town1\fort\road10.c --> nirvana.beanos.com /players/jareel/areas/town1/fort road10.c
2008.04.24 08:34 A C:\Program Files\WS_FTP\areas\town1\fort\road2.c --> nirvana.beanos.com /players/jareel/areas/town1/fort road2.c
2008.04.24 08:34 A C:\Program Files\WS_FTP\areas\town1\fort\road3.c --> nirvana.beanos.com /players/jareel/areas/town1/fort road3.c
2008.04.24 08:34 A C:\Program Files\WS_FTP\areas\town1\fort\road4.c --> nirvana.beanos.com /players/jareel/areas/town1/fort road4.c
2008.04.24 08:34 A C:\Program Files\WS_FTP\areas\town1\fort\road5.c --> nirvana.beanos.com /players/jareel/areas/town1/fort road5.c
2008.04.24 08:34 A C:\Program Files\WS_FTP\areas\town1\fort\road6.c --> nirvana.beanos.com /players/jareel/areas/town1/fort road6.c
2008.04.24 08:34 A C:\Program Files\WS_FTP\areas\town1\fort\road7.c --> nirvana.beanos.com /players/jareel/areas/town1/fort road7.c
2008.04.24 08:34 A C:\Program Files\WS_FTP\areas\town1\fort\road8.c --> nirvana.beanos.com /players/jareel/areas/town1/fort road8.c
2008.04.24 08:34 A C:\Program Files\WS_FTP\areas\town1\fort\road9.c --> nirvana.beanos.com /players/jareel/areas/town1/fort road9.c
2008.04.24 08:34 A C:\Program Files\WS_FTP\areas\town1\fort\trainer.c --> nirvana.beanos.com /players/jareel/areas/town1/fort trainer.c
