2002.09.30 11:01 B c:\code\mud\guild\helps\advance <-- nirvana /players/pain/closed/guild/helps advance
2002.09.30 11:01 B c:\code\mud\guild\helps\armor <-- nirvana /players/pain/closed/guild/helps armor
2002.09.30 11:01 B c:\code\mud\guild\helps\death.old <-- nirvana /players/pain/closed/guild/helps death.old
2002.09.30 11:01 B c:\code\mud\guild\helps\dir <-- nirvana /players/pain/closed/guild/helps dir
2002.09.30 11:01 B c:\code\mud\guild\helps\gc <-- nirvana /players/pain/closed/guild/helps gc
2002.09.30 11:01 B c:\code\mud\guild\helps\levitate <-- nirvana /players/pain/closed/guild/helps levitate
2002.09.30 11:01 B c:\code\mud\guild\helps\locker <-- nirvana /players/pain/closed/guild/helps locker
2002.09.30 11:01 B c:\code\mud\guild\helps\lockers <-- nirvana /players/pain/closed/guild/helps lockers
2002.09.30 11:01 B c:\code\mud\guild\helps\new <-- nirvana /players/pain/closed/guild/helps new
2002.09.30 11:01 B c:\code\mud\guild\helps\pet <-- nirvana /players/pain/closed/guild/helps pet
2002.09.30 11:01 B c:\code\mud\guild\helps\ranks <-- nirvana /players/pain/closed/guild/helps ranks
2002.09.30 11:01 B c:\code\mud\guild\helps\spells <-- nirvana /players/pain/closed/guild/helps spells
2002.09.30 11:01 B c:\code\mud\guild\helps\spells1 <-- nirvana /players/pain/closed/guild/helps spells1
2002.09.30 11:01 B c:\code\mud\guild\helps\spells2 <-- nirvana /players/pain/closed/guild/helps spells2
2002.09.30 11:01 B c:\code\mud\guild\helps\spells3 <-- nirvana /players/pain/closed/guild/helps spells3
2002.09.30 11:01 B c:\code\mud\guild\helps\spells4 <-- nirvana /players/pain/closed/guild/helps spells4
2002.09.30 11:01 B c:\code\mud\guild\helps\strike.old <-- nirvana /players/pain/closed/guild/helps strike.old
2002.09.30 11:01 B c:\code\mud\guild\helps\teleport <-- nirvana /players/pain/closed/guild/helps teleport
2002.09.30 11:01 B c:\code\mud\guild\helps\weapons <-- nirvana /players/pain/closed/guild/helps weapons
2002.09.30 11:01 B c:\code\mud\guild\helps\wimp <-- nirvana /players/pain/closed/guild/helps wimp
