100.02.18 23:29 A C:\players\feldegas\tourney\obj\pack-d.c <-- Nirvana /players/feldegast/tourney/Obj pack-d.c
100.02.18 23:29 A C:\players\feldegas\tourney\obj\pack-m.c <-- Nirvana /players/feldegast/tourney/Obj pack-m.c
100.02.18 23:30 A C:\players\feldegas\tourney\obj\pack-o.c <-- Nirvana /players/feldegast/tourney/Obj pack-o.c
100.02.18 23:30 A C:\players\feldegas\tourney\obj\pack.c <-- Nirvana /players/feldegast/tourney/Obj pack.c
100.02.18 23:31 A C:\players\feldegas\tourney\obj\amulet.c <-- Nirvana /players/feldegast/tourney/Obj amulet.c
100.02.19 00:09 A C:\players\feldegas\tourney\obj\staff.c --> nirvana.mudservices.com /players/feldegast/tourney/Obj staff.c
100.02.19 00:11 A C:\players\feldegas\tourney\obj\staff.c --> nirvana.mudservices.com /players/feldegast/tourney/Obj staff.c
100.02.19 00:12 A C:\players\feldegas\tourney\obj\staff.c --> nirvana.mudservices.com /players/feldegast/tourney/Obj staff.c
100.02.19 00:13 A C:\players\feldegas\tourney\obj\staff.c --> nirvana.mudservices.com /players/feldegast/tourney/Obj staff.c
100.02.19 00:16 A C:\players\feldegas\tourney\obj\staff.c --> nirvana.mudservices.com /players/feldegast/tourney/Obj staff.c
100.02.19 00:18 A C:\players\feldegas\tourney\obj\staff.c --> nirvana.mudservices.com /players/feldegast/tourney/Obj staff.c
100.02.19 00:24 A C:\players\feldegas\tourney\obj\staff.c --> nirvana.mudservices.com /players/feldegast/tourney/Obj staff.c
100.02.19 00:28 A C:\players\feldegas\tourney\obj\staff.c --> nirvana.mudservices.com /players/feldegast/tourney/Obj staff.c
100.02.19 00:37 A C:\players\feldegas\tourney\obj\staff.c --> nirvana.mudservices.com /players/feldegast/tourney/Obj staff.c
100.02.19 18:19 A C:\players\feldegas\tourney\obj\staff.c --> nirvana.mudservices.com /players/feldegast/tourney/Obj staff.c
100.02.19 19:42 A C:\players\feldegas\tourney\obj\staff.c --> nirvana.mudservices.com /players/feldegast/tourney/Obj staff.c
100.02.23 18:09 A C:\players\feldegas\tourney\obj\staff.c --> nirvana.mudservices.com /players/feldegast/tourney/Obj staff.c
100.02.23 18:11 A C:\players\feldegas\tourney\obj\staff.c --> nirvana.mudservices.com /players/feldegast/tourney/Obj staff.c
100.02.23 18:12 A C:\players\feldegas\tourney\obj\staff.c --> nirvana.mudservices.com /players/feldegast/tourney/Obj staff.c
100.02.23 18:13 A C:\players\feldegas\tourney\obj\staff.c --> nirvana.mudservices.com /players/feldegast/tourney/Obj staff.c
100.02.23 18:23 A C:\players\feldegas\tourney\obj\staff.c --> nirvana.mudservices.com /players/feldegast/tourney/Obj staff.c
100.02.25 18:29 A C:\players\feldegas\tourney\obj\amulet.c --> nirvana.mudservices.com /open/fakir/tourney/obj amulet.c
100.02.25 18:29 A C:\players\feldegas\tourney\obj\pack-d.c --> nirvana.mudservices.com /open/fakir/tourney/obj pack-d.c
100.02.25 18:29 A C:\players\feldegas\tourney\obj\pack-m.c --> nirvana.mudservices.com /open/fakir/tourney/obj pack-m.c
100.02.25 18:29 A C:\players\feldegas\tourney\obj\pack-o.c --> nirvana.mudservices.com /open/fakir/tourney/obj pack-o.c
100.02.25 18:29 A C:\players\feldegas\tourney\obj\pack.c --> nirvana.mudservices.com /open/fakir/tourney/obj pack.c
100.02.25 18:29 A C:\players\feldegas\tourney\obj\staff.c --> nirvana.mudservices.com /open/fakir/tourney/obj staff.c
