2001.07.19 21:45 A c:\mud\rowan\monsters\wand\anhkheg.c <-- Nirvana /players/molasar/rowan/monsters/wand anhkheg.c
2001.07.19 21:45 A c:\mud\rowan\monsters\wand\beetle.c <-- Nirvana /players/molasar/rowan/monsters/wand beetle.c
2001.07.19 21:45 A c:\mud\rowan\monsters\wand\bugbear.c <-- Nirvana /players/molasar/rowan/monsters/wand bugbear.c
2001.07.19 21:45 A c:\mud\rowan\monsters\wand\cent.c <-- Nirvana /players/molasar/rowan/monsters/wand cent.c
2001.07.19 21:45 A c:\mud\rowan\monsters\wand\dog.c <-- Nirvana /players/molasar/rowan/monsters/wand dog.c
2001.07.19 21:45 A c:\mud\rowan\monsters\wand\gargoyle.c <-- Nirvana /players/molasar/rowan/monsters/wand gargoyle.c
2001.07.19 21:45 A c:\mud\rowan\monsters\wand\gnoll.c <-- Nirvana /players/molasar/rowan/monsters/wand gnoll.c
2001.07.19 21:45 A c:\mud\rowan\monsters\wand\hgoblin.c <-- Nirvana /players/molasar/rowan/monsters/wand hgoblin.c
2001.07.19 21:45 A c:\mud\rowan\monsters\wand\ogre.c <-- Nirvana /players/molasar/rowan/monsters/wand ogre.c
2001.07.19 21:45 A c:\mud\rowan\monsters\wand\p_worm.c <-- Nirvana /players/molasar/rowan/monsters/wand p_worm.c
2001.07.19 21:45 A c:\mud\rowan\monsters\wand\rat.c <-- Nirvana /players/molasar/rowan/monsters/wand rat.c
2001.07.19 21:45 A c:\mud\rowan\monsters\wand\scorpion.c <-- Nirvana /players/molasar/rowan/monsters/wand scorpion.c
2001.07.19 21:45 A c:\mud\rowan\monsters\wand\skeleton.c <-- Nirvana /players/molasar/rowan/monsters/wand skeleton.c
2001.07.19 21:45 A c:\mud\rowan\monsters\wand\spider.c <-- Nirvana /players/molasar/rowan/monsters/wand spider.c
2001.07.19 21:48 A c:\mud\rowan\monsters\wand\anhkheg.c --> nirvana.mudservices.com /players/fakir/rowan/monsters/wand anhkheg.c
2001.07.19 21:48 A c:\mud\rowan\monsters\wand\beetle.c --> nirvana.mudservices.com /players/fakir/rowan/monsters/wand beetle.c
2001.07.19 21:48 A c:\mud\rowan\monsters\wand\bugbear.c --> nirvana.mudservices.com /players/fakir/rowan/monsters/wand bugbear.c
2001.07.19 21:48 A c:\mud\rowan\monsters\wand\cent.c --> nirvana.mudservices.com /players/fakir/rowan/monsters/wand cent.c
2001.07.19 21:48 A c:\mud\rowan\monsters\wand\dog.c --> nirvana.mudservices.com /players/fakir/rowan/monsters/wand dog.c
2001.07.19 21:48 A c:\mud\rowan\monsters\wand\gargoyle.c --> nirvana.mudservices.com /players/fakir/rowan/monsters/wand gargoyle.c
2001.07.19 21:48 A c:\mud\rowan\monsters\wand\gnoll.c --> nirvana.mudservices.com /players/fakir/rowan/monsters/wand gnoll.c
2001.07.19 21:48 A c:\mud\rowan\monsters\wand\hgoblin.c --> nirvana.mudservices.com /players/fakir/rowan/monsters/wand hgoblin.c
2001.07.19 21:48 A c:\mud\rowan\monsters\wand\ogre.c --> nirvana.mudservices.com /players/fakir/rowan/monsters/wand ogre.c
2001.07.19 21:48 A c:\mud\rowan\monsters\wand\p_worm.c --> nirvana.mudservices.com /players/fakir/rowan/monsters/wand p_worm.c
2001.07.19 21:48 A c:\mud\rowan\monsters\wand\rat.c --> nirvana.mudservices.com /players/fakir/rowan/monsters/wand rat.c
2001.07.19 21:48 A c:\mud\rowan\monsters\wand\scorpion.c --> nirvana.mudservices.com /players/fakir/rowan/monsters/wand scorpion.c
2001.07.19 21:48 A c:\mud\rowan\monsters\wand\skeleton.c --> nirvana.mudservices.com /players/fakir/rowan/monsters/wand skeleton.c
2001.07.19 21:48 A c:\mud\rowan\monsters\wand\spider.c --> nirvana.mudservices.com /players/fakir/rowan/monsters/wand spider.c
