Pathfinder promoted Turbo to level 6
Pathfinder promoted Turbo to level 4
Pathfinder promoted Turbo to level 6
Barjan promoted Laplander to level 22
Pathfinder promoted Poppy to level 9
Pathfinder promoted Poppy to level 15
Pathfinder promoted Poppy to level 9
Pathfinder promoted Laplander to level 10
Pathfinder promoted Pathfinder to level 100
Pathfinder promoted Pathfinder to level 100
Pathfinder promoted Dragnar to level 101
Pathfinder promoted Dragnar to level 100
Pathfinder promoted Laplander to level 10
Pathfinder promoted Pathfinder to level 100
Pathfinder promoted Moche to level 1
Pathfinder promoted Arawn to level 2
Pathfinder promoted Pathfinder to level 100
Pathfinder promoted Rain to level 0
Pathfinder promoted Rain to level 2
Pathfinder promoted Rain to level 1
Pathfinder promoted Mathias to level 2
Pathfinder promoted Pathfinder to level 100
Pathfinder promoted Mathias to level 3
Pathfinder promoted Frad to level 2
Pathfinder promoted Pathfinder to level 10100
Laplander promoted Damian to level 1
Laplander promoted Driden to level 1
Pathfinder promoted Rain to level 3
Reaver promoted Loanshark to level 3
Reaver promoted Loanshark to level 4
Reaver promoted Rain to level 3
Reaver promoted Darkheart to level 2
Reaver promoted Darkheart to level 4
Pathfinder promoted Pathfinder to level 100
Pathfinder promoted Pathfinder to level 10
Pathfinder promoted Pathfinder to level 100
Pathfinder promoted Pathfinder to level 5
Pathfinder promoted Pathfinder to level 3
Pathfinder promoted Demian to level 2
Pathfinder promoted Pathfinder to level 666
Pathfinder promoted Pathfinder to level 3
Pathfinder promoted Reaver to level 11
Pathfinder promoted Reaver to level 10
Reaver promoted Kinky to level 4
Laplander promoted Rain to level 4
Laplander promoted Forest to level 1
Laplander promoted Darkheart to level 4
Barjan promoted Barjan to level 20
Laplander promoted Barjan to level 10
Laplander promoted Demian to level 3
Pathfinder promoted Demian to level 3
Pathfinder promoted Pathfinder to level 10
Reaver promoted Lauren to level 2
Reaver promoted Lauren to level 3
Barjan promoted Demian to level 10
Laplander promoted Demian to level 4
Laplander promoted Sac to level 1
Reaver promoted Lauren to level 2
Pathfinder promoted Arawn to level 3
Pathfinder promoted Skimmer to level 10
Barjan promoted Ulath to level 8
Barjan promoted Driden to level 6
Barjan promoted Driden to level 9
Laplander promoted Driden to level 4
Reaver promoted Goldfinger to level 2
Pathfinder promoted Pathfinder to level 10
Pathfinder promoted Pathtest to level 1
Pathfinder promoted Pathtest to level 2
Reaver promoted Skimmer to level 10
Pathfinder promoted Pathfinder to level 10
Reaver promoted Akumalore to level 4
Pathfinder promoted Reaver to level 10
Laplander promoted Ulath to level 3
Pathfinder promoted Pathfinder to level 10
Pathfinder promoted Pathfinder to level 10
Pathfinder promoted Lauren to level 6
Skimmer promoted Lauren to level 3
Skimmer promoted Pathtest to level 1
Pathfinder promoted Pathfinder to level 10
Pathfinder promoted Skimmer to level 10
Reaver promoted Skimmer to level 10
Pathfinder promoted Barjan to level 10
Pathfinder promoted Pathfinder to level 100
Pathfinder promoted Trint to level 3
Pathfinder promoted Pathfinder to level 100
Reaver promoted Bedlam to level 4
Pathfinder promoted Dragnar to level 100
Pathfinder promoted Mrmessy to level 3
Pathfinder promoted Pathfinder to level 8
Pathfinder promoted Pathfinder to level 100
Reaver promoted Sarsha to level 3
Pathfinder promoted Jenny to level 10
Pathfinder promoted Jenny to level 10
Laplander promoted Simpaty to level 3
Laplander promoted Simpaty to level 1
Reaver promoted Jaraxle to level 2
Reaver promoted Jaraxle to level 6
Jenny promoted Reaver to level 10
Jenny promoted Sarsha to level 5
Reaver promoted Naitachal to level 2
Reaver promoted Jenny to level 10
Jenny promoted Summer to level 6
Reaver promoted Summer to level 6
Reaver promoted Reaver to level 10
Jenny promoted Dc to level 5
Jenny promoted Laplander to level 10
Jenny promoted Caravelle to level 7
Reaver promoted Shotgun to level 3
Laplander promoted Reaver to level 10
Jenny promoted Reaver to level 10
Pathfinder promoted Reaver to level 10
Laplander promoted Laplander to level 50
Laplander promoted Laplander to level 10
Reaver promoted Shotgun to level 3
Reaver promoted Reaver to level 10
Jenny promoted Sunshyne to level 5
Pathfinder promoted Quint to level 100
Pathfinder promoted Dawn to level 6
Pathfinder promoted Jaraxle to level 10
Jenny promoted Scythe to level 2
Reaver promoted Scythe to level 2
Reaver promoted Reaver to level 10
Pathfinder promoted Mizan to level 100
Pathfinder promoted Pathfinder to level 100
Pathfinder promoted Mystery to level 2
Pathfinder promoted Pathfinder to level 10
Pathfinder promoted Pathfinder to level 100
Jenny promoted Barjan to level 10
Skimmer promoted Simpaty to level 6
Jenny promoted Poppy to level 9
