2001.07.19 21:44 A c:\mud\rowan\drake\bar.c <-- Nirvana /players/molasar/rowan/drake bar.c
2001.07.19 21:44 A c:\mud\rowan\drake\clearing.c <-- Nirvana /players/molasar/rowan/drake clearing.c
2001.07.19 21:44 A c:\mud\rowan\drake\dock.c <-- Nirvana /players/molasar/rowan/drake dock.c
2001.07.19 21:44 A c:\mud\rowan\drake\ghouse.c <-- Nirvana /players/molasar/rowan/drake ghouse.c
2001.07.19 21:44 A c:\mud\rowan\drake\nroad1.c <-- Nirvana /players/molasar/rowan/drake nroad1.c
2001.07.19 21:44 A c:\mud\rowan\drake\nroad2.c <-- Nirvana /players/molasar/rowan/drake nroad2.c
2001.07.19 21:44 A c:\mud\rowan\drake\road1.c <-- Nirvana /players/molasar/rowan/drake road1.c
2001.07.19 21:44 A c:\mud\rowan\drake\road2.c <-- Nirvana /players/molasar/rowan/drake road2.c
2001.07.19 21:44 A c:\mud\rowan\drake\road3.c <-- Nirvana /players/molasar/rowan/drake road3.c
2001.07.19 21:44 A c:\mud\rowan\drake\road4.c <-- Nirvana /players/molasar/rowan/drake road4.c
2001.07.19 21:44 A c:\mud\rowan\drake\ruin1.c <-- Nirvana /players/molasar/rowan/drake ruin1.c
2001.07.19 21:44 A c:\mud\rowan\drake\ruin2.c <-- Nirvana /players/molasar/rowan/drake ruin2.c
2001.07.19 21:44 A c:\mud\rowan\drake\sroad1.c <-- Nirvana /players/molasar/rowan/drake sroad1.c
2001.07.19 21:47 A c:\mud\rowan\drake\bar.c --> nirvana.mudservices.com /players/fakir/rowan/drake bar.c
2001.07.19 21:47 A c:\mud\rowan\drake\clearing.c --> nirvana.mudservices.com /players/fakir/rowan/drake clearing.c
2001.07.19 21:47 A c:\mud\rowan\drake\dock.c --> nirvana.mudservices.com /players/fakir/rowan/drake dock.c
2001.07.19 21:47 A c:\mud\rowan\drake\ghouse.c --> nirvana.mudservices.com /players/fakir/rowan/drake ghouse.c
2001.07.19 21:47 A c:\mud\rowan\drake\nroad1.c --> nirvana.mudservices.com /players/fakir/rowan/drake nroad1.c
2001.07.19 21:47 A c:\mud\rowan\drake\nroad2.c --> nirvana.mudservices.com /players/fakir/rowan/drake nroad2.c
2001.07.19 21:47 A c:\mud\rowan\drake\road1.c --> nirvana.mudservices.com /players/fakir/rowan/drake road1.c
2001.07.19 21:47 A c:\mud\rowan\drake\road2.c --> nirvana.mudservices.com /players/fakir/rowan/drake road2.c
2001.07.19 21:47 A c:\mud\rowan\drake\road3.c --> nirvana.mudservices.com /players/fakir/rowan/drake road3.c
2001.07.19 21:47 A c:\mud\rowan\drake\road4.c --> nirvana.mudservices.com /players/fakir/rowan/drake road4.c
2001.07.19 21:47 A c:\mud\rowan\drake\ruin1.c --> nirvana.mudservices.com /players/fakir/rowan/drake ruin1.c
2001.07.19 21:47 A c:\mud\rowan\drake\ruin2.c --> nirvana.mudservices.com /players/fakir/rowan/drake ruin2.c
2001.07.19 21:47 A c:\mud\rowan\drake\sroad1.c --> nirvana.mudservices.com /players/fakir/rowan/drake sroad1.c
