Connection reset by peer detected.
Connection reset by peer detected.
Too deep recursion.
Current object was players/forbin/closed/wiztool/cmds/INV, line 48
"cmd_hook" in "players/forbin/closed/wiztool/fortool.c" ("players/forbin/closed/wiztool/fortool#6668") line 83
"main" in "players/forbin/closed/wiztool/cmds/INV.c" ("players/forbin/closed/wiztool/cmds/INV") line 11
"cmd_hook" in "players/forbin/closed/wiztool/fortool.c" ("players/forbin/closed/wiztool/fortool#6668") line 83
"main" in "players/forbin/closed/wiztool/cmds/INV.c" ("players/forbin/closed/wiztool/cmds/INV") line 11
"cmd_hook" in "players/forbin/closed/wiztool/fortool.c" ("players/forbin/closed/wiztool/fortool#6668") line 83
"main" in "players/forbin/closed/wiztool/cmds/INV.c" ("players/forbin/closed/wiztool/cmds/INV") line 11
"cmd_hook" in "players/forbin/closed/wiztool/fortool.c" ("players/forbin/closed/wiztool/fortool#6668") line 83
"main" in "players/forbin/closed/wiztool/cmds/INV.c" ("players/forbin/closed/wiztool/cmds/INV") line 11
"cmd_hook" in "players/forbin/closed/wiztool/fortool.c" ("players/forbin/closed/wiztool/fortool#6668") line 83
"main" in "players/forbin/closed/wiztool/cmds/INV.c" ("players/forbin/closed/wiztool/cmds/INV") line 11
"cmd_hook" in "players/forbin/closed/wiztool/fortool.c" ("players/forbin/closed/wiztool/fortool#6668") line 83
"main" in "players/forbin/closed/wiztool/cmds/INV.c" ("players/forbin/closed/wiztool/cmds/INV") line 11
"cmd_hook" in "players/forbin/closed/wiztool/fortool.c" ("players/forbin/closed/wiztool/fortool#6668") line 83
"main" in "players/forbin/closed/wiztool/cmds/INV.c" ("players/forbin/closed/wiztool/cmds/INV") line 11
"cmd_hook" in "players/forbin/closed/wiztool/fortool.c" ("players/forbin/closed/wiztool/fortool#6668") line 83
"main" in "players/forbin/closed/wiztool/cmds/INV.c" ("players/forbin/closed/wiztool/cmds/INV") line 11
"cmd_hook" in "players/forbin/closed/wiztool/fortool.c" ("players/forbin/closed/wiztool/fortool#6668") line 83
"main" in "players/forbin/closed/wiztool/cmds/INV.c" ("players/forbin/closed/wiztool/cmds/INV") line 11
"cmd_hook" in "players/forbin/closed/wiztool/fortool.c" ("players/forbin/closed/wiztool/fortool#6668") line 83
"main" in "players/forbin/closed/wiztool/cmds/INV.c" ("players/forbin/closed/wiztool/cmds/INV") line 11
"cmd_hook" in "players/forbin/closed/wiztool/fortool.c" ("players/forbin/closed/wiztool/fortool#6668") line 83
"main" in "players/forbin/closed/wiztool/cmds/INV.c" ("players/forbin/closed/wiztool/cmds/INV") line 11
"cmd_hook" in "players/forbin/closed/wiztool/fortool.c" ("players/forbin/closed/wiztool/fortool#6668") line 83
"main" in "players/forbin/closed/wiztool/cmds/INV.c" ("players/forbin/closed/wiztool/cmds/INV") line 11
"cmd_hook" in "players/forbin/closed/wiztool/fortool.c" ("players/forbin/closed/wiztool/fortool#6668") line 83
"main" in "players/forbin/closed/wiztool/cmds/INV.c" ("players/forbin/closed/wiztool/cmds/INV") line 11
"cmd_hook" in "players/forbin/closed/wiztool/fortool.c" ("players/forbin/closed/wiztool/fortool#6668") line 83
"main" in "players/forbin/closed/wiztool/cmds/INV.c" ("players/forbin/closed/wiztool/cmds/INV") line 11
"cmd_hook" in "players/forbin/closed/wiztool/fortool.c" ("players/forbin/closed/wiztool/fortool#6668") line 83
"main" in "players/forbin/closed/wiztool/cmds/INV.c" ("players/forbin/closed/wiztool/cmds/INV") line 9
Connection timed out detected.
Connection reset by peer detected.
Connection reset by peer detected.
Bad argument 1 to call_other()
Current object was players/mythos/prac/pet#7521, line 68
"follow" in "players/mythos/prac/pet.c" ("players/mythos/prac/pet#7521") line 290
Error in call out.
Connection reset by peer detected.
Bad argument 3 to tell_room()
Current object was players/wocket/graveyard/crypt4, line 56
"pull" in "players/wocket/graveyard/crypt4.c" ("players/wocket/graveyard/crypt4") line 47
Failed to load file.
Current object was players/wocket/graveyard/crypt4, line 22
"enter" in "players/wocket/graveyard/crypt4.c" ("players/wocket/graveyard/crypt4") line 76
Failed to load file.
Current object was players/wocket/graveyard/crypt4, line 16
"enter" in "players/wocket/graveyard/crypt4.c" ("players/wocket/graveyard/crypt4") line 76
Failed to load file.
Current object was players/wocket/graveyard/crypt4, line 16
"enter" in "players/wocket/graveyard/crypt4.c" ("players/wocket/graveyard/crypt4") line 76
Connection reset by peer detected.
Connection reset by peer detected.
Connection reset by peer detected.
Too deep recursion.
Current object was players/wocket/graveyard/crypt4, line 91
"open_door" in "players/wocket/necro/room/necroent.c" ("players/wocket/necro/room/necroent") line 65
"open_door" in "players/wocket/graveyard/crypt4.c" ("players/wocket/graveyard/crypt4") line 65
"open_door" in "players/wocket/necro/room/necroent.c" ("players/wocket/necro/room/necroent") line 65
"open_door" in "players/wocket/graveyard/crypt4.c" ("players/wocket/graveyard/crypt4") line 65
"open_door" in "players/wocket/necro/room/necroent.c" ("players/wocket/necro/room/necroent") line 65
"open_door" in "players/wocket/graveyard/crypt4.c" ("players/wocket/graveyard/crypt4") line 65
"open_door" in "players/wocket/necro/room/necroent.c" ("players/wocket/necro/room/necroent") line 65
"open_door" in "players/wocket/graveyard/crypt4.c" ("players/wocket/graveyard/crypt4") line 65
"open_door" in "players/wocket/necro/room/necroent.c" ("players/wocket/necro/room/necroent") line 65
"open_door" in "players/wocket/graveyard/crypt4.c" ("players/wocket/graveyard/crypt4") line 65
"open_door" in "players/wocket/necro/room/necroent.c" ("players/wocket/necro/room/necroent") line 65
"open_door" in "players/wocket/graveyard/crypt4.c" ("players/wocket/graveyard/crypt4") line 65
"open_door" in "players/wocket/necro/room/necroent.c" ("players/wocket/necro/room/necroent") line 65
"open_door" in "players/wocket/graveyard/crypt4.c" ("players/wocket/graveyard/crypt4") line 65
"open_door" in "players/wocket/necro/room/necroent.c" ("players/wocket/necro/room/necroent") line 65
"open_door" in "players/wocket/graveyard/crypt4.c" ("players/wocket/graveyard/crypt4") line 65
"open_door" in "players/wocket/necro/room/necroent.c" ("players/wocket/necro/room/necroent") line 65
"open_door" in "players/wocket/graveyard/crypt4.c" ("players/wocket/graveyard/crypt4") line 65
"open_door" in "players/wocket/necro/room/necroent.c" ("players/wocket/necro/room/necroent") line 65
"open_door" in "players/wocket/graveyard/crypt4.c" ("players/wocket/graveyard/crypt4") line 65
"open_door" in "players/wocket/necro/room/necroent.c" ("players/wocket/necro/room/necroent") line 65
"open_door" in "players/wocket/graveyard/crypt4.c" ("players/wocket/graveyard/crypt4") line 65
"open_door" in "players/wocket/necro/room/necroent.c" ("players/wocket/necro/room/necroent") line 65
"open_door" in "players/wocket/graveyard/crypt4.c" ("players/wocket/graveyard/crypt4") line 65
"open_door" in "players/wocket/necro/room/necroent.c" ("players/wocket/necro/room/necroent") line 65
"open_door" in "players/wocket/graveyard/crypt4.c" ("players/wocket/graveyard/crypt4") line 65
"open_door" in "players/wocket/necro/room/necroent.c" ("players/wocket/necro/room/necroent") line 65
"open_door" in "players/wocket/graveyard/crypt4.c" ("players/wocket/graveyard/crypt4") line 65
"open_door" in "players/wocket/necro/room/necroent.c" ("players/wocket/necro/room/necroent") line 65
"open_door" in "players/wocket/graveyard/crypt4.c" ("players/wocket/graveyard/crypt4") line 58
Error in call out.
Connection reset by peer detected.
Connection reset by peer detected.
Connection reset by peer detected.
Bad argument 1 to say()
Current object was obj/player#11402, line 68
"destruct_local_object" in "closed/wiz_soul.c" ("closed/wiz_soul#11403") line 472
"checked_say" in "obj/living.c" ("obj/player#11402") line 1938
Bad argument 1 to say()
Current object was obj/player#11402, line 68
"destruct_local_object" in "closed/wiz_soul.c" ("closed/wiz_soul#11403") line 472
"checked_say" in "obj/living.c" ("obj/player#11402") line 1938
Bad argument 1 to say()
Current object was obj/player#11402, line 68
"destruct_local_object" in "closed/wiz_soul.c" ("closed/wiz_soul#11403") line 472
"checked_say" in "obj/living.c" ("obj/player#11402") line 1938
Bad argument 1 to say()
Current object was obj/player#11402, line 68
"destruct_local_object" in "closed/wiz_soul.c" ("closed/wiz_soul#11403") line 472
"checked_say" in "obj/living.c" ("obj/player#11402") line 1938
Bad argument 1 to say()
Current object was obj/player#11402, line 42
"destruct_local_object" in "closed/wiz_soul.c" ("closed/wiz_soul#11403") line 472
"checked_say" in "obj/living.c" ("obj/player#11402") line 1938
Bad argument 1 to say()
Current object was obj/player#11402, line 33
"destruct_local_object" in "closed/wiz_soul.c" ("closed/wiz_soul#13458") line 472
"checked_say" in "obj/living.c" ("obj/player#11402") line 1938
Too deep recursion.
Current object was obj/player#13513, line 24
"heart_beat" in "obj/player.c" ("obj/player#13569") line 1275
"attack" in "obj/living.c" ("obj/player#13569") line 1357
"hit_player" in "obj/living.c" ("obj/player#13513") line 235
"do_damage" in "obj/living.c" ("obj/player#13513") line 441
"report_damage" in "players/maledicta/closed/w/OBJ/player_mod.c" ("players/maledicta/closed/w/OBJ/player_mod#13803") line 34
"add_hit_point" in "obj/player.c" ("obj/player#13513") line 2277
"report_damage" in "players/maledicta/closed/w/OBJ/player_mod.c" ("players/maledicta/closed/w/OBJ/player_mod#13803") line 34
"add_hit_point" in "obj/player.c" ("obj/player#13513") line 2277
"report_damage" in "players/maledicta/closed/w/OBJ/player_mod.c" ("players/maledicta/closed/w/OBJ/player_mod#13803") line 34
"add_hit_point" in "obj/player.c" ("obj/player#13513") line 2277
"report_damage" in "players/maledicta/closed/w/OBJ/player_mod.c" ("players/maledicta/closed/w/OBJ/player_mod#13803") line 34
"add_hit_point" in "obj/player.c" ("obj/player#13513") line 2277
"report_damage" in "players/maledicta/closed/w/OBJ/player_mod.c" ("players/maledicta/closed/w/OBJ/player_mod#13803") line 34
"add_hit_point" in "obj/player.c" ("obj/player#13513") line 2277
"report_damage" in "players/maledicta/closed/w/OBJ/player_mod.c" ("players/maledicta/closed/w/OBJ/player_mod#13803") line 34
"add_hit_point" in "obj/player.c" ("obj/player#13513") line 2277
"report_damage" in "players/maledicta/closed/w/OBJ/player_mod.c" ("players/maledicta/closed/w/OBJ/player_mod#13803") line 34
"add_hit_point" in "obj/player.c" ("obj/player#13513") line 2277
"report_damage" in "players/maledicta/closed/w/OBJ/player_mod.c" ("players/maledicta/closed/w/OBJ/player_mod#13803") line 34
"add_hit_point" in "obj/player.c" ("obj/player#13513") line 2277
"report_damage" in "players/maledicta/closed/w/OBJ/player_mod.c" ("players/maledicta/closed/w/OBJ/player_mod#13803") line 34
"add_hit_point" in "obj/player.c" ("obj/player#13513") line 2277
"report_damage" in "players/maledicta/closed/w/OBJ/player_mod.c" ("players/maledicta/closed/w/OBJ/player_mod#13803") line 34
"add_hit_point" in "obj/player.c" ("obj/player#13513") line 2277
"report_damage" in "players/maledicta/closed/w/OBJ/player_mod.c" ("players/maledicta/closed/w/OBJ/player_mod#13803") line 34
"add_hit_point" in "obj/player.c" ("obj/player#13513") line 2277
"report_damage" in "players/maledicta/closed/w/OBJ/player_mod.c" ("players/maledicta/closed/w/OBJ/player_mod#13803") line 34
"add_hit_point" in "obj/player.c" ("obj/player#13513") line 2277
"report_damage" in "players/maledicta/closed/w/OBJ/player_mod.c" ("players/maledicta/closed/w/OBJ/player_mod#13803") line 34
"add_hit_point" in "obj/player.c" ("obj/player#13513") line 2236
Heart beat in obj/player#13569 turned off.
Too deep recursion.
Current object was players/maledicta/closed/w/OBJ/player_mod#13978, line 43
"heart_beat" in "obj/player.c" ("obj/player#13878") line 1275
"attack" in "obj/living.c" ("obj/player#13878") line 1357
"hit_player" in "players/vertebraker/closed/shardak/obj/circle.c" ("players/vertebraker/closed/shardak/obj/circle#13817") line 45
"hit_player" in "obj/living.c" ("obj/player#13513") line 235
"do_damage" in "obj/living.c" ("obj/player#13513") line 441
"report_damage" in "players/maledicta/closed/w/OBJ/player_mod.c" ("players/maledicta/closed/w/OBJ/player_mod#13978") line 34
"add_hit_point" in "obj/player.c" ("obj/player#13513") line 2277
"report_damage" in "players/maledicta/closed/w/OBJ/player_mod.c" ("players/maledicta/closed/w/OBJ/player_mod#13978") line 34
"add_hit_point" in "obj/player.c" ("obj/player#13513") line 2277
"report_damage" in "players/maledicta/closed/w/OBJ/player_mod.c" ("players/maledicta/closed/w/OBJ/player_mod#13978") line 34
"add_hit_point" in "obj/player.c" ("obj/player#13513") line 2277
"report_damage" in "players/maledicta/closed/w/OBJ/player_mod.c" ("players/maledicta/closed/w/OBJ/player_mod#13978") line 34
"add_hit_point" in "obj/player.c" ("obj/player#13513") line 2277
"report_damage" in "players/maledicta/closed/w/OBJ/player_mod.c" ("players/maledicta/closed/w/OBJ/player_mod#13978") line 34
"add_hit_point" in "obj/player.c" ("obj/player#13513") line 2277
"report_damage" in "players/maledicta/closed/w/OBJ/player_mod.c" ("players/maledicta/closed/w/OBJ/player_mod#13978") line 34
"add_hit_point" in "obj/player.c" ("obj/player#13513") line 2277
"report_damage" in "players/maledicta/closed/w/OBJ/player_mod.c" ("players/maledicta/closed/w/OBJ/player_mod#13978") line 34
"add_hit_point" in "obj/player.c" ("obj/player#13513") line 2277
"report_damage" in "players/maledicta/closed/w/OBJ/player_mod.c" ("players/maledicta/closed/w/OBJ/player_mod#13978") line 34
"add_hit_point" in "obj/player.c" ("obj/player#13513") line 2277
"report_damage" in "players/maledicta/closed/w/OBJ/player_mod.c" ("players/maledicta/closed/w/OBJ/player_mod#13978") line 34
"add_hit_point" in "obj/player.c" ("obj/player#13513") line 2277
"report_damage" in "players/maledicta/closed/w/OBJ/player_mod.c" ("players/maledicta/closed/w/OBJ/player_mod#13978") line 34
"add_hit_point" in "obj/player.c" ("obj/player#13513") line 2277
"report_damage" in "players/maledicta/closed/w/OBJ/player_mod.c" ("players/maledicta/closed/w/OBJ/player_mod#13978") line 34
"add_hit_point" in "obj/player.c" ("obj/player#13513") line 2277
"report_damage" in "players/maledicta/closed/w/OBJ/player_mod.c" ("players/maledicta/closed/w/OBJ/player_mod#13978") line 34
"add_hit_point" in "obj/player.c" ("obj/player#13513") line 2277
"report_damage" in "players/maledicta/closed/w/OBJ/player_mod.c" ("players/maledicta/closed/w/OBJ/player_mod#13978") line 33
Heart beat in obj/player#13878 turned off.
Too deep recursion.
Current object was players/maledicta/closed/w/OBJ/player_mod#13978, line 43
"kill" in "obj/player.c" ("obj/player#13549") line 1064
"attack_object" in "obj/living.c" ("obj/player#13549") line 1664
"attack" in "obj/living.c" ("obj/player#13549") line 1357
"hit_player" in "obj/living.c" ("obj/player#13513") line 235
"do_damage" in "obj/living.c" ("obj/player#13513") line 441
"report_damage" in "players/maledicta/closed/w/OBJ/player_mod.c" ("players/maledicta/closed/w/OBJ/player_mod#13978") line 34
"add_hit_point" in "obj/player.c" ("obj/player#13513") line 2277
"report_damage" in "players/maledicta/closed/w/OBJ/player_mod.c" ("players/maledicta/closed/w/OBJ/player_mod#13978") line 34
"add_hit_point" in "obj/player.c" ("obj/player#13513") line 2277
"report_damage" in "players/maledicta/closed/w/OBJ/player_mod.c" ("players/maledicta/closed/w/OBJ/player_mod#13978") line 34
"add_hit_point" in "obj/player.c" ("obj/player#13513") line 2277
"report_damage" in "players/maledicta/closed/w/OBJ/player_mod.c" ("players/maledicta/closed/w/OBJ/player_mod#13978") line 34
"add_hit_point" in "obj/player.c" ("obj/player#13513") line 2277
"report_damage" in "players/maledicta/closed/w/OBJ/player_mod.c" ("players/maledicta/closed/w/OBJ/player_mod#13978") line 34
"add_hit_point" in "obj/player.c" ("obj/player#13513") line 2277
"report_damage" in "players/maledicta/closed/w/OBJ/player_mod.c" ("players/maledicta/closed/w/OBJ/player_mod#13978") line 34
"add_hit_point" in "obj/player.c" ("obj/player#13513") line 2277
"report_damage" in "players/maledicta/closed/w/OBJ/player_mod.c" ("players/maledicta/closed/w/OBJ/player_mod#13978") line 34
"add_hit_point" in "obj/player.c" ("obj/player#13513") line 2277
"report_damage" in "players/maledicta/closed/w/OBJ/player_mod.c" ("players/maledicta/closed/w/OBJ/player_mod#13978") line 34
"add_hit_point" in "obj/player.c" ("obj/player#13513") line 2277
"report_damage" in "players/maledicta/closed/w/OBJ/player_mod.c" ("players/maledicta/closed/w/OBJ/player_mod#13978") line 34
"add_hit_point" in "obj/player.c" ("obj/player#13513") line 2277
"report_damage" in "players/maledicta/closed/w/OBJ/player_mod.c" ("players/maledicta/closed/w/OBJ/player_mod#13978") line 34
"add_hit_point" in "obj/player.c" ("obj/player#13513") line 2277
"report_damage" in "players/maledicta/closed/w/OBJ/player_mod.c" ("players/maledicta/closed/w/OBJ/player_mod#13978") line 34
"add_hit_point" in "obj/player.c" ("obj/player#13513") line 2277
"report_damage" in "players/maledicta/closed/w/OBJ/player_mod.c" ("players/maledicta/closed/w/OBJ/player_mod#13978") line 34
"add_hit_point" in "obj/player.c" ("obj/player#13513") line 2277
"report_damage" in "players/maledicta/closed/w/OBJ/player_mod.c" ("players/maledicta/closed/w/OBJ/player_mod#13978") line 33
Too deep recursion.
Current object was obj/player#13513, line 43
"heart_beat" in "obj/player.c" ("obj/player#13549") line 1275
"attack" in "obj/living.c" ("obj/player#13549") line 1357
"hit_player" in "obj/living.c" ("obj/player#13513") line 235
"do_damage" in "obj/living.c" ("obj/player#13513") line 441
"report_damage" in "players/maledicta/closed/w/OBJ/player_mod.c" ("players/maledicta/closed/w/OBJ/player_mod#13978") line 34
"add_hit_point" in "obj/player.c" ("obj/player#13513") line 2277
"report_damage" in "players/maledicta/closed/w/OBJ/player_mod.c" ("players/maledicta/closed/w/OBJ/player_mod#13978") line 34
"add_hit_point" in "obj/player.c" ("obj/player#13513") line 2277
"report_damage" in "players/maledicta/closed/w/OBJ/player_mod.c" ("players/maledicta/closed/w/OBJ/player_mod#13978") line 34
"add_hit_point" in "obj/player.c" ("obj/player#13513") line 2277
"report_damage" in "players/maledicta/closed/w/OBJ/player_mod.c" ("players/maledicta/closed/w/OBJ/player_mod#13978") line 34
"add_hit_point" in "obj/player.c" ("obj/player#13513") line 2277
"report_damage" in "players/maledicta/closed/w/OBJ/player_mod.c" ("players/maledicta/closed/w/OBJ/player_mod#13978") line 34
"add_hit_point" in "obj/player.c" ("obj/player#13513") line 2277
"report_damage" in "players/maledicta/closed/w/OBJ/player_mod.c" ("players/maledicta/closed/w/OBJ/player_mod#13978") line 34
"add_hit_point" in "obj/player.c" ("obj/player#13513") line 2277
"report_damage" in "players/maledicta/closed/w/OBJ/player_mod.c" ("players/maledicta/closed/w/OBJ/player_mod#13978") line 34
"add_hit_point" in "obj/player.c" ("obj/player#13513") line 2277
"report_damage" in "players/maledicta/closed/w/OBJ/player_mod.c" ("players/maledicta/closed/w/OBJ/player_mod#13978") line 34
"add_hit_point" in "obj/player.c" ("obj/player#13513") line 2277
"report_damage" in "players/maledicta/closed/w/OBJ/player_mod.c" ("players/maledicta/closed/w/OBJ/player_mod#13978") line 34
"add_hit_point" in "obj/player.c" ("obj/player#13513") line 2277
"report_damage" in "players/maledicta/closed/w/OBJ/player_mod.c" ("players/maledicta/closed/w/OBJ/player_mod#13978") line 34
"add_hit_point" in "obj/player.c" ("obj/player#13513") line 2277
"report_damage" in "players/maledicta/closed/w/OBJ/player_mod.c" ("players/maledicta/closed/w/OBJ/player_mod#13978") line 34
"add_hit_point" in "obj/player.c" ("obj/player#13513") line 2277
"report_damage" in "players/maledicta/closed/w/OBJ/player_mod.c" ("players/maledicta/closed/w/OBJ/player_mod#13978") line 34
"add_hit_point" in "obj/player.c" ("obj/player#13513") line 2277
"report_damage" in "players/maledicta/closed/w/OBJ/player_mod.c" ("players/maledicta/closed/w/OBJ/player_mod#13978") line 34
"add_hit_point" in "obj/player.c" ("obj/player#13513") line 2236
Heart beat in obj/player#13549 turned off.
Too deep recursion.
Current object was players/maledicta/closed/w/OBJ/player_mod#13978, line 43
"elements" in "players/snow/closed/test/amulet.c" ("players/snow/closed/test/amulet#13830") line 37
"combat_effects" in "players/snow/closed/test/amulet.c" ("players/snow/closed/test/amulet#13830") line 67
"heal_self" in "obj/living.c" ("obj/player#13513") line 1618
"report_damage" in "players/maledicta/closed/w/OBJ/player_mod.c" ("players/maledicta/closed/w/OBJ/player_mod#13978") line 34
"add_hit_point" in "obj/player.c" ("obj/player#13513") line 2277
"report_damage" in "players/maledicta/closed/w/OBJ/player_mod.c" ("players/maledicta/closed/w/OBJ/player_mod#13978") line 34
"add_hit_point" in "obj/player.c" ("obj/player#13513") line 2277
"report_damage" in "players/maledicta/closed/w/OBJ/player_mod.c" ("players/maledicta/closed/w/OBJ/player_mod#13978") line 34
"add_hit_point" in "obj/player.c" ("obj/player#13513") line 2277
"report_damage" in "players/maledicta/closed/w/OBJ/player_mod.c" ("players/maledicta/closed/w/OBJ/player_mod#13978") line 34
"add_hit_point" in "obj/player.c" ("obj/player#13513") line 2277
"report_damage" in "players/maledicta/closed/w/OBJ/player_mod.c" ("players/maledicta/closed/w/OBJ/player_mod#13978") line 34
"add_hit_point" in "obj/player.c" ("obj/player#13513") line 2277
"report_damage" in "players/maledicta/closed/w/OBJ/player_mod.c" ("players/maledicta/closed/w/OBJ/player_mod#13978") line 34
"add_hit_point" in "obj/player.c" ("obj/player#13513") line 2277
"report_damage" in "players/maledicta/closed/w/OBJ/player_mod.c" ("players/maledicta/closed/w/OBJ/player_mod#13978") line 34
"add_hit_point" in "obj/player.c" ("obj/player#13513") line 2277
"report_damage" in "players/maledicta/closed/w/OBJ/player_mod.c" ("players/maledicta/closed/w/OBJ/player_mod#13978") line 34
"add_hit_point" in "obj/player.c" ("obj/player#13513") line 2277
"report_damage" in "players/maledicta/closed/w/OBJ/player_mod.c" ("players/maledicta/closed/w/OBJ/player_mod#13978") line 34
"add_hit_point" in "obj/player.c" ("obj/player#13513") line 2277
"report_damage" in "players/maledicta/closed/w/OBJ/player_mod.c" ("players/maledicta/closed/w/OBJ/player_mod#13978") line 34
"add_hit_point" in "obj/player.c" ("obj/player#13513") line 2277
"report_damage" in "players/maledicta/closed/w/OBJ/player_mod.c" ("players/maledicta/closed/w/OBJ/player_mod#13978") line 34
"add_hit_point" in "obj/player.c" ("obj/player#13513") line 2277
"report_damage" in "players/maledicta/closed/w/OBJ/player_mod.c" ("players/maledicta/closed/w/OBJ/player_mod#13978") line 34
"add_hit_point" in "obj/player.c" ("obj/player#13513") line 2277
"report_damage" in "players/maledicta/closed/w/OBJ/player_mod.c" ("players/maledicta/closed/w/OBJ/player_mod#13978") line 34
"add_hit_point" in "obj/player.c" ("obj/player#13513") line 2277
"report_damage" in "players/maledicta/closed/w/OBJ/player_mod.c" ("players/maledicta/closed/w/OBJ/player_mod#13978") line 33
Error in call out.
Too deep recursion.
Current object was obj/player#13513, line 43
"cmd_enter" in "players/feldegast/obj/azure_portal.c" ("players/feldegast/obj/azure_portal#13680") line 41
"exit" in "players/vertebraker/closed/shardak/obj/exShadow.c" ("players/vertebraker/closed/shardak/obj/exShadow#13977") line 80
"hit_player" in "obj/living.c" ("obj/player#13513") line 235
"do_damage" in "obj/living.c" ("obj/player#13513") line 441
"report_damage" in "players/maledicta/closed/w/OBJ/player_mod.c" ("players/maledicta/closed/w/OBJ/player_mod#13978") line 34
"add_hit_point" in "obj/player.c" ("obj/player#13513") line 2277
"report_damage" in "players/maledicta/closed/w/OBJ/player_mod.c" ("players/maledicta/closed/w/OBJ/player_mod#13978") line 34
"add_hit_point" in "obj/player.c" ("obj/player#13513") line 2277
"report_damage" in "players/maledicta/closed/w/OBJ/player_mod.c" ("players/maledicta/closed/w/OBJ/player_mod#13978") line 34
"add_hit_point" in "obj/player.c" ("obj/player#13513") line 2277
"report_damage" in "players/maledicta/closed/w/OBJ/player_mod.c" ("players/maledicta/closed/w/OBJ/player_mod#13978") line 34
"add_hit_point" in "obj/player.c" ("obj/player#13513") line 2277
"report_damage" in "players/maledicta/closed/w/OBJ/player_mod.c" ("players/maledicta/closed/w/OBJ/player_mod#13978") line 34
"add_hit_point" in "obj/player.c" ("obj/player#13513") line 2277
"report_damage" in "players/maledicta/closed/w/OBJ/player_mod.c" ("players/maledicta/closed/w/OBJ/player_mod#13978") line 34
"add_hit_point" in "obj/player.c" ("obj/player#13513") line 2277
"report_damage" in "players/maledicta/closed/w/OBJ/player_mod.c" ("players/maledicta/closed/w/OBJ/player_mod#13978") line 34
"add_hit_point" in "obj/player.c" ("obj/player#13513") line 2277
"report_damage" in "players/maledicta/closed/w/OBJ/player_mod.c" ("players/maledicta/closed/w/OBJ/player_mod#13978") line 34
"add_hit_point" in "obj/player.c" ("obj/player#13513") line 2277
"report_damage" in "players/maledicta/closed/w/OBJ/player_mod.c" ("players/maledicta/closed/w/OBJ/player_mod#13978") line 34
"add_hit_point" in "obj/player.c" ("obj/player#13513") line 2277
"report_damage" in "players/maledicta/closed/w/OBJ/player_mod.c" ("players/maledicta/closed/w/OBJ/player_mod#13978") line 34
"add_hit_point" in "obj/player.c" ("obj/player#13513") line 2277
"report_damage" in "players/maledicta/closed/w/OBJ/player_mod.c" ("players/maledicta/closed/w/OBJ/player_mod#13978") line 34
"add_hit_point" in "obj/player.c" ("obj/player#13513") line 2277
"report_damage" in "players/maledicta/closed/w/OBJ/player_mod.c" ("players/maledicta/closed/w/OBJ/player_mod#13978") line 34
"add_hit_point" in "obj/player.c" ("obj/player#13513") line 2277
"report_damage" in "players/maledicta/closed/w/OBJ/player_mod.c" ("players/maledicta/closed/w/OBJ/player_mod#13978") line 34
"add_hit_point" in "obj/player.c" ("obj/player#13513") line 2236
Too deep recursion.
Current object was obj/player#13513, line 43
"cmd_enter" in "players/feldegast/obj/azure_portal.c" ("players/feldegast/obj/azure_portal#13680") line 41
"exit" in "players/vertebraker/closed/shardak/obj/exShadow.c" ("players/vertebraker/closed/shardak/obj/exShadow#13977") line 80
"hit_player" in "obj/living.c" ("obj/player#13513") line 235
"do_damage" in "obj/living.c" ("obj/player#13513") line 441
"report_damage" in "players/maledicta/closed/w/OBJ/player_mod.c" ("players/maledicta/closed/w/OBJ/player_mod#13978") line 34
"add_hit_point" in "obj/player.c" ("obj/player#13513") line 2277
"report_damage" in "players/maledicta/closed/w/OBJ/player_mod.c" ("players/maledicta/closed/w/OBJ/player_mod#13978") line 34
"add_hit_point" in "obj/player.c" ("obj/player#13513") line 2277
"report_damage" in "players/maledicta/closed/w/OBJ/player_mod.c" ("players/maledicta/closed/w/OBJ/player_mod#13978") line 34
"add_hit_point" in "obj/player.c" ("obj/player#13513") line 2277
"report_damage" in "players/maledicta/closed/w/OBJ/player_mod.c" ("players/maledicta/closed/w/OBJ/player_mod#13978") line 34
"add_hit_point" in "obj/player.c" ("obj/player#13513") line 2277
"report_damage" in "players/maledicta/closed/w/OBJ/player_mod.c" ("players/maledicta/closed/w/OBJ/player_mod#13978") line 34
"add_hit_point" in "obj/player.c" ("obj/player#13513") line 2277
"report_damage" in "players/maledicta/closed/w/OBJ/player_mod.c" ("players/maledicta/closed/w/OBJ/player_mod#13978") line 34
"add_hit_point" in "obj/player.c" ("obj/player#13513") line 2277
"report_damage" in "players/maledicta/closed/w/OBJ/player_mod.c" ("players/maledicta/closed/w/OBJ/player_mod#13978") line 34
"add_hit_point" in "obj/player.c" ("obj/player#13513") line 2277
"report_damage" in "players/maledicta/closed/w/OBJ/player_mod.c" ("players/maledicta/closed/w/OBJ/player_mod#13978") line 34
"add_hit_point" in "obj/player.c" ("obj/player#13513") line 2277
"report_damage" in "players/maledicta/closed/w/OBJ/player_mod.c" ("players/maledicta/closed/w/OBJ/player_mod#13978") line 34
"add_hit_point" in "obj/player.c" ("obj/player#13513") line 2277
"report_damage" in "players/maledicta/closed/w/OBJ/player_mod.c" ("players/maledicta/closed/w/OBJ/player_mod#13978") line 34
"add_hit_point" in "obj/player.c" ("obj/player#13513") line 2277
"report_damage" in "players/maledicta/closed/w/OBJ/player_mod.c" ("players/maledicta/closed/w/OBJ/player_mod#13978") line 34
"add_hit_point" in "obj/player.c" ("obj/player#13513") line 2277
"report_damage" in "players/maledicta/closed/w/OBJ/player_mod.c" ("players/maledicta/closed/w/OBJ/player_mod#13978") line 34
"add_hit_point" in "obj/player.c" ("obj/player#13513") line 2277
"report_damage" in "players/maledicta/closed/w/OBJ/player_mod.c" ("players/maledicta/closed/w/OBJ/player_mod#13978") line 34
"add_hit_point" in "obj/player.c" ("obj/player#13513") line 2236
Error in loading object
Current object was players/wocket/closed/wockettell#9392, line 5
"patch" in "players/wocket/closed/wockettell.c" ("players/wocket/closed/wockettell#9392") line 153
Too deep recursion.
Current object was obj/player#13513, line 40
"heart_beat" in "obj/player.c" ("obj/player#14222") line 1275
"attack" in "obj/living.c" ("obj/player#14222") line 1357
"hit_player" in "obj/living.c" ("obj/player#13513") line 235
"do_damage" in "obj/living.c" ("obj/player#13513") line 441
"report_damage" in "players/maledicta/closed/w/OBJ/player_mod.c" ("players/maledicta/closed/w/OBJ/player_mod#14392") line 34
"add_hit_point" in "obj/player.c" ("obj/player#13513") line 2277
"report_damage" in "players/maledicta/closed/w/OBJ/player_mod.c" ("players/maledicta/closed/w/OBJ/player_mod#14392") line 34
"add_hit_point" in "obj/player.c" ("obj/player#13513") line 2277
"report_damage" in "players/maledicta/closed/w/OBJ/player_mod.c" ("players/maledicta/closed/w/OBJ/player_mod#14392") line 34
"add_hit_point" in "obj/player.c" ("obj/player#13513") line 2277
"report_damage" in "players/maledicta/closed/w/OBJ/player_mod.c" ("players/maledicta/closed/w/OBJ/player_mod#14392") line 34
"add_hit_point" in "obj/player.c" ("obj/player#13513") line 2277
"report_damage" in "players/maledicta/closed/w/OBJ/player_mod.c" ("players/maledicta/closed/w/OBJ/player_mod#14392") line 34
"add_hit_point" in "obj/player.c" ("obj/player#13513") line 2277
"report_damage" in "players/maledicta/closed/w/OBJ/player_mod.c" ("players/maledicta/closed/w/OBJ/player_mod#14392") line 34
"add_hit_point" in "obj/player.c" ("obj/player#13513") line 2277
"report_damage" in "players/maledicta/closed/w/OBJ/player_mod.c" ("players/maledicta/closed/w/OBJ/player_mod#14392") line 34
"add_hit_point" in "obj/player.c" ("obj/player#13513") line 2277
"report_damage" in "players/maledicta/closed/w/OBJ/player_mod.c" ("players/maledicta/closed/w/OBJ/player_mod#14392") line 34
"add_hit_point" in "obj/player.c" ("obj/player#13513") line 2277
"report_damage" in "players/maledicta/closed/w/OBJ/player_mod.c" ("players/maledicta/closed/w/OBJ/player_mod#14392") line 34
"add_hit_point" in "obj/player.c" ("obj/player#13513") line 2277
"report_damage" in "players/maledicta/closed/w/OBJ/player_mod.c" ("players/maledicta/closed/w/OBJ/player_mod#14392") line 34
"add_hit_point" in "obj/player.c" ("obj/player#13513") line 2277
"report_damage" in "players/maledicta/closed/w/OBJ/player_mod.c" ("players/maledicta/closed/w/OBJ/player_mod#14392") line 34
"add_hit_point" in "obj/player.c" ("obj/player#13513") line 2277
"report_damage" in "players/maledicta/closed/w/OBJ/player_mod.c" ("players/maledicta/closed/w/OBJ/player_mod#14392") line 34
"add_hit_point" in "obj/player.c" ("obj/player#13513") line 2277
"report_damage" in "players/maledicta/closed/w/OBJ/player_mod.c" ("players/maledicta/closed/w/OBJ/player_mod#14392") line 34
"add_hit_point" in "obj/player.c" ("obj/player#13513") line 2236
Heart beat in obj/player#14222 turned off.
Too deep recursion.
Current object was obj/player#13513, line 51
"cmd_enter" in "players/feldegast/obj/azure_portal.c" ("players/feldegast/obj/azure_portal#13680") line 41
"exit" in "players/vertebraker/closed/shardak/obj/exShadow.c" ("players/vertebraker/closed/shardak/obj/exShadow#14380") line 80
"hit_player" in "obj/living.c" ("obj/player#13513") line 235
"do_damage" in "obj/living.c" ("obj/player#13513") line 441
"report_damage" in "players/maledicta/closed/w/OBJ/player_mod.c" ("players/maledicta/closed/w/OBJ/player_mod#14392") line 34
"add_hit_point" in "obj/player.c" ("obj/player#13513") line 2277
"report_damage" in "players/maledicta/closed/w/OBJ/player_mod.c" ("players/maledicta/closed/w/OBJ/player_mod#14392") line 34
"add_hit_point" in "obj/player.c" ("obj/player#13513") line 2277
"report_damage" in "players/maledicta/closed/w/OBJ/player_mod.c" ("players/maledicta/closed/w/OBJ/player_mod#14392") line 34
"add_hit_point" in "obj/player.c" ("obj/player#13513") line 2277
"report_damage" in "players/maledicta/closed/w/OBJ/player_mod.c" ("players/maledicta/closed/w/OBJ/player_mod#14392") line 34
"add_hit_point" in "obj/player.c" ("obj/player#13513") line 2277
"report_damage" in "players/maledicta/closed/w/OBJ/player_mod.c" ("players/maledicta/closed/w/OBJ/player_mod#14392") line 34
"add_hit_point" in "obj/player.c" ("obj/player#13513") line 2277
"report_damage" in "players/maledicta/closed/w/OBJ/player_mod.c" ("players/maledicta/closed/w/OBJ/player_mod#14392") line 34
"add_hit_point" in "obj/player.c" ("obj/player#13513") line 2277
"report_damage" in "players/maledicta/closed/w/OBJ/player_mod.c" ("players/maledicta/closed/w/OBJ/player_mod#14392") line 34
"add_hit_point" in "obj/player.c" ("obj/player#13513") line 2277
"report_damage" in "players/maledicta/closed/w/OBJ/player_mod.c" ("players/maledicta/closed/w/OBJ/player_mod#14392") line 34
"add_hit_point" in "obj/player.c" ("obj/player#13513") line 2277
"report_damage" in "players/maledicta/closed/w/OBJ/player_mod.c" ("players/maledicta/closed/w/OBJ/player_mod#14392") line 34
"add_hit_point" in "obj/player.c" ("obj/player#13513") line 2277
"report_damage" in "players/maledicta/closed/w/OBJ/player_mod.c" ("players/maledicta/closed/w/OBJ/player_mod#14392") line 34
"add_hit_point" in "obj/player.c" ("obj/player#13513") line 2277
"report_damage" in "players/maledicta/closed/w/OBJ/player_mod.c" ("players/maledicta/closed/w/OBJ/player_mod#14392") line 34
"add_hit_point" in "obj/player.c" ("obj/player#13513") line 2277
"report_damage" in "players/maledicta/closed/w/OBJ/player_mod.c" ("players/maledicta/closed/w/OBJ/player_mod#14392") line 34
"add_hit_point" in "obj/player.c" ("obj/player#13513") line 2277
"report_damage" in "players/maledicta/closed/w/OBJ/player_mod.c" ("players/maledicta/closed/w/OBJ/player_mod#14392") line 34
"add_hit_point" in "obj/player.c" ("obj/player#13513") line 2236
Connection timed out detected.
