2000.04.27 23:32 A C:\My Documents\nirvana\storage\ceremony.old <-- nirvana /players/daranath/guild/storage ceremony.old
2000.04.27 23:32 A C:\My Documents\nirvana\storage\com_pouch.old <-- nirvana /players/daranath/guild/storage com_pouch.old
2000.04.27 23:32 A C:\My Documents\nirvana\storage\daemon_old.c <-- nirvana /players/daranath/guild/storage daemon_old.c
2000.04.27 23:32 A C:\My Documents\nirvana\storage\defs_old.h <-- nirvana /players/daranath/guild/storage defs_old.h
2000.04.27 23:32 A C:\My Documents\nirvana\storage\drain_energy.h <-- nirvana /players/daranath/guild/storage drain_energy.h
2000.04.27 23:32 A C:\My Documents\nirvana\storage\ghast_stench.old <-- nirvana /players/daranath/guild/storage ghast_stench.old
2000.04.27 23:33 A C:\My Documents\nirvana\storage\gravepact.h <-- nirvana /players/daranath/guild/storage gravepact.h
2000.04.27 23:33 A C:\My Documents\nirvana\storage\guildob_old.c <-- nirvana /players/daranath/guild/storage guildob_old.c
2000.04.27 23:33 A C:\My Documents\nirvana\storage\guildob_old2.c <-- nirvana /players/daranath/guild/storage guildob_old2.c
2000.04.27 23:33 A C:\My Documents\nirvana\storage\haunt_wind.h <-- nirvana /players/daranath/guild/storage haunt_wind.h
2000.04.27 23:33 A C:\My Documents\nirvana\storage\necro_gwho.old <-- nirvana /players/daranath/guild/storage necro_gwho.old
2000.04.27 23:33 A C:\My Documents\nirvana\storage\NOTICE <-- nirvana /players/daranath/guild/storage NOTICE
2000.04.27 23:33 A C:\My Documents\nirvana\storage\old_harvester.c <-- nirvana /players/daranath/guild/storage old_harvester.c
2000.04.27 23:33 A C:\My Documents\nirvana\storage\old_who.h <-- nirvana /players/daranath/guild/storage old_who.h
2000.04.27 23:33 A C:\My Documents\nirvana\storage\pet_skel.c <-- nirvana /players/daranath/guild/storage pet_skel.c
2000.04.27 23:33 A C:\My Documents\nirvana\storage\rest_peace.h <-- nirvana /players/daranath/guild/storage rest_peace.h
2000.04.27 23:33 A C:\My Documents\nirvana\storage\study_room.c <-- nirvana /players/daranath/guild/storage study_room.c
2000.04.27 23:33 A C:\My Documents\nirvana\storage\test.c <-- nirvana /players/daranath/guild/storage test.c
2000.04.27 23:33 A C:\My Documents\nirvana\storage\touch_chill.old <-- nirvana /players/daranath/guild/storage touch_chill.old
2000.04.27 23:33 A C:\My Documents\nirvana\storage\windhaunt.c <-- nirvana /players/daranath/guild/storage windhaunt.c
2000.04.27 23:40 A C:\My Documents\nirvana\storage\ceremony.old --> nirvana.mudservices.com /players/wocket/necro/storage ceremony.old
2000.04.27 23:40 A C:\My Documents\nirvana\storage\com_pouch.old --> nirvana.mudservices.com /players/wocket/necro/storage com_pouch.old
2000.04.27 23:40 A C:\My Documents\nirvana\storage\daemon_old.c --> nirvana.mudservices.com /players/wocket/necro/storage daemon_old.c
2000.04.27 23:40 A C:\My Documents\nirvana\storage\defs_old.h --> nirvana.mudservices.com /players/wocket/necro/storage defs_old.h
2000.04.27 23:40 A C:\My Documents\nirvana\storage\drain_energy.h --> nirvana.mudservices.com /players/wocket/necro/storage drain_energy.h
2000.04.27 23:40 A C:\My Documents\nirvana\storage\ghast_stench.old --> nirvana.mudservices.com /players/wocket/necro/storage ghast_stench.old
2000.04.27 23:40 A C:\My Documents\nirvana\storage\gravepact.h --> nirvana.mudservices.com /players/wocket/necro/storage gravepact.h
2000.04.27 23:40 A C:\My Documents\nirvana\storage\guildob_old.c --> nirvana.mudservices.com /players/wocket/necro/storage guildob_old.c
2000.04.27 23:40 A C:\My Documents\nirvana\storage\guildob_old2.c --> nirvana.mudservices.com /players/wocket/necro/storage guildob_old2.c
2000.04.27 23:40 A C:\My Documents\nirvana\storage\haunt_wind.h --> nirvana.mudservices.com /players/wocket/necro/storage haunt_wind.h
2000.04.27 23:40 A C:\My Documents\nirvana\storage\necro_gwho.old --> nirvana.mudservices.com /players/wocket/necro/storage necro_gwho.old
2000.04.27 23:40 A C:\My Documents\nirvana\storage\NOTICE --> nirvana.mudservices.com /players/wocket/necro/storage NOTICE
2000.04.27 23:40 A C:\My Documents\nirvana\storage\old_harvester.c --> nirvana.mudservices.com /players/wocket/necro/storage old_harvester.c
2000.04.27 23:40 A C:\My Documents\nirvana\storage\old_who.h --> nirvana.mudservices.com /players/wocket/necro/storage old_who.h
2000.04.27 23:40 A C:\My Documents\nirvana\storage\pet_skel.c --> nirvana.mudservices.com /players/wocket/necro/storage pet_skel.c
2000.04.27 23:40 A C:\My Documents\nirvana\storage\rest_peace.h --> nirvana.mudservices.com /players/wocket/necro/storage rest_peace.h
2000.04.27 23:40 A C:\My Documents\nirvana\storage\study_room.c --> nirvana.mudservices.com /players/wocket/necro/storage study_room.c
2000.04.27 23:40 A C:\My Documents\nirvana\storage\test.c --> nirvana.mudservices.com /players/wocket/necro/storage test.c
2000.04.27 23:40 A C:\My Documents\nirvana\storage\touch_chill.old --> nirvana.mudservices.com /players/wocket/necro/storage touch_chill.old
2000.04.27 23:40 A C:\My Documents\nirvana\storage\windhaunt.c --> nirvana.mudservices.com /players/wocket/necro/storage windhaunt.c
