2001.07.19 21:45 A c:\mud\rowan\mtn\alcove.c <-- Nirvana /players/molasar/rowan/mtn alcove.c
2001.07.19 21:45 A c:\mud\rowan\mtn\bar_1.c <-- Nirvana /players/molasar/rowan/mtn bar_1.c
2001.07.19 21:45 A c:\mud\rowan\mtn\bar_2.c <-- Nirvana /players/molasar/rowan/mtn bar_2.c
2001.07.19 21:45 A c:\mud\rowan\mtn\cell.c <-- Nirvana /players/molasar/rowan/mtn cell.c
2001.07.19 21:45 A c:\mud\rowan\mtn\eroom1.c <-- Nirvana /players/molasar/rowan/mtn eroom1.c
2001.07.19 21:45 A c:\mud\rowan\mtn\eunder1.c <-- Nirvana /players/molasar/rowan/mtn eunder1.c
2001.07.19 21:45 A c:\mud\rowan\mtn\eunder2.c <-- Nirvana /players/molasar/rowan/mtn eunder2.c
2001.07.19 21:45 A c:\mud\rowan\mtn\lair.c <-- Nirvana /players/molasar/rowan/mtn lair.c
2001.07.19 21:45 A c:\mud\rowan\mtn\path1.c <-- Nirvana /players/molasar/rowan/mtn path1.c
2001.07.19 21:45 A c:\mud\rowan\mtn\path2.c <-- Nirvana /players/molasar/rowan/mtn path2.c
2001.07.19 21:45 A c:\mud\rowan\mtn\phall.c <-- Nirvana /players/molasar/rowan/mtn phall.c
2001.07.19 21:45 A c:\mud\rowan\mtn\prison.c <-- Nirvana /players/molasar/rowan/mtn prison.c
2001.07.19 21:45 A c:\mud\rowan\mtn\temple.c <-- Nirvana /players/molasar/rowan/mtn temple.c
2001.07.19 21:45 A c:\mud\rowan\mtn\under1.c <-- Nirvana /players/molasar/rowan/mtn under1.c
2001.07.19 21:45 A c:\mud\rowan\mtn\under2.c <-- Nirvana /players/molasar/rowan/mtn under2.c
2001.07.19 21:45 A c:\mud\rowan\mtn\under3.c <-- Nirvana /players/molasar/rowan/mtn under3.c
2001.07.19 21:45 A c:\mud\rowan\mtn\under4.c <-- Nirvana /players/molasar/rowan/mtn under4.c
2001.07.19 21:45 A c:\mud\rowan\mtn\under5.c <-- Nirvana /players/molasar/rowan/mtn under5.c
2001.07.19 21:45 A c:\mud\rowan\mtn\wroom1.c <-- Nirvana /players/molasar/rowan/mtn wroom1.c
2001.07.19 21:45 A c:\mud\rowan\mtn\wroom2.c <-- Nirvana /players/molasar/rowan/mtn wroom2.c
2001.07.19 21:45 A c:\mud\rowan\mtn\wunder1.c <-- Nirvana /players/molasar/rowan/mtn wunder1.c
2001.07.19 21:45 A c:\mud\rowan\mtn\wunder2.c <-- Nirvana /players/molasar/rowan/mtn wunder2.c
2001.07.19 21:45 A c:\mud\rowan\mtn\wunder3.c <-- Nirvana /players/molasar/rowan/mtn wunder3.c
2001.07.19 21:45 A c:\mud\rowan\mtn\wunder4.c <-- Nirvana /players/molasar/rowan/mtn wunder4.c
2001.07.19 21:45 A c:\mud\rowan\mtn\wunder5.c <-- Nirvana /players/molasar/rowan/mtn wunder5.c
2001.07.19 21:48 A c:\mud\rowan\mtn\alcove.c --> nirvana.mudservices.com /players/fakir/rowan/mtn alcove.c
2001.07.19 21:48 A c:\mud\rowan\mtn\bar_1.c --> nirvana.mudservices.com /players/fakir/rowan/mtn bar_1.c
2001.07.19 21:48 A c:\mud\rowan\mtn\bar_2.c --> nirvana.mudservices.com /players/fakir/rowan/mtn bar_2.c
2001.07.19 21:48 A c:\mud\rowan\mtn\cell.c --> nirvana.mudservices.com /players/fakir/rowan/mtn cell.c
2001.07.19 21:48 A c:\mud\rowan\mtn\eroom1.c --> nirvana.mudservices.com /players/fakir/rowan/mtn eroom1.c
2001.07.19 21:48 A c:\mud\rowan\mtn\eunder1.c --> nirvana.mudservices.com /players/fakir/rowan/mtn eunder1.c
2001.07.19 21:48 A c:\mud\rowan\mtn\eunder2.c --> nirvana.mudservices.com /players/fakir/rowan/mtn eunder2.c
2001.07.19 21:48 A c:\mud\rowan\mtn\lair.c --> nirvana.mudservices.com /players/fakir/rowan/mtn lair.c
2001.07.19 21:48 A c:\mud\rowan\mtn\path1.c --> nirvana.mudservices.com /players/fakir/rowan/mtn path1.c
2001.07.19 21:48 A c:\mud\rowan\mtn\path2.c --> nirvana.mudservices.com /players/fakir/rowan/mtn path2.c
2001.07.19 21:48 A c:\mud\rowan\mtn\phall.c --> nirvana.mudservices.com /players/fakir/rowan/mtn phall.c
2001.07.19 21:48 A c:\mud\rowan\mtn\prison.c --> nirvana.mudservices.com /players/fakir/rowan/mtn prison.c
2001.07.19 21:48 A c:\mud\rowan\mtn\temple.c --> nirvana.mudservices.com /players/fakir/rowan/mtn temple.c
2001.07.19 21:48 A c:\mud\rowan\mtn\under1.c --> nirvana.mudservices.com /players/fakir/rowan/mtn under1.c
2001.07.19 21:48 A c:\mud\rowan\mtn\under2.c --> nirvana.mudservices.com /players/fakir/rowan/mtn under2.c
2001.07.19 21:48 A c:\mud\rowan\mtn\under3.c --> nirvana.mudservices.com /players/fakir/rowan/mtn under3.c
2001.07.19 21:48 A c:\mud\rowan\mtn\under4.c --> nirvana.mudservices.com /players/fakir/rowan/mtn under4.c
2001.07.19 21:48 A c:\mud\rowan\mtn\under5.c --> nirvana.mudservices.com /players/fakir/rowan/mtn under5.c
2001.07.19 21:48 A c:\mud\rowan\mtn\wroom1.c --> nirvana.mudservices.com /players/fakir/rowan/mtn wroom1.c
2001.07.19 21:48 A c:\mud\rowan\mtn\wroom2.c --> nirvana.mudservices.com /players/fakir/rowan/mtn wroom2.c
