2000.04.22 11:38 A c:\my documents\nirvana\Rangers\Npc\Billy.c <-- nirvana /players/beck/Rangers/Npc Billy.c
2000.04.22 11:38 A c:\my documents\nirvana\Rangers\Npc\Jason.c <-- nirvana /players/beck/Rangers/Npc Jason.c
2000.04.22 11:38 A c:\my documents\nirvana\Rangers\Npc\Kimberly.c <-- nirvana /players/beck/Rangers/Npc Kimberly.c
2000.04.22 11:38 A c:\my documents\nirvana\Rangers\Npc\Tommy.c <-- nirvana /players/beck/Rangers/Npc Tommy.c
2000.04.22 11:38 A c:\my documents\nirvana\Rangers\Npc\Trini.c <-- nirvana /players/beck/Rangers/Npc Trini.c
2000.04.22 11:38 A c:\my documents\nirvana\Rangers\Npc\Zack.c <-- nirvana /players/beck/Rangers/Npc Zack.c
2000.04.22 19:00 A c:\my documents\nirvana\Rangers\Npc\RangerNpc.h --> nirvana.mudservices.com /players/beck/Rangers/Npc RangerNpc.h
2000.04.22 19:00 A c:\my documents\nirvana\Rangers\Npc\Tommy.c --> nirvana.mudservices.com /players/beck/Rangers/Npc Tommy.c
2000.04.22 19:01 A c:\my documents\nirvana\Rangers\Npc\RangerNpc.h --> nirvana.mudservices.com /players/beck/Rangers/Npc RangerNpc.h
2000.04.22 19:01 A c:\my documents\nirvana\Rangers\Npc\Tommy.c --> nirvana.mudservices.com /players/beck/Rangers/Npc Tommy.c
2000.04.22 19:01 A c:\my documents\nirvana\Rangers\Npc\RangerNpc.h --> nirvana.mudservices.com /players/beck/Rangers/Npc RangerNpc.h
2000.04.22 19:15 A c:\my documents\nirvana\Rangers\Npc\RangerNpc.h --> nirvana.mudservices.com /players/beck/Rangers/Npc RangerNpc.h
2000.04.22 19:16 A c:\my documents\nirvana\Rangers\Npc\RangerNpc.h --> nirvana.mudservices.com /players/beck/Rangers/Npc RangerNpc.h
2000.04.22 19:19 A c:\my documents\nirvana\Rangers\Npc\RangerNpc.h --> nirvana.mudservices.com /players/beck/Rangers/Npc RangerNpc.h
2000.04.22 19:21 A c:\my documents\nirvana\Rangers\Npc\RangerNpc.h --> nirvana.mudservices.com /players/beck/Rangers/Npc RangerNpc.h
2000.04.22 19:26 A c:\my documents\nirvana\Rangers\Npc\RangerNpc.h --> nirvana.mudservices.com /players/beck/Rangers/Npc RangerNpc.h
2000.04.22 19:27 A c:\my documents\nirvana\Rangers\Npc\RangerNpc.h --> nirvana.mudservices.com /players/beck/Rangers/Npc RangerNpc.h
2000.04.22 19:28 A c:\my documents\nirvana\Rangers\Npc\RangerNpc.h --> nirvana.mudservices.com /players/beck/Rangers/Npc RangerNpc.h
2000.04.22 19:29 A c:\my documents\nirvana\Rangers\Npc\RangerNpc.h --> nirvana.mudservices.com /players/beck/Rangers/Npc RangerNpc.h
2000.04.22 19:34 A c:\my documents\nirvana\Rangers\Npc\RangerNpc.h --> nirvana.mudservices.com /players/beck/Rangers/Npc RangerNpc.h
2000.04.23 00:14 A c:\my documents\nirvana\Rangers\Npc\RangerNpc.h --> nirvana.mudservices.com /players/beck/Rangers/Npc RangerNpc.h
2000.04.23 08:31 A c:\my documents\nirvana\Rangers\Npc\Billy.c --> nirvana.mudservices.com /players/beck/Rangers/Npc Billy.c
2000.04.23 08:31 A c:\my documents\nirvana\Rangers\Npc\Jason.c --> nirvana.mudservices.com /players/beck/Rangers/Npc Jason.c
2000.04.23 08:31 A c:\my documents\nirvana\Rangers\Npc\RangerNpc.h --> nirvana.mudservices.com /players/beck/Rangers/Npc RangerNpc.h
2000.04.23 08:32 A c:\my documents\nirvana\Rangers\Npc\RangerNpc.h --> nirvana.mudservices.com /players/beck/Rangers/Npc RangerNpc.h
