2002.09.25 13:11 A C:\Program Files\WS_FTP\areas\chaos\cave\grid7\hall5.c --> nirvana.mudservices.com /players/cronos/areas/chaos/cave/grid7 hall5.c
2002.09.25 13:41 A C:\Program Files\WS_FTP\areas\chaos\cave\grid7\hall2.c --> nirvana.mudservices.com /players/cronos/areas/chaos/cave/grid7 hall2.c
2002.09.25 13:41 A C:\Program Files\WS_FTP\areas\chaos\cave\grid7\hall4.c --> nirvana.mudservices.com /players/cronos/areas/chaos/cave/grid7 hall4.c
2002.09.25 13:41 A C:\Program Files\WS_FTP\areas\chaos\cave\grid7\hall7.c --> nirvana.mudservices.com /players/cronos/areas/chaos/cave/grid7 hall7.c
2002.09.25 15:28 A C:\Program Files\WS_FTP\areas\chaos\cave\grid7\hall1.c --> nirvana.mudservices.com /players/cronos/areas/chaos/cave/grid7 hall1.c
2002.09.25 15:28 A C:\Program Files\WS_FTP\areas\chaos\cave\grid7\hall6.c --> nirvana.mudservices.com /players/cronos/areas/chaos/cave/grid7 hall6.c
2002.09.25 15:29 A C:\Program Files\WS_FTP\areas\chaos\cave\grid7\hall1.c --> nirvana.mudservices.com /players/cronos/areas/chaos/cave/grid7 hall1.c
2002.09.25 16:08 A C:\Program Files\WS_FTP\areas\chaos\cave\grid7\hall3.c --> nirvana.mudservices.com /players/cronos/areas/chaos/cave/grid7 hall3.c
2002.09.25 17:05 A C:\Program Files\WS_FTP\areas\chaos\cave\grid7\hall3.c --> nirvana.mudservices.com /players/cronos/areas/chaos/cave/grid7 hall3.c
2002.09.25 17:05 A C:\Program Files\WS_FTP\areas\chaos\cave\grid7\hall2.c --> nirvana.mudservices.com /players/cronos/areas/chaos/cave/grid7 hall2.c
2002.09.25 17:07 A C:\Program Files\WS_FTP\areas\chaos\cave\grid7\hall6.c --> nirvana.mudservices.com /players/cronos/areas/chaos/cave/grid7 hall6.c
2002.09.25 17:08 A C:\Program Files\WS_FTP\areas\chaos\cave\grid7\hall6.c --> nirvana.mudservices.com /players/cronos/areas/chaos/cave/grid7 hall6.c
2002.09.25 17:14 A C:\Program Files\WS_FTP\areas\chaos\cave\grid7\hall5.c --> nirvana.mudservices.com /players/cronos/areas/chaos/cave/grid7 hall5.c
2002.09.25 17:16 A C:\Program Files\WS_FTP\areas\chaos\cave\grid7\hall5.c --> nirvana.mudservices.com /players/cronos/areas/chaos/cave/grid7 hall5.c
2002.09.25 17:17 A C:\Program Files\WS_FTP\areas\chaos\cave\grid7\hall4.c --> nirvana.mudservices.com /players/cronos/areas/chaos/cave/grid7 hall4.c
2002.09.25 17:17 A C:\Program Files\WS_FTP\areas\chaos\cave\grid7\hall4.c --> nirvana.mudservices.com /players/cronos/areas/chaos/cave/grid7 hall4.c
2002.09.25 17:19 A C:\Program Files\WS_FTP\areas\chaos\cave\grid7\hall4.c --> nirvana.mudservices.com /players/cronos/areas/chaos/cave/grid7 hall4.c
2002.09.25 17:20 A C:\Program Files\WS_FTP\areas\chaos\cave\grid7\hall7.c --> nirvana.mudservices.com /players/cronos/areas/chaos/cave/grid7 hall7.c
2002.09.29 03:06 A C:\Program Files\WS_FTP\areas\chaos\cave\grid7\hall1.c <-- Microsoft /players/cronos/areas/chaos/cave/grid7 hall1.c
2002.09.29 03:06 A C:\Program Files\WS_FTP\areas\chaos\cave\grid7\hall2.c <-- Microsoft /players/cronos/areas/chaos/cave/grid7 hall2.c
2002.09.29 03:06 A C:\Program Files\WS_FTP\areas\chaos\cave\grid7\hall3.c <-- Microsoft /players/cronos/areas/chaos/cave/grid7 hall3.c
2002.09.29 03:06 A C:\Program Files\WS_FTP\areas\chaos\cave\grid7\hall4.c <-- Microsoft /players/cronos/areas/chaos/cave/grid7 hall4.c
2002.09.29 03:06 A C:\Program Files\WS_FTP\areas\chaos\cave\grid7\hall5.c <-- Microsoft /players/cronos/areas/chaos/cave/grid7 hall5.c
2002.09.29 03:06 A C:\Program Files\WS_FTP\areas\chaos\cave\grid7\hall6.c <-- Microsoft /players/cronos/areas/chaos/cave/grid7 hall6.c
2002.09.29 03:06 A C:\Program Files\WS_FTP\areas\chaos\cave\grid7\hall7.c <-- Microsoft /players/cronos/areas/chaos/cave/grid7 hall7.c
2002.11.19 14:27 A C:\Program Files\WS_FTP\areas\chaos\cave\grid7\hall1.c <-- Microsoft /players/cronos/areas/chaos/cave/grid7 hall1.c
2002.11.19 14:27 A C:\Program Files\WS_FTP\areas\chaos\cave\grid7\hall2.c <-- Microsoft /players/cronos/areas/chaos/cave/grid7 hall2.c
2002.11.19 14:27 A C:\Program Files\WS_FTP\areas\chaos\cave\grid7\hall3.c <-- Microsoft /players/cronos/areas/chaos/cave/grid7 hall3.c
2002.11.19 14:27 A C:\Program Files\WS_FTP\areas\chaos\cave\grid7\hall4.c <-- Microsoft /players/cronos/areas/chaos/cave/grid7 hall4.c
2002.11.19 14:27 A C:\Program Files\WS_FTP\areas\chaos\cave\grid7\hall5.c <-- Microsoft /players/cronos/areas/chaos/cave/grid7 hall5.c
2002.11.19 14:27 A C:\Program Files\WS_FTP\areas\chaos\cave\grid7\hall6.c <-- Microsoft /players/cronos/areas/chaos/cave/grid7 hall6.c
2002.11.19 14:27 A C:\Program Files\WS_FTP\areas\chaos\cave\grid7\hall7.c <-- Microsoft /players/cronos/areas/chaos/cave/grid7 hall7.c
2002.11.20 01:07 A C:\Program Files\WS_FTP\areas\chaos\cave\grid7\hall1.c --> elysium.edenproject.org /players/cronos/areas/chaos/cave/grid7 hall1.c
2002.11.20 01:07 A C:\Program Files\WS_FTP\areas\chaos\cave\grid7\hall2.c --> elysium.edenproject.org /players/cronos/areas/chaos/cave/grid7 hall2.c
2002.11.20 01:07 A C:\Program Files\WS_FTP\areas\chaos\cave\grid7\hall3.c --> elysium.edenproject.org /players/cronos/areas/chaos/cave/grid7 hall3.c
2002.11.20 01:07 A C:\Program Files\WS_FTP\areas\chaos\cave\grid7\hall4.c --> elysium.edenproject.org /players/cronos/areas/chaos/cave/grid7 hall4.c
2002.11.20 01:07 A C:\Program Files\WS_FTP\areas\chaos\cave\grid7\hall5.c --> elysium.edenproject.org /players/cronos/areas/chaos/cave/grid7 hall5.c
2002.11.20 01:07 A C:\Program Files\WS_FTP\areas\chaos\cave\grid7\hall6.c --> elysium.edenproject.org /players/cronos/areas/chaos/cave/grid7 hall6.c
2002.11.20 01:07 A C:\Program Files\WS_FTP\areas\chaos\cave\grid7\hall7.c --> elysium.edenproject.org /players/cronos/areas/chaos/cave/grid7 hall7.c
2002.11.20 01:07 A C:\Program Files\WS_FTP\areas\chaos\cave\grid7\WS_FTP.LOG --> elysium.edenproject.org /players/cronos/areas/chaos/cave/grid7 WS_FTP.LOG
2003.06.11 15:32 A C:\Program Files\WS_FTP\areas\chaos\cave\grid7\hall1.c --> nirvana.mudservices.com /players/jareel/areas/chaos/cave/grid7 hall1.c
2003.06.11 15:32 A C:\Program Files\WS_FTP\areas\chaos\cave\grid7\hall2.c --> nirvana.mudservices.com /players/jareel/areas/chaos/cave/grid7 hall2.c
2003.06.11 15:32 A C:\Program Files\WS_FTP\areas\chaos\cave\grid7\hall3.c --> nirvana.mudservices.com /players/jareel/areas/chaos/cave/grid7 hall3.c
2003.06.11 15:32 A C:\Program Files\WS_FTP\areas\chaos\cave\grid7\hall4.c --> nirvana.mudservices.com /players/jareel/areas/chaos/cave/grid7 hall4.c
2003.06.11 15:32 A C:\Program Files\WS_FTP\areas\chaos\cave\grid7\hall5.c --> nirvana.mudservices.com /players/jareel/areas/chaos/cave/grid7 hall5.c
2003.06.11 15:32 A C:\Program Files\WS_FTP\areas\chaos\cave\grid7\hall6.c --> nirvana.mudservices.com /players/jareel/areas/chaos/cave/grid7 hall6.c
2003.06.11 15:32 A C:\Program Files\WS_FTP\areas\chaos\cave\grid7\hall7.c --> nirvana.mudservices.com /players/jareel/areas/chaos/cave/grid7 hall7.c
