2002.09.25 13:11 A C:\Program Files\WS_FTP\areas\chaos\cave\grid8\hall4.c --> nirvana.mudservices.com /players/cronos/areas/chaos/cave/grid8 hall4.c
2002.09.25 13:12 A C:\Program Files\WS_FTP\areas\chaos\cave\grid8\hall7.c --> nirvana.mudservices.com /players/cronos/areas/chaos/cave/grid8 hall7.c
2002.09.25 13:21 A C:\Program Files\WS_FTP\areas\chaos\cave\grid8\hall4.c --> nirvana.mudservices.com /players/cronos/areas/chaos/cave/grid8 hall4.c
2002.09.25 13:23 A C:\Program Files\WS_FTP\areas\chaos\cave\grid8\hall7.c --> nirvana.mudservices.com /players/cronos/areas/chaos/cave/grid8 hall7.c
2002.09.25 13:42 A C:\Program Files\WS_FTP\areas\chaos\cave\grid8\hall2.c --> nirvana.mudservices.com /players/cronos/areas/chaos/cave/grid8 hall2.c
2002.09.25 13:42 A C:\Program Files\WS_FTP\areas\chaos\cave\grid8\hall8.c --> nirvana.mudservices.com /players/cronos/areas/chaos/cave/grid8 hall8.c
2002.09.25 15:41 A C:\Program Files\WS_FTP\areas\chaos\cave\grid8\hall3.c --> nirvana.mudservices.com /players/cronos/areas/chaos/cave/grid8 hall3.c
2002.09.25 15:41 A C:\Program Files\WS_FTP\areas\chaos\cave\grid8\hall5.c --> nirvana.mudservices.com /players/cronos/areas/chaos/cave/grid8 hall5.c
2002.09.25 16:15 A C:\Program Files\WS_FTP\areas\chaos\cave\grid8\hall1.c --> nirvana.mudservices.com /players/cronos/areas/chaos/cave/grid8 hall1.c
2002.09.25 16:15 A C:\Program Files\WS_FTP\areas\chaos\cave\grid8\hall6.c --> nirvana.mudservices.com /players/cronos/areas/chaos/cave/grid8 hall6.c
2002.09.25 16:48 A C:\Program Files\WS_FTP\areas\chaos\cave\grid8\hall8.c --> nirvana.mudservices.com /players/cronos/areas/chaos/cave/grid8 hall8.c
2002.09.25 16:49 A C:\Program Files\WS_FTP\areas\chaos\cave\grid8\hall6.c --> nirvana.mudservices.com /players/cronos/areas/chaos/cave/grid8 hall6.c
2002.09.25 16:50 A C:\Program Files\WS_FTP\areas\chaos\cave\grid8\hall3.c --> nirvana.mudservices.com /players/cronos/areas/chaos/cave/grid8 hall3.c
2002.09.25 16:52 A C:\Program Files\WS_FTP\areas\chaos\cave\grid8\hall3.c --> nirvana.mudservices.com /players/cronos/areas/chaos/cave/grid8 hall3.c
2002.09.25 16:53 A C:\Program Files\WS_FTP\areas\chaos\cave\grid8\hall3.c --> nirvana.mudservices.com /players/cronos/areas/chaos/cave/grid8 hall3.c
2002.09.25 16:54 A C:\Program Files\WS_FTP\areas\chaos\cave\grid8\hall3.c --> nirvana.mudservices.com /players/cronos/areas/chaos/cave/grid8 hall3.c
2002.09.25 17:02 A C:\Program Files\WS_FTP\areas\chaos\cave\grid8\hall5.c --> nirvana.mudservices.com /players/cronos/areas/chaos/cave/grid8 hall5.c
2002.09.25 17:03 A C:\Program Files\WS_FTP\areas\chaos\cave\grid8\hall2.c --> nirvana.mudservices.com /players/cronos/areas/chaos/cave/grid8 hall2.c
2002.09.25 17:03 A C:\Program Files\WS_FTP\areas\chaos\cave\grid8\hall1.c --> nirvana.mudservices.com /players/cronos/areas/chaos/cave/grid8 hall1.c
2002.09.29 03:06 A C:\Program Files\WS_FTP\areas\chaos\cave\grid8\hall1.c <-- Microsoft /players/cronos/areas/chaos/cave/grid8 hall1.c
2002.09.29 03:06 A C:\Program Files\WS_FTP\areas\chaos\cave\grid8\hall2.c <-- Microsoft /players/cronos/areas/chaos/cave/grid8 hall2.c
2002.09.29 03:06 A C:\Program Files\WS_FTP\areas\chaos\cave\grid8\hall3.c <-- Microsoft /players/cronos/areas/chaos/cave/grid8 hall3.c
2002.09.29 03:06 A C:\Program Files\WS_FTP\areas\chaos\cave\grid8\hall4.c <-- Microsoft /players/cronos/areas/chaos/cave/grid8 hall4.c
2002.09.29 03:06 A C:\Program Files\WS_FTP\areas\chaos\cave\grid8\hall5.c <-- Microsoft /players/cronos/areas/chaos/cave/grid8 hall5.c
2002.09.29 03:06 A C:\Program Files\WS_FTP\areas\chaos\cave\grid8\hall6.c <-- Microsoft /players/cronos/areas/chaos/cave/grid8 hall6.c
2002.09.29 03:06 A C:\Program Files\WS_FTP\areas\chaos\cave\grid8\hall7.c <-- Microsoft /players/cronos/areas/chaos/cave/grid8 hall7.c
2002.09.29 03:06 A C:\Program Files\WS_FTP\areas\chaos\cave\grid8\hall8.c <-- Microsoft /players/cronos/areas/chaos/cave/grid8 hall8.c
2002.11.19 14:27 A C:\Program Files\WS_FTP\areas\chaos\cave\grid8\hall1.c <-- Microsoft /players/cronos/areas/chaos/cave/grid8 hall1.c
2002.11.19 14:27 A C:\Program Files\WS_FTP\areas\chaos\cave\grid8\hall2.c <-- Microsoft /players/cronos/areas/chaos/cave/grid8 hall2.c
2002.11.19 14:27 A C:\Program Files\WS_FTP\areas\chaos\cave\grid8\hall3.c <-- Microsoft /players/cronos/areas/chaos/cave/grid8 hall3.c
2002.11.19 14:27 A C:\Program Files\WS_FTP\areas\chaos\cave\grid8\hall4.c <-- Microsoft /players/cronos/areas/chaos/cave/grid8 hall4.c
2002.11.19 14:27 A C:\Program Files\WS_FTP\areas\chaos\cave\grid8\hall5.c <-- Microsoft /players/cronos/areas/chaos/cave/grid8 hall5.c
2002.11.19 14:27 A C:\Program Files\WS_FTP\areas\chaos\cave\grid8\hall6.c <-- Microsoft /players/cronos/areas/chaos/cave/grid8 hall6.c
2002.11.19 14:27 A C:\Program Files\WS_FTP\areas\chaos\cave\grid8\hall7.c <-- Microsoft /players/cronos/areas/chaos/cave/grid8 hall7.c
2002.11.19 14:28 A C:\Program Files\WS_FTP\areas\chaos\cave\grid8\hall8.c <-- Microsoft /players/cronos/areas/chaos/cave/grid8 hall8.c
2002.11.20 01:07 A C:\Program Files\WS_FTP\areas\chaos\cave\grid8\hall1.c --> elysium.edenproject.org /players/cronos/areas/chaos/cave/grid8 hall1.c
2002.11.20 01:07 A C:\Program Files\WS_FTP\areas\chaos\cave\grid8\hall2.c --> elysium.edenproject.org /players/cronos/areas/chaos/cave/grid8 hall2.c
2002.11.20 01:07 A C:\Program Files\WS_FTP\areas\chaos\cave\grid8\hall3.c --> elysium.edenproject.org /players/cronos/areas/chaos/cave/grid8 hall3.c
2002.11.20 01:07 A C:\Program Files\WS_FTP\areas\chaos\cave\grid8\hall4.c --> elysium.edenproject.org /players/cronos/areas/chaos/cave/grid8 hall4.c
2002.11.20 01:07 A C:\Program Files\WS_FTP\areas\chaos\cave\grid8\hall5.c --> elysium.edenproject.org /players/cronos/areas/chaos/cave/grid8 hall5.c
2002.11.20 01:07 A C:\Program Files\WS_FTP\areas\chaos\cave\grid8\hall6.c --> elysium.edenproject.org /players/cronos/areas/chaos/cave/grid8 hall6.c
2002.11.20 01:07 A C:\Program Files\WS_FTP\areas\chaos\cave\grid8\hall7.c --> elysium.edenproject.org /players/cronos/areas/chaos/cave/grid8 hall7.c
2002.11.20 01:07 A C:\Program Files\WS_FTP\areas\chaos\cave\grid8\hall8.c --> elysium.edenproject.org /players/cronos/areas/chaos/cave/grid8 hall8.c
2002.11.20 01:07 A C:\Program Files\WS_FTP\areas\chaos\cave\grid8\WS_FTP.LOG --> elysium.edenproject.org /players/cronos/areas/chaos/cave/grid8 WS_FTP.LOG
2003.06.11 15:32 A C:\Program Files\WS_FTP\areas\chaos\cave\grid8\hall1.c --> nirvana.mudservices.com /players/jareel/areas/chaos/cave/grid8 hall1.c
2003.06.11 15:32 A C:\Program Files\WS_FTP\areas\chaos\cave\grid8\hall2.c --> nirvana.mudservices.com /players/jareel/areas/chaos/cave/grid8 hall2.c
2003.06.11 15:32 A C:\Program Files\WS_FTP\areas\chaos\cave\grid8\hall3.c --> nirvana.mudservices.com /players/jareel/areas/chaos/cave/grid8 hall3.c
2003.06.11 15:32 A C:\Program Files\WS_FTP\areas\chaos\cave\grid8\hall4.c --> nirvana.mudservices.com /players/jareel/areas/chaos/cave/grid8 hall4.c
2003.06.11 15:32 A C:\Program Files\WS_FTP\areas\chaos\cave\grid8\hall5.c --> nirvana.mudservices.com /players/jareel/areas/chaos/cave/grid8 hall5.c
2003.06.11 15:32 A C:\Program Files\WS_FTP\areas\chaos\cave\grid8\hall6.c --> nirvana.mudservices.com /players/jareel/areas/chaos/cave/grid8 hall6.c
2003.06.11 15:32 A C:\Program Files\WS_FTP\areas\chaos\cave\grid8\hall7.c --> nirvana.mudservices.com /players/jareel/areas/chaos/cave/grid8 hall7.c
2003.06.11 15:32 A C:\Program Files\WS_FTP\areas\chaos\cave\grid8\hall8.c --> nirvana.mudservices.com /players/jareel/areas/chaos/cave/grid8 hall8.c
