2001.07.19 21:44 A c:\mud\rowan\drake\obj\ariand.c <-- Nirvana /players/molasar/rowan/drake/obj ariand.c
2001.07.19 21:44 A c:\mud\rowan\drake\obj\beer.c <-- Nirvana /players/molasar/rowan/drake/obj beer.c
2001.07.19 21:44 A c:\mud\rowan\drake\obj\clock.c <-- Nirvana /players/molasar/rowan/drake/obj clock.c
2001.07.19 21:44 A c:\mud\rowan\drake\obj\full_pl.c <-- Nirvana /players/molasar/rowan/drake/obj full_pl.c
2001.07.19 21:44 A c:\mud\rowan\drake\obj\knight.c <-- Nirvana /players/molasar/rowan/drake/obj knight.c
2001.07.19 21:44 A c:\mud\rowan\drake\obj\mage.c <-- Nirvana /players/molasar/rowan/drake/obj mage.c
2001.07.19 21:44 A c:\mud\rowan\drake\obj\morgana.c <-- Nirvana /players/molasar/rowan/drake/obj morgana.c
2001.07.19 21:44 A c:\mud\rowan\drake\obj\spirit.c <-- Nirvana /players/molasar/rowan/drake/obj spirit.c
2001.07.19 21:44 A c:\mud\rowan\drake\obj\statue.c <-- Nirvana /players/molasar/rowan/drake/obj statue.c
2001.07.19 21:44 A c:\mud\rowan\drake\obj\weak_mace.c <-- Nirvana /players/molasar/rowan/drake/obj weak_mace.c
2001.07.19 21:47 A c:\mud\rowan\drake\obj\ariand.c --> nirvana.mudservices.com /players/fakir/rowan/drake/obj ariand.c
2001.07.19 21:47 A c:\mud\rowan\drake\obj\beer.c --> nirvana.mudservices.com /players/fakir/rowan/drake/obj beer.c
2001.07.19 21:47 A c:\mud\rowan\drake\obj\clock.c --> nirvana.mudservices.com /players/fakir/rowan/drake/obj clock.c
2001.07.19 21:47 A c:\mud\rowan\drake\obj\full_pl.c --> nirvana.mudservices.com /players/fakir/rowan/drake/obj full_pl.c
2001.07.19 21:47 A c:\mud\rowan\drake\obj\knight.c --> nirvana.mudservices.com /players/fakir/rowan/drake/obj knight.c
2001.07.19 21:47 A c:\mud\rowan\drake\obj\mage.c --> nirvana.mudservices.com /players/fakir/rowan/drake/obj mage.c
2001.07.19 21:47 A c:\mud\rowan\drake\obj\morgana.c --> nirvana.mudservices.com /players/fakir/rowan/drake/obj morgana.c
2001.07.19 21:47 A c:\mud\rowan\drake\obj\spirit.c --> nirvana.mudservices.com /players/fakir/rowan/drake/obj spirit.c
2001.07.19 21:47 A c:\mud\rowan\drake\obj\statue.c --> nirvana.mudservices.com /players/fakir/rowan/drake/obj statue.c
2001.07.19 21:47 A c:\mud\rowan\drake\obj\weak_mace.c --> nirvana.mudservices.com /players/fakir/rowan/drake/obj weak_mace.c
