2002.09.30 11:01 B c:\code\mud\guild\helps\advance <-- nirvana /players/pain/closed/guild/helps advance
2002.09.30 11:01 B c:\code\mud\guild\helps\armor <-- nirvana /players/pain/closed/guild/helps armor
2002.09.30 11:01 B c:\code\mud\guild\helps\death.old <-- nirvana /players/pain/closed/guild/helps death.old
2002.09.30 11:01 B c:\code\mud\guild\helps\dir <-- nirvana /players/pain/closed/guild/helps dir
2002.09.30 11:01 B c:\code\mud\guild\helps\gc <-- nirvana /players/pain/closed/guild/helps gc
2002.09.30 11:01 B c:\code\mud\guild\helps\levitate <-- nirvana /players/pain/closed/guild/helps levitate
2002.09.30 11:01 B c:\code\mud\guild\helps\locker <-- nirvana /players/pain/closed/guild/helps locker
2002.09.30 11:01 B c:\code\mud\guild\helps\lockers <-- nirvana /players/pain/closed/guild/helps lockers
2002.09.30 11:01 B c:\code\mud\guild\helps\new <-- nirvana /players/pain/closed/guild/helps new
2002.09.30 11:01 B c:\code\mud\guild\helps\pet <-- nirvana /players/pain/closed/guild/helps pet
2002.09.30 11:01 B c:\code\mud\guild\helps\ranks <-- nirvana /players/pain/closed/guild/helps ranks
2002.09.30 11:01 B c:\code\mud\guild\helps\spells <-- nirvana /players/pain/closed/guild/helps spells
2002.09.30 11:01 B c:\code\mud\guild\helps\spells1 <-- nirvana /players/pain/closed/guild/helps spells1
2002.09.30 11:01 B c:\code\mud\guild\helps\spells2 <-- nirvana /players/pain/closed/guild/helps spells2
2002.09.30 11:01 B c:\code\mud\guild\helps\spells3 <-- nirvana /players/pain/closed/guild/helps spells3
2002.09.30 11:01 B c:\code\mud\guild\helps\spells4 <-- nirvana /players/pain/closed/guild/helps spells4
2002.09.30 11:01 B c:\code\mud\guild\helps\strike.old <-- nirvana /players/pain/closed/guild/helps strike.old
2002.09.30 11:01 B c:\code\mud\guild\helps\teleport <-- nirvana /players/pain/closed/guild/helps teleport
2002.09.30 11:01 B c:\code\mud\guild\helps\weapons <-- nirvana /players/pain/closed/guild/helps weapons
2002.09.30 11:01 B c:\code\mud\guild\helps\wimp <-- nirvana /players/pain/closed/guild/helps wimp
2002.10.01 15:14 B c:\code\mud\guild\helps\WS_FTP.LOG --> nirvana.mudservices.com /players/pain/closed/guild/helps WS_FTP.LOG
2002.10.01 15:25 B c:\code\mud\guild\helps\advance --> nirvana.mudservices.com /players/pain/guild/helps advance
2002.10.01 15:25 B c:\code\mud\guild\helps\armor --> nirvana.mudservices.com /players/pain/guild/helps armor
2002.10.01 15:25 B c:\code\mud\guild\helps\death.old --> nirvana.mudservices.com /players/pain/guild/helps death.old
2002.10.01 15:25 B c:\code\mud\guild\helps\dir --> nirvana.mudservices.com /players/pain/guild/helps dir
2002.10.01 15:25 B c:\code\mud\guild\helps\gc --> nirvana.mudservices.com /players/pain/guild/helps gc
2002.10.01 15:25 B c:\code\mud\guild\helps\levitate --> nirvana.mudservices.com /players/pain/guild/helps levitate
2002.10.01 15:25 B c:\code\mud\guild\helps\locker --> nirvana.mudservices.com /players/pain/guild/helps locker
2002.10.01 15:25 B c:\code\mud\guild\helps\lockers --> nirvana.mudservices.com /players/pain/guild/helps lockers
2002.10.01 15:25 B c:\code\mud\guild\helps\new --> nirvana.mudservices.com /players/pain/guild/helps new
2002.10.01 15:25 B c:\code\mud\guild\helps\pet --> nirvana.mudservices.com /players/pain/guild/helps pet
2002.10.01 15:25 B c:\code\mud\guild\helps\ranks --> nirvana.mudservices.com /players/pain/guild/helps ranks
2002.10.01 15:25 B c:\code\mud\guild\helps\spells --> nirvana.mudservices.com /players/pain/guild/helps spells
2002.10.01 15:25 B c:\code\mud\guild\helps\spells1 --> nirvana.mudservices.com /players/pain/guild/helps spells1
2002.10.01 15:25 B c:\code\mud\guild\helps\spells2 --> nirvana.mudservices.com /players/pain/guild/helps spells2
2002.10.01 15:25 B c:\code\mud\guild\helps\spells3 --> nirvana.mudservices.com /players/pain/guild/helps spells3
2002.10.01 15:25 B c:\code\mud\guild\helps\spells4 --> nirvana.mudservices.com /players/pain/guild/helps spells4
2002.10.01 15:25 B c:\code\mud\guild\helps\strike.old --> nirvana.mudservices.com /players/pain/guild/helps strike.old
2002.10.01 15:25 B c:\code\mud\guild\helps\teleport --> nirvana.mudservices.com /players/pain/guild/helps teleport
2002.10.01 15:26 B c:\code\mud\guild\helps\weapons --> nirvana.mudservices.com /players/pain/guild/helps weapons
2002.10.01 15:26 B c:\code\mud\guild\helps\wimp --> nirvana.mudservices.com /players/pain/guild/helps wimp
