Thu Feb  8 03:56:39 2001 [1;33mBeowulf[2;37;0m killed Boy.
Thu Feb  8 06:25:19 2001 [1;33mBeowulf[2;37;0m killed Boy.
Thu Feb  8 22:27:00 2001 [1;33mStone[2;37;0m killed Boy.
Fri Feb  9 14:40:49 2001 [1;33mHal[2;37;0m killed Boy.
Sat Feb 10 03:43:54 2001 [1;33mHadies[2;37;0m killed Boy.
Sat Feb 10 17:46:10 2001 [1;33mJustin[2;37;0m killed Boy.
Sun Feb 11 16:58:31 2001 [1;33mZoltan[2;37;0m killed Boy.
Sun Feb 11 21:41:32 2001 [1;33mGravedigger[2;37;0m killed Boy.
Mon Feb 12 23:34:56 2001 [1;33mGhost[2;37;0m killed Boy.
Tue Feb 13 04:32:48 2001 [1;33mGhost[2;37;0m killed Boy.
Thu Feb 15 23:42:11 2001 [1;33mStone[2;37;0m killed Boy.
Fri Feb 16 14:56:46 2001 [1;33mMatrix[2;37;0m killed Boy.
Fri Feb 16 22:50:22 2001 [1;33mKid[2;37;0m killed Boy.
Sat Feb 17 01:56:36 2001 [1;33mTarken[2;37;0m killed Boy.
Sun Feb 18 01:45:32 2001 [1;33mTechnoir[2;37;0m killed Boy.
Sun Feb 18 14:43:16 2001 [1;33mTarken[2;37;0m killed Boy.
Sun Feb 18 15:50:31 2001 [1;33mTarken[2;37;0m killed Boy.
Tue Feb 20 01:29:08 2001 [1;33mLittle[2;37;0m killed Boy.
Tue Feb 20 23:53:04 2001 [1;33mTycho[2;37;0m killed Boy.
Thu Mar 29 23:23:29 2001 [1;33mSiberia[2;37;0m killed Boy.
Fri Mar 30 02:38:41 2001 [1;33mGhost[2;37;0m killed Boy.
Thu May 31 15:00:49 2001 [1;33mSymbio[2;37;0m killed Boy.
Wed Jun 20 03:16:56 2001 [1;33mEnuss[2;37;0m killed Boy.
Wed Jul 18 04:39:48 2001 [1;33mGhost[2;37;0m killed Boy.
Thu Jul 26 01:19:07 2001 [1;33mSlag[2;37;0m killed Boy.
Fri Jul 27 16:12:15 2001 [1;33mBorith[2;37;0m killed Boy.
Fri Aug  3 00:06:25 2001 [1;33mWorm[2;37;0m killed Boy.
Mon Aug  6 04:26:29 2001 [1;33mCooper[2;37;0m killed Boy.
Sun Aug 26 05:56:22 2001 [1;33mCooper[2;37;0m killed Boy.
Sun Aug 26 06:14:38 2001 [1;33mCooper[2;37;0m killed Boy.
Wed Oct  3 21:29:13 2001 [1;33mTarken[2;37;0m killed Boy.
Tue Oct  9 23:58:41 2001 [1;33mTarken[2;37;0m killed Boy.
Sun Oct 14 18:42:07 2001 [1;33mEnuss[2;37;0m killed Boy.
Mon Dec 31 04:29:06 2001 [1;33mGhost[2;37;0m killed Boy.
Tue Jan  1 23:21:43 2002 [1;33mForsaken[2;37;0m killed Boy.
Fri Jan 18 21:01:37 2002 [1;33mTarken[2;37;0m killed Boy.
Tue Jan 22 21:03:54 2002 [1;33mLegolas[2;37;0m killed Boy.
Sat Mar 23 17:17:34 2002 [1;33mTarken[2;37;0m killed Boy.
Mon Mar 25 19:32:58 2002 [1;33mTarken[2;37;0m killed Boy.
Sun Apr  7 15:05:53 2002 [1;33mTarken[2;37;0m killed Boy.
Sat Apr 13 11:07:31 2002 [1;33mGhost[2;37;0m killed Boy.
Tue Apr 16 21:18:21 2002 [1;33mTarken[2;37;0m killed Boy.
Mon May 13 22:06:18 2002 [1;33mDanimal[2;37;0m killed Boy.
Wed May 15 21:45:50 2002 [1;33mRibbit[2;37;0m killed Boy.
Sat Jun  1 13:43:39 2002 [1;33mGhost[2;37;0m killed Boy.
Tue Jun 11 19:50:12 2002 [1;33mTarken[2;37;0m killed Boy.
Fri Jun 28 14:40:07 2002 [1;33mSmack[2;37;0m killed Boy.
Sun Jun 30 13:22:12 2002 [1;33mCurse[2;37;0m killed Boy.
Wed Jul  3 14:16:28 2002 [1;33mSweetpea[2;37;0m killed Boy.
Thu Jul  4 21:44:06 2002 [1;33mScrewball[2;37;0m killed Boy.
Sat Aug 24 02:02:17 2002 [1;33mSweetpea[2;37;0m killed Boy.
Sat Aug 24 04:26:21 2002 [1;33mConan[2;37;0m killed Boy.
Tue Sep  3 16:31:26 2002 [1;33mCerberus[2;37;0m killed Boy.
Mon Sep  9 17:41:23 2002 [1;33mGhost[2;37;0m killed Boy.
Fri Sep 13 11:19:57 2002 [1;33mRek[2;37;0m killed Boy.
Mon Sep 23 22:45:44 2002 [1;33mReafer[2;37;0m killed Boy.
Sun Oct 20 11:41:05 2002 [1;33mYoshimitsu[2;37;0m killed Boy.
Wed Nov  6 22:36:10 2002 [1;33mRoy[2;37;0m killed Boy.
Sat Dec  7 11:53:21 2002 [1;33mKia[2;37;0m killed Boy.
Tue Jan  7 14:31:09 2003 [1;33mLucius[2;37;0m killed Boy.
Sun Jan 12 00:15:18 2003 [1;33mJason[2;37;0m killed Boy.
Fri Jan 17 01:49:13 2003 [1;33mLucius[2;37;0m killed Boy.
Sat Feb 22 17:19:48 2003 [1;33mRacsan[2;37;0m killed Boy.
Thu Mar 27 20:46:04 2003 [1;33mMorpheus[2;37;0m killed Boy.
Sat May 17 03:21:19 2003 [1;33mKristos[2;37;0m killed Boy.
Thu May 29 01:32:05 2003 [1;33mShadowraith[2;37;0m killed Boy.
Thu May 29 10:33:45 2003 [1;33mShadowraith[2;37;0m killed Boy.
Sun Jun  1 00:57:11 2003 [1;33mDanimal[2;37;0m killed Boy.
Sun Jun  1 16:51:09 2003 [1;33mTarken[2;37;0m killed Boy.
Tue Jun  3 22:04:19 2003 [1;33mTarken[2;37;0m killed Boy.
Sun Jun  8 01:39:03 2003 [1;33mJarana[2;37;0m killed Boy.
Sat Jul  5 10:42:23 2003 [1;33mTarken[2;37;0m killed Boy.
Thu Jul 17 18:20:57 2003 [1;33mWolfpac[2;37;0m killed Boy.
Mon Jul 21 18:20:35 2003 [1;33mKinshin[2;37;0m killed Boy.
Tue Jul 22 20:23:33 2003 [1;33mTiffany[2;37;0m killed Boy.
Wed Jul 23 10:56:22 2003 [1;33mTiffany[2;37;0m killed Boy.
Thu Jul 24 15:08:19 2003 [1;33mTiffany[2;37;0m killed Boy.
Sat Jul 26 11:17:29 2003 [1;33mWhoa[2;37;0m killed Boy.
Tue Aug  5 04:11:27 2003 [1;33mOrb[2;37;0m killed Boy.
Tue Aug  5 06:23:34 2003 [1;33mOrb[2;37;0m killed Boy.
Wed Aug  6 01:58:11 2003 [1;33mJaz[2;37;0m killed Boy.
Thu Aug  7 09:44:27 2003 [1;33mLance[2;37;0m killed Boy.
Fri Aug  8 17:59:36 2003 [1;33mJuggernaut[2;37;0m killed Boy.
Fri Aug  8 19:01:21 2003 [1;33mDeathKnight[2;37;0m killed Boy.
Sat Aug  9 07:35:11 2003 [1;33mPreston[2;37;0m killed Boy.
Fri Aug 15 10:52:21 2003 [1;33mFastkill[2;37;0m killed Boy.
Sun Aug 17 15:39:58 2003 [1;33mRage[2;37;0m killed Boy.
Mon Aug 18 16:07:03 2003 [1;33mChant[2;37;0m killed Boy.
Wed Aug 20 17:50:46 2003 [1;33mYoshimitsu[2;37;0m killed Boy.
Sun Aug 24 08:41:22 2003 [1;33mWrasse[2;37;0m killed Boy.
Sun Aug 24 21:37:25 2003 [1;33mEva[2;37;0m killed Boy.
Mon Sep  1 04:02:02 2003 [1;33mSinister[2;37;0m killed Boy.
Thu Sep  4 01:33:08 2003 [1;33mMiso[2;37;0m killed Boy.
Thu Sep  4 18:49:11 2003 [1;33mPike[2;37;0m killed Boy.
Sat Sep  6 20:17:35 2003 [1;33mGhost[2;37;0m killed Boy.
Tue Sep  9 20:19:35 2003 [1;33mTrent[2;37;0m killed Boy.
Wed Sep 10 14:11:35 2003 [1;33mHogath[2;37;0m killed Boy.
Fri Sep 12 05:43:43 2003 [1;33mHumble[2;37;0m killed Boy.
Sat Sep 13 19:34:26 2003 [1;33mNotta[2;37;0m killed Boy.
Fri Sep 19 22:30:34 2003 [1;33mEntreri[2;37;0m killed Boy.
Sat Sep 20 11:14:47 2003 [1;33mIcetitian[2;37;0m killed Boy.
Sun Oct 26 22:07:48 2003 [1;33mTarken[2;37;0m killed Boy.
Sun Nov  2 14:38:28 2003 [1;33mHoyle[2;37;0m killed Boy.
Tue Nov  4 18:23:51 2003 [1;33mShadowraith[2;37;0m killed Boy.
Tue Nov  4 19:28:39 2003 [1;33mShar[2;37;0m killed Boy.
Thu Nov  6 18:27:05 2003 [1;33mShadowraith[2;37;0m killed Boy.
Fri Nov  7 10:03:02 2003 [1;33mIcarus[2;37;0m killed Boy.
Fri Nov  7 18:19:02 2003 [1;33mShadowraith[2;37;0m killed Boy.
Sun Nov 23 10:15:33 2003 [1;33mWhoa[2;37;0m killed Boy.
Sun Jan 18 13:23:50 2004 [1;33mTalus[2;37;0m killed Boy.
Tue Feb 10 21:30:32 2004 [1;33mDeathKnight[2;37;0m killed Boy.
Fri Mar 12 20:09:14 2004 [1;33mVash[2;37;0m killed Boy.
Sat Mar 20 19:13:34 2004 [1;33mSmokey[2;37;0m killed Boy.
Sat Mar 27 11:31:29 2004 [1;33mVashara[2;37;0m killed Boy.
Mon Mar 29 22:03:10 2004 [1;33mSsvegeta[2;37;0m killed Boy.
Wed Apr  7 11:16:32 2004 [1;33mSsvegeta[2;37;0m killed Boy.
Wed Apr 28 02:19:26 2004 [1;33mDeathKnight[2;37;0m killed Boy.
Mon May  3 19:34:52 2004 [1;33mRick[2;37;0m killed Boy.
Wed May 12 10:25:46 2004 [1;33mKirrin[2;37;0m killed Boy.
Sun Jun 13 20:47:30 2004 [1;33mSharpe[2;37;0m killed Boy.
Sun Jul  4 16:22:27 2004 [1;33mSin[2;37;0m killed Boy.
Tue Nov 16 18:29:21 2004 [1;33mTalus[2;37;0m killed Boy.
Sat Nov 20 02:47:37 2004 [1;33mUpus[2;37;0m killed Boy.
Wed Dec 22 16:46:08 2004 [1;33mOz[2;37;0m killed Boy.
Sun Apr  3 15:19:50 2005 [1;33mWallace[2;37;0m killed Boy.
Mon Oct  3 01:04:58 2005 [1;33mLungbutter[2;37;0m killed Boy.
Fri Apr 14 16:13:30 2006 [1;33mDamion[2;37;0m killed Boy.
Fri Apr 28 09:34:38 2006 [1;33mKeeper[2;37;0m killed Boy.
Tue Aug 22 21:45:56 2006 [1;33mParasite[2;37;0m killed Boy.
Mon May 28 20:47:36 2007 [1;33mDeagan[2;37;0m killed Boy.
Fri Jun  1 00:50:00 2007 [1;33mIngvaard[2;37;0m killed Boy.
Thu Jul  5 17:42:15 2007 [1;33mChameleon[0m killed Boy.
Wed Aug 22 22:24:36 2007 [1;33mAphix[0m killed Boy.
Sun May 11 03:09:12 2008 [1;33mXam[0m killed Boy.
Sat Dec  6 00:38:24 2008 [1;33mCortania[0m killed Boy.
Fri Apr 10 00:04:34 2009 [1;33mInferno[0m killed Boy.
Sat Apr 18 02:01:04 2009 [1;33mValon[0m killed Boy.
Thu Jul  1 12:20:18 2010 [1;33mTitan[0m killed Boy.
Mon Aug  9 02:03:21 2010 [1;33mDeathKnight[0m killed Boy.
Sat Nov 20 16:56:24 2010 [1;33mHeinous[0m killed Boy.
Mon Jan 24 05:28:53 2011 [1;33mNagasaki[0m killed Boy.
Sun Jun 19 09:56:12 2011 [1;33mMarionette[0m killed Boy.
Sat Feb 16 22:07:47 2013 [1;33mMizuki[0m killed Boy.
Thu Mar 14 10:50:33 2013 [1;33mDreadbane[0m killed Boy.
Thu Mar 21 00:46:34 2013 [1;33mDreadbane[0m killed Boy.
Wed Aug  6 01:57:35 2014 [1;33mAngie[0m killed Boy.
Tue Aug 12 13:40:22 2014 [1;33mAngie[0m killed Boy.
