Wed Feb  7 13:16:00 2001 [1;34mJaraxle[2;37;0m killed Willa.
Thu Feb  8 05:23:20 2001 [1;34mBeowulf[2;37;0m killed Willa.
Thu Feb  8 22:38:42 2001 [1;34mStone[2;37;0m killed Willa.
Sat Feb 10 05:06:15 2001 [1;34mDrkwngdck[2;37;0m killed Willa.
Sat Feb 10 17:51:36 2001 [1;34mJustin[2;37;0m killed Willa.
Sun Feb 11 06:47:59 2001 [1;34mCodeslave[2;37;0m killed Willa.
Sun Feb 11 21:01:06 2001 [1;34mSomeone[2;37;0m killed Willa.
Mon Feb 12 23:40:10 2001 [1;34mGhost[2;37;0m killed Willa.
Sun Feb 18 13:48:28 2001 [1;34mVendetta[2;37;0m killed Willa.
Wed Jul 18 04:49:24 2001 [1;34mGhost[2;37;0m killed Willa.
Thu Jul 26 19:38:58 2001 [1;34mStone[2;37;0m killed Willa.
Tue Jan 22 21:18:06 2002 [1;34mTarken[2;37;0m killed Willa.
Wed Jan 30 22:10:17 2002 [1;34mWren[2;37;0m killed Willa.
Sat Mar 23 17:35:50 2002 [1;34mTarken[2;37;0m killed Willa.
Mon Mar 25 20:00:41 2002 [1;34mTarken[2;37;0m killed Willa.
Sun Apr  7 15:13:10 2002 [1;34mTarken[2;37;0m killed Willa.
Sat Apr 13 11:42:44 2002 [1;34mGhost[2;37;0m killed Willa.
Tue Apr 16 21:35:09 2002 [1;34mTarken[2;37;0m killed Willa.
Mon May 13 22:38:10 2002 [1;34mRelentless[2;37;0m killed Willa.
Tue Jun 11 19:59:03 2002 [1;34mTarken[2;37;0m killed Willa.
Fri Jun 28 14:58:44 2002 [1;34mSmack[2;37;0m killed Willa.
Tue Nov 12 10:55:57 2002 [1;34mJaraxle[2;37;0m killed Willa.
Tue Nov 12 10:56:13 2002 [1;34mJaraxle[2;37;0m killed Willa.
Tue Nov 12 10:56:13 2002 [1;34mJaraxle[2;37;0m killed Willa.
Sun Jan 12 00:24:48 2003 [1;34mLucius[2;37;0m killed Willa.
Fri Jan 17 01:57:42 2003 [1;34mLucius[2;37;0m killed Willa.
Tue Jun  3 22:13:44 2003 [1;34mTarken[2;37;0m killed Willa.
Sat Jul  5 10:49:47 2003 [1;34mTarken[2;37;0m killed Willa.
Wed Aug  6 02:04:19 2003 [1;34mRavanne[2;37;0m killed Willa.
Sat Sep 13 19:36:40 2003 [1;34mGhost[2;37;0m killed Willa.
Fri Sep 19 22:50:08 2003 [1;34mEntreri[2;37;0m killed Willa.
Sun Nov  2 15:02:12 2003 [1;34mHoyle[2;37;0m killed Willa.
Tue Feb 10 21:44:05 2004 [1;34mDeathKnight[2;37;0m killed Willa.
Wed Apr 28 02:21:56 2004 [1;34mCooper[2;37;0m killed Willa.
Tue Nov 16 18:32:35 2004 [1;34mTalus[2;37;0m killed Willa.
