[Snooper] init() called by toad
[Snooper] init() called by rachael
[Snooper] init() called by chandler
[Snooper] init() called by jade
[Snooper] toad logged in at Fri Sep 15 12:27:53 1995
[SCatch] Toad enters the game.
[Snooper] init() called by twinkerbell
[SCatch] Twinkerbell enters the game.
[jade] tell lonewolf  Well my advice is you reconsider that...
[chandler] tell jubie ok...will do :)
[rachael] .te chandler Bard my first husband on here..asked me if i knew you last night..at the time i didn't....so i asked why he wanted to know..and he said he thought that you acted a lot like me :]
[jade] tell lonewolf I can't say at this time...
[toad] finger rumplemintz
[toad] finger rumplemintz
[rachael] tt Toad!!!!
[chandler] tell rachael hehehe...i guess youre a girl in rl right?
[twinkerbell] look west
[chandler] gossip bye myna
[twinkerbell] ?
[chandler] tell twinkerbell twinkerbell...nice name :)
[rachael] .te chandler yes i am..not that it's a crime or anything
[twinkerbell] help
[twinkerbell] thanks
[chandler] tell rachael hehehe...well...its easier to be one for the kinda guy i am...i want another relationship with a guy...just so hard to find...
[jade] tell lonewolf You're a big boy, I know you'll get by ;)
[twinkerbell] nice name yourself Chandler
[jade] hug lonewolf
[jade] tell lonewolf Take care of yourself, ok?
[chandler] tell kethry jeff said more like around 10...
[twinkerbell] shout goodbye
[twinkerbell] go west
[chandler] tell kethry my apt is a disaster area...jeez...dont know when i can clean it..
[rachael] .te chandler  hmmm..your the first that type of guy i've met over the puter...it seems a bit weird bot i'ms kewl ;]
[jade] hug lonewolf
[chandler] tell kethry i have another counseling session at 2..wow...now i get to tell this whole mcgregor story...she'll flip
[rachael] tf is way too young.
[jade] tell lonewolf I will =)
[twinkerbell] tell chandler how are you ?
[chandler] tell rachael ok..im bi...but actually there are a few offa here...my ex for instance..
[rachael] friends
[Snooper] init() called by guest
[SCatch] Guest enters the game.
[twinkerbell] look north
[chandler] tell twinkerbell ok...just think i broke someones heart..
[SCatch] Guest just disconnected.
[rachael] tickle chandler
[chandler] smile
[jade] wave lonewolf
[toad] s
[toad] s
[toad] south
[toad] south
[Snooper] init() called by toad
[toad] read notice
[toad] f wtknight
[toad] finger wtknight
[toad] f tynin
[toad] finger tynin
[toad] .te rumplemintz <grin> not much has changed in the guild, cept ther attack spells are a bit less powerful, and there is a chanc
[toad] .te rumplemintz there is a chance , a percentage, on missing
[toad] .te rumplemintz sides that, its the same old guild it always has been, and nooneelse is still a grumpy fartknockers
[toad] .te rumplemintz its not thatbad, out of 10 scratches/backhands i might miss 1-2 time :)
[toad] .te rumplemintz far as i can tell ya the vamps are still the most powerful guild though...
[toad] .te rumplemintz im the gc of the shardak guild too, if ya wanna pk.... go with them <grin>
[toad] .te kethry <lick> fine, talking w/an olfd friend
[toad] ].te kethry not you silly girl, altough you are older than me, and yer proboly alot sexier than rump is <grin>
[toad] fr
[toad] friends
[toad] f tynian
[toad] finger tynian
[toad] te anyone wanna help me get the staff of power? :)
[toad] te ack, nevermind, the lich is gone...
[toad] read notice
[toad] n
[toad] north
[Snooper] init() called by toad
[Snooper] init() called by sawyer
[Snooper] init() called by incubus
[Snooper] init() called by guest
[Snooper] init() called by twinkerbell
[Snooper] init() called by rachael
[Snooper] init() called by chandler
[Snooper] init() called by jade
[toad] lick
[toad] emote licks you.
[sawyer] commands
[chandler] lick toad
[rachael] .te chandler hellppppp me ahhhhhhhhhhhhhhhh
[sawyer] look at sawyer
[incubus] tell chandler There is a difference in self-esteem between people who consider themselves "People who are bisexual" and "Bisexual people"
[toad] f jade
[toad] finger jade
[twinkerbell] tell rachael you smell good
[chandler] hug toad
[rachael] lick toad
[Snooper] init() called by storm
[SCatch] Storm enters the game.
[sawyer] inventory
[twinkerbell] lick rachael
[chandler] tell rachael jeez...whats up...
[rachael] .te twinkerbell i don't want you
[sawyer] equipments
[chandler] tell cpx hey...im sorry...i just didnt know you *comfort*
[sawyer] equipment
[incubus] tell cpx I haven't treated you like shit, on the otherhand I've had no reason to talk to you either.
[toad] ppl
[twinkerbell] tell rachael why?
[chandler] hug storm
[rachael] .te chandler twinkerbell is being gross
[sawyer] help
[chandler] tell incubus my self esteem is good...im comfortable being this way...
[rachael] emote jumps  into Toads arms.
[storm] hug chandler
[chandler] tell rachael hold on...
[incubus] tell chandler The same holds true of heterosexuals.
[twinkerbell] tell rachael do you have any sisters
[chandler] sex twinkerbell
[rachael] .te twinkerbell because i am spoken for
[storm] hug kethry
[sawyer] quit
[toad] \
[toad] startup
[SCatch] A mist envelops Toad.  When it clears, you see a small bat flying away.
[twinkerbell] sex yes
[Snooper] init() called by toad
[toad] whov
[toad] .te kethry hey can i party w/you for a bit? i have to leave inna bout 30 min anyways and i need xp
[toad] wink kethry
[toad] hotel
[SCatch] A mist envelops Toad.  When it clears, you see a small
bat flying away.
[Snooper] init() called by toad
[Snooper] init() called by greymagus
[toad] n
[toad] north
[Snooper] init() called by toad
[toad] restore
[toad] ga
[toad] get all
[toad] #
[toad] .te kethry ok girl, lemme get an object and ill be right with you <lick>
[toad] fly -1s,1w,2s,1w,1n,1e
[toad] s
[toad] south
[Snooper] init() called by toad
[toad] ga
[toad] get all
[toad] gossip no. leave. or quit your damn whining.
[toad] fly -1w,1s,5e
[toad] w
[toad] west
[Snooper] init() called by toad
[toad] shake hand
[Snooper] init() called by toad
[toad] fly -2d
[toad] d
[toad] down
[Snooper] init() called by toad
[Snooper] init() called by kethry
[kethry] ccw
[SCatch] Kethry missed Contraction wave.
[toad] party add kethry
[SCatch] Kethry missed Contraction wave.
[toad] kill wave
[kethry] score
[SCatch] Toad missed Contraction wave.
[SCatch] Kethry hit Contraction wave very hard.
[SCatch] Toad missed Contraction wave.
[SCatch] Kethry hit Contraction wave hard.
[toad] #
[kethry] ps I have the cold hope you dont get it
[SCatch] Toad missed Contraction wave.
[SCatch] Kethry hit Contraction wave.
[SCatch] Toad missed Contraction wave.
[SCatch] Kethry grazed Contraction wave.
[SCatch] Toad missed Contraction wave.
[SCatch] Kethry hit Contraction wave.
[toad] ps thats ok girl, i can heal my self of any infections <grin>
[toad] party say thats ok girl, i can heal my self of any infections <grin>
[SCatch] Kethry hit Contraction wave very hard.
[kethry] sneeze saber
[toad] exa scimitars
[SCatch] Kethry hit Contraction wave very hard.
[toad] i
[SCatch] Kethry grazed Contraction wave.
[SCatch] Toad missed Contraction wave.
[SCatch] Kethry missed Contraction wave.
[toad] ps ack! my weapon has disappeared!
[toad] party say ack! my weapon has disappeared!
[SCatch] Kethry missed Contraction wave.
[kethry] l at toad
[SCatch] Toad missed Contraction wave.
[SCatch] Kethry missed Contraction wave.
[toad] ps ill have to rubn andget my other stro(stored) one, after this kill
[toad] party say ill have to rubn andget my other stro(stored) one, after this kill
[SCatch] Kethry missed Contraction wave.
[SCatch] Toad missed Contraction wave.
[SCatch] Kethry hit Contraction wave.
[toad] health
[kethry] assess wave
[SCatch] Toad missed Contraction wave.
[SCatch] Kethry hit Contraction wave very hard.
[toad] backhand wave
[kethry] grin cosmo
[SCatch] Toad missed Contraction wave.
[SCatch] Kethry massacre Contraction wave to small fragments.
[toad] backhand wave
[kethry] kb
[SCatch] Toad missed Contraction wave.
[SCatch] Kethry missed Contraction wave.
[toad] backhand wave
[SCatch] Kethry grazed Contraction wave.
[toad] backhand wave
[kethry] ccw
[SCatch] Toad missed Contraction wave.
[SCatch] Kethry hit Contraction wave very hard.
[toad] backhand wave
[kethry] kb
[SCatch]           >>>>>>>>> THWACK!!!! <<<<<<<<<
[SCatch] Kethry inflicts a killing blow to Contraction wave!
[toad] backhand wave
[kethry] bless_corpse
[toad] sc
[kethry] take all
[kethry] give blood to toad
[toad] ps do ya want me to get my weapon? i can just use spells, more powerful anyways
[toad] party say do ya want me to get my weapon? i can just use spells, more powerful anyways
[toad] ps uhm, i guess i could use some cash... ill get the next blood so i can heal my sp
[toad] party say uhm, i guess i could use some cash... ill get the next blood so i can heal my sp
[toad] shadow kethry
[kethry] throw_up
