Sat May 15 06:59:33 2004: tell tell earwax pigfucker.
Sat May 15 06:59:39 2004: say say hah!.
Sat May 15 07:00:51 2004: help .
Sat May 15 07:01:13 2004: tell earwax works.
Sat May 15 07:01:25 2004: say hi.
Sat May 15 18:04:49 2004: say hi.
Wed May 19 03:04:58 2004: save.
Wed May 19 03:05:14 2004: sc.
Wed May 19 03:05:22 2004: who.
Wed May 19 03:05:52 2004: say fuck you.
Wed May 19 03:08:54 2004: save.
Wed May 19 03:09:50 2004: l.
Wed May 19 03:09:52 2004: who.
Wed May 19 03:10:54 2004: who.
Wed May 19 03:11:16 2004: who.
Wed May 19 03:11:22 2004: who.
Wed May 19 03:11:38 2004: who.
Wed May 19 03:11:40 2004: who.
Wed May 19 03:11:48 2004: who.
Wed May 19 03:11:50 2004: who.
Wed May 19 03:11:52 2004: quit.
Wed May 19 03:11:54 2004: score.
Wed May 19 03:15:06 2004: who.
Wed May 19 03:15:12 2004: who.
Wed May 19 03:19:26 2004: l.
Wed May 19 03:19:28 2004: who.
Wed May 19 03:19:52 2004: who2.
Wed May 19 03:24:04 2004: save.
Wed May 19 03:24:14 2004: l.
Wed May 19 03:24:14 2004: who.
Wed May 19 03:24:24 2004: who.
Wed May 19 03:24:32 2004: say damn this sucks.
Wed May 19 03:24:48 2004: l.
Wed May 19 03:24:52 2004: who.
Wed May 19 03:25:14 2004: l.
Wed May 19 03:25:14 2004: who.
Wed May 19 03:32:08 2004: l.
Wed May 19 03:32:10 2004: who.
Wed May 19 03:33:16 2004: who2.
Wed May 19 03:33:18 2004: who.
Wed May 19 03:36:00 2004: who.
Wed May 19 03:37:52 2004: who.
Wed May 19 03:38:22 2004: who.
Wed May 19 03:41:18 2004: who.
Wed May 19 03:51:33 2004: save.
Wed May 19 03:51:43 2004: save.
Wed May 19 03:51:53 2004: save.
Wed May 19 03:52:03 2004: save.
Wed May 19 03:52:14 2004: save.
Wed May 19 03:54:50 2004: who.
Wed May 19 03:55:00 2004: who.
Wed May 19 18:13:06 2004: l.
Wed May 19 18:13:38 2004: l.
Wed May 19 18:18:48 2004: score.
Wed May 19 18:20:27 2004: l.
Wed May 19 18:21:27 2004: score.
Wed May 19 18:23:39 2004: score.
Wed May 19 18:24:54 2004: score.
Wed May 19 18:36:36 2004: score.
Wed May 19 18:36:38 2004: score.
Wed May 19 19:03:12 2004: l.
Wed May 19 19:03:24 2004: l.
Wed May 19 19:31:58 2004: save.
