98.11.12 17:45 A C:\players\feldegas\fog\emote_list.h <-- Nirvana /players/feldegast/fog/cmds emote_list.h
98.11.12 17:45 A C:\players\feldegas\fog\emotes.h <-- Nirvana /players/feldegast/fog/cmds emotes.h
98.11.12 17:45 A C:\players\feldegas\fog\emotes.bak <-- Nirvana /players/feldegast/fog/cmds emotes.bak
98.11.12 17:49 A C:\players\feldegas\fog\emote_list.h --> elof.cns.iit.edu /players/feldegast/fog/cmds emote_list.h
98.11.12 18:00 A C:\players\feldegas\fog\emote_list.h --> elof.cns.iit.edu /players/feldegast/fog/cmds emote_list.h
98.11.18 07:40 A C:\players\feldegas\fog\brand.c <-- Nirvana /players/feldegast/fog brand.c
98.11.18 07:40 A C:\players\feldegas\fog\master.c <-- Nirvana /players/feldegast/fog master.c
98.11.18 07:45 A C:\players\feldegas\fog\master.c --> elof.cns.iit.edu /players/feldegast/fog master.c
98.11.18 07:47 A C:\players\feldegas\fog\master.c --> elof.cns.iit.edu /players/feldegast/fog master.c
98.11.25 14:58 A C:\players\feldegas\fog\sort.c --> elof.cns.iit.edu /players/feldegast/std sort.c
98.11.25 15:00 A C:\players\feldegas\fog\sort.c --> elof.cns.iit.edu /players/feldegast/std sort.c
98.11.25 15:05 A C:\players\feldegas\fog\sort.c --> elof.cns.iit.edu /players/feldegast/std sort.c
98.11.25 15:09 A C:\players\feldegas\fog\sort.c --> elof.cns.iit.edu /players/feldegast/std sort.c
98.11.25 15:16 A C:\players\feldegas\fog\sort.c --> elof.cns.iit.edu /players/feldegast/std sort.c
98.11.25 15:18 A C:\players\feldegas\fog\sort.c --> elof.cns.iit.edu /players/feldegast/std sort.c
98.11.29 12:54 A C:\players\feldegas\fog\brand.c <-- Nirvana /players/feldegast/fog brand.c
98.11.29 12:54 A C:\players\feldegas\fog\helpfile.txt <-- Nirvana /players/feldegast/fog helpfile.txt
98.11.29 12:54 A C:\players\feldegas\fog\master.c <-- Nirvana /players/feldegast/fog master.c
98.12.16 00:43 A C:\players\feldegas\fog\brand.c <-- Nirvana /players/feldegast/fog brand.c
98.12.16 00:45 A C:\players\feldegas\fog\master.c <-- Nirvana /players/feldegast/fog master.c
98.12.16 00:45 A C:\players\feldegas\fog\master.c --> elof.cns.iit.edu /players/feldegast/fog master.c
100.07.19 01:59 A C:\players\feldegas\fog\emotes.bak --> nirvana.mudservices.com /players/feldegast/fog emotes.bak
100.07.19 01:59 A C:\players\feldegas\fog\brand.c --> nirvana.mudservices.com /players/feldegast/fog brand.c
100.07.19 01:59 A C:\players\feldegas\fog\master.c --> nirvana.mudservices.com /players/feldegast/fog master.c
100.07.19 01:59 A C:\players\feldegas\fog\sort.c --> nirvana.mudservices.com /players/feldegast/fog sort.c
100.07.19 01:59 A C:\players\feldegas\fog\emote_list.h --> nirvana.mudservices.com /players/feldegast/fog emote_list.h
100.07.19 01:59 A C:\players\feldegas\fog\emotes.h --> nirvana.mudservices.com /players/feldegast/fog emotes.h
100.07.19 01:59 A C:\players\feldegas\fog\ws_ftp.log --> nirvana.mudservices.com /players/feldegast/fog ws_ftp.log
100.07.19 01:59 A C:\players\feldegas\fog\helpfile.txt --> nirvana.mudservices.com /players/feldegast/fog helpfile.txt
100.07.19 02:02 A C:\players\feldegas\fog\emotes.bak --> nirvana.mudservices.com /open/snakespear/fog emotes.bak
100.07.19 02:02 A C:\players\feldegas\fog\brand.c --> nirvana.mudservices.com /open/snakespear/fog brand.c
100.07.19 02:02 A C:\players\feldegas\fog\master.c --> nirvana.mudservices.com /open/snakespear/fog master.c
100.07.19 02:02 A C:\players\feldegas\fog\sort.c --> nirvana.mudservices.com /open/snakespear/fog sort.c
100.07.19 02:02 A C:\players\feldegas\fog\emote_list.h --> nirvana.mudservices.com /open/snakespear/fog emote_list.h
100.07.19 02:03 A C:\players\feldegas\fog\emotes.h --> nirvana.mudservices.com /open/snakespear/fog emotes.h
