Thu Aug 28 13:27:24 2003Vital: lvl=60, coins=46517.
Thu Aug 28 13:28:12 2003Vital: lvl=60, coins=46517.
Thu Aug 28 19:10:40 2003Chant: lvl=19, coins=700.
Thu Aug 28 21:12:19 2003Hoyle: lvl=19, coins=35636.
Fri Aug 29 01:11:40 2003Chant: lvl=19, coins=25002.
Fri Aug 29 02:17:51 2003Chant: lvl=19, coins=96075.
Fri Aug 29 13:22:31 2003Chant: lvl=19, coins=16532.
Fri Aug 29 14:42:17 2003Chant: lvl=19, coins=39261.
Fri Aug 29 20:23:04 2003Doodle: lvl=19, coins=57139.
Sat Aug 30 00:41:14 2003Chant: lvl=19, coins=33707.
Sat Aug 30 02:01:54 2003Chant: lvl=19, coins=64755.
Sat Aug 30 02:05:40 2003Chant: lvl=19, coins=80000.
Sat Aug 30 03:00:52 2003Chant: lvl=19, coins=13477.
Sat Aug 30 14:58:09 2003Chant: lvl=19, coins=79400.
Sat Aug 30 22:22:47 2003Doodle: lvl=19, coins=32522.
Sun Aug 31 00:30:31 2003Chant: lvl=19, coins=80000.
Sun Aug 31 09:41:28 2003Drizzt: lvl=18, coins=6875.
Sun Aug 31 09:56:23 2003Drizzt: lvl=18, coins=1545.
Sun Aug 31 20:25:03 2003Doodle: lvl=19, coins=55598.
Sun Aug 31 21:07:33 2003Chant: lvl=19, coins=0.
Sun Aug 31 21:18:21 2003Doodle: lvl=19, coins=28798.
Sun Aug 31 22:38:46 2003Doodle: lvl=19, coins=71302.
Mon Sep  1 03:28:05 2003Chant: lvl=19, coins=59534.
Mon Sep  1 08:50:42 2003Doodle: lvl=19, coins=76496.
Mon Sep  1 08:52:48 2003Doodle: lvl=19, coins=78885.
Mon Sep  1 11:49:03 2003Doodle: lvl=19, coins=76655.
Mon Sep  1 11:59:33 2003Doodle: lvl=19, coins=35468.
Mon Sep  1 16:36:12 2003Chant: lvl=19, coins=38272.
Mon Sep  1 16:56:57 2003Chant: lvl=19, coins=20048.
Mon Sep  1 18:27:27 2003Humble: lvl=19, coins=34655.
Mon Sep  1 19:28:50 2003Chant: lvl=19, coins=54034.
Mon Sep  1 19:30:02 2003Chant: lvl=19, coins=54034.
Mon Sep  1 22:07:29 2003Chant: lvl=19, coins=5000.
Tue Sep  2 01:26:26 2003Chant: lvl=19, coins=19400.
Tue Sep  2 01:27:32 2003Chant: lvl=19, coins=23352.
Tue Sep  2 09:57:07 2003Doodle: lvl=19, coins=20006.
Tue Sep  2 16:17:20 2003Doodle: lvl=19, coins=45811.
Tue Sep  2 16:28:34 2003Doodle: lvl=19, coins=55987.
Wed Sep  3 00:21:24 2003Chant: lvl=19, coins=80000.
Wed Sep  3 00:40:04 2003Goshawk: lvl=18, coins=21005.
Wed Sep  3 07:51:46 2003Humble: lvl=19, coins=665.
Wed Sep  3 16:42:45 2003Chant: lvl=19, coins=51708.
Wed Sep  3 18:52:36 2003Pike: lvl=19, coins=48198.
Wed Sep  3 18:53:06 2003Pike: lvl=19, coins=48198.
Wed Sep  3 19:34:13 2003Chant: lvl=19, coins=58400.
Thu Sep  4 03:17:32 2003Chant: lvl=19, coins=79400.
Thu Sep  4 03:51:00 2003Chant: lvl=19, coins=752.
Thu Sep  4 16:02:05 2003DeathKnight: lvl=19, coins=45693.
Thu Sep  4 18:34:39 2003Chant: lvl=19, coins=30081.
Thu Sep  4 20:25:00 2003Chant: lvl=19, coins=37154.
Fri Sep  5 15:28:14 2003Chant: lvl=19, coins=58171.
Fri Sep  5 15:40:07 2003Yoshimitsu: lvl=19, coins=80000.
Fri Sep  5 17:50:05 2003Doodle: lvl=19, coins=68011.
Sat Sep  6 01:43:07 2003DeathKnight: lvl=19, coins=55231.
Sat Sep  6 09:44:51 2003Doodle: lvl=19, coins=23714.
Sat Sep  6 10:25:06 2003Doodle: lvl=19, coins=37184.
Sat Sep  6 13:02:17 2003Flip: lvl=19, coins=80000.
Sat Sep  6 15:04:01 2003Lance: lvl=19, coins=42327.
Sat Sep  6 16:07:55 2003DeathKnight: lvl=19, coins=20006.
Sat Sep  6 20:07:36 2003Doodle: lvl=19, coins=34470.
Sat Sep  6 20:32:41 2003Doodle: lvl=19, coins=65906.
Sat Sep  6 22:24:47 2003Chant: lvl=19, coins=10126.
Sun Sep  7 01:01:50 2003Ghost: lvl=19, coins=64817.
Sun Sep  7 01:05:36 2003Wolfpac: lvl=19, coins=3404.
Sun Sep  7 01:13:09 2003Chant: lvl=19, coins=1926.
Sun Sep  7 01:57:35 2003Ghost: lvl=19, coins=74844.
Sun Sep  7 20:00:48 2003Chant: lvl=19, coins=79769.
Sun Sep  7 21:06:07 2003Chant: lvl=19, coins=80000.
Mon Sep  8 02:50:32 2003Humakt: lvl=15, coins=23209.
Mon Sep  8 02:55:30 2003Humakt: lvl=15, coins=27788.
Mon Sep  8 15:17:44 2003Borealis: lvl=19, coins=20.
Mon Sep  8 15:27:10 2003Borealis: lvl=19, coins=3797.
Tue Sep  9 11:06:05 2003Chant: lvl=19, coins=73396.
Wed Sep 10 16:01:57 2003Savin: lvl=10, coins=55158.
Wed Sep 10 17:25:38 2003Savin: lvl=10, coins=2408.
Wed Sep 10 18:51:21 2003Kia: lvl=12, coins=25024.
Wed Sep 10 19:36:13 2003Doodle: lvl=19, coins=55704.
Thu Sep 11 00:23:27 2003Jax: lvl=7, coins=80000.
Thu Sep 11 04:29:28 2003Chant: lvl=19, coins=20710.
Thu Sep 11 08:34:26 2003Doodle: lvl=19, coins=40798.
Thu Sep 11 08:35:50 2003Doodle: lvl=19, coins=45604.
Thu Sep 11 13:56:16 2003Chant: lvl=19, coins=41838.
Thu Sep 11 15:36:46 2003Chant: lvl=19, coins=34650.
Thu Sep 11 16:29:29 2003Chant: lvl=19, coins=47000.
Thu Sep 11 17:50:18 2003Chant: lvl=19, coins=46580.
Fri Sep 12 03:08:51 2003Chant: lvl=19, coins=70572.
Fri Sep 12 12:47:39 2003Chant: lvl=19, coins=17423.
Fri Sep 12 13:38:10 2003Chant: lvl=19, coins=80000.
Fri Sep 12 16:07:25 2003Rothgar: lvl=14, coins=49942.
Fri Sep 12 16:09:01 2003Rothgar: lvl=14, coins=49942.
Fri Sep 12 20:30:46 2003Grace: lvl=3, coins=40576.
Fri Sep 12 23:47:37 2003Chant: lvl=19, coins=3520.
Sat Sep 13 01:31:14 2003Chant: lvl=19, coins=24725.
Sat Sep 13 10:13:49 2003Flip: lvl=19, coins=44255.
Sat Sep 13 19:37:18 2003Chant: lvl=19, coins=3423.
Sat Sep 13 19:45:02 2003Chant: lvl=19, coins=7943.
Sat Sep 13 20:43:28 2003Ghost: lvl=19, coins=17371.
Sat Sep 13 21:26:27 2003Chant: lvl=19, coins=59623.
Sat Sep 13 21:53:18 2003Chant: lvl=19, coins=73479.
Sun Sep 14 10:04:19 2003Kia: lvl=12, coins=76503.
Sun Sep 14 17:31:20 2003Rothgar: lvl=14, coins=33865.
Mon Sep 15 11:32:21 2003Rothgar: lvl=14, coins=49379.
Mon Sep 15 15:08:06 2003Savin: lvl=10, coins=29159.
Mon Sep 15 21:20:18 2003Chant: lvl=19, coins=20325.
Tue Sep 16 01:19:40 2003Chant: lvl=19, coins=44512.
Tue Sep 16 21:30:09 2003Backwards: lvl=19, coins=431.
Wed Sep 17 13:20:25 2003Chant: lvl=19, coins=49322.
Wed Sep 17 16:09:05 2003Chant: lvl=19, coins=80000.
Wed Sep 17 17:49:53 2003Kia: lvl=16, coins=11182.
Thu Sep 18 06:12:31 2003Grog: lvl=19, coins=48023.
Thu Sep 18 07:23:53 2003Humble: lvl=19, coins=9652.
Thu Sep 18 18:49:03 2003Savin: lvl=11, coins=43810.
Fri Sep 19 01:16:16 2003Chant: lvl=19, coins=6857.
Fri Sep 19 09:39:15 2003Doodle: lvl=19, coins=51978.
Fri Sep 19 12:32:51 2003Doodle: lvl=19, coins=57404.
Sun Sep 21 18:02:43 2003Chant: lvl=19, coins=40175.
Sun Sep 21 19:22:42 2003Chant: lvl=19, coins=8613.
Sun Sep 21 23:50:24 2003Fenfir: lvl=4, coins=147.
Mon Sep 22 14:26:40 2003Chant: lvl=19, coins=0.
Mon Sep 22 14:58:01 2003Chant: lvl=19, coins=69556.
Mon Sep 22 18:01:33 2003Chant: lvl=19, coins=74786.
Mon Sep 22 22:33:11 2003Chant: lvl=19, coins=80000.
Mon Sep 22 22:38:28 2003Hoyle: lvl=19, coins=66877.
Tue Sep 23 12:57:38 2003Chant: lvl=19, coins=3783.
Tue Sep 23 22:37:33 2003Doodle: lvl=19, coins=68000.
Wed Sep 24 10:50:24 2003Doodle: lvl=19, coins=60211.
Wed Sep 24 12:54:51 2003Doodle: lvl=19, coins=54276.
Wed Sep 24 14:22:46 2003Hoyle: lvl=19, coins=1156.
Wed Sep 24 14:23:12 2003Hoyle: lvl=19, coins=1156.
Wed Sep 24 17:22:58 2003Mosh: lvl=15, coins=29645.
Wed Sep 24 18:25:57 2003Someone: lvl=100, coins=80000.
Thu Sep 25 08:35:37 2003Doodle: lvl=19, coins=55624.
Thu Sep 25 14:39:27 2003Hoyle: lvl=19, coins=9896.
Thu Sep 25 16:04:45 2003Hoyle: lvl=19, coins=794.
Thu Sep 25 17:15:11 2003Hottentot: lvl=19, coins=68120.
Thu Sep 25 21:16:42 2003Bardox: lvl=8, coins=69052.
Fri Sep 26 16:18:39 2003Hottentot: lvl=19, coins=38999.
Fri Sep 26 16:22:27 2003Bardox: lvl=8, coins=10648.
Fri Sep 26 16:24:40 2003Hottentot: lvl=19, coins=22781.
Fri Sep 26 17:30:39 2003Bardox: lvl=7, coins=1312.
Sat Sep 27 00:14:03 2003Mosh: lvl=16, coins=55000.
Sat Sep 27 00:41:05 2003Bardox: lvl=7, coins=52410.
Sat Sep 27 08:39:19 2003Hottentot: lvl=19, coins=28353.
Sat Sep 27 12:16:53 2003Bardox: lvl=10, coins=100.
Sat Sep 27 12:23:47 2003Bardox: lvl=10, coins=150.
Sat Sep 27 13:59:54 2003Bardox: lvl=10, coins=50048.
Sat Sep 27 16:59:29 2003Bardox: lvl=10, coins=53282.
Sat Sep 27 21:35:44 2003Bardox: lvl=10, coins=1250.
Sat Sep 27 22:34:57 2003Hoyle: lvl=19, coins=53441.
Sun Sep 28 08:41:47 2003Poggio: lvl=19, coins=70099.
Sun Sep 28 19:11:19 2003Bardox: lvl=10, coins=55447.
Sun Sep 28 20:16:02 2003Doodle: lvl=19, coins=63200.
Sun Sep 28 22:32:26 2003Bardox: lvl=10, coins=79779.
Sun Sep 28 22:41:39 2003Bardox: lvl=10, coins=79779.
Mon Sep 29 01:47:35 2003Bardox: lvl=10, coins=24200.
Mon Sep 29 03:25:22 2003Bardox: lvl=10, coins=44489.
Mon Sep 29 14:15:11 2003Bardox: lvl=9, coins=41500.
Mon Sep 29 14:21:59 2003Doodle: lvl=19, coins=80000.
Mon Sep 29 15:29:13 2003Bardox: lvl=9, coins=70133.
Mon Sep 29 16:46:14 2003Doodle: lvl=19, coins=46700.
Mon Sep 29 19:50:14 2003Bardox: lvl=9, coins=10508.
Mon Sep 29 20:22:07 2003Bardox: lvl=9, coins=1583.
Mon Sep 29 21:19:10 2003Bardox: lvl=9, coins=11204.
Mon Sep 29 23:56:27 2003Hoyle: lvl=19, coins=10201.
Tue Sep 30 07:52:50 2003Lance: lvl=19, coins=10530.
Tue Sep 30 09:05:46 2003Lance: lvl=19, coins=8272.
Tue Sep 30 12:56:57 2003Lance: lvl=19, coins=35310.
Tue Sep 30 13:19:43 2003Lance: lvl=19, coins=15306.
Tue Sep 30 14:23:44 2003Bardox: lvl=9, coins=39700.
Tue Sep 30 14:46:59 2003Hottentot: lvl=19, coins=47806.
Wed Oct  1 10:53:42 2003Bardox: lvl=9, coins=53389.
Wed Oct  1 15:11:41 2003Hoyle: lvl=19, coins=43726.
Wed Oct  1 18:52:57 2003Bardox: lvl=10, coins=34325.
Thu Oct  2 13:35:53 2003Bardox: lvl=10, coins=80000.
Thu Oct  2 14:38:29 2003Bardox: lvl=10, coins=80000.
Fri Oct  3 15:27:47 2003Someone: lvl=100, coins=266.
Fri Oct  3 16:24:45 2003Bardox: lvl=15, coins=64952.
Fri Oct  3 18:44:30 2003Doodle: lvl=19, coins=32177.
Fri Oct  3 20:37:05 2003Doodle: lvl=19, coins=59814.
Sat Oct  4 13:06:24 2003Black: lvl=16, coins=77347.
Sat Oct  4 13:52:27 2003Doodle: lvl=19, coins=36418.
Sat Oct  4 22:44:55 2003Bardox: lvl=15, coins=71300.
Sun Oct  5 10:36:30 2003Doodle: lvl=19, coins=45892.
Mon Oct  6 00:08:45 2003Bardox: lvl=15, coins=23800.
Mon Oct  6 00:29:10 2003Bardox: lvl=15, coins=73800.
Mon Oct  6 15:15:09 2003Bardox: lvl=15, coins=80000.
Tue Oct  7 01:55:33 2003Bardox: lvl=15, coins=71192.
Tue Oct  7 03:41:52 2003Bardox: lvl=15, coins=20.
Tue Oct  7 03:48:53 2003Bardox: lvl=15, coins=80000.
Tue Oct  7 10:26:34 2003Humble: lvl=19, coins=85.
Tue Oct  7 11:42:47 2003Bardox: lvl=15, coins=33864.
Tue Oct  7 12:20:25 2003Bardox: lvl=15, coins=39137.
Tue Oct  7 14:36:19 2003Bardox: lvl=15, coins=0.
Tue Oct  7 16:16:09 2003Bardox: lvl=15, coins=80000.
Tue Oct  7 21:41:00 2003Flip: lvl=12, coins=47021.
Tue Oct  7 23:10:43 2003Bardox: lvl=15, coins=79100.
Wed Oct  8 13:01:02 2003Bardox: lvl=15, coins=31576.
Wed Oct  8 19:10:47 2003Bardox: lvl=15, coins=51575.
Wed Oct  8 21:16:13 2003Bardox: lvl=15, coins=32358.
Wed Oct  8 21:35:33 2003Doodle: lvl=19, coins=48848.
Thu Oct  9 11:05:18 2003Flip: lvl=17, coins=9433.
Fri Oct 10 02:59:15 2003Bardox: lvl=15, coins=80000.
Fri Oct 10 13:51:03 2003Chant: lvl=19, coins=44102.
Sat Oct 11 14:02:50 2003Kirabrat: lvl=10, coins=45990.
Sat Oct 11 20:25:04 2003Spyder: lvl=19, coins=67252.
Sat Oct 11 22:51:12 2003Bardox: lvl=15, coins=39654.
Sun Oct 12 21:34:57 2003Doodle: lvl=19, coins=24329.
Sun Oct 12 23:53:15 2003Doodle: lvl=19, coins=72753.
Mon Oct 13 08:42:03 2003Backwards: lvl=19, coins=2179.
Mon Oct 13 22:34:29 2003Doodle: lvl=19, coins=41783.
Tue Oct 14 09:09:31 2003Doodle: lvl=19, coins=1155.
Tue Oct 14 11:59:56 2003Bardox: lvl=15, coins=42937.
Tue Oct 14 15:52:56 2003Doodle: lvl=19, coins=59200.
Tue Oct 14 19:11:37 2003Diesel: lvl=19, coins=5957.
Fri Oct 17 09:34:58 2003Doodle: lvl=19, coins=28853.
Fri Oct 17 14:58:34 2003Bardox: lvl=15, coins=40400.
Fri Oct 17 15:18:58 2003Bardox: lvl=15, coins=60200.
Fri Oct 17 19:55:58 2003Doodle: lvl=19, coins=613.
Mon Oct 20 22:12:02 2003Doodle: lvl=19, coins=71176.
Fri Oct 24 11:59:49 2003Hoyle: lvl=19, coins=73175.
Tue Oct 28 14:51:28 2003Kirabrat: lvl=10, coins=67114.
Thu Oct 30 13:55:07 2003Southstar: lvl=19, coins=23408.
Thu Oct 30 20:15:37 2003Wrasse: lvl=18, coins=45251.
Fri Oct 31 10:38:53 2003Doodle: lvl=19, coins=80000.
Sat Nov  1 03:51:09 2003Sephiroth: lvl=17, coins=75800.
Sat Nov  1 23:35:38 2003Entreri: lvl=19, coins=800.
Sat Nov  1 23:35:46 2003Entreri: lvl=19, coins=800.
Mon Nov  3 15:03:18 2003Jarana: lvl=19, coins=32641.
Tue Nov  4 22:31:56 2003Doodle: lvl=19, coins=46800.
Fri Nov  7 16:09:48 2003Southstar: lvl=19, coins=43304.
Sat Nov  8 10:24:48 2003Southstar: lvl=19, coins=14979.
Sat Nov  8 14:17:05 2003Southstar: lvl=19, coins=18806.
Mon Nov 10 14:33:03 2003Sahara: lvl=19, coins=868.
Tue Nov 11 10:18:19 2003Sahara: lvl=19, coins=51972.
Tue Nov 11 16:37:47 2003Sahara: lvl=19, coins=75009.
Wed Nov 12 01:31:02 2003Chant: lvl=19, coins=39956.
Sat Nov 15 14:06:49 2003Doodle: lvl=19, coins=63175.
Sat Nov 15 15:26:18 2003Doodle: lvl=19, coins=43338.
Sat Nov 15 21:39:15 2003Doodle: lvl=19, coins=20797.
Sun Nov 16 06:47:12 2003Humble: lvl=19, coins=50066.
Sun Nov 16 06:47:22 2003Humble: lvl=19, coins=50066.
Tue Nov 18 13:12:04 2003Chant: lvl=19, coins=39901.
Wed Nov 19 00:40:03 2003Doodle: lvl=19, coins=66759.
Wed Nov 19 03:22:17 2003Humble: lvl=19, coins=4621.
Wed Nov 19 18:36:46 2003Chant: lvl=19, coins=4118.
Wed Nov 19 22:19:48 2003Doodle: lvl=19, coins=59719.
Wed Nov 19 22:28:30 2003Doodle: lvl=19, coins=64630.
Thu Nov 20 22:09:44 2003Doodle: lvl=19, coins=50000.
Sun Nov 23 21:38:16 2003Doodle: lvl=19, coins=50982.
Mon Nov 24 16:23:58 2003Doodle: lvl=19, coins=60800.
Wed Nov 26 15:15:19 2003Chant: lvl=19, coins=7357.
Wed Nov 26 20:59:13 2003Doodle: lvl=19, coins=40785.
Fri Nov 28 19:34:40 2003Doodle: lvl=19, coins=75345.
Sun Nov 30 13:49:34 2003Mizan: lvl=21, coins=77900.
Tue Dec  2 11:42:00 2003Treebeard: lvl=19, coins=39395.
Tue Dec  2 22:16:08 2003Doodle: lvl=19, coins=53741.
Wed Dec  3 09:25:35 2003Sahara: lvl=19, coins=42752.
Wed Dec  3 15:14:30 2003Lance: lvl=19, coins=300.
Fri Dec  5 13:43:39 2003Hottentot: lvl=19, coins=381.
Fri Dec  5 21:11:11 2003Humakt: lvl=15, coins=17061.
Fri Dec  5 21:24:47 2003Humakt: lvl=15, coins=31988.
Fri Dec  5 21:30:54 2003Humakt: lvl=15, coins=37382.
Fri Dec  5 21:44:13 2003Humakt: lvl=15, coins=48182.
Sun Dec  7 00:50:05 2003Gaidin: lvl=14, coins=80000.
Mon Dec  8 00:33:27 2003Chant: lvl=19, coins=58932.
Mon Dec  8 20:58:31 2003Jarana: lvl=19, coins=15871.
Tue Dec  9 09:36:27 2003Doodle: lvl=19, coins=25829.
Wed Dec 10 22:50:26 2003Steel: lvl=19, coins=80001.
Thu Dec 11 18:53:40 2003Chant: lvl=19, coins=23977.
Thu Dec 11 20:16:06 2003Chant: lvl=19, coins=80000.
Thu Dec 11 22:45:40 2003Chant: lvl=19, coins=26031.
Fri Dec 12 04:54:02 2003Chant: lvl=19, coins=74869.
Fri Dec 12 07:10:22 2003Hottentot: lvl=19, coins=280.
Fri Dec 12 09:05:54 2003Doodle: lvl=19, coins=1669.
Fri Dec 12 11:26:35 2003Doodle: lvl=19, coins=46735.
Fri Dec 12 14:07:25 2003Hudson: lvl=18, coins=5900.
Fri Dec 12 14:16:48 2003Hudson: lvl=18, coins=10595.
Fri Dec 12 15:29:57 2003Hudson: lvl=18, coins=26992.
Fri Dec 12 20:56:54 2003Hudson: lvl=18, coins=550.
Sat Dec 13 12:04:55 2003Doodle: lvl=19, coins=19049.
Sat Dec 13 14:29:43 2003Hottentot: lvl=19, coins=20275.
Sat Dec 13 16:33:40 2003Chant: lvl=19, coins=79100.
Sat Dec 13 19:52:11 2003Chant: lvl=19, coins=30954.
Sat Dec 13 22:07:03 2003Chant: lvl=19, coins=79400.
Sat Dec 13 22:45:51 2003Chant: lvl=19, coins=80000.
Sat Dec 13 23:42:40 2003Chant: lvl=19, coins=80000.
Sun Dec 14 04:41:31 2003Chant: lvl=19, coins=73257.
Sun Dec 14 05:02:58 2003Chant: lvl=19, coins=78550.
Sun Dec 14 06:42:22 2003Chant: lvl=19, coins=71242.
Sun Dec 14 18:23:33 2003Chant: lvl=19, coins=68947.
Mon Dec 15 06:44:39 2003Jarana: lvl=19, coins=41777.
Mon Dec 15 20:26:11 2003Razzel: lvl=8, coins=13721.
Tue Dec 16 04:30:25 2003Chant: lvl=19, coins=76849.
Tue Dec 16 21:11:59 2003Chant: lvl=19, coins=80000.
Tue Dec 16 21:41:51 2003Sahara: lvl=19, coins=29200.
Tue Dec 16 22:56:15 2003Chant: lvl=19, coins=70197.
Tue Dec 16 23:33:57 2003Chant: lvl=19, coins=31881.
Tue Dec 16 23:52:55 2003Chant: lvl=19, coins=34308.
Wed Dec 17 07:02:19 2003Hottentot: lvl=19, coins=9035.
Wed Dec 17 08:57:13 2003Doodle: lvl=19, coins=8146.
Wed Dec 17 13:56:33 2003Doodle: lvl=19, coins=1985.
Wed Dec 17 19:35:45 2003Chant: lvl=19, coins=37470.
Thu Dec 18 09:15:33 2003Maul: lvl=10, coins=53554.
Fri Dec 19 03:18:57 2003Maul: lvl=10, coins=0.
Fri Dec 19 03:23:35 2003Maul: lvl=10, coins=0.
Sat Dec 20 03:06:40 2003Maul: lvl=10, coins=55100.
Sat Dec 20 13:51:04 2003Chant: lvl=19, coins=40301.
Sat Dec 20 13:52:12 2003Shadowstorm: lvl=19, coins=16600.
Sat Dec 20 14:45:39 2003Chant: lvl=19, coins=71437.
Sun Dec 21 01:20:23 2003Chant: lvl=19, coins=80000.
Sun Dec 21 01:24:13 2003Chant: lvl=19, coins=80000.
Sun Dec 21 11:52:25 2003Hottentot: lvl=19, coins=37770.
Sun Dec 21 13:31:35 2003Hottentot: lvl=19, coins=43883.
Sun Dec 21 16:20:21 2003Hottentot: lvl=19, coins=39709.
Sun Dec 21 22:02:08 2003Hoyle: lvl=19, coins=29729.
Mon Dec 22 03:25:53 2003Chant: lvl=19, coins=1190.
Mon Dec 22 14:35:48 2003Chant: lvl=19, coins=15418.
Mon Dec 22 15:43:43 2003Hottentot: lvl=19, coins=45770.
Mon Dec 22 16:20:03 2003Chant: lvl=19, coins=80000.
Mon Dec 22 22:45:15 2003Sahara: lvl=19, coins=37000.
Mon Dec 22 22:47:46 2003Sahara: lvl=19, coins=37000.
Tue Dec 23 10:05:36 2003Sahara: lvl=19, coins=46624.
Tue Dec 23 13:39:53 2003Hottentot: lvl=19, coins=26374.
Wed Dec 24 14:15:32 2003Anthrax: lvl=19, coins=1031.
Wed Dec 24 15:25:57 2003Lich: lvl=19, coins=33446.
Thu Dec 25 09:58:51 2003Hottentot: lvl=19, coins=47835.
Thu Dec 25 18:20:12 2003Anthrax: lvl=19, coins=50500.
Fri Dec 26 09:14:29 2003Anthrax: lvl=19, coins=76509.
Fri Dec 26 15:41:38 2003Lich: lvl=19, coins=39516.
Sat Dec 27 09:01:39 2003Anthrax: lvl=19, coins=50154.
Sat Dec 27 15:21:38 2003Lich: lvl=19, coins=71327.
Sat Dec 27 22:36:28 2003Lich: lvl=19, coins=78909.
Sat Dec 27 22:41:23 2003Chant: lvl=19, coins=1602.
Sat Dec 27 23:07:50 2003Chant: lvl=19, coins=80000.
Sun Dec 28 09:32:21 2003DeathKnight: lvl=19, coins=70772.
Sun Dec 28 14:23:25 2003Anthrax: lvl=19, coins=42435.
Sun Dec 28 14:59:42 2003Chant: lvl=19, coins=60905.
Sun Dec 28 16:22:07 2003Chant: lvl=19, coins=46044.
Sun Dec 28 16:35:16 2003Chant: lvl=19, coins=15805.
Sun Dec 28 17:56:12 2003Chant: lvl=19, coins=61754.
Sun Dec 28 18:50:41 2003DeathKnight: lvl=19, coins=18714.
Sun Dec 28 20:20:47 2003Chant: lvl=19, coins=16645.
Mon Dec 29 04:20:47 2003Chant: lvl=19, coins=37856.
Mon Dec 29 04:32:59 2003Chant: lvl=19, coins=14381.
Mon Dec 29 08:34:22 2003DeathKnight: lvl=19, coins=40877.
Mon Dec 29 18:01:14 2003Chant: lvl=19, coins=25036.
Mon Dec 29 20:26:33 2003Chant: lvl=19, coins=80000.
Mon Dec 29 21:48:58 2003Chant: lvl=19, coins=80000.
Tue Dec 30 01:44:19 2003Chant: lvl=19, coins=50950.
Tue Dec 30 04:08:54 2003Chant: lvl=19, coins=27200.
Tue Dec 30 04:09:50 2003Chant: lvl=19, coins=26600.
Tue Dec 30 05:02:39 2003Chant: lvl=19, coins=64225.
Tue Dec 30 09:04:23 2003Anthrax: lvl=19, coins=9624.
Tue Dec 30 11:58:59 2003Anthrax: lvl=19, coins=21653.
Tue Dec 30 13:12:28 2003Hottentot: lvl=19, coins=45450.
Tue Dec 30 13:12:36 2003DeathKnight: lvl=19, coins=56839.
Tue Dec 30 20:03:11 2003DeathKnight: lvl=19, coins=38728.
Wed Dec 31 16:19:29 2003Chant: lvl=19, coins=29578.
Wed Dec 31 16:24:44 2003Chant: lvl=19, coins=55570.
Fri Jan  2 03:09:33 2004Chant: lvl=19, coins=80000.
Fri Jan  2 20:22:55 2004Anthrax: lvl=19, coins=43200.
Sun Jan  4 03:22:30 2004Chant: lvl=19, coins=55902.
Sun Jan  4 21:16:47 2004Bardox: lvl=13, coins=79963.
Mon Jan  5 16:18:21 2004Sahara: lvl=19, coins=78475.
Mon Jan  5 19:49:37 2004Chant: lvl=19, coins=40047.
Mon Jan  5 20:16:40 2004Chant: lvl=19, coins=30084.
Tue Jan  6 04:32:58 2004Chant: lvl=19, coins=77877.
Tue Jan  6 04:39:29 2004Chant: lvl=19, coins=54113.
Tue Jan  6 19:25:42 2004Sahara: lvl=19, coins=75374.
Wed Jan  7 00:59:59 2004Fecalstink: lvl=5, coins=69782.
Wed Jan  7 01:48:46 2004Fecalstink: lvl=10, coins=32892.
Wed Jan  7 02:36:38 2004Fecalstink: lvl=11, coins=35178.
Wed Jan  7 02:51:53 2004Fecalstink: lvl=12, coins=28484.
Wed Jan  7 04:16:26 2004Fecalstink: lvl=12, coins=47067.
Wed Jan  7 05:04:55 2004Fecalstink: lvl=13, coins=49893.
Wed Jan  7 17:36:57 2004Fecalstink: lvl=14, coins=51613.
Wed Jan  7 17:49:35 2004Fecalstink: lvl=15, coins=62200.
Wed Jan  7 19:51:35 2004Fecalstink: lvl=15, coins=50500.
Wed Jan  7 22:25:49 2004Fecalstink: lvl=15, coins=57933.
Wed Jan  7 23:23:46 2004Fecalstink: lvl=15, coins=64549.
Wed Jan  7 23:55:01 2004Fecalstink: lvl=16, coins=54559.
Thu Jan  8 01:09:18 2004Fecalstink: lvl=16, coins=54288.
Sat Jan 17 23:18:19 2004Pike: lvl=19, coins=80000.
Sun Jan 18 13:30:42 2004Hottentot: lvl=19, coins=37870.
Mon Jan 26 10:37:52 2004Lucius: lvl=19, coins=68047.
Mon Jan 26 10:38:16 2004Lucius: lvl=19, coins=68047.
Mon Jan 26 12:01:03 2004Someone: lvl=100, coins=78560.
Mon Jan 26 12:01:17 2004Someone: lvl=100, coins=78560.
Tue Jan 27 14:24:22 2004Vital: lvl=100, coins=78560.
Sat Jan 31 03:38:11 2004Cooper: lvl=19, coins=80000.
Mon Feb  2 23:33:34 2004Cooper: lvl=19, coins=60900.
Mon Feb  2 23:39:58 2004Cooper: lvl=19, coins=60900.
Wed Feb  4 17:17:50 2004Cooper: lvl=19, coins=26064.
Wed Feb 11 16:45:21 2004Chant: lvl=19, coins=11162.
Sat Feb 14 21:42:47 2004Punkette: lvl=9, coins=4488.
Thu Feb 19 23:42:33 2004Shadowraith: lvl=19, coins=40742.
Fri Feb 20 00:45:59 2004Shadowraith: lvl=19, coins=28212.
Sat Feb 28 10:05:23 2004Talen: lvl=6, coins=29034.
Mon Mar  8 16:55:30 2004Eban: lvl=5, coins=19915.
Sat Mar 20 01:07:18 2004Chant: lvl=19, coins=80000.
Sat Mar 20 15:10:49 2004Jarana: lvl=19, coins=10400.
Sun Mar 21 21:38:17 2004Chant: lvl=19, coins=44260.
Sun Mar 21 21:38:45 2004Chant: lvl=19, coins=44260.
Sun Mar 21 22:29:22 2004Chant: lvl=19, coins=77669.
Mon Mar 22 16:35:22 2004Wolverine: lvl=19, coins=27801.
Fri Mar 26 13:58:59 2004Dasani: lvl=16, coins=25030.
Wed Mar 31 02:43:19 2004Spawn: lvl=19, coins=70300.
Sun Apr  4 22:15:34 2004Spawn: lvl=19, coins=80000.
Mon Apr 12 15:49:57 2004Jarana: lvl=19, coins=35766.
Mon Apr 12 16:47:08 2004Jarana: lvl=19, coins=80000.
Tue Apr 13 13:47:09 2004Chant: lvl=19, coins=12562.
Tue Apr 13 14:35:13 2004Chant: lvl=19, coins=57230.
Thu Apr 15 17:35:07 2004Chant: lvl=19, coins=59165.
Fri Apr 16 18:38:21 2004Chant: lvl=19, coins=30043.
Mon Apr 19 11:40:05 2004Chant: lvl=19, coins=63200.
Mon Apr 19 12:57:47 2004Chant: lvl=19, coins=51243.
Tue Apr 20 16:10:39 2004Bardox: lvl=13, coins=9848.
Tue Apr 20 17:15:31 2004Konya: lvl=19, coins=18478.
Mon Apr 26 13:27:25 2004Chant: lvl=19, coins=109.
Mon Apr 26 13:28:47 2004Chant: lvl=19, coins=109.
Mon Apr 26 16:49:56 2004Chant: lvl=19, coins=54890.
Mon Apr 26 20:50:13 2004Scavenger: lvl=18, coins=38658.
Mon Apr 26 22:20:50 2004Scavenger: lvl=18, coins=38658.
Thu Apr 29 15:47:09 2004Bardox: lvl=13, coins=21382.
Fri Apr 30 00:22:19 2004Cooper: lvl=19, coins=43598.
Fri Apr 30 14:53:50 2004Cooper: lvl=19, coins=80000.
Fri Apr 30 16:32:28 2004Cooper: lvl=19, coins=26811.
Fri Apr 30 18:02:44 2004Cooper: lvl=19, coins=80000.
Mon May  3 14:20:05 2004Cooper: lvl=19, coins=52769.
Mon May  3 19:24:29 2004Chant: lvl=19, coins=44972.
Tue May  4 03:25:52 2004Chant: lvl=19, coins=34720.
Wed May  5 12:38:16 2004Cooper: lvl=19, coins=29452.
Wed May  5 16:34:28 2004Chant: lvl=19, coins=31413.
Thu May  6 13:34:23 2004Cooper: lvl=19, coins=1036.
Sat May  8 02:08:49 2004Cooper: lvl=19, coins=52000.
Mon May 10 15:44:13 2004Cooper: lvl=19, coins=17923.
Wed May 12 16:22:12 2004Cooper: lvl=19, coins=3049.
Sun May 16 12:13:55 2004Vital: lvl=100, coins=80000.
Sun May 16 12:48:24 2004Guest: lvl=1, coins=0.
Sun May 16 13:49:56 2004Cooper: lvl=19, coins=47200.
Mon May 17 18:54:23 2004Cooper: lvl=19, coins=305.
Fri May 21 15:57:58 2004Treebeard: lvl=19, coins=27430.
Fri May 21 20:46:23 2004Cooper: lvl=19, coins=16283.
Sat May 22 00:45:41 2004Cooper: lvl=19, coins=37731.
Sat May 22 14:05:52 2004Cooper: lvl=19, coins=15204.
Sat May 22 17:22:00 2004Cooper: lvl=19, coins=42849.
Sun May 23 23:09:16 2004Lich: lvl=19, coins=11944.
Mon May 24 08:29:24 2004Krunk: lvl=19, coins=17975.
Tue May 25 03:45:47 2004Cooper: lvl=19, coins=1414.
Tue May 25 04:11:14 2004Usagi: lvl=11, coins=40732.
Tue May 25 22:01:48 2004Cooper: lvl=19, coins=150.
Tue May 25 23:26:47 2004Cooper: lvl=19, coins=27910.
Wed May 26 13:23:08 2004Cooper: lvl=19, coins=1117.
Thu May 27 15:15:57 2004Cooper: lvl=19, coins=73.
Sat May 29 03:34:54 2004Toughguy: lvl=19, coins=61849.
Sat May 29 20:19:33 2004Cooper: lvl=19, coins=59576.
Sun May 30 01:28:44 2004Decimis: lvl=19, coins=36435.
Sat Jun  5 01:04:37 2004Sundin: lvl=19, coins=7046.
Sun Jun  6 03:40:48 2004Mosh: lvl=18, coins=18487.
Sun Jun 13 13:26:31 2004Whoa: lvl=19, coins=18458.
Fri Jun 18 16:45:44 2004Tenchu: lvl=19, coins=69324.
Mon Jun 21 05:15:00 2004Usagi: lvl=19, coins=61896.
Mon Jun 21 19:45:33 2004Preston: lvl=19, coins=50238.
Sun Jun 27 14:44:16 2004Wipeout: lvl=19, coins=196.
Mon Jun 28 02:12:27 2004Toughguy: lvl=19, coins=2001.
Mon Jun 28 02:15:09 2004Toughguy: lvl=19, coins=382.
Mon Jun 28 09:59:00 2004Doodle: lvl=19, coins=67843.
Tue Jun 29 05:36:07 2004Usagi: lvl=19, coins=80000.
Fri Jul  2 12:42:49 2004Kinshin: lvl=19, coins=35272.
Tue Jul 13 20:00:52 2004Nyasia: lvl=19, coins=59353.
Sun Jul 18 19:16:37 2004Demonic: lvl=19, coins=80000.
Sun Jul 18 20:00:31 2004Doodle: lvl=19, coins=53300.
Wed Aug  4 08:48:41 2004Bishop: lvl=19, coins=71493.
Mon Aug  9 00:52:23 2004Korwrath: lvl=18, coins=60761.
Fri Sep  3 23:17:50 2004Vahiti: lvl=19, coins=48544.
Sat Sep 18 03:36:26 2004Toughguy: lvl=19, coins=18278.
Sat Sep 18 04:06:33 2004Toughguy: lvl=19, coins=2395.
Sat Sep 18 04:07:01 2004Toughguy: lvl=19, coins=2395.
Sat Sep 18 05:13:36 2004Upus: lvl=19, coins=64664.
Sat Sep 18 16:51:31 2004Oaktree: lvl=4, coins=7054.
Mon Sep 20 19:49:20 2004Vahiti: lvl=19, coins=52557.
Fri Oct 22 14:02:46 2004Rothgar: lvl=19, coins=6247.
Sun Oct 24 18:38:38 2004Guest: lvl=1, coins=0.
Fri Nov  5 01:52:11 2004Bishop: lvl=19, coins=77278.
Tue Nov 16 23:49:05 2004Dervio: lvl=16, coins=75341.
Wed Nov 24 15:50:02 2004Cooper: lvl=19, coins=4789.
Wed Nov 24 16:13:34 2004Cooper: lvl=19, coins=525.
Wed Nov 24 16:31:11 2004Cooper: lvl=19, coins=117.
Wed Nov 24 18:26:16 2004Cooper: lvl=19, coins=1601.
Wed Nov 24 21:22:38 2004Cooper: lvl=19, coins=18734.
Wed Nov 24 23:14:30 2004Cooper: lvl=19, coins=29135.
Thu Dec 23 13:37:05 2004Cooper: lvl=19, coins=800.
Thu Dec 23 17:12:50 2004Cooper: lvl=19, coins=61607.
Wed Jan 12 18:47:46 2005Cooper: lvl=19, coins=881.
Wed Jan 12 22:17:24 2005Cooper: lvl=19, coins=48374.
Fri Jan 14 00:59:53 2005Cooper: lvl=19, coins=80000.
Sat Jan 15 00:32:59 2005Cooper: lvl=19, coins=52633.
Sun Jan 16 00:07:52 2005Cooper: lvl=19, coins=13480.
Sat Jan 22 00:51:37 2005Cooper: lvl=19, coins=33031.
Sat Jan 22 03:06:35 2005Cooper: lvl=19, coins=1221.
Wed Feb  2 20:59:19 2005Doodle: lvl=19, coins=65601.
Thu Feb 17 14:26:21 2005Cooper: lvl=19, coins=100.
Sun Feb 20 19:29:14 2005Cooper: lvl=19, coins=9.
Mon Feb 21 00:34:12 2005Cooper: lvl=19, coins=0.
Tue Feb 22 19:32:03 2005Cooper: lvl=19, coins=15573.
Tue Feb 22 20:50:13 2005Decimis: lvl=19, coins=9196.
Wed Feb 23 11:39:06 2005Decimis: lvl=19, coins=47579.
Thu Feb 24 00:23:14 2005Cooper: lvl=19, coins=23290.
Thu Feb 24 12:27:37 2005Cooper: lvl=19, coins=100.
Fri Feb 25 02:17:41 2005Cooper: lvl=19, coins=0.
Sat Feb 26 05:50:43 2005Korgon: lvl=19, coins=16201.
Sat Feb 26 15:03:36 2005Korgon: lvl=19, coins=30750.
Sat Feb 26 18:39:14 2005Korgon: lvl=19, coins=8190.
Sun Feb 27 00:31:15 2005Korgon: lvl=19, coins=11741.
Sun Feb 27 15:47:28 2005Korgon: lvl=19, coins=100.
Sun Feb 27 17:32:41 2005Korgon: lvl=19, coins=29641.
Wed Mar  2 20:57:01 2005Decimis: lvl=19, coins=55113.
Thu Mar  3 03:44:16 2005Decimis: lvl=19, coins=51922.
Fri Mar  4 17:33:42 2005Decimis: lvl=19, coins=48154.
Sat Mar  5 11:35:51 2005Decimis: lvl=19, coins=50425.
Tue Mar  8 02:54:22 2005Korgon: lvl=19, coins=23009.
Tue Mar  8 23:13:36 2005Korgon: lvl=19, coins=20734.
Wed Mar  9 03:04:00 2005Cooper: lvl=19, coins=50301.
Wed Mar  9 18:30:57 2005Hatoc: lvl=5, coins=18465.
Wed Mar  9 22:37:17 2005Hatoc: lvl=7, coins=80000.
Wed Mar  9 22:39:35 2005Hatoc: lvl=7, coins=15548.
Thu Mar 10 00:50:31 2005Hatoc: lvl=13, coins=47838.
Thu Mar 10 04:21:05 2005Hatoc: lvl=19, coins=58643.
Thu Mar 10 14:28:10 2005Hatoc: lvl=19, coins=46006.
Thu Mar 10 22:03:03 2005Hatoc: lvl=19, coins=4361.
Thu Mar 10 23:53:11 2005Hatoc: lvl=19, coins=53632.
Fri Mar 11 14:41:58 2005Hatoc: lvl=19, coins=90.
Sat Mar 12 02:38:46 2005Hatoc: lvl=19, coins=18088.
Sun Mar 13 22:59:12 2005Hatoc: lvl=19, coins=44593.
Sun Mar 13 23:02:35 2005Hatoc: lvl=19, coins=48527.
Mon Mar 14 14:27:34 2005Horus: lvl=19, coins=41684.
Mon Mar 14 20:36:35 2005Hatoc: lvl=19, coins=15339.
Tue Mar 15 00:33:20 2005Hatoc: lvl=19, coins=58454.
Tue Mar 15 03:05:45 2005Hatoc: lvl=19, coins=43204.
Wed Mar 16 19:15:10 2005Decimis: lvl=19, coins=7548.
Wed Mar 16 21:58:07 2005Decimis: lvl=19, coins=45567.
Thu Mar 17 01:58:18 2005Decimis: lvl=19, coins=56877.
Thu Mar 17 14:56:05 2005Hatoc: lvl=19, coins=23643.
Thu Mar 17 23:43:25 2005Hatoc: lvl=19, coins=51568.
Fri Mar 18 02:17:34 2005Hatoc: lvl=19, coins=80000.
Fri Mar 18 15:13:04 2005Hatoc: lvl=19, coins=2203.
Fri Mar 18 15:15:49 2005Hatoc: lvl=19, coins=16190.
Fri Mar 18 16:54:45 2005Hatoc: lvl=19, coins=37470.
Sat Mar 19 00:26:14 2005Upus: lvl=19, coins=71794.
Wed Mar 23 17:55:48 2005Vegeta: lvl=9, coins=76500.
Wed Mar 23 18:00:12 2005Vegeta: lvl=9, coins=11400.
Wed Mar 23 18:12:46 2005Vegeta: lvl=8, coins=0.
Wed Mar 23 19:25:25 2005Vegeta: lvl=10, coins=10407.
Thu Mar 24 01:00:02 2005Vegeta: lvl=13, coins=22750.
Thu Mar 24 07:57:02 2005Vegeta: lvl=13, coins=32962.
Thu Mar 24 08:06:01 2005Vegeta: lvl=13, coins=37303.
Thu Mar 24 08:07:23 2005Vegeta: lvl=13, coins=36303.
Thu Mar 24 12:40:39 2005Vegeta: lvl=14, coins=19556.
Thu Mar 24 12:56:46 2005Vegeta: lvl=14, coins=23929.
Thu Mar 24 13:15:24 2005Vegeta: lvl=14, coins=40640.
Thu Mar 24 13:18:46 2005Vegeta: lvl=14, coins=1230.
Thu Mar 24 18:59:54 2005Vegeta: lvl=15, coins=36793.
Thu Mar 24 21:55:05 2005Vegeta: lvl=15, coins=46513.
Thu Mar 24 21:59:19 2005Vegeta: lvl=15, coins=1242.
Fri Mar 25 00:37:28 2005Vegeta: lvl=16, coins=642.
Fri Mar 25 20:09:29 2005Vegeta: lvl=16, coins=738.
Fri Mar 25 23:20:16 2005Vegeta: lvl=17, coins=1789.
Sat Mar 26 03:25:21 2005Vegeta: lvl=17, coins=40404.
Sat Mar 26 07:34:47 2005Vegeta: lvl=18, coins=25984.
Sat Mar 26 11:11:04 2005Vegeta: lvl=18, coins=1063.
Sat Mar 26 18:57:37 2005Vegeta: lvl=18, coins=36556.
Sun Mar 27 10:59:24 2005Vegeta: lvl=19, coins=56659.
Sun Mar 27 13:28:15 2005Vegeta: lvl=19, coins=41217.
Sun Mar 27 17:30:20 2005Vegeta: lvl=19, coins=24285.
Sun Mar 27 22:03:29 2005Vegeta: lvl=19, coins=50026.
Mon Mar 28 15:12:35 2005Vegeta: lvl=19, coins=720.
Mon Mar 28 21:47:52 2005Vegeta: lvl=19, coins=9927.
Tue Mar 29 02:37:57 2005Vegeta: lvl=19, coins=28119.
Tue Mar 29 21:36:25 2005Vegeta: lvl=19, coins=28818.
Wed Mar 30 06:16:42 2005Vegeta: lvl=19, coins=221.
Wed Mar 30 08:58:14 2005Vegeta: lvl=19, coins=36569.
Wed Mar 30 21:15:25 2005Vegeta: lvl=19, coins=3057.
Wed Mar 30 22:34:30 2005Vegeta: lvl=19, coins=33315.
Fri Apr  1 12:34:48 2005Vegeta: lvl=19, coins=595.
Sun Apr  3 14:43:32 2005Wallace: lvl=19, coins=20585.
Sun Apr  3 14:44:49 2005Than: lvl=19, coins=719.
Mon Apr  4 15:34:02 2005Vegeta: lvl=19, coins=2700.
Mon Apr  4 19:00:07 2005Vegeta: lvl=19, coins=33516.
Mon Apr  4 22:23:49 2005Vegeta: lvl=19, coins=540.
Tue Apr  5 07:04:36 2005Vegeta: lvl=19, coins=28018.
Tue Apr  5 15:16:47 2005Vegeta: lvl=19, coins=488.
Tue Apr  5 19:08:11 2005Vegeta: lvl=19, coins=21519.
Tue Apr  5 23:42:38 2005Vegeta: lvl=19, coins=34626.
Wed Apr  6 07:49:28 2005Vegeta: lvl=19, coins=35158.
Wed Apr  6 11:27:19 2005Vegeta: lvl=19, coins=28983.
Wed Apr  6 19:11:38 2005Vegeta: lvl=19, coins=38856.
Wed Apr  6 23:01:06 2005Vegeta: lvl=19, coins=28538.
Thu Apr  7 02:13:12 2005Vegeta: lvl=19, coins=20397.
Thu Apr  7 18:42:03 2005Vegeta: lvl=19, coins=32848.
Thu Apr  7 23:06:32 2005Vegeta: lvl=19, coins=35510.
Mon Apr 11 21:23:31 2005Vegeta: lvl=19, coins=39844.
Sun Apr 17 18:10:44 2005Vegeta: lvl=19, coins=682.
Tue May  3 21:38:38 2005Feli: lvl=18, coins=41579.
Mon May  9 19:28:20 2005Mincho: lvl=10, coins=1777.
Tue May 10 02:45:36 2005Amiro: lvl=18, coins=32978.
Sat May 21 22:26:56 2005Vahiti: lvl=19, coins=9259.
Sun May 22 22:55:43 2005Sweetmisery: lvl=16, coins=80000.
Sun May 29 09:08:41 2005Spyder: lvl=19, coins=69333.
Sun May 29 22:48:01 2005Sundin: lvl=19, coins=72400.
Sun May 29 22:48:36 2005Sundin: lvl=19, coins=72400.
Sun May 29 22:51:55 2005Spyder: lvl=19, coins=76400.
Sun Jul  3 06:46:14 2005Z: lvl=19, coins=47138.
Mon Jul  4 23:35:46 2005Vistar: lvl=19, coins=68809.
Tue Jul 12 23:16:16 2005Scaven: lvl=19, coins=2053.
Thu Jul 14 08:51:20 2005Vistar: lvl=19, coins=60370.
Thu Jul 14 17:52:55 2005Vistar: lvl=19, coins=1251.
Fri Jul 15 08:32:18 2005Vistar: lvl=19, coins=5091.
Fri Jul 15 08:33:36 2005Vistar: lvl=19, coins=9303.
Tue Jul 19 08:21:56 2005Vistar: lvl=19, coins=47111.
Tue Jul 19 22:02:10 2005Artos: lvl=10, coins=49951.
Wed Jul 20 08:51:38 2005Vistar: lvl=19, coins=56013.
Wed Jul 20 09:10:58 2005Vistar: lvl=19, coins=26493.
Wed Jul 20 13:00:55 2005Vistar: lvl=19, coins=25834.
Sun Jul 24 10:26:22 2005Vistar: lvl=19, coins=59772.
Thu Jul 28 00:04:42 2005Vistar: lvl=19, coins=21976.
Fri Jul 29 08:37:57 2005Vistar: lvl=19, coins=18362.
Sat Jul 30 20:44:47 2005Vistar: lvl=19, coins=31142.
Wed Aug  3 20:05:10 2005Hellspawn: lvl=11, coins=8780.
Fri Aug  5 18:23:12 2005Artos: lvl=10, coins=51702.
Sun Aug  7 08:57:48 2005Vistar: lvl=19, coins=25315.
Sun Aug  7 10:03:52 2005Vistar: lvl=19, coins=7130.
Mon Aug  8 10:17:37 2005Vistar: lvl=19, coins=31991.
Fri Aug 12 12:12:07 2005White: lvl=10, coins=30459.
Sat Aug 13 00:31:59 2005Fil: lvl=8, coins=31380.
Sat Aug 13 00:33:33 2005Fil: lvl=8, coins=31380.
Sat Aug 13 22:02:46 2005Chant: lvl=19, coins=36714.
Sat Aug 13 22:03:58 2005Chant: lvl=19, coins=36714.
Mon Aug 15 17:59:09 2005Southstar: lvl=19, coins=31206.
Tue Aug 16 22:39:06 2005Vertebraker: lvl=1000, coins=67874.
Thu Aug 25 12:34:30 2005Vahiti: lvl=19, coins=18009.
Wed Aug 31 07:27:01 2005Vertebraker: lvl=1000, coins=40000.
Mon Sep 19 22:54:36 2005Budah: lvl=19, coins=2137.
Wed Sep 21 03:23:13 2005Drade: lvl=2, coins=10020.
Wed Sep 28 05:25:33 2005Upus: lvl=19, coins=70868.
Mon Oct  3 00:07:04 2005Budah: lvl=19, coins=40734.
Fri Oct 14 20:16:56 2005Thork: lvl=10, coins=15825.
Mon Oct 17 17:52:26 2005White: lvl=19, coins=65484.
Wed Nov  9 19:57:11 2005Volkar: lvl=19, coins=77466.
Tue Nov 15 22:16:29 2005Saphira: lvl=5, coins=19442.
Sun Nov 27 10:01:07 2005Mosh: lvl=19, coins=44135.
Wed Nov 30 21:06:33 2005Razzel: lvl=17, coins=39027.
Thu Dec  8 13:15:31 2005Artos: lvl=19, coins=60610.
Sat Dec 10 10:25:16 2005Artos: lvl=19, coins=67081.
Sat Dec 10 10:25:28 2005Artos: lvl=19, coins=67081.
Wed Dec 14 22:20:30 2005Levus: lvl=19, coins=67206.
Thu Dec 15 17:51:37 2005Achilles: lvl=19, coins=29126.
Thu Dec 15 17:52:15 2005Achilles: lvl=19, coins=29126.
Mon Dec 19 11:56:00 2005Whitehawk: lvl=19, coins=31762.
Mon Jan 23 07:58:45 2006Vahiti: lvl=19, coins=54865.
Wed Feb  8 18:47:35 2006Vahiti: lvl=19, coins=34642.
Mon Mar  6 15:20:34 2006Myth: lvl=11, coins=2288.
Wed Mar  8 10:31:36 2006Nos: lvl=18, coins=50743.
Sat Mar 11 00:20:55 2006Shayle: lvl=5, coins=6924.
Thu Mar 30 19:36:32 2006Cato: lvl=14, coins=12951.
Sun Apr  9 17:53:58 2006Doodle: lvl=19, coins=78200.
Tue Apr 25 15:08:02 2006Maul: lvl=17, coins=77164.
Wed Apr 26 13:01:03 2006Mobic: lvl=8, coins=52161.
Wed Apr 26 21:33:39 2006Ice: lvl=15, coins=4123.
Thu Apr 27 11:23:06 2006Mobic: lvl=19, coins=33800.
Thu Apr 27 18:48:54 2006Forbin: lvl=300, coins=80000.
Sun Apr 30 07:18:57 2006Mobic: lvl=19, coins=60000.
Sun May  7 22:21:14 2006Borith: lvl=5, coins=2218.
Tue May  9 20:27:47 2006War: lvl=19, coins=26068.
Thu May 18 23:10:23 2006Vegeta: lvl=19, coins=43685.
Fri May 26 06:12:28 2006Vegeta: lvl=19, coins=1506.
Sun May 28 00:04:00 2006Vegeta: lvl=19, coins=36611.
Sun May 28 09:06:55 2006Vegeta: lvl=19, coins=445.
Sun May 28 22:44:29 2006Vegeta: lvl=19, coins=39004.
Mon May 29 02:15:02 2006Vegeta: lvl=19, coins=49499.
Mon May 29 09:09:02 2006Vegeta: lvl=19, coins=801.
Mon May 29 16:23:11 2006Vegeta: lvl=19, coins=65222.
Sun Jun  4 07:27:14 2006Vegeta: lvl=19, coins=44315.
Sun Jun  4 09:34:50 2006Vegeta: lvl=19, coins=22156.
Mon Jun  5 06:12:55 2006Vegeta: lvl=19, coins=275.
Mon Jun  5 07:33:30 2006Vegeta: lvl=19, coins=1709.
Mon Jun  5 08:41:14 2006Vegeta: lvl=19, coins=6255.
Tue Jun  6 07:47:44 2006Vegeta: lvl=19, coins=899.
Tue Jun  6 11:35:12 2006Vegeta: lvl=19, coins=28678.
Tue Jun  6 18:05:08 2006Vegeta: lvl=19, coins=812.
Wed Jun  7 07:27:02 2006Vegeta: lvl=19, coins=811.
Thu Jun  8 10:26:47 2006Vegeta: lvl=19, coins=1701.
Thu Jun  8 14:43:52 2006Vegeta: lvl=19, coins=69872.
Thu Jun  8 23:21:22 2006Vegeta: lvl=19, coins=39797.
Fri Jun  9 06:01:17 2006Vegeta: lvl=19, coins=29134.
Fri Jun  9 16:08:03 2006Vegeta: lvl=19, coins=634.
Fri Jun  9 21:57:43 2006Vegeta: lvl=19, coins=14.
Sat Jun 10 10:34:31 2006DeathKnight: lvl=19, coins=10233.
Sun Jun 11 23:17:58 2006Hawkman: lvl=5, coins=2726.
Thu Jun 29 00:00:12 2006Kia: lvl=11, coins=13535.
Wed Jul 26 03:25:02 2006Garbageman: lvl=8, coins=10.
Wed Aug 02 19:20:56 2006Garbageman: lvl=8, coins=10.
Thu Aug  3 22:45:10 2006Maul: lvl=19, coins=77073.
Thu Aug  3 22:55:27 2006Maul: lvl=19, coins=752.
Sat Aug 12 05:07:06 2006Garbageman: lvl=8, coins=10.
Fri Aug 18 13:27:39 2006Chupacabra: lvl=19, coins=63607.
Sat Sep 16 07:23:43 2006Garbageman: lvl=8, coins=10.
Sat Sep 23 01:55:44 2006Garbageman: lvl=8, coins=30.
Mon Sep 25 09:04:30 2006Garbageman: lvl=8, coins=10.
Thu Oct  5 16:42:09 2006Decimis: lvl=19, coins=1001.
Sun Oct 08 17:36:41 2006Garbageman: lvl=8, coins=10.
Wed Nov 15 14:14:53 2006Garbageman: lvl=8, coins=10.
Wed Nov 15 18:07:59 2006Whitehawk: lvl=19, coins=2841.
Wed Dec 06 04:09:59 2006Garbageman: lvl=8, coins=10.
Fri Dec 15 14:39:19 2006Garbageman: lvl=8, coins=0.
Sat Dec 16 10:36:07 2006Garbageman: lvl=8, coins=10.
Sat Dec 16 14:39:39 2006Garbageman: lvl=8, coins=10.
Thu Dec 21 02:52:33 2006Beavis: lvl=12, coins=0.
Fri Dec 22 18:58:12 2006Garbageman: lvl=8, coins=10.
Sat Dec 23 22:16:43 2006Garbageman: lvl=8, coins=10.
Fri Mar 16 14:50:47 2007Garbageman: lvl=8, coins=10.
Wed Mar 28 23:57:31 2007Syn: lvl=1, coins=10.
Tue Apr 10 18:31:44 2007Syn: lvl=5, coins=22229.
Thu Apr 12 07:05:59 2007Garbageman: lvl=8, coins=20.
Tue Apr 17 22:45:44 2007Mordac: lvl=7, coins=19527.
Tue Apr 17 22:50:18 2007Mordread: lvl=5, coins=1694.
Tue Apr 17 22:50:28 2007Mordread: lvl=5, coins=1694.
Tue Apr 17 22:56:46 2007Mordac: lvl=7, coins=19527.
Wed May  9 23:17:41 2007Mo: lvl=40, coins=40000.
Wed May  9 23:31:55 2007Mo: lvl=40, coins=40000.
Tue May 15 09:30:04 2007Nietzsche: lvl=19, coins=64635.
Thu May 17 20:59:50 2007Garbageman: lvl=8, coins=10.
Mon May 21 01:21:13 2007Garbageman: lvl=8, coins=0.
Mon May 28 03:48:55 2007Lateef: lvl=19, coins=10670.
Sun Jun 03 03:45:56 2007Garbageman: lvl=8, coins=10.
Tue Jun 05 22:49:46 2007Garbageman: lvl=8, coins=10.
Sat Jun 16 10:01:21 2007Garbageman: lvl=8, coins=10.
Thu Jun 21 14:06:15 2007Troy: lvl=19, coins=56368.
Thu Jun 21 14:32:38 2007Hottentot: lvl=19, coins=54757.
Thu Jun 28 01:01:48 2007Teferi: lvl=16, coins=60426.
Thu Jul  5 02:13:13 2007Three: lvl=4, coins=49080.
Fri Jul 06 21:30:58 2007Garbageman: lvl=8, coins=10.
Fri Jul 13 01:13:39 2007Garbageman: lvl=8, coins=10.
Fri Jul 13 09:58:18 2007Angel: lvl=81, coins=45061.
Sat Jul 14 22:24:39 2007Garbageman: lvl=8, coins=10.
Sun Jul 22 20:56:50 2007Angel: lvl=81, coins=77591.
Tue Jul 24 12:18:59 2007Garbageman: lvl=8, coins=10.
Thu Jul 26 00:28:37 2007Herger: lvl=19, coins=542.
Thu Jul 26 10:59:47 2007Herger: lvl=19, coins=1785.
Thu Jul 26 17:48:39 2007Three: lvl=14, coins=80000.
Thu Jul 26 17:48:59 2007Herger: lvl=19, coins=50256.
Thu Jul 26 18:30:43 2007Herger: lvl=19, coins=7900.
Fri Jul 27 19:47:42 2007Herger: lvl=19, coins=84.
Fri Jul 27 23:16:50 2007Herger: lvl=19, coins=43471.
Sat Jul 28 07:03:23 2007Garbageman: lvl=8, coins=10.
Sun Jul 29 01:32:08 2007Herger: lvl=19, coins=4424.
Sun Jul 29 15:01:00 2007Someone: lvl=81, coins=80000.
Mon Jul 30 17:38:43 2007Herger: lvl=19, coins=38632.
Mon Jul 30 20:23:24 2007Herger: lvl=19, coins=16232.
Wed Aug  1 19:13:30 2007Herger: lvl=19, coins=15223.
Sat Aug  4 11:16:50 2007Vegeta: lvl=19, coins=1580.
Sat Aug  4 16:43:50 2007Vegeta: lvl=19, coins=46831.
Sat Aug  4 21:32:38 2007Vegeta: lvl=19, coins=24040.
Mon Aug  6 10:47:37 2007Mobic: lvl=19, coins=46586.
Mon Aug  6 10:51:39 2007Mobic: lvl=19, coins=50858.
Wed Aug  8 00:20:08 2007Decimis: lvl=19, coins=23560.
Thu Aug  9 00:24:37 2007Decimis: lvl=19, coins=1343.
Thu Aug  9 03:43:11 2007Decimis: lvl=19, coins=1980.
Sun Aug 12 19:57:38 2007Gogeta: lvl=19, coins=39069.
Sun Aug 12 21:04:02 2007Gogeta: lvl=19, coins=62185.
Sat Aug 18 03:10:51 2007Decimis: lvl=19, coins=16280.
Wed Aug 29 15:16:16 2007Sami: lvl=19, coins=80000.
Fri Sep 14 15:16:32 2007Blackstar: lvl=19, coins=760.
Wed Oct  3 22:38:47 2007Gogeta: lvl=19, coins=800.
Fri Oct 12 15:54:06 2007Garbageman: lvl=8, coins=10.
Mon Oct 22 09:16:56 2007Garbageman: lvl=8, coins=10.
Tue Oct 23 13:26:35 2007Garbageman: lvl=8, coins=10.
Mon Oct 29 14:54:47 2007Vertebraker: lvl=10000, coins=80000.
Fri Nov 02 20:58:51 2007Butthead: lvl=12, coins=1136.
Fri Nov 02 21:46:54 2007Beavis: lvl=12, coins=0.
Fri Nov 02 21:46:54 2007Butthead: lvl=12, coins=1136.
Fri Nov 02 21:46:54 2007Butthead: lvl=12, coins=0.
Fri Nov 02 21:46:54 2007Beavis: lvl=12, coins=0.
Fri Nov 02 21:49:50 2007Butthead: lvl=12, coins=1136.
Fri Nov 02 21:49:50 2007Beavis: lvl=12, coins=0.
Fri Nov 02 21:49:50 2007Butthead: lvl=12, coins=0.
Fri Nov 02 21:49:50 2007Butthead: lvl=12, coins=1136.
Fri Nov 02 22:00:54 2007Butthead: lvl=12, coins=0.
Fri Nov 02 22:31:33 2007Butthead: lvl=12, coins=0.
Fri Nov 02 23:35:21 2007Butthead: lvl=12, coins=1136.
Sat Nov 03 01:46:07 2007Beavis: lvl=12, coins=0.
Sat Nov 03 01:47:49 2007Beavis: lvl=12, coins=0.
Sat Nov 03 01:52:01 2007Beavis: lvl=12, coins=0.
Sat Nov 03 01:55:01 2007Beavis: lvl=12, coins=0.
Sat Nov 03 02:26:52 2007Beavis: lvl=12, coins=0.
Sat Nov 03 02:30:48 2007Butthead: lvl=12, coins=0.
Sat Nov 03 02:30:48 2007Beavis: lvl=12, coins=0.
Sat Nov 03 02:30:48 2007Butthead: lvl=12, coins=0.
Sat Nov 03 02:37:09 2007Beavis: lvl=12, coins=0.
Sat Nov 03 02:37:09 2007Butthead: lvl=12, coins=0.
Sat Nov 03 02:37:09 2007Beavis: lvl=12, coins=0.
Sat Nov 03 02:39:21 2007Butthead: lvl=12, coins=0.
Sat Nov 03 02:39:21 2007Beavis: lvl=12, coins=0.
Sat Nov 03 02:39:21 2007Butthead: lvl=12, coins=0.
Sat Nov 03 02:43:11 2007Butthead: lvl=12, coins=0.
Sat Nov 03 02:43:11 2007Beavis: lvl=12, coins=0.
Sat Nov 03 02:43:11 2007Butthead: lvl=12, coins=0.
Sat Nov 03 02:53:03 2007Beavis: lvl=12, coins=0.
Sat Nov 10 22:52:36 2007Decimis: lvl=19, coins=36775.
Sun Dec 23 18:40:38 2007Jacob: lvl=19, coins=63963.
Wed Jan  2 01:00:31 2008Bloodangle: lvl=19, coins=18662.
Wed Jan 16 18:40:06 2008Recon: lvl=5, coins=14807.
Thu Jan 24 00:14:21 2008Becka: lvl=19, coins=79700.
Mon Jan 28 10:28:37 2008Jenga: lvl=19, coins=2475.
Fri Feb  8 17:04:59 2008Timespliter: lvl=18, coins=5480.
Thu Feb 28 18:37:11 2008Esox: lvl=14, coins=15139.
Sun Jul  6 15:30:02 2008Ketzer: lvl=7, coins=15048.
Thu Jul 31 21:30:44 2008Rick: lvl=19, coins=69830.
Thu Jul 31 21:32:50 2008Rick: lvl=19, coins=69830.
Sun Sep  7 23:26:11 2008Saphira: lvl=19, coins=80000.
Mon Jan  5 13:05:41 2009Coglin: lvl=19, coins=38060.
Mon Mar 16 13:35:09 2009Shotcallin: lvl=11, coins=31590.
Mon Mar 16 13:52:32 2009Shotcallin: lvl=11, coins=30590.
Mon Mar 16 13:53:06 2009Shotcallin: lvl=11, coins=30590.
Sat May 23 22:06:46 2009Coglin: lvl=19, coins=43660.
Thu Jun  4 14:35:27 2009some mist: lvl=1, coins=0.
Fri Jun  5 10:50:38 2009Blackblade: lvl=2, coins=2653.
Fri Oct  9 13:03:49 2009Whitehawk: lvl=19, coins=11072.
Mon Dec 07 23:24:58 2009Garbageman: lvl=8, coins=141.
Wed Jan 20 10:43:06 2010Timespliter: lvl=19, coins=80000.
Fri Jan 29 18:31:56 2010Fastkill: lvl=19, coins=65291.
Mon Feb  1 11:13:06 2010Fastkill: lvl=19, coins=61463.
Thu Feb  4 00:24:38 2010Flood: lvl=19, coins=11557.
Wed Feb 24 09:36:32 2010Youngblood: lvl=19, coins=550.
Wed Apr 28 17:18:59 2010Troy: lvl=19, coins=35545.
Sat May  1 16:57:17 2010Marek: lvl=19, coins=77087.
Sat May  1 17:09:32 2010Marek: lvl=19, coins=78200.
Sun Nov 14 10:58:25 2010Heinous: lvl=19, coins=80000.
Sun Nov 14 11:05:01 2010Heinous: lvl=19, coins=80000.
Fri Dec 31 16:04:37 2010Jester: lvl=19, coins=19253.
Sat Jan 29 22:20:22 2011Bob: lvl=19, coins=20073.
Sun Jan 30 02:59:21 2011Humble: lvl=19, coins=39.
Wed Feb  9 02:37:46 2011Humble: lvl=19, coins=35822.
Sun Feb 13 00:40:26 2011Humble: lvl=19, coins=51468.
Sun Feb 13 01:46:11 2011Humble: lvl=19, coins=4740.
Sat Feb 26 20:35:03 2011Heinous: lvl=19, coins=14048.
Tue Mar 15 02:41:26 2011Humble: lvl=19, coins=15988.
Wed Mar 16 03:21:11 2011Humble: lvl=19, coins=3238.
Thu Mar 17 03:30:41 2011Humble: lvl=19, coins=1202.
Tue Apr 19 00:14:30 2011Titan: lvl=19, coins=31330.
Sun Jun 12 09:10:02 2011Artos: lvl=19, coins=21582.
Thu Jun 30 21:02:48 2011Nietzsche: lvl=19, coins=39452.
Sat Jul  9 00:42:18 2011Gizmo: lvl=18, coins=80000.
Sun Jul 10 19:32:02 2011Gizmo: lvl=19, coins=50970.
Mon Jul 11 15:20:15 2011Gizmo: lvl=19, coins=8658.
Mon Jul 11 16:56:09 2011Gizmo: lvl=19, coins=49033.
Sun Jul 24 07:40:49 2011Gizmo: lvl=19, coins=80000.
Sat Jul 30 11:37:52 2011Hexx: lvl=7, coins=14360.
Sat Jul 30 15:08:39 2011Baktrak: lvl=19, coins=47046.
Wed Aug 24 00:14:33 2011Kyrien: lvl=5, coins=2358.
Wed Feb 15 20:28:36 2012Hugh: lvl=19, coins=53636.
Mon Feb 20 12:04:13 2012Skeff: lvl=5, coins=51116.
Sat Feb 16 11:29:42 2013Shojiro: lvl=19, coins=1233.
Mon Feb 18 16:13:41 2013Chant: lvl=19, coins=37450.
Mon Feb 18 22:33:49 2013Scurge: lvl=1, coins=3801.
Mon Mar 11 06:00:56 2013Utt: lvl=14, coins=2237.
Mon Apr 15 17:33:23 2013Dragnar: lvl=60, coins=16000.
Fri May 10 20:22:28 2013Dreadbane: lvl=19, coins=77482.
Wed Jun 26 10:22:55 2013Mythrias: lvl=12, coins=23350.
Wed Jun 26 10:32:51 2013Mythrias: lvl=12, coins=23350.
Mon Dec 16 21:19:34 2013Sami: lvl=19, coins=1648.
Wed Jan  8 18:42:52 2014Jupis: lvl=15, coins=80000.
Sat Jan 18 00:11:10 2014Gogeta: lvl=19, coins=1696.
Mon Feb  3 21:28:50 2014Lebronjames: lvl=19, coins=35483.
Tue Feb  4 17:15:23 2014Floyd: lvl=12, coins=79940.
Tue Feb  4 22:10:32 2014Lebronjames: lvl=19, coins=79970.
Fri Feb  7 00:12:41 2014Krash: lvl=19, coins=3079.
Fri Feb  7 11:57:52 2014Krash: lvl=19, coins=65586.
Sun May 11 23:37:03 2014Krash: lvl=19, coins=32545.
Sat May 17 19:26:22 2014Deathseeker: lvl=19, coins=2185.
Sun Jun  1 22:01:17 2014Cooper: lvl=19, coins=32722.
Sun Jun  8 21:37:08 2014Cooper: lvl=19, coins=45000.
Wed Jul  2 23:33:18 2014Timespliter: lvl=19, coins=47645.
Sun Jul 20 20:41:51 2014Timespliter: lvl=19, coins=80000.
Sun Jul 27 16:03:43 2014Deathseeker: lvl=19, coins=37302.
Tue Jul 29 17:02:48 2014Kika: lvl=19, coins=71979.
Wed Aug 13 07:16:16 2014Shaggy: lvl=19, coins=1021.
Thu Aug 14 10:24:45 2014Humble: lvl=19, coins=80000.
Mon Sep  8 16:33:54 2014Talisman: lvl=15, coins=291.
Sat Nov  8 12:01:27 2014Malt: lvl=19, coins=80000.
Sun Dec  7 16:17:37 2014Rage: lvl=19, coins=37654.
Wed Feb 18 15:31:58 2015Mouzar: lvl=20, coins=68174.
Fri Mar 20 15:57:29 2015Slag: lvl=19, coins=80000.
Fri Mar 27 12:59:56 2015Slag: lvl=19, coins=80000.
Fri May  8 19:32:55 2015Sponge: lvl=19, coins=76000.
Sat May 23 22:27:01 2015Gon: lvl=19, coins=36645.
Sun May 31 22:22:59 2015Gon: lvl=19, coins=79793.
Thu Jun  4 20:45:06 2015Deathseeker: lvl=19, coins=74218.
Sat Aug 22 16:37:54 2015Symbio: lvl=19, coins=561.
Thu Aug 27 13:44:03 2015Sponge: lvl=19, coins=28921.
Tue Sep  1 23:13:14 2015Obama: lvl=8, coins=80000.
Sat Oct 10 23:23:48 2015Lebronjames: lvl=19, coins=58060.
Sun Oct 11 18:44:52 2015Lebronjames: lvl=19, coins=45859.
Fri Oct 16 19:04:20 2015Rumi: lvl=19, coins=15581.
Sun Oct 18 19:08:18 2015Lebronjames: lvl=19, coins=1820.
Mon Dec  7 01:58:20 2015Numark: lvl=13, coins=80000.
Mon Dec  7 02:09:44 2015Numark: lvl=13, coins=80000.
Thu Dec 17 19:31:28 2015Mosh: lvl=19, coins=63485.
Fri Jul 15 10:40:39 2016Darude: lvl=18, coins=0.
Thu Jul 28 20:50:40 2016Oberon: lvl=21, coins=28569.
Thu Jul 28 20:50:53 2016Oberon: lvl=21, coins=28569.
Tue Sep 13 20:51:05 2016Deathseeker: lvl=19, coins=80000.
Sat Sep 17 06:27:48 2016Hex: lvl=13, coins=79716.
Sun Nov 13 11:33:26 2016Gizmo: lvl=19, coins=73027.
Sun Nov 13 11:35:02 2016Gizmo: lvl=19, coins=73027.
Sun Nov 20 21:38:25 2016Krillgeta: lvl=19, coins=80000.
Sat Jan  7 10:01:06 2017Gizmo: lvl=19, coins=80000.
Sat Jan  7 21:42:36 2017Gizmo: lvl=19, coins=80000.
Sun Jan  8 10:20:56 2017Gizmo: lvl=19, coins=80000.
Mon Jan  9 13:21:16 2017Gizmo: lvl=19, coins=80000.
Mon Jan  9 14:44:36 2017Gizmo: lvl=19, coins=80000.
Thu Jan 12 17:59:02 2017Syn: lvl=19, coins=80000.
Fri Jan 13 18:00:57 2017Syn: lvl=19, coins=80000.
Fri Jan 13 18:16:54 2017Syn: lvl=19, coins=0.
Mon Jan 23 18:02:58 2017Syn: lvl=19, coins=80000.
Fri Jan 27 17:17:29 2017Syn: lvl=19, coins=80000.
Sun Jan 29 14:59:42 2017Syn: lvl=19, coins=80000.
