Badman left at Tue May 25 21:42:06 2004 with 0 coins
    and 316284 exps.
Avant left at Fri Jul  2 21:09:37 2004 with 60817 coins
    and 191380 exps.
Slimey left at Tue Aug 10 19:10:46 2004 with 7019 coins
    and 107129 exps.
Spore left at Fri Aug 27 01:02:59 2004 with 2215 coins
    and 4245 exps.
Assult left at Fri Nov 12 21:53:05 2004 with 1277 coins
    and 86954 exps.
Voluptula left at Tue Feb  1 14:41:36 2005 with 13316 coins
    and 51774 exps.
Voluptula left at Thu Feb 17 13:17:32 2005 with 33829 coins
    and 92927 exps.
Hatoc left at Tue Apr 19 21:01:18 2005 with 18205 coins
    and 11158160 exps.
Hatoc left at Fri Apr 22 10:59:25 2005 with 79902 coins
    and 13444745 exps.
Blackrose left at Thu Jun  9 23:58:09 2005 with 11791 coins
    and 242267 exps.
Fil left at Sat Sep  3 02:22:15 2005 with 75117 coins
    and 257152 exps.
Dp left at Tue Sep 20 13:33:26 2005 with 10450 coins
    and 7067 exps.
Fil left at Tue Oct 11 04:47:49 2005 with 80000 coins
    and 907580 exps.
Trash left at Sat Nov  5 09:24:02 2005 with 252 coins
    and 120 exps.
Trash left at Sat Nov  5 09:26:01 2005 with 923 coins
    and 146 exps.
Lok left at Thu Jan 19 13:46:30 2006 with 12824 coins
    and 159233 exps.
Verbalslap left at Sat Apr 15 13:54:26 2006 with 5094 coins
    and 7606 exps.
Tembo left at Tue Apr 18 18:05:31 2006 with 14890 coins
    and 14246 exps.
Mosh left at Fri May  5 07:03:21 2006 with 73824 coins
    and 90684088 exps.
Lance left at Thu Jun  8 22:32:39 2006 with 18381 coins
    and 17739863 exps.
Lance left at Sun Jun 11 16:12:07 2006 with 55980 coins
    and 19850741 exps.
Diesel left at Mon Jun 26 19:49:49 2006 with 43452 coins
    and 6512167 exps.
Diesel left at Fri Jul 14 09:45:56 2006 with 55296 coins
    and 12131031 exps.
Rache left at Sun Aug 13 06:53:14 2006 with 4183 coins
    and 25324 exps.
Abk left at Sun Oct 29 09:12:07 2006 with 11441 coins
    and 4391 exps.
Sami left at Sun Oct 29 12:05:42 2006 with 39195 coins
    and 83100726 exps.
Sami left at Sun Oct 29 12:05:44 2006 with 39195 coins
    and 83100726 exps.
Bingo left at Mon Dec 11 06:51:02 2006 with 19113 coins
    and 111324 exps.
Doodle left at Mon Dec 11 19:01:44 2006 with 68000 coins
    and 9079760 exps.
Remedy left at Sat Feb 24 00:37:52 2007 with 24649 coins
    and 5566 exps.
Hex left at Tue Jun 26 11:27:26 2007 with 14526 coins
    and 371920 exps.
Hex left at Tue Jun 26 11:27:34 2007 with 14526 coins
    and 371920 exps.
Recusant left at Mon Jul 16 21:05:59 2007 with 43116 coins
    and 2021935 exps.
Recusant left at Mon Jul 16 21:09:46 2007 with 46204 coins
    and 2022018 exps.
Recusant left at Tue Jul 17 14:45:56 2007 with 63941 coins
    and 2000786 exps.
Pike left at Wed Jul 18 01:29:16 2007 with 4906 coins
    and 103920319 exps.
Recusant left at Mon Jul 23 23:27:05 2007 with 48235 coins
    and 2012760 exps.
Ziko left at Sun Aug 19 11:18:27 2007 with 55346 coins
    and 52003 exps.
Lance left at Wed Oct 24 11:15:59 2007 with 70000 coins
    and 28325278 exps.
Lance left at Fri Nov  2 12:01:39 2007 with 22249 coins
    and 37578127 exps.
Chameleon left at Tue Nov 20 00:48:14 2007 with 80000 coins
    and 26298792 exps.
Chameleon left at Tue Nov 20 00:48:25 2007 with 80000 coins
    and 26298792 exps.
Chameleon left at Tue Nov 20 00:48:29 2007 with 80000 coins
    and 26298792 exps.
Timespliter left at Tue Feb  5 22:07:36 2008 with 35517 coins
    and 484779 exps.
Ketzer left at Sun Jul  6 11:40:53 2008 with 17728 coins
    and 71374 exps.
Percival left at Mon Jul 27 16:55:51 2009 with 78868 coins
    and 25913 exps.
Buttons left at Wed Sep  2 03:02:06 2009 with 11120 coins
    and 5776 exps.
Kandle left at Wed May 25 00:37:57 2011 with 14961 coins
    and 1398137 exps.
Raidon left at Thu Mar 13 12:16:53 2014 with 62290 coins
    and 2499869 exps.
