2001.07.19 21:45 A c:\mud\rowan\castle1.c <-- Nirvana /players/molasar/rowan castle1.c
2001.07.19 21:45 A c:\mud\rowan\castle2.c <-- Nirvana /players/molasar/rowan castle2.c
2001.07.19 21:45 A c:\mud\rowan\castle3.c <-- Nirvana /players/molasar/rowan castle3.c
2001.07.19 21:45 A c:\mud\rowan\castle4.c <-- Nirvana /players/molasar/rowan castle4.c
2001.07.19 21:45 A c:\mud\rowan\castle5.c <-- Nirvana /players/molasar/rowan castle5.c
2001.07.19 21:45 A c:\mud\rowan\clearing.c <-- Nirvana /players/molasar/rowan clearing.c
2001.07.19 21:45 A c:\mud\rowan\e_twn_sq.c <-- Nirvana /players/molasar/rowan e_twn_sq.c
2001.07.19 21:45 A c:\mud\rowan\inn.c <-- Nirvana /players/molasar/rowan inn.c
2001.07.19 21:45 A c:\mud\rowan\library.c <-- Nirvana /players/molasar/rowan library.c
2001.07.19 21:46 A c:\mud\rowan\mroad1.c <-- Nirvana /players/molasar/rowan mroad1.c
2001.07.19 21:46 A c:\mud\rowan\mroad2.c <-- Nirvana /players/molasar/rowan mroad2.c
2001.07.19 21:46 A c:\mud\rowan\mroad3.c <-- Nirvana /players/molasar/rowan mroad3.c
2001.07.19 21:46 A c:\mud\rowan\road1.c <-- Nirvana /players/molasar/rowan road1.c
2001.07.19 21:46 A c:\mud\rowan\road2.c <-- Nirvana /players/molasar/rowan road2.c
2001.07.19 21:46 A c:\mud\rowan\road3.c <-- Nirvana /players/molasar/rowan road3.c
2001.07.19 21:46 A c:\mud\rowan\shop.c <-- Nirvana /players/molasar/rowan shop.c
2001.07.19 21:46 A c:\mud\rowan\sroad1.c <-- Nirvana /players/molasar/rowan sroad1.c
2001.07.19 21:46 A c:\mud\rowan\sroad2.c <-- Nirvana /players/molasar/rowan sroad2.c
2001.07.19 21:46 A c:\mud\rowan\stable.c <-- Nirvana /players/molasar/rowan stable.c
2001.07.19 21:46 A c:\mud\rowan\store.c <-- Nirvana /players/molasar/rowan store.c
2001.07.19 21:46 A c:\mud\rowan\temple.c <-- Nirvana /players/molasar/rowan temple.c
2001.07.19 21:46 A c:\mud\rowan\twn_hall.c <-- Nirvana /players/molasar/rowan twn_hall.c
2001.07.19 21:46 A c:\mud\rowan\vroad1.c <-- Nirvana /players/molasar/rowan vroad1.c
2001.07.19 21:46 A c:\mud\rowan\vroad2.c <-- Nirvana /players/molasar/rowan vroad2.c
2001.07.19 21:46 A c:\mud\rowan\vroad3.c <-- Nirvana /players/molasar/rowan vroad3.c
2001.07.19 21:46 A c:\mud\rowan\vroad4.c <-- Nirvana /players/molasar/rowan vroad4.c
2001.07.19 21:46 A c:\mud\rowan\w_twn_sq.c <-- Nirvana /players/molasar/rowan w_twn_sq.c
2001.07.19 21:46 A c:\mud\rowan\xroads.c <-- Nirvana /players/molasar/rowan xroads.c
2001.07.19 21:49 A c:\mud\rowan\castle1.c --> nirvana.mudservices.com /players/fakir/rowan castle1.c
2001.07.19 21:49 A c:\mud\rowan\castle2.c --> nirvana.mudservices.com /players/fakir/rowan castle2.c
2001.07.19 21:49 A c:\mud\rowan\castle3.c --> nirvana.mudservices.com /players/fakir/rowan castle3.c
2001.07.19 21:49 A c:\mud\rowan\castle4.c --> nirvana.mudservices.com /players/fakir/rowan castle4.c
2001.07.19 21:49 A c:\mud\rowan\castle5.c --> nirvana.mudservices.com /players/fakir/rowan castle5.c
2001.07.19 21:49 A c:\mud\rowan\clearing.c --> nirvana.mudservices.com /players/fakir/rowan clearing.c
2001.07.19 21:49 A c:\mud\rowan\e_twn_sq.c --> nirvana.mudservices.com /players/fakir/rowan e_twn_sq.c
2001.07.19 21:49 A c:\mud\rowan\inn.c --> nirvana.mudservices.com /players/fakir/rowan inn.c
2001.07.19 21:49 A c:\mud\rowan\library.c --> nirvana.mudservices.com /players/fakir/rowan library.c
2001.07.19 21:49 A c:\mud\rowan\mroad1.c --> nirvana.mudservices.com /players/fakir/rowan mroad1.c
2001.07.19 21:49 A c:\mud\rowan\mroad2.c --> nirvana.mudservices.com /players/fakir/rowan mroad2.c
2001.07.19 21:49 A c:\mud\rowan\mroad3.c --> nirvana.mudservices.com /players/fakir/rowan mroad3.c
2001.07.19 21:49 A c:\mud\rowan\road1.c --> nirvana.mudservices.com /players/fakir/rowan road1.c
2001.07.19 21:49 A c:\mud\rowan\road2.c --> nirvana.mudservices.com /players/fakir/rowan road2.c
2001.07.19 21:49 A c:\mud\rowan\road3.c --> nirvana.mudservices.com /players/fakir/rowan road3.c
2001.07.19 21:49 A c:\mud\rowan\shop.c --> nirvana.mudservices.com /players/fakir/rowan shop.c
2001.07.19 21:49 A c:\mud\rowan\sroad1.c --> nirvana.mudservices.com /players/fakir/rowan sroad1.c
2001.07.19 21:49 A c:\mud\rowan\sroad2.c --> nirvana.mudservices.com /players/fakir/rowan sroad2.c
2001.07.19 21:49 A c:\mud\rowan\stable.c --> nirvana.mudservices.com /players/fakir/rowan stable.c
2001.07.19 21:49 A c:\mud\rowan\store.c --> nirvana.mudservices.com /players/fakir/rowan store.c
2001.07.19 21:49 A c:\mud\rowan\temple.c --> nirvana.mudservices.com /players/fakir/rowan temple.c
2001.07.19 21:49 A c:\mud\rowan\twn_hall.c --> nirvana.mudservices.com /players/fakir/rowan twn_hall.c
2001.07.19 21:49 A c:\mud\rowan\vroad1.c --> nirvana.mudservices.com /players/fakir/rowan vroad1.c
2001.07.19 21:49 A c:\mud\rowan\vroad2.c --> nirvana.mudservices.com /players/fakir/rowan vroad2.c
2001.07.19 21:49 A c:\mud\rowan\vroad3.c --> nirvana.mudservices.com /players/fakir/rowan vroad3.c
2001.07.19 21:49 A c:\mud\rowan\vroad4.c --> nirvana.mudservices.com /players/fakir/rowan vroad4.c
2001.07.19 21:49 A c:\mud\rowan\w_twn_sq.c --> nirvana.mudservices.com /players/fakir/rowan w_twn_sq.c
