~Moda ponders the situation.
~Shuntsu buys a bag from the machine
~Shiver leaves west.
~Delphinus arrives.
~Delphinus leaves east.
~Shiver leaves east.
~Cross~kiss2 moda
~Cross pulls Moda closer.
~Cross softly kisses Moda.
~Shuntsu~speed_list
~Shiver~n
~Shiver~north
~Shiver leaves north.
~Delphinus~sigh
~Delphinus sighs deeply.
~Cross~xkisss moda
~Shiver~n
~Shiver~north
~Shiver leaves north.
~Ulath appears in a cloud of fire and brimstone.
~Nevyn~tell alexi sorry
~Shiver~enter realm
~Shiver leaves realm.
~Shiver~w
~Shiver~west
~Shiver leaves west.
~Shiver~w
~Shiver~west
~Shiver leaves west.
~Shiver~n
~Shiver~north
~Shiver leaves north.
~Shiver~n
~Shiver~north
~Shiver leaves north.
~Shiver~e
~Shiver~east
~Shiver leaves east.
~Shiver~e
~Shiver~east
~Shiver leaves east.
~Shiver~n
~Shiver~north
~Shiver leaves north.
~Shiver~kill girl
~Shiver~kill baby
~Shiver missed Baby.
~Shiver hit Baby.
~Shiver missed Baby.
~Shiver missed Baby.
~Shiver hit Baby.
~Shiver hit Baby.
~Shiver missed Baby.
~Shiver missed Baby.
~Shiver missed Baby.
~Shiver missed Baby.
~Shiver tickled Baby in the stomach.
~Shiver hit Baby.
~Shiver missed Baby.
~Shiver grazed Baby.
~Shiver missed Baby.
~Shiver~l
~Shiver~bury baby
~Shiver~bury corpse
~Shiver~kill baby
~Shiver missed Baby.
~Shiver hit Baby.
~Shiver~score
~Shiver grazed Baby.
~Shiver hit Baby.
~Shiver hit Baby.
~Shiver grazed Baby.
~Shiver missed Baby.
~Shiver missed Baby.
~Shiver missed Baby.
~Shiver~l
~Shiver~kill baby
~Shiver missed Baby.
~Shiver tickled Baby in the stomach.
~Shiver~score
~Shiver missed Baby.
~Shiver missed Baby.
~Shiver missed Baby.
~Shiver hit Baby.
~Shiver hit Baby.
~Shiver~l
~Shiver missed Baby.
~Shiver hit Baby.
~Shiver hit Baby.
~Shiver missed Baby.
~Shiver tickled Baby in the stomach.
~Shiver missed Baby.
~Shiver~l
~Shiver missed Baby.
~Shiver tickled Baby in the stomach.
~Shiver grazed Baby.
~Shiver missed Baby.
~Shiver~sc
~Shiver~kill baby
~Shiver missed Baby.
~Shiver grazed Baby.
~Shiver~finger shiver
~Shiver missed Baby.
~Shiver missed Baby.
~Shiver missed Baby.
~Shiver tickled Baby in the stomach.
~Shiver missed Baby.
~Shiver missed Baby.
~Shiver hit Baby.
~Shiver hit Baby.
~Shiver missed Baby.
~Shiver~l
~Shiver missed Baby.
~Shiver missed Baby.
~Shiver hit Baby.
~Shiver missed Baby.
~Shiver grazed Baby.
~Shiver hit Baby.
~Shiver~l
~Shiver~sc
~Shiver~read book
~Shiver~help level
~Shiver~help experience
~Shiver~t kiana beg your pardon?
~Shiver~tell kiana beg your pardon?
~Shiver~l
~Shiver~finger kiana
~Shiver~t kiana who is shiverheart?
~Shiver~tell kiana who is shiverheart?
~Shiver~t kiana if you're implying that I have created a character in the shadow of another, you're way off target. I impersonate no one. I have no need to.
~Shiver~tell kiana if you're implying that I have created a character to impersonate another, you're way off base.  I impersonate no one. I have no need to nor do I foster the desire to exist in the footsteps of another.
~Shiver~finger shiverheart
~Shiver~t kiana shiver is a d&d charcter that i play in RL
~Shiver~tell kiana shiver is a d&D character that I play in RL
~Shiver~l
~Shiver~sc
~Shiver~take coins
~Shiver takes coins.
~Shiver~l
~Shiver~take coins
~Shiver takes coins.
~Shiver~who
~Shiver~k baby
~Shiver~kill baby
~Shiver hit Baby hard.
~Shiver hit Baby.
~Shiver missed Baby.
~Shiver hit Baby.
~Shiver tickled Baby in the stomach.
~Shiver~k baby
~Shiver~kill baby
~Shiver missed Baby.
~Shiver grazed Baby.
~Shiver hit Baby hard.
~Shiver~t moda eh?
~Shiver missed Baby.
~Shiver hit Baby hard.
~Shiver~tell moda eh?
~Shiver missed Baby.
~Shiver~t shiverheart eh?
~Shiver~l
~Shiver~t moda shrug
~Shiver~take coins
~Shiver takes coins.
~Shiver~t moda funny he shoudl waste his time on a newbie- youd think someone liek him would appreciate a challenge
~Shiver~tell moda funny he shoudl waste his time on a newbie :P  you'd think he'd appreciate a challenge- *sigh* but if it makes him feel like a man.... :P
~Shiver~tell shiverheart begging your pardon kind sir?
~Shiver~tell moda snicker- like i'd care- this is a newbie character :P
~Shiver~tell moda heheh ok
~Shiver~tell shiverheart snicker I don't beg for anything.
~Shiver~tell shiverheart ooooh big bad naughty brute- make me wet baby with that kind of talk- go ahead and kill off lil ol me if it makes you feel powerful to kill a level one :P *CACKLE*
~Shiver~tell shiverheart ill bet youve got serious sex problems- whens the last time you got laid little peanut boy?
~Shiver~tell shiverheart eat me when i bleed you  pathetic piece of shit
~Shiver~t shiverheart come on- kill me you bastard! ill make it easy- i wont even fight!
~Shiver~tell shiverheart come on kill me you bastard-i wont even fight
~Shiver~tell shiverheart you are the most insignificant disgusting piece of low class, mother fucking pig sucking ugly muther licking excuse for a human.
~Shiver~t shiverheart snicker- with you and your lack of creativity and pathetic attemots to grasp at a infamous name- it makes me ill- if a low level NEW character can log in and make you so insecure as to threaten to kill me off
~Shiver~tell shiverheart its so damned pathetic and childish really- that if another new character has a name remotely close to yours- you feel threatened by what you deem an attempt to crush or snuff your 'infamy' - you know you reallly arent as grat as you think you are-
~Shiver~tell shiverheart youre just an overgrown ape with an atttiude- pompous, arrogant and an inflated ego- without reason, really- you may have a good character on this game but in RL- you're nothing.  Ugly. Insecure.  No friends.  and the ones you might have- all secretly hate you because of your moodiness and neurosis.
~Shiver~t shiverheart shiver is MY name- a charcter I made in RL D&D
~Shiver~tell shiverheart shiver is a character I made in my RL d&D game.
~Shiver~who
~Shiver~tell shiverheart and truthfully, how can you even fathom the idea that someone would posses even the slightest inkling of a desire to create a charcter in YOUR image????????????
~Shiver~tell shiverheart talk about lacking originality and creativity- not to mention poor taste and ill humour.
~Shiver~tell moda im giving him hell :P
~Shiver~tell moda he may kill me off but not before he gets an earful first :P
~Shiver~who
~Shiver~l
~Shiver~take coins
~Shiver takes coins.
~Shiver~l
~Shiver~take coins
~Shiver takes coins.
~Shiver~take coins
~Shiver takes coins.
~Shiver~l
~Shiver~finger shiverheart
~Shiver~l
~Shiver~kill baby
~Shiver tickled Baby in the stomach.
~Shiver missed Baby.
~Shiver missed Baby.
~Shiver tickled Baby in the stomach.
~Shiver missed Baby.
~Shiver hit Baby.
~Shiver missed Baby.
~Shiver missed Baby.
~Shiver missed Baby.
~Shiver hit Baby.
~Shiver grazed Baby.
~Shiver hit Baby.
~Shiver missed Baby.
~Shiver hit Baby.
~Shiver~kill baby
~Shiver missed Baby.
~Shiver missed Baby.
~Shiver grazed Baby.
~Shiver missed Baby.
~Shiver tickled Baby in the stomach.
~Shiver tickled Baby in the stomach.
~Shiver tickled Baby in the stomach.
~Shiver hit Baby.
~Shiver~t shiverheart sweetheart, I sadly think that YOU are the one with the petite equipment
~Shiver grazed Baby.
~Shiver missed Baby.
~Shiver grazed Baby.
~Shiver hit Baby.
~Shiver~tell shiverheat sweetheart, I believe YOU are the one with the tiny eqpuiment and the tiny brain as well
~Shiver~tell shiverheart surely you can do better than that sweetheart.  Don't disappoint me and prove that your brain is as small as your genitalia.
~Shiver~t shiverheart snicker- ok how about honeybuns? :P
~Shiver~tell shiverheart ok, how about honeybuns? :P
~Shiver~tell winter - shrug what do I care? its a newbie charcter :P not like I put hours and hours into it :P
~Shiver~finger winter
~Shiver~t winter not exactly the attitude of a paladin, mi'lord....
~Shiver~tell winter what an odd paladin you are, mi'lord
~Shiver~tell winter gosh- shiverheart is just heckling me over the name i chose- and im heckling him back *shrug*
~Shiver~tellwinter you do not role play your characters here?
~Shiver~tell winter you do not role play with your characters here?
~Shiver~l
~Shiver~tell winter *nods solemnly*
~Shiver~l
~Shiver~tell winter this is my fist time here- dont know what a shardak is.
~Shiver~tell winter ah ok.
~Shiver~l
~Shiver~take coins
~Shiver takes coins.
~Shiver~take coins
~Shiver takes coins.
~Shiver~finger shiverheart
~Shiver~tell winter nod- I used to play a very evil character on another mud.
~Shiver~tell winter I usually try to stick with the good alignments tho
~Shiver~l
~Shiver~finger shiver
~Shiver~finger moda
~Shiver~l
~Shiver~kill baby
~Shiver hit Baby.
~Shiver hit Baby.
~Shiver hit Baby.
~Shiver hit Baby.
~Shiver missed Baby.
~Shiver~kill baby
~Shiver missed Baby.
~Shiver tickled Baby in the stomach.
~Shiver missed Baby.
~Shiver tickled Baby in the stomach.
~Shiver hit Baby hard.
~Shiver grazed Baby.
~Shiver tickled Baby in the stomach.
~Shiver hit Baby.
~Shiver grazed Baby.
~Shiver tickled Baby in the stomach.
~Shiver~tell shiverheart whats the matter little one?  Trying to get your buddies to gang up on me?  You're not big enough to handle a newbie by your lonesome? PATHETIC!
~Shiver~tell shiverheart good evening for now, distressed little child.  We shall meet again., love, Shiver
~Shiver~save
~Shiver~quit
~Shiver drops A leather Newbie help book.
~Shiver removes newbie cloak.
~Shiver left the game.
