2003.12.31 02:20 A C:\Program Files\WS_FTP\GUILD\help\drawbacks.txt <-- Microsoft /players/jareel/GUILD/help drawbacks.txt
2003.12.31 03:46 A C:\Program Files\WS_FTP\GUILD\help\general.txt --> nirvana.mudservices.com /players/jareel/GUILD/help general.txt
2003.12.31 03:48 A C:\Program Files\WS_FTP\GUILD\help\general.txt --> nirvana.mudservices.com /players/jareel/GUILD/help general.txt
2003.12.31 03:50 A C:\Program Files\WS_FTP\GUILD\help\general2.txt --> nirvana.mudservices.com /players/jareel/GUILD/help general2.txt
2003.12.31 03:50 A C:\Program Files\WS_FTP\GUILD\help\general2.txt --> nirvana.mudservices.com /players/jareel/GUILD/help general2.txt
2003.12.31 03:54 A C:\Program Files\WS_FTP\GUILD\help\general2.txt --> nirvana.mudservices.com /players/jareel/GUILD/help general2.txt
2003.12.31 04:40 A C:\Program Files\WS_FTP\GUILD\help\criticle_strike.txt --> nirvana.mudservices.com /players/jareel/GUILD/help criticle_strike.txt
2003.12.31 04:41 A C:\Program Files\WS_FTP\GUILD\help\criticle_strike.txt --> nirvana.mudservices.com /players/jareel/GUILD/help criticle_strike.txt
2003.12.31 20:47 A C:\Program Files\WS_FTP\GUILD\help\acid.txt --> nirvana.mudservices.com /players/jareel/GUILD/help acid.txt
2003.12.31 20:47 A C:\Program Files\WS_FTP\GUILD\help\ahealing.txt --> nirvana.mudservices.com /players/jareel/GUILD/help ahealing.txt
2003.12.31 20:47 A C:\Program Files\WS_FTP\GUILD\help\air_rune.txt --> nirvana.mudservices.com /players/jareel/GUILD/help air_rune.txt
2003.12.31 20:47 A C:\Program Files\WS_FTP\GUILD\help\alchemy.txt --> nirvana.mudservices.com /players/jareel/GUILD/help alchemy.txt
2003.12.31 20:47 A C:\Program Files\WS_FTP\GUILD\help\alignment.txt --> nirvana.mudservices.com /players/jareel/GUILD/help alignment.txt
2003.12.31 20:47 A C:\Program Files\WS_FTP\GUILD\help\armor_special.txt --> nirvana.mudservices.com /players/jareel/GUILD/help armor_special.txt
2003.12.31 20:47 A C:\Program Files\WS_FTP\GUILD\help\bagog.txt --> nirvana.mudservices.com /players/jareel/GUILD/help bagog.txt
2003.12.31 20:47 A C:\Program Files\WS_FTP\GUILD\help\beast_rune.txt --> nirvana.mudservices.com /players/jareel/GUILD/help beast_rune.txt
2003.12.31 20:47 A C:\Program Files\WS_FTP\GUILD\help\befuddle.txt --> nirvana.mudservices.com /players/jareel/GUILD/help befuddle.txt
2003.12.31 20:47 A C:\Program Files\WS_FTP\GUILD\help\bladesharp.txt --> nirvana.mudservices.com /players/jareel/GUILD/help bladesharp.txt
2003.12.31 20:47 A C:\Program Files\WS_FTP\GUILD\help\bludgeon.txt --> nirvana.mudservices.com /players/jareel/GUILD/help bludgeon.txt
2003.12.31 20:47 A C:\Program Files\WS_FTP\GUILD\help\camoflage.txt --> nirvana.mudservices.com /players/jareel/GUILD/help camoflage.txt
2003.12.31 20:47 A C:\Program Files\WS_FTP\GUILD\help\chaos_rune.txt --> nirvana.mudservices.com /players/jareel/GUILD/help chaos_rune.txt
2003.12.31 20:47 A C:\Program Files\WS_FTP\GUILD\help\cold_rune.txt --> nirvana.mudservices.com /players/jareel/GUILD/help cold_rune.txt
2003.12.31 20:47 A C:\Program Files\WS_FTP\GUILD\help\coordination.txt --> nirvana.mudservices.com /players/jareel/GUILD/help coordination.txt
2003.12.31 20:47 A C:\Program Files\WS_FTP\GUILD\help\crimson_bat.txt --> nirvana.mudservices.com /players/jareel/GUILD/help crimson_bat.txt
2003.12.31 20:47 A C:\Program Files\WS_FTP\GUILD\help\criticle_strike.txt --> nirvana.mudservices.com /players/jareel/GUILD/help criticle_strike.txt
2003.12.31 20:47 A C:\Program Files\WS_FTP\GUILD\help\darkness_rune.txt --> nirvana.mudservices.com /players/jareel/GUILD/help darkness_rune.txt
2003.12.31 20:47 A C:\Program Files\WS_FTP\GUILD\help\death_rune.txt --> nirvana.mudservices.com /players/jareel/GUILD/help death_rune.txt
2003.12.31 20:47 A C:\Program Files\WS_FTP\GUILD\help\demoralise.txt --> nirvana.mudservices.com /players/jareel/GUILD/help demoralise.txt
2003.12.31 20:47 A C:\Program Files\WS_FTP\GUILD\help\disorder_rune.txt --> nirvana.mudservices.com /players/jareel/GUILD/help disorder_rune.txt
2003.12.31 20:47 A C:\Program Files\WS_FTP\GUILD\help\disrupt.txt --> nirvana.mudservices.com /players/jareel/GUILD/help disrupt.txt
2003.12.31 20:47 A C:\Program Files\WS_FTP\GUILD\help\dodge.txt --> nirvana.mudservices.com /players/jareel/GUILD/help dodge.txt
2003.12.31 20:47 A C:\Program Files\WS_FTP\GUILD\help\double_strike.txt --> nirvana.mudservices.com /players/jareel/GUILD/help double_strike.txt
2003.12.31 20:47 A C:\Program Files\WS_FTP\GUILD\help\dragonewt_rune.txt --> nirvana.mudservices.com /players/jareel/GUILD/help dragonewt_rune.txt
2003.12.31 20:47 A C:\Program Files\WS_FTP\GUILD\help\drawbacks.txt --> nirvana.mudservices.com /players/jareel/GUILD/help drawbacks.txt
2003.12.31 20:47 A C:\Program Files\WS_FTP\GUILD\help\dual_wield.txt --> nirvana.mudservices.com /players/jareel/GUILD/help dual_wield.txt
2003.12.31 20:47 A C:\Program Files\WS_FTP\GUILD\help\earth_rune.txt --> nirvana.mudservices.com /players/jareel/GUILD/help earth_rune.txt
2003.12.31 20:47 A C:\Program Files\WS_FTP\GUILD\help\earth_tounge.txt --> nirvana.mudservices.com /players/jareel/GUILD/help earth_tounge.txt
2003.12.31 20:47 A C:\Program Files\WS_FTP\GUILD\help\fanaticism.txt --> nirvana.mudservices.com /players/jareel/GUILD/help fanaticism.txt
2003.12.31 20:47 A C:\Program Files\WS_FTP\GUILD\help\fate_rune.txt --> nirvana.mudservices.com /players/jareel/GUILD/help fate_rune.txt
2003.12.31 20:47 A C:\Program Files\WS_FTP\GUILD\help\fertility_rune.txt --> nirvana.mudservices.com /players/jareel/GUILD/help fertility_rune.txt
2003.12.31 20:47 A C:\Program Files\WS_FTP\GUILD\help\fire_arrow.txt --> nirvana.mudservices.com /players/jareel/GUILD/help fire_arrow.txt
2003.12.31 20:47 A C:\Program Files\WS_FTP\GUILD\help\fire_blade.txt --> nirvana.mudservices.com /players/jareel/GUILD/help fire_blade.txt
2003.12.31 20:47 A C:\Program Files\WS_FTP\GUILD\help\fire_rune.txt --> nirvana.mudservices.com /players/jareel/GUILD/help fire_rune.txt
2003.12.31 20:47 A C:\Program Files\WS_FTP\GUILD\help\fire_speech.txt --> nirvana.mudservices.com /players/jareel/GUILD/help fire_speech.txt
2003.12.31 20:47 A C:\Program Files\WS_FTP\GUILD\help\forge.txt --> nirvana.mudservices.com /players/jareel/GUILD/help forge.txt
2003.12.31 20:47 A C:\Program Files\WS_FTP\GUILD\help\general.txt --> nirvana.mudservices.com /players/jareel/GUILD/help general.txt
2003.12.31 20:47 A C:\Program Files\WS_FTP\GUILD\help\general2.txt --> nirvana.mudservices.com /players/jareel/GUILD/help general2.txt
2003.12.31 20:47 A C:\Program Files\WS_FTP\GUILD\help\healing.txt --> nirvana.mudservices.com /players/jareel/GUILD/help healing.txt
2003.12.31 20:47 A C:\Program Files\WS_FTP\GUILD\help\heat_rune.txt --> nirvana.mudservices.com /players/jareel/GUILD/help heat_rune.txt
2003.12.31 20:47 A C:\Program Files\WS_FTP\GUILD\help\humakt.txt --> nirvana.mudservices.com /players/jareel/GUILD/help humakt.txt
2003.12.31 20:47 A C:\Program Files\WS_FTP\GUILD\help\ice_maul.txt --> nirvana.mudservices.com /players/jareel/GUILD/help ice_maul.txt
2003.12.31 20:47 A C:\Program Files\WS_FTP\GUILD\help\ice_rune.txt --> nirvana.mudservices.com /players/jareel/GUILD/help ice_rune.txt
2003.12.31 20:47 A C:\Program Files\WS_FTP\GUILD\help\illusion_rune.txt --> nirvana.mudservices.com /players/jareel/GUILD/help illusion_rune.txt
2003.12.31 20:47 A C:\Program Files\WS_FTP\GUILD\help\impale_strike.txt --> nirvana.mudservices.com /players/jareel/GUILD/help impale_strike.txt
2003.12.31 20:47 A C:\Program Files\WS_FTP\GUILD\help\invisibility.txt --> nirvana.mudservices.com /players/jareel/GUILD/help invisibility.txt
2003.12.31 20:47 A C:\Program Files\WS_FTP\GUILD\help\kygor_litor.txt --> nirvana.mudservices.com /players/jareel/GUILD/help kygor_litor.txt
2003.12.31 20:47 A C:\Program Files\WS_FTP\GUILD\help\language.txt --> nirvana.mudservices.com /players/jareel/GUILD/help language.txt
2003.12.31 20:47 A C:\Program Files\WS_FTP\GUILD\help\leaveguild.txt --> nirvana.mudservices.com /players/jareel/GUILD/help leaveguild.txt
2003.12.31 20:47 A C:\Program Files\WS_FTP\GUILD\help\light.txt --> nirvana.mudservices.com /players/jareel/GUILD/help light.txt
2003.12.31 20:47 A C:\Program Files\WS_FTP\GUILD\help\light_rune.txt --> nirvana.mudservices.com /players/jareel/GUILD/help light_rune.txt
2003.12.31 20:47 A C:\Program Files\WS_FTP\GUILD\help\luck_rune.txt --> nirvana.mudservices.com /players/jareel/GUILD/help luck_rune.txt
2003.12.31 20:47 A C:\Program Files\WS_FTP\GUILD\help\luner_tounge.txt --> nirvana.mudservices.com /players/jareel/GUILD/help luner_tounge.txt
2003.12.31 20:47 A C:\Program Files\WS_FTP\GUILD\help\man_rune.txt --> nirvana.mudservices.com /players/jareel/GUILD/help man_rune.txt
2003.12.31 20:47 A C:\Program Files\WS_FTP\GUILD\help\mastery_rune.txt --> nirvana.mudservices.com /players/jareel/GUILD/help mastery_rune.txt
2003.12.31 20:47 A C:\Program Files\WS_FTP\GUILD\help\mindspeech.txt --> nirvana.mudservices.com /players/jareel/GUILD/help mindspeech.txt
2003.12.31 20:47 A C:\Program Files\WS_FTP\GUILD\help\moon_rune.txt --> nirvana.mudservices.com /players/jareel/GUILD/help moon_rune.txt
2003.12.31 20:47 A C:\Program Files\WS_FTP\GUILD\help\move_silently.txt --> nirvana.mudservices.com /players/jareel/GUILD/help move_silently.txt
2003.12.31 20:47 A C:\Program Files\WS_FTP\GUILD\help\movement_rune.txt --> nirvana.mudservices.com /players/jareel/GUILD/help movement_rune.txt
2003.12.31 20:47 A C:\Program Files\WS_FTP\GUILD\help\ocountermagic.txt --> nirvana.mudservices.com /players/jareel/GUILD/help ocountermagic.txt
2003.12.31 20:47 A C:\Program Files\WS_FTP\GUILD\help\orlanth.txt --> nirvana.mudservices.com /players/jareel/GUILD/help orlanth.txt
2003.12.31 20:47 A C:\Program Files\WS_FTP\GUILD\help\parry.txt --> nirvana.mudservices.com /players/jareel/GUILD/help parry.txt
2003.12.31 20:47 A C:\Program Files\WS_FTP\GUILD\help\plant_rune.txt --> nirvana.mudservices.com /players/jareel/GUILD/help plant_rune.txt
2003.12.31 20:47 A C:\Program Files\WS_FTP\GUILD\help\proevil.txt --> nirvana.mudservices.com /players/jareel/GUILD/help proevil.txt
2003.12.31 20:47 A C:\Program Files\WS_FTP\GUILD\help\progood.txt --> nirvana.mudservices.com /players/jareel/GUILD/help progood.txt
2003.12.31 20:47 A C:\Program Files\WS_FTP\GUILD\help\protection.txt --> nirvana.mudservices.com /players/jareel/GUILD/help protection.txt
2003.12.31 20:47 A C:\Program Files\WS_FTP\GUILD\help\rules.txt --> nirvana.mudservices.com /players/jareel/GUILD/help rules.txt
2003.12.31 20:47 A C:\Program Files\WS_FTP\GUILD\help\rune.txt --> nirvana.mudservices.com /players/jareel/GUILD/help rune.txt
2003.12.31 20:47 A C:\Program Files\WS_FTP\GUILD\help\seven_mothers.txt --> nirvana.mudservices.com /players/jareel/GUILD/help seven_mothers.txt
2003.12.31 20:47 A C:\Program Files\WS_FTP\GUILD\help\sky_rune.txt --> nirvana.mudservices.com /players/jareel/GUILD/help sky_rune.txt
2003.12.31 20:48 A C:\Program Files\WS_FTP\GUILD\help\specialty_guild.txt --> nirvana.mudservices.com /players/jareel/GUILD/help specialty_guild.txt
2003.12.31 20:48 A C:\Program Files\WS_FTP\GUILD\help\spirit_rune.txt --> nirvana.mudservices.com /players/jareel/GUILD/help spirit_rune.txt
2003.12.31 20:48 A C:\Program Files\WS_FTP\GUILD\help\spirit_shield.txt --> nirvana.mudservices.com /players/jareel/GUILD/help spirit_shield.txt
2003.12.31 20:48 A C:\Program Files\WS_FTP\GUILD\help\stasis_rune.txt --> nirvana.mudservices.com /players/jareel/GUILD/help stasis_rune.txt
2003.12.31 20:48 A C:\Program Files\WS_FTP\GUILD\help\storm_tounge.txt --> nirvana.mudservices.com /players/jareel/GUILD/help storm_tounge.txt
2003.12.31 20:48 A C:\Program Files\WS_FTP\GUILD\help\transfuse.txt --> nirvana.mudservices.com /players/jareel/GUILD/help transfuse.txt
2003.12.31 20:48 A C:\Program Files\WS_FTP\GUILD\help\truth_rune.txt --> nirvana.mudservices.com /players/jareel/GUILD/help truth_rune.txt
2003.12.31 20:48 A C:\Program Files\WS_FTP\GUILD\help\undead_rune.txt --> nirvana.mudservices.com /players/jareel/GUILD/help undead_rune.txt
2003.12.31 20:48 A C:\Program Files\WS_FTP\GUILD\help\vigor.txt --> nirvana.mudservices.com /players/jareel/GUILD/help vigor.txt
2003.12.31 20:48 A C:\Program Files\WS_FTP\GUILD\help\water_rune.txt --> nirvana.mudservices.com /players/jareel/GUILD/help water_rune.txt
2003.12.31 20:48 A C:\Program Files\WS_FTP\GUILD\help\weapon_special.txt --> nirvana.mudservices.com /players/jareel/GUILD/help weapon_special.txt
