2000.04.27 23:32 A C:\My Documents\nirvana\room\crypt.old <-- nirvana /players/daranath/guild/room crypt.old
2000.04.27 23:32 A C:\My Documents\nirvana\room\crypts.c <-- nirvana /players/daranath/guild/room crypts.c
2000.04.27 23:32 A C:\My Documents\nirvana\room\deathroom.c <-- nirvana /players/daranath/guild/room deathroom.c
2000.04.27 23:32 A C:\My Documents\nirvana\room\necro1.c <-- nirvana /players/daranath/guild/room necro1.c
2000.04.27 23:32 A C:\My Documents\nirvana\room\necro2.c <-- nirvana /players/daranath/guild/room necro2.c
2000.04.27 23:32 A C:\My Documents\nirvana\room\necro3.c <-- nirvana /players/daranath/guild/room necro3.c
2000.04.27 23:32 A C:\My Documents\nirvana\room\necro4.c <-- nirvana /players/daranath/guild/room necro4.c
2000.04.27 23:32 A C:\My Documents\nirvana\room\necro5.c <-- nirvana /players/daranath/guild/room necro5.c
2000.04.27 23:32 A C:\My Documents\nirvana\room\necro6.c <-- nirvana /players/daranath/guild/room necro6.c
2000.04.27 23:32 A C:\My Documents\nirvana\room\necro7.c <-- nirvana /players/daranath/guild/room necro7.c
2000.04.27 23:32 A C:\My Documents\nirvana\room\necro8.c <-- nirvana /players/daranath/guild/room necro8.c
2000.04.27 23:32 A C:\My Documents\nirvana\room\newbie.c <-- nirvana /players/daranath/guild/room newbie.c
2000.04.27 23:32 A C:\My Documents\nirvana\room\NOTES <-- nirvana /players/daranath/guild/room NOTES
2000.04.27 23:40 A C:\My Documents\nirvana\room\crypt.old --> nirvana.mudservices.com /players/wocket/necro/room crypt.old
2000.04.27 23:40 A C:\My Documents\nirvana\room\crypts.c --> nirvana.mudservices.com /players/wocket/necro/room crypts.c
2000.04.27 23:40 A C:\My Documents\nirvana\room\deathroom.c --> nirvana.mudservices.com /players/wocket/necro/room deathroom.c
2000.04.27 23:40 A C:\My Documents\nirvana\room\necro1.c --> nirvana.mudservices.com /players/wocket/necro/room necro1.c
2000.04.27 23:40 A C:\My Documents\nirvana\room\necro2.c --> nirvana.mudservices.com /players/wocket/necro/room necro2.c
2000.04.27 23:40 A C:\My Documents\nirvana\room\necro3.c --> nirvana.mudservices.com /players/wocket/necro/room necro3.c
2000.04.27 23:40 A C:\My Documents\nirvana\room\necro4.c --> nirvana.mudservices.com /players/wocket/necro/room necro4.c
2000.04.27 23:40 A C:\My Documents\nirvana\room\necro5.c --> nirvana.mudservices.com /players/wocket/necro/room necro5.c
2000.04.27 23:40 A C:\My Documents\nirvana\room\necro6.c --> nirvana.mudservices.com /players/wocket/necro/room necro6.c
2000.04.27 23:40 A C:\My Documents\nirvana\room\necro7.c --> nirvana.mudservices.com /players/wocket/necro/room necro7.c
2000.04.27 23:40 A C:\My Documents\nirvana\room\necro8.c --> nirvana.mudservices.com /players/wocket/necro/room necro8.c
2000.04.27 23:40 A C:\My Documents\nirvana\room\newbie.c --> nirvana.mudservices.com /players/wocket/necro/room newbie.c
2000.04.27 23:40 A C:\My Documents\nirvana\room\NOTES --> nirvana.mudservices.com /players/wocket/necro/room NOTES
