Fri Jun 28 09:24:24 2002 francesco  53829
Fri Jun 28 09:29:39 2002 francesco  cmrhy
Fri Jun 28 09:42:05 2002 francesco  58421
Fri Jun 28 09:43:08 2002 francesco  52391
Fri Jun 28 09:59:14 2002 francesco  hgmby
Fri Jun 28 10:00:08 2002 francesco  mbhwc
Fri Jun 28 10:02:38 2002 francesco  grwbp
Fri Jun 28 10:06:20 2002 francesco  cpgyw
Fri Jun 28 10:07:10 2002 francesco  39876
Fri Jun 28 10:11:30 2002 francesco  46581
Fri Jun 28 10:12:26 2002 francesco  76129
Fri Jun 28 10:14:08 2002 francesco  27831
Fri Jun 28 10:15:10 2002 francesco  mbhgr
Tue Jul  2 10:43:25 2002 francesco  43126
Tue Jul  2 11:03:23 2002 francesco  14796
Tue Jul  2 12:09:13 2002 francesco  16358
Thu Jul  4 13:56:04 2002 francesco  64928
Thu Jul  4 14:08:48 2002 francesco  85374
Fri Jul  5 12:20:01 2002 francesco  byrgc
Fri Jul  5 12:33:11 2002 francesco  bwphg
Fri Jul  5 12:58:02 2002 francesco  16472
Fri Jul  5 12:58:52 2002 francesco  72681
Fri Jul  5 12:59:32 2002 francesco  gpbrw
Fri Jul  5 13:43:42 2002 francesco  63178
Fri Jul  5 13:44:20 2002 francesco  gpwhc
Fri Jul  5 13:54:20 2002 francesco  47152
Fri Jul  5 13:54:46 2002 francesco  pwcym
Fri Jul  5 13:57:10 2002 francesco  28319
Fri Jul  5 13:57:38 2002 francesco  ybgph
Fri Jul  5 14:01:16 2002 francesco  87264
Fri Jul  5 14:01:42 2002 francesco  ypbcr
Fri Jul  5 14:08:16 2002 francesco  85726
Fri Jul  5 14:08:46 2002 francesco  hbgry
Fri Jul  5 14:21:39 2002 francesco  29138
Fri Jul  5 14:22:09 2002 francesco  wrbyh
Fri Jul  5 14:24:55 2002 francesco  23178
Fri Jul  5 14:25:31 2002 francesco  mbhyw
Fri Jul  5 14:34:52 2002 francesco  72198
Fri Jul  5 14:36:30 2002 francesco  wgypm
Fri Jul  5 14:46:14 2002 francesco  46817
Fri Jul  5 14:46:38 2002 francesco  mhcbw
Sat Jul  6 02:20:59 2002 francesco  hrcpw
Sat Jul  6 02:21:15 2002 francesco  82147
Sat Jul  6 02:25:15 2002 francesco  gbhmp
Sat Jul  6 02:28:47 2002 francesco  36895
Sat Jul  6 02:35:27 2002 francesco  17452
Sat Jul  6 02:37:21 2002 francesco  92563
Sat Jul  6 02:38:33 2002 francesco  bwhgr
Sat Jul  6 02:39:57 2002 francesco  65819
Sat Jul  6 02:46:15 2002 francesco  89713
Sat Jul  6 03:02:45 2002 francesco  pwbch
Sat Jul  6 03:03:41 2002 francesco  cgphw
Sat Jul  6 03:09:01 2002 francesco  43695
Sat Jul  6 03:09:55 2002 francesco  wyprh
Sat Jul  6 03:14:33 2002 francesco  pwhcr
Sat Jul  6 03:14:53 2002 francesco  48167
Sat Jul  6 03:19:51 2002 francesco  pwhrc
Sat Jul  6 03:20:19 2002 francesco  46591
Sat Jul  6 03:25:31 2002 francesco  wcbpm
Sat Jul  6 03:26:23 2002 francesco  pcgry
Sat Jul  6 03:27:01 2002 francesco  76923
Wed Jul 17 09:28:20 2002 francesco  14783
Wed Jul 17 09:36:20 2002 francesco  mpywh
Wed Jul 17 09:39:50 2002 francesco  63971
Wed Jul 17 09:41:38 2002 francesco  rghpm
Wed Jul 17 13:47:12 2002 francesco  crghw
Thu Jul 18 01:51:26 2002 wren  91356
Thu Jul 18 02:03:57 2002 wren  gwbcm
Thu Jul 18 03:17:14 2002 coldwind  78645
Thu Jul 18 03:44:39 2002 coldwind  76453
Thu Jul 18 05:04:20 2002 coldwind  bwcrp
Thu Jul 18 05:05:42 2002 coldwind  21376
Wed Aug 21 15:35:20 2002 greymir  34769
Wed Aug 21 21:00:18 2002 yates  51823
Sat Aug 24 15:08:51 2002 jaz  pmhrc
Sun Aug 25 12:51:43 2002 data  wbcyg
Thu Aug 29 09:51:25 2002 arete  pbywc
Thu Aug 29 10:35:34 2002 arete  28371
Thu Aug 29 11:16:26 2002 francesco  wmcyb
Thu Aug 29 11:17:02 2002 francesco  65371
Thu Aug 29 11:57:27 2002 francesco  93486
Thu Aug 29 11:58:11 2002 francesco  ghcrp
Thu Aug 29 12:06:04 2002 francesco  74985
Thu Aug 29 12:06:58 2002 francesco  hygwc
Thu Aug 29 12:09:50 2002 francesco  56873
Thu Aug 29 12:10:22 2002 francesco  mrcbh
Thu Aug 29 12:13:50 2002 francesco  63857
Thu Aug 29 12:14:56 2002 francesco  hrcpg
Thu Aug 29 12:18:35 2002 francesco  25731
Thu Aug 29 12:19:06 2002 francesco  bhwrm
Thu Aug 29 12:36:48 2002 francesco  51463
Thu Aug 29 12:37:30 2002 francesco  mrbpy
Sun Sep  1 10:37:58 2002 vistar  95873
Thu Dec 26 23:25:27 2002 katya  cbmrw
Fri Dec 27 16:31:11 2002 katya  52369
Fri Dec 27 16:48:14 2002 katya  hcmyg
Thu Jan 22 21:22:01 2004 cartham  93258
Sun Apr 18 15:33:58 2004 whoa  61739
Sun Apr 25 16:30:31 2004 whoa  87529
Fri Jul 16 18:54:48 2004 tyr  wyrhc
Fri Jul 16 19:06:56 2004 tyr  17682
Wed Jun 29 13:26:18 2005 autumn  bwpgh
Sat Jul  9 20:31:53 2005 autumn  47629
Sat Jul  9 20:57:05 2005 autumn  ghwbc
Mon Jun 11 01:15:25 2007 troy  69821
Mon Jun 11 15:10:53 2007 troy  76845
Mon Jun 11 15:49:51 2007 troy  grycb
Fri Dec 04 10:21:31 2009 paven  29815
Fri Dec 04 10:26:03 2009 paven  mrpgc
Tue Sep  7 12:32:11 2010 msagro  mwrpg
Tue Sep  7 12:36:19 2010 msagro  26198
