Mon Aug 26 07:16:13 2002  Francesco started number masterquest whose solution was 38546
Tue Aug 27 13:18:52 2002  Justin started number masterquest whose solution was 81957
Thu Aug 29 09:56:09 2002  Arete started number masterquest whose solution was 47623
Thu Aug 29 10:18:20 2002  Arete started number masterquest whose solution was 28371
Thu Aug 29 11:16:46 2002  Someone started number masterquest whose solution was 65371
Thu Aug 29 11:57:09 2002  Someone started number masterquest whose solution was 93486
Thu Aug 29 12:05:48 2002  Someone started number masterquest whose solution was 74985
Thu Aug 29 12:09:30 2002  Someone started number masterquest whose solution was 56873
Thu Aug 29 12:13:32 2002  Someone started number masterquest whose solution was 63857
Thu Aug 29 12:18:23 2002  Someone started number masterquest whose solution was 25731
Thu Aug 29 12:36:10 2002  Francesco started number masterquest whose solution was 51463
Sun Sep  1 10:02:50 2002  Vistar started number masterquest whose solution was 32497
Sun Sep  1 10:08:36 2002  Vistar started number masterquest whose solution was 97345
Sun Sep  1 10:14:38 2002  Vistar started number masterquest whose solution was 93764
Sun Sep  1 10:18:24 2002  Vistar started number masterquest whose solution was 29813
Sun Sep  1 10:26:41 2002  Vistar started number masterquest whose solution was 63478
Sun Sep  1 10:29:49 2002  Vistar started number masterquest whose solution was 95873
Sat Sep 21 12:23:15 2002  Helpme started number masterquest whose solution was 27934
Sat Sep 21 12:33:18 2002  Helpme started number masterquest whose solution was 12786
Sat Sep 21 12:40:10 2002  Helpme started number masterquest whose solution was 14923
Tue Oct 22 19:08:23 2002  Yates started number masterquest whose solution was 12574
Tue Oct 22 19:15:03 2002  Yates started number masterquest whose solution was 32794
Tue Oct 22 19:23:44 2002  Yates started number masterquest whose solution was 56782
Tue Oct 22 19:28:30 2002  Yates started number masterquest whose solution was 32186
Thu Oct 31 16:33:41 2002  Kaleia started number masterquest whose solution was 41526
Sat Nov  2 09:02:47 2002  Helpme started number masterquest whose solution was 47391
Sat Nov  2 09:05:20 2002  Helpme started number masterquest whose solution was 85617
Wed Dec  4 11:58:58 2002  Sting started number masterquest whose solution was 93645
Wed Dec  4 15:14:40 2002  Sting started number masterquest whose solution was 39785
Wed Dec  4 15:29:14 2002  Sting started number masterquest whose solution was 57962
Wed Dec  4 15:34:03 2002  Sting started number masterquest whose solution was 25748
Wed Dec  4 15:39:08 2002  Sting started number masterquest whose solution was 21965
Wed Dec  4 15:41:12 2002  Sting started number masterquest whose solution was 25748
Wed Dec  4 15:44:16 2002  Sting started number masterquest whose solution was 25384
Thu Dec 19 23:27:09 2002  Summer started number masterquest whose solution was 35147
Thu Dec 26 22:11:15 2002  Katya started number masterquest whose solution was 63297
Thu Dec 26 23:29:01 2002  Katya started number masterquest whose solution was 79824
Fri Dec 27 00:26:23 2002  Katya started number masterquest whose solution was 78943
Fri Dec 27 00:43:25 2002  Katya started number masterquest whose solution was 92751
Fri Dec 27 15:58:12 2002  Katya started number masterquest whose solution was 75642
Fri Dec 27 16:19:35 2002  Katya started number masterquest whose solution was 52369
Tue Jan 21 15:20:43 2003  Dakeyras started number masterquest whose solution was 29716
Tue Jan 21 15:22:55 2003  Dakeyras started number masterquest whose solution was 24683
Tue Jan 21 15:38:47 2003  Dakeyras started number masterquest whose solution was 97836
Fri Jan 31 22:08:32 2003  Mosobp started number masterquest whose solution was 27936
Fri Jan 31 22:14:47 2003  Mosobp started number masterquest whose solution was 72136
Fri Jan 31 22:16:23 2003  Mosobp started number masterquest whose solution was 15928
Fri Jan 31 22:18:11 2003  Mosobp started number masterquest whose solution was 25346
Fri Jan 31 22:20:49 2003  Mosobp started number masterquest whose solution was 51372
Sun Feb  9 14:42:17 2003  Dakeyras started number masterquest whose solution was 57628
Tue Feb 11 17:26:43 2003  Dakeyras started number masterquest whose solution was 89675
Tue Feb 11 22:09:27 2003  Mosobp started number masterquest whose solution was 68574
Tue Feb 11 22:13:02 2003  Mosobp started number masterquest whose solution was 57981
Tue Feb 11 22:14:32 2003  Mosobp started number masterquest whose solution was 73961
Sun Mar  9 08:16:09 2003  Martha started number masterquest whose solution was 43812
Sun Mar  9 08:22:11 2003  Martha started number masterquest whose solution was 56913
Sat Apr 12 03:02:42 2003  Mishtar started number masterquest whose solution was 72415
Sat Apr 12 03:26:12 2003  Mishtar started number masterquest whose solution was 71538
Sat Apr 12 03:30:50 2003  Mishtar started number masterquest whose solution was 91563
Sat Apr 12 03:31:04 2003  Mishtar started number masterquest whose solution was 74916
Sat Apr 12 03:31:12 2003  Mishtar started number masterquest whose solution was 86175
Sat Apr 12 03:31:20 2003  Mishtar started number masterquest whose solution was 37659
Sat Apr 12 03:31:48 2003  Mishtar started number masterquest whose solution was 39621
Sat Apr 12 03:32:10 2003  Mishtar started number masterquest whose solution was 46718
Sat Apr 12 03:32:20 2003  Mishtar started number masterquest whose solution was 51792
Sat Apr 12 03:35:53 2003  Mishtar started number masterquest whose solution was 35927
Sat Apr 12 03:38:11 2003  Mishtar started number masterquest whose solution was 65832
Sat Apr 12 03:44:43 2003  Mishtar started number masterquest whose solution was 71542
Sat Apr 12 03:49:29 2003  Mishtar started number masterquest whose solution was 13765
Sat Apr 12 03:50:15 2003  Mishtar started number masterquest whose solution was 84279
Thu May 22 02:44:35 2003  Fionn started number masterquest whose solution was 19645
Thu May 22 02:48:51 2003  Fionn started number masterquest whose solution was 28165
Thu May 22 02:52:41 2003  Fionn started number masterquest whose solution was 68941
Mon Jun  9 10:55:25 2003  Darkfyre started number masterquest whose solution was 76185
Tue Aug  5 02:38:04 2003  Mishtar started number masterquest whose solution was 47251
Tue Aug  5 02:45:13 2003  Mishtar started number masterquest whose solution was 12758
Fri Aug  8 19:28:05 2003  Scoobydoo started number masterquest whose solution was 36825
Fri Aug  8 19:35:20 2003  Scoobydoo started number masterquest whose solution was 91275
Sun Aug 10 22:01:48 2003  Trent started number masterquest whose solution was 26587
Tue Aug 19 12:22:47 2003  Whoa started number masterquest whose solution was 21579
Tue Aug 19 12:23:23 2003  Whoa started number masterquest whose solution was 89564
Sun Aug 31 06:27:24 2003  Novowels started number masterquest whose solution was 47589
Sun Aug 31 06:31:37 2003  Novowels started number masterquest whose solution was 89325
Sun Aug 31 06:39:57 2003  Novowels started number masterquest whose solution was 17485
Sun Aug 31 06:44:31 2003  Novowels started number masterquest whose solution was 28963
Sun Aug 31 06:51:32 2003  Novowels started number masterquest whose solution was 24365
Sun Aug 31 06:53:34 2003  Novowels started number masterquest whose solution was 43681
Sun Nov  9 22:15:02 2003  Lexi started number masterquest whose solution was 43572
Sun Nov  9 22:24:44 2003  Lexi started number masterquest whose solution was 84572
Sun Nov  9 22:34:32 2003  Lexi started number masterquest whose solution was 23619
Wed Dec 31 22:09:41 2003  Seductress started number masterquest whose solution was 87239
Wed Dec 31 22:22:40 2003  Seductress started number masterquest whose solution was 64825
Sun Jan  4 19:56:49 2004  Lacar started number masterquest whose solution was 64287
Sun Jan  4 20:09:14 2004  Lacar started number masterquest whose solution was 59482
Thu Jan 22 20:33:44 2004  DeathKnight started number masterquest whose solution was 81374
Thu Jan 22 21:03:23 2004  Cartham started number masterquest whose solution was 59461
Thu Jan 22 21:09:36 2004  Cartham started number masterquest whose solution was 93258
Fri Feb 27 11:38:55 2004  Dent started number masterquest whose solution was 39125
Fri Feb 27 11:44:51 2004  Dent started number masterquest whose solution was 97351
Fri Feb 27 11:50:48 2004  Dent started number masterquest whose solution was 59817
Fri Feb 27 11:53:51 2004  Dent started number masterquest whose solution was 87691
Fri Feb 27 14:46:47 2004  Dent started number masterquest whose solution was 92517
Fri Feb 27 14:50:15 2004  Dent started number masterquest whose solution was 31246
Fri Feb 27 14:54:13 2004  Dent started number masterquest whose solution was 28431
Fri Feb 27 15:00:36 2004  Dent started number masterquest whose solution was 63952
Fri Feb 27 15:03:46 2004  Dent started number masterquest whose solution was 74321
Fri Feb 27 15:16:56 2004  Dent started number masterquest whose solution was 93485
Fri Feb 27 15:22:26 2004  Dent started number masterquest whose solution was 25368
Fri Feb 27 15:24:39 2004  Dent started number masterquest whose solution was 12387
Fri Feb 27 15:26:41 2004  Dent started number masterquest whose solution was 48156
Fri Feb 27 15:32:41 2004  Dent started number masterquest whose solution was 47568
Fri Feb 27 15:35:39 2004  Dent started number masterquest whose solution was 98156
Mon Mar 22 22:32:55 2004  Screwball started number masterquest whose solution was 75981
Tue Apr  6 04:22:05 2004  Tallos started number masterquest whose solution was 23654
Tue Apr  6 04:31:19 2004  Tallos started number masterquest whose solution was 35974
Tue Apr  6 04:34:01 2004  Tallos started number masterquest whose solution was 68531
Tue Apr  6 04:38:09 2004  Tallos started number masterquest whose solution was 39542
Tue Apr  6 12:44:08 2004  Tallos started number masterquest whose solution was 54728
Tue Apr  6 12:53:16 2004  Tallos started number masterquest whose solution was 83129
Tue Apr  6 12:57:17 2004  Tallos started number masterquest whose solution was 78263
Tue Apr  6 13:00:08 2004  Tallos started number masterquest whose solution was 12967
Tue Apr  6 13:08:21 2004  Tallos started number masterquest whose solution was 34158
Wed Apr  7 02:58:13 2004  Tallos started number masterquest whose solution was 49328
Wed Apr  7 03:00:59 2004  Tallos started number masterquest whose solution was 45926
Sat Apr 17 12:29:33 2004  Whoa started number masterquest whose solution was 82915
Sat Apr 17 12:33:58 2004  Whoa started number masterquest whose solution was 43892
Sat Apr 17 12:39:34 2004  Whoa started number masterquest whose solution was 14398
Sun Apr 18 15:06:09 2004  Whoa started number masterquest whose solution was 61739
Sun Apr 25 16:14:25 2004  Dementor started number masterquest whose solution was 81743
Sun Apr 25 16:16:37 2004  Dementor started number masterquest whose solution was 53794
Sun Apr 25 16:18:31 2004  Dementor started number masterquest whose solution was 69538
Sun Apr 25 16:20:18 2004  Dementor started number masterquest whose solution was 95831
Sun Apr 25 16:21:40 2004  Dementor started number masterquest whose solution was 27831
Sun Apr 25 16:23:42 2004  Dementor started number masterquest whose solution was 87529
Mon May 10 09:23:22 2004  Set started number masterquest whose solution was 73521
Tue May 18 10:34:16 2004  Set started number masterquest whose solution was 48672
Tue May 18 10:43:48 2004  Set started number masterquest whose solution was 51893
Wed May 19 08:16:26 2004  Set started number masterquest whose solution was 26489
Tue May 25 17:58:16 2004  Set started number masterquest whose solution was 95824
Wed May 26 08:36:40 2004  Set started number masterquest whose solution was 18452
Sat May 29 00:56:54 2004  DeathKnight started number masterquest whose solution was 64718
Sat May 29 07:57:27 2004  Set started number masterquest whose solution was 63751
Mon May 31 08:33:26 2004  Set started number masterquest whose solution was 94378
Wed Jun 16 21:00:44 2004  Whoa started number masterquest whose solution was 98523
Fri Jul 16 13:47:12 2004  Francesco started number masterquest whose solution was 76943
Fri Jul 16 18:56:39 2004  Tyr started number masterquest whose solution was 91458
Fri Jul 16 18:59:07 2004  Tyr started number masterquest whose solution was 85924
Fri Jul 16 19:03:16 2004  Tyr started number masterquest whose solution was 17682
Thu Aug  5 08:41:45 2004  Set started number masterquest whose solution was 14759
Sat Aug 21 06:45:47 2004  Set started number masterquest whose solution was 27384
Sat Aug 21 06:50:41 2004  Set started number masterquest whose solution was 59816
Thu Sep 30 08:24:06 2004  Set started number masterquest whose solution was 25389
Thu Sep 30 08:31:53 2004  Set started number masterquest whose solution was 83527
Thu Sep 30 08:34:35 2004  Set started number masterquest whose solution was 82675
Fri Oct  8 08:08:43 2004  Set started number masterquest whose solution was 27843
Thu Nov  4 08:04:05 2004  Set started number masterquest whose solution was 73156
Thu Nov  4 08:08:03 2004  Set started number masterquest whose solution was 63591
Fri Nov 12 02:11:31 2004  Whoa started number masterquest whose solution was 62594
Fri Nov 19 13:28:31 2004  Angel started number masterquest whose solution was 37842
Fri Nov 19 14:00:32 2004  Angel started number masterquest whose solution was 81695
Fri Nov 19 16:05:04 2004  Angel started number masterquest whose solution was 52478
Wed Jun 29 13:07:31 2005  Autumn started number masterquest whose solution was 91762
Wed Jun 29 13:16:24 2005  Autumn started number masterquest whose solution was 73254
Wed Jun 29 13:29:45 2005  Autumn started number masterquest whose solution was 42318
Wed Jun 29 13:41:59 2005  Autumn started number masterquest whose solution was 38167
Wed Jun 29 13:54:24 2005  Autumn started number masterquest whose solution was 79563
Wed Jun 29 14:05:04 2005  Autumn started number masterquest whose solution was 36417
Wed Jun 29 15:13:22 2005  Autumn started number masterquest whose solution was 27864
Wed Jun 29 15:45:31 2005  Autumn started number masterquest whose solution was 72394
Wed Jun 29 15:50:27 2005  Autumn started number masterquest whose solution was 14378
Sat Jul  9 19:49:44 2005  Autumn started number masterquest whose solution was 76458
Sat Jul  9 19:52:43 2005  Autumn started number masterquest whose solution was 65243
Sat Jul  9 19:57:01 2005  Autumn started number masterquest whose solution was 36971
Sat Jul  9 20:03:29 2005  Autumn started number masterquest whose solution was 47165
Sat Jul  9 20:08:24 2005  Autumn started number masterquest whose solution was 48275
Sat Jul  9 20:10:12 2005  Autumn started number masterquest whose solution was 47629
Mon Aug  1 11:52:51 2005  Viper started number masterquest whose solution was 87259
Thu Aug 25 02:06:11 2005  Angel started number masterquest whose solution was 87192
Thu Aug 25 16:02:21 2005  Angel started number masterquest whose solution was 16294
Mon Mar  6 16:40:43 2006  Sephiroth started number masterquest whose solution was 47268
Mon Mar  6 17:11:47 2006  Sephiroth started number masterquest whose solution was 71384
Mon Mar  6 17:20:06 2006  Sephiroth started number masterquest whose solution was 73425
Mon Mar  6 17:25:07 2006  Sephiroth started number masterquest whose solution was 14253
Mon Mar  6 17:26:28 2006  Sephiroth started number masterquest whose solution was 63198
Mon Mar  6 17:26:50 2006  Sephiroth started number masterquest whose solution was 45362
Mon Mar  6 17:26:52 2006  Sephiroth started number masterquest whose solution was 96814
Mon Mar  6 17:26:54 2006  Sephiroth started number masterquest whose solution was 57643
Mon Mar  6 17:26:54 2006  Sephiroth started number masterquest whose solution was 69178
Mon Mar  6 17:26:56 2006  Sephiroth started number masterquest whose solution was 17268
Mon Mar  6 17:26:56 2006  Sephiroth started number masterquest whose solution was 67429
Mon Mar  6 17:26:58 2006  Sephiroth started number masterquest whose solution was 72531
Mon Mar  6 17:26:58 2006  Sephiroth started number masterquest whose solution was 46197
Mon Mar  6 17:27:00 2006  Sephiroth started number masterquest whose solution was 76289
Mon Mar  6 17:27:00 2006  Sephiroth started number masterquest whose solution was 58936
Mon Mar  6 17:27:03 2006  Sephiroth started number masterquest whose solution was 18762
Mon Mar  6 17:27:05 2006  Sephiroth started number masterquest whose solution was 57341
Mon Mar  6 17:29:20 2006  Sephiroth started number masterquest whose solution was 87654
Mon Mar  6 17:29:22 2006  Sephiroth started number masterquest whose solution was 46385
Mon Mar  6 17:29:24 2006  Sephiroth started number masterquest whose solution was 93726
Mon Mar  6 17:29:24 2006  Sephiroth started number masterquest whose solution was 31745
Mon Mar  6 17:29:26 2006  Sephiroth started number masterquest whose solution was 27159
Mon Mar  6 17:29:34 2006  Sephiroth started number masterquest whose solution was 54913
Mon Mar  6 17:29:36 2006  Sephiroth started number masterquest whose solution was 18764
Mon Mar  6 17:29:36 2006  Sephiroth started number masterquest whose solution was 94183
Mon Mar  6 17:29:38 2006  Sephiroth started number masterquest whose solution was 85134
Mon Mar  6 17:29:38 2006  Sephiroth started number masterquest whose solution was 84135
Mon Mar  6 17:29:38 2006  Sephiroth started number masterquest whose solution was 83642
Mon Mar  6 17:29:40 2006  Sephiroth started number masterquest whose solution was 18492
Mon Mar  6 17:29:40 2006  Sephiroth started number masterquest whose solution was 38567
Mon Mar  6 17:29:40 2006  Sephiroth started number masterquest whose solution was 14952
Mon Mar  6 17:29:42 2006  Sephiroth started number masterquest whose solution was 74659
Mon Mar  6 17:29:46 2006  Sephiroth started number masterquest whose solution was 32647
Mon Mar  6 17:29:46 2006  Sephiroth started number masterquest whose solution was 83459
Mon Mar  6 17:29:48 2006  Sephiroth started number masterquest whose solution was 73268
Mon Mar  6 17:29:48 2006  Sephiroth started number masterquest whose solution was 21867
Mon Mar  6 17:29:50 2006  Sephiroth started number masterquest whose solution was 86537
Mon Mar  6 17:29:50 2006  Sephiroth started number masterquest whose solution was 56413
Mon Mar  6 17:29:52 2006  Sephiroth started number masterquest whose solution was 54821
Mon Mar  6 17:29:54 2006  Sephiroth started number masterquest whose solution was 74563
Mon Mar  6 17:29:54 2006  Sephiroth started number masterquest whose solution was 72419
Mon Mar  6 17:29:58 2006  Sephiroth started number masterquest whose solution was 65819
Mon Mar  6 17:30:06 2006  Sephiroth started number masterquest whose solution was 37519
Mon Mar  6 17:30:06 2006  Sephiroth started number masterquest whose solution was 56823
Mon Mar  6 17:30:08 2006  Sephiroth started number masterquest whose solution was 13294
Mon Mar  6 17:30:08 2006  Sephiroth started number masterquest whose solution was 59784
Mon Mar  6 17:30:10 2006  Sephiroth started number masterquest whose solution was 87319
Mon Mar  6 17:30:10 2006  Sephiroth started number masterquest whose solution was 19537
Mon Mar  6 17:30:12 2006  Sephiroth started number masterquest whose solution was 26143
Mon Mar  6 17:30:12 2006  Sephiroth started number masterquest whose solution was 21469
Mon Mar  6 17:30:14 2006  Sephiroth started number masterquest whose solution was 64391
Mon Mar  6 17:30:16 2006  Sephiroth started number masterquest whose solution was 76128
Mon Mar  6 17:30:16 2006  Sephiroth started number masterquest whose solution was 28793
Mon Mar  6 17:30:18 2006  Sephiroth started number masterquest whose solution was 75194
Tue Mar  7 01:18:49 2006  Sephiroth started number masterquest whose solution was 29341
Tue Mar  7 01:43:34 2006  Sephiroth started number masterquest whose solution was 68712
Sun Sep  3 00:56:05 2006  Sephiroth started number masterquest whose solution was 84173
Sun Sep  3 01:00:03 2006  Sephiroth started number masterquest whose solution was 69284
Mon Jun 11 00:38:25 2007  Troy started number masterquest whose solution was 87192
Mon Jun 11 00:49:00 2007  Troy started number masterquest whose solution was 47869
Mon Jun 11 01:02:02 2007  Troy started number masterquest whose solution was 69821
Mon Jun 11 14:55:14 2007  Troy started number masterquest whose solution was 37568
Mon Jun 11 15:01:16 2007  Troy started number masterquest whose solution was 76845
Mon Jul 30 00:24:25 2007  Chameleon started number masterquest whose solution was 27496
Wed Apr  8 04:25:45 2009  Maximus started number masterquest whose solution was 39687
Wed Apr  8 04:34:27 2009  Maximus started number masterquest whose solution was 16752
Fri Dec 04 09:55:50 2009  Paven started number masterquest whose solution was 24918
Fri Dec 04 09:59:34 2009  Paven started number masterquest whose solution was 31984
Fri Dec 04 10:17:27 2009  Paven started number masterquest whose solution was 98654
Fri Dec 04 10:19:07 2009  Paven started number masterquest whose solution was 29815
Tue Sep  7 12:33:11 2010  DeathKnight started number masterquest whose solution was 26198
Wed Jun 11 21:18:16 2014  Darkfyre started number masterquest whose solution was 17652
