Sat Jul  6 02:15:45 2002  Francesco    Mastermind level 5 in 1 attempts
Sat Jul  6 02:17:55 2002  Francesco    Mastermind level 5 in 1 attempts
Sat Jul  6 02:19:29 2002  Francesco    Mastermind level 5 in 1 attempts
Sat Jul  6 02:20:55 2002  Francesco    Mastermind level 5 in 1 attempts
Sat Jul  6 02:25:09 2002  Francesco    Mastermind level 5 in 1 attempts
Sat Jul  6 02:38:27 2002  Francesco    Mastermind level 5 in 1 attempts
Sat Jul  6 03:02:39 2002  Francesco    Mastermind level 5 in 1 attempts
Sat Jul  6 03:03:37 2002  Francesco    Mastermind level 5 in 1 attempts
Sat Jul  6 03:09:51 2002  Francesco    Mastermind level 5 in 1 attempts
Sat Jul  6 03:14:29 2002  Francesco    Mastermind level 5 in 1 attempts
Sat Jul  6 03:19:41 2002  Francesco    Mastermind level 5 in 1 attempts
Sat Jul  6 03:25:25 2002  Francesco    Mastermind level 5 in 1 attempts
Sat Jul  6 03:26:17 2002  Francesco    Mastermind level 5 in 1 attempts
Wed Jul 17 09:34:48 2002  Francesco    Mastermind level 5 in 2 attempts
Wed Jul 17 09:41:32 2002  Francesco    Mastermind level 5 in 1 attempts
Wed Jul 17 13:46:34 2002  Someone    Masterquest in 1 attempts, solution was crghw
Thu Jul 18 02:02:07 2002  Wren    Masterquest in 1 attempts, solution was gwbcm
Thu Jul 18 05:03:32 2002  Coldwind    Masterquest in 3 attempts, solution was bwcrp
Wed Aug 21 14:48:06 2002  Whoa    Masterquest in 11 attempts, solution was 42571
Wed Aug 21 19:24:46 2002  Whoa    Masterquest in 13 attempts, solution was 48617
Sat Aug 24 15:02:04 2002  Jaz    Masterquest in 5 attempts, solution was pmhrc
Sun Aug 25 12:32:31 2002  Data    Masterquest in 22 attempts, solution was 62713
Sun Aug 25 12:36:09 2002  Data    Masterquest in 13 attempts, solution was 71569
Sun Aug 25 12:40:26 2002  Data    Masterquest in 2 attempts, solution was wbcyg
Tue Aug 27 13:05:59 2002  Justin    Masterquest in 16 attempts, solution was 72416
Thu Aug 29 09:09:15 2002  Arete    Masterquest in 8 attempts, solution was 92513
Thu Aug 29 09:43:21 2002  Arete    Masterquest in 5 attempts, solution was pbywc
Thu Aug 29 11:16:20 2002  Someone    Masterquest in 1 attempts, solution was wmcyb
Thu Aug 29 11:58:07 2002  Someone    Masterquest in 1 attempts, solution was ghcrp
Thu Aug 29 12:06:50 2002  Someone    Masterquest in 1 attempts, solution was hygwc
Thu Aug 29 12:10:18 2002  Someone    Masterquest in 1 attempts, solution was mrcbh
Thu Aug 29 12:14:52 2002  Someone    Masterquest in 1 attempts, solution was hrcpg
Thu Aug 29 12:19:02 2002  Someone    Masterquest in 1 attempts, solution was bhwrm
Thu Aug 29 12:37:22 2002  Francesco    Masterquest in 1 attempts, solution was mrbpy
Sun Sep  1 10:50:27 2002  Vistar    Masterquest in 10 attempts, solution was 71624
Sun Sep  1 10:54:03 2002  Vistar    Masterquest in 13 attempts, solution was 34826
Sun Sep  1 11:02:29 2002  Vistar    Masterquest in 10 attempts, solution was 36295
Sun Sep  1 11:22:54 2002  Vistar    Masterquest in 9 attempts, solution was 76345
Tue Nov 26 13:08:26 2002  Derian    Masterquest in 23 attempts, solution was 87632
Thu Dec 26 22:36:35 2002  Katya    Masterquest in 40 attempts, solution was 71926
Thu Dec 26 23:05:09 2002  Katya    Masterquest in 5 attempts, solution was cbmrw
Fri Dec 27 16:36:56 2002  Katya    Masterquest in 5 attempts, solution was hcmyg
Tue Jan 21 15:46:48 2003  Dakeyras    Masterquest in 10 attempts, solution was 56941
Tue Jan 21 15:50:08 2003  Dakeyras    Masterquest in 14 attempts, solution was 92178
Sun Mar 30 11:53:00 2003  Evolution    Masterquest in 17 attempts, solution was 43821
Sun Mar 30 11:59:28 2003  Evolution    Masterquest in 12 attempts, solution was 92573
Sat Apr 12 03:24:20 2003  Mishtar    Masterquest in 16 attempts, solution was 27694
Sun Aug 10 22:24:19 2003  Trent    Masterquest in 23 attempts, solution was 62571
Thu Jan 22 21:28:32 2004  DeathKnight    Masterquest in 7 attempts, solution was 14736
Fri Feb 27 13:53:41 2004  Dent    Masterquest in 7 attempts, solution was 83162
Fri Feb 27 14:05:34 2004  Dent    Masterquest in 14 attempts, solution was 72169
Fri Feb 27 14:11:00 2004  Dent    Masterquest in 7 attempts, solution was 98651
Fri Feb 27 14:45:33 2004  Dent    Masterquest in 5 attempts, solution was yhmrg
Sat Apr 17 13:12:36 2004  Whoa    Masterquest in 14 attempts, solution was 82561
Sun Apr 18 15:44:43 2004  Whoa    Masterquest in 12 attempts, solution was 35284
Sun Apr 18 15:49:58 2004  Whoa    Masterquest in 9 attempts, solution was 56719
Sun Apr 18 16:00:34 2004  Whoa    Masterquest in 13 attempts, solution was 64315
Fri Jul 16 13:45:43 2004  Tyr    Masterquest in 17 attempts, solution was 85629
Fri Jul 16 13:49:58 2004  Tyr    Masterquest in 7 attempts, solution was 82769
Fri Jul 16 14:01:23 2004  Tyr    Masterquest in 5 attempts, solution was wprch
Fri Jul 16 18:53:16 2004  Tyr    Masterquest in 5 attempts, solution was wyrhc
Wed Jun 29 13:20:08 2005  Autumn    Masterquest in 4 attempts, solution was bwpgh
Sat Jul  9 20:52:27 2005  Autumn    Masterquest in 6 attempts, solution was ghwbc
Mon Mar  6 17:00:52 2006  Sephiroth    Masterquest in 15 attempts, solution was 94267
Sun Sep  3 01:15:04 2006  Sephiroth    Masterquest in 31 attempts, solution was 94173
Mon Jun 11 01:32:59 2007  Troy    Masterquest in 5 attempts, solution was rypch
Mon Jun 11 15:47:34 2007  Troy    Masterquest in 6 attempts, solution was grycb
Wed Dec  2 17:35:32 2009  Rumplemintz    Masterquest in 37 attempts, solution was 73814
Fri Dec 04 10:25:11 2009  Paven    Masterquest in 2 attempts, solution was mrpgc
Fri Dec 04 10:25:41 2009  Paven    Masterquest in 3 attempts, solution was mrpgc
Tue Sep  7 11:56:50 2010  Msagro    Masterquest in 17 attempts, solution was 69138
Tue Sep  7 12:00:05 2010  Msagro    Masterquest in 21 attempts, solution was 63519
Tue Sep  7 12:23:54 2010  Msagro    Masterquest in 30 attempts, solution was 12467
Tue Sep  7 12:29:17 2010  Msagro    Masterquest in 5 attempts, solution was mwrpg
