x
l
Fri Jun 28 09:23:28 2002  Francesco    Mastermind level 5 in 1 attempts
Fri Jun 28 09:29:31 2002  Francesco    Mastermind level 5 in 1 attempts
Fri Jun 28 09:42:01 2002  Francesco    Mastermind level 5 in 1 attempts
Fri Jun 28 09:42:58 2002  Francesco    Mastermind level 5 in 1 attempts
Fri Jun 28 09:59:08 2002  Francesco    Mastermind level 5 in 1 attempts
Fri Jun 28 09:59:58 2002  Francesco    Mastermind level 5 in 1 attempts
Fri Jun 28 10:02:32 2002  Francesco    Mastermind level 5 in 1 attempts
Fri Jun 28 10:06:16 2002  Francesco    Mastermind level 5 in 1 attempts
Fri Jun 28 10:07:04 2002  Francesco    Mastermind level 5 in 1 attempts
Fri Jun 28 10:11:20 2002  Francesco    Mastermind level 5 in 1 attempts
Fri Jun 28 10:12:20 2002  Francesco    Mastermind level 5 in 1 attempts
Fri Jun 28 10:14:04 2002  Francesco    Mastermind level 5 in 1 attempts
Fri Jun 28 10:15:02 2002  Francesco    Mastermind level 5 in 1 attempts
Tue Jul  2 10:42:43 2002  Francesco    Mastermind level 5 in 1 attempts
Tue Jul  2 10:56:25 2002  Francesco    Mastermind level 5 in 1 attempts
Tue Jul  2 10:59:23 2002  Francesco    Mastermind level 5 in 1 attempts
Tue Jul  2 11:03:03 2002  Francesco    Mastermind level 5 in 1 attempts
Tue Jul  2 11:25:44 2002  Francesco    Mastermind level 5 in 1 attempts
Tue Jul  2 11:27:04 2002  Francesco    Mastermind level 5 in 1 attempts
Tue Jul  2 11:27:50 2002  Francesco    Mastermind level 5 in 1 attempts
Tue Jul  2 11:45:45 2002  Francesco    Mastermind level 5 in 1 attempts
Thu Jul  4 13:55:36 2002  Francesco    Mastermind level 5 in 1 attempts
Thu Jul  4 13:57:29 2002  Francesco    Mastermind level 5 in 1 attempts
Thu Jul  4 14:04:51 2002  Francesco    Mastermind level 5 in 1 attempts
Fri Jul  5 12:19:41 2002  Francesco    Mastermind level 5 in 1 attempts
Fri Jul  5 12:21:25 2002  Francesco    Mastermind level 5 in 1 attempts
Fri Jul  5 12:25:39 2002  Francesco    Mastermind level 5 in 1 attempts
Fri Jul  5 12:27:25 2002  Francesco    Mastermind level 5 in 1 attempts
Fri Jul  5 12:32:04 2002  Francesco    Mastermind level 5 in 1 attempts
Fri Jul  5 12:32:57 2002  Francesco    Mastermind level 5 in 1 attempts
Fri Jul  5 12:39:24 2002  Francesco    Mastermind level 5 in 1 attempts
Fri Jul  5 12:57:58 2002  Francesco    Mastermind level 5 in 1 attempts
Fri Jul  5 12:58:48 2002  Francesco    Mastermind level 5 in 1 attempts
Fri Jul  5 12:59:18 2002  Francesco    Mastermind level 5 in 1 attempts
Fri Jul  5 13:43:38 2002  Francesco    Mastermind level 5 in 1 attempts
Fri Jul  5 13:44:14 2002  Francesco    Mastermind level 5 in 1 attempts
Fri Jul  5 13:54:14 2002  Francesco    Mastermind level 5 in 1 attempts
Fri Jul  5 13:54:42 2002  Francesco    Mastermind level 5 in 1 attempts
Fri Jul  5 13:57:08 2002  Francesco    Mastermind level 5 in 1 attempts
Fri Jul  5 13:57:34 2002  Francesco    Mastermind level 5 in 1 attempts
Fri Jul  5 14:01:12 2002  Francesco    Mastermind level 5 in 1 attempts
Fri Jul  5 14:01:38 2002  Francesco    Mastermind level 5 in 1 attempts
Fri Jul  5 14:08:10 2002  Francesco    Mastermind level 5 in 1 attempts
Fri Jul  5 14:08:38 2002  Francesco    Mastermind level 5 in 1 attempts
Fri Jul  5 14:21:37 2002  Francesco    Mastermind level 5 in 1 attempts
Fri Jul  5 14:22:05 2002  Francesco    Mastermind level 5 in 1 attempts
Fri Jul  5 14:24:51 2002  Francesco    Mastermind level 5 in 1 attempts
Fri Jul  5 14:25:27 2002  Francesco    Mastermind level 5 in 1 attempts
Fri Jul  5 14:34:42 2002  Someone    Mastermind level 5 in 1 attempts
Fri Jul  5 14:36:22 2002  Someone    Mastermind level 5 in 2 attempts
Fri Jul  5 14:46:08 2002  Francesco    Mastermind level 5 in 1 attempts
Fri Jul  5 14:46:32 2002  Francesco    Mastermind level 5 in 1 attempts
Sat Jul  6 02:21:11 2002  Francesco    Mastermind level 5 in 1 attempts
Sat Jul  6 02:28:29 2002  Francesco    Mastermind level 5 in 1 attempts
Sat Jul  6 02:34:01 2002  Francesco    Mastermind level 5 in 1 attempts
Sat Jul  6 02:34:57 2002  Francesco    Mastermind level 5 in 1 attempts
Sat Jul  6 02:36:35 2002  Francesco    Mastermind level 5 in 1 attempts
Sat Jul  6 02:37:11 2002  Francesco    Mastermind level 5 in 1 attempts
Sat Jul  6 02:39:53 2002  Francesco    Mastermind level 5 in 1 attempts
Sat Jul  6 02:46:01 2002  Francesco    Mastermind level 5 in 1 attempts
Sat Jul  6 03:08:55 2002  Francesco    Mastermind level 5 in 1 attempts
Sat Jul  6 03:14:49 2002  Francesco    Mastermind level 5 in 1 attempts
Sat Jul  6 03:20:15 2002  Francesco    Mastermind level 5 in 1 attempts
Sat Jul  6 03:26:53 2002  Francesco    Mastermind level 5 in 1 attempts
Wed Jul 17 09:24:08 2002  Francesco    Mastermind level 5 in 1 attempts
Wed Jul 17 09:38:04 2002  Francesco    Mastermind level 5 in 1 attempts
Wed Jul 17 13:35:09 2002  Someone    Mastermind level 5 in 8 attempts,  solution94715
Wed Jul 17 13:37:38 2002  Someone    Mastermind level 5 in 8 attempts,  solution42739
Wed Jul 17 13:38:32 2002  Someone    Masterquest in 6 attempts, solution was 23785
Wed Jul 17 13:39:06 2002  Someone    Mastermind level 5 in 8 attempts,  solution74251
Wed Jul 17 13:40:54 2002  Someone    Mastermind level 5 in 1 attempts
Wed Jul 17 13:44:52 2002  Someone    Masterquest in 8 attempts, solution was 23476
Thu Jul 18 01:46:50 2002  Wren    Masterquest in 1 attempts, solution was 91356
Thu Jul 18 03:14:20 2002  Coldwind    Masterquest in 3 attempts, solution was 78645
Thu Jul 18 03:43:49 2002  Coldwind    Masterquest in 1 attempts, solution was 76453
Thu Jul 18 05:05:32 2002  Coldwind    Masterquest in 1 attempts, solution was 21376
Tue Aug 20 12:10:16 2002  Helpme    Masterquest in 30 attempts, solution was 35497
Wed Aug 21 12:06:09 2002  Vistar    Masterquest in 8 attempts, solution was 25738
Wed Aug 21 12:22:40 2002  Vistar    Masterquest in 18 attempts, solution was 32184
Wed Aug 21 15:28:07 2002  Vistar    Masterquest in 6 attempts, solution was 34769
Wed Aug 21 20:53:51 2002  Yates    Masterquest in 6 attempts, solution was 51823
Sun Aug 25 12:20:17 2002  Data    Masterquest in 11 attempts, solution was 79216
Sun Aug 25 14:24:27 2002  Data    Masterquest in 21 attempts, solution was 38721
Tue Aug 27 13:35:43 2002  Justin    Masterquest in 19 attempts, solution was 81957
Thu Aug 29 10:18:04 2002  Arete    Masterquest in 13 attempts, solution was 47623
Thu Aug 29 10:27:36 2002  Arete    Masterquest in 6 attempts, solution was 28371
Thu Aug 29 11:16:58 2002  Someone    Masterquest in 1 attempts, solution was 65371
Thu Aug 29 11:57:21 2002  Someone    Masterquest in 1 attempts, solution was 93486
Thu Aug 29 12:06:00 2002  Someone    Masterquest in 1 attempts, solution was 74985
Thu Aug 29 12:09:46 2002  Someone    Masterquest in 1 attempts, solution was 56873
Thu Aug 29 12:13:46 2002  Someone    Masterquest in 1 attempts, solution was 63857
Thu Aug 29 12:18:29 2002  Someone    Masterquest in 1 attempts, solution was 25731
Thu Aug 29 12:36:44 2002  Francesco    Masterquest in 1 attempts, solution was 51463
Sun Sep  1 10:22:36 2002  Vistar    Masterquest in 8 attempts, solution was 29813
Sun Sep  1 10:36:14 2002  Vistar    Masterquest in 6 attempts, solution was 95873
Sat Sep 21 12:39:28 2002  Helpme    Masterquest in 34 attempts, solution was 12786
Tue Oct 22 19:21:50 2002  Yates    Masterquest in 9 attempts, solution was 32794
Tue Oct 22 19:34:18 2002  Yates    Masterquest in 7 attempts, solution was 34126
Wed Dec  4 12:08:06 2002  Sting    Masterquest in 9 attempts, solution was 93645
Wed Dec  4 15:29:06 2002  Sting    Masterquest in 11 attempts, solution was 39785
Wed Dec  4 15:39:02 2002  Sting    Masterquest in 11 attempts, solution was 25748
Wed Dec  4 15:41:06 2002  Sting    Masterquest in 14 attempts, solution was 21965
Thu Dec 19 23:37:01 2002  Summer    Masterquest in 19 attempts, solution was 35147
Thu Dec 26 22:19:27 2002  Katya    Masterquest in 14 attempts, solution was 63297
Fri Dec 27 00:30:35 2002  Katya    Masterquest in 18 attempts, solution was 78943
Fri Dec 27 16:21:19 2002  Katya    Masterquest in 6 attempts, solution was 52369
Tue Jan 21 15:30:07 2003  Dakeyras    Masterquest in 16 attempts, solution was 24683
Tue Jan 21 15:38:37 2003  Dakeyras    Masterquest in 15 attempts, solution was 42738
Tue Jan 21 15:41:03 2003  Dakeyras    Masterquest in 16 attempts, solution was 97836
Fri Jan 31 22:14:37 2003  Mosobp    Masterquest in 26 attempts, solution was 27936
Fri Jan 31 22:16:11 2003  Mosobp    Masterquest in 10 attempts, solution was 72136
Fri Jan 31 22:18:05 2003  Mosobp    Masterquest in 13 attempts, solution was 15928
Fri Jan 31 22:20:41 2003  Mosobp    Masterquest in 8 attempts, solution was 25346
Sun Feb  9 14:46:17 2003  Dakeyras    Masterquest in 14 attempts, solution was 57628
Tue Feb 11 17:33:22 2003  Dakeyras    Masterquest in 8 attempts, solution was 89675
Sat Apr 12 03:16:26 2003  Mishtar    Masterquest in 35 attempts, solution was 72415
Tue Aug  5 02:45:00 2003  Mishtar    Masterquest in 9 attempts, solution was 47251
Sun Aug 10 22:09:54 2003  Trent    Masterquest in 33 attempts, solution was 26587
Sun Nov  9 22:23:35 2003  Lexi    Masterquest in 10 attempts, solution was 43572
Wed Dec 31 22:22:12 2003  Seductress    Masterquest in 11 attempts, solution was 87239
Sun Jan  4 20:08:58 2004  Lacar    Masterquest in 30 attempts, solution was 64287
Thu Jan 22 21:09:20 2004  Cartham    Masterquest in 22 attempts, solution was 59461
Thu Jan 22 21:17:00 2004  Cartham    Masterquest in 6 attempts, solution was 93258
Fri Feb 27 11:57:59 2004  Dent    Masterquest in 6 attempts, solution was 87691
Fri Feb 27 15:07:10 2004  Dent    Masterquest in 7 attempts, solution was 74321
Sat Apr 17 12:42:44 2004  Whoa    Masterquest in 17 attempts, solution was 14398
Sun Apr 18 15:07:18 2004  Whoa    Masterquest in 5 attempts, solution was 61739
Sun Apr 25 16:17:53 2004  Dementor    Masterquest in 7 attempts, solution was 53794
Sun Apr 25 16:26:50 2004  Dementor    Masterquest in 6 attempts, solution was 87529
Mon May 10 09:30:56 2004  Set    Masterquest in 8 attempts, solution was 73521
Fri Jul 16 19:05:28 2004  Tyr    Masterquest in 5 attempts, solution was 17682
Fri Nov 12 02:16:41 2004  Whoa    Masterquest in 18 attempts, solution was 62594
Fri Nov 19 16:16:48 2004  Angel    Masterquest in 17 attempts, solution was 52478
Wed Jun 29 13:16:04 2005  Autumn    Masterquest in 21 attempts, solution was 91762
Wed Jun 29 13:41:49 2005  Autumn    Masterquest in 29 attempts, solution was 42318
Wed Jun 29 13:57:52 2005  Autumn    Masterquest in 13 attempts, solution was 79563
Wed Jun 29 15:47:35 2005  Autumn    Masterquest in 9 attempts, solution was 72394
Sat Jul  9 20:02:55 2005  Autumn    Masterquest in 8 attempts, solution was 36971
Sat Jul  9 20:11:18 2005  Autumn    Masterquest in 6 attempts, solution was 47629
Mon Mar  6 16:49:12 2006  Sephiroth    Masterquest in 23 attempts, solution was 47268
Mon Mar  6 17:24:09 2006  Sephiroth    Masterquest in 12 attempts, solution was 73425
Sun Sep  3 00:59:19 2006  Sephiroth    Masterquest in 11 attempts, solution was 69284
Mon Jun 11 01:01:44 2007  Troy    Masterquest in 12 attempts, solution was 47869
Mon Jun 11 01:10:10 2007  Troy    Masterquest in 6 attempts, solution was 69821
Mon Jun 11 15:08:47 2007  Troy    Masterquest in 6 attempts, solution was 76845
Fri Dec 04 09:59:28 2009  Paven    Masterquest in 9 attempts, solution was 24918
Fri Dec 04 10:19:37 2009  Paven    Masterquest in 3 attempts, solution was 29815
Fri Dec 04 10:20:37 2009  Paven    Masterquest in 4 attempts, solution was 29815
Tue Sep  7 12:34:17 2010  DeathKnight    Masterquest in 4 attempts, solution was 26198
