Mon Aug 26 07:16:51 2002  Francesco started color masterquest whose solution was 28971
Tue Aug 27 12:29:30 2002  Justin started color masterquest whose solution was 58937
Tue Aug 27 12:37:25 2002  Justin started color masterquest whose solution was 86327
Tue Aug 27 12:48:35 2002  Justin started color masterquest whose solution was 65491
Tue Aug 27 12:51:47 2002  Justin started color masterquest whose solution was 72416
Thu Aug 29 08:56:16 2002  Arete started color masterquest whose solution was 92513
Thu Aug 29 09:10:27 2002  Arete started color masterquest whose solution was 28973
Thu Aug 29 09:33:26 2002  Arete started color masterquest whose solution was 54376
Thu Aug 29 11:15:36 2002  Someone started color masterquest whose solution was 79634
Thu Aug 29 11:57:37 2002  Someone started color masterquest whose solution was 28615
Thu Aug 29 12:06:12 2002  Someone started color masterquest whose solution was 83276
Thu Aug 29 12:09:56 2002  Someone started color masterquest whose solution was 91648
Thu Aug 29 12:14:06 2002  Someone started color masterquest whose solution was 81652
Thu Aug 29 12:18:43 2002  Someone started color masterquest whose solution was 48719
Thu Aug 29 12:36:54 2002  Francesco started color masterquest whose solution was 91453
Sun Sep  1 10:41:16 2002  Vistar started color masterquest whose solution was 87645
Sun Sep  1 10:43:29 2002  Vistar started color masterquest whose solution was 58439
Sun Sep  1 10:47:49 2002  Vistar started color masterquest whose solution was 71624
Sun Sep  1 10:50:35 2002  Vistar started color masterquest whose solution was 34826
Sun Sep  1 10:54:13 2002  Vistar started color masterquest whose solution was 43167
Sun Sep  1 10:58:19 2002  Vistar started color masterquest whose solution was 14739
Sun Sep  1 11:00:13 2002  Vistar started color masterquest whose solution was 36295
Sun Sep  1 11:02:37 2002  Vistar started color masterquest whose solution was 58431
Sun Sep  1 11:06:48 2002  Vistar started color masterquest whose solution was 56984
Sun Sep  1 11:09:44 2002  Vistar started color masterquest whose solution was 12857
Sun Sep  1 11:15:30 2002  Vistar started color masterquest whose solution was 46721
Sun Sep  1 11:19:58 2002  Vistar started color masterquest whose solution was 76345
Sun Sep  1 11:23:02 2002  Vistar started color masterquest whose solution was 32185
Sun Sep  1 11:26:30 2002  Vistar started color masterquest whose solution was 54263
Sun Sep  1 11:28:42 2002  Vistar started color masterquest whose solution was 38126
Sun Sep  1 11:32:18 2002  Vistar started color masterquest whose solution was 89432
Sun Sep  1 11:33:16 2002  Vistar started color masterquest whose solution was 93168
Sun Sep  1 11:35:32 2002  Vistar started color masterquest whose solution was 68231
Sun Sep  1 11:36:24 2002  Vistar started color masterquest whose solution was 76513
Sun Sep  1 11:39:36 2002  Vistar started color masterquest whose solution was 49615
Sun Sep  1 11:42:34 2002  Vistar started color masterquest whose solution was 45768
Sun Sep  1 11:43:13 2002  Vistar started color masterquest whose solution was 48352
Sat Sep 21 12:31:20 2002  Helpme started color masterquest whose solution was 29157
Tue Nov 26 12:59:47 2002  Derian started color masterquest whose solution was 87632
Tue Nov 26 13:08:56 2002  Derian started color masterquest whose solution was 45268
Wed Nov 27 23:21:30 2002  Data started color masterquest whose solution was 97814
Wed Nov 27 23:25:43 2002  Data started color masterquest whose solution was 14693
Wed Nov 27 23:30:08 2002  Data started color masterquest whose solution was 81362
Wed Nov 27 23:31:30 2002  Data started color masterquest whose solution was 28376
Wed Nov 27 23:32:58 2002  Data started color masterquest whose solution was 96258
Wed Nov 27 23:33:50 2002  Data started color masterquest whose solution was 61932
Wed Nov 27 23:34:46 2002  Data started color masterquest whose solution was 47695
Wed Nov 27 23:40:51 2002  Data started color masterquest whose solution was 34928
Wed Nov 27 23:41:31 2002  Data started color masterquest whose solution was 56291
Wed Nov 27 23:42:25 2002  Data started color masterquest whose solution was 41273
Wed Nov 27 23:43:19 2002  Data started color masterquest whose solution was 96214
Wed Nov 27 23:44:15 2002  Data started color masterquest whose solution was 45279
Wed Nov 27 23:45:04 2002  Data started color masterquest whose solution was 86154
Thu Nov 28 00:04:37 2002  Data started color masterquest whose solution was 12764
Thu Nov 28 00:05:39 2002  Data started color masterquest whose solution was 72186
Sat Nov 30 14:15:00 2002  Data started color masterquest whose solution was 37846
Sat Nov 30 14:16:32 2002  Data started color masterquest whose solution was 94136
Sat Nov 30 14:17:22 2002  Data started color masterquest whose solution was 76492
Sat Nov 30 14:19:16 2002  Data started color masterquest whose solution was 58937
Sat Nov 30 14:21:41 2002  Data started color masterquest whose solution was 74531
Sat Nov 30 14:22:55 2002  Data started color masterquest whose solution was 19465
Sat Nov 30 14:23:21 2002  Data started color masterquest whose solution was 37582
Sat Nov 30 14:45:05 2002  Data started color masterquest whose solution was 56413
Sat Nov 30 14:45:51 2002  Data started color masterquest whose solution was 37642
Wed Dec  4 12:12:18 2002  Sting started color masterquest whose solution was 16948
Thu Dec 19 23:39:07 2002  Summer started color masterquest whose solution was 51728
Thu Dec 19 23:40:19 2002  Summer started color masterquest whose solution was 13784
Thu Dec 19 23:49:17 2002  Summer started color masterquest whose solution was 43158
Thu Dec 26 22:23:36 2002  Katya started color masterquest whose solution was 71926
Thu Dec 26 23:02:34 2002  Katya started color masterquest whose solution was 64917
Fri Dec 27 15:54:58 2002  Katya started color masterquest whose solution was 23415
Fri Dec 27 16:34:34 2002  Katya started color masterquest whose solution was 86932
Tue Jan 21 15:44:32 2003  Dakeyras started color masterquest whose solution was 56941
Tue Jan 21 15:47:16 2003  Dakeyras started color masterquest whose solution was 92178
Fri Jan 31 22:23:53 2003  Mosobp started color masterquest whose solution was 56312
Sun Mar 30 11:40:38 2003  Evolution started color masterquest whose solution was 29618
Sun Mar 30 11:44:54 2003  Evolution started color masterquest whose solution was 43821
Sun Mar 30 11:53:44 2003  Evolution started color masterquest whose solution was 92573
Sun Mar 30 12:00:08 2003  Evolution started color masterquest whose solution was 97635
Sun Mar 30 12:14:37 2003  Evolution started color masterquest whose solution was 39648
Sat Apr 12 03:18:58 2003  Mishtar started color masterquest whose solution was 27694
Thu May 22 02:37:07 2003  Fionn started color masterquest whose solution was 97261
Sun Aug 10 22:17:44 2003  Trent started color masterquest whose solution was 62571
Sun Aug 10 22:25:09 2003  Trent started color masterquest whose solution was 15874
Sun Nov  9 22:40:46 2003  Lexi started color masterquest whose solution was 13875
Thu Jan 22 21:23:19 2004  DeathKnight started color masterquest whose solution was 14736
Thu Jan 22 21:48:16 2004  DeathKnight started color masterquest whose solution was 84795
Fri Feb 27 13:45:48 2004  Dent started color masterquest whose solution was 83162
Fri Feb 27 13:54:53 2004  Dent started color masterquest whose solution was 72169
Fri Feb 27 14:05:42 2004  Dent started color masterquest whose solution was 98651
Fri Feb 27 14:11:22 2004  Dent started color masterquest whose solution was 25943
Fri Feb 27 14:19:44 2004  Dent started color masterquest whose solution was 82174
Fri Feb 27 14:25:34 2004  Dent started color masterquest whose solution was 35762
Fri Feb 27 14:31:19 2004  Dent started color masterquest whose solution was 26784
Fri Feb 27 14:37:36 2004  Dent started color masterquest whose solution was 38912
Mon Mar 22 22:36:15 2004  Screwball started color masterquest whose solution was 98634
Sat Apr 17 12:44:10 2004  Whoa started color masterquest whose solution was 43961
Sat Apr 17 12:55:29 2004  Whoa started color masterquest whose solution was 69572
Sat Apr 17 13:10:22 2004  Whoa started color masterquest whose solution was 82561
Sun Apr 18 15:35:54 2004  Whoa started color masterquest whose solution was 83246
Sun Apr 18 15:37:17 2004  Whoa started color masterquest whose solution was 65124
Sun Apr 18 15:38:37 2004  Whoa started color masterquest whose solution was 82765
Sun Apr 18 15:41:09 2004  Whoa started color masterquest whose solution was 36945
Sun Apr 18 15:43:09 2004  Whoa started color masterquest whose solution was 35284
Sun Apr 18 15:45:09 2004  Whoa started color masterquest whose solution was 68271
Sun Apr 18 15:47:22 2004  Whoa started color masterquest whose solution was 13429
Sun Apr 18 15:49:00 2004  Whoa started color masterquest whose solution was 56719
Sun Apr 18 15:50:26 2004  Whoa started color masterquest whose solution was 56493
Sun Apr 18 15:56:20 2004  Whoa started color masterquest whose solution was 64315
Sun Apr 18 16:00:46 2004  Whoa started color masterquest whose solution was 23185
Sun Apr 18 16:05:14 2004  Whoa started color masterquest whose solution was 96813
Sun Apr 25 16:32:51 2004  Dementor started color masterquest whose solution was 28649
Fri Jul 16 13:37:13 2004  Tyr started color masterquest whose solution was 85629
Fri Jul 16 13:45:53 2004  Tyr started color masterquest whose solution was 82769
Fri Jul 16 13:50:36 2004  Tyr started color masterquest whose solution was 32781
Fri Jul 16 13:58:45 2004  Tyr started color masterquest whose solution was 75168
Fri Jul 16 18:48:32 2004  Tyr started color masterquest whose solution was 41735
Fri Jul 16 18:50:30 2004  Tyr started color masterquest whose solution was 73186
Thu Sep 30 08:40:21 2004  Set started color masterquest whose solution was 65942
Thu Sep 30 22:44:23 2004  Hugh started color masterquest whose solution was 52138
Fri Nov 19 10:26:15 2004  Hercules started color masterquest whose solution was 12369
Fri Nov 19 16:03:01 2004  Angel started color masterquest whose solution was 18346
Fri Nov 19 16:24:19 2004  Angel started color masterquest whose solution was 74639
Fri Nov 19 16:34:31 2004  Angel started color masterquest whose solution was 97621
Fri Nov 19 16:45:01 2004  Angel started color masterquest whose solution was 36792
Wed Jun 29 13:18:22 2005  Autumn started color masterquest whose solution was 47528
Sat Jul  9 20:42:55 2005  Autumn started color masterquest whose solution was 83976
Sat Jul  9 20:48:11 2005  Autumn started color masterquest whose solution was 28746
Mon Mar  6 16:55:00 2006  Sephiroth started color masterquest whose solution was 94267
Tue Mar  7 01:52:38 2006  Sephiroth started color masterquest whose solution was 76513
Sun Sep  3 01:03:07 2006  Sephiroth started color masterquest whose solution was 48169
Sun Sep  3 01:06:35 2006  Sephiroth started color masterquest whose solution was 94173
Mon Jun 11 01:18:37 2007  Troy started color masterquest whose solution was 79548
Mon Jun 11 01:29:58 2007  Troy started color masterquest whose solution was 13568
Mon Jun 11 15:15:06 2007  Troy started color masterquest whose solution was 86345
Mon Jun 11 15:21:25 2007  Troy started color masterquest whose solution was 59836
Mon Jun 11 15:21:45 2007  Troy started color masterquest whose solution was 86134
Mon Jun 11 15:37:25 2007  Troy started color masterquest whose solution was 65179
Mon Jun 11 15:37:35 2007  Troy started color masterquest whose solution was 89615
Mon Jun 11 15:37:49 2007  Troy started color masterquest whose solution was 36918
Mon Jun 11 15:38:01 2007  Troy started color masterquest whose solution was 19324
Mon Jun 11 15:39:02 2007  Troy started color masterquest whose solution was 24385
Mon Jun 11 15:39:12 2007  Troy started color masterquest whose solution was 15682
Mon Jun 11 15:39:22 2007  Troy started color masterquest whose solution was 12645
Mon Jun 11 15:39:30 2007  Troy started color masterquest whose solution was 21364
Fri Feb 22 13:32:31 2008  Esox started color masterquest whose solution was 35291
Wed Dec  2 17:29:17 2009  Rumplemintz started color masterquest whose solution was 73814
Fri Dec 04 10:23:31 2009  Paven started color masterquest whose solution was 91526
Tue Sep  7 11:51:04 2010  Msagro started color masterquest whose solution was 69138
Tue Sep  7 11:57:02 2010  Msagro started color masterquest whose solution was 63519
Tue Sep  7 12:17:49 2010  Msagro started color masterquest whose solution was 12467
Tue Sep  7 12:26:32 2010  Msagro started color masterquest whose solution was 97152
