Sat Jun  7 18:09:28 2003 [1;33mJaraxle[2;37;0m killed Phoenix.
Sun Jun  8 17:58:23 2003 [1;33mGhost[2;37;0m killed Phoenix.
Tue Jun 10 19:44:39 2003 [1;33mDeathKnight[2;37;0m killed Phoenix.
Thu Aug 28 00:02:23 2003 [1;33mShar[2;37;0m killed Phoenix.
Thu Sep 18 05:16:44 2003 [1;33mHumble[2;37;0m killed Phoenix.
Thu Sep 18 08:48:32 2003 [1;33mHumble[2;37;0m killed Phoenix.
Wed Oct  1 14:23:22 2003 [1;33mFenfir[2;37;0m killed Phoenix.
Fri Oct  3 17:03:02 2003 [1;33mFenfir[2;37;0m killed Phoenix.
Sun Oct 19 06:43:58 2003 [1;33mJaraxle[2;37;0m killed Phoenix.
Sun Oct 19 06:44:08 2003 [1;33mJaraxle[2;37;0m killed Phoenix.
Sun Oct 19 06:44:49 2003 [1;33mJaraxle[2;37;0m killed Phoenix.
Sun Oct 19 06:44:49 2003 [1;33mJaraxle[2;37;0m killed Phoenix.
Sun Oct 19 15:17:21 2003 [1;33mJaraxle[2;37;0m killed Phoenix.
Sun Oct 19 15:18:17 2003 [1;33mJaraxle[2;37;0m killed Phoenix.
Sun Oct 19 15:18:21 2003 [1;33mJaraxle[2;37;0m killed Phoenix.
Sun Oct 19 15:18:21 2003 [1;33mJaraxle[2;37;0m killed Phoenix.
Sun Oct 19 15:20:31 2003 [1;33mJaraxle[2;37;0m killed Phoenix.
Sun Oct 19 15:20:31 2003 [1;33mJaraxle[2;37;0m killed Phoenix.
Fri Oct 24 22:53:58 2003 [1;33mDarkwing[2;37;0m killed Phoenix.
Thu Oct 30 23:34:53 2003 [1;33mShar[2;37;0m killed Phoenix.
Sun Nov  2 00:57:34 2003 [1;33mGhost[2;37;0m killed Phoenix.
Tue Nov  4 21:37:53 2003 [1;33mHumble[2;37;0m killed Phoenix.
Mon Dec 15 04:13:11 2003 [1;33mHumble[2;37;0m killed Phoenix.
Tue Jan 20 00:32:04 2004 [1;33mLucius[2;37;0m killed Phoenix.
Mon Jan 26 00:11:05 2004 [1;33mLucius[2;37;0m killed Phoenix.
Wed Jan 28 01:15:01 2004 [1;33mLucius[2;37;0m killed Phoenix.
Mon Feb  2 23:10:44 2004 [1;33mCooper[2;37;0m killed Phoenix.
Tue Mar  9 00:07:23 2004 [1;33mShadowraith[2;37;0m killed Phoenix.
Fri Apr  2 10:15:10 2004 [1;33mFenfir[2;37;0m killed Phoenix.
Sun May  9 02:57:27 2004 [1;33mFenfir[2;37;0m killed Phoenix.
Sun May 16 15:12:40 2004 [1;33mCooper[2;37;0m killed Phoenix.
Fri Jul  2 03:50:44 2004 [1;33mFenfir[2;37;0m killed Phoenix.
Sat Jan  1 13:06:06 2005 [1;33mSomeone[2;37;0m killed Phoenix.
Mon Feb 21 01:10:54 2005 [1;33mCooper[2;37;0m killed Phoenix.
Fri Apr 14 00:56:34 2006 [1;33mSephiroth[2;37;0m killed Phoenix.
Fri Apr 14 03:51:44 2006 [1;33mSephiroth[2;37;0m killed Phoenix.
Tue Feb 13 23:05:50 2007 [1;33mSephiroth[2;37;0m killed Phoenix.
Thu Feb 15 01:00:44 2007 [1;33mSephiroth[2;37;0m killed Phoenix.
Sat Aug 11 20:35:27 2007 [1;33mDecimis[0m killed Phoenix.
Sun Jun 27 19:32:39 2010 [1;33mMobic[0m killed Phoenix.
Sat Oct 15 14:02:48 2011 [1;33mScavenger[0m killed Phoenix.
Sat Oct 15 17:59:55 2011 [1;33mScavenger[0m killed Phoenix.
Sat Oct 22 02:15:49 2011 [1;33mScavenger[0m killed Phoenix.
Thu Oct 27 00:54:40 2011 [1;33mHerger[0m killed Phoenix.
Sat Oct 29 11:14:00 2011 [1;33mHerger[0m killed Phoenix.
Sun Oct 30 15:36:29 2011 [1;33mHerger[0m killed Phoenix.
Sun Oct 30 22:28:23 2011 [1;33mHerger[0m killed Phoenix.
Wed Nov  2 22:02:32 2011 [1;33mJester[0m killed Phoenix.
Sat Nov  5 17:03:17 2011 [1;33mHerger[0m killed Phoenix.
Sat Nov  5 22:00:40 2011 [1;33mHerger[0m killed Phoenix.
Sun Nov 20 13:21:24 2011 [1;33mJester[0m killed Phoenix.
Thu Nov 24 13:04:29 2011 [1;33mCooper[0m killed Phoenix.
Tue Jan  3 22:26:22 2012 [1;33mDeathseeker[0m killed Phoenix.
Thu Jun  5 18:33:16 2014 [1;33mCooper[0m killed Phoenix.
Fri Jun  6 21:02:27 2014 [1;33mXerxes[0m killed Phoenix.
Wed Jun 18 07:26:39 2014 [1;33mSin[0m killed Phoenix.
Fri Jul  4 21:02:09 2014 [1;33mXerxes[0m killed Phoenix.
Mon Jul  7 09:16:39 2014 [1;33mXerxes[0m killed Phoenix.
Tue Jul  8 09:20:14 2014 [1;33mXerxes[0m killed Phoenix.
Sat Jul 12 12:26:58 2014 [1;33mCooper[0m killed Phoenix.
Sat Jul 19 12:49:33 2014 [1;33mXerxes[0m killed Phoenix.
Sun Aug  9 12:49:43 2015 [1;33mCooper[0m killed Phoenix.
Sat Jun  4 16:06:17 2016 [1;33mCooper[0m killed Phoenix.
Sat Jun 25 09:03:00 2016 [1;33mCooper[0m killed Phoenix.
