Sat Feb 17 15:24:34 2001 [1;33mStone[2;37;0m killed Fire.
Tue Feb 20 01:57:30 2001 [1;33mGhost[2;37;0m killed Fire.
Wed Feb 21 01:24:03 2001 [1;33mHepcat[2;37;0m killed Fire.
Mon Mar  5 02:08:10 2001 [1;33mStone[2;37;0m killed Fire.
Sat Jun 23 03:58:18 2001 [1;33mOden[2;37;0m killed Fire.
Fri Jul 27 03:33:53 2001 [1;33mAdidas[2;37;0m killed Fire.
Sat Aug 11 21:55:03 2001 [1;33mClick[2;37;0m killed Fire.
Thu Aug 16 04:07:10 2001 [1;33mCerberus[2;37;0m killed Fire.
Tue Aug 21 01:41:39 2001 [1;33mStochos[2;37;0m killed Fire.
Tue Aug 21 21:36:45 2001 [1;33mClick[2;37;0m killed Fire.
Wed Aug 22 00:56:34 2001 [1;33mClick[2;37;0m killed Fire.
Wed Aug 22 02:45:19 2001 [1;33mClick[2;37;0m killed Fire.
Sat Nov 17 16:26:25 2001 [1;33mJared[2;37;0m killed Fire.
Sat Jan 19 05:22:04 2002 [1;33mCooper[2;37;0m killed Fire.
Sat Jan 19 16:05:44 2002 [1;33mCooper[2;37;0m killed Fire.
Sun Jan 20 01:15:19 2002 [1;33mCooper[2;37;0m killed Fire.
Sun Jan 20 03:53:00 2002 [1;33mCooper[2;37;0m killed Fire.
Tue Jan 29 21:21:48 2002 [1;33mTarken[2;37;0m killed Fire.
Thu Mar  7 00:34:14 2002 [1;33mRonin[2;37;0m killed Fire.
Mon Apr  8 20:22:57 2002 [1;33mCooper[2;37;0m killed Fire.
Fri Jun 28 17:12:45 2002 [1;33mSmack[2;37;0m killed Fire.
Sat Jun 29 11:59:05 2002 [1;33mSmack[2;37;0m killed Fire.
Sun Jun 30 20:54:01 2002 [1;33mKorgon[2;37;0m killed Fire.
Mon Jul  1 23:45:24 2002 [1;33mSmack[2;37;0m killed Fire.
Thu Aug  8 02:27:01 2002 [1;33mCooper[2;37;0m killed Fire.
Wed Aug 14 00:53:26 2002 [1;33mJaz[2;37;0m killed Fire.
Mon Aug 26 02:48:53 2002 [1;33mKorgon[2;37;0m killed Fire.
Fri Sep  6 16:43:49 2002 [1;33mGreymir[2;37;0m killed Fire.
Fri Sep 20 16:46:36 2002 [1;33mGreymir[2;37;0m killed Fire.
Wed Feb 26 22:41:10 2003 [1;33mCooper[2;37;0m killed Fire.
Mon Mar  3 17:50:53 2003 [1;33mCooper[2;37;0m killed Fire.
Fri Mar  7 23:58:51 2003 [1;33mPike[2;37;0m killed Fire.
Wed Mar 12 02:27:22 2003 [1;33mMishtar[2;37;0m killed Fire.
Thu Apr  3 14:52:55 2003 [1;33mGreymir[2;37;0m killed Fire.
Fri Apr 18 12:00:50 2003 [1;33mGreymir[2;37;0m killed Fire.
Mon Jun  2 12:14:28 2003 [1;33mCooper[2;37;0m killed Fire.
Thu Jun  5 23:33:52 2003 [1;33mCooper[2;37;0m killed Fire.
Fri Jun  6 01:46:29 2003 [1;33mJarana[2;37;0m killed Fire.
Fri Jun 13 21:09:57 2003 [1;33mLance[2;37;0m killed Fire.
Mon Jun 16 03:55:31 2003 [1;33mCooper[2;37;0m killed Fire.
Wed Jun 25 13:09:45 2003 [1;33mNorris[2;37;0m killed Fire.
Fri Jun 27 12:02:59 2003 [1;33mNorris[2;37;0m killed Fire.
Sat Jun 28 02:43:13 2003 [1;33mCooper[2;37;0m killed Fire.
Sat Jul  5 17:47:20 2003 [1;33mHoyle[2;37;0m killed Fire.
Sun Jul  6 20:34:22 2003 [1;33mHoyle[2;37;0m killed Fire.
Thu Jul 10 20:12:47 2003 [1;33mGhost[2;37;0m killed Fire.
Sun Jul 20 21:39:13 2003 [1;33mHoyle[2;37;0m killed Fire.
Thu Jul 31 19:42:56 2003 [1;33mHoyle[2;37;0m killed Fire.
Mon Aug  4 15:54:39 2003 [1;33mYoshimitsu[2;37;0m killed Fire.
Thu Aug  7 21:14:57 2003 [1;33mHoyle[2;37;0m killed Fire.
Wed Aug 13 01:49:08 2003 [1;33mTiffany[2;37;0m killed Fire.
Fri Aug 15 00:16:16 2003 [1;33mTiffany[2;37;0m killed Fire.
Mon Aug 18 20:25:27 2003 [1;33mTarken[2;37;0m killed Fire.
Fri Aug 22 17:12:27 2003 [1;33mHoyle[2;37;0m killed Fire.
Fri Aug 22 21:11:25 2003 [1;33mHoyle[2;37;0m killed Fire.
Fri Aug 22 23:31:59 2003 [1;33mHoyle[2;37;0m killed Fire.
Sat Aug 23 13:35:47 2003 [1;33mShadowstone[2;37;0m killed Fire.
Sat Aug 23 19:59:33 2003 [1;33mTarken[2;37;0m killed Fire.
Sat Aug 23 22:58:53 2003 [1;33mTarken[2;37;0m killed Fire.
Tue Aug 26 17:29:53 2003 [1;33mHoyle[2;37;0m killed Fire.
Sat Aug 30 22:15:43 2003 [1;33mGhost[2;37;0m killed Fire.
Sun Aug 31 01:57:58 2003 [1;33mEver[2;37;0m killed Fire.
Thu Sep  4 13:46:23 2003 [1;33mGlaxgor[2;37;0m killed Fire.
Fri Sep 12 14:28:02 2003 [1;33mBlade[2;37;0m killed Fire.
Sun Sep 14 03:35:59 2003 [1;33mHoyle[2;37;0m killed Fire.
Tue Sep 16 04:58:34 2003 [1;33mHumble[2;37;0m killed Fire.
Wed Sep 17 09:49:42 2003 [1;33mHoyle[2;37;0m killed Fire.
Wed Sep 17 15:37:02 2003 [1;33mHoyle[2;37;0m killed Fire.
Fri Sep 19 01:49:24 2003 [1;33mHoyle[2;37;0m killed Fire.
Tue Sep 23 01:03:34 2003 [1;33mShar[2;37;0m killed Fire.
Sat Sep 27 00:58:52 2003 [1;33mHoyle[2;37;0m killed Fire.
Sat Sep 27 02:36:02 2003 [1;33mSephiroth[2;37;0m killed Fire.
Tue Oct 14 12:52:35 2003 [1;33mHoyle[2;37;0m killed Fire.
Tue Oct 14 14:35:52 2003 [1;33mHoyle[2;37;0m killed Fire.
Fri Oct 17 01:18:54 2003 [1;33mCooper[2;37;0m killed Fire.
Sun Nov  2 02:00:59 2003 [1;33mGhost[2;37;0m killed Fire.
Fri Dec 12 21:46:30 2003 [1;33mHoyle[2;37;0m killed Fire.
Sat Dec 13 20:42:15 2003 [1;33mHoyle[2;37;0m killed Fire.
Sat Dec 20 20:41:12 2003 [1;33mHardy[2;37;0m killed Fire.
Tue Jan 20 11:57:47 2004 [1;33mLucius[2;37;0m killed Fire.
Wed Jan 21 00:07:41 2004 [1;33mLucius[2;37;0m killed Fire.
Wed Jan 21 22:36:01 2004 [1;33mLucius[2;37;0m killed Fire.
Thu Jan 22 21:44:20 2004 [1;33mLucius[2;37;0m killed Fire.
Sat Jan 24 00:19:39 2004 [1;33mLucius[2;37;0m killed Fire.
Mon Apr 12 18:35:57 2004 [1;33mSomeone[2;37;0m killed Fire.
Tue Jun  8 14:49:27 2004 [1;33mJaz[2;37;0m killed Fire.
Sat Jul 10 15:38:38 2004 [1;33mSin[2;37;0m killed Fire.
Tue Sep  7 16:14:10 2004 [1;33mHedren[2;37;0m killed Fire.
Sun Sep 12 01:38:48 2004 [1;33mHedren[2;37;0m killed Fire.
Fri Sep 24 09:19:00 2004 [1;33mDeathKnight[2;37;0m killed Fire.
Wed Oct  6 14:06:30 2004 [1;33mHedren[2;37;0m killed Fire.
Tue Oct 19 22:37:26 2004 [1;33mSami[2;37;0m killed Fire.
Sat Oct 23 09:56:50 2004 [1;33mSami[2;37;0m killed Fire.
Fri Jan 14 18:40:34 2005 [1;33mCooper[2;37;0m killed Fire.
Fri Jan 14 22:54:38 2005 [1;33mCooper[2;37;0m killed Fire.
Sat Jan 22 00:26:55 2005 [1;33mCooper[2;37;0m killed Fire.
Thu Feb 17 14:42:29 2005 [1;33mCooper[2;37;0m killed Fire.
Tue Feb 22 12:34:18 2005 [1;33mCooper[2;37;0m killed Fire.
Wed Mar  2 00:15:04 2005 [1;33mDecimis[2;37;0m killed Fire.
Sun May  1 15:52:46 2005 [1;33mHoyle[2;37;0m killed Fire.
Wed May  4 22:07:17 2005 [1;33mHoyle[2;37;0m killed Fire.
Fri May  6 21:08:35 2005 [1;33mHoyle[2;37;0m killed Fire.
Sat May  7 23:22:43 2005 [1;33mRick[2;37;0m killed Fire.
Thu May 12 14:45:49 2005 [1;33mHoyle[2;37;0m killed Fire.
Sat May 14 15:30:36 2005 [1;33mWallace[2;37;0m killed Fire.
Tue May 24 18:35:07 2005 [1;33mWallace[2;37;0m killed Fire.
Fri May 27 10:05:27 2005 [1;33mRage[2;37;0m killed Fire.
Sat May 28 10:13:20 2005 [1;33mWeyless[2;37;0m killed Fire.
Sat Jun  4 14:23:33 2005 [1;33mWedge[2;37;0m killed Fire.
Mon Jul 11 10:22:55 2005 [1;33mHoyle[2;37;0m killed Fire.
Mon Sep  5 11:39:49 2005 [1;33mKrillgeta[2;37;0m killed Fire.
Mon Sep  5 16:17:14 2005 [1;33mKrillgeta[2;37;0m killed Fire.
Wed Sep  7 16:07:48 2005 [1;33mLloyd[2;37;0m killed Fire.
Sun Sep 25 19:06:04 2005 [1;33mHoyle[2;37;0m killed Fire.
Fri Sep 30 20:04:55 2005 [1;33mGlaxgor[2;37;0m killed Fire.
Sat Oct  1 16:13:20 2005 [1;33mFleshhunter[2;37;0m killed Fire.
Sat Oct  8 23:43:39 2005 [1;33mLloyd[2;37;0m killed Fire.
Fri Nov  4 12:51:07 2005 [1;33mGogeta[2;37;0m killed Fire.
Wed Jan 29 17:57:47 2014 [1;33mShojiro[0m killed Fire.
Sat Feb  1 19:20:18 2014 [1;33mJupis[0m killed Fire.
Sun Feb  2 19:03:36 2014 [1;33mMako[0m killed Fire.
Sun Feb  9 20:49:11 2014 [1;33mKrash[0m killed Fire.
Thu Mar  6 16:33:25 2014 [1;33mKrash[0m killed Fire.
Fri Mar  7 10:23:11 2014 [1;33mKrash[0m killed Fire.
Thu Mar 13 18:36:31 2014 [1;33mGoogleplex[0m killed Fire.
Sat Jun  7 11:10:53 2014 [1;33mDragnar[0m killed Fire.
Fri Jul  4 06:30:59 2014 [1;33mSilverwind[0m killed Fire.
Sat Jul  5 17:09:54 2014 [1;33mSilverwind[0m killed Fire.
Sun Jul  6 11:14:20 2014 [1;33mSilverwind[0m killed Fire.
Sat Jul 12 12:11:54 2014 [1;33mSilverwind[0m killed Fire.
Sat Aug 30 20:49:47 2014 [1;33mColbey[0m killed Fire.
Mon Sep  1 07:17:46 2014 [1;33mSilverwind[0m killed Fire.
Fri Jul 31 17:25:23 2015 [1;33mSilverwind[0m killed Fire.
