Kramer entered at Thu Oct  8 16:13:35 1998
Ghost entered at Thu Oct  8 16:25:26 1998
Ghost entered at Fri Oct  9 01:42:15 1998
Cedrissa entered at Sat Oct 10 02:11:59 1998
Nona entered at Sun Oct 11 13:52:51 1998
Tassadar entered at Mon Oct 12 17:19:03 1998
Tassadar entered at Mon Oct 12 17:19:54 1998
Tassadar entered at Tue Oct 13 19:55:31 1998
Mantis entered at Tue Oct 13 22:46:41 1998
Tassadar entered at Wed Oct 14 19:38:52 1998
Leia entered at Thu Oct 15 11:33:13 1998
Leia entered at Thu Oct 15 11:55:26 1998
Leia entered at Thu Oct 15 12:00:13 1998
Leia entered at Thu Oct 15 12:01:31 1998
Leia entered at Thu Oct 15 12:14:12 1998
Leia entered at Thu Oct 15 12:18:51 1998
Nona entered at Thu Oct 15 15:37:29 1998
Nona entered at Thu Oct 15 15:48:42 1998
Tassadar entered at Fri Oct 16 16:57:44 1998
Tassadar entered at Fri Oct 16 16:59:51 1998
Tassadar entered at Fri Oct 16 17:01:21 1998
Tassadar entered at Fri Oct 16 17:05:16 1998
Imperial entered at Fri Oct 16 22:01:18 1998
Guest entered at Mon Oct 19 16:15:04 1998
Diane entered at Tue Oct 20 16:24:31 1998
Diane entered at Tue Oct 20 16:25:30 1998
Diane entered at Tue Oct 20 16:28:30 1998
Diane entered at Tue Oct 20 16:35:14 1998
Diane entered at Tue Oct 20 16:44:38 1998
Leia entered at Tue Oct 20 20:04:53 1998
Panther entered at Wed Oct 21 00:14:29 1998
Celina entered at Wed Oct 21 12:19:14 1998
Celina entered at Wed Oct 21 12:46:50 1998
Leia entered at Wed Oct 21 16:39:54 1998
Leia entered at Wed Oct 21 16:47:01 1998
Leia entered at Wed Oct 21 17:14:42 1998
Leia entered at Wed Oct 21 17:22:07 1998
Max entered at Tue Oct 27 11:18:05 1998
Moon entered at Wed Oct 28 14:51:16 1998
Moon entered at Wed Oct 28 14:53:24 1998
Moon entered at Wed Oct 28 14:54:54 1998
Jaz entered at Thu Oct 29 19:04:46 1998
Lyfe entered at Sat Oct 31 20:55:35 1998
Genji entered at Sun Nov  1 01:06:37 1998
Moon entered at Thu Nov  5 16:45:54 1998
Quint entered at Sat Nov  7 10:35:26 1998
Quint entered at Sat Nov  7 10:37:02 1998
Demando entered at Tue Nov 10 03:29:23 1998
Chips entered at Wed Nov 11 09:17:01 1998
Soundgarden entered at Sun Nov 15 10:05:57 1998
Soundgarden entered at Sun Nov 15 10:07:27 1998
Hondaman entered at Sun Nov 15 14:48:30 1998
Hondaman entered at Sun Nov 15 14:54:06 1998
Hondaman entered at Sun Nov 15 14:54:11 1998
Rick entered at Mon Nov 16 17:22:52 1998
Moon entered at Fri Nov 20 11:14:51 1998
Moon entered at Fri Nov 20 11:15:00 1998
Puck entered at Sat Nov 21 11:02:25 1998
Weasel entered at Sat Nov 21 14:29:21 1998
Akasha entered at Sun Nov 22 17:18:10 1998
Annieacid entered at Tue Nov 24 22:56:24 1998
Aquinas entered at Tue Dec  8 10:30:59 1998
Aquinas entered at Tue Dec  8 10:33:49 1998
Aquinas entered at Tue Dec  8 10:38:05 1998
Aquinas entered at Tue Dec  8 10:43:36 1998
Aquinas entered at Tue Dec  8 10:53:20 1998
Aquinas entered at Tue Dec  8 11:04:03 1998
Aquinas entered at Tue Dec  8 11:07:27 1998
Aquinas entered at Tue Dec  8 11:09:46 1998
Aquinas entered at Tue Dec  8 11:15:29 1998
Aquinas entered at Tue Dec  8 11:26:38 1998
Aquinas entered at Tue Dec  8 11:38:11 1998
Aquinas entered at Wed Dec  9 10:30:50 1998
Aquinas entered at Wed Dec  9 10:44:28 1998
Aquinas entered at Wed Dec  9 10:51:36 1998
Aquinas entered at Wed Dec  9 10:56:14 1998
Aquinas entered at Wed Dec  9 11:07:25 1998
Elloco entered at Fri Dec 11 13:58:12 1998
Dreamcraft entered at Tue Dec 22 15:39:14 1998
Dreamcraft entered at Tue Dec 22 15:53:10 1998
Imperial entered at Tue Dec 22 19:04:55 1998
Adia entered at Wed Dec 30 15:53:41 1998
Adia entered at Wed Dec 30 19:18:41 1998
Aquinas entered at Tue Jan  5 08:50:31 1999
Genji entered at Thu Jan  7 20:12:58 1999
Genji entered at Fri Jan  8 00:51:45 1999
Genji entered at Fri Jan  8 14:10:19 1999
Genji entered at Fri Jan  8 15:48:20 1999
Tassadar entered at Sun Jan 17 15:15:49 1999
Drake entered at Thu Jan 28 11:17:52 1999
Drake entered at Thu Jan 28 11:24:31 1999
Louise entered at Sun Jan 31 02:15:14 1999
Surge entered at Sat Feb 27 18:54:14 1999
Blackbird entered at Mon Mar 15 10:09:54 1999
Jaraxle entered at Tue Mar 16 00:35:41 1999
Jaraxle entered at Tue Mar 16 00:35:49 1999
Delta entered at Wed Mar 24 19:22:18 1999
Purgatori entered at Wed Apr  7 08:12:42 1999
Purgatori entered at Wed Apr  7 08:12:46 1999
Katya entered at Sat Apr 10 13:46:49 1999
Ensco entered at Thu Apr 29 10:39:09 1999
Ensco entered at Thu Apr 29 10:39:39 1999
Ensco entered at Thu Apr 29 10:39:47 1999
Zeus entered at Wed May 12 20:22:33 1999
Zeus entered at Wed May 12 20:22:47 1999
Zeus entered at Wed May 12 20:22:49 1999
Bizkit entered at Sun May 23 21:50:34 1999
Bizkit entered at Sun May 23 21:50:44 1999
Panther entered at Mon May 24 03:55:14 1999
Panther entered at Mon May 24 03:55:18 1999
Panther entered at Mon May 24 03:55:24 1999
Ruffnek entered at Tue May 25 12:07:54 1999
Jenny entered at Tue Jun  1 19:48:06 1999
Jenny entered at Tue Jun  1 19:48:18 1999
Mustaine entered at Sun Jun  6 07:40:20 1999
Nurd entered at Sat Jun 12 20:37:32 1999
Misa entered at Thu Jun 17 16:53:11 1999
Cosmo entered at Mon Jun 28 14:04:29 1999
Francesco entered at Wed Jun 30 02:33:55 1999
Someone entered at Sat Jul  3 09:41:57 1999
Ladyhawk entered at Wed Jul 14 21:00:47 1999
Black entered at Sun Jul 25 15:33:04 1999
Black entered at Sun Jul 25 15:35:32 1999
Black entered at Sun Jul 25 15:36:50 1999
Black entered at Sun Jul 25 15:37:14 1999
Bullgod entered at Thu Aug  5 07:14:22 1999
Set entered at Thu Aug  5 22:48:51 1999
Valor entered at Mon Aug  9 21:03:03 1999
Valor entered at Mon Aug  9 21:08:50 1999
Kezana entered at Mon Aug 23 20:20:57 1999
Barjan entered at Sat Aug 28 17:58:03 1999
Ensco entered at Fri Sep  3 17:44:02 1999
Shayla entered at Sun Sep  5 17:23:28 1999
Bubbles entered at Sun Sep  5 17:46:52 1999
Shayla entered at Mon Sep  6 17:06:01 1999
Shayla entered at Mon Sep  6 17:06:53 1999
Shayla entered at Mon Sep  6 17:12:07 1999
some mist entered at Mon Sep  6 17:13:05 1999
Shayla entered at Mon Sep  6 17:13:51 1999
Shayla entered at Mon Sep  6 17:17:41 1999
Shayla entered at Wed Sep  8 16:30:58 1999
Shayla entered at Wed Sep  8 16:31:36 1999
Shayla entered at Wed Sep  8 16:34:44 1999
Teiannia entered at Fri Sep 10 17:11:20 1999
Maggie entered at Fri Sep 10 20:48:52 1999
Shayla entered at Mon Sep 13 17:22:51 1999
Shayla entered at Mon Sep 13 17:23:45 1999
Coen entered at Sun Sep 19 18:38:22 1999
Chango entered at Tue Sep 21 02:43:14 1999
Chango entered at Tue Sep 21 02:45:38 1999
Chango entered at Tue Sep 21 02:49:25 1999
Chango entered at Tue Sep 21 02:52:04 1999
Chango entered at Tue Sep 21 03:04:42 1999
Chango entered at Tue Sep 21 03:10:41 1999
Chango entered at Tue Sep 21 03:16:57 1999
Chango entered at Tue Sep 21 03:19:49 1999
Aquinas entered at Fri Oct  1 09:08:39 1999
Aquinas entered at Fri Oct  1 09:19:25 1999
Songbird entered at Sun Oct  3 19:11:00 1999
Kinsler entered at Wed Oct  6 19:14:56 1999
Kinsler entered at Wed Oct  6 19:18:02 1999
Kinsler entered at Wed Oct  6 19:26:52 1999
Kinsler entered at Thu Oct  7 23:51:32 1999
Kinsler entered at Thu Oct  7 23:59:04 1999
Peace entered at Mon Oct 11 00:18:59 1999
Peace entered at Mon Oct 11 00:23:03 1999
Nisanity entered at Fri Oct 15 04:34:43 1999
Nisanity entered at Fri Oct 15 04:38:11 1999
Shayla entered at Sat Oct 16 21:29:14 1999
Shayla entered at Sat Oct 16 21:30:44 1999
Shayla entered at Sat Oct 16 21:31:22 1999
Shayla entered at Sat Oct 16 21:33:49 1999
Stonerose entered at Mon Oct 18 13:05:51 1999
Mandrake entered at Thu Oct 21 17:57:33 1999
Mandrake entered at Thu Oct 21 18:13:28 1999
Mandrake entered at Thu Oct 21 18:17:43 1999
Mandrake entered at Thu Oct 21 18:20:53 1999
Mandrake entered at Thu Oct 21 18:21:19 1999
Kingkai entered at Thu Oct 21 18:41:47 1999
Salix entered at Fri Oct 22 14:31:38 1999
Cosmo entered at Wed Nov 10 16:30:30 1999
Miyu entered at Tue Nov 30 20:03:24 1999
Miyu entered at Tue Nov 30 20:04:45 1999
Miyu entered at Tue Nov 30 20:06:45 1999
Miyu entered at Tue Nov 30 20:09:20 1999
Miyu entered at Tue Nov 30 20:10:26 1999
Miyu entered at Tue Nov 30 20:11:52 1999
Miyu entered at Tue Nov 30 20:12:22 1999
Aquinas entered at Thu Dec 16 16:32:20 1999
Aquinas entered at Thu Dec 16 16:35:19 1999
Aquinas entered at Fri Dec 17 11:10:33 1999
Aquinas entered at Fri Dec 17 11:15:55 1999
Aquinas entered at Fri Dec 17 11:37:26 1999
Aquinas entered at Fri Dec 17 11:53:37 1999
Aquinas entered at Fri Dec 17 12:16:06 1999
Aquinas entered at Fri Dec 17 12:26:06 1999
Aquinas entered at Mon Dec 20 10:42:49 1999
Bambua entered at Fri Jan  7 11:51:25 2000
Bambua entered at Fri Jan  7 11:51:53 2000
Scorpion entered at Tue Jan 11 02:21:04 2000
Aquinas entered at Tue Jan 11 10:27:29 2000
Aquinas entered at Tue Jan 11 10:29:02 2000
Aquinas entered at Tue Jan 11 10:37:42 2000
Aquinas entered at Tue Jan 11 10:39:26 2000
Aquinas entered at Tue Jan 11 10:41:18 2000
Aquinas entered at Tue Jan 11 10:41:36 2000
Aquinas entered at Tue Jan 11 10:41:48 2000
Aquinas entered at Tue Jan 11 11:03:59 2000
Aquinas entered at Tue Jan 11 11:05:05 2000
Aquinas entered at Tue Jan 11 11:07:55 2000
Aquinas entered at Tue Jan 11 11:08:05 2000
Aquinas entered at Tue Jan 11 11:14:19 2000
Bloomer entered at Thu Jan 20 16:24:09 2000
Dios entered at Sat Jan 22 00:53:34 2000
Dios entered at Sat Jan 22 00:53:44 2000
Dios entered at Sat Jan 22 00:54:02 2000
Dios entered at Sat Jan 22 00:55:55 2000
Dios entered at Sat Jan 22 00:58:23 2000
Dios entered at Sat Jan 22 01:19:14 2000
Dios entered at Sat Jan 22 01:23:57 2000
Dios entered at Wed Jan 26 01:06:02 2000
Dios entered at Wed Jan 26 01:09:04 2000
Dios entered at Wed Jan 26 01:09:34 2000
Angelique entered at Sat Feb  5 15:12:17 2000
Angelique entered at Sat Feb  5 15:13:04 2000
Angelique entered at Sat Feb  5 15:13:48 2000
Angelique entered at Sat Feb  5 15:36:37 2000
Wais entered at Wed Feb  9 11:06:12 2000
Kamikaze entered at Sun Feb 20 12:46:40 2000
Kamikaze entered at Sun Feb 20 12:47:00 2000
Kamikaze entered at Sun Feb 20 12:47:52 2000
Kamikaze entered at Sun Feb 20 12:48:32 2000
Kamikaze entered at Sun Feb 20 12:56:26 2000
Kamikaze entered at Sun Feb 20 12:59:28 2000
Kamikaze entered at Sun Feb 20 13:05:10 2000
Kamikaze entered at Sun Feb 20 13:05:56 2000
Kamikaze entered at Sun Feb 20 13:07:52 2000
Kamikaze entered at Sun Feb 20 13:08:10 2000
Kamikaze entered at Sun Feb 20 13:09:17 2000
Kamikaze entered at Sun Feb 20 13:10:57 2000
Kamikaze entered at Sun Feb 20 13:11:47 2000
Borealis entered at Sat Feb 26 00:03:31 2000
Zyz entered at Sun Mar  5 19:47:58 2000
Someone entered at Tue Mar 14 16:00:43 2000
M entered at Fri Mar 17 13:45:18 2000
M entered at Fri Mar 17 13:49:40 2000
Coho entered at Fri Mar 17 19:55:37 2000
Coho entered at Fri Mar 17 20:58:04 2000
M entered at Sat Mar 18 16:32:44 2000
M entered at Sat Mar 18 16:34:03 2000
Carnevil entered at Sat Mar 25 16:17:25 2000
Carnevil entered at Sat Mar 25 16:23:41 2000
Carnevil entered at Sat Mar 25 16:37:16 2000
Wolfpac entered at Sat Mar 25 20:54:19 2000
Sundin entered at Thu Apr 27 14:42:12 2000
Pol entered at Fri Apr 28 19:51:20 2000
Embrys entered at Wed May  3 01:04:08 2000
Saladin entered at Fri May 19 16:09:30 2000
Giles entered at Mon May 22 16:21:38 2000
Nisanity entered at Wed Jun 14 00:41:42 2000
Nisanity entered at Wed Jun 14 01:05:00 2000
Eldab entered at Tue Jun 20 01:20:38 2000
Shine entered at Wed Jun 21 18:44:57 2000
Stochos entered at Sun Jul  9 19:51:30 2000
Tali entered at Sun Jul 23 10:27:50 2000
Tali entered at Sun Jul 23 10:30:22 2000
Tali entered at Sun Jul 23 10:37:50 2000
Tali entered at Sun Jul 23 10:41:10 2000
Sydney entered at Thu Jul 27 17:22:49 2000
Spoigle entered at Wed Aug  9 18:18:30 2000
Syrus entered at Tue Aug 15 16:22:27 2000
Syrus entered at Tue Aug 15 16:25:51 2000
Syrus entered at Tue Aug 15 16:27:15 2000
Lacie entered at Wed Aug 16 03:19:00 2000
Sparkle entered at Wed Aug 16 04:52:12 2000
Sparkle entered at Wed Aug 16 04:54:16 2000
Sparkle entered at Wed Aug 16 04:56:08 2000
Sparkle entered at Wed Aug 16 05:04:16 2000
Sparkle entered at Wed Aug 16 05:09:30 2000
Vanity entered at Wed Aug 16 18:54:49 2000
Balros entered at Fri Aug 25 23:46:29 2000
Squeak entered at Sun Sep 10 05:46:23 2000
Matrix entered at Thu Sep 14 15:22:31 2000
Pebble entered at Fri Sep 22 15:30:03 2000
Squeak entered at Tue Oct  3 16:24:12 2000
Squeak entered at Thu Oct  5 15:21:25 2000
Squeak entered at Thu Oct  5 15:22:23 2000
Matrix entered at Wed Oct 11 19:08:00 2000
Pey entered at Sun Nov  5 01:49:50 2000
Oden entered at Thu Nov 16 00:56:27 2000
Lomac entered at Thu Nov 23 23:20:46 2000
Lomac entered at Thu Nov 23 23:20:52 2000
Matrix entered at Wed Dec 13 14:27:29 2000
Wishbone entered at Mon Dec 18 22:44:07 2000
Matrix entered at Tue Jan  9 22:09:20 2001
Nobin entered at Mon Jan 22 23:10:18 2001
Spoogle entered at Tue Feb 13 00:51:38 2001
Spoogle entered at Tue Feb 13 00:54:52 2001
Maggie entered at Sun Apr  1 21:12:09 2001
Maggie entered at Sun Apr  1 21:29:31 2001
Belial entered at Tue Apr  3 18:08:20 2001
Isa entered at Mon Apr 16 12:50:01 2001
Martha entered at Mon Apr 23 20:26:55 2001
Martha entered at Mon Apr 23 20:27:05 2001
Martha entered at Mon Apr 23 20:27:09 2001
Martha entered at Mon Apr 23 20:27:09 2001
Martha entered at Mon Apr 23 20:27:09 2001
Bone entered at Sat May  5 13:58:39 2001
Bone entered at Sat May  5 13:59:33 2001
Mooky entered at Tue Jul 17 00:16:25 2001
Mooky entered at Tue Jul 17 02:02:26 2001
Wicket entered at Tue Jul 17 14:21:19 2001
Yaozhen entered at Wed Jul 25 23:17:01 2001
Drizzt entered at Mon Sep 10 13:21:28 2001
Aegis entered at Sat Sep 15 23:28:16 2001
Aegis entered at Sat Sep 15 23:28:26 2001
Larisa entered at Sun Sep 16 23:23:02 2001
Raz entered at Mon Sep 17 17:06:48 2001
Marci entered at Thu Oct  4 20:10:20 2001
Punk entered at Mon Oct  8 20:51:51 2001
Malaclypse entered at Sat Nov 17 20:00:30 2001
Malaclypse entered at Sat Nov 17 20:07:10 2001
Malaclypse entered at Sat Nov 17 20:15:13 2001
Malaclypse entered at Sat Nov 17 20:19:03 2001
Malaclypse entered at Sat Nov 17 20:22:21 2001
Rasputin entered at Thu Jan 10 01:50:59 2002
Ingvaard entered at Wed Mar 13 17:30:34 2002
Ingvaard entered at Wed Mar 13 17:37:16 2002
Ingvaard entered at Wed Mar 13 17:42:30 2002
Beck entered at Sat Mar 23 10:49:48 2002
Ingvaard entered at Tue Mar 26 11:17:38 2002
Chase entered at Thu May  9 22:47:41 2002
Chase entered at Thu May  9 22:49:51 2002
Chase entered at Thu May  9 22:50:53 2002
Mort entered at Tue Jun 18 11:20:58 2002
Almacide entered at Thu Jun 27 15:38:28 2002
Rock entered at Thu Jul 18 13:41:01 2002
Ac entered at Fri Aug  9 14:32:14 2002
Vengenc entered at Tue Aug 20 02:19:24 2002
Maccabee entered at Sat Oct  5 21:06:02 2002
Boo entered at Thu Jan 30 19:57:47 2003
Breeti entered at Thu Apr 17 23:08:19 2003
Alaric entered at Sat May 24 01:41:59 2003
DeathKnight entered at Mon Jul 14 10:13:58 2003
Zeek entered at Thu Aug 21 19:22:37 2003
Sick entered at Tue Sep  2 07:13:34 2003
Kacir entered at Wed Oct  1 15:36:11 2003
Kacir entered at Wed Oct  1 15:37:41 2003
Kacir entered at Wed Oct  1 15:38:47 2003
Kacir entered at Wed Oct  1 15:39:13 2003
Kacir entered at Wed Oct  1 15:39:56 2003
Kacir entered at Wed Oct  1 15:43:24 2003
Kacir entered at Wed Oct  1 15:45:30 2003
Kacir entered at Wed Oct  1 15:46:50 2003
Kacir entered at Wed Oct  1 15:48:04 2003
Kacir entered at Wed Oct  1 15:52:39 2003
Kacir entered at Wed Oct  1 15:53:43 2003
Kacir entered at Wed Oct  1 15:54:39 2003
Kacir entered at Wed Oct  1 15:55:03 2003
Kacir entered at Wed Oct  1 15:56:47 2003
Kacir entered at Wed Oct  1 15:58:21 2003
Kacir entered at Wed Oct  1 15:59:42 2003
Kacir entered at Wed Oct  1 15:59:58 2003
Kacir entered at Tue Oct  7 08:20:18 2003
Dahlfinia entered at Sat Oct 11 01:31:48 2003
Dahlfinia entered at Sat Oct 11 01:34:03 2003
Calissandra entered at Mon Dec  8 21:58:52 2003
Crip entered at Tue Feb 10 16:30:52 2004
Crip entered at Tue Feb 10 16:37:02 2004
Crip entered at Tue Feb 10 16:40:50 2004
Velara entered at Wed Mar 31 17:21:55 2004
Hedren entered at Sun Sep  5 07:49:26 2004
Hedren entered at Sun Sep  5 07:49:30 2004
Oaktree entered at Wed Oct  6 19:14:19 2004
Worm entered at Wed Aug 24 13:55:04 2005
Grog entered at Wed Oct 26 01:42:13 2005
Grog entered at Wed Oct 26 01:42:19 2005
Grog entered at Wed Oct 26 01:42:19 2005
Grog entered at Wed Oct 26 01:42:19 2005
Grog entered at Wed Oct 26 01:42:19 2005
Trash entered at Sun Nov  6 15:18:53 2005
Trash entered at Sun Nov  6 15:21:25 2005
Hedren entered at Tue Jan  3 21:24:55 2006
Hedren entered at Tue Jan  3 21:25:03 2006
Gabrielle entered at Sat Mar 25 19:45:00 2006
Gabrielle entered at Sat Mar 25 19:46:22 2006
Sweetlove entered at Fri May 12 10:12:23 2006
Sticks entered at Sun May 28 13:58:38 2006
Sticks entered at Sun May 28 13:58:46 2006
Sticks entered at Sun May 28 13:58:52 2006
Sticks entered at Sun May 28 13:58:52 2006
Lalita entered at Wed May 31 00:00:47 2006
Lalita entered at Wed May 31 00:00:51 2006
Lalita entered at Wed May 31 00:00:51 2006
Kalika entered at Sat Jun 17 23:32:18 2006
Kalika entered at Sat Jun 17 23:38:20 2006
Kalika entered at Sat Jun 17 23:47:45 2006
Kalika entered at Sat Jun 17 23:51:03 2006
Kalika entered at Sun Jun 18 10:59:03 2006
Kalika entered at Sun Jun 18 11:02:43 2006
Kalika entered at Sun Jun 18 12:48:27 2006
Tombsurfer entered at Wed Oct  4 13:50:23 2006
Tombsurfer entered at Wed Oct  4 13:50:35 2006
Crip entered at Mon Nov 27 11:31:48 2006
Crip entered at Mon Nov 27 11:31:50 2006
Three entered at Thu Jul  5 03:01:30 2007
Sephira entered at Thu Dec  6 13:24:19 2007
Sephira entered at Thu Dec  6 13:24:43 2007
Sephira entered at Thu Dec  6 13:25:31 2007
Sephira entered at Thu Dec  6 13:25:55 2007
Sephira entered at Thu Dec  6 13:26:57 2007
Sephira entered at Thu Dec  6 14:22:57 2007
Sephira entered at Thu Dec  6 16:17:32 2007
Sephira entered at Thu Dec  6 16:20:30 2007
Sephira entered at Thu Dec  6 16:20:38 2007
Tymio entered at Tue Jun 24 00:35:50 2008
Springdawn entered at Wed Nov 12 00:12:01 2008
Springdawn entered at Wed Nov 12 00:12:11 2008
Springdawn entered at Wed Nov 12 00:12:45 2008
Cortania entered at Wed Nov 12 02:45:21 2008
Joab entered at Fri Jan  9 21:50:56 2009
Harker entered at Sat Apr  4 23:24:49 2009
Harker entered at Sat Apr  4 23:24:57 2009
DeathKnight entered at Tue Sep 14 14:36:41 2010
DeathKnight entered at Tue Sep 14 14:36:47 2010
Bob entered at Fri Jan 21 21:30:52 2011
Bob entered at Fri Jan 21 21:31:20 2011
Bob entered at Fri Jan 21 21:36:48 2011
Star entered at Fri Feb 25 15:49:52 2011
Marionette entered at Sun Jun 19 11:40:43 2011
Marionette entered at Sun Jun 19 11:44:01 2011
Wicket entered at Wed Jan  1 09:14:40 2014
Wicket entered at Wed Jan  1 09:14:54 2014
Krash entered at Mon Mar 31 16:54:42 2014
Krash entered at Mon Mar 31 16:54:52 2014
Dragnar entered at Sun Sep 28 06:42:17 2014
Dragnar entered at Sun Sep 28 06:48:20 2014
Dragnar entered at Sun Sep 28 06:49:27 2014
Dragnar entered at Sun Sep 28 06:50:25 2014
Darude entered at Thu Nov  3 12:35:14 2016
