Sat Feb 19 11:36:16 2011: [players/molasar/sunndi/rooms/sunndi_road/sunndi_road1] Sunndi Alignment: 150
Sat Feb 19 11:36:16 2011: [players/molasar/sunndi/rooms/sunndi_road/sunndi_road1] setlong Alignment: 0
Sat Feb 19 11:37:36 2011: [players/molasar/sunndi/rooms/sunndi_road/sunndi_road1] Sunndi Alignment: 150
Sat Feb 19 11:37:36 2011: [players/molasar/sunndi/rooms/sunndi_road/sunndi_road1] setlong Alignment: 0
Sat Feb 19 12:02:10 2011: [players/molasar/sunndi/rooms/sunndi_road/sunndi_road1] Sunndi Alignment: 200
Sat Feb 19 12:08:26 2011: [players/molasar/sunndi/mob/guard#5078] molasarkilled Sunndi guard. Alignment adjust: -2
Sat Feb 19 12:29:58 2011: [players/molasar/sunndi/mob/guard#5302] molasar killed Sunndi guard. Alignment adjust: -2
Sat Feb 19 12:32:36 2011: [players/molasar/sunndi/mob/guard#5321] molasar killed Sunndi guard. Alignment adjust: -2
Sat Feb 19 12:33:10 2011: [players/molasar/sunndi/mob/guard#5335] molasar killed Sunndi guard. Alignment adjust: -2
Sat Feb 19 12:34:08 2011: [players/molasar/sunndi/mob/guard#5355] ERROR: mob/guard.c death()/sunndi_add_player_alignment(): Attacker = molasar Error = *Undefined function: sunndi_add_player_alignment2

Sat Feb 19 12:34:08 2011: [players/molasar/sunndi/mob/guard#5355] molasar killed Sunndi guard. Alignment adjust: -2
Sat Feb 19 12:34:46 2011: [players/molasar/sunndi/mob/guard#5360] molasar killed Sunndi guard. Alignment adjust: -2
Sat Feb 19 12:36:30 2011: [players/molasar/sunndi/mob/guard#5375] molasar killed Sunndi guard. Alignment adjust: -2
Sat Feb 19 18:41:47 2011: [players/molasar/sunndi/rooms/sunndi_road/sunndi_road1] Sunndi Alignment: 168
Sat Feb 19 18:43:24 2011: [players/molasar/sunndi/rooms/sunndi_road/sunndi_road1] Sunndi Alignment: 168
Sun Feb 20 01:06:32 2011: [players/molasar/sunndi/rooms/sunndi_road/sunndi_road1] Sunndi Alignment: 168
Sun Feb 20 01:06:32 2011: [players/molasar/sunndi/rooms/sunndi_road/sunndi_road1] Room Reset
Sun Feb 20 08:38:23 2011: [players/molasar/sunndi/rooms/sunndi_road/sunndi_road1] Sunndi Alignment: 168
Sun Feb 20 08:42:29 2011: [players/molasar/sunndi/rooms/sunndi_road/sunndi_road1] Sunndi Alignment: 168
Sun Feb 20 20:42:35 2011: [players/molasar/sunndi/rooms/sunndi_road/sunndi_road1] Sunndi Alignment: 162
Sun Feb 20 20:52:01 2011: [players/molasar/sunndi/rooms/road1] Sunndi Alignment: 156
Fri Feb 25 21:26:06 2011: [players/molasar/sunndi/rooms/road1] Sunndi Alignment: 150
Tue Mar  1 02:32:58 2011: [players/molasar/sunndi/rooms/road1] Sunndi Alignment: 150
Sun Mar  6 14:16:59 2011: [players/molasar/sunndi/rooms/road1] Sunndi Alignment: 150
Sun Mar  6 14:17:37 2011: [players/molasar/sunndi/rooms/road1] Sunndi Alignment: 150
Sun Mar  6 14:20:23 2011: [players/molasar/sunndi/rooms/road1] Sunndi Alignment: 29
Sun Mar  6 14:21:25 2011: [players/molasar/sunndi/rooms/road1] Sunndi Alignment: 29
Sun Mar  6 14:22:07 2011: [players/molasar/sunndi/rooms/road1] Sunndi Alignment: 20
Sun Mar  6 14:25:19 2011: [players/molasar/sunndi/rooms/road1] Sunndi Alignment: 30
Sun Mar  6 14:31:19 2011: [players/molasar/sunndi/rooms/road1] Sunndi Alignment: 30
Sun Mar  6 14:31:37 2011: [players/molasar/sunndi/rooms/road1] Sunndi Alignment: 30
Sun Mar  6 15:06:15 2011: [players/molasar/sunndi/rooms/road1] Sunndi Alignment: 30
Sun Mar  6 15:07:01 2011: [players/molasar/sunndi/rooms/road1] Sunndi Alignment: 30
Sun Mar  6 15:07:53 2011: [players/molasar/sunndi/rooms/road1] Sunndi Alignment: 30
Sun Mar  6 15:14:09 2011: [players/molasar/sunndi/rooms/road1] Sunndi Alignment: 30
Sun Mar  6 15:15:11 2011: [players/molasar/sunndi/rooms/road1] Sunndi Alignment: 30
Sun Mar  6 17:16:40 2011: [players/molasar/sunndi/rooms/road1] Sunndi Alignment: 100
Sun Mar  6 17:18:06 2011: [players/molasar/sunndi/rooms/road1] Sunndi Alignment: 100
Sun Mar 27 02:43:18 2011: [players/molasar/sunndi/rooms/road1] Sunndi Alignment: 100
Sun Apr 17 07:47:10 2011: [players/molasar/sunndi/rooms/road1] Sunndi Alignment: 100
Sun Apr 24 11:06:44 2011: [players/molasar/sunndi/rooms/road1] Sunndi Alignment: 100
Fri Sep  9 14:25:14 2011: [players/molasar/sunndi/rooms/road1] Sunndi Alignment: 94
Wed Sep 28 19:04:37 2011: [players/molasar/sunndi/rooms/road1] Sunndi Alignment: 94
Tue May 21 11:15:41 2013: [players/molasar/sunndi/rooms/road1] Sunndi Alignment: 94
Tue Sep  3 16:22:25 2013: [players/molasar/sunndi/rooms/road1] Sunndi Alignment: 94
Tue Sep  3 23:38:32 2013: [players/molasar/sunndi/rooms/road1] Sunndi Alignment: 94
Sun Feb  9 17:52:34 2014: [players/molasar/sunndi/rooms/road1] Sunndi Alignment: 94
Thu Feb 13 23:42:36 2014: [players/molasar/sunndi/rooms/road1] Sunndi Alignment: 94
Thu Mar 20 11:48:23 2014: [players/molasar/sunndi/rooms/road1] Sunndi Alignment: 94
Thu Aug 21 15:06:54 2014: [players/molasar/sunndi/rooms/road1] Sunndi Alignment: 94
Thu Sep  4 09:11:23 2014: [players/molasar/sunndi/rooms/road1] Sunndi Alignment: 94
Thu Sep  4 18:18:21 2014: [players/molasar/sunndi/rooms/road1] Sunndi Alignment: 94
Sat Sep  6 12:25:38 2014: [players/molasar/sunndi/rooms/road1] Sunndi Alignment: 94
Wed Oct 29 14:46:16 2014: [players/molasar/sunndi/rooms/road1] Sunndi Alignment: 94
Fri Jul 31 13:53:07 2015: [players/molasar/sunndi/rooms/road1] Sunndi Alignment: 94
Mon Sep 28 21:17:40 2015: [players/molasar/sunndi/rooms/road1] Sunndi Alignment: 94
