Sat Feb 19 10:26:37 2011: Data restored from players/molasar/sunndi/data/sunndi.o
Sat Feb 19 10:29:29 2011: Data restored from players/molasar/sunndi/data/sunndi.o
Sat Feb 19 10:32:37 2011: Data restored from players/molasar/sunndi/data/sunndi.o
Sat Feb 19 10:34:19 2011: Data restored from players/molasar/sunndi/data/sunndi.o
Sat Feb 19 10:34:25 2011: add_player_alignment() name: 0 alignment: 0
Sat Feb 19 10:35:37 2011: add_player_alignment() name: molasar alignment: -2
Sat Feb 19 10:35:37 2011: add_player_alignment() name: molasar alignment: -2
Sat Feb 19 11:31:42 2011: Data restored from players/molasar/sunndi/data/sunndi.o
Sat Feb 19 11:32:06 2011: Alignment set to 150
Sat Feb 19 11:36:16 2011: Data restored from players/molasar/sunndi/data/sunndi.o
Sat Feb 19 11:37:36 2011: Data restored from players/molasar/sunndi/data/sunndi.o
Sat Feb 19 11:37:48 2011: add_player_alignment() name: molasar alignment: -2
Sat Feb 19 11:37:48 2011: add_player_alignment() name: molasar alignment: -2
Sat Feb 19 11:45:56 2011: Data restored from players/molasar/sunndi/data/sunndi.o
Sat Feb 19 11:46:38 2011: Alignment set to 200
Sat Feb 19 11:52:56 2011: Data restored from players/molasar/sunndi/data/sunndi.o
Sat Feb 19 12:08:26 2011: add_player_alignment() name: molasar alignment: -2
Sat Feb 19 12:08:26 2011: add_player_alignment() name: molasar alignment: -2
Sat Feb 19 12:08:28 2011: add_player_alignment() name: molasar alignment: -2
Sat Feb 19 12:08:28 2011: add_player_alignment() name: molasar alignment: -2
Sat Feb 19 12:29:58 2011: add_player_alignment() name: molasar alignment: -2
Sat Feb 19 12:29:58 2011: add_player_alignment() name: molasar alignment: -2
Sat Feb 19 12:30:48 2011: add_player_alignment() name: molasar alignment: -2
Sat Feb 19 12:30:48 2011: add_player_alignment() name: molasar alignment: -2
Sat Feb 19 12:30:52 2011: add_player_alignment() name: molasar alignment: -2
Sat Feb 19 12:30:52 2011: add_player_alignment() name: molasar alignment: -2
Sat Feb 19 12:32:36 2011: add_player_alignment() name: molasar alignment: -2
Sat Feb 19 12:32:36 2011: add_player_alignment() name: molasar alignment: -2
Sat Feb 19 12:33:10 2011: add_player_alignment() name: molasar alignment: -2
Sat Feb 19 12:33:10 2011: add_player_alignment() name: molasar alignment: -2
Sat Feb 19 12:36:30 2011: add_player_alignment() name: molasar alignment: -2
Sat Feb 19 12:36:30 2011: add_player_alignment() name: molasar alignment: -2
Sat Feb 19 12:37:06 2011: add_player_alignment() name: molasar alignment: -2
Sat Feb 19 12:37:06 2011: add_player_alignment() name: molasar alignment: -2
Sat Feb 19 12:43:16 2011: add_player_alignment() name: molasar alignment: -2
Sat Feb 19 12:43:16 2011: add_player_alignment() name: molasar alignment: -2
Sat Feb 19 14:33:09 2011: add_player_alignment() name: molasar alignment: -2
Sat Feb 19 14:33:09 2011: add_player_alignment() name: molasar alignment: -2
Sat Feb 19 18:37:37 2011: add_player_alignment() name: molasar alignment: -2
Sat Feb 19 18:37:37 2011: add_player_alignment() name: molasar alignment: -2
Sat Feb 19 18:40:59 2011: add_player_alignment() name: molasar alignment: -2
Sat Feb 19 18:40:59 2011: add_player_alignment() name: molasar alignment: -2
Sat Feb 19 18:41:05 2011: add_player_alignment() name: molasar alignment: -2
Sat Feb 19 18:41:05 2011: add_player_alignment() name: molasar alignment: -2
Sun Feb 20 08:38:23 2011: Data restored from players/molasar/sunndi/data/sunndi.o
Sun Feb 20 08:44:11 2011: add_player_alignment() name: molasar alignment: -2
Sun Feb 20 08:44:11 2011: add_player_alignment() name: molasar alignment: -2
Sun Feb 20 09:07:27 2011: add_player_alignment() name: molasar alignment: -2
Sun Feb 20 09:07:27 2011: add_player_alignment() name: molasar alignment: -2
Sun Feb 20 09:08:23 2011: add_player_alignment() name: molasar alignment: -2
Sun Feb 20 09:08:23 2011: add_player_alignment() name: molasar alignment: -2
Sun Feb 20 20:43:19 2011: add_player_alignment() name: molasar alignment: -2
Sun Feb 20 20:43:19 2011: add_player_alignment() name: molasar alignment: -2
Sun Feb 20 20:43:57 2011: add_player_alignment() name: molasar alignment: -2
Sun Feb 20 20:43:57 2011: add_player_alignment() name: molasar alignment: -2
Sun Feb 20 20:44:29 2011: add_player_alignment() name: molasar alignment: -2
Sun Feb 20 20:44:29 2011: add_player_alignment() name: molasar alignment: -2
Sun Feb 20 20:52:09 2011: add_player_alignment() name: molasar alignment: -2
Sun Feb 20 20:52:09 2011: add_player_alignment() name: molasar alignment: -2
Sun Feb 20 20:52:09 2011: add_player_alignment() name: molasar alignment: -2
Sun Feb 20 20:52:09 2011: add_player_alignment() name: molasar alignment: -2
Sun Feb 20 20:52:09 2011: add_player_alignment() name: molasar alignment: -2
Sun Feb 20 20:52:09 2011: add_player_alignment() name: molasar alignment: -2
Fri Feb 25 21:26:06 2011: Data restored from players/molasar/sunndi/data/sunndi.o
Tue Mar  1 02:32:58 2011: Data restored from players/molasar/sunndi/data/sunndi.o
Sun Mar  6 14:16:59 2011: Data restored from players/molasar/sunndi/data/sunndi.o
Sun Mar  6 14:17:51 2011: Alignment set to 29
Sun Mar  6 14:21:29 2011: Alignment set to 20
Sun Mar  6 14:22:11 2011: Alignment set to 20
Sun Mar  6 14:22:15 2011: Alignment set to 30
Sun Mar  6 15:13:43 2011: Data restored from players/molasar/sunndi/data/sunndi.o
Sun Mar  6 15:15:19 2011: set_player_alignment() name: molasar alignment: -100
Sun Mar  6 15:15:19 2011: set_player_alignment() name: molasar alignment: -100
Sun Mar  6 15:35:33 2011: Alignment set to 100
Sun Mar  6 20:20:41 2011: set_player_alignment() name: molasar alignment: -200
Sun Mar  6 20:20:41 2011: set_player_alignment() name: molasar alignment: -200
Sun Mar 27 02:43:18 2011: Data restored from players/molasar/sunndi/data/sunndi.o
Sun Apr 17 07:47:10 2011: Data restored from players/molasar/sunndi/data/sunndi.o
Sun Apr 24 11:06:44 2011: Data restored from players/molasar/sunndi/data/sunndi.o
Sun Apr 24 11:06:58 2011: add_player_alignment() name: molasar alignment: -2
Sun Apr 24 11:06:58 2011: add_player_alignment() name: molasar alignment: -2
Sun Apr 24 11:07:36 2011: add_player_alignment() name: molasar alignment: -2
Sun Apr 24 11:07:36 2011: add_player_alignment() name: molasar alignment: -2
Sun Apr 24 11:08:18 2011: add_player_alignment() name: molasar alignment: -2
Sun Apr 24 11:08:18 2011: add_player_alignment() name: molasar alignment: -2
Fri Sep  9 14:25:14 2011: Data restored from players/molasar/sunndi/data/sunndi.o
Wed Sep 28 19:04:37 2011: Data restored from players/molasar/sunndi/data/sunndi.o
Tue May 21 11:15:41 2013: Data restored from players/molasar/sunndi/data/sunndi.o
Tue Sep  3 16:22:25 2013: Data restored from players/molasar/sunndi/data/sunndi.o
Sun Feb  9 17:52:34 2014: Data restored from players/molasar/sunndi/data/sunndi.o
Thu Feb 13 23:42:36 2014: Data restored from players/molasar/sunndi/data/sunndi.o
Thu Mar 20 11:48:23 2014: Data restored from players/molasar/sunndi/data/sunndi.o
Thu Aug 21 15:06:54 2014: Data restored from players/molasar/sunndi/data/sunndi.o
Thu Sep  4 09:11:23 2014: Data restored from players/molasar/sunndi/data/sunndi.o
Sat Sep  6 12:25:38 2014: Data restored from players/molasar/sunndi/data/sunndi.o
Wed Oct 29 14:46:16 2014: Data restored from players/molasar/sunndi/data/sunndi.o
Fri Jul 31 13:53:07 2015: Data restored from players/molasar/sunndi/data/sunndi.o
Mon Sep 28 21:17:40 2015: Data restored from players/molasar/sunndi/data/sunndi.o
