98.11.29 12:55 A C:\players\feldegas\fog\cmds\bros.h <-- Nirvana /players/feldegast/fog/cmds bros.h
98.11.29 12:55 A C:\players\feldegas\fog\cmds\emote_list.h <-- Nirvana /players/feldegast/fog/cmds emote_list.h
98.11.29 12:55 A C:\players\feldegas\fog\cmds\emotes.bak <-- Nirvana /players/feldegast/fog/cmds emotes.bak
98.11.29 12:55 A C:\players\feldegas\fog\cmds\emotes.h <-- Nirvana /players/feldegast/fog/cmds emotes.h
98.11.29 12:55 A C:\players\feldegas\fog\cmds\fog_help.h <-- Nirvana /players/feldegast/fog/cmds fog_help.h
98.11.29 12:55 A C:\players\feldegas\fog\cmds\fog_history.h <-- Nirvana /players/feldegast/fog/cmds fog_history.h
98.11.29 12:55 A C:\players\feldegas\fog\cmds\fog_who.h <-- Nirvana /players/feldegast/fog/cmds fog_who.h
98.11.29 12:55 A C:\players\feldegas\fog\cmds\fogupdate.h <-- Nirvana /players/feldegast/fog/cmds fogupdate.h
98.11.29 12:55 A C:\players\feldegas\fog\cmds\frat1.inf <-- Nirvana /players/feldegast/fog/cmds frat1.inf
98.11.29 12:55 A C:\players\feldegas\fog\cmds\fraternize.h <-- Nirvana /players/feldegast/fog/cmds fraternize.h
98.11.29 12:55 A C:\players\feldegas\fog\cmds\say.h <-- Nirvana /players/feldegast/fog/cmds say.h
98.11.29 12:55 A C:\players\feldegas\fog\cmds\speak.h <-- Nirvana /players/feldegast/fog/cmds speak.h
98.12.16 00:43 A C:\players\feldegas\fog\cmds\frep.txt --> elof.cns.iit.edu /players/feldegast/fog/cmds frep.txt
98.12.16 00:49 A C:\players\feldegas\fog\cmds\frep.txt --> elof.cns.iit.edu /players/feldegast/fog/cmds frep.txt
98.12.16 00:50 A C:\players\feldegas\fog\cmds\frep.txt --> elof.cns.iit.edu /players/feldegast/fog/cmds frep.txt
98.12.16 00:52 A C:\players\feldegas\fog\cmds\frep.txt --> elof.cns.iit.edu /players/feldegast/fog/cmds frep.txt
100.07.19 01:58 A C:\players\feldegas\fog\cmds\emotes.bak --> nirvana.mudservices.com /players/feldegast/fog/cmds emotes.bak
100.07.19 01:58 A C:\players\feldegas\fog\cmds\bros.h --> nirvana.mudservices.com /players/feldegast/fog/cmds bros.h
100.07.19 01:58 A C:\players\feldegas\fog\cmds\emote_list.h --> nirvana.mudservices.com /players/feldegast/fog/cmds emote_list.h
100.07.19 01:59 A C:\players\feldegas\fog\cmds\emotes.h --> nirvana.mudservices.com /players/feldegast/fog/cmds emotes.h
100.07.19 01:59 A C:\players\feldegas\fog\cmds\fog_help.h --> nirvana.mudservices.com /players/feldegast/fog/cmds fog_help.h
100.07.19 01:59 A C:\players\feldegas\fog\cmds\fog_history.h --> nirvana.mudservices.com /players/feldegast/fog/cmds fog_history.h
100.07.19 01:59 A C:\players\feldegas\fog\cmds\fog_who.h --> nirvana.mudservices.com /players/feldegast/fog/cmds fog_who.h
100.07.19 01:59 A C:\players\feldegas\fog\cmds\fogupdate.h --> nirvana.mudservices.com /players/feldegast/fog/cmds fogupdate.h
100.07.19 01:59 A C:\players\feldegas\fog\cmds\fraternize.h --> nirvana.mudservices.com /players/feldegast/fog/cmds fraternize.h
100.07.19 01:59 A C:\players\feldegas\fog\cmds\say.h --> nirvana.mudservices.com /players/feldegast/fog/cmds say.h
100.07.19 01:59 A C:\players\feldegas\fog\cmds\speak.h --> nirvana.mudservices.com /players/feldegast/fog/cmds speak.h
100.07.19 01:59 A C:\players\feldegas\fog\cmds\frat1.inf --> nirvana.mudservices.com /players/feldegast/fog/cmds frat1.inf
100.07.19 01:59 A C:\players\feldegas\fog\cmds\ws_ftp.log --> nirvana.mudservices.com /players/feldegast/fog/cmds ws_ftp.log
100.07.19 01:59 A C:\players\feldegas\fog\cmds\frep.txt --> nirvana.mudservices.com /players/feldegast/fog/cmds frep.txt
100.07.19 02:02 A C:\players\feldegas\fog\cmds\emotes.bak --> nirvana.mudservices.com /open/snakespear/fog/cmds emotes.bak
100.07.19 02:02 A C:\players\feldegas\fog\cmds\bros.h --> nirvana.mudservices.com /open/snakespear/fog/cmds bros.h
100.07.19 02:02 A C:\players\feldegas\fog\cmds\emote_list.h --> nirvana.mudservices.com /open/snakespear/fog/cmds emote_list.h
100.07.19 02:02 A C:\players\feldegas\fog\cmds\emotes.h --> nirvana.mudservices.com /open/snakespear/fog/cmds emotes.h
100.07.19 02:02 A C:\players\feldegas\fog\cmds\fog_help.h --> nirvana.mudservices.com /open/snakespear/fog/cmds fog_help.h
100.07.19 02:02 A C:\players\feldegas\fog\cmds\fog_history.h --> nirvana.mudservices.com /open/snakespear/fog/cmds fog_history.h
100.07.19 02:02 A C:\players\feldegas\fog\cmds\fog_who.h --> nirvana.mudservices.com /open/snakespear/fog/cmds fog_who.h
100.07.19 02:02 A C:\players\feldegas\fog\cmds\fogupdate.h --> nirvana.mudservices.com /open/snakespear/fog/cmds fogupdate.h
100.07.19 02:02 A C:\players\feldegas\fog\cmds\fraternize.h --> nirvana.mudservices.com /open/snakespear/fog/cmds fraternize.h
100.07.19 02:02 A C:\players\feldegas\fog\cmds\say.h --> nirvana.mudservices.com /open/snakespear/fog/cmds say.h
100.07.19 02:02 A C:\players\feldegas\fog\cmds\speak.h --> nirvana.mudservices.com /open/snakespear/fog/cmds speak.h
100.07.19 02:02 A C:\players\feldegas\fog\cmds\frat1.inf --> nirvana.mudservices.com /open/snakespear/fog/cmds frat1.inf
