0. players/saber/effects/thunder2#2672	thunder
1. players/mizan/mbv2/beasties/afei#418	do_random_move
2. players/wren/Area/coastline/path	room_msg
3. players/wren/Area/coastline/pass	room_msg
4. players/wren/Area/coastline/mountain	room_msg
5. players/wren/Area/coastline/mountain2	room_msg
6. obj/soul#2487	update_inventory
7. players/boltar/things/watch#1985	find_time
8. obj/soul#925	update_inventory
9. players/mizan/closed/object-tracker#920	do_tracking
10. players/mizan/closed/object-tracker#918	do_tracking
11. players/mizan/closed/object-tracker#917	do_tracking
12. players/mizan/closed/object-tracker#916	do_tracking
13. players/mizan/closed/object-tracker#905	do_tracking
14. players/boltar/things/clock_tower#66	find_time
15. obj/soul#378	update_inventory
16. players/mizan/closed/poly/gob#377	fake_beat
17. players/mizan/closed/makadra	fake_beat
18. players/mizan/closed/poly/gob#369	fake_beat
19. obj/soul#370	update_inventory
20. players/mizan/closed/makadra#379	fake_beat
21. players/mizan/closed/poly/wumpus#722	fake_beat
22. players/mizan/closed/poly/gob#962	fake_beat
23. obj/soul#963	update_inventory
24. players/wren/Area/coastline/coast2	room_msg
25. players/mizan/mbv2/beasties/thorgrim#424	do_random_move
26. players/boltar/things/watch#2794	find_time
27. players/mizan/mbv2/beasties/beano#411	do_random_move
28. players/mythos/amisc/forest/dark#168	hb
29. players/mythos/amisc/forest/dark	hb
30. players/mythos/closed/fake_beater#155	beat_me
31. players/mythos/closed/fake_beater	beat_me
32. players/mythos/closed/guild/forest/misc/xb	corp
33. players/mizan/closed/moe_pacemaker	fake_beat
34. players/snow/MONSTERS/archwizard#201	glar_life
35. players/snow/MONSTERS/archwizard	glar_life
36. players/mizan/closed/borg-cube	fake_heart_beat
37. players/eurale/Keep/NPC/demon_pet	follow
38. players/eurale/Keep/NPC/demon_pet#2006	follow
39. players/forbin/closed/pf#2176	fake_hb
40. players/vertebraker/swamp/OBJ/j_earring#540	regen_sp
41. closed/wiz_soul#942	update_inventory
42. closed/wiz_soul#338	update_inventory
43. players/mizan/etheriel/beasties/spuck	fake_beat
44. players/mizan/etheriel/beasties/spuck#298	fake_beat
45. players/mizan/closed/planter	fake_beat
46. closed/wiz_soul#2367	update_inventory
47. players/mizan/mbv2/beasties/thorgrim#424	autoheal_monster
48. obj/player#924	autoheal
49. players/jareel/areas/statue/bones_room	wind
50. 
51. players/mythos/amisc/tsolin	hb
52. players/mizan/mbv2/beasties/hoth#447	do_random_move
53. obj/kid#649	do_follow
54. obj/kid#653	do_follow
55. players/mizan/closed/sDM	monitor_beat
56. players/mizan/closed/object-distrib#384	fake_beat
57. players/mythos/amisc/tsolin#167	hb
58. players/pestilence/closed/dark/dark#339	align_hurt
59. players/pathfinder/garbageman#148	random_movement
60. players/pathfinder/garbageman#147	random_movement
61. players/mizan/mbv2/tacticalDM	fake_beat
62. players/pathfinder/garbageman	random_movement
63. players/mythos/amisc/tochau#166	hb
64. players/mythos/amisc/tochau	hb
65. players/jareel/areas/statue/stones_room	heat
66. obj/player#321	autoheal
67. obj/player#335	autoheal
68. obj/player#336	autoheal
69. obj/player#941	autoheal
70. players/saber/armor/dragonhelm#2600	dragon_talk
71. players/saber/effects/thunder#2670	thunder
72. players/fred/closed/bloodfist/NPC/elder	hunt
73. players/fred/closed/bloodfist/NPC/elder#487	hunt
74. players/jareel/monsters/legends/legend_guardian#1190	wander_away
75. players/mythos/closed/play/garble	change
76. players/mythos/closed/play/garble#172	change
77. players/eurale/closed/garble	change
78. players/eurale/closed/garble#220	change
79. players/vertebraker/closed/cybUpdater	updCyb
80. players/jareel/armor/orlanthi_wind_priestess_robes#534	elec3
81. players/snow/WEAPONS/ice_star#1087	melt_star
82. players/snow/WEAPONS/ice_star#1084	melt_star
83. players/mizan/etheriel/beasties/sarawak#2078	ingestion
84. players/wocket/turtleville/OBJ/fountain#818	echos
85. obj/player#961	autoheal
86. obj/player#2366	autoheal
87. obj/player#2483	autoheal
88. players/linus/castle	talk
89. players/coldwind/desert/mobs/villagers#1185	wander_away
90. players/wocket/necro/guildob#2368	deathcall
91. players/saber/effects/WIND	wind
92. 
93. players/boltar/things/hoth#50	do_random_move
94. players/wocket/necro/guildob#343	deathcall
95. players/boltar/things/antipk	intoxicate
96. players/jareel/armor/orlanthi_wind_priestess_robes#2603	elec
97. players/zeus/desert/NPC/hunter	wander
98. players/zeus/desert/NPC/hunter#703	wander
99. players/traff/delnoch/mon/girl	random_move
100. players/saber/effects/torch#2668	torch
101. players/saber/effects/torch#2667	torch
102. 
103. players/coldwind/desert/mobs/apes#1165	wander_away
104. obj/kid#649	autoheal
105. obj/kid#653	autoheal
106. 
107. players/coldwind/desert/mobs/apes#1155	wander_away
108. 
109. players/coldwind/desert/mobs/apes#1152	wander_away
110. 
111. 
112. players/coldwind/desert/mobs/villagers#1161	wander_away
113. players/mizan/closed/sql/objectlogger	log_SQL_data
114. players/wocket/turtleville/OBJ/fountain	echos
115. players/maledicta/cont/mobs/tower#258	move_around
116. players/coldwind/desert/mobs/villagers#1170	wander_away
117. players/mythos/closed/guild/curse#165	cursed
118. 
119. 
120. players/coldwind/desert/mobs/villagers#1145	wander_away
121. obj/player#321	autosave
122. obj/player#335	autosave
123. players/coldwind/desert/mobs/apes#1158	wander_away
124. players/coldwind/desert/mobs/apes#1149	wander_away
125. players/coldwind/desert/mobs/villagers#1168	wander_away
126. 
127. players/coldwind/desert/mobs/villagers#1183	wander_away
128. players/mythos/closed/guild/curse	cursed
129. 
130. players/zeus/realm/OBJ/paperhello#682	home
131. players/coldwind/desert/mobs/villagers#1143	wander_away
132. obj/player#924	autosave
133. obj/monster#2800	autoheal_monster
134. players/mizan/closed/sql/datalogger	log_SQL_data
135. players/coldwind/desert/mobs/villagers#1163	wander_away
136. players/mizan/mbv2/tacticalDM	population_control_beat
137. players/wocket/necro/guildob#343	wimpycall
138. obj/player#961	autosave
139. players/mizan/mbv2/popmanDM	check_population_beano
140. players/mizan/mbv2/popmanDM	check_population_offensive_line
141. players/coldwind/desert/mobs/villagers#1172	wander_away
142. players/coldwind/desert/mobs/villagers#1187	wander_away
143. players/fred/closed/bloodfist/daemon/channel	autosave
144. players/dune/closed/guild/objects/cpu	computer_sequence
145. players/pestilence/amity/room/counter#613	poison_player
146. players/pestilence/amity/room/counter	poison_player
147. obj/player#2483	autosave
148. players/mizan/closed/poly/wumpus#722	force_return
149. players/mizan/closed/poly/wumpus	force_return
150. players/mizan/mbv2/environs/graffiti-residue#1359	erase_me
151. players/wocket/necro/guildob#2368	wimpycall
152. players/mizan/closed/RandomRoomDM	self_reset
153. obj/discon#1320	dest_box
154. players/mizan/mbv2/environs/graffiti-residue#2663	erase_me
155. players/mizan/mbv2/environs/graffiti-residue	erase_me
156. obj/discon#2724	dest_box
157. players/beck/Daemons/NightDayDaemon	Change
158. players/cosmo/hslist/vds_new	update_alltime
159. players/vertebraker/castle	volcano_erupt
160. players/cosmo/hslist/vds_new	update_alltime
