2002.09.25 13:19 A C:\Program Files\WS_FTP\areas\chaos\cave\grid9\hall4.c --> nirvana.mudservices.com /players/cronos/areas/chaos/cave/grid8 hall4.c
2002.09.25 13:19 A C:\Program Files\WS_FTP\areas\chaos\cave\grid9\hall6.c --> nirvana.mudservices.com /players/cronos/areas/chaos/cave/grid8 hall6.c
2002.09.25 13:20 A C:\Program Files\WS_FTP\areas\chaos\cave\grid9\hall4.c --> nirvana.mudservices.com /players/cronos/areas/chaos/cave/grid9 hall4.c
2002.09.25 13:20 A C:\Program Files\WS_FTP\areas\chaos\cave\grid9\hall6.c --> nirvana.mudservices.com /players/cronos/areas/chaos/cave/grid9 hall6.c
2002.09.25 13:20 A C:\Program Files\WS_FTP\areas\chaos\cave\grid9\hall9.c --> nirvana.mudservices.com /players/cronos/areas/chaos/cave/grid9 hall9.c
2002.09.25 13:47 A C:\Program Files\WS_FTP\areas\chaos\cave\grid9\hall2.c --> nirvana.mudservices.com /players/cronos/areas/chaos/cave/grid9 hall2.c
2002.09.25 13:47 A C:\Program Files\WS_FTP\areas\chaos\cave\grid9\hall8.c --> nirvana.mudservices.com /players/cronos/areas/chaos/cave/grid9 hall8.c
2002.09.25 15:14 A C:\Program Files\WS_FTP\areas\chaos\cave\grid9\hall8.c --> nirvana.mudservices.com /players/cronos/areas/chaos/cave/grid9 hall8.c
2002.09.25 15:15 A C:\Program Files\WS_FTP\areas\chaos\cave\grid9\hall8.c --> nirvana.mudservices.com /players/cronos/areas/chaos/cave/grid9 hall8.c
2002.09.25 15:50 A C:\Program Files\WS_FTP\areas\chaos\cave\grid9\hall1.c --> nirvana.mudservices.com /players/cronos/areas/chaos/cave/grid9 hall1.c
2002.09.25 15:50 A C:\Program Files\WS_FTP\areas\chaos\cave\grid9\hall3.c --> nirvana.mudservices.com /players/cronos/areas/chaos/cave/grid9 hall3.c
2002.09.25 16:29 A C:\Program Files\WS_FTP\areas\chaos\cave\grid9\hall7.c --> nirvana.mudservices.com /players/cronos/areas/chaos/cave/grid9 hall7.c
2002.09.25 16:29 A C:\Program Files\WS_FTP\areas\chaos\cave\grid9\hall5.c --> nirvana.mudservices.com /players/cronos/areas/chaos/cave/grid9 hall5.c
2002.09.25 16:30 A C:\Program Files\WS_FTP\areas\chaos\cave\grid9\hall7.c --> nirvana.mudservices.com /players/cronos/areas/chaos/cave/grid9 hall7.c
2002.09.25 16:30 A C:\Program Files\WS_FTP\areas\chaos\cave\grid9\hall5.c --> nirvana.mudservices.com /players/cronos/areas/chaos/cave/grid9 hall5.c
2002.09.25 16:44 A C:\Program Files\WS_FTP\areas\chaos\cave\grid9\hall3.c --> nirvana.mudservices.com /players/cronos/areas/chaos/cave/grid9 hall3.c
2002.09.25 16:45 A C:\Program Files\WS_FTP\areas\chaos\cave\grid9\hall3.c --> nirvana.mudservices.com /players/cronos/areas/chaos/cave/grid9 hall3.c
2002.09.25 16:47 A C:\Program Files\WS_FTP\areas\chaos\cave\grid9\hall5.c --> nirvana.mudservices.com /players/cronos/areas/chaos/cave/grid9 hall5.c
2002.09.25 16:47 A C:\Program Files\WS_FTP\areas\chaos\cave\grid9\hall2.c --> nirvana.mudservices.com /players/cronos/areas/chaos/cave/grid9 hall2.c
2002.09.25 16:48 A C:\Program Files\WS_FTP\areas\chaos\cave\grid9\hall1.c --> nirvana.mudservices.com /players/cronos/areas/chaos/cave/grid9 hall1.c
2002.09.29 03:06 A C:\Program Files\WS_FTP\areas\chaos\cave\grid9\hall1.c <-- Microsoft /players/cronos/areas/chaos/cave/grid9 hall1.c
2002.09.29 03:06 A C:\Program Files\WS_FTP\areas\chaos\cave\grid9\hall2.c <-- Microsoft /players/cronos/areas/chaos/cave/grid9 hall2.c
2002.09.29 03:06 A C:\Program Files\WS_FTP\areas\chaos\cave\grid9\hall3.c <-- Microsoft /players/cronos/areas/chaos/cave/grid9 hall3.c
2002.09.29 03:06 A C:\Program Files\WS_FTP\areas\chaos\cave\grid9\hall4.c <-- Microsoft /players/cronos/areas/chaos/cave/grid9 hall4.c
2002.09.29 03:06 A C:\Program Files\WS_FTP\areas\chaos\cave\grid9\hall5.c <-- Microsoft /players/cronos/areas/chaos/cave/grid9 hall5.c
2002.09.29 03:06 A C:\Program Files\WS_FTP\areas\chaos\cave\grid9\hall6.c <-- Microsoft /players/cronos/areas/chaos/cave/grid9 hall6.c
2002.09.29 03:06 A C:\Program Files\WS_FTP\areas\chaos\cave\grid9\hall7.c <-- Microsoft /players/cronos/areas/chaos/cave/grid9 hall7.c
2002.09.29 03:06 A C:\Program Files\WS_FTP\areas\chaos\cave\grid9\hall8.c <-- Microsoft /players/cronos/areas/chaos/cave/grid9 hall8.c
2002.09.29 03:06 A C:\Program Files\WS_FTP\areas\chaos\cave\grid9\hall9.c <-- Microsoft /players/cronos/areas/chaos/cave/grid9 hall9.c
2002.11.19 14:28 A C:\Program Files\WS_FTP\areas\chaos\cave\grid9\hall1.c <-- Microsoft /players/cronos/areas/chaos/cave/grid9 hall1.c
2002.11.19 14:28 A C:\Program Files\WS_FTP\areas\chaos\cave\grid9\hall2.c <-- Microsoft /players/cronos/areas/chaos/cave/grid9 hall2.c
2002.11.19 14:28 A C:\Program Files\WS_FTP\areas\chaos\cave\grid9\hall3.c <-- Microsoft /players/cronos/areas/chaos/cave/grid9 hall3.c
2002.11.19 14:28 A C:\Program Files\WS_FTP\areas\chaos\cave\grid9\hall4.c <-- Microsoft /players/cronos/areas/chaos/cave/grid9 hall4.c
2002.11.19 14:28 A C:\Program Files\WS_FTP\areas\chaos\cave\grid9\hall5.c <-- Microsoft /players/cronos/areas/chaos/cave/grid9 hall5.c
2002.11.19 14:28 A C:\Program Files\WS_FTP\areas\chaos\cave\grid9\hall6.c <-- Microsoft /players/cronos/areas/chaos/cave/grid9 hall6.c
2002.11.19 14:28 A C:\Program Files\WS_FTP\areas\chaos\cave\grid9\hall7.c <-- Microsoft /players/cronos/areas/chaos/cave/grid9 hall7.c
2002.11.19 14:28 A C:\Program Files\WS_FTP\areas\chaos\cave\grid9\hall8.c <-- Microsoft /players/cronos/areas/chaos/cave/grid9 hall8.c
2002.11.19 14:28 A C:\Program Files\WS_FTP\areas\chaos\cave\grid9\hall9.c <-- Microsoft /players/cronos/areas/chaos/cave/grid9 hall9.c
2002.11.20 01:07 A C:\Program Files\WS_FTP\areas\chaos\cave\grid9\hall1.c --> elysium.edenproject.org /players/cronos/areas/chaos/cave/grid9 hall1.c
2002.11.20 01:07 A C:\Program Files\WS_FTP\areas\chaos\cave\grid9\hall2.c --> elysium.edenproject.org /players/cronos/areas/chaos/cave/grid9 hall2.c
2002.11.20 01:07 A C:\Program Files\WS_FTP\areas\chaos\cave\grid9\hall3.c --> elysium.edenproject.org /players/cronos/areas/chaos/cave/grid9 hall3.c
2002.11.20 01:07 A C:\Program Files\WS_FTP\areas\chaos\cave\grid9\hall4.c --> elysium.edenproject.org /players/cronos/areas/chaos/cave/grid9 hall4.c
2002.11.20 01:07 A C:\Program Files\WS_FTP\areas\chaos\cave\grid9\hall5.c --> elysium.edenproject.org /players/cronos/areas/chaos/cave/grid9 hall5.c
2002.11.20 01:07 A C:\Program Files\WS_FTP\areas\chaos\cave\grid9\hall6.c --> elysium.edenproject.org /players/cronos/areas/chaos/cave/grid9 hall6.c
2002.11.20 01:07 A C:\Program Files\WS_FTP\areas\chaos\cave\grid9\hall7.c --> elysium.edenproject.org /players/cronos/areas/chaos/cave/grid9 hall7.c
2002.11.20 01:07 A C:\Program Files\WS_FTP\areas\chaos\cave\grid9\hall8.c --> elysium.edenproject.org /players/cronos/areas/chaos/cave/grid9 hall8.c
2002.11.20 01:07 A C:\Program Files\WS_FTP\areas\chaos\cave\grid9\hall9.c --> elysium.edenproject.org /players/cronos/areas/chaos/cave/grid9 hall9.c
2002.11.20 01:07 A C:\Program Files\WS_FTP\areas\chaos\cave\grid9\WS_FTP.LOG --> elysium.edenproject.org /players/cronos/areas/chaos/cave/grid9 WS_FTP.LOG
2003.06.11 15:32 A C:\Program Files\WS_FTP\areas\chaos\cave\grid9\hall1.c --> nirvana.mudservices.com /players/jareel/areas/chaos/cave/grid9 hall1.c
2003.06.11 15:32 A C:\Program Files\WS_FTP\areas\chaos\cave\grid9\hall2.c --> nirvana.mudservices.com /players/jareel/areas/chaos/cave/grid9 hall2.c
2003.06.11 15:32 A C:\Program Files\WS_FTP\areas\chaos\cave\grid9\hall3.c --> nirvana.mudservices.com /players/jareel/areas/chaos/cave/grid9 hall3.c
2003.06.11 15:32 A C:\Program Files\WS_FTP\areas\chaos\cave\grid9\hall4.c --> nirvana.mudservices.com /players/jareel/areas/chaos/cave/grid9 hall4.c
2003.06.11 15:32 A C:\Program Files\WS_FTP\areas\chaos\cave\grid9\hall5.c --> nirvana.mudservices.com /players/jareel/areas/chaos/cave/grid9 hall5.c
2003.06.11 15:32 A C:\Program Files\WS_FTP\areas\chaos\cave\grid9\hall6.c --> nirvana.mudservices.com /players/jareel/areas/chaos/cave/grid9 hall6.c
2003.06.11 15:32 A C:\Program Files\WS_FTP\areas\chaos\cave\grid9\hall7.c --> nirvana.mudservices.com /players/jareel/areas/chaos/cave/grid9 hall7.c
2003.06.11 15:32 A C:\Program Files\WS_FTP\areas\chaos\cave\grid9\hall8.c --> nirvana.mudservices.com /players/jareel/areas/chaos/cave/grid9 hall8.c
2003.06.11 15:32 A C:\Program Files\WS_FTP\areas\chaos\cave\grid9\hall9.c --> nirvana.mudservices.com /players/jareel/areas/chaos/cave/grid9 hall9.c
