Pain played Mothers of the Disappeared by U2 at Thu Mar  6 11:21:15 1997
Pinky played With or Without You by U2 at Thu Mar  6 11:49:26 1997
Seductress played I Still Haven't Found What I'm Looking For by U2 at Thu Mar  6 12:29:38 1997
Aegis played Brass Monkey by The Beastie Boys at Thu Mar  6 12:31:44 1997
Seductress played I Still Haven't Found What I'm Looking For by U2 at Thu Mar  6 12:32:10 1997
Aegis played Brass Monkey by The Beastie Boys at Thu Mar  6 12:33:15 1997
Bridget played In God's Country by U2 at Thu Mar  6 12:33:51 1997
Seductress played I Still Haven't Found What I'm Looking For by U2 at Thu Mar  6 12:34:12 1997
Bridget played In God's Country by U2 at Thu Mar  6 12:34:22 1997
Aegis played Girls by The Beastie Boys at Thu Mar  6 12:34:49 1997
Bridget played Where the Streets Have No Name by U2 at Thu Mar  6 12:37:04 1997
Aegis played She's Crafty by The Beastie Boys at Thu Mar  6 12:38:31 1997
Bridget played Trip Through Your Wires by U2 at Thu Mar  6 12:39:24 1997
Aegis played Brass Monkey by The Beastie Boys at Thu Mar  6 12:59:05 1997
Aegis played Rhymin' And Stealin' by The Beastie Boys at Thu Mar  6 13:08:52 1997
Aegis played Fight For Your Right (To Party) by The Beastie Boys at Thu Mar  6 13:17:43 1997
Aegis played Posse In Effect by The Beastie Boys at Thu Mar  6 13:23:14 1997
Draven played Paul Revere by The Beastie Boys at Fri Mar  7 16:29:28 1997
Draven played cherub rock by billy corgan at Fri Mar  7 16:37:23 1997
Melchior played Where the Streets Have No Name by U2
     at Fri Mar  7 17:54:08 1997
Gwenny played Brass Monkey by The Beastie Boys
     at Mon Mar 10 09:42:15 1997
Isis played With or Without You by U2
   at Wed Mar 12 02:26:36 1997
Isis played With or Without You by U2
   at Wed Mar 12 02:34:16 1997
Isis played Friends In Low Places by Garth Brooks
   at Wed Mar 12 02:37:21 1997
Tick played Brass Monkey by The Beastie Boys
   at Wed Mar 12 02:39:13 1997
Isis played Pictures Of You by The Cure
   at Wed Mar 12 02:42:12 1997
Tick played Pictures Of You by The Cure
   at Wed Mar 12 02:44:30 1997
Tick played geek u.s.a. by The Smashing Pumpkins
   at Wed Mar 12 02:45:41 1997
Tick played today by The Smashing Pumpkins
   at Wed Mar 12 02:46:17 1997
Tick played today by The Smashing Pumpkins
   at Wed Mar 12 02:46:21 1997
Tick played today by The Smashing Pumpkins
   at Wed Mar 12 02:48:22 1997
Isis played Enter Sandman by Metallica
   at Wed Mar 12 02:50:39 1997
Estrella played With or Without You by U2
   at Wed Mar 12 04:36:05 1997
Ladydiamond played Enter Sandman by Metallica
   at Wed Mar 12 04:50:29 1997
Ladydiamond played Sad but true by Metallica
   at Wed Mar 12 04:52:14 1997
Aegis played Enter Sandman by Metallica
   at Wed Mar 12 10:47:12 1997
Ladydiamond played Holier than thou by Metallica
   at Wed Mar 12 18:13:33 1997
Ladydiamond played The Unforgiven by Metallica
   at Wed Mar 12 18:16:01 1997
Adrianna played silverfuck by The Smashing Pumpkins
   at Wed Mar 12 20:05:51 1997
Blackstar played Humpty Dance by Digital Underground
   at Thu Mar 13 00:25:57 1997
Aegis played Freaks of The Industry by Digital Underground
   at Thu Mar 13 00:35:32 1997
Aegis played Humpty Dance by Digital Underground
   at Thu Mar 13 00:43:22 1997
Aegis played The Packet Man by Digital Underground
   at Thu Mar 13 00:51:46 1997
Aegis played Paul Revere by The Beastie Boys
   at Thu Mar 13 13:55:16 1997
Rumba played New Way To Fly by Garth Brooks
   at Thu Mar 13 15:09:32 1997
Anwei played today by The Smashing Pumpkins
   at Fri Mar 14 11:28:45 1997
Anwei played Wild Horses by Garth Brooks
   at Fri Mar 14 11:32:07 1997
Gumba played Pictures Of You by The Cure
   at Fri Mar 14 14:38:44 1997
Gumba played spaceboy by The Smashing Pumpkins
   at Fri Mar 14 14:41:45 1997
Icepick played The Unforgiven by Metallica
   at Fri Mar 14 19:21:28 1997
Ladydiamond played The Unforgiven by Metallica
   at Sat Mar 15 06:36:43 1997
Shalak played The Unforgiven by Metallica
   at Sat Mar 15 06:36:54 1997
Icepick played The Unforgiven by Metallica
   at Sat Mar 15 15:18:28 1997
Warlock played Super Bon Bon by Soul Coughing
   at Sun Mar 16 00:18:36 1997
Balowski played silverfuck by The Smashing Pumpkins
   at Sun Mar 16 07:13:44 1997
Jaco played Irresponsible Hate Anthem by Marilyn Manson
   at Sun Mar 16 08:11:23 1997
Rattlesnake played Defamography by Marilyn Manson
   at Sun Mar 16 11:48:40 1997
Beaker played Hold It Now - Hit It! by The Beastie Boys
   at Sun Mar 16 16:00:55 1997
Dan played Antichrist Superstar by Marilyn Manson
   at Sun Mar 16 17:18:35 1997
Rattlesnake played White Girl by Soul Coughing
   at Sun Mar 16 21:06:12 1997
Khrell played Of Wolf and Man by Metallica
   at Mon Mar 17 10:01:14 1997
Aegis played Super Bon Bon by Soul Coughing
   at Mon Mar 17 13:01:22 1997
Reaper played quiet by The Smashing Pumpkins
   at Mon Mar 17 21:59:48 1997
Hellraiser played The Beautiful People by Marilyn Manson
   at Mon Mar 17 22:20:50 1997
Hugh played 1996 by Marilyn Manson
   at Tue Mar 18 11:47:17 1997
Zephyra played Unanswered Prayers by Garth Brooks
   at Tue Mar 18 19:38:40 1997
Griffin played Super Bon Bon by Soul Coughing
   at Tue Mar 18 20:55:10 1997
Pheret played Super Bon Bon by Soul Coughing
   at Wed Mar 19 01:50:41 1997
Valorie played The Unforgiven by Metallica
   at Wed Mar 19 13:18:09 1997
Screwball played There's More To Life Than This by Bjork
   at Wed Mar 19 14:46:00 1997
Griffin played Soundtrack to Mary by Soul Coughing
   at Wed Mar 19 18:46:55 1997
Griffin played The Beautiful People by Marilyn Manson
   at Wed Mar 19 18:49:28 1997
Griffin played Super Bon Bon by Soul Coughing
   at Wed Mar 19 18:52:15 1997
Griffin played Super Bon Bon by Soul Coughing
   at Wed Mar 19 18:58:05 1997
Hendrek played Brass Monkey by The Beastie Boys
   at Thu Mar 20 00:04:49 1997
Charles played Big Time Sensuality by Bjork
   at Thu Mar 20 14:45:55 1997
Sacha played Tourniquet by Marilyn Manson
   at Thu Mar 20 18:11:19 1997
Bloodhound played Brass Monkey by The Beastie Boys
   at Thu Mar 20 21:39:53 1997
Griffin played today by The Smashing Pumpkins
   at Thu Mar 20 21:42:11 1997
Griffin played today by The Smashing Pumpkins
   at Thu Mar 20 21:42:47 1997
Cypher played Nothing Else Matters by Metallica
   at Sat Mar 22 15:58:10 1997
Draven played Mama Kin by Aerosmith
   at Sat Mar 22 21:18:21 1997
Draven played Nothing Else Matters by Metallica
   at Sun Mar 23 02:49:25 1997
Petrov played The Thunder Rolls by Garth Brooks
   at Sun Mar 23 18:00:14 1997
Bane played Brass Monkey by The Beastie Boys
   at Sun Mar 23 22:11:47 1997
Hellraiser played The Beautiful People by Marilyn Manson
   at Tue Mar 25 02:19:30 1997
Aegis played Ty Cobb by Soundgarden
   at Wed Mar 26 00:37:38 1997
Estrella played With or Without You by U2
   at Wed Mar 26 19:23:06 1997
Estrella played Humpty Dance by Digital Underground
   at Wed Mar 26 19:25:07 1997
Estrella played Humpty Dance by Digital Underground
   at Wed Mar 26 19:26:26 1997
Draven played Dream On by Aerosmith
   at Wed Mar 26 19:35:22 1997
Draven played Mama Kin by Aerosmith
   at Wed Mar 26 19:36:57 1997
Third played Fragile by Sting
   at Thu Mar 27 14:31:05 1997
Dan played Irresponsible Hate Anthem by Marilyn Manson
   at Fri Mar 28 22:17:32 1997
Jennie played Tourniquet by Marilyn Manson
   at Sun Mar 30 14:03:45 1997
Aegis played Alive by Pearl Jam
   at Mon Mar 31 01:16:21 1997
Anshar played Of Wolf and Man by Metallica
   at Tue Apr  1 14:38:45 1997
Jed played Little Earthquakes by Tori Amos 
   at Wed Apr  2 21:34:04 1997
Reznor played March of the Pigs by Nine Inch Nails
   at Thu Apr  3 15:42:18 1997
Reznor played Closer by Nine Inch Nails
   at Fri Apr  4 13:25:27 1997
Reznor played Closer by Nine Inch Nails
   at Fri Apr  4 18:28:07 1997
Kristin played Antichrist Superstar by Marilyn Manson
   at Sat Apr  5 20:41:35 1997
Jed played Piggy by Nine Inch Nails
   at Sat Apr  5 20:52:58 1997
Jed played Heresy by Nine Inch Nails
   at Sat Apr  5 20:54:45 1997
Jed played Closer by Nine Inch Nails
   at Sat Apr  5 20:59:23 1997
Grendell played The Unforgiven by Metallica
   at Sun Apr  6 15:09:01 1997
Matt played Super Bon Bon by Soul Coughing
   at Sun Apr  6 19:22:21 1997
Matt played Defamography by Marilyn Manson
   at Sun Apr  6 19:24:33 1997
Matt played Cryptorchid by Marilyn Manson
   at Sun Apr  6 19:25:18 1997
Leung played The Caterpillar by The Cure
   at Mon Apr  7 03:43:44 1997
Leung played disarm by The Smashing Pumpkins
   at Mon Apr  7 03:45:20 1997
Riven played March of the Pigs by Nine Inch Nails
   at Mon Apr  7 06:41:43 1997
Riven played Hurt by Nine Inch Nails
   at Mon Apr  7 06:43:44 1997
Riven played Polly by Nirvana
   at Mon Apr  7 06:46:19 1997
Draven played Movin' Out by Aerosmith
   at Mon Apr  7 07:27:34 1997
Draven played Somebody by Aerosmith
   at Mon Apr  7 07:29:29 1997
Grendell played Unanswered Prayers by Garth Brooks and his band
   at Mon Apr  7 17:09:24 1997
Shalak played Closer by Nine Inch Nails
   at Mon Apr  7 23:42:29 1997
Shalak played Stay Away by Nirvana
   at Mon Apr  7 23:44:31 1997
Shalak played Protect Your Neck by Wu-Tang Clan
   at Mon Apr  7 23:45:32 1997
Hellraiser played The Beautiful People by Marilyn Manson
   at Tue Apr  8 15:29:58 1997
Berlinetta played The Thunder Rolls by Garth Brooks and his band
   at Tue Apr  8 21:04:32 1997
Adrianna played Nothing Else Matters by Metallica
   at Tue Apr  8 23:33:06 1997
Funboy played Write Me A Letter by Aerosmith
   at Wed Apr  9 02:48:46 1997
Funboy played Walkin' The Dog by Aerosmith
   at Wed Apr  9 02:51:05 1997
Grendell played Unanswered Prayers by Garth Brooks and his band
   at Wed Apr  9 07:02:48 1997
Jerle played London Calling by The Clash
   at Wed Apr  9 07:03:59 1997
Grendell played Paul Revere by The Beastie Boys
   at Wed Apr  9 07:05:33 1997
Lopus played Super Bon Bon by Soul Coughing
   at Wed Apr  9 12:30:26 1997
Cosmo played Numbered Days by The Mighty, Mighty Bosstones
   at Wed Apr  9 14:25:06 1997
Adrianna played Nothing Else Matters by Metallica
   at Wed Apr  9 17:10:50 1997
Warlock played Holier than thou by Metallica
   at Wed Apr  9 17:25:57 1997
Adrianna played Nothing Else Matters by Metallica
   at Wed Apr  9 18:01:26 1997
Jerle played disarm by The Smashing Pumpkins
   at Wed Apr  9 19:15:10 1997
Fuzzy played I Still Haven't Found What I'm Looking For by U2
   at Thu Apr 10 09:25:16 1997
Reznor played Brass Monkey by The Beastie Boys
   at Thu Apr 10 17:44:33 1997
Reznor played Super Bon Bon by Soul Coughing
   at Thu Apr 10 17:45:16 1997
Reznor played The Beautiful People by Marilyn Manson
   at Thu Apr 10 17:47:04 1997
Jed played March of the Pigs by Nine Inch Nails
   at Thu Apr 10 23:00:39 1997
Lopus played Super Bon Bon by Soul Coughing
   at Thu Apr 10 23:44:09 1997
Cosmo played Black by Pearl Jam
   at Fri Apr 11 09:04:21 1997
Monkeydevil played Brass Monkey by The Beastie Boys
   at Fri Apr 11 13:50:06 1997
Lore played 1996 by Marilyn Manson
   at Fri Apr 11 16:38:18 1997
Lopus played Super Bon Bon by Soul Coughing
   at Fri Apr 11 23:27:35 1997
Menace played Fight For Your Right (To Party) by The Beastie Boys
   at Sun Apr 13 17:40:04 1997
Kain played Brass Monkey by The Beastie Boys
   at Sun Apr 13 17:44:27 1997
Aegis played Humpty Dance by Digital Underground
   at Sun Apr 13 17:48:31 1997
Aegis played Ty Cobb by Soundgarden
   at Sun Apr 13 17:49:22 1997
Aegis played Boot Camp by Soundgarden
   at Sun Apr 13 17:52:50 1997
Aegis played Alive by Pearl Jam
   at Sun Apr 13 17:56:14 1997
Cyan played Man That You Fear by Marilyn Manson
   at Sun Apr 13 18:07:16 1997
Cyan played The Reflecting God by Marilyn Manson
   at Sun Apr 13 18:10:49 1997
Cyan played Irresponsible Hate Anthem by Marilyn Manson
   at Sun Apr 13 18:13:29 1997
Usagi played Cryptorchid by Marilyn Manson
   at Sun Apr 13 18:13:29 1997
Cyan played Irresponsible Hate Anthem by Marilyn Manson
   at Sun Apr 13 18:23:26 1997
Lopus played Super Bon Bon by Soul Coughing
   at Tue Apr 15 09:59:32 1997
Screwball played We'll Be Together by Sting and his ensemble
   at Tue Apr 15 14:00:04 1997
Flamegirl played The Beautiful People by Marilyn Manson
   at Tue Apr 15 14:22:43 1997
Lopus played Super Bon Bon by Soul Coughing
   at Thu Apr 17 21:07:02 1997
Creed played Angel With the Scabbed Wings by Marilyn Manson
   at Fri Apr 18 09:56:37 1997
Aegis played Ty Cobb by Soundgarden
   at Fri Apr 18 13:43:24 1997
Aegis played Alive by Pearl Jam
   at Fri Apr 18 13:45:12 1997
Aegis played Why Go by Pearl Jam
   at Fri Apr 18 13:47:41 1997
Aegis played Once by Pearl Jam
   at Fri Apr 18 13:48:23 1997
Aegis played Fight For Your Right (To Party) by The Beastie Boys
   at Fri Apr 18 13:49:29 1997
Rattlesnake played Method Man by Wu-Tang Clan
   at Fri Apr 18 15:55:41 1997
Usagi played Method Man by Wu-Tang Clan
   at Fri Apr 18 16:42:53 1997
Usagi played Desensitized by The Mighty, Mighty Bosstones
   at Fri Apr 18 16:48:07 1997
Usagi played Desensitized by The Mighty, Mighty Bosstones
   at Fri Apr 18 16:48:51 1997
Usagi played Shame on a Nigga by Wu-Tang Clan
   at Fri Apr 18 16:49:16 1997
Wilder played Jeremy by Pearl Jam
   at Sat Apr 19 18:02:20 1997
Usagi played Da Mystery of Chessboxin by Wu-Tang Clan
   at Sun Apr 20 17:24:53 1997
Hellraiser played The Beautiful People by Marilyn Manson
   at Mon Apr 21 00:06:41 1997
Windsor played Pictures Of You by The Cure
   at Wed Apr 23 14:34:51 1997
Wocket played The Impression That I Get by The Mighty, Mighty Bosstones
   at Fri Apr 25 02:25:30 1997
Guest played The Impression That I Get by The Mighty, Mighty Bosstones
   at Sat Apr 26 13:24:03 1997
Reznor played Closer by Nine Inch Nails
   at Tue Apr 29 10:09:42 1997
Pheret played Super Bon Bon by Soul Coughing
   at Tue Apr 29 17:13:49 1997
Nepthys played Big Time Sensuality by Bjork
   at Wed Apr 30 22:43:03 1997
Nepthys played Hurt by Nine Inch Nails
   at Wed Apr 30 22:46:32 1997
Sado played Where the Streets Have No Name by U2
   at Thu May  1 00:10:18 1997
Ladydiamond played Dream On by Aerosmith
   at Thu May  1 01:24:33 1997
Aegisjr played Girls by The Beastie Boys
   at Thu May  1 01:27:39 1997
Aegisjr played Girls by The Beastie Boys
   at Thu May  1 12:35:26 1997
Aegisjr played Humpty Dance by Digital Underground
   at Thu May  1 12:36:12 1997
Seductress played I Still Haven't Found What I'm Looking For by U2
   at Thu May  1 12:53:42 1997
Khrell played Nothing Else Matters by Metallica
   at Thu May  1 13:01:25 1997
Wilson played Brass Monkey by The Beastie Boys
   at Thu May  1 13:36:41 1997
Wilson played Fight For Your Right (To Party) by The Beastie Boys
   at Thu May  1 13:39:20 1997
Wilson played Girls by The Beastie Boys
   at Thu May  1 13:40:27 1997
Wilson played No Sleep 'Til Brooklyn by The Beastie Boys
   at Thu May  1 13:42:10 1997
Wilson played Paul Revere by The Beastie Boys
   at Thu May  1 13:44:28 1997
Draven played Ty Cobb by Soundgarden
   at Thu May  1 19:33:09 1997
Stellaluna played With or Without You by U2
   at Fri May  2 10:22:33 1997
Aegisjr played Ty Cobb by Soundgarden
   at Fri May  2 19:06:39 1997
Anzha played There's More To Life Than This by Bjork
   at Fri May  2 23:17:11 1997
Cosmo played Junkhead by Alice in Chains
   at Mon May  5 11:44:35 1997
Aegisjr played Rain When I Die by Alice in Chains
   at Mon May  5 11:53:30 1997
Aegisjr played Would? by Alice in Chains
   at Mon May  5 11:55:29 1997
Aegisjr played Down In A Hole by Alice in Chains
   at Mon May  5 11:55:45 1997
Aegisjr played Would? by Alice in Chains
   at Mon May  5 22:52:47 1997
Pheret played Chair by Alice in Chains
   at Wed May  7 16:46:33 1997
Junior played Alive by Pearl Jam
   at Thu May  8 15:03:17 1997
Armadillo played Make It by Aerosmith
   at Thu May  8 20:36:57 1997
Armadillo played Dream On by Aerosmith
   at Fri May  9 22:38:35 1997
Jetfire played Stay Away by Nirvana
   at Mon May 12 19:53:35 1997
Lucia played 4 out of 5 by Soul Coughing
   at Tue May 13 21:52:05 1997
Lucia played Super Bon Bon by Soul Coughing
   at Tue May 13 21:53:14 1997
Lucia played Nothing Else Matters by Metallica
   at Tue May 13 21:55:02 1997
Ceinwen played I Still Haven't Found What I'm Looking For by U2
   at Sat May 17 19:04:50 1997
Ceinwen played With or Without You by U2
   at Sat May 17 19:07:39 1997
Anzha played Hurt by Nine Inch Nails
   at Sun May 18 14:07:33 1997
Anzha played There's More To Life Than This by Bjork
   at Sun May 18 14:17:15 1997
Fonz played Last Night I Dreamt That Somebody Loved Me by The Smiths
   at Mon May 19 10:17:02 1997
Myna played Where the Streets Have No Name by U2
   at Tue May 20 05:43:57 1997
Draven played Dream On by Aerosmith
   at Tue May 20 14:24:01 1997
Mikericci played Would? by Alice in Chains
   at Thu May 22 08:44:20 1997
Mikericci played Rooster by Alice in Chains
   at Thu May 22 08:45:47 1997
Mode played Tearz by Wu-Tang Clan
   at Tue May 27 22:58:38 1997
Griffin played Sickman by Alice in Chains
   at Wed May 28 21:54:19 1997
Griffin played The Impression That I Get by The Mighty, Mighty Bosstones
   at Wed May 28 21:55:11 1997
Griffin played The Impression That I Get by The Mighty, Mighty Bosstones
   at Wed May 28 21:56:11 1997
Griffin played Closer by Nine Inch Nails
   at Wed May 28 21:59:46 1997
Slacker played 1996 by Marilyn Manson
   at Sat May 31 08:34:38 1997
Cosmo played Blow Up The Outside World by Soundgarden
   at Mon Jun  2 14:25:45 1997
Ukyo played Stay Away by Nirvana
   at Mon Jun  2 22:16:08 1997
Quicksilver played Super Bon Bon by Soul Coughing
   at Tue Jun  3 20:02:40 1997
Aegis played Down In A Hole by Alice in Chains
   at Wed Jun  4 13:32:34 1997
Judas played The Walk by The Cure
   at Thu Jun  5 15:11:05 1997
Judas played today by The Smashing Pumpkins
   at Thu Jun  5 15:13:59 1997
Judas played Underwater Rhimes by Digital Underground
   at Thu Jun  5 15:16:15 1997
Cosmo played disarm by The Smashing Pumpkins
   at Fri Jun  6 15:18:25 1997
Cosmo played sweet sweet by The Smashing Pumpkins
   at Fri Jun  6 15:25:06 1997
Cosmo played disarm by The Smashing Pumpkins
   at Fri Jun  6 15:25:28 1997
Cosmo played Underwater Rhimes by Digital Underground
   at Fri Jun  6 15:29:40 1997
Gargor played In Bloom by Nirvana
   at Fri Jun  6 18:21:25 1997
Mystery played Closer by Nine Inch Nails
   at Fri Jun  6 18:22:39 1997
Gargor played Me And A Gun by Tori Amos 
   at Fri Jun  6 18:23:11 1997
Gargor played Me And A Gun by Tori Amos 
   at Fri Jun  6 18:24:17 1997
Dezel played Freaks of The Industry by Digital Underground
   at Sat Jun  7 06:34:50 1997
Dezel played Make It by Aerosmith
   at Sat Jun  7 06:38:46 1997
Wrathchild played cherub rock by The Smashing Pumpkins
   at Mon Jun  9 03:55:01 1997
Aegis played Down In A Hole by Alice in Chains
   at Tue Jun 10 13:40:28 1997
Cosmo played (2) Three Little Birds by Bob Marley
   at Fri Jun 13 12:07:52 1997
Shadowmane played Posse In Effect by The Beastie Boys
   at Sun Jun 15 17:38:11 1997
Kelsha played Friends In Low Places by Garth Brooks and his band
   at Tue Jun 17 14:51:56 1997
Wocket played disarm by The Smashing Pumpkins
   at Tue Jun 17 14:54:34 1997
Eaton played (2) Let's Face It by The Mighty, Mighty Bosstones
   at Wed Jun 18 09:26:21 1997
Eaton played (2) Nevermind Me by The Mighty, Mighty Bosstones
   at Wed Jun 18 09:29:35 1997
Cosmo played Southern Gürl by Better Than Ezra
   at Wed Jun 18 09:55:06 1997
Cosmo played (2) Cattle Call (with Eddy Arnold) by LeAnn Rimes
   at Thu Jun 19 10:37:28 1997
Ceinwen played With or Without You by U2
   at Thu Jun 19 12:02:41 1997
Maldoror played (2) I Started Something I Couldn't Finish by The Smiths
   at Wed Jun 25 15:58:09 1997
Monkeydevil played (2) Royal Oil by The Mighty, Mighty Bosstones
   at Thu Jun 26 02:16:56 1997
Monkeydevil played (2) Royal Oil by The Mighty, Mighty Bosstones
   at Thu Jun 26 02:17:40 1997
Monkeydevil played (2) The Impression That I Get by The Mighty, Mighty Bosstones
   at Thu Jun 26 02:18:16 1997
Maldoror played Hot Hot Hot!!! by The Cure
   at Thu Jun 26 22:56:40 1997
Cosmo played Death or Glory by The Clash
   at Fri Jun 27 13:05:25 1997
Lore played Paul Revere by The Beastie Boys
   at Sun Jun 29 15:02:01 1997
Lore played Paul Revere by The Beastie Boys
   at Sun Jun 29 15:07:29 1997
Duckpond played Human Behaviour by Bjork
   at Sun Jun 29 18:54:59 1997
Slim played Deep by Pearl Jam
   at Wed Jul  2 09:51:56 1997
Slim played In God's Country by U2
   at Wed Jul  2 09:54:34 1997
Slim played I Still Haven't Found What I'm Looking For by U2
   at Wed Jul  2 09:57:08 1997
Slim played Where the Streets Have No Name by U2
   at Wed Jul  2 09:58:26 1997
Slim played Where the Streets Have No Name by U2
   at Wed Jul  2 09:59:49 1997
Usagifoofoo played Brass Monkey by The Beastie Boys
   at Wed Jul  2 17:32:18 1997
Azure played sweet sweet by The Smashing Pumpkins
   at Thu Jul  3 09:34:45 1997
Heretic played Enter Sandman by Metallica
   at Thu Jul  3 15:31:02 1997
Ragnar played Cryptorchid by Marilyn Manson
   at Sun Jul  6 17:42:38 1997
Chaundre played Venus As A Boy by Bjork
   at Sun Jul  6 18:14:05 1997
Chaundre played The Thunder Rolls by Garth Brooks and his band
   at Sun Jul  6 18:20:51 1997
Griffin played today by The Smashing Pumpkins
   at Tue Jul  8 21:04:25 1997
Ranko played Humpty Dance by Digital Underground
   at Wed Jul 16 10:35:22 1997
Silence played Unanswered Prayers by Garth Brooks and his band
   at Wed Jul 16 17:03:12 1997
Wren played (2) The Impression That I Get by The Mighty, Mighty Bosstones
   at Wed Jul 16 18:16:54 1997
Aegis played (2) Redemption Song by Bob Marley
   at Mon Jul 21 00:54:56 1997
Guru played cherub rock by The Smashing Pumpkins
   at Fri Jul 25 15:53:03 1997
Natas played The Beautiful People by Marilyn Manson
   at Thu Aug  7 23:59:18 1997
Natas played Sad but true by Metallica
   at Fri Aug  8 00:06:35 1997
Hardly played Freaks of The Industry by Digital Underground
   at Mon Aug 11 10:15:36 1997
Hardly played Make It by Aerosmith
   at Mon Aug 11 10:23:18 1997
Fozzy played (2) Tearz by Wu-Tang Clan
   at Tue Aug 12 00:38:07 1997
Silence played Blow Up The Outside World by Soundgarden
   at Tue Aug 12 01:11:45 1997
Hardly played The Unforgiven by Metallica
   at Tue Aug 12 11:18:55 1997
Jack played The Reflecting God by Marilyn Manson
   at Sat Aug 16 18:48:29 1997
Jack played Cryptorchid by Marilyn Manson
   at Sat Aug 16 18:50:32 1997
Jack played Antichrist Superstar by Marilyn Manson
   at Sat Aug 16 18:51:41 1997
Merlin played Exit by U2
   at Tue Aug 19 15:41:41 1997
Elizabeta played With or Without You by U2
   at Thu Aug 21 00:24:28 1997
Jerric played (2) Good by Better Than Ezra
   at Fri Aug 22 03:59:25 1997
Adrianna played (2) The Downward Spiral by Nine Inch Nails
   at Fri Aug 22 04:01:49 1997
Adrianna played (2) Hurt by Nine Inch Nails
   at Fri Aug 22 04:03:30 1997
Keeley played today by The Smashing Pumpkins
   at Sat Aug 23 20:10:47 1997
Corleone played Blow Up The Outside World by Soundgarden
   at Tue Aug 26 10:55:52 1997
Corleone played disarm by The Smashing Pumpkins
   at Tue Aug 26 10:58:41 1997
Corleone played Fight For Your Right (To Party) by The Beastie Boys
   at Tue Aug 26 11:00:20 1997
Corleone played Irresponsible Hate Anthem by Marilyn Manson
   at Tue Aug 26 11:02:47 1997
Corleone played Enter Sandman by Metallica
   at Tue Aug 26 11:04:52 1997
Melynda played (2) Closer by Nine Inch Nails
   at Thu Aug 28 21:03:25 1997
Melynda played (2) Dirt by Alice in Chains
   at Thu Aug 28 21:05:53 1997
Corleone played (2) Big Man With A Gun by Nine Inch Nails
   at Fri Aug 29 16:43:44 1997
Eaton played (2) Blue by LeAnn Rimes
   at Fri Aug 29 16:46:43 1997
Reflex played Wherever I May Roam by Metallica
   at Fri Sep  5 19:09:57 1997
Sven played (2) Bring Da Ruckus by Wu-Tang Clan
   at Thu Sep 11 19:30:20 1997
Jorge played (2) The Impression That I Get by The Mighty, Mighty Bosstones
   at Sat Sep 13 10:09:52 1997
Thang played The Thunder Rolls by Garth Brooks and his band
   at Tue Sep 16 02:33:35 1997
Wilson played Fight For Your Right (To Party) by The Beastie Boys
   at Sat Sep 20 21:48:57 1997
Lore played Hold It Now - Hit It! by The Beastie Boys
   at Thu Oct  9 20:14:42 1997
Phenocryst played With or Without You by U2
   at Fri Oct 10 17:31:24 1997
Arizona played Alive by Pearl Jam
   at Sun Oct 12 08:51:56 1997
Arizona played Jeremy by Pearl Jam
   at Sun Oct 12 08:53:40 1997
Chainsaw played Nothing Else Matters by Metallica
   at Sun Oct 12 20:26:05 1997
Steven played Lullaby by The Cure
   at Fri Oct 17 12:53:25 1997
Wilson played Brass Monkey by The Beastie Boys
   at Sat Oct 18 13:10:24 1997
Wilson played Girls by The Beastie Boys
   at Thu Oct 23 00:48:10 1997
Trpsprngr played The Beautiful People by Marilyn Manson
   at Thu Oct 23 13:09:05 1997
Sado played Lullaby by The Cure
   at Sun Oct 26 16:14:57 1997
Sado played The Guns of Brixton by The Clash
   at Sun Oct 26 16:17:03 1997
Sado played With or Without You by U2
   at Sun Oct 26 16:17:52 1997
Sado played Pictures Of You by The Cure
   at Sun Oct 26 16:18:18 1997
Cosmo played (2) Fat Bottomed Girls by Queen
   at Thu Nov  6 13:57:49 1997
Breeze played Jeremy by Pearl Jam
   at Sun Nov  9 12:39:58 1997
Breeze played (2) Eraser by Nine Inch Nails
   at Sun Nov  9 19:29:49 1997
Cosmo played Black by Pearl Jam
   at Mon Nov 10 08:43:40 1997
Cosmo played Big Time Sensuality by Bjork
   at Tue Nov 11 15:57:30 1997
Algor played Of Wolf and Man by Metallica
   at Tue Nov 11 20:32:49 1997
Jac played quiet by The Smashing Pumpkins
   at Tue Nov 11 21:50:43 1997
Jac played Tourniquet by Marilyn Manson
   at Tue Nov 11 21:53:34 1997
Cosmo played Close To Me by The Cure
   at Wed Nov 12 09:59:46 1997
Korn played Man That You Fear by Marilyn Manson
   at Mon Nov 17 18:15:18 1997
Baloo played Super Bon Bon by Soul Coughing
   at Wed Nov 19 20:44:59 1997
Ackerly played Enter Sandman by Metallica
   at Thu Nov 20 20:32:40 1997
Ackerly played Man That You Fear by Marilyn Manson
   at Thu Nov 20 20:35:52 1997
Adina played Jeremy by Pearl Jam
   at Sun Nov 23 02:20:42 1997
Flamegirl played Pictures Of You by The Cure
   at Sun Nov 23 17:59:22 1997
Wren played (2) One Vision by Queen
   at Tue Nov 25 20:21:22 1997
Zyglyf played Where the Streets Have No Name by U2
   at Fri Nov 28 09:12:54 1997
Xuncon played The Packet Man by Digital Underground
   at Sat Nov 29 12:17:03 1997
Ackerly played Enter Sandman by Metallica
   at Sat Nov 29 22:34:16 1997
Ackerly played Enter Sandman by Metallica
   at Sat Nov 29 22:53:55 1997
Cosmo played (2) Get Over It by Guadalcanal Diary
   at Mon Dec  1 07:56:52 1997
Zyglyf played Where the Streets Have No Name by U2
   at Tue Dec  2 07:53:35 1997
Cosmo played (2) Frigid Winter Days by The Ocean Blue
   at Tue Dec  2 08:47:23 1997
Aenom played (2) The Impression That I Get by The Mighty, Mighty Bosstones
   at Wed Dec  3 16:00:54 1997
Delphinus played Black by Pearl Jam
   at Thu Dec  4 10:42:30 1997
Baloo played today by The Smashing Pumpkins
   at Thu Dec  4 19:34:45 1997
Iluzhen played disarm by The Smashing Pumpkins
   at Mon Dec  8 03:07:25 1997
Minus played (2) Closer by Nine Inch Nails
   at Thu Dec 11 18:36:49 1997
Zyglyf played Where the Streets Have No Name by U2
   at Mon Dec 15 11:22:55 1997
Zyglyf played Where the Streets Have No Name by U2
   at Wed Dec 17 10:04:32 1997
Zyglyf played I Still Haven't Found What I'm Looking For by U2
   at Wed Dec 17 10:06:20 1997
Zyglyf played Lullaby by The Cure
   at Thu Dec 18 09:20:30 1997
Breeze played Jeremy by Pearl Jam
   at Thu Dec 18 17:23:01 1997
Zyglyf played Where the Streets Have No Name by U2
   at Fri Dec 19 09:59:02 1997
Jed played (2) Big Man With A Gun by Nine Inch Nails
   at Fri Dec 19 16:09:52 1997
Jed played (2) I Do Not Want This by Nine Inch Nails
   at Fri Dec 19 16:21:34 1997
Lucidity played Tourniquet by Marilyn Manson
   at Sat Dec 20 20:38:30 1997
Donnie played Where the Streets Have No Name by U2
   at Sun Dec 21 23:43:28 1997
Donnie played Soft Serve by Soul Coughing
   at Mon Dec 22 10:52:01 1997
Sinner played (2) Closer by Nine Inch Nails
   at Thu Dec 25 16:18:55 1997
Amaranth played Enter Sandman by Metallica
   at Thu Dec 25 18:54:37 1997
Amaranth played The Beautiful People by Marilyn Manson
   at Thu Dec 25 18:57:12 1997
Amaranth played Jeremy by Pearl Jam
   at Thu Dec 25 19:02:03 1997
Amaranth played (2) In The Blood by Better Than Ezra
   at Thu Dec 25 19:13:31 1997
Amaranth played (2) Method Man by Wu-Tang Clan
   at Thu Dec 25 19:44:09 1997
Morphine played Lullaby by The Cure
   at Mon Dec 29 06:37:54 1997
Deathrunner played The Unforgiven by Metallica
   at Tue Dec 30 06:41:04 1997
Punkette played Human Behaviour by Bjork
   at Tue Dec 30 06:41:58 1997
Catalina played Why Go by Pearl Jam
   at Wed Dec 31 21:30:01 1997
Gecko played Paul Revere by The Beastie Boys
   at Mon Jan  5 02:17:43 1998
Shiverheart played Super Bon Bon by Soul Coughing
   at Tue Jan  6 03:20:45 1998
Zyglyf played Close To Me by The Cure
   at Fri Jan  9 16:57:15 1998
Zyglyf played Humpty Dance by Digital Underground
   at Fri Jan  9 16:59:03 1998
Zyglyf played I Still Haven't Found What I'm Looking For by U2
   at Mon Jan 12 10:20:35 1998
Baloo played (2) March of the Pigs by Nine Inch Nails
   at Sun Jan 18 22:22:52 1998
Baloo played (2) Closer by Nine Inch Nails
   at Sun Jan 18 22:24:52 1998
Sweetmisery played The Unforgiven by Metallica
   at Mon Jan 19 09:49:11 1998
Skimmer played Jeremy by Pearl Jam
   at Wed Jan 21 15:14:44 1998
Wilson played Brass Monkey by The Beastie Boys
   at Sat Jan 24 12:27:27 1998
Umbro played She's Crafty by The Beastie Boys
   at Sun Jan 25 06:23:12 1998
Jeffer played Where the Streets Have No Name by U2
   at Mon Jan 26 05:35:05 1998
Jeffer played Enter Sandman by Metallica
   at Mon Jan 26 05:35:30 1998
Wolski played Running To Stand Still by U2
   at Wed Jan 28 03:15:30 1998
Wolski played Brass Monkey by The Beastie Boys
   at Wed Jan 28 03:28:00 1998
Wolski played I Still Haven't Found What I'm Looking For by U2
   at Thu Jan 29 01:36:57 1998
Jerle played disarm by The Smashing Pumpkins
   at Mon Feb  2 08:05:05 1998
Tick played Super Bon Bon by Soul Coughing
   at Fri Feb  6 13:54:17 1998
Maskelyne played Cryptorchid by Marilyn Manson
   at Mon Feb  9 23:56:10 1998
Maskelyne played (2) Chair by Alice in Chains
   at Tue Feb 10 00:10:14 1998
Lilia played (2) Mr. Self Destruct by Nine Inch Nails
   at Tue Feb 10 16:41:58 1998
Budah played The Thunder Rolls by Garth Brooks and his band
   at Thu Feb 12 23:53:34 1998
Budah played Enter Sandman by Metallica
   at Thu Feb 12 23:57:21 1998
Calinor played Write Me A Letter by Aerosmith
   at Fri Feb 13 10:12:41 1998
Rathbone played Why Go by Pearl Jam
   at Fri Feb 13 17:59:35 1998
Rathbone played Black by Pearl Jam
   at Fri Feb 13 18:00:22 1998
Rathbone played Black by Pearl Jam
   at Fri Feb 13 18:01:17 1998
Fozzy played Humpty Dance by Digital Underground
   at Mon Feb 16 13:57:50 1998
Buff played Blow Up The Outside World by Soundgarden
   at Mon Feb 16 20:09:07 1998
Buff played Ty Cobb by Soundgarden
   at Mon Feb 16 20:15:47 1998
Phenocryst played Friends In Low Places by Garth Brooks and his band
   at Mon Feb 16 20:39:07 1998
Budah played Two Of A Kind, Workin' On A Full House by Garth Brooks and his band
   at Wed Feb 18 11:26:13 1998
Carmike played (2) The Becoming by Nine Inch Nails
   at Thu Feb 19 00:53:20 1998
Budah played The Unforgiven by Metallica
   at Fri Feb 20 10:44:38 1998
Hottentot played I Still Haven't Found What I'm Looking For by U2
   at Fri Feb 20 23:08:01 1998
Buff played Never Named by Soundgarden
   at Sun Feb 22 20:58:58 1998
Budah played Two Of A Kind, Workin' On A Full House by Garth Brooks and his band
   at Sun Feb 22 21:53:31 1998
Budah played I Still Haven't Found What I'm Looking For by U2
   at Sun Feb 22 21:59:29 1998
Budah played Enter Sandman by Metallica
   at Mon Feb 23 08:10:12 1998
Lsd played Nothing Else Matters by Metallica
   at Tue Feb 24 00:49:34 1998
Isis played The Packet Man by Digital Underground
   at Wed Feb 25 13:02:38 1998
Moda played The New Style by The Beastie Boys
   at Sun Mar  1 23:20:15 1998
Bannock played 1996 by Marilyn Manson
   at Mon Mar  2 02:02:46 1998
Bannock played Man That You Fear by Marilyn Manson
   at Mon Mar  2 02:03:36 1998
Bannock played Man That You Fear by Marilyn Manson
   at Mon Mar  2 02:04:23 1998
Spawn played Boot Camp by Soundgarden
   at Tue Mar  3 06:57:58 1998
Bannock played The Reflecting God by Marilyn Manson
   at Tue Mar  3 22:20:51 1998
Trent played (2) Smells Like Teen Spirit by Nirvana
   at Wed Mar  4 20:47:34 1998
Gortex played A Forest by The Cure
   at Wed Mar  4 22:57:04 1998
Woohaa played (2) C.R.E.A.M. by Wu-Tang Clan
   at Fri Mar  6 11:30:34 1998
Cloud played Antichrist Superstar by Marilyn Manson
   at Sun Mar  8 18:45:29 1998
Kezef played Of Wolf and Man by Metallica
   at Mon Mar  9 02:40:50 1998
Kezef played Paul Revere by The Beastie Boys
   at Mon Mar  9 02:46:04 1998
Woohaa played Jeremy by Pearl Jam
   at Mon Mar  9 11:32:26 1998
Baloo played Blow Up The Outside World by Soundgarden
   at Tue Mar 10 21:45:51 1998
Exedus played Brass Monkey by The Beastie Boys
   at Thu Mar 12 14:36:17 1998
Shadowice played (2) Closer by Nine Inch Nails
   at Fri Mar 13 22:53:22 1998
Cyanide played (2) Reptile by Nine Inch Nails
   at Wed Mar 18 00:08:45 1998
Stark played (2) Hurt by Nine Inch Nails
   at Fri Mar 20 19:26:46 1998
Gokujr played The Unforgiven by Metallica
   at Sun Mar 29 11:06:35 1998
Gokujr played Sad but true by Metallica
   at Sun Mar 29 11:10:50 1998
Gokujr played Of Wolf and Man by Metallica
   at Sun Mar 29 11:14:41 1998
Gokujr played Don't Tread On Me by Metallica
   at Sun Mar 29 11:16:23 1998
Gokujr played Pretty Noose by Soundgarden
   at Sun Mar 29 11:18:37 1998
Gokujr played Blow Up The Outside World by Soundgarden
   at Sun Mar 29 11:19:59 1998
Eros played Of Wolf and Man by Metallica
   at Sun Mar 29 20:49:49 1998
Warlock played Don't Tread On Me by Metallica
   at Tue Mar 31 23:39:03 1998
Warlock played My Friend of Misery by Metallica
   at Thu Apr  2 10:58:49 1998
Tinat played Fight For Your Right (To Party) by The Beastie Boys
   at Thu Apr  2 10:59:33 1998
Tinat played Fight For Your Right (To Party) by The Beastie Boys
   at Thu Apr  2 11:00:37 1998
Tinat played The Unforgiven by Metallica
   at Thu Apr  2 12:12:04 1998
Warlock played Bullet The Blue Sky by U2
   at Thu Apr  2 22:04:44 1998
Tinat played Sad but true by Metallica
   at Thu Apr  2 22:06:28 1998
Tinat played Enter Sandman by Metallica
   at Thu Apr  2 22:08:59 1998
Tinat played Holier than thou by Metallica
   at Thu Apr  2 22:10:38 1998
Subotai played (2) Hurt by Nine Inch Nails
   at Sat Apr 11 23:47:11 1998
Wakaluk played The Thunder Rolls by Garth Brooks and his band
   at Wed Apr 15 19:15:10 1998
Wakaluk played Lullaby by The Cure
   at Wed Apr 15 19:17:14 1998
Wakaluk played Fascination Street by The Cure
   at Wed Apr 15 19:18:53 1998
Yorick played The Reflecting God by Marilyn Manson
   at Thu Apr 16 11:35:19 1998
Tinat played The Unforgiven by Metallica
   at Fri Apr 17 19:05:33 1998
Melynda played Dream On by Aerosmith
   at Mon Apr 20 11:37:56 1998
Melynda played disarm by The Smashing Pumpkins
   at Mon Apr 20 11:39:34 1998
Vital played I'm Not Down by The Clash
   at Mon Apr 27 08:19:58 1998
Vital played London Calling by The Clash
   at Mon Apr 27 08:21:31 1998
Kendra played Unanswered Prayers by Garth Brooks and his band
   at Thu Apr 30 22:57:10 1998
Jake played Two Of A Kind, Workin' On A Full House by Garth Brooks and his band
   at Thu Apr 30 23:00:33 1998
Yorick played Paul Revere by The Beastie Boys
   at Sat May 16 11:28:48 1998
Yorick played Girls by The Beastie Boys
   at Sat May 16 11:32:01 1998
Mustaine played Aeroplane by Bjork
   at Sun May 17 17:53:28 1998
Tyc played Humpty Dance by Digital Underground
   at Sat May 23 14:44:02 1998
Wamphyri played The Beautiful People by Marilyn Manson
   at Thu May 28 23:42:41 1998
Yorick played Paul Revere by The Beastie Boys
   at Sat May 30 12:55:49 1998
Skan played Somebody by Aerosmith
   at Mon Jun  1 21:23:53 1998
Kika played Through the Never by Metallica
   at Fri Jun  5 06:21:27 1998
Beck played Where the Streets Have No Name by U2
   at Mon Jun  8 17:08:07 1998
Soundgarden played Blow Up The Outside World by Soundgarden
   at Thu Jun 11 21:58:05 1998
Soundgarden played Fight For Your Right (To Party) by The Beastie Boys
   at Thu Jun 11 22:00:01 1998
Soundgarden played Friends In Low Places by Garth Brooks and his band
   at Thu Jun 11 22:01:54 1998
Soundgarden played Ty Cobb by Soundgarden
   at Thu Jun 11 22:05:27 1998
Tkchuck played (2) Blue by LeAnn Rimes
   at Mon Jun 15 23:20:00 1998
Soundgarden played Burden In My Hand by Soundgarden
   at Wed Jun 17 21:19:47 1998
Remy played Friends In Low Places by Garth Brooks and his band
   at Sat Jun 20 22:55:44 1998
Cloud played The Beautiful People by Marilyn Manson
   at Mon Jun 22 09:13:59 1998
Mito played Dream On by Aerosmith
   at Mon Jun 22 23:32:14 1998
Mito played The Unforgiven by Metallica
   at Mon Jun 22 23:36:34 1998
Minus played Enter Sandman by Metallica
   at Tue Jul  7 15:42:43 1998
Noirceur played Where the Streets Have No Name by U2
   at Wed Jul  8 11:14:16 1998
Remy played Friends In Low Places by Garth Brooks and his band
   at Tue Jul 14 17:04:02 1998
Umbro played Brass Monkey by The Beastie Boys
   at Thu Jul 23 20:24:54 1998
Umbro played The New Style by The Beastie Boys
   at Thu Jul 23 20:28:03 1998
Nimrod played (2) Smells Like Teen Spirit by Nirvana
   at Sat Jul 25 14:53:05 1998
Cloud played Brass Monkey by The Beastie Boys
   at Wed Jul 29 09:35:27 1998
Cloud played Wormboy by Marilyn Manson
   at Wed Jul 29 09:36:57 1998
Cloud played Dream On by Aerosmith
   at Wed Jul 29 09:39:31 1998
Dupre played today by The Smashing Pumpkins
   at Sun Aug  2 17:06:07 1998
Emme played With or Without You by U2
   at Sun Aug  2 17:11:04 1998
Emme played London Calling by The Clash
   at Sun Aug  2 17:14:37 1998
Emme played Big Time Sensuality by Bjork
   at Sun Aug  2 17:29:15 1998
Emme played Hot Hot Hot!!! by The Cure
   at Sun Aug  2 17:34:09 1998
Corleone played (2) We Will Rock You by Queen
   at Sun Aug  9 08:53:12 1998
Corleone played (2) Smells Like Teen Spirit by Nirvana
   at Sun Aug  9 08:54:31 1998
Imperial played disarm by The Smashing Pumpkins
   at Thu Aug 13 15:22:46 1998
Scattered played Be Still My Beating Heart by Sting and his ensemble
   at Sat Aug 15 11:51:32 1998
Hellfire played Where the Streets Have No Name by U2
   at Mon Aug 17 13:16:24 1998
Hellfire played Alive by Pearl Jam
   at Mon Aug 17 13:19:07 1998
Delirious played Brass Monkey by The Beastie Boys
   at Tue Aug 18 23:07:05 1998
Delirious played I Still Haven't Found What I'm Looking For by U2
   at Tue Aug 18 23:17:28 1998
Third played The Lazarus Heart by Sting and his ensemble
   at Wed Aug 19 12:31:51 1998
Jatar played Unanswered Prayers by Garth Brooks and his band
   at Sat Aug 22 02:34:33 1998
Jatar played Friends In Low Places by Garth Brooks and his band
   at Sat Aug 22 02:37:58 1998
Jatar played Girls by The Beastie Boys
   at Sat Aug 22 02:39:52 1998
Cartman played Man That You Fear by Marilyn Manson
   at Sun Aug 23 13:48:56 1998
Bambua played (2) We Will Rock You by Queen
   at Sun Aug 23 21:10:20 1998
Roland played Humpty Dance by Digital Underground
   at Sun Aug 23 23:04:51 1998
Hal played Jeremy by Pearl Jam
   at Tue Aug 25 22:36:46 1998
Tessius played The Lazarus Heart by Sting and his ensemble
   at Thu Aug 27 08:39:01 1998
Tessius played Humpty Dance by Digital Underground
   at Thu Aug 27 08:55:09 1998
Tessius played Why Go by Pearl Jam
   at Thu Aug 27 08:58:16 1998
Tessius played Why Go by Pearl Jam
   at Thu Aug 27 08:58:46 1998
Natas played Don't Tread On Me by Metallica
   at Sun Aug 30 15:08:00 1998
Natas played Cryptorchid by Marilyn Manson
   at Sun Aug 30 15:14:02 1998
Tessius played We'll Be Together by Sting and his ensemble
   at Tue Sep  1 10:21:53 1998
Tessius played The Secret Marriage by Sting and his ensemble
   at Tue Sep  1 10:24:22 1998
Tessius played Girls by The Beastie Boys
   at Tue Sep  1 10:25:52 1998
Tessius played Time To Get Ill by The Beastie Boys
   at Tue Sep  1 10:27:32 1998
Zephyra played Nothing Else Matters by Metallica
   at Tue Sep  1 10:29:25 1998
Tessius played Humpty Dance by Digital Underground
   at Tue Sep  1 10:31:28 1998
Tessius played Be Still My Beating Heart by Sting and his ensemble
   at Tue Sep  1 10:37:42 1998
Tessius played The Lazarus Heart by Sting and his ensemble
   at Tue Sep  1 10:43:26 1998
Natas played Somebody by Aerosmith
   at Tue Sep  1 16:58:17 1998
Lotar played Where the Streets Have No Name by U2
   at Sun Sep  6 19:14:59 1998
Tessius played Fragile by Sting and his ensemble
   at Tue Sep  8 11:21:00 1998
Tessius played Girls by The Beastie Boys
   at Tue Sep  8 11:23:46 1998
Tessius played Rhymin' And Stealin' by The Beastie Boys
   at Tue Sep  8 11:25:09 1998
Tessius played No Sleep 'Til Brooklyn by The Beastie Boys
   at Tue Sep  8 11:27:30 1998
Syrinx played The Unforgiven by Metallica
   at Tue Sep  8 11:33:04 1998
Scorcho played soma by The Smashing Pumpkins
   at Tue Sep  8 11:35:37 1998
Cloud played The Packet Man by Digital Underground
   at Tue Sep  8 19:17:30 1998
Cloud played Mister Superstar by Marilyn Manson
   at Tue Sep  8 19:23:24 1998
Cloud played Girls by The Beastie Boys
   at Tue Sep  8 19:27:21 1998
Cloud played Enter Sandman by Metallica
   at Tue Sep  8 19:30:26 1998
Cloud played White Girl by Soul Coughing
   at Tue Sep  8 19:38:15 1998
Roses played Friends In Low Places by Garth Brooks and his band
   at Tue Sep  8 19:40:18 1998
Pulp played Hold It Now - Hit It! by The Beastie Boys
   at Sat Sep 12 02:09:13 1998
Perin played (2) Get Up, Stand Up by Bob Marley
   at Thu Sep 17 06:41:55 1998
Windmaster played (2) Endless Nameless by Nirvana
   at Thu Sep 17 19:23:04 1998
Kenny played Fight For Your Right (To Party) by The Beastie Boys
   at Thu Sep 17 20:22:14 1998
Krylon played Brass Monkey by The Beastie Boys
   at Fri Sep 18 08:56:06 1998
Krylon played Fight For Your Right (To Party) by The Beastie Boys
   at Fri Sep 18 08:56:23 1998
Khrell played (2) I Want It All by Queen
   at Tue Sep 29 10:24:26 1998
Babette played (2) Crucify by Tori Amos 
   at Thu Oct 15 03:55:33 1998
Lolo played The Reflecting God by Marilyn Manson
   at Thu Oct 15 22:41:26 1998
Budah played Enter Sandman by Metallica
   at Fri Oct 16 08:59:18 1998
Budah played Where the Streets Have No Name by U2
   at Fri Oct 16 09:01:48 1998
Budah played With or Without You by U2
   at Fri Oct 16 09:02:19 1998
Budah played With or Without You by U2
   at Fri Oct 16 09:03:19 1998
Tycho played No Sleep 'Til Brooklyn by The Beastie Boys
   at Sat Oct 31 13:41:52 1998
Budah played I Still Haven't Found What I'm Looking For by U2
   at Mon Nov  2 01:24:45 1998
Chrysallis played Nothing Else Matters by Metallica
   at Wed Nov  4 13:47:05 1998
Quint played The Beautiful People by Marilyn Manson
   at Sat Nov  7 10:13:18 1998
Cal played (2) Closer by Nine Inch Nails
   at Mon Nov  9 01:04:58 1998
Nandile played (2) Precious Things by Tori Amos 
   at Mon Nov  9 01:07:41 1998
Nandile played (2) Winter by Tori Amos 
   at Mon Nov  9 01:10:19 1998
Demando played Enter Sandman by Metallica
   at Tue Nov 10 01:06:56 1998
Nandile played (2) Last Night I Dreamt That Somebody Loved Me by The Smiths
   at Fri Nov 13 01:33:23 1998
Nandile played (2) Closer by Nine Inch Nails
   at Fri Nov 13 01:36:29 1998
Absinthe played Pictures Of You by The Cure
   at Sun Nov 15 21:14:26 1998
Purgatori played Man That You Fear by Marilyn Manson
   at Thu Nov 19 15:04:33 1998
Lolo played Paul Revere by The Beastie Boys
   at Fri Nov 20 23:28:31 1998
Budah played Unanswered Prayers by Garth Brooks and his band
   at Sun Nov 22 13:44:51 1998
Budah played (2) You Shook Me All Night Long by AC/DC
   at Sun Nov 22 13:49:00 1998
Tessius played We'll Be Together by Sting and his ensemble
   at Tue Nov 24 08:56:49 1998
Tessius played I Still Haven't Found What I'm Looking For by U2
   at Tue Nov 24 09:02:59 1998
Roland played Humpty Dance by Digital Underground
   at Sun Nov 29 20:34:20 1998
Scathe played Red Hill Mining Town by U2
   at Mon Dec 28 03:25:32 1998
Scathe played Where the Streets Have No Name by U2
   at Mon Dec 28 03:27:47 1998
Scathe played In God's Country by U2
   at Thu Dec 31 02:25:37 1998
Scathe played Where the Streets Have No Name by U2
   at Thu Dec 31 02:28:24 1998
Someone played Running To Stand Still by U2
   at Thu Dec 31 02:32:32 1998
Scathe played The Unforgiven by Metallica
   at Thu Dec 31 02:36:06 1998
Scathe played Through the Never by Metallica
   at Thu Dec 31 02:40:00 1998
Scathe played The Unforgiven by Metallica
   at Thu Dec 31 02:42:11 1998
Guy played Don't Tread On Me by Metallica
   at Sun Jan  3 16:01:07 1999
Guy played Nothing Else Matters by Metallica
   at Sun Jan  3 20:49:57 1999
Nedragdnuos played Never Named by Soundgarden
   at Wed Jan  6 01:00:06 1999
Nedragdnuos played Blow Up The Outside World by Soundgarden
   at Wed Jan  6 01:01:39 1999
Guy played Don't Tread On Me by Metallica
   at Wed Jan 13 09:17:18 1999
Cosmo played Blow Up The Outside World by Soundgarden
   at Wed Jan 13 13:53:39 1999
Lugh played Jeremy by Pearl Jam
   at Fri Jan 15 12:05:51 1999
Akumalore played Brass Monkey by The Beastie Boys
   at Sun Jan 17 11:07:24 1999
Akumalore played Fight For Your Right (To Party) by The Beastie Boys
   at Sun Jan 17 12:19:29 1999
Minus played The Beautiful People by Marilyn Manson
   at Thu Feb 25 19:31:46 1999
Mustaine played Nothing Else Matters by Metallica
   at Tue Mar  2 15:35:25 1999
Happy played (2) Smells Like Teen Spirit by Nirvana
   at Wed Mar  3 21:43:21 1999
Punkette played (2) Mr. Self Destruct by Nine Inch Nails
   at Sat Mar  6 21:24:50 1999
Soundgarden played Fight For Your Right (To Party) by The Beastie Boys
   at Thu Mar 18 10:40:21 1999
Lolo played Man That You Fear by Marilyn Manson
   at Sat Mar 20 02:46:30 1999
Siberia played (2) Closer by Nine Inch Nails
   at Fri Mar 26 21:56:22 1999
Afta played The Reflecting God by Marilyn Manson
   at Sat Mar 27 01:48:38 1999
Coren played Tourniquet by Marilyn Manson
   at Sun Mar 28 00:24:11 1999
Gokujr played Why Go by Pearl Jam
   at Fri Apr  2 17:04:28 1999
Kandy played Girls by The Beastie Boys
   at Fri Apr  2 19:34:11 1999
Berlinetta played Friends In Low Places by Garth Brooks and his band
   at Mon Apr  5 01:05:09 1999
Deathrunner played Angel With the Scabbed Wings by Marilyn Manson
   at Tue Apr  6 18:59:08 1999
Vadar played Irresponsible Hate Anthem by Marilyn Manson
   at Wed Apr  7 15:47:28 1999
Zephyra played Nothing Else Matters by Metallica
   at Fri Apr  9 16:33:57 1999
Bishop played (2) C.R.E.A.M. by Wu-Tang Clan
   at Mon Apr 12 02:42:50 1999
Pooh played Man That You Fear by Marilyn Manson
   at Sun Apr 18 13:54:19 1999
Soundgarden played Deep by Pearl Jam
   at Sun Apr 18 21:46:26 1999
Soundgarden played Ty Cobb by Soundgarden
   at Sat Apr 24 02:33:49 1999
Kandy played Paul Revere by The Beastie Boys
   at Sat Apr 24 02:35:27 1999
Soundgarden played Friends In Low Places by Garth Brooks and his band
   at Sat Apr 24 02:38:22 1999
Kandy played Man That You Fear by Marilyn Manson
   at Sat Apr 24 02:40:00 1999
Soundgarden played Jeremy by Pearl Jam
   at Sat Apr 24 02:41:53 1999
Kandy played We'll Be Together by Sting and his ensemble
   at Sat Apr 24 02:43:51 1999
Soundgarden played Two Of A Kind, Workin' On A Full House by Garth Brooks and his band
   at Sat Apr 24 02:45:38 1999
Kandy played sweet sweet by The Smashing Pumpkins
   at Sat Apr 24 02:48:01 1999
Kandy played silverfuck by The Smashing Pumpkins
   at Sat Apr 24 02:48:23 1999
Kandy played sweet sweet by The Smashing Pumpkins
   at Sat Apr 24 02:48:33 1999
Kandy played silverfuck by The Smashing Pumpkins
   at Sat Apr 24 02:49:03 1999
Soundgarden played Mama Kin by Aerosmith
   at Sat Apr 24 02:50:27 1999
Kandy played Soundtrack to Mary by Soul Coughing
   at Sat Apr 24 03:00:50 1999
Afta played (2) Closer by Nine Inch Nails
   at Sat May 22 02:57:43 1999
Vampira played Wherever I May Roam by Metallica
   at Tue May 25 18:32:04 1999
Vampira played The Beautiful People by Marilyn Manson
   at Tue May 25 18:35:07 1999
Tristian played Paul Revere by The Beastie Boys
   at Wed Jun  2 12:36:33 1999
Carl played cherub rock by The Smashing Pumpkins
   at Sat Jun  5 22:01:04 1999
Mark played quiet by The Smashing Pumpkins
   at Mon Jun  7 12:14:26 1999
Morwenna played cherub rock by The Smashing Pumpkins
   at Sat Jun 12 16:44:15 1999
Bacchus played I Still Haven't Found What I'm Looking For by U2
   at Sat Jun 19 20:23:03 1999
Whitedawn played quiet by The Smashing Pumpkins
   at Sun Jun 20 21:17:18 1999
Sephiroth played Fight For Your Right (To Party) by The Beastie Boys
   at Fri Jun 25 20:02:15 1999
Oceaneyes played The Idiot Kings by Soul Coughing
   at Mon Jun 28 01:59:43 1999
Stoker played (2) Smells Like Teen Spirit by Nirvana
   at Sun Jul  4 15:51:48 1999
Waste played Wormboy by Marilyn Manson
   at Wed Jul  7 08:05:37 1999
Waste played Antichrist Superstar by Marilyn Manson
   at Wed Jul  7 08:08:15 1999
Waste played Irresponsible Hate Anthem by Marilyn Manson
   at Wed Jul  7 08:12:00 1999
Waste played The Beautiful People by Marilyn Manson
   at Wed Jul  7 08:16:07 1999
Waste played 1996 by Marilyn Manson
   at Wed Jul  7 08:17:19 1999
Ordos played Freaks of The Industry by Digital Underground
   at Sat Jul 10 00:06:38 1999
Morwenna played There's More To Life Than This by Bjork
   at Sun Jul 11 14:24:00 1999
Cloud played Wormboy by Marilyn Manson
   at Wed Jul 14 15:22:20 1999
Pkme played In God's Country by U2
   at Thu Jul 15 03:05:51 1999
Wolfpac played Antichrist Superstar by Marilyn Manson
   at Sun Jul 18 11:54:44 1999
Geina played Close To Me by The Cure
   at Sat Jul 24 02:47:09 1999
Greymagus played Even Flow by Pearl Jam
   at Sat Jul 24 02:49:59 1999
Greymagus played Deep by Pearl Jam
   at Sat Jul 24 02:50:53 1999
Zeus played Dried Up, Tied and Dead to the World by Marilyn Manson
   at Sat Jul 24 08:27:06 1999
Zeus played Enter Sandman by Metallica
   at Sat Jul 24 08:28:50 1999
Leechwife played Lullaby by The Cure
   at Sun Aug  1 13:59:38 1999
Slacker played (2) Little Earthquakes by Tori Amos 
   at Mon Aug  2 21:43:16 1999
Debbie played Make It by Aerosmith
   at Wed Aug  4 16:14:40 1999
Third played Black by Pearl Jam
   at Wed Aug  4 16:40:08 1999
Ensco played (2) Smells Like Teen Spirit by Nirvana
   at Wed Aug  4 16:41:03 1999
Third played (2) 1000 Miles Away by The Hoodoo Gurus
   at Wed Aug  4 16:43:47 1999
Third played (2) Love Song by The Ocean Blue
   at Wed Aug  4 16:45:27 1999
Senoj played One Way Street by Aerosmith
   at Wed Aug 11 23:16:27 1999
Zero played The Reflecting God by Marilyn Manson
   at Fri Aug 27 18:30:27 1999
Tiffany played (2) Closer by Nine Inch Nails
   at Fri Sep  3 20:09:25 1999
Wolfpac played Be Still My Beating Heart by Sting and his ensemble
   at Sat Sep  4 20:12:16 1999
Wolfpac played The Beautiful People by Marilyn Manson
   at Sat Sep  4 20:12:43 1999
Merlinpd played Angel With the Scabbed Wings by Marilyn Manson
   at Wed Sep 22 01:37:05 1999
Zeus played quiet by The Smashing Pumpkins
   at Mon Oct 11 14:22:27 1999
Deathstrike played The Thunder Rolls by Garth Brooks and his band
   at Mon Oct 11 23:48:52 1999
Deathstrike played Unanswered Prayers by Garth Brooks and his band
   at Mon Oct 11 23:51:12 1999
Deathstrike played Human Behaviour by Bjork
   at Mon Oct 11 23:54:54 1999
Deathstrike played Walkin' The Dog by Aerosmith
   at Mon Oct 11 23:56:04 1999
Zeus played Human Behaviour by Bjork
   at Thu Oct 14 14:24:57 1999
Maledicta played The Beautiful People by Marilyn Manson
   at Thu Oct 14 22:40:48 1999
Maledicta played Wormboy by Marilyn Manson
   at Thu Oct 14 23:17:00 1999
Someone played The Beautiful People by Marilyn Manson
   at Mon Oct 18 15:59:36 1999
Zeus played The Unforgiven by Metallica
   at Mon Oct 18 16:11:51 1999
Someone played Wherever I May Roam by Metallica
   at Wed Oct 27 21:46:15 1999
Someone played The Unforgiven by Metallica
   at Sat Oct 30 17:20:12 1999
Someone played Where the Streets Have No Name by U2
   at Mon Nov  1 17:03:29 1999
Drkwngdck played The Reflecting God by Marilyn Manson
   at Sat Nov  6 22:11:39 1999
Drkwngdck played Tourniquet by Marilyn Manson
   at Sat Nov  6 22:14:05 1999
Drkwngdck played Angel With the Scabbed Wings by Marilyn Manson
   at Sat Nov  6 22:15:53 1999
Shadowcat played Sad but true by Metallica
   at Sat Nov  6 22:17:00 1999
Drkwngdck played The Unforgiven by Metallica
   at Sat Nov  6 22:20:16 1999
Drkwngdck played Defamography by Marilyn Manson
   at Sun Nov  7 20:30:18 1999
Drkwngdck played spaceboy by The Smashing Pumpkins
   at Sun Nov  7 20:33:06 1999
Kryptonite played Girls by The Beastie Boys
   at Fri Nov 19 18:14:28 1999
Kryptonite played Burden In My Hand by Soundgarden
   at Fri Nov 19 18:16:07 1999
Little played The Unforgiven by Metallica
   at Mon Nov 22 10:39:43 1999
Prophecy played Paul Revere by The Beastie Boys
   at Mon Dec  6 20:35:53 1999
Bacchus played The Thunder Rolls by Garth Brooks and his band
   at Fri Dec 17 16:30:13 1999
Eville played Blow Up The Outside World by Soundgarden
   at Sat Dec 18 00:27:12 1999
Scattered played Ty Cobb by Soundgarden
   at Sun Dec 19 23:06:07 1999
Ghost played Violently Happy by Bjork
   at Tue Dec 28 08:02:22 1999
Hugh played today by The Smashing Pumpkins
   at Sat Jan  1 14:04:42 2000
Hugh played The Unforgiven by Metallica
   at Sat Jan  1 14:06:29 2000
Kezana played 1996 by Marilyn Manson
   at Sat Jan  1 22:32:34 2000
Kezana played Crying by Bjork
   at Sat Jan  1 22:34:12 2000
Illarion played Be Still My Beating Heart by Sting and his ensemble
   at Mon Jan  3 14:03:26 2000
Purgatori played Of Wolf and Man by Metallica
   at Mon Jan  3 17:00:33 2000
Pndrgn played The Reflecting God by Marilyn Manson
   at Tue Jan  4 19:11:26 2000
Someone played Sad but true by Metallica
   at Wed Jan  5 00:51:01 2000
Someone played Holier than thou by Metallica
   at Wed Jan  5 00:53:29 2000
Shadrack played Release by Pearl Jam
   at Mon Jan 17 01:22:21 2000
Shadrack played Oceans by Pearl Jam
   at Mon Jan 17 21:43:59 2000
Shadrack played Black by Pearl Jam
   at Mon Jan 17 21:45:56 2000
Ooooo played Enter Sandman by Metallica
   at Tue Jan 18 19:51:53 2000
Ooooo played Sad but true by Metallica
   at Tue Jan 18 19:53:38 2000
Lacar played Friends In Low Places by Garth Brooks and his band
   at Sun Jan 23 13:09:30 2000
Dios played Enter Sandman by Metallica
   at Mon Jan 24 15:11:54 2000
Daranath played She's Crafty by The Beastie Boys
   at Thu Jan 27 00:32:06 2000
Daranath played Fight For Your Right (To Party) by The Beastie Boys
   at Thu Jan 27 00:33:15 2000
Tristram played disarm by The Smashing Pumpkins
   at Tue Feb  1 18:31:29 2000
Tristram played Enter Sandman by Metallica
   at Tue Feb  1 18:33:11 2000
Flinky played Dream On by Aerosmith
   at Wed Feb  2 01:55:50 2000
Babette played The Idiot Kings by Soul Coughing
   at Thu Feb  3 03:39:22 2000
Babette played Play Dead by Bjork
   at Thu Feb  3 03:40:36 2000
Reflex played I Still Haven't Found What I'm Looking For by U2
   at Fri Feb  4 02:37:19 2000
Phobeus played Freaks of The Industry by Digital Underground
   at Wed Feb 16 07:48:32 2000
Phobeus played London Calling by The Clash
   at Thu Feb 17 21:24:51 2000
Paige played One Way Street by Aerosmith
   at Fri Feb 25 09:26:08 2000
Merlinpd played Angel With the Scabbed Wings by Marilyn Manson
   at Fri Mar 10 02:01:50 2000
Cherish played Write Me A Letter by Aerosmith
   at Thu Mar 16 12:10:45 2000
Slipknot played (2) Bring Da Ruckus by Wu-Tang Clan
   at Wed Mar 22 19:58:11 2000
Neospawn played Once by Pearl Jam
   at Tue Mar 28 10:19:10 2000
Marian played Make It by Aerosmith
   at Fri Apr  7 00:23:22 2000
Neospawn played Alive by Pearl Jam
   at Sun Apr  9 10:18:42 2000
Wolfpac played Angel With the Scabbed Wings by Marilyn Manson
   at Thu Apr 13 08:01:55 2000
Wolfpac played The Beautiful People by Marilyn Manson
   at Thu Apr 13 08:02:55 2000
Wolfpac played Cryptorchid by Marilyn Manson
   at Thu Apr 13 08:04:21 2000
Wolfpac played Antichrist Superstar by Marilyn Manson
   at Thu Apr 13 08:05:21 2000
Raye played Human Behaviour by Bjork
   at Thu Apr 27 18:47:06 2000
Cosmo played We'll Be Together by Sting and his ensemble
   at Tue May  9 10:16:54 2000
Cosmo played We'll Be Together by Sting and his ensemble
   at Tue May  9 10:19:40 2000
Bismarck played The Unforgiven by Metallica
   at Sun Jun  4 07:44:15 2000
Rykus played Lovesong by The Cure
   at Fri Jun  9 20:51:47 2000
Executioner played The Beautiful People by Marilyn Manson
   at Tue Jun 13 15:01:47 2000
Executioner played The Beautiful People by Marilyn Manson
   at Tue Jun 13 15:03:39 2000
Puny played Alive by Pearl Jam
   at Thu Jun 15 02:33:09 2000
Shadeau played The Unforgiven by Metallica
   at Thu Jun 22 15:35:07 2000
Shadeau played Cryptorchid by Marilyn Manson
   at Thu Jun 22 15:38:29 2000
Shadeau played 1996 by Marilyn Manson
   at Thu Jun 22 15:39:25 2000
Rocky played The Unforgiven by Metallica
   at Sat Jun 24 16:30:54 2000
Tsuyoi played No Sleep 'Til Brooklyn by The Beastie Boys
   at Wed Jun 28 01:46:23 2000
Faizil played (2) Eraser by Nine Inch Nails
   at Mon Jul 10 09:39:24 2000
Kasia played Wherever I May Roam by Metallica
   at Fri Jul 14 11:46:44 2000
Soundgarden played The Unforgiven by Metallica
   at Fri Jul 14 11:49:21 2000
Kasia played The Thunder Rolls by Garth Brooks and his band
   at Fri Jul 14 11:51:15 2000
Soundgarden played Two Of A Kind, Workin' On A Full House by Garth Brooks and his band
   at Fri Jul 14 11:53:23 2000
Soundgarden played Two Of A Kind, Workin' On A Full House by Garth Brooks and his band
   at Fri Jul 14 11:54:01 2000
Hadies played The Unforgiven by Metallica
   at Fri Jul 21 01:31:10 2000
Moxy played Nothing Else Matters by Metallica
   at Sat Jul 22 19:26:21 2000
Brad played Enter Sandman by Metallica
   at Wed Jul 26 23:51:23 2000
Brad played Sad but true by Metallica
   at Fri Jul 28 11:25:04 2000
Verve played (2) Seven Seas Of Rhye by Queen
   at Sat Jul 29 12:54:00 2000
Brad played Holier than thou by Metallica
   at Tue Aug  1 23:41:55 2000
Cycom played Enter Sandman by Metallica
   at Mon Aug 14 14:49:14 2000
Shenji played Man That You Fear by Marilyn Manson
   at Mon Aug 14 14:52:06 2000
Shenji played Wormboy by Marilyn Manson
   at Mon Aug 14 16:59:30 2000
Kyllur played The Beautiful People by Marilyn Manson
   at Mon Aug 14 23:23:08 2000
Kyllur played Nothing Else Matters by Metallica
   at Mon Aug 14 23:24:57 2000
Raynor played Fight For Your Right (To Party) by The Beastie Boys
   at Wed Aug 16 01:06:18 2000
Raynor played Fight For Your Right (To Party) by The Beastie Boys
   at Wed Aug 16 15:27:13 2000
Ciara played With or Without You by U2
   at Sat Aug 26 21:27:25 2000
Matrix played (2) The Impression That I Get by The Mighty, Mighty Bosstones
   at Tue Sep 12 17:16:54 2000
Jack played Antichrist Superstar by Marilyn Manson
   at Tue Sep 12 17:23:28 2000
Gomorah played 1996 by Marilyn Manson
   at Wed Sep 13 13:21:27 2000
Guy played My Friend of Misery by Metallica
   at Sun Sep 17 23:08:57 2000
Shine played Pretty Noose by Soundgarden
   at Fri Sep 22 20:03:52 2000
Bwm played Through the Never by Metallica
   at Sun Oct  8 01:27:36 2000
Pebble played Once by Pearl Jam
   at Sat Oct 14 04:08:59 2000
Pebble played Even Flow by Pearl Jam
   at Sat Oct 14 04:10:15 2000
Cerberus played Tourniquet by Marilyn Manson
   at Sun Oct 15 23:11:52 2000
Brad played Enter Sandman by Metallica
   at Tue Oct 17 17:18:32 2000
Squeak played Even Flow by Pearl Jam
   at Tue Oct 17 17:24:12 2000
Vital played Koka Kola by The Clash
   at Wed Nov 15 00:48:08 2000
Vital played Where the Streets Have No Name by U2
   at Wed Nov 15 00:50:04 2000
Vixinya played Enter Sandman by Metallica
   at Mon Nov 20 10:39:22 2000
Vixinya played The Unforgiven by Metallica
   at Mon Nov 20 10:41:16 2000
Vixinya played Antichrist Superstar by Marilyn Manson
   at Mon Nov 20 10:44:30 2000
Whitedawn played In God's Country by U2
   at Thu Nov 23 19:57:07 2000
Pino played Death or Glory by The Clash
   at Mon Dec  4 02:57:53 2000
Pino played Fascination Street by The Cure
   at Mon Dec  4 02:59:33 2000
Pino played Pictures Of You by The Cure
   at Wed Dec  6 18:42:46 2000
Pino played Inbetween Days by The Cure
   at Wed Dec  6 18:44:20 2000
Pino played Lullaby by The Cure
   at Wed Dec  6 18:45:56 2000
Pino played Close To Me by The Cure
   at Wed Dec  6 18:46:52 2000
Krash played (2) Smells Like Teen Spirit by Nirvana
   at Wed Dec  6 23:10:48 2000
Pino played The Walk by The Cure
   at Thu Dec  7 16:18:33 2000
Pino played Rhymin' And Stealin' by The Beastie Boys
   at Thu Dec  7 16:25:19 2000
Pino played Pictures Of You by The Cure
   at Tue Dec 12 19:23:08 2000
Pino played Hot Hot Hot!!! by The Cure
   at Tue Dec 12 19:24:46 2000
Pino played Never Enough by The Cure
   at Tue Dec 12 19:26:26 2000
Pino played Inbetween Days by The Cure
   at Tue Dec 12 19:28:48 2000
Pino played Close To Me by The Cure
   at Tue Dec 12 19:32:46 2000
Ravennight played Enter Sandman by Metallica
   at Thu Dec 14 05:11:27 2000
Asuka played Nothing Else Matters by Metallica
   at Mon Dec 18 00:59:50 2000
Ravennight played Enter Sandman by Metallica
   at Mon Dec 18 07:38:02 2000
Ravennight played The Unforgiven by Metallica
   at Mon Dec 18 07:39:52 2000
Ravennight played Antichrist Superstar by Marilyn Manson
   at Mon Dec 18 07:42:32 2000
Ravennight played Antichrist Superstar by Marilyn Manson
   at Mon Dec 18 07:48:32 2000
Ravennight played Enter Sandman by Metallica
   at Mon Dec 18 07:49:46 2000
Shenji played Blow Up The Outside World by Soundgarden
   at Mon Dec 18 07:51:46 2000
Ravennight played Sleepless by Soul Coughing
   at Mon Dec 18 07:54:58 2000
Ravennight played Enter Sandman by Metallica
   at Mon Dec 18 07:55:34 2000
Ravennight played Englishman In New York by Sting and his ensemble
   at Mon Dec 18 07:57:00 2000
Wufei played Fight For Your Right (To Party) by The Beastie Boys
   at Sat Dec 23 13:05:18 2000
Wufei played The Unforgiven by Metallica
   at Sat Dec 23 13:06:40 2000
Ravennight played Enter Sandman by Metallica
   at Tue Dec 26 08:04:27 2000
Ravennight played Enter Sandman by Metallica
   at Tue Dec 26 08:08:04 2000
Fisherking played I Still Haven't Found What I'm Looking For by U2
   at Sun Dec 31 16:17:42 2000
Enuss played (2) Da Mystery of Chessboxin by Wu-Tang Clan
   at Tue Jan  2 06:54:04 2001
Enuss played Jeremy by Pearl Jam
   at Tue Jan  2 06:58:44 2001
Enuss played Close To Me by The Cure
   at Tue Jan  2 23:22:27 2001
Sid played Revolution Rock by The Clash
   at Fri Jan  5 13:57:10 2001
Danimal played today by The Smashing Pumpkins
   at Sun Jan  7 14:56:21 2001
Danimal played Fight For Your Right (To Party) by The Beastie Boys
   at Sun Jan  7 14:57:17 2001
Danimal played Fight For Your Right (To Party) by The Beastie Boys
   at Sun Jan  7 14:57:39 2001
Matrix played (2) The Impression That I Get by The Mighty, Mighty Bosstones
   at Mon Jan  8 14:51:46 2001
Blob played Through the Never by Metallica
   at Sat Jan 27 01:02:50 2001
Krokus played today by The Smashing Pumpkins
   at Sat Jan 27 06:49:20 2001
Naramatu played Big Time Sensuality by Bjork
   at Fri Feb  2 23:50:25 2001
Krokus played The Lazarus Heart by Sting and his ensemble
   at Thu Feb 15 14:40:56 2001
Smaug played Dusty by Soundgarden
   at Sun Feb 18 11:08:26 2001
Obsidian played Two Of A Kind, Workin' On A Full House by Garth Brooks and his band
   at Mon Feb 26 17:28:59 2001
Reflex played I Still Haven't Found What I'm Looking For by U2
   at Mon Feb 26 17:31:39 2001
Reflex played Englishman In New York by Sting and his ensemble
   at Mon Feb 26 17:34:21 2001
Ravennight played The Beautiful People by Marilyn Manson
   at Thu Mar  1 23:51:49 2001
Ravennight played Enter Sandman by Metallica
   at Thu Mar  1 23:54:41 2001
Arete played Once by Pearl Jam
   at Thu Mar  8 11:46:29 2001
Arete played Even Flow by Pearl Jam
   at Thu Mar  8 11:47:59 2001
Msdemeanor played With or Without You by U2
   at Sun Mar 18 07:32:22 2001
Azazel played Lovesong by The Cure
   at Sun Apr  8 10:51:49 2001
Azazel played (2) Crucify by Tori Amos 
   at Sun Apr  8 10:54:09 2001
Woohaa played (2) C.R.E.A.M. by Wu-Tang Clan
   at Thu Apr 19 11:55:29 2001
Sid played (2) Get Up, Stand Up by Bob Marley
   at Wed May  2 02:08:45 2001
Sid played (2) Hells Bells by AC/DC
   at Wed May  2 02:10:33 2001
Ravennight played Antichrist Superstar by Marilyn Manson
   at Mon May 21 12:03:04 2001
Ravennight played Enter Sandman by Metallica
   at Mon May 21 12:04:08 2001
Kyllur played today by The Smashing Pumpkins
   at Mon May 21 12:05:36 2001
Kyllur played Blow Up The Outside World by Soundgarden
   at Mon May 21 12:07:06 2001
Kyllur played Humpty Dance by Digital Underground
   at Mon May 21 12:08:42 2001
Ravennight played Fight For Your Right (To Party) by The Beastie Boys
   at Mon May 21 12:15:06 2001
Krystos played Alive by Pearl Jam
   at Sun Jun 17 14:31:41 2001
Novowels played Angel With the Scabbed Wings by Marilyn Manson
   at Thu Jun 28 01:25:13 2001
Mosaic played (2) Winter by Tori Amos 
   at Sun Jul  1 09:58:09 2001
Mosaic played (2) Closer by Nine Inch Nails
   at Sun Jul  1 09:58:49 2001
Peterdragin played Once by Pearl Jam
   at Fri Jul  6 17:40:54 2001
Peterdragin played Pretty Noose by Soundgarden
   at Fri Jul  6 17:45:26 2001
Peterdragin played Once by Pearl Jam
   at Fri Jul  6 17:47:38 2001
Peterdragin played Humpty Dance by Digital Underground
   at Fri Jul  6 18:00:22 2001
Alassander played London Calling by The Clash
   at Fri Jul  6 18:02:38 2001
Alassander played London Calling by The Clash
   at Fri Jul  6 18:03:06 2001
Modius played (2) Closer by Nine Inch Nails
   at Mon Jul 16 19:00:35 2001
Gleam played Nothing Else Matters by Metallica
   at Thu Aug  9 00:35:49 2001
Sid played Girls by The Beastie Boys
   at Sun Aug 12 16:12:06 2001
Korn played quiet by The Smashing Pumpkins
   at Wed Aug 15 17:21:19 2001
Sobeit played (2) Smells Like Teen Spirit by Nirvana
   at Wed Aug 22 13:19:17 2001
One played (2) Smells Like Teen Spirit by Nirvana
   at Sun Aug 26 08:17:55 2001
Mat played Super Bon Bon by Soul Coughing
   at Wed Aug 29 15:56:43 2001
Noelle played With or Without You by U2
   at Sun Sep 16 12:14:03 2001
Noelle played I Still Haven't Found What I'm Looking For by U2
   at Sun Sep 16 12:44:23 2001
Noelle played Even Flow by Pearl Jam
   at Sun Sep 16 12:47:39 2001
Ryoko played Enter Sandman by Metallica
   at Tue Sep 25 16:28:14 2001
Wicket played Never Enough by The Cure
   at Fri Oct 26 13:28:01 2001
Tristian played (2) Buffalo Soldier by Bob Marley
   at Tue Oct 30 16:13:46 2001
Ravennight played Enter Sandman by Metallica
   at Sat Dec  8 15:09:16 2001
Helpme played The Thunder Rolls by Garth Brooks and his band
   at Tue Dec 18 19:25:31 2001
Helpme played The Thunder Rolls by Garth Brooks and his band
   at Thu Dec 20 19:55:50 2001
Vodka played Wherever I May Roam by Metallica
   at Mon Dec 24 17:16:29 2001
Kyllur played Blow Up The Outside World by Soundgarden
   at Tue Dec 25 17:25:59 2001
Tiffany played (2) Closer by Nine Inch Nails
   at Thu Jan  3 03:10:18 2002
Tiffany played (2) Closer by Nine Inch Nails
   at Thu Jan  3 03:18:30 2002
Wabbit played (2) Winter by Tori Amos 
   at Sat Jan  5 00:29:00 2002
Cynthia played (2) March of the Pigs by Nine Inch Nails
   at Mon Jan 14 03:57:29 2002
Cynthia played (2) Closer by Nine Inch Nails
   at Mon Jan 14 03:58:37 2002
Silverblade played Brass Monkey by The Beastie Boys
   at Fri Jan 18 21:41:27 2002
Dasani played Antichrist Superstar by Marilyn Manson
   at Tue Feb 19 22:58:13 2002
Algid played Holier than thou by Metallica
   at Sat Mar 16 13:55:09 2002
Tarken played Red Hill Mining Town by U2
   at Sat Mar 23 15:59:32 2002
Tarken played Brass Monkey by The Beastie Boys
   at Sat Mar 23 16:00:10 2002
Dasani played With or Without You by U2
   at Mon Apr  8 18:08:37 2002
Kramm played (2) Redemption Song by Bob Marley
   at Mon Apr 15 21:37:47 2002
Curse played Unanswered Prayers by Garth Brooks and his band
   at Tue May  7 22:52:40 2002
Curse played Two Of A Kind, Workin' On A Full House by Garth Brooks and his band
   at Tue May  7 22:58:28 2002
Kyllur played The Beautiful People by Marilyn Manson
   at Wed May  8 16:51:22 2002
Fleas played Brass Monkey by The Beastie Boys
   at Sat May 11 18:47:13 2002
Toenail played Enter Sandman by Metallica
   at Wed May 29 04:28:44 2002
Toenail played Sad but true by Metallica
   at Wed May 29 04:29:36 2002
Toenail played Sad but true by Metallica
   at Wed May 29 04:30:54 2002
Teepo played Angel With the Scabbed Wings by Marilyn Manson
   at Mon Jun 10 03:36:55 2002
Ceres played With or Without You by U2
   at Mon Jun 10 03:42:12 2002
Ceres played Where the Streets Have No Name by U2
   at Mon Jun 10 03:44:16 2002
Toenail played Brass Monkey by The Beastie Boys
   at Thu Jun 13 23:09:00 2002
Potter played Friends In Low Places by Garth Brooks and his band
   at Mon Jun 24 20:46:01 2002
Blade played Antichrist Superstar by Marilyn Manson
   at Wed Jun 26 14:04:01 2002
Blade played The Beautiful People by Marilyn Manson
   at Wed Jun 26 14:05:21 2002
Blade played The Unforgiven by Metallica
   at Wed Jun 26 14:06:55 2002
Penguin played Even Flow by Pearl Jam
   at Thu Jun 27 12:17:26 2002
Slacker played One Day by Bjork
   at Thu Jul  4 11:36:01 2002
Ravennight played Enter Sandman by Metallica
   at Tue Jul 23 17:57:32 2002
Cosmo played Enter Sandman by Metallica
   at Thu Sep  5 22:25:08 2002
Harbringer played Jeremy by Pearl Jam
   at Wed Oct  9 04:11:15 2002
Harbringer played Brass Monkey by The Beastie Boys
   at Wed Oct  9 04:27:22 2002
Harbringer played Dream On by Aerosmith
   at Wed Oct  9 04:30:10 2002
Sylvan played Once by Pearl Jam
   at Wed Oct 23 22:05:43 2002
Achanare played Brass Monkey by The Beastie Boys
   at Wed Nov  6 14:14:25 2002
Achanare played Paul Revere by The Beastie Boys
   at Wed Nov  6 14:21:32 2002
Punkette played Fight For Your Right (To Party) by The Beastie Boys
   at Sat Nov 23 22:29:43 2002
Blkbear played The Thunder Rolls by Garth Brooks and his band
   at Sat Nov 23 22:31:05 2002
Punkette played The Unforgiven by Metallica
   at Sat Nov 23 22:31:41 2002
Lonewolf played No Sleep 'Til Brooklyn by The Beastie Boys
   at Thu Jan 16 16:45:12 2003
Darkfyre played The Thunder Rolls by Garth Brooks and his band
   at Mon Jan 27 20:06:58 2003
Darkfyre played Friends In Low Places by Garth Brooks and his band
   at Mon Jan 27 20:09:03 2003
Darkfyre played Dream On by Aerosmith
   at Mon Jan 27 20:11:11 2003
Darkfyre played Enter Sandman by Metallica
   at Mon Jan 27 20:12:53 2003
Rademenes played With or Without You by U2
   at Fri Mar 28 02:28:18 2003
Riddick played (2) March of the Pigs by Nine Inch Nails
   at Sun Mar 30 23:03:02 2003
Moadeep played Enter Sandman by Metallica
   at Thu May 22 14:22:47 2003
Firesword played Friends In Low Places by Garth Brooks and his band
   at Thu May 22 14:27:21 2003
Firesword played The Thunder Rolls by Garth Brooks and his band
   at Thu May 22 14:28:25 2003
Firesword played The Thunder Rolls by Garth Brooks and his band
   at Thu May 22 14:28:45 2003
Sexkitten played (2) Stop Me If You Think You've Heard This One Before by The Smiths
   at Fri Jun  6 13:32:55 2003
Sexkitten played (2) Last Night I Dreamt That Somebody Loved Me by The Smiths
   at Sun Jun  8 22:57:50 2003
Gamefreak played Enter Sandman by Metallica
   at Tue Jul  1 18:49:36 2003
Gamefreak played Nothing Else Matters by Metallica
   at Tue Jul  1 18:54:42 2003
Gamefreak played Sad but true by Metallica
   at Mon Jul  7 12:57:27 2003
Gamefreak played The Unforgiven by Metallica
   at Mon Jul  7 13:00:18 2003
Gamefreak played Nothing Else Matters by Metallica
   at Mon Jul  7 13:03:02 2003
Aneides played One Tree Hill by U2
   at Tue Aug 19 03:29:59 2003
Someone played silverfuck by The Smashing Pumpkins
   at Sat Aug 30 18:11:34 2003
Slay played Irresponsible Hate Anthem by Marilyn Manson
   at Sun Aug 31 02:34:06 2003
Slay played Irresponsible Hate Anthem by Marilyn Manson
   at Sun Aug 31 03:33:10 2003
Alex played The Beautiful People by Marilyn Manson
   at Mon Sep  1 10:35:32 2003
Sick played Irresponsible Hate Anthem by Marilyn Manson
   at Tue Sep  2 04:49:23 2003
Sick played Irresponsible Hate Anthem by Marilyn Manson
   at Tue Sep  2 16:03:53 2003
Demonic played Antichrist Superstar by Marilyn Manson
   at Thu Sep 18 10:26:31 2003
Demonic played Enter Sandman by Metallica
   at Thu Sep 18 10:27:52 2003
Gamefreak played Enter Sandman by Metallica
   at Thu Sep 18 12:09:12 2003
Sin played The Beautiful People by Marilyn Manson
   at Fri Sep 26 14:11:34 2003
Ryltar played Paul Revere by The Beastie Boys
   at Sat Oct 11 23:02:52 2003
Imp played Irresponsible Hate Anthem by Marilyn Manson
   at Sat Oct 11 23:37:00 2003
Slay played Irresponsible Hate Anthem by Marilyn Manson
   at Tue Oct 14 03:44:34 2003
Slay played Irresponsible Hate Anthem by Marilyn Manson
   at Tue Oct 14 05:52:18 2003
Slay played Irresponsible Hate Anthem by Marilyn Manson
   at Tue Oct 14 07:03:29 2003
Slay played Irresponsible Hate Anthem by Marilyn Manson
   at Tue Oct 14 22:58:07 2003
Slay played Irresponsible Hate Anthem by Marilyn Manson
   at Wed Oct 15 01:02:03 2003
Slay played Irresponsible Hate Anthem by Marilyn Manson
   at Fri Oct 17 02:13:57 2003
Lexi played Nothing Else Matters by Metallica
   at Sat Oct 18 23:42:03 2003
Ryltar played I Still Haven't Found What I'm Looking For by U2
   at Sat Oct 18 23:48:39 2003
Ryltar played Englishman In New York by Sting and his ensemble
   at Sat Oct 18 23:53:27 2003
Ryltar played Fragile by Sting and his ensemble
   at Sat Oct 18 23:57:43 2003
Ryltar played Dream On by Aerosmith
   at Sun Oct 19 00:02:08 2003
Ryltar played Where the Streets Have No Name by U2
   at Sun Oct 19 00:09:38 2003
Ryltar played With or Without You by U2
   at Sun Oct 19 00:14:41 2003
Ryltar played Be Still My Beating Heart by Sting and his ensemble
   at Sun Oct 19 00:30:45 2003
Slay played Irresponsible Hate Anthem by Marilyn Manson
   at Mon Oct 20 15:05:07 2003
Slay played Irresponsible Hate Anthem by Marilyn Manson
   at Fri Oct 24 04:48:10 2003
Sin played The Beautiful People by Marilyn Manson
   at Mon Nov  3 13:05:43 2003
Sparrowhawk played The Anchor Song by Bjork
   at Tue Nov 18 10:43:44 2003
Sparrowhawk played Venus As A Boy by Bjork
   at Tue Nov 18 10:44:24 2003
Dazzler played 1996 by Marilyn Manson
   at Sun Nov 23 02:27:55 2003
Aphix played Nothing Else Matters by Metallica
   at Tue Nov 25 13:54:45 2003
Howdy played (2) Hells Bells by AC/DC
   at Wed Dec 10 12:37:29 2003
Howdy played (2) Back in Black by AC/DC
   at Wed Dec 10 12:39:13 2003
Howdy played (2) You Shook Me All Night Long by AC/DC
   at Wed Dec 10 12:41:11 2003
Howdy played (2) You Shook Me All Night Long by AC/DC
   at Wed Dec 10 12:41:19 2003
Inuyasha played Irresponsible Hate Anthem by Marilyn Manson
   at Sat Dec 27 02:29:07 2003
Slay played Irresponsible Hate Anthem by Marilyn Manson
   at Sun Feb  1 06:15:40 2004
Hermione played Brass Monkey by The Beastie Boys
   at Fri Feb  6 02:21:28 2004
Mrmojorisin played Once by Pearl Jam
   at Mon Feb  9 22:42:46 2004
Mrmojorisin played Even Flow by Pearl Jam
   at Mon Feb  9 22:47:21 2004
Talen played One Tree Hill by U2
   at Sat Apr 24 12:12:55 2004
Budah played Pictures Of You by The Cure
   at Sun Apr 25 15:19:19 2004
Redhawk played Fight For Your Right (To Party) by The Beastie Boys
   at Sat Sep 18 17:13:28 2004
Foam played With or Without You by U2
   at Sat Nov 13 14:39:30 2004
Redhawk played Brass Monkey by The Beastie Boys
   at Sat Nov 13 22:37:41 2004
Lfesavr played The Unforgiven by Metallica
   at Mon Jan 17 15:19:35 2005
Casper played White Girl by Soul Coughing
   at Sat Jan 22 13:39:54 2005
Casper played Alive by Pearl Jam
   at Sat Jan 22 13:40:22 2005
Kelgar played (2) Blue by LeAnn Rimes
   at Mon Feb 28 12:42:40 2005
Mantis played Unanswered Prayers by Garth Brooks and his band
   at Sun Mar 27 11:43:41 2005
Jatar played With or Without You by U2
   at Wed Apr 13 01:12:54 2005
Jubajr played Jeremy by Pearl Jam
   at Sun May 15 19:02:51 2005
Slay played Irresponsible Hate Anthem by Marilyn Manson
   at Mon May 30 21:02:10 2005
Slay played Irresponsible Hate Anthem by Marilyn Manson
   at Mon May 30 21:03:05 2005
Pill played Fight For Your Right (To Party) by The Beastie Boys
   at Fri Jun  3 14:21:30 2005
Screamager played The Guns of Brixton by The Clash
   at Mon Jun 13 18:14:23 2005
Cosmo played Black by Pearl Jam
   at Thu Sep  1 22:04:16 2005
Fil played Train in Vain by The Clash
   at Thu Sep  1 22:10:51 2005
Lastat played The Beautiful People by Marilyn Manson
   at Fri Sep  2 17:31:34 2005
Fil played London Calling by The Clash
   at Wed Sep  7 06:46:57 2005
Raziel played Nothing Else Matters by Metallica
   at Fri Oct 14 10:05:26 2005
Lok played Enter Sandman by Metallica
   at Mon Jan 16 17:20:12 2006
Crip played Girls by The Beastie Boys
   at Mon Feb 27 21:22:45 2006
Fleshhunter played Girls by The Beastie Boys
   at Wed Mar  1 19:27:08 2006
Fred played (2) Hells Bells by AC/DC
   at Thu Mar  2 11:09:20 2006
X played (2) Come As You Are by Nirvana
   at Thu Mar  2 11:09:20 2006
Fred played (2) Hells Bells by AC/DC
   at Thu Mar  2 11:10:02 2006
X played (2) Shame on a Nigga by Wu-Tang Clan
   at Thu Mar  2 11:11:18 2006
X played (2) Shame on a Nigga by Wu-Tang Clan
   at Thu Mar  2 11:11:24 2006
X played The God That Failed by Metallica
   at Thu Mar  2 11:14:16 2006
Fred played Brass Monkey by The Beastie Boys
   at Thu Mar  2 11:16:22 2006
X played disarm by The Smashing Pumpkins
   at Thu Mar  2 11:18:44 2006
Fred played Humpty Dance by Digital Underground
   at Thu Mar  2 11:20:20 2006
X played Tourniquet by Marilyn Manson
   at Thu Mar  2 11:23:53 2006
X played Even Flow by Pearl Jam
   at Thu Mar  2 11:25:17 2006
X played (2) Chair by Alice in Chains
   at Thu Mar  2 11:26:17 2006
Fred played (2) We Will Rock You by Queen
   at Thu Mar  2 11:27:43 2006
Shakara played (2) Closer by Nine Inch Nails
   at Thu Mar  2 11:29:32 2006
X played (2) Bring Da Ruckus by Wu-Tang Clan
   at Thu Mar  2 11:32:11 2006
Khrell played (2) I Want It All by Queen
   at Thu Mar  2 11:35:01 2006
Fred played (2) I Shot The Sheriff by Bob Marley
   at Thu Mar  2 11:36:23 2006
Khrell played (2) Closer by Nine Inch Nails
   at Thu Mar  2 12:05:20 2006
Shakara played (2) Closer by Nine Inch Nails
   at Sat Mar  4 12:58:09 2006
Notta played silverfuck by The Smashing Pumpkins
   at Sun Mar 12 16:10:02 2006
Vertebraker played Brass Monkey by The Beastie Boys
   at Tue Mar 14 20:50:56 2006
Vertebraker played Brass Monkey by The Beastie Boys
   at Tue Mar 14 20:51:24 2006
Vertebraker played Brass Monkey by The Beastie Boys
   at Tue Mar 14 20:51:28 2006
Vertebraker played Fight For Your Right (To Party) by The Beastie Boys
   at Thu Mar 16 04:58:33 2006
Crip played Girls by The Beastie Boys
   at Fri Mar 17 14:54:57 2006
Crip played Brass Monkey by The Beastie Boys
   at Fri Mar 17 14:58:43 2006
Yoshimitsu played Girls by The Beastie Boys
   at Fri Mar 17 17:12:11 2006
Vertebraker played Brass Monkey by The Beastie Boys
   at Sun Mar 19 01:03:08 2006
Vertebraker played The Reflecting God by Marilyn Manson
   at Sun Mar 19 01:05:20 2006
Riddick played Holier than thou by Metallica
   at Mon Apr  3 00:45:20 2006
Bahamut played Enter Sandman by Metallica
   at Sun Oct 22 18:12:03 2006
Bahamut played Brass Monkey by The Beastie Boys
   at Sun Oct 22 19:07:14 2006
Bahamut played The Beautiful People by Marilyn Manson
   at Sun Oct 22 20:55:35 2006
Bahamut played Jeremy by Pearl Jam
   at Sun Oct 22 20:59:37 2006
Bahamut played Dream On by Aerosmith
   at Mon Oct 23 00:07:53 2006
Bahamut played Brass Monkey by The Beastie Boys
   at Mon Oct 23 00:08:25 2006
Bahamut played Brass Monkey by The Beastie Boys
   at Mon Oct 23 00:09:01 2006
Bahamut played Brass Monkey by The Beastie Boys
   at Tue Oct 24 22:04:10 2006
Fred played Humpty Dance by Digital Underground
   at Wed Oct 25 14:27:01 2006
Knytemayre played (2) Hells Bells by AC/DC
   at Sun Feb 18 01:00:56 2007
Gamefreak played Nothing Else Matters by Metallica
   at Sat Mar 24 11:20:42 2007
Dara played Lovesong by The Cure
   at Sat Mar 31 19:21:57 2007
Lateef played The Reflecting God by Marilyn Manson
   at Thu May 24 21:27:41 2007
Krokus played With or Without You by U2
   at Sat May 26 01:28:50 2007
Someone played Brass Monkey by The Beastie Boys
   at Fri Jun 08 02:22:22 2007
Shadowcat played (2) We Will Rock You by The Ocean Blue
   at Sat Dec  8 00:22:14 2007
Jenga played Humpty Dance by Digital Underground
   at Fri Jan 11 21:48:45 2008
Beaker played Hold It Now - Hit It! by The Beastie Boys
   at Mon Apr  7 12:15:03 2008
Mosh played The Beautiful People by Marilyn Manson
   at Sat May 10 02:03:54 2008
Mosh played Angel With the Scabbed Wings by Marilyn Manson
   at Sat May 10 02:05:02 2008
Riley played (2) Chair by Bob Marley
   at Wed Jun  4 18:39:47 2008
Xhex played Holier than thou by Metallica
   at Fri Oct 31 12:03:41 2008
Xhex played Hot Hot Hot!!! by The Cure
   at Fri Oct 31 12:06:53 2008
Zeus played The Minute of Decay by Marilyn Manson
   at Sun Feb 22 14:25:32 2009
Shinshi played Brass Monkey by The Beastie Boys
   at Thu Apr 16 11:20:28 2009
Stardrifter played Nothing Else Matters by Metallica
   at Thu Jul 23 12:20:35 2009
Stardrifter played Wormboy by Marilyn Manson
   at Thu Jul 23 12:23:33 2009
Delorean played Brass Monkey by The Beastie Boys
   at Thu Jul 23 23:55:20 2009
Delorean played The Thunder Rolls by Garth Brooks and his band
   at Thu Jul 23 23:57:22 2009
Delorean played New Way To Fly by Garth Brooks and his band
   at Thu Jul 23 23:59:04 2009
Delorean played Two Of A Kind, Workin' On A Full House by Garth Brooks and his band
   at Thu Jul 23 23:59:48 2009
Delorean played Victim Of The Game by Garth Brooks and his band
   at Fri Jul 24 00:00:02 2009
Delorean played Two Of A Kind, Workin' On A Full House by Garth Brooks and his band
   at Fri Jul 24 00:00:20 2009
Delorean played Victim Of The Game by Garth Brooks and his band
   at Fri Jul 24 00:00:30 2009
Whitehawk played Friends In Low Places by Garth Brooks and his band
   at Wed Aug 12 08:09:51 2009
Worm played The Thunder Rolls by Garth Brooks and his band
   at Fri Aug 28 14:06:54 2009
Lok played Dream On by Aerosmith
   at Fri Sep 25 19:14:16 2009
Fireman played Friends In Low Places by Garth Brooks and his band
   at Tue Jun  8 17:03:08 2010
Msagro played Garden by Pearl Jam
   at Wed Aug 18 10:42:20 2010
Bob played Sad but true by Metallica
   at Fri Jan 21 21:24:08 2011
Bob played Friends In Low Places by Garth Brooks and his band
   at Tue Jan 25 11:36:55 2011
Thanos played (2) Shame on a Nigga by The Mighty, Mighty Bosstones
   at Fri Aug 12 12:01:03 2011
Thanos played (2) Cry in the Sun by LeAnn Rimes
   at Fri Aug 12 12:04:07 2011
Thanos played Paul Revere by The Beastie Boys
   at Fri Aug 12 12:04:31 2011
Jeanyus played Super Bon Bon by Soul Coughing
   at Mon Aug 15 13:52:01 2011
Morrigan played The Beautiful People by Marilyn Manson
   at Wed Mar 13 05:53:50 2013
Morrigan played Brass Monkey by The Beastie Boys
   at Wed Mar 13 05:59:24 2013
Cian played (2) Them Bones by Bob Marley
   at Thu Feb  6 22:35:34 2014
Cian played (2) Crucify by Nine Inch Nails
   at Thu Feb  6 22:36:42 2014
Rumplemintz played Dream On by Aerosmith
   at Mon Jul 28 16:54:51 2014
Rumplemintz played Garden by Pearl Jam
   at Mon Jul 28 16:56:13 2014
Rumplemintz played Oceans by Pearl Jam
   at Mon Jul 28 17:07:22 2014
Shaggy played Tourniquet by Marilyn Manson
   at Wed Aug 13 11:16:49 2014
Shaggy played Man That You Fear by Marilyn Manson
   at Wed Aug 13 11:17:54 2014
Wilderness played Dream On by Aerosmith
   at Sun Aug 31 08:46:23 2014
Anesidora played The Beautiful People by Marilyn Manson
   at Wed Jul  8 22:27:04 2015
Anesidora played Brass Monkey by The Beastie Boys
   at Wed Jul  8 22:28:14 2015
Gizmo played Antichrist Superstar by Marilyn Manson
   at Fri Nov 11 14:40:49 2016
