Ladydiamond requested led zepplin stairway to heaven at Thu Mar  6 13:15:11 1997
Blackstar requested Fugees-The Score at Thu Mar 13 00:35:04 1997
Aegis requested Cypress Hill - Black Sunday at Sat Mar 15 12:39:16 1997
Warlock requested Chronicles at Sun Mar 16 00:17:30 1997
Griffin requested Cheap Trick -- Live at Budakhan at Tue Mar 18 20:58:58 1997
Griffin requested Cheap Trick -- The Greatest Hits at Tue Mar 18 20:59:56 1997
Griffin requested 311 -- 311 at Tue Mar 18 21:05:51 1997
Blackstar requested OutKast-ATLiens at Tue Mar 25 18:14:13 1997
Blackstar requested A Tribe Called Quest--Beats, Rhymes, and Life at Tue Mar 25 18:15:02 1997
Leung requested Sarah McCahlan -- Fumbling Into Estacy at Mon Apr  7 03:41:13 1997
Leung requested MTV's 10,000 Maniacs unplugged at Mon Apr  7 03:43:18 1997
Reznor requested korn life is peachy at Thu Apr 10 17:48:38 1997
Fozzy requested orbit at Fri Apr 11 23:03:03 1997
Usagi requested Rage against the machine (the first album [not evil empire]) at Sun Apr 20 17:28:19 1997
Cosmo requested talking heads at Thu May  8 12:36:59 1997
Cosmo requested prince at Thu May  8 12:37:19 1997
Griffin requested Blur -- Blur at Wed May 28 21:18:38 1997
Griffin requested Bush -- Sixteen Stone at Wed May 28 22:00:33 1997
Griffin requested Bush -- Razorblade Suitcase at Wed May 28 22:03:31 1997
Fozzy requested Bone Thugs and Harmony (The Art Of War) at Tue Aug 12 00:34:53 1997
Jac requested skinny puppy the process at Tue Nov 11 21:55:13 1997
Jac requested tool aenima at Tue Nov 11 21:56:37 1997
Deedlit requested PinkFloyd The Wall at Sat Nov 29 00:12:49 1997
Ackerly requested Prodigy at Tue Dec  9 08:11:15 1997
Ackerly requested offspring at Tue Dec  9 20:01:54 1997
Ackerly requested blink182 at Fri Dec 19 08:43:39 1997
Wolski requested ben folds five at Wed Jan 28 03:12:42 1998
Exodus requested rage at Wed Feb  4 10:32:53 1998
Gortex requested KoRn -- Life is Peachy at Thu Feb  5 01:08:26 1998
Maskelyne requested KoRn Life is Peachy at Tue Feb 10 00:00:07 1998
Maskelyne requested Moby Animal Rights at Tue Feb 10 00:00:26 1998
Maskelyne requested P.J. Harvey To Bring You My Love at Tue Feb 10 00:00:46 1998
Buff requested Wallflowers Bringing Down the Horse at Mon Feb 16 20:11:42 1998
Tinat requested reload at Thu Apr  2 11:01:23 1998
Tinat requested the wall at Thu Apr  2 22:03:33 1998
Mustaine requested Dream Theatre - Images and Words at Mon Apr  6 09:24:04 1998
Subotai requested korn at Sat Apr 11 23:45:36 1998
Subotai requested marilyn mason (anti christ) at Sat Apr 11 23:46:05 1998
Greeny requested Tupac (All eyez on me) at Wed Jul 15 15:43:05 1998
Emme requested pixies trompe le monde at Sun Aug  2 17:25:05 1998
Hellfire requested oasis: whats the story morning glory at Mon Aug 17 13:20:33 1998
Lotar requested smash mouth at Sun Sep  6 19:16:34 1998
Krylon requested men in black soundtrack at Fri Sep 18 08:55:02 1998
Skyfyre requested Rob Zombie Hellbilly Deluxe at Sat Mar 27 11:13:16 1999
Sephiroth requested Orgy-Candyass at Sat Jun  5 13:51:35 1999
Oceaneyes requested mighty might boss tones let's face it. at Mon Jun 28 02:00:20 1999
Homer requested Hotel California at Sat Aug 14 00:04:49 1999
Shine requested garth brooks no fences at Tue Jun 27 01:35:20 2000
Dracula requested downward spiral at Tue Jul  4 17:57:29 2000
Raynor requested Limp Bizkit-  The significant other at Wed Aug 16 15:26:31 2000
Raynor requested Korn- Issues at Wed Aug 16 15:26:51 2000
Vedder requested 14 at Fri Sep  8 13:48:52 2000
Vixinya requested a at Mon Nov 20 10:37:58 2000
Ravennight requested a at Thu Dec 14 05:08:43 2000
Reflex requested 13 c at Mon Feb 26 17:34:05 2001
Kramm requested Beatles at Wed Aug  1 16:02:36 2001
Helpme requested aerosmith at Thu Nov  1 16:18:12 2001
Krillgeta requested smashing pumpkins siamese dream at Wed Nov 14 18:39:51 2001
Helpme requested i wanna talk about me at Wed Dec  5 20:37:02 2001
Helpme requested I wanna talk about me at Wed Dec  5 20:38:46 2001
Cynthia requested nine-inch-nails pretty-hate-machine at Mon Jan 14 03:55:39 2002
Cynthia requested nine-inch-nails downward-spiral at Mon Jan 14 03:55:51 2002
Pyro requested linkin park at Sat Aug 31 15:29:10 2002
Harbringer requested Linkin Park-Reanimation at Wed Oct  9 04:26:28 2002
Hammy requested 1 at Wed Jan 15 09:34:53 2003
Firesword requested 2 at Thu May 22 14:24:31 2003
Moadeep requested wierd al food album at Thu May 22 14:26:41 2003
Gamefreak requested 6 at Tue Jul  1 18:52:32 2003
Gamefreak requested system of down at Tue Jul  1 18:52:56 2003
Eban requested Pink Floyd -- The Wall at Tue Jan 13 15:27:10 2004
Eban requested Nofx -- Punk in Drublic at Tue Jan 13 15:28:52 2004
Ynala requested 78 at Wed Oct 17 18:12:01 2012
